The following modules were not unloaded:
  (Use "module --force purge" to unload all):

  1) StdEnv
sys:1: RuntimeWarning: h5: callable: skipping callable field 'user_pre_step_actions' (<PjitFunction of <function _save_state_system at 0x149f1ceffba0>>); handle explicitly
sys:1: RuntimeWarning: h5: callable: skipping callable field 'user_post_step_actions' (<PjitFunction of <function _save_state_system at 0x149f1ceffba0>>); handle explicitly
/home/rg2248/analysis/summer-26/jam/thomson/jam2d-thomson.py:74: RuntimeWarning: h5: callable: skipping callable field '0' (<function fire.<locals>.init at 0x149d9affb100>); handle explicitly
  save(system, join(data_root, 'system.h5'))
/home/rg2248/analysis/summer-26/jam/thomson/jam2d-thomson.py:74: RuntimeWarning: h5: callable: skipping callable field '1' (<function fire.<locals>.update at 0x149d9affafc0>); handle explicitly
  save(system, join(data_root, 'system.h5'))
Initial minimization took 0 steps.
Step: 1 -  phi=0.4000000000000001, PE=4.172903134701812e-17 after 0 steps
Step: 2 -  phi=0.4010000000000001, PE=9.991984972774217e-17 after 226 steps
Step: 3 -  phi=0.4020000000000001, PE=9.985867769157461e-17 after 202 steps
Step: 4 -  phi=0.4030000000000001, PE=8.04517791755899e-17 after 221 steps
Step: 5 -  phi=0.4040000000000001, PE=3.9429793021585766e-18 after 173 steps
Step: 6 -  phi=0.4050000000000001, PE=1.036586461443639e-17 after 211 steps
Step: 7 -  phi=0.4060000000000001, PE=6.832995820962413e-17 after 199 steps
Step: 8 -  phi=0.4070000000000001, PE=1.2667190746938674e-17 after 219 steps
Step: 9 -  phi=0.4080000000000001, PE=0.0 after 199 steps
Step: 10 -  phi=0.4090000000000001, PE=3.8470791931884074e-17 after 195 steps
Step: 11 -  phi=0.4100000000000001, PE=3.5646894547615014e-17 after 207 steps
Step: 12 -  phi=0.4110000000000001, PE=2.3968264503496994e-17 after 198 steps
Step: 13 -  phi=0.4120000000000001, PE=6.199236637847903e-17 after 190 steps
Step: 14 -  phi=0.4130000000000001, PE=9.088495964058383e-17 after 184 steps
Step: 15 -  phi=0.4140000000000001, PE=8.553587799105046e-17 after 195 steps
Step: 16 -  phi=0.4150000000000001, PE=6.36420639064657e-17 after 171 steps
Step: 17 -  phi=0.4160000000000001, PE=9.858835777644796e-17 after 297 steps
Step: 18 -  phi=0.4170000000000001, PE=7.251232977287528e-17 after 200 steps
Step: 19 -  phi=0.4180000000000001, PE=4.711857502156196e-17 after 212 steps
Step: 20 -  phi=0.4190000000000001, PE=9.420431128972036e-17 after 216 steps
Step: 21 -  phi=0.4200000000000001, PE=7.727384753294313e-17 after 207 steps
Step: 22 -  phi=0.4210000000000001, PE=9.92359019379574e-17 after 233 steps
Step: 23 -  phi=0.4220000000000001, PE=3.935831481242221e-17 after 186 steps
Step: 24 -  phi=0.4230000000000001, PE=9.165899920148772e-17 after 217 steps
Step: 25 -  phi=0.4240000000000001, PE=7.691612888973037e-17 after 216 steps
Step: 26 -  phi=0.4250000000000001, PE=3.895119653875139e-17 after 203 steps
Step: 27 -  phi=0.4260000000000001, PE=2.8024281700023715e-17 after 192 steps
Step: 28 -  phi=0.4270000000000001, PE=9.97470161415176e-17 after 272 steps
Step: 29 -  phi=0.4280000000000001, PE=0.0 after 209 steps
Step: 30 -  phi=0.4290000000000001, PE=6.161446195786154e-17 after 244 steps
Step: 31 -  phi=0.4300000000000001, PE=7.68517494207396e-17 after 227 steps
Step: 32 -  phi=0.4310000000000001, PE=3.9262874605438827e-17 after 231 steps
Step: 33 -  phi=0.4320000000000001, PE=4.7940125239757156e-17 after 243 steps
Step: 34 -  phi=0.4330000000000001, PE=4.897524189119386e-18 after 222 steps
Step: 35 -  phi=0.4340000000000001, PE=8.97196691149041e-17 after 215 steps
Step: 36 -  phi=0.4350000000000001, PE=9.940979045572333e-17 after 216 steps
Step: 37 -  phi=0.4360000000000001, PE=3.573391187788772e-17 after 200 steps
Step: 38 -  phi=0.4370000000000001, PE=5.810637316728607e-17 after 207 steps
Step: 39 -  phi=0.4380000000000001, PE=8.624571104084027e-17 after 271 steps
Step: 40 -  phi=0.4390000000000001, PE=9.811233859991876e-17 after 239 steps
Step: 41 -  phi=0.4400000000000001, PE=6.191310097524483e-17 after 220 steps
Step: 42 -  phi=0.4410000000000001, PE=9.28457118535209e-17 after 216 steps
Step: 43 -  phi=0.4420000000000001, PE=9.060790885627759e-17 after 263 steps
Step: 44 -  phi=0.4430000000000001, PE=2.5244987428597648e-17 after 214 steps
Step: 45 -  phi=0.4440000000000001, PE=9.00050149123425e-17 after 244 steps
Step: 46 -  phi=0.4450000000000001, PE=6.210110704434901e-17 after 257 steps
Step: 47 -  phi=0.4460000000000001, PE=6.684478964733488e-17 after 239 steps
Step: 48 -  phi=0.4470000000000001, PE=0.0 after 241 steps
Step: 49 -  phi=0.4480000000000001, PE=9.670910879477548e-17 after 267 steps
Step: 50 -  phi=0.4490000000000001, PE=9.951747236013104e-17 after 248 steps
Step: 51 -  phi=0.4500000000000001, PE=8.076592065485286e-17 after 255 steps
Step: 52 -  phi=0.4510000000000001, PE=6.370159487989441e-17 after 245 steps
Step: 53 -  phi=0.4520000000000001, PE=0.0 after 235 steps
Step: 54 -  phi=0.4530000000000001, PE=5.998188007859616e-17 after 243 steps
Step: 55 -  phi=0.4540000000000001, PE=1.9904398077933434e-17 after 251 steps
Step: 56 -  phi=0.4550000000000001, PE=8.310141170830387e-17 after 248 steps
Step: 57 -  phi=0.4560000000000001, PE=9.191200660630473e-17 after 270 steps
Step: 58 -  phi=0.45700000000000013, PE=6.979723982401083e-17 after 247 steps
Step: 59 -  phi=0.45800000000000013, PE=9.861484657163717e-17 after 256 steps
Step: 60 -  phi=0.45900000000000013, PE=7.165235553313792e-17 after 258 steps
Step: 61 -  phi=0.46000000000000013, PE=7.325836428141082e-17 after 218 steps
Step: 62 -  phi=0.46100000000000013, PE=5.031934364104397e-17 after 237 steps
Step: 63 -  phi=0.46200000000000013, PE=9.489903353483628e-17 after 295 steps
Step: 64 -  phi=0.46300000000000013, PE=7.318493463456406e-17 after 269 steps
Step: 65 -  phi=0.46400000000000013, PE=7.028790908019681e-17 after 242 steps
Step: 66 -  phi=0.46500000000000014, PE=1.6142941727809489e-18 after 247 steps
Step: 67 -  phi=0.46600000000000014, PE=7.326162480390982e-18 after 274 steps
Step: 68 -  phi=0.46700000000000014, PE=8.881909417124156e-17 after 263 steps
Step: 69 -  phi=0.46800000000000014, PE=7.600604859841842e-17 after 270 steps
Step: 70 -  phi=0.46900000000000014, PE=9.169576515678537e-17 after 268 steps
Step: 71 -  phi=0.47000000000000014, PE=7.621061675783923e-17 after 273 steps
Step: 72 -  phi=0.47100000000000014, PE=9.544714040964513e-17 after 263 steps
Step: 73 -  phi=0.47200000000000014, PE=8.153369252891706e-17 after 275 steps
Step: 74 -  phi=0.47300000000000014, PE=1.5303111529389817e-17 after 263 steps
Step: 75 -  phi=0.47400000000000014, PE=9.893873006670608e-17 after 247 steps
Step: 76 -  phi=0.47500000000000014, PE=8.454772984076993e-17 after 252 steps
Step: 77 -  phi=0.47600000000000015, PE=5.745363541324677e-17 after 247 steps
Step: 78 -  phi=0.47700000000000015, PE=9.939640198701669e-17 after 261 steps
Step: 79 -  phi=0.47800000000000015, PE=3.956663979579878e-17 after 271 steps
Step: 80 -  phi=0.47900000000000015, PE=7.538579018593432e-17 after 258 steps
Step: 81 -  phi=0.48000000000000015, PE=9.970936657118612e-17 after 249 steps
Step: 82 -  phi=0.48100000000000015, PE=0.0 after 247 steps
Step: 83 -  phi=0.48200000000000015, PE=8.224807056743805e-17 after 265 steps
Step: 84 -  phi=0.48300000000000015, PE=6.658013541460451e-17 after 262 steps
Step: 85 -  phi=0.48400000000000015, PE=9.277488972561851e-17 after 293 steps
Step: 86 -  phi=0.48500000000000015, PE=9.210259460438935e-17 after 296 steps
Step: 87 -  phi=0.48600000000000015, PE=9.872763313315909e-17 after 285 steps
Step: 88 -  phi=0.48700000000000015, PE=8.663741441132418e-17 after 293 steps
Step: 89 -  phi=0.48800000000000016, PE=8.80234076154981e-17 after 262 steps
Step: 90 -  phi=0.48900000000000016, PE=7.464743773628432e-17 after 288 steps
Step: 91 -  phi=0.49000000000000016, PE=9.232663257343696e-17 after 283 steps
Step: 92 -  phi=0.49100000000000016, PE=5.484740766799075e-17 after 279 steps
Step: 93 -  phi=0.49200000000000016, PE=2.6276947682453608e-17 after 257 steps
Step: 94 -  phi=0.49300000000000016, PE=9.99497963520063e-17 after 296 steps
Step: 95 -  phi=0.49400000000000016, PE=8.764563899358069e-17 after 338 steps
Step: 96 -  phi=0.49500000000000016, PE=8.99669639274117e-17 after 280 steps
Step: 97 -  phi=0.49600000000000016, PE=9.562148695772585e-17 after 269 steps
Step: 98 -  phi=0.49700000000000016, PE=4.771098575900657e-17 after 242 steps
Step: 99 -  phi=0.49800000000000016, PE=8.703473922691563e-17 after 347 steps
Step: 100 -  phi=0.49900000000000017, PE=9.331664910446768e-17 after 295 steps
Step: 101 -  phi=0.5000000000000001, PE=7.664980437433546e-17 after 276 steps
Step: 102 -  phi=0.5010000000000001, PE=8.558353399538217e-17 after 276 steps
Step: 103 -  phi=0.5020000000000001, PE=6.811217266142065e-17 after 283 steps
Step: 104 -  phi=0.5030000000000001, PE=7.647278314419375e-17 after 267 steps
Step: 105 -  phi=0.5040000000000001, PE=6.94241112462631e-17 after 275 steps
Step: 106 -  phi=0.5050000000000001, PE=9.492016362419909e-17 after 276 steps
Step: 107 -  phi=0.5060000000000001, PE=8.611156639163464e-17 after 288 steps
Step: 108 -  phi=0.5070000000000001, PE=9.979567804651419e-17 after 274 steps
Step: 109 -  phi=0.5080000000000001, PE=9.607501709618486e-17 after 288 steps
Step: 110 -  phi=0.5090000000000001, PE=8.361180251684095e-17 after 310 steps
Step: 111 -  phi=0.5100000000000001, PE=9.677088949124924e-17 after 352 steps
Step: 112 -  phi=0.5110000000000001, PE=8.702190693268372e-17 after 294 steps
Step: 113 -  phi=0.5120000000000001, PE=9.715333645465046e-17 after 312 steps
Step: 114 -  phi=0.5130000000000001, PE=9.85851204551535e-17 after 304 steps
Step: 115 -  phi=0.5140000000000001, PE=9.892946881567522e-17 after 276 steps
Step: 116 -  phi=0.5150000000000001, PE=9.84569219057987e-17 after 315 steps
Step: 117 -  phi=0.5160000000000001, PE=3.3029365601836573e-17 after 325 steps
Step: 118 -  phi=0.5170000000000001, PE=4.989919255498436e-17 after 306 steps
Step: 119 -  phi=0.5180000000000001, PE=8.340589596439788e-17 after 313 steps
Step: 120 -  phi=0.5190000000000001, PE=8.217224318299295e-17 after 293 steps
Step: 121 -  phi=0.5200000000000001, PE=9.14549466542366e-17 after 351 steps
Step: 122 -  phi=0.5210000000000001, PE=9.892669860483076e-17 after 282 steps
Step: 123 -  phi=0.5220000000000001, PE=6.664206500184826e-17 after 312 steps
Step: 124 -  phi=0.5230000000000001, PE=9.636534331520903e-17 after 294 steps
Step: 125 -  phi=0.5240000000000001, PE=6.052809767178355e-17 after 307 steps
Step: 126 -  phi=0.5250000000000001, PE=9.917086121042476e-17 after 314 steps
Step: 127 -  phi=0.5260000000000001, PE=4.6933825054398937e-17 after 292 steps
Step: 128 -  phi=0.5270000000000001, PE=6.436475629205386e-17 after 332 steps
Step: 129 -  phi=0.5280000000000001, PE=6.134921356402729e-17 after 343 steps
Step: 130 -  phi=0.5290000000000001, PE=8.283956744813211e-17 after 351 steps
Step: 131 -  phi=0.5300000000000001, PE=5.930190224184368e-17 after 326 steps
Step: 132 -  phi=0.5310000000000001, PE=9.837773987502485e-17 after 353 steps
Step: 133 -  phi=0.5320000000000001, PE=5.1836291059119836e-17 after 331 steps
Step: 134 -  phi=0.5330000000000001, PE=9.455641185591964e-17 after 336 steps
Step: 135 -  phi=0.5340000000000001, PE=6.856166999990093e-17 after 358 steps
Step: 136 -  phi=0.5350000000000001, PE=8.705402205842283e-17 after 343 steps
Step: 137 -  phi=0.5360000000000001, PE=9.536016481854878e-17 after 342 steps
Step: 138 -  phi=0.5370000000000001, PE=4.438588775824074e-17 after 336 steps
Step: 139 -  phi=0.5380000000000001, PE=6.956837656683792e-17 after 350 steps
Step: 140 -  phi=0.5390000000000001, PE=9.761285147541065e-17 after 345 steps
Step: 141 -  phi=0.5400000000000001, PE=7.828772948442068e-17 after 337 steps
Step: 142 -  phi=0.5410000000000001, PE=8.552817157955974e-17 after 352 steps
Step: 143 -  phi=0.5420000000000001, PE=9.171924547099832e-17 after 393 steps
Step: 144 -  phi=0.5430000000000001, PE=8.018660771752755e-17 after 365 steps
Step: 145 -  phi=0.5440000000000002, PE=8.364977947705229e-17 after 377 steps
Step: 146 -  phi=0.5450000000000002, PE=9.786848387088305e-17 after 381 steps
Step: 147 -  phi=0.5460000000000002, PE=8.627084957664071e-17 after 345 steps
Step: 148 -  phi=0.5470000000000002, PE=7.905753551818965e-17 after 381 steps
Step: 149 -  phi=0.5480000000000002, PE=9.761007688982756e-17 after 365 steps
Step: 150 -  phi=0.5490000000000002, PE=9.577616997441604e-17 after 363 steps
Step: 151 -  phi=0.5500000000000002, PE=8.173142778411454e-17 after 367 steps
Step: 152 -  phi=0.5510000000000002, PE=8.459955208069879e-17 after 351 steps
Step: 153 -  phi=0.5520000000000002, PE=8.940959774574162e-17 after 345 steps
Step: 154 -  phi=0.5530000000000002, PE=9.787316113677535e-17 after 369 steps
Step: 155 -  phi=0.5540000000000002, PE=9.674331457320498e-17 after 353 steps
Step: 156 -  phi=0.5550000000000002, PE=9.680430722436908e-17 after 365 steps
Step: 157 -  phi=0.5560000000000002, PE=9.884608606754133e-17 after 359 steps
Step: 158 -  phi=0.5570000000000002, PE=7.791211483102648e-17 after 376 steps
Step: 159 -  phi=0.5580000000000002, PE=8.703703427094201e-17 after 355 steps
Step: 160 -  phi=0.5590000000000002, PE=6.722096882801474e-17 after 390 steps
Step: 161 -  phi=0.5600000000000002, PE=9.365474638708073e-17 after 391 steps
Step: 162 -  phi=0.5610000000000002, PE=9.11203518775363e-17 after 402 steps
Step: 163 -  phi=0.5620000000000002, PE=7.502534231075965e-17 after 380 steps
Step: 164 -  phi=0.5630000000000002, PE=9.666812881956063e-17 after 410 steps
Step: 165 -  phi=0.5640000000000002, PE=9.034998216556605e-17 after 380 steps
Step: 166 -  phi=0.5650000000000002, PE=9.309987952572845e-17 after 363 steps
Step: 167 -  phi=0.5660000000000002, PE=9.490067034801817e-17 after 378 steps
Step: 168 -  phi=0.5670000000000002, PE=7.5798878624231e-17 after 374 steps
Step: 169 -  phi=0.5680000000000002, PE=9.587336892025424e-17 after 526 steps
Step: 170 -  phi=0.5690000000000002, PE=8.667404812851605e-17 after 373 steps
Step: 171 -  phi=0.5700000000000002, PE=7.929685871740281e-17 after 397 steps
Step: 172 -  phi=0.5710000000000002, PE=9.711907735578222e-17 after 389 steps
Step: 173 -  phi=0.5720000000000002, PE=6.425886216105629e-17 after 374 steps
Step: 174 -  phi=0.5730000000000002, PE=8.212572283545341e-17 after 408 steps
Step: 175 -  phi=0.5740000000000002, PE=9.986308644398614e-17 after 393 steps
Step: 176 -  phi=0.5750000000000002, PE=8.85131454835648e-17 after 403 steps
Step: 177 -  phi=0.5760000000000002, PE=8.365248685785789e-17 after 391 steps
Step: 178 -  phi=0.5770000000000002, PE=9.451778232995139e-17 after 401 steps
Step: 179 -  phi=0.5780000000000002, PE=9.519458396259952e-17 after 363 steps
Step: 180 -  phi=0.5790000000000002, PE=8.449735513848706e-17 after 393 steps
Step: 181 -  phi=0.5800000000000002, PE=9.840292990536568e-17 after 366 steps
Step: 182 -  phi=0.5810000000000002, PE=9.986658357674859e-17 after 339 steps
Step: 183 -  phi=0.5820000000000002, PE=8.32742242548988e-17 after 356 steps
Step: 184 -  phi=0.5830000000000002, PE=8.437798169222386e-17 after 362 steps
Step: 185 -  phi=0.5840000000000002, PE=7.414264165948509e-17 after 361 steps
Step: 186 -  phi=0.5850000000000002, PE=8.966885162627526e-17 after 347 steps
Step: 187 -  phi=0.5860000000000002, PE=7.774258473913203e-17 after 366 steps
Step: 188 -  phi=0.5870000000000002, PE=4.653752199034649e-17 after 375 steps
Step: 189 -  phi=0.5880000000000002, PE=5.700416686386537e-17 after 347 steps
Step: 190 -  phi=0.5890000000000002, PE=3.661272705799363e-17 after 335 steps
Step: 191 -  phi=0.5900000000000002, PE=8.37731954190158e-17 after 342 steps
Step: 192 -  phi=0.5910000000000002, PE=6.45840183835659e-17 after 336 steps
Step: 193 -  phi=0.5920000000000002, PE=9.094427826922942e-17 after 339 steps
Step: 194 -  phi=0.5930000000000002, PE=9.910494328557146e-17 after 364 steps
Step: 195 -  phi=0.5940000000000002, PE=9.987846926140868e-17 after 345 steps
Step: 196 -  phi=0.5950000000000002, PE=9.589764018419758e-17 after 361 steps
Step: 197 -  phi=0.5960000000000002, PE=9.196726397285644e-17 after 347 steps
Step: 198 -  phi=0.5970000000000002, PE=9.695852346124856e-17 after 376 steps
Step: 199 -  phi=0.5980000000000002, PE=9.941592978372299e-17 after 366 steps
Step: 200 -  phi=0.5990000000000002, PE=9.979153518824358e-17 after 386 steps
Step: 201 -  phi=0.6000000000000002, PE=9.384753003839718e-17 after 397 steps
Step: 202 -  phi=0.6010000000000002, PE=9.82352389178198e-17 after 377 steps
Step: 203 -  phi=0.6020000000000002, PE=8.618396089261839e-17 after 372 steps
Step: 204 -  phi=0.6030000000000002, PE=8.390951223715286e-17 after 385 steps
Step: 205 -  phi=0.6040000000000002, PE=8.559839832603819e-17 after 368 steps
Step: 206 -  phi=0.6050000000000002, PE=5.14308276439103e-17 after 376 steps
Step: 207 -  phi=0.6060000000000002, PE=7.608380654142509e-17 after 357 steps
Step: 208 -  phi=0.6070000000000002, PE=7.106251348549779e-17 after 372 steps
Step: 209 -  phi=0.6080000000000002, PE=8.440104104401928e-17 after 366 steps
Step: 210 -  phi=0.6090000000000002, PE=7.117685273985318e-17 after 338 steps
Step: 211 -  phi=0.6100000000000002, PE=9.864379706595959e-17 after 347 steps
Step: 212 -  phi=0.6110000000000002, PE=7.714032109577583e-17 after 351 steps
Step: 213 -  phi=0.6120000000000002, PE=7.981899354585152e-17 after 344 steps
Step: 214 -  phi=0.6130000000000002, PE=7.803902409692957e-17 after 358 steps
Step: 215 -  phi=0.6140000000000002, PE=9.709585553979704e-17 after 342 steps
Step: 216 -  phi=0.6150000000000002, PE=9.774924443904913e-17 after 372 steps
Step: 217 -  phi=0.6160000000000002, PE=5.576438710500266e-17 after 369 steps
Step: 218 -  phi=0.6170000000000002, PE=9.361474251758543e-17 after 435 steps
Step: 219 -  phi=0.6180000000000002, PE=9.863870027085545e-17 after 457 steps
Step: 220 -  phi=0.6190000000000002, PE=9.754974437677894e-17 after 410 steps
Step: 221 -  phi=0.6200000000000002, PE=9.811198147605816e-17 after 409 steps
Step: 222 -  phi=0.6210000000000002, PE=9.826351217459644e-17 after 456 steps
Step: 223 -  phi=0.6220000000000002, PE=8.003719662685509e-17 after 401 steps
Step: 224 -  phi=0.6230000000000002, PE=8.866642268725832e-17 after 395 steps
Step: 225 -  phi=0.6240000000000002, PE=6.321037081431368e-17 after 435 steps
Step: 226 -  phi=0.6250000000000002, PE=9.030681051343181e-17 after 455 steps
Step: 227 -  phi=0.6260000000000002, PE=9.246945408330037e-17 after 441 steps
Step: 228 -  phi=0.6270000000000002, PE=9.632211397251823e-17 after 714 steps
Step: 229 -  phi=0.6280000000000002, PE=9.996848947479426e-17 after 453 steps
Step: 230 -  phi=0.6290000000000002, PE=8.171123390419481e-17 after 451 steps
Step: 231 -  phi=0.6300000000000002, PE=8.089802759153274e-17 after 499 steps
Step: 232 -  phi=0.6310000000000002, PE=7.172143326220826e-17 after 466 steps
Step: 233 -  phi=0.6320000000000002, PE=9.672217062317082e-17 after 617 steps
Step: 234 -  phi=0.6330000000000002, PE=8.063478028367789e-17 after 444 steps
Step: 235 -  phi=0.6340000000000002, PE=7.778406113152861e-17 after 450 steps
Step: 236 -  phi=0.6350000000000002, PE=8.793815235330973e-17 after 477 steps
Step: 237 -  phi=0.6360000000000002, PE=8.836516672366925e-17 after 501 steps
Step: 238 -  phi=0.6370000000000002, PE=9.249336361411563e-17 after 506 steps
Step: 239 -  phi=0.6380000000000002, PE=8.588186726714829e-17 after 476 steps
Step: 240 -  phi=0.6390000000000002, PE=9.034268856783798e-17 after 471 steps
Step: 241 -  phi=0.6400000000000002, PE=9.440451802499713e-17 after 506 steps
Step: 242 -  phi=0.6410000000000002, PE=9.10794489299391e-17 after 491 steps
Step: 243 -  phi=0.6420000000000002, PE=8.460669332425218e-17 after 497 steps
Step: 244 -  phi=0.6430000000000002, PE=7.955813613365535e-17 after 488 steps
Step: 245 -  phi=0.6440000000000002, PE=9.952703439571559e-17 after 711 steps
Step: 246 -  phi=0.6450000000000002, PE=9.46032749520914e-17 after 530 steps
Step: 247 -  phi=0.6460000000000002, PE=8.582213823845494e-17 after 512 steps
Step: 248 -  phi=0.6470000000000002, PE=9.384765335072438e-17 after 512 steps
Step: 249 -  phi=0.6480000000000002, PE=9.901696411501533e-17 after 560 steps
Step: 250 -  phi=0.6490000000000002, PE=2.5614478057680105e-17 after 503 steps
Step: 251 -  phi=0.6500000000000002, PE=9.477609924058853e-17 after 567 steps
Step: 252 -  phi=0.6510000000000002, PE=9.790394655136466e-17 after 597 steps
Step: 253 -  phi=0.6520000000000002, PE=7.762660916387713e-17 after 527 steps
Step: 254 -  phi=0.6530000000000002, PE=9.599315301634867e-17 after 482 steps
Step: 255 -  phi=0.6540000000000002, PE=9.405165233696218e-17 after 518 steps
Step: 256 -  phi=0.6550000000000002, PE=9.751573145585978e-17 after 532 steps
Step: 257 -  phi=0.6560000000000002, PE=8.768550015911468e-17 after 673 steps
Step: 258 -  phi=0.6570000000000003, PE=7.648125551316145e-17 after 601 steps
Step: 259 -  phi=0.6580000000000003, PE=7.456540991768198e-17 after 555 steps
Step: 260 -  phi=0.6590000000000003, PE=9.690335183594586e-17 after 622 steps
Step: 261 -  phi=0.6600000000000003, PE=8.947734329845942e-17 after 552 steps
Step: 262 -  phi=0.6610000000000003, PE=9.7959559403259e-17 after 650 steps
Step: 263 -  phi=0.6620000000000003, PE=9.494455728966094e-17 after 776 steps
Step: 264 -  phi=0.6630000000000003, PE=8.548348985350964e-17 after 548 steps
Step: 265 -  phi=0.6640000000000003, PE=9.371463343333748e-17 after 701 steps
Step: 266 -  phi=0.6650000000000003, PE=9.111120054116984e-17 after 657 steps
Step: 267 -  phi=0.6660000000000003, PE=9.739049711044816e-17 after 640 steps
Step: 268 -  phi=0.6670000000000003, PE=8.886526599632049e-17 after 523 steps
Step: 269 -  phi=0.6680000000000003, PE=8.422526333301868e-17 after 585 steps
Step: 270 -  phi=0.6690000000000003, PE=8.828789504582336e-17 after 628 steps
Step: 271 -  phi=0.6700000000000003, PE=9.008626532073575e-17 after 705 steps
Step: 272 -  phi=0.6710000000000003, PE=9.524673458286673e-17 after 720 steps
Step: 273 -  phi=0.6720000000000003, PE=9.212079445341319e-17 after 686 steps
Step: 274 -  phi=0.6730000000000003, PE=8.889469162596491e-17 after 568 steps
Step: 275 -  phi=0.6740000000000003, PE=9.554341086460902e-17 after 556 steps
Step: 276 -  phi=0.6750000000000003, PE=9.293003731874812e-17 after 576 steps
Step: 277 -  phi=0.6760000000000003, PE=8.503852262819042e-17 after 630 steps
Step: 278 -  phi=0.6770000000000003, PE=9.29774790761215e-17 after 655 steps
Step: 279 -  phi=0.6780000000000003, PE=9.720762980384303e-17 after 585 steps
Step: 280 -  phi=0.6790000000000003, PE=7.545577750332853e-17 after 564 steps
Step: 281 -  phi=0.6800000000000003, PE=8.055936640533694e-17 after 597 steps
Step: 282 -  phi=0.6810000000000003, PE=9.513433909491342e-17 after 653 steps
Step: 283 -  phi=0.6820000000000003, PE=7.503371461385591e-17 after 597 steps
Step: 284 -  phi=0.6830000000000003, PE=7.845783414170374e-17 after 602 steps
Step: 285 -  phi=0.6840000000000003, PE=9.062121298800838e-17 after 745 steps
Step: 286 -  phi=0.6850000000000003, PE=9.391410602332656e-17 after 565 steps
Step: 287 -  phi=0.6860000000000003, PE=8.955131187336666e-17 after 744 steps
Step: 288 -  phi=0.6870000000000003, PE=6.695878082910372e-17 after 627 steps
Step: 289 -  phi=0.6880000000000003, PE=9.070441935709529e-17 after 725 steps
Step: 290 -  phi=0.6890000000000003, PE=9.915403015344516e-17 after 688 steps
Step: 291 -  phi=0.6900000000000003, PE=9.847183352623515e-17 after 677 steps
Step: 292 -  phi=0.6910000000000003, PE=9.987811086879898e-17 after 683 steps
Step: 293 -  phi=0.6920000000000003, PE=9.659270168662495e-17 after 652 steps
Step: 294 -  phi=0.6930000000000003, PE=9.34935345332361e-17 after 743 steps
Step: 295 -  phi=0.6940000000000003, PE=9.68302708246748e-17 after 684 steps
Step: 296 -  phi=0.6950000000000003, PE=7.04313608396161e-17 after 629 steps
Step: 297 -  phi=0.6960000000000003, PE=8.861992054684394e-17 after 575 steps
Step: 298 -  phi=0.6970000000000003, PE=9.526646912596403e-17 after 651 steps
Step: 299 -  phi=0.6980000000000003, PE=9.227624243204078e-17 after 697 steps
Step: 300 -  phi=0.6990000000000003, PE=9.26334197122933e-17 after 715 steps
Step: 301 -  phi=0.7000000000000003, PE=9.30349921064992e-17 after 625 steps
Step: 302 -  phi=0.7010000000000003, PE=8.892611079504657e-17 after 636 steps
Step: 303 -  phi=0.7020000000000003, PE=9.227271739546662e-17 after 847 steps
Step: 304 -  phi=0.7030000000000003, PE=9.858393333465629e-17 after 532 steps
Step: 305 -  phi=0.7040000000000003, PE=9.899525279652206e-17 after 619 steps
Step: 306 -  phi=0.7050000000000003, PE=9.736601609087288e-17 after 787 steps
Step: 307 -  phi=0.7060000000000003, PE=8.78360314405516e-17 after 580 steps
Step: 308 -  phi=0.7070000000000003, PE=9.303863279640776e-17 after 570 steps
Step: 309 -  phi=0.7080000000000003, PE=9.601807155429933e-17 after 538 steps
Step: 310 -  phi=0.7090000000000003, PE=6.949085011873476e-17 after 641 steps
Step: 311 -  phi=0.7100000000000003, PE=9.844816007051814e-17 after 666 steps
Step: 312 -  phi=0.7110000000000003, PE=9.558805495634374e-17 after 701 steps
Step: 313 -  phi=0.7120000000000003, PE=9.295198449002524e-17 after 708 steps
Step: 314 -  phi=0.7130000000000003, PE=9.37038641611312e-17 after 894 steps
Step: 315 -  phi=0.7140000000000003, PE=9.939222186404206e-17 after 765 steps
Step: 316 -  phi=0.7150000000000003, PE=9.886647930218716e-17 after 827 steps
Step: 317 -  phi=0.7160000000000003, PE=9.911123431023251e-17 after 981 steps
Step: 318 -  phi=0.7170000000000003, PE=9.058350668004227e-17 after 798 steps
Step: 319 -  phi=0.7180000000000003, PE=9.643290459729378e-17 after 1172 steps
Step: 320 -  phi=0.7190000000000003, PE=9.937749525933157e-17 after 1667 steps
Step: 321 -  phi=0.7200000000000003, PE=9.640894707875161e-17 after 1193 steps
Step: 322 -  phi=0.7210000000000003, PE=9.995051118981574e-17 after 1152 steps
Step: 323 -  phi=0.7220000000000003, PE=9.303497062012286e-17 after 854 steps
Step: 324 -  phi=0.7230000000000003, PE=9.70573108091081e-17 after 1147 steps
Step: 325 -  phi=0.7240000000000003, PE=9.644441399750171e-17 after 1137 steps
Step: 326 -  phi=0.7250000000000003, PE=9.593110871578264e-17 after 1002 steps
Step: 327 -  phi=0.7260000000000003, PE=9.911635257678206e-17 after 1386 steps
Step: 328 -  phi=0.7270000000000003, PE=9.287916085143249e-17 after 1572 steps
Step: 329 -  phi=0.7280000000000003, PE=9.7312451633401e-17 after 1036 steps
Step: 330 -  phi=0.7290000000000003, PE=9.106071991748975e-17 after 952 steps
Step: 331 -  phi=0.7300000000000003, PE=9.730220366588536e-17 after 798 steps
Step: 332 -  phi=0.7310000000000003, PE=9.766579041625089e-17 after 1046 steps
Step: 333 -  phi=0.7320000000000003, PE=9.995133897317402e-17 after 1275 steps
Step: 334 -  phi=0.7330000000000003, PE=9.49210574350975e-17 after 1121 steps
Step: 335 -  phi=0.7340000000000003, PE=9.947092948038962e-17 after 1122 steps
Step: 336 -  phi=0.7350000000000003, PE=9.83239791112883e-17 after 1525 steps
Step: 337 -  phi=0.7360000000000003, PE=9.240279647434277e-17 after 1376 steps
Step: 338 -  phi=0.7370000000000003, PE=9.575838985863543e-17 after 1435 steps
Step: 339 -  phi=0.7380000000000003, PE=9.790583610361805e-17 after 2029 steps
Step: 340 -  phi=0.7390000000000003, PE=9.99402115396367e-17 after 1772 steps
Step: 341 -  phi=0.7400000000000003, PE=9.785451225313011e-17 after 1921 steps
Step: 342 -  phi=0.7410000000000003, PE=9.907907188218723e-17 after 1866 steps
Step: 343 -  phi=0.7420000000000003, PE=9.926646124375475e-17 after 1188 steps
Step: 344 -  phi=0.7430000000000003, PE=9.772545591728484e-17 after 1541 steps
Step: 345 -  phi=0.7440000000000003, PE=9.794607763923519e-17 after 1851 steps
Step: 346 -  phi=0.7450000000000003, PE=9.959774915364794e-17 after 2143 steps
Step: 347 -  phi=0.7460000000000003, PE=9.760027766506506e-17 after 1523 steps
Step: 348 -  phi=0.7470000000000003, PE=8.647207404000815e-17 after 1267 steps
Step: 349 -  phi=0.7480000000000003, PE=9.82043517401106e-17 after 2795 steps
Step: 350 -  phi=0.7490000000000003, PE=9.951727822747631e-17 after 3139 steps
Step: 351 -  phi=0.7500000000000003, PE=9.840649179636315e-17 after 2377 steps
Step: 352 -  phi=0.7510000000000003, PE=9.871802953785485e-17 after 3933 steps
Step: 353 -  phi=0.7520000000000003, PE=9.87616951580481e-17 after 2598 steps
Step: 354 -  phi=0.7530000000000003, PE=9.983415406132518e-17 after 7107 steps
Step: 355 -  phi=0.7540000000000003, PE=9.947621226333755e-17 after 4134 steps
Step: 356 -  phi=0.7550000000000003, PE=9.988903964283235e-17 after 8433 steps
Step: 357 -  phi=0.7560000000000003, PE=9.87401583548268e-17 after 3440 steps
Step: 358 -  phi=0.7570000000000003, PE=9.927434099936275e-17 after 3750 steps
Step: 359 -  phi=0.7580000000000003, PE=9.988070146400079e-17 after 4803 steps
Step: 360 -  phi=0.7590000000000003, PE=9.842386533334359e-17 after 4117 steps
Step: 361 -  phi=0.7600000000000003, PE=9.915269329864987e-17 after 3951 steps
Step: 362 -  phi=0.7610000000000003, PE=9.931503405564434e-17 after 7846 steps
Step: 363 -  phi=0.7620000000000003, PE=9.972267214733901e-17 after 6958 steps
Step: 364 -  phi=0.7630000000000003, PE=9.954575947758838e-17 after 14076 steps
Step: 365 -  phi=0.7640000000000003, PE=9.972654532085383e-17 after 9503 steps
Step: 366 -  phi=0.7650000000000003, PE=9.947917578364275e-17 after 7486 steps
Step: 367 -  phi=0.7660000000000003, PE=9.999404027802149e-17 after 19575 steps
Step: 368 -  phi=0.7670000000000003, PE=9.989143176725822e-17 after 11454 steps
Step: 369 -  phi=0.7680000000000003, PE=9.987674737446454e-17 after 12664 steps
Step: 370 -  phi=0.7690000000000003, PE=9.968873303891219e-17 after 15143 steps
Step: 371 -  phi=0.7700000000000004, PE=9.963861621393004e-17 after 14630 steps
Step: 372 -  phi=0.7710000000000004, PE=9.993737752304714e-17 after 18718 steps
Step: 373 -  phi=0.7720000000000004, PE=9.996739126287436e-17 after 88375 steps
Step: 374 -  phi=0.7730000000000004, PE=1.7066678908228383e-09 after 47276 steps
Step: 375 -  phi=0.7725000000000004, PE=9.999719931518053e-17 after 185245 steps
Step: 376 -  phi=0.7727500000000004, PE=1.0281288652458228e-09 after 31081 steps
Step: 377 -  phi=0.7726250000000003, PE=1.6368094805856323e-10 after 97558 steps
Step: 378 -  phi=0.7725625000000004, PE=1.7453684350138744e-11 after 261702 steps
Step: 379 -  phi=0.7725312500000003, PE=7.144797678745946e-12 after 132607 steps
Step: 380 -  phi=0.7725156250000004, PE=9.996951553670157e-17 after 304447 steps
Step: 381 -  phi=0.7725234375000003, PE=9.998384511897952e-17 after 125435 steps
Step: 382 -  phi=0.7725273437500003, PE=9.999327379429654e-17 after 326915 steps
Step: 383 -  phi=0.7725292968750004, PE=9.99770757486931e-17 after 203903 steps
Step: 384 -  phi=0.7725302734375004, PE=2.6872950931184143e-15 after 1000000 steps
Step: 385 -  phi=0.7725297851562504, PE=9.99962433345107e-17 after 611442 steps
Step: 386 -  phi=0.7725300292968753, PE=3.7530924256616735e-16 after 1000000 steps
Step: 387 -  phi=0.7725299072265628, PE=9.999841549284161e-17 after 82362 steps
Step: 388 -  phi=0.772529968261719, PE=1.2669353966224348e-16 after 1000000 steps
Step: 389 -  phi=0.7725299377441409, PE=9.999921491033083e-17 after 50571 steps
Step: 390 -  phi=0.7725299530029299, PE=9.999901393722518e-17 after 140387 steps
Step: 391 -  phi=0.7725299606323245, PE=1.0488054764716297e-16 after 1000000 steps
Step: 392 -  phi=0.7725299568176272, PE=9.999995114714059e-17 after 79940 steps
Step: 393 -  phi=0.7725299587249759, PE=9.999995647119833e-17 after 192864 steps
Step: 394 -  phi=0.7725299596786501, PE=1.0229869233998592e-16 after 1000000 steps
Step: 395 -  phi=0.772529959201813, PE=1.0101982916992843e-16 after 1000000 steps
Step: 396 -  phi=0.7725299589633945, PE=1.0038341399587271e-16 after 1000000 steps
Step: 397 -  phi=0.7725299588441852, PE=1.0006596048738533e-16 after 1000000 steps
Step: 398 -  phi=0.7725299587845805, PE=9.999999400385842e-17 after 16292 steps
Jammed: phi = 0.772530, residual PE = 1.001e-16
