The following modules were not unloaded:
  (Use "module --force purge" to unload all):

  1) StdEnv
sys:1: RuntimeWarning: h5: callable: skipping callable field 'user_pre_step_actions' (<PjitFunction of <function _save_state_system at 0x14ed984f3ba0>>); handle explicitly
sys:1: RuntimeWarning: h5: callable: skipping callable field 'user_post_step_actions' (<PjitFunction of <function _save_state_system at 0x14ed984f3ba0>>); handle explicitly
/home/rg2248/analysis/summer-26/jam/thomson/jam2d-thomson.py:74: RuntimeWarning: h5: callable: skipping callable field '0' (<function fire.<locals>.init at 0x14ec61fd7100>); handle explicitly
  save(system, join(data_root, 'system.h5'))
/home/rg2248/analysis/summer-26/jam/thomson/jam2d-thomson.py:74: RuntimeWarning: h5: callable: skipping callable field '1' (<function fire.<locals>.update at 0x14ec61fd6fc0>); handle explicitly
  save(system, join(data_root, 'system.h5'))
Initial minimization took 0 steps.
Step: 1 -  phi=0.39999999999999997, PE=2.725695563482879e-17 after 0 steps
Step: 2 -  phi=0.40099999999999997, PE=2.3540373366537145e-17 after 79 steps
Step: 3 -  phi=0.40199999999999997, PE=7.292904239658926e-17 after 161 steps
Step: 4 -  phi=0.40299999999999997, PE=4.0265711239173834e-17 after 122 steps
Step: 5 -  phi=0.40399999999999997, PE=0.0 after 120 steps
Step: 6 -  phi=0.40499999999999997, PE=9.34389129135342e-17 after 132 steps
Step: 7 -  phi=0.40599999999999997, PE=9.719952465910683e-18 after 139 steps
Step: 8 -  phi=0.407, PE=0.0 after 120 steps
Step: 9 -  phi=0.408, PE=0.0 after 141 steps
Step: 10 -  phi=0.409, PE=2.9057773280385764e-17 after 120 steps
Step: 11 -  phi=0.41, PE=7.671647921851172e-17 after 147 steps
Step: 12 -  phi=0.411, PE=9.786987719662545e-17 after 185 steps
Step: 13 -  phi=0.412, PE=7.728559619326054e-17 after 186 steps
Step: 14 -  phi=0.413, PE=8.464158463887159e-17 after 173 steps
Step: 15 -  phi=0.414, PE=9.718660969497128e-17 after 157 steps
Step: 16 -  phi=0.415, PE=0.0 after 151 steps
Step: 17 -  phi=0.416, PE=8.039517784367724e-17 after 175 steps
Step: 18 -  phi=0.417, PE=8.001723061690103e-17 after 163 steps
Step: 19 -  phi=0.418, PE=6.254810585670036e-17 after 171 steps
Step: 20 -  phi=0.419, PE=1.4634164890711453e-17 after 165 steps
Step: 21 -  phi=0.42, PE=0.0 after 134 steps
Step: 22 -  phi=0.421, PE=5.902491798472854e-17 after 148 steps
Step: 23 -  phi=0.422, PE=9.579898793118629e-17 after 167 steps
Step: 24 -  phi=0.423, PE=4.160608838528733e-18 after 150 steps
Step: 25 -  phi=0.424, PE=0.0 after 154 steps
Step: 26 -  phi=0.425, PE=7.350617847635418e-18 after 155 steps
Step: 27 -  phi=0.426, PE=8.609736174798955e-17 after 150 steps
Step: 28 -  phi=0.427, PE=0.0 after 142 steps
Step: 29 -  phi=0.428, PE=8.771436433868443e-17 after 138 steps
Step: 30 -  phi=0.429, PE=0.0 after 153 steps
Step: 31 -  phi=0.43, PE=1.442881070465721e-17 after 155 steps
Step: 32 -  phi=0.431, PE=9.014676887690026e-17 after 203 steps
Step: 33 -  phi=0.432, PE=1.4948949250352525e-17 after 147 steps
Step: 34 -  phi=0.433, PE=1.6393360978503762e-17 after 154 steps
Step: 35 -  phi=0.434, PE=5.746228588857754e-17 after 156 steps
Step: 36 -  phi=0.435, PE=7.644924934683305e-17 after 172 steps
Step: 37 -  phi=0.436, PE=6.187189282987223e-17 after 160 steps
Step: 38 -  phi=0.437, PE=0.0 after 134 steps
Step: 39 -  phi=0.438, PE=0.0 after 145 steps
Step: 40 -  phi=0.439, PE=3.396930046804851e-17 after 146 steps
Step: 41 -  phi=0.44, PE=5.1772663911895066e-17 after 152 steps
Step: 42 -  phi=0.441, PE=5.0761287420520415e-17 after 184 steps
Step: 43 -  phi=0.442, PE=8.915959360142463e-17 after 258 steps
Step: 44 -  phi=0.443, PE=0.0 after 141 steps
Step: 45 -  phi=0.444, PE=0.0 after 162 steps
Step: 46 -  phi=0.445, PE=1.417808418455936e-17 after 171 steps
Step: 47 -  phi=0.446, PE=8.615170120493562e-17 after 219 steps
Step: 48 -  phi=0.447, PE=0.0 after 170 steps
Step: 49 -  phi=0.448, PE=1.3337802895335801e-18 after 169 steps
Step: 50 -  phi=0.449, PE=9.788660473225389e-17 after 204 steps
Step: 51 -  phi=0.45, PE=5.815741844615337e-17 after 223 steps
Step: 52 -  phi=0.451, PE=9.459837671666324e-17 after 241 steps
Step: 53 -  phi=0.452, PE=9.552793287084054e-17 after 176 steps
Step: 54 -  phi=0.453, PE=9.428113153533047e-17 after 222 steps
Step: 55 -  phi=0.454, PE=8.775600609310427e-17 after 212 steps
Step: 56 -  phi=0.455, PE=2.1322198204273926e-17 after 166 steps
Step: 57 -  phi=0.456, PE=6.949272666314049e-17 after 167 steps
Step: 58 -  phi=0.457, PE=8.587178816153552e-17 after 190 steps
Step: 59 -  phi=0.458, PE=0.0 after 169 steps
Step: 60 -  phi=0.459, PE=9.866025847143072e-17 after 193 steps
Step: 61 -  phi=0.46, PE=3.052233079445013e-17 after 173 steps
Step: 62 -  phi=0.461, PE=3.8477528958636367e-17 after 148 steps
Step: 63 -  phi=0.462, PE=9.287581348701703e-17 after 150 steps
Step: 64 -  phi=0.463, PE=1.0595654543551052e-17 after 170 steps
Step: 65 -  phi=0.464, PE=3.4828676443435666e-17 after 169 steps
Step: 66 -  phi=0.465, PE=7.683381230308073e-17 after 150 steps
Step: 67 -  phi=0.466, PE=5.089777362324095e-17 after 167 steps
Step: 68 -  phi=0.467, PE=8.82379610198073e-17 after 150 steps
Step: 69 -  phi=0.468, PE=9.755816115393247e-17 after 182 steps
Step: 70 -  phi=0.46900000000000003, PE=9.104459173507725e-17 after 161 steps
Step: 71 -  phi=0.47000000000000003, PE=6.810714109052702e-17 after 172 steps
Step: 72 -  phi=0.47100000000000003, PE=8.691509783759199e-17 after 172 steps
Step: 73 -  phi=0.47200000000000003, PE=9.597136615139591e-17 after 192 steps
Step: 74 -  phi=0.47300000000000003, PE=7.456703386449876e-17 after 175 steps
Step: 75 -  phi=0.47400000000000003, PE=7.118938922863987e-17 after 179 steps
Step: 76 -  phi=0.47500000000000003, PE=8.382994515757384e-17 after 179 steps
Step: 77 -  phi=0.47600000000000003, PE=9.773356969557485e-17 after 195 steps
Step: 78 -  phi=0.47700000000000004, PE=9.653256324132609e-17 after 176 steps
Step: 79 -  phi=0.47800000000000004, PE=0.0 after 163 steps
Step: 80 -  phi=0.47900000000000004, PE=2.3751490982284777e-17 after 174 steps
Step: 81 -  phi=0.48000000000000004, PE=5.704746026828534e-17 after 170 steps
Step: 82 -  phi=0.48100000000000004, PE=6.445824928119079e-17 after 176 steps
Step: 83 -  phi=0.48200000000000004, PE=4.346101252939041e-18 after 165 steps
Step: 84 -  phi=0.48300000000000004, PE=9.216867982509687e-17 after 202 steps
Step: 85 -  phi=0.48400000000000004, PE=5.843404823068749e-17 after 180 steps
Step: 86 -  phi=0.48500000000000004, PE=7.723217124133747e-17 after 196 steps
Step: 87 -  phi=0.48600000000000004, PE=7.883304179231373e-17 after 188 steps
Step: 88 -  phi=0.48700000000000004, PE=8.121374046257684e-17 after 218 steps
Step: 89 -  phi=0.48800000000000004, PE=5.0553086345821685e-17 after 186 steps
Step: 90 -  phi=0.48900000000000005, PE=8.71101303584405e-17 after 182 steps
Step: 91 -  phi=0.49000000000000005, PE=7.862442923995396e-17 after 186 steps
Step: 92 -  phi=0.49100000000000005, PE=4.692334480501425e-17 after 186 steps
Step: 93 -  phi=0.49200000000000005, PE=6.013990556761152e-20 after 173 steps
Step: 94 -  phi=0.49300000000000005, PE=0.0 after 181 steps
Step: 95 -  phi=0.49400000000000005, PE=1.1367928777368433e-17 after 186 steps
Step: 96 -  phi=0.49500000000000005, PE=6.736094431146185e-17 after 173 steps
Step: 97 -  phi=0.49600000000000005, PE=8.481228404353711e-17 after 182 steps
Step: 98 -  phi=0.49700000000000005, PE=2.65084559049803e-19 after 178 steps
Step: 99 -  phi=0.49800000000000005, PE=4.786879019810444e-17 after 172 steps
Step: 100 -  phi=0.49900000000000005, PE=0.0 after 173 steps
Step: 101 -  phi=0.5, PE=8.821409555324952e-17 after 200 steps
Step: 102 -  phi=0.501, PE=7.986648166625119e-17 after 192 steps
Step: 103 -  phi=0.502, PE=6.296706300490525e-17 after 167 steps
Step: 104 -  phi=0.503, PE=4.5449993148296997e-17 after 181 steps
Step: 105 -  phi=0.504, PE=6.056368614193397e-18 after 187 steps
Step: 106 -  phi=0.505, PE=0.0 after 175 steps
Step: 107 -  phi=0.506, PE=0.0 after 174 steps
Step: 108 -  phi=0.507, PE=8.647628218280842e-17 after 195 steps
Step: 109 -  phi=0.508, PE=8.841391405637803e-17 after 173 steps
Step: 110 -  phi=0.509, PE=5.543583848357164e-17 after 184 steps
Step: 111 -  phi=0.51, PE=6.788144440957244e-17 after 183 steps
Step: 112 -  phi=0.511, PE=3.5690172318554066e-17 after 195 steps
Step: 113 -  phi=0.512, PE=9.241215114323324e-17 after 207 steps
Step: 114 -  phi=0.513, PE=8.660655148755938e-17 after 175 steps
Step: 115 -  phi=0.514, PE=9.235337924128631e-17 after 169 steps
Step: 116 -  phi=0.515, PE=5.1330574245994965e-17 after 192 steps
Step: 117 -  phi=0.516, PE=5.209851769807554e-17 after 192 steps
Step: 118 -  phi=0.517, PE=9.646808091142248e-17 after 208 steps
Step: 119 -  phi=0.518, PE=9.544540635267948e-17 after 218 steps
Step: 120 -  phi=0.519, PE=7.139806826146321e-17 after 212 steps
Step: 121 -  phi=0.52, PE=9.085106220052515e-17 after 253 steps
Step: 122 -  phi=0.521, PE=9.305443975560565e-17 after 219 steps
Step: 123 -  phi=0.522, PE=8.522974634639265e-17 after 202 steps
Step: 124 -  phi=0.523, PE=3.777598685354564e-17 after 205 steps
Step: 125 -  phi=0.524, PE=1.450872718812753e-17 after 189 steps
Step: 126 -  phi=0.525, PE=0.0 after 199 steps
Step: 127 -  phi=0.526, PE=8.89718279713448e-17 after 200 steps
Step: 128 -  phi=0.527, PE=8.022702200914671e-17 after 209 steps
Step: 129 -  phi=0.528, PE=6.840080730669956e-17 after 208 steps
Step: 130 -  phi=0.529, PE=0.0 after 202 steps
Step: 131 -  phi=0.53, PE=9.55119292177287e-17 after 214 steps
Step: 132 -  phi=0.531, PE=0.0 after 212 steps
Step: 133 -  phi=0.532, PE=4.6865014192243924e-17 after 201 steps
Step: 134 -  phi=0.533, PE=5.952789381305537e-17 after 223 steps
Step: 135 -  phi=0.534, PE=9.151228517865954e-17 after 241 steps
Step: 136 -  phi=0.535, PE=9.652437156983972e-17 after 224 steps
Step: 137 -  phi=0.536, PE=6.53516779200914e-17 after 232 steps
Step: 138 -  phi=0.537, PE=7.582793940060682e-17 after 260 steps
Step: 139 -  phi=0.538, PE=9.073385153886851e-17 after 258 steps
Step: 140 -  phi=0.539, PE=5.3366689666442655e-17 after 216 steps
Step: 141 -  phi=0.54, PE=9.179785040427359e-17 after 244 steps
Step: 142 -  phi=0.541, PE=1.501510937738039e-17 after 252 steps
Step: 143 -  phi=0.542, PE=9.976783051248357e-17 after 245 steps
Step: 144 -  phi=0.543, PE=0.0 after 208 steps
Step: 145 -  phi=0.544, PE=8.207766739421605e-17 after 270 steps
Step: 146 -  phi=0.545, PE=7.21111759855501e-17 after 240 steps
Step: 147 -  phi=0.546, PE=5.0819184035352965e-17 after 245 steps
Step: 148 -  phi=0.547, PE=8.160770890955253e-17 after 234 steps
Step: 149 -  phi=0.548, PE=6.61990590160905e-17 after 270 steps
Step: 150 -  phi=0.549, PE=9.775456048412173e-17 after 242 steps
Step: 151 -  phi=0.55, PE=5.2462413195903443e-17 after 226 steps
Step: 152 -  phi=0.551, PE=7.799390715805075e-17 after 240 steps
Step: 153 -  phi=0.552, PE=8.023431491818975e-17 after 251 steps
Step: 154 -  phi=0.553, PE=8.722172536520306e-17 after 240 steps
Step: 155 -  phi=0.554, PE=8.052461455267843e-17 after 234 steps
Step: 156 -  phi=0.555, PE=9.391591277647298e-17 after 280 steps
Step: 157 -  phi=0.556, PE=4.514036284790901e-17 after 246 steps
Step: 158 -  phi=0.557, PE=3.604297276019547e-17 after 227 steps
Step: 159 -  phi=0.558, PE=6.91301617024552e-17 after 250 steps
Step: 160 -  phi=0.559, PE=9.714951237456705e-17 after 288 steps
Step: 161 -  phi=0.56, PE=4.6568933679299215e-17 after 255 steps
Step: 162 -  phi=0.561, PE=9.912365021771737e-17 after 222 steps
Step: 163 -  phi=0.562, PE=4.490639987883524e-17 after 234 steps
Step: 164 -  phi=0.5630000000000001, PE=7.975263075104833e-17 after 249 steps
Step: 165 -  phi=0.5640000000000001, PE=6.905412621758997e-17 after 250 steps
Step: 166 -  phi=0.5650000000000001, PE=2.6445246489922137e-17 after 241 steps
Step: 167 -  phi=0.5660000000000001, PE=7.288441442554737e-17 after 243 steps
Step: 168 -  phi=0.5670000000000001, PE=4.4982648629755476e-17 after 218 steps
Step: 169 -  phi=0.5680000000000001, PE=8.790591666462354e-17 after 243 steps
Step: 170 -  phi=0.5690000000000001, PE=9.191262122617762e-17 after 369 steps
Step: 171 -  phi=0.5700000000000001, PE=9.608623403383697e-17 after 267 steps
Step: 172 -  phi=0.5710000000000001, PE=7.696068090773554e-17 after 243 steps
Step: 173 -  phi=0.5720000000000001, PE=6.61778440645415e-17 after 278 steps
Step: 174 -  phi=0.5730000000000001, PE=9.749555635997159e-17 after 253 steps
Step: 175 -  phi=0.5740000000000001, PE=7.65271333674437e-17 after 250 steps
Step: 176 -  phi=0.5750000000000001, PE=8.132117106824251e-17 after 261 steps
Step: 177 -  phi=0.5760000000000001, PE=7.20389233268588e-17 after 231 steps
Step: 178 -  phi=0.5770000000000001, PE=8.7702591415845e-17 after 261 steps
Step: 179 -  phi=0.5780000000000001, PE=6.756361816717509e-17 after 253 steps
Step: 180 -  phi=0.5790000000000001, PE=9.494474757831447e-17 after 259 steps
Step: 181 -  phi=0.5800000000000001, PE=5.962416552479887e-17 after 249 steps
Step: 182 -  phi=0.5810000000000001, PE=9.747660905341456e-17 after 242 steps
Step: 183 -  phi=0.5820000000000001, PE=0.0 after 219 steps
Step: 184 -  phi=0.5830000000000001, PE=5.748099512933063e-17 after 250 steps
Step: 185 -  phi=0.5840000000000001, PE=9.327961761539088e-17 after 336 steps
Step: 186 -  phi=0.5850000000000001, PE=7.842221305369585e-17 after 336 steps
Step: 187 -  phi=0.5860000000000001, PE=8.924426196022814e-17 after 314 steps
Step: 188 -  phi=0.5870000000000001, PE=5.90269591005998e-17 after 279 steps
Step: 189 -  phi=0.5880000000000001, PE=9.873825067033758e-17 after 288 steps
Step: 190 -  phi=0.5890000000000001, PE=6.649040897131369e-17 after 272 steps
Step: 191 -  phi=0.5900000000000001, PE=8.141761169666817e-17 after 303 steps
Step: 192 -  phi=0.5910000000000001, PE=3.838187660141798e-17 after 268 steps
Step: 193 -  phi=0.5920000000000001, PE=9.901061887595241e-17 after 282 steps
Step: 194 -  phi=0.5930000000000001, PE=0.0 after 285 steps
Step: 195 -  phi=0.5940000000000001, PE=9.950720986931188e-17 after 281 steps
Step: 196 -  phi=0.5950000000000001, PE=8.33665840681196e-17 after 298 steps
Step: 197 -  phi=0.5960000000000001, PE=9.446393705336298e-17 after 299 steps
Step: 198 -  phi=0.5970000000000001, PE=1.4811215314519786e-17 after 283 steps
Step: 199 -  phi=0.5980000000000001, PE=9.727038360981225e-17 after 289 steps
Step: 200 -  phi=0.5990000000000001, PE=5.974123357480017e-17 after 276 steps
Step: 201 -  phi=0.6000000000000001, PE=8.765341489570487e-17 after 290 steps
Step: 202 -  phi=0.6010000000000001, PE=9.610330145967431e-17 after 313 steps
Step: 203 -  phi=0.6020000000000001, PE=7.723262188458186e-17 after 294 steps
Step: 204 -  phi=0.6030000000000001, PE=6.453327443708595e-17 after 290 steps
Step: 205 -  phi=0.6040000000000001, PE=6.361421285597618e-17 after 303 steps
Step: 206 -  phi=0.6050000000000001, PE=7.554475585446881e-17 after 310 steps
Step: 207 -  phi=0.6060000000000001, PE=7.224517182073704e-17 after 307 steps
Step: 208 -  phi=0.6070000000000001, PE=9.416856770421841e-17 after 329 steps
Step: 209 -  phi=0.6080000000000001, PE=8.689483274341444e-17 after 314 steps
Step: 210 -  phi=0.6090000000000001, PE=7.728288121159742e-17 after 324 steps
Step: 211 -  phi=0.6100000000000001, PE=5.691128889355309e-17 after 311 steps
Step: 212 -  phi=0.6110000000000001, PE=8.967841436670555e-17 after 356 steps
Step: 213 -  phi=0.6120000000000001, PE=8.613342171818889e-17 after 334 steps
Step: 214 -  phi=0.6130000000000001, PE=9.753641056268457e-17 after 320 steps
Step: 215 -  phi=0.6140000000000001, PE=1.96315279303087e-17 after 292 steps
Step: 216 -  phi=0.6150000000000001, PE=9.939362481649325e-17 after 334 steps
Step: 217 -  phi=0.6160000000000001, PE=8.888733667860483e-17 after 357 steps
Step: 218 -  phi=0.6170000000000001, PE=9.92660691948274e-17 after 340 steps
Step: 219 -  phi=0.6180000000000001, PE=5.410201218405327e-17 after 323 steps
Step: 220 -  phi=0.6190000000000001, PE=9.258959748828124e-17 after 332 steps
Step: 221 -  phi=0.6200000000000001, PE=9.511796042016528e-17 after 359 steps
Step: 222 -  phi=0.6210000000000001, PE=9.66247853670536e-17 after 355 steps
Step: 223 -  phi=0.6220000000000001, PE=9.763409804468341e-17 after 330 steps
Step: 224 -  phi=0.6230000000000001, PE=6.998182329891633e-17 after 317 steps
Step: 225 -  phi=0.6240000000000001, PE=9.664358710780423e-17 after 324 steps
Step: 226 -  phi=0.6250000000000001, PE=8.550274305287379e-17 after 337 steps
Step: 227 -  phi=0.6260000000000001, PE=8.952162214560869e-17 after 325 steps
Step: 228 -  phi=0.6270000000000001, PE=7.278815421508141e-17 after 313 steps
Step: 229 -  phi=0.6280000000000001, PE=8.596707686278635e-17 after 348 steps
Step: 230 -  phi=0.6290000000000001, PE=9.446847202066429e-17 after 398 steps
Step: 231 -  phi=0.6300000000000001, PE=9.354698636049999e-17 after 351 steps
Step: 232 -  phi=0.6310000000000001, PE=9.837634926322906e-17 after 347 steps
Step: 233 -  phi=0.6320000000000001, PE=9.39601902773152e-17 after 370 steps
Step: 234 -  phi=0.6330000000000001, PE=9.964000975718938e-17 after 384 steps
Step: 235 -  phi=0.6340000000000001, PE=8.983109326669957e-17 after 345 steps
Step: 236 -  phi=0.6350000000000001, PE=9.131339000918318e-17 after 358 steps
Step: 237 -  phi=0.6360000000000001, PE=9.752127356543679e-17 after 355 steps
Step: 238 -  phi=0.6370000000000001, PE=8.933439777780762e-17 after 342 steps
Step: 239 -  phi=0.6380000000000001, PE=8.179705409987324e-17 after 354 steps
Step: 240 -  phi=0.6390000000000001, PE=6.916004305066917e-17 after 396 steps
Step: 241 -  phi=0.6400000000000001, PE=8.351373310267051e-17 after 385 steps
Step: 242 -  phi=0.6410000000000001, PE=4.437040760150367e-17 after 372 steps
Step: 243 -  phi=0.6420000000000001, PE=7.250375533556423e-17 after 342 steps
Step: 244 -  phi=0.6430000000000001, PE=9.106518820048904e-17 after 371 steps
Step: 245 -  phi=0.6440000000000001, PE=8.837851582907649e-17 after 461 steps
Step: 246 -  phi=0.6450000000000001, PE=6.775221026958227e-17 after 362 steps
Step: 247 -  phi=0.6460000000000001, PE=8.860987966225657e-17 after 371 steps
Step: 248 -  phi=0.6470000000000001, PE=2.7821661205577207e-17 after 357 steps
Step: 249 -  phi=0.6480000000000001, PE=9.570730658253156e-17 after 364 steps
Step: 250 -  phi=0.6490000000000001, PE=9.455568554992595e-17 after 341 steps
Step: 251 -  phi=0.6500000000000001, PE=9.026079127211367e-17 after 345 steps
Step: 252 -  phi=0.6510000000000001, PE=9.20619099257655e-17 after 339 steps
Step: 253 -  phi=0.6520000000000001, PE=9.793017422325554e-17 after 392 steps
Step: 254 -  phi=0.6530000000000001, PE=6.685524595990716e-17 after 335 steps
Step: 255 -  phi=0.6540000000000001, PE=8.461755302664935e-17 after 324 steps
Step: 256 -  phi=0.6550000000000001, PE=8.320593262666306e-17 after 311 steps
Step: 257 -  phi=0.6560000000000001, PE=8.836645290120501e-17 after 340 steps
Step: 258 -  phi=0.6570000000000001, PE=9.044707838158533e-17 after 341 steps
Step: 259 -  phi=0.6580000000000001, PE=9.4595270707891e-17 after 325 steps
Step: 260 -  phi=0.6590000000000001, PE=8.887996520633106e-17 after 322 steps
Step: 261 -  phi=0.6600000000000001, PE=9.789520099735798e-17 after 340 steps
Step: 262 -  phi=0.6610000000000001, PE=9.11784385254458e-17 after 318 steps
Step: 263 -  phi=0.6620000000000001, PE=8.525648404273194e-17 after 333 steps
Step: 264 -  phi=0.6630000000000001, PE=8.127263478751704e-17 after 324 steps
Step: 265 -  phi=0.6640000000000001, PE=9.900348700343762e-17 after 338 steps
Step: 266 -  phi=0.6650000000000001, PE=9.01288907006871e-17 after 389 steps
Step: 267 -  phi=0.6660000000000001, PE=7.651363851016403e-17 after 379 steps
Step: 268 -  phi=0.6670000000000001, PE=8.334946953459462e-17 after 376 steps
Step: 269 -  phi=0.6680000000000001, PE=9.187135386639706e-17 after 340 steps
Step: 270 -  phi=0.6690000000000002, PE=8.882557354909367e-17 after 354 steps
Step: 271 -  phi=0.6700000000000002, PE=9.654223539471756e-17 after 402 steps
Step: 272 -  phi=0.6710000000000002, PE=9.202649011199541e-17 after 388 steps
Step: 273 -  phi=0.6720000000000002, PE=9.813262425419327e-17 after 389 steps
Step: 274 -  phi=0.6730000000000002, PE=9.391363298757396e-17 after 359 steps
Step: 275 -  phi=0.6740000000000002, PE=9.92272603356328e-17 after 410 steps
Step: 276 -  phi=0.6750000000000002, PE=8.169241343738662e-17 after 402 steps
Step: 277 -  phi=0.6760000000000002, PE=1.4410726913962074e-18 after 344 steps
Step: 278 -  phi=0.6770000000000002, PE=9.735215728337803e-17 after 454 steps
Step: 279 -  phi=0.6780000000000002, PE=9.800670435834779e-17 after 437 steps
Step: 280 -  phi=0.6790000000000002, PE=7.615917301203645e-17 after 383 steps
Step: 281 -  phi=0.6800000000000002, PE=8.447605160030027e-17 after 373 steps
Step: 282 -  phi=0.6810000000000002, PE=9.478662871870997e-17 after 406 steps
Step: 283 -  phi=0.6820000000000002, PE=8.50447531420441e-17 after 387 steps
Step: 284 -  phi=0.6830000000000002, PE=9.51330965700484e-17 after 421 steps
Step: 285 -  phi=0.6840000000000002, PE=8.651432624558254e-17 after 416 steps
Step: 286 -  phi=0.6850000000000002, PE=9.305094565921163e-17 after 473 steps
Step: 287 -  phi=0.6860000000000002, PE=8.866120812154025e-17 after 512 steps
Step: 288 -  phi=0.6870000000000002, PE=7.96688233084646e-17 after 431 steps
Step: 289 -  phi=0.6880000000000002, PE=9.262353781104356e-17 after 464 steps
Step: 290 -  phi=0.6890000000000002, PE=9.88936377809092e-17 after 420 steps
Step: 291 -  phi=0.6900000000000002, PE=9.306408019741572e-17 after 543 steps
Step: 292 -  phi=0.6910000000000002, PE=9.829096847249979e-17 after 512 steps
Step: 293 -  phi=0.6920000000000002, PE=9.878349758651847e-17 after 426 steps
Step: 294 -  phi=0.6930000000000002, PE=9.214268584073524e-17 after 418 steps
Step: 295 -  phi=0.6940000000000002, PE=7.363574903379731e-17 after 389 steps
Step: 296 -  phi=0.6950000000000002, PE=9.313089023141355e-17 after 414 steps
Step: 297 -  phi=0.6960000000000002, PE=8.241487387494992e-17 after 410 steps
Step: 298 -  phi=0.6970000000000002, PE=9.438634160431165e-17 after 475 steps
Step: 299 -  phi=0.6980000000000002, PE=9.333903344430383e-17 after 417 steps
Step: 300 -  phi=0.6990000000000002, PE=9.91516733582433e-17 after 396 steps
Step: 301 -  phi=0.7000000000000002, PE=6.581830623297042e-17 after 374 steps
Step: 302 -  phi=0.7010000000000002, PE=7.231115937835091e-17 after 390 steps
Step: 303 -  phi=0.7020000000000002, PE=9.095758977843855e-17 after 437 steps
Step: 304 -  phi=0.7030000000000002, PE=9.371779224513598e-17 after 373 steps
Step: 305 -  phi=0.7040000000000002, PE=8.724385198426199e-17 after 403 steps
Step: 306 -  phi=0.7050000000000002, PE=9.165881792264691e-17 after 391 steps
Step: 307 -  phi=0.7060000000000002, PE=9.160831541185223e-17 after 463 steps
Step: 308 -  phi=0.7070000000000002, PE=9.81007402561911e-17 after 518 steps
Step: 309 -  phi=0.7080000000000002, PE=8.067497905285164e-17 after 430 steps
Step: 310 -  phi=0.7090000000000002, PE=9.949892140587502e-17 after 438 steps
Step: 311 -  phi=0.7100000000000002, PE=7.662416450042641e-17 after 398 steps
Step: 312 -  phi=0.7110000000000002, PE=9.67904231761637e-17 after 491 steps
Step: 313 -  phi=0.7120000000000002, PE=9.603265515361347e-17 after 420 steps
Step: 314 -  phi=0.7130000000000002, PE=9.475937832387996e-17 after 492 steps
Step: 315 -  phi=0.7140000000000002, PE=7.169082788027427e-17 after 491 steps
Step: 316 -  phi=0.7150000000000002, PE=8.982336461311242e-17 after 483 steps
Step: 317 -  phi=0.7160000000000002, PE=9.839434253345869e-17 after 440 steps
Step: 318 -  phi=0.7170000000000002, PE=9.466624712702515e-17 after 425 steps
Step: 319 -  phi=0.7180000000000002, PE=8.893893554991376e-17 after 517 steps
Step: 320 -  phi=0.7190000000000002, PE=9.430736830942063e-17 after 486 steps
Step: 321 -  phi=0.7200000000000002, PE=9.757789705626195e-17 after 415 steps
Step: 322 -  phi=0.7210000000000002, PE=7.068638484194142e-17 after 434 steps
Step: 323 -  phi=0.7220000000000002, PE=9.08430788184009e-17 after 458 steps
Step: 324 -  phi=0.7230000000000002, PE=9.834558587663415e-17 after 453 steps
Step: 325 -  phi=0.7240000000000002, PE=9.303230112108864e-17 after 420 steps
Step: 326 -  phi=0.7250000000000002, PE=9.676170324669691e-17 after 427 steps
Step: 327 -  phi=0.7260000000000002, PE=9.671779439110302e-17 after 447 steps
Step: 328 -  phi=0.7270000000000002, PE=7.888943254420455e-17 after 444 steps
Step: 329 -  phi=0.7280000000000002, PE=9.533488499069357e-17 after 518 steps
Step: 330 -  phi=0.7290000000000002, PE=9.307780284916913e-17 after 480 steps
Step: 331 -  phi=0.7300000000000002, PE=7.907036093449797e-17 after 490 steps
Step: 332 -  phi=0.7310000000000002, PE=9.242615157842565e-17 after 492 steps
Step: 333 -  phi=0.7320000000000002, PE=9.991713492685169e-17 after 524 steps
Step: 334 -  phi=0.7330000000000002, PE=7.276067966730526e-17 after 559 steps
Step: 335 -  phi=0.7340000000000002, PE=9.608106606648505e-17 after 498 steps
Step: 336 -  phi=0.7350000000000002, PE=7.876319380600161e-17 after 541 steps
Step: 337 -  phi=0.7360000000000002, PE=8.453642483062198e-17 after 540 steps
Step: 338 -  phi=0.7370000000000002, PE=8.958171335994195e-17 after 678 steps
Step: 339 -  phi=0.7380000000000002, PE=9.494117994331611e-17 after 757 steps
Step: 340 -  phi=0.7390000000000002, PE=9.697871656658355e-17 after 662 steps
Step: 341 -  phi=0.7400000000000002, PE=9.3405080010394e-17 after 656 steps
Step: 342 -  phi=0.7410000000000002, PE=9.04269150803656e-17 after 575 steps
Step: 343 -  phi=0.7420000000000002, PE=8.674490108975934e-17 after 577 steps
Step: 344 -  phi=0.7430000000000002, PE=9.39233155920053e-17 after 627 steps
Step: 345 -  phi=0.7440000000000002, PE=9.727263671576289e-17 after 627 steps
Step: 346 -  phi=0.7450000000000002, PE=8.96828553262632e-17 after 691 steps
Step: 347 -  phi=0.7460000000000002, PE=9.509845376850275e-17 after 917 steps
Step: 348 -  phi=0.7470000000000002, PE=6.178202072234161e-17 after 682 steps
Step: 349 -  phi=0.7480000000000002, PE=9.57321928587937e-17 after 774 steps
Step: 350 -  phi=0.7490000000000002, PE=9.221067562662118e-17 after 742 steps
Step: 351 -  phi=0.7500000000000002, PE=9.117227684255068e-17 after 852 steps
Step: 352 -  phi=0.7510000000000002, PE=9.903595896137361e-17 after 1256 steps
Step: 353 -  phi=0.7520000000000002, PE=9.460616064024857e-17 after 1038 steps
Step: 354 -  phi=0.7530000000000002, PE=9.368203787931748e-17 after 979 steps
Step: 355 -  phi=0.7540000000000002, PE=9.874799509952537e-17 after 1072 steps
Step: 356 -  phi=0.7550000000000002, PE=9.748952703607935e-17 after 1219 steps
Step: 357 -  phi=0.7560000000000002, PE=9.843438228799735e-17 after 1134 steps
Step: 358 -  phi=0.7570000000000002, PE=9.476921018697972e-17 after 966 steps
Step: 359 -  phi=0.7580000000000002, PE=9.783093255105374e-17 after 981 steps
Step: 360 -  phi=0.7590000000000002, PE=9.648161543291393e-17 after 1070 steps
Step: 361 -  phi=0.7600000000000002, PE=8.769902650740379e-17 after 934 steps
Step: 362 -  phi=0.7610000000000002, PE=9.903520106221518e-17 after 1369 steps
Step: 363 -  phi=0.7620000000000002, PE=9.412602391025809e-17 after 873 steps
Step: 364 -  phi=0.7630000000000002, PE=9.557900968968729e-17 after 799 steps
Step: 365 -  phi=0.7640000000000002, PE=9.866811560119397e-17 after 860 steps
Step: 366 -  phi=0.7650000000000002, PE=8.721276281009493e-17 after 752 steps
Step: 367 -  phi=0.7660000000000002, PE=8.920811688232495e-17 after 850 steps
Step: 368 -  phi=0.7670000000000002, PE=9.883147100582185e-17 after 1432 steps
Step: 369 -  phi=0.7680000000000002, PE=9.361408331331621e-17 after 1179 steps
Step: 370 -  phi=0.7690000000000002, PE=9.53834021509979e-17 after 1239 steps
Step: 371 -  phi=0.7700000000000002, PE=9.959249983221671e-17 after 1294 steps
Step: 372 -  phi=0.7710000000000002, PE=9.587163398041036e-17 after 1611 steps
Step: 373 -  phi=0.7720000000000002, PE=9.935379776366873e-17 after 1416 steps
Step: 374 -  phi=0.7730000000000002, PE=9.520308652064752e-17 after 1623 steps
Step: 375 -  phi=0.7740000000000002, PE=9.938746139308011e-17 after 2094 steps
Step: 376 -  phi=0.7750000000000002, PE=9.788653616767755e-17 after 1686 steps
Step: 377 -  phi=0.7760000000000002, PE=9.999911527023878e-17 after 1829 steps
Step: 378 -  phi=0.7770000000000002, PE=9.97817046194231e-17 after 2497 steps
Step: 379 -  phi=0.7780000000000002, PE=9.989411604554863e-17 after 2627 steps
Step: 380 -  phi=0.7790000000000002, PE=9.51068719346237e-17 after 1770 steps
Step: 381 -  phi=0.7800000000000002, PE=9.760435511039622e-17 after 1814 steps
Step: 382 -  phi=0.7810000000000002, PE=9.863589531389885e-17 after 2519 steps
Step: 383 -  phi=0.7820000000000003, PE=9.915886051524936e-17 after 3238 steps
Step: 384 -  phi=0.7830000000000003, PE=9.963807110176418e-17 after 4676 steps
Step: 385 -  phi=0.7840000000000003, PE=9.937508023596079e-17 after 4586 steps
Step: 386 -  phi=0.7850000000000003, PE=9.915118704094224e-17 after 3520 steps
Step: 387 -  phi=0.7860000000000003, PE=9.917506840280917e-17 after 2668 steps
Step: 388 -  phi=0.7870000000000003, PE=9.558363791886057e-17 after 2323 steps
Step: 389 -  phi=0.7880000000000003, PE=9.953932835278906e-17 after 4167 steps
Step: 390 -  phi=0.7890000000000003, PE=9.966774076315977e-17 after 2965 steps
Step: 391 -  phi=0.7900000000000003, PE=9.871379155657268e-17 after 3020 steps
Step: 392 -  phi=0.7910000000000003, PE=9.99878236755015e-17 after 3026 steps
Step: 393 -  phi=0.7920000000000003, PE=9.614629369208116e-17 after 2276 steps
Step: 394 -  phi=0.7930000000000003, PE=9.878501454370641e-17 after 4397 steps
Step: 395 -  phi=0.7940000000000003, PE=9.814799040017254e-17 after 5584 steps
Step: 396 -  phi=0.7950000000000003, PE=9.961863429156456e-17 after 4663 steps
Step: 397 -  phi=0.7960000000000003, PE=9.963437997344211e-17 after 6345 steps
Step: 398 -  phi=0.7970000000000003, PE=9.93991217282187e-17 after 7810 steps
Step: 399 -  phi=0.7980000000000003, PE=9.997603013501628e-17 after 9730 steps
Step: 400 -  phi=0.7990000000000003, PE=9.935006950267676e-17 after 7834 steps
Step: 401 -  phi=0.8000000000000003, PE=9.894593654839778e-17 after 5300 steps
Step: 402 -  phi=0.8010000000000003, PE=9.944950942628192e-17 after 5106 steps
Step: 403 -  phi=0.8020000000000003, PE=9.96791746737089e-17 after 3137 steps
Step: 404 -  phi=0.8030000000000003, PE=9.702461873296926e-17 after 4040 steps
Step: 405 -  phi=0.8040000000000003, PE=9.99748037265775e-17 after 4613 steps
Step: 406 -  phi=0.8050000000000003, PE=9.962375181773513e-17 after 6827 steps
Step: 407 -  phi=0.8060000000000003, PE=9.976333801043766e-17 after 16480 steps
Step: 408 -  phi=0.8070000000000003, PE=9.995352755714448e-17 after 17605 steps
Step: 409 -  phi=0.8080000000000003, PE=9.992252934998881e-17 after 171417 steps
Step: 410 -  phi=0.8090000000000003, PE=9.958208123705626e-17 after 11700 steps
Step: 411 -  phi=0.8100000000000003, PE=9.931693199303892e-17 after 36513 steps
Step: 412 -  phi=0.8110000000000003, PE=9.990021076760253e-17 after 91988 steps
Step: 413 -  phi=0.8120000000000003, PE=9.985484869967347e-17 after 121850 steps
Step: 414 -  phi=0.8130000000000003, PE=1.546510757271876e-09 after 76207 steps
Step: 415 -  phi=0.8125000000000002, PE=9.998830691028067e-17 after 124139 steps
Step: 416 -  phi=0.8127500000000003, PE=6.970682147041609e-12 after 506293 steps
Step: 417 -  phi=0.8126250000000003, PE=9.99518554618238e-17 after 147457 steps
Step: 418 -  phi=0.8126875000000002, PE=9.049655000233282e-13 after 461979 steps
Step: 419 -  phi=0.8126562500000003, PE=9.999056084921262e-17 after 41379 steps
Step: 420 -  phi=0.8126718750000003, PE=9.999894256926453e-17 after 76740 steps
Step: 421 -  phi=0.8126796875000002, PE=9.999696359294152e-17 after 727790 steps
Step: 422 -  phi=0.8126835937500002, PE=1.8172100944110713e-13 after 408376 steps
Step: 423 -  phi=0.8126816406250001, PE=2.6031967642493062e-14 after 958934 steps
Step: 424 -  phi=0.8126806640625002, PE=5.65000278039659e-16 after 1000000 steps
Step: 425 -  phi=0.8126801757812502, PE=9.999863391601114e-17 after 845542 steps
Step: 426 -  phi=0.8126804199218751, PE=9.999940929659518e-17 after 358320 steps
Step: 427 -  phi=0.8126805419921876, PE=9.999979353841812e-17 after 468271 steps
Step: 428 -  phi=0.8126806030273439, PE=2.02298575727484e-16 after 1000000 steps
Step: 429 -  phi=0.8126805725097658, PE=1.0155412596801224e-16 after 1000000 steps
Step: 430 -  phi=0.8126805572509768, PE=9.999954244030918e-17 after 58468 steps
Step: 431 -  phi=0.8126805648803712, PE=9.999974833916885e-17 after 41011 steps
Step: 432 -  phi=0.8126805686950684, PE=9.999980589844331e-17 after 20367 steps
Step: 433 -  phi=0.8126805706024172, PE=9.999950348441207e-17 after 13553 steps
Step: 434 -  phi=0.8126805715560914, PE=9.999999097748285e-17 after 57767 steps
Step: 435 -  phi=0.8126805720329286, PE=1.0025273342306502e-16 after 1000000 steps
Step: 436 -  phi=0.81268057179451, PE=9.999999902898103e-17 after 132812 steps
Step: 437 -  phi=0.8126805719137193, PE=9.999998770688279e-17 after 57682 steps
Step: 438 -  phi=0.812680571973324, PE=1.0009064966689405e-16 after 660575 steps
Jammed: phi = 0.812681, residual PE = 1.001e-16
