The following modules were not unloaded:
  (Use "module --force purge" to unload all):

  1) StdEnv
sys:1: RuntimeWarning: h5: callable: skipping callable field 'user_pre_step_actions' (<PjitFunction of <function _save_state_system at 0x1532cdf03ba0>>); handle explicitly
sys:1: RuntimeWarning: h5: callable: skipping callable field 'user_post_step_actions' (<PjitFunction of <function _save_state_system at 0x1532cdf03ba0>>); handle explicitly
/home/rg2248/analysis/summer-26/jam/thomson/jam2d-thomson.py:74: RuntimeWarning: h5: callable: skipping callable field '0' (<function fire.<locals>.init at 0x153143fef100>); handle explicitly
  save(system, join(data_root, 'system.h5'))
/home/rg2248/analysis/summer-26/jam/thomson/jam2d-thomson.py:74: RuntimeWarning: h5: callable: skipping callable field '1' (<function fire.<locals>.update at 0x153143feefc0>); handle explicitly
  save(system, join(data_root, 'system.h5'))
Initial minimization took 0 steps.
Step: 1 -  phi=0.39999999999999997, PE=0.0 after 0 steps
Step: 2 -  phi=0.40099999999999997, PE=5.854163094891483e-17 after 135 steps
Step: 3 -  phi=0.40199999999999997, PE=7.989495272072185e-17 after 110 steps
Step: 4 -  phi=0.40299999999999997, PE=4.6557019135563397e-17 after 97 steps
Step: 5 -  phi=0.40399999999999997, PE=0.0 after 91 steps
Step: 6 -  phi=0.40499999999999997, PE=0.0 after 94 steps
Step: 7 -  phi=0.40599999999999997, PE=8.778915901350683e-17 after 94 steps
Step: 8 -  phi=0.407, PE=0.0 after 83 steps
Step: 9 -  phi=0.408, PE=4.7484104964296473e-17 after 89 steps
Step: 10 -  phi=0.409, PE=4.910831348535253e-17 after 105 steps
Step: 11 -  phi=0.41, PE=5.961715578459832e-17 after 105 steps
Step: 12 -  phi=0.411, PE=3.0825935293061727e-19 after 94 steps
Step: 13 -  phi=0.412, PE=5.079008391755481e-17 after 101 steps
Step: 14 -  phi=0.413, PE=0.0 after 85 steps
Step: 15 -  phi=0.414, PE=0.0 after 102 steps
Step: 16 -  phi=0.415, PE=4.9733532685648407e-17 after 109 steps
Step: 17 -  phi=0.416, PE=0.0 after 93 steps
Step: 18 -  phi=0.417, PE=0.0 after 99 steps
Step: 19 -  phi=0.418, PE=6.558692796347631e-17 after 101 steps
Step: 20 -  phi=0.419, PE=5.1299163733407395e-17 after 111 steps
Step: 21 -  phi=0.42, PE=3.9222186973215253e-17 after 97 steps
Step: 22 -  phi=0.421, PE=6.875212898284555e-17 after 115 steps
Step: 23 -  phi=0.422, PE=1.832218497404648e-17 after 97 steps
Step: 24 -  phi=0.423, PE=0.0 after 102 steps
Step: 25 -  phi=0.424, PE=0.0 after 101 steps
Step: 26 -  phi=0.425, PE=6.097957124882405e-17 after 102 steps
Step: 27 -  phi=0.426, PE=3.5613740421904363e-17 after 103 steps
Step: 28 -  phi=0.427, PE=7.530842187414146e-17 after 88 steps
Step: 29 -  phi=0.428, PE=8.215311385283508e-17 after 117 steps
Step: 30 -  phi=0.429, PE=9.131873490333399e-17 after 115 steps
Step: 31 -  phi=0.43, PE=6.27598590511901e-17 after 103 steps
Step: 32 -  phi=0.431, PE=0.0 after 82 steps
Step: 33 -  phi=0.432, PE=2.257858807787533e-17 after 108 steps
Step: 34 -  phi=0.433, PE=6.323933597640137e-17 after 87 steps
Step: 35 -  phi=0.434, PE=8.451030108735947e-17 after 129 steps
Step: 36 -  phi=0.435, PE=0.0 after 87 steps
Step: 37 -  phi=0.436, PE=1.2927151152579728e-17 after 95 steps
Step: 38 -  phi=0.437, PE=0.0 after 91 steps
Step: 39 -  phi=0.438, PE=0.0 after 95 steps
Step: 40 -  phi=0.439, PE=9.614681461579929e-17 after 112 steps
Step: 41 -  phi=0.44, PE=0.0 after 126 steps
Step: 42 -  phi=0.441, PE=0.0 after 118 steps
Step: 43 -  phi=0.442, PE=9.78725335728815e-17 after 119 steps
Step: 44 -  phi=0.443, PE=0.0 after 116 steps
Step: 45 -  phi=0.444, PE=8.737992582048414e-17 after 123 steps
Step: 46 -  phi=0.445, PE=1.6452826809207254e-17 after 94 steps
Step: 47 -  phi=0.446, PE=9.842124041691261e-17 after 93 steps
Step: 48 -  phi=0.447, PE=5.2851328246984156e-17 after 111 steps
Step: 49 -  phi=0.448, PE=4.555431834680878e-17 after 121 steps
Step: 50 -  phi=0.449, PE=9.97490672584226e-18 after 120 steps
Step: 51 -  phi=0.45, PE=4.0075624734117934e-17 after 115 steps
Step: 52 -  phi=0.451, PE=8.157092015919341e-17 after 111 steps
Step: 53 -  phi=0.452, PE=1.7809798101145246e-18 after 115 steps
Step: 54 -  phi=0.453, PE=0.0 after 111 steps
Step: 55 -  phi=0.454, PE=7.602662650776764e-17 after 113 steps
Step: 56 -  phi=0.455, PE=6.589645067686736e-17 after 118 steps
Step: 57 -  phi=0.456, PE=0.0 after 100 steps
Step: 58 -  phi=0.457, PE=0.0 after 140 steps
Step: 59 -  phi=0.458, PE=9.37025763178208e-17 after 114 steps
Step: 60 -  phi=0.459, PE=6.841232527481303e-17 after 133 steps
Step: 61 -  phi=0.46, PE=1.024837986573746e-18 after 104 steps
Step: 62 -  phi=0.461, PE=0.0 after 110 steps
Step: 63 -  phi=0.462, PE=0.0 after 101 steps
Step: 64 -  phi=0.463, PE=9.938053390971989e-17 after 128 steps
Step: 65 -  phi=0.464, PE=4.4122014733899064e-17 after 107 steps
Step: 66 -  phi=0.465, PE=0.0 after 119 steps
Step: 67 -  phi=0.466, PE=0.0 after 104 steps
Step: 68 -  phi=0.467, PE=6.811451340994622e-17 after 124 steps
Step: 69 -  phi=0.468, PE=0.0 after 111 steps
Step: 70 -  phi=0.46900000000000003, PE=5.134785607067811e-17 after 116 steps
Step: 71 -  phi=0.47000000000000003, PE=7.456861783712204e-17 after 114 steps
Step: 72 -  phi=0.47100000000000003, PE=0.0 after 111 steps
Step: 73 -  phi=0.47200000000000003, PE=2.7676228629263185e-17 after 142 steps
Step: 74 -  phi=0.47300000000000003, PE=7.259392687153095e-17 after 126 steps
Step: 75 -  phi=0.47400000000000003, PE=6.574892335277479e-18 after 111 steps
Step: 76 -  phi=0.47500000000000003, PE=9.732932116744515e-17 after 119 steps
Step: 77 -  phi=0.47600000000000003, PE=3.8758938838195334e-17 after 137 steps
Step: 78 -  phi=0.47700000000000004, PE=1.5235161740661204e-17 after 140 steps
Step: 79 -  phi=0.47800000000000004, PE=7.065350025712147e-17 after 127 steps
Step: 80 -  phi=0.47900000000000004, PE=0.0 after 122 steps
Step: 81 -  phi=0.48000000000000004, PE=0.0 after 129 steps
Step: 82 -  phi=0.48100000000000004, PE=8.161311223564264e-17 after 133 steps
Step: 83 -  phi=0.48200000000000004, PE=4.664678299580943e-18 after 119 steps
Step: 84 -  phi=0.48300000000000004, PE=5.4764142953530193e-17 after 125 steps
Step: 85 -  phi=0.48400000000000004, PE=8.371332410091198e-17 after 131 steps
Step: 86 -  phi=0.48500000000000004, PE=4.6471508652855834e-17 after 138 steps
Step: 87 -  phi=0.48600000000000004, PE=0.0 after 113 steps
Step: 88 -  phi=0.48700000000000004, PE=7.875816465475471e-17 after 135 steps
Step: 89 -  phi=0.48800000000000004, PE=9.772516732130769e-17 after 119 steps
Step: 90 -  phi=0.48900000000000005, PE=8.04599025155253e-17 after 150 steps
Step: 91 -  phi=0.49000000000000005, PE=0.0 after 107 steps
Step: 92 -  phi=0.49100000000000005, PE=8.154749556870322e-17 after 130 steps
Step: 93 -  phi=0.49200000000000005, PE=9.51244918426913e-17 after 123 steps
Step: 94 -  phi=0.49300000000000005, PE=7.802633312497346e-17 after 125 steps
Step: 95 -  phi=0.49400000000000005, PE=0.0 after 113 steps
Step: 96 -  phi=0.49500000000000005, PE=7.304651018575124e-17 after 115 steps
Step: 97 -  phi=0.49600000000000005, PE=5.97158933194252e-17 after 118 steps
Step: 98 -  phi=0.49700000000000005, PE=2.526731455609931e-17 after 122 steps
Step: 99 -  phi=0.49800000000000005, PE=4.934293112217978e-18 after 114 steps
Step: 100 -  phi=0.49900000000000005, PE=0.0 after 123 steps
Step: 101 -  phi=0.5, PE=5.300976796967249e-17 after 152 steps
Step: 102 -  phi=0.501, PE=4.046296072413023e-17 after 146 steps
Step: 103 -  phi=0.502, PE=5.356347016955441e-17 after 125 steps
Step: 104 -  phi=0.503, PE=8.937742385805027e-17 after 145 steps
Step: 105 -  phi=0.504, PE=0.0 after 121 steps
Step: 106 -  phi=0.505, PE=8.975535049607666e-17 after 155 steps
Step: 107 -  phi=0.506, PE=0.0 after 122 steps
Step: 108 -  phi=0.507, PE=0.0 after 120 steps
Step: 109 -  phi=0.508, PE=5.0315440690325225e-17 after 141 steps
Step: 110 -  phi=0.509, PE=1.7558483096076357e-17 after 136 steps
Step: 111 -  phi=0.51, PE=9.497089629605012e-20 after 142 steps
Step: 112 -  phi=0.511, PE=0.0 after 136 steps
Step: 113 -  phi=0.512, PE=7.38084129452379e-17 after 129 steps
Step: 114 -  phi=0.513, PE=0.0 after 122 steps
Step: 115 -  phi=0.514, PE=7.336349561785039e-17 after 132 steps
Step: 116 -  phi=0.515, PE=0.0 after 140 steps
Step: 117 -  phi=0.516, PE=6.883422538116564e-17 after 127 steps
Step: 118 -  phi=0.517, PE=6.673855038677532e-17 after 135 steps
Step: 119 -  phi=0.518, PE=0.0 after 121 steps
Step: 120 -  phi=0.519, PE=2.071808754204949e-17 after 141 steps
Step: 121 -  phi=0.52, PE=5.822489170419234e-17 after 141 steps
Step: 122 -  phi=0.521, PE=5.383505862051602e-17 after 131 steps
Step: 123 -  phi=0.522, PE=8.47414920579313e-17 after 122 steps
Step: 124 -  phi=0.523, PE=0.0 after 136 steps
Step: 125 -  phi=0.524, PE=9.105127928461099e-17 after 164 steps
Step: 126 -  phi=0.525, PE=0.0 after 124 steps
Step: 127 -  phi=0.526, PE=9.630236255446408e-17 after 142 steps
Step: 128 -  phi=0.527, PE=0.0 after 129 steps
Step: 129 -  phi=0.528, PE=6.713592735580442e-17 after 137 steps
Step: 130 -  phi=0.529, PE=0.0 after 125 steps
Step: 131 -  phi=0.53, PE=0.0 after 121 steps
Step: 132 -  phi=0.531, PE=0.0 after 125 steps
Step: 133 -  phi=0.532, PE=9.28626193733896e-17 after 144 steps
Step: 134 -  phi=0.533, PE=0.0 after 142 steps
Step: 135 -  phi=0.534, PE=0.0 after 148 steps
Step: 136 -  phi=0.535, PE=5.0274851783794734e-17 after 145 steps
Step: 137 -  phi=0.536, PE=6.825138900151884e-17 after 151 steps
Step: 138 -  phi=0.537, PE=7.20530754130745e-17 after 161 steps
Step: 139 -  phi=0.538, PE=8.81380705215155e-17 after 169 steps
Step: 140 -  phi=0.539, PE=0.0 after 143 steps
Step: 141 -  phi=0.54, PE=1.947256399855245e-17 after 158 steps
Step: 142 -  phi=0.541, PE=0.0 after 131 steps
Step: 143 -  phi=0.542, PE=8.615631423764455e-17 after 155 steps
Step: 144 -  phi=0.543, PE=1.4707513832564072e-17 after 155 steps
Step: 145 -  phi=0.544, PE=2.167827673005154e-17 after 153 steps
Step: 146 -  phi=0.545, PE=0.0 after 161 steps
Step: 147 -  phi=0.546, PE=4.454650535544541e-17 after 170 steps
Step: 148 -  phi=0.547, PE=5.661204743587576e-17 after 176 steps
Step: 149 -  phi=0.548, PE=0.0 after 152 steps
Step: 150 -  phi=0.549, PE=4.393946840553263e-17 after 152 steps
Step: 151 -  phi=0.55, PE=2.633121159903126e-17 after 172 steps
Step: 152 -  phi=0.551, PE=9.793899911856581e-17 after 206 steps
Step: 153 -  phi=0.552, PE=0.0 after 153 steps
Step: 154 -  phi=0.553, PE=0.0 after 135 steps
Step: 155 -  phi=0.554, PE=8.175090302334941e-17 after 159 steps
Step: 156 -  phi=0.555, PE=8.453775512234366e-17 after 173 steps
Step: 157 -  phi=0.556, PE=0.0 after 164 steps
Step: 158 -  phi=0.557, PE=7.312298962758282e-17 after 159 steps
Step: 159 -  phi=0.558, PE=3.0592372606480347e-18 after 157 steps
Step: 160 -  phi=0.559, PE=3.12246346935652e-17 after 157 steps
Step: 161 -  phi=0.56, PE=0.0 after 164 steps
Step: 162 -  phi=0.561, PE=2.7974291804617336e-17 after 182 steps
Step: 163 -  phi=0.562, PE=6.619077278947144e-17 after 169 steps
Step: 164 -  phi=0.5630000000000001, PE=0.0 after 162 steps
Step: 165 -  phi=0.5640000000000001, PE=6.903687604471774e-17 after 155 steps
Step: 166 -  phi=0.5650000000000001, PE=4.6498248547037286e-17 after 160 steps
Step: 167 -  phi=0.5660000000000001, PE=7.572306336047985e-17 after 155 steps
Step: 168 -  phi=0.5670000000000001, PE=6.606115187370866e-17 after 175 steps
Step: 169 -  phi=0.5680000000000001, PE=8.561363805826587e-17 after 170 steps
Step: 170 -  phi=0.5690000000000001, PE=2.3331050294589175e-17 after 161 steps
Step: 171 -  phi=0.5700000000000001, PE=0.0 after 147 steps
Step: 172 -  phi=0.5710000000000001, PE=9.678139776724358e-17 after 161 steps
Step: 173 -  phi=0.5720000000000001, PE=2.8770478456748437e-20 after 157 steps
Step: 174 -  phi=0.5730000000000001, PE=7.16209216390851e-17 after 171 steps
Step: 175 -  phi=0.5740000000000001, PE=1.2101164439055738e-18 after 157 steps
Step: 176 -  phi=0.5750000000000001, PE=4.1040216301480134e-17 after 156 steps
Step: 177 -  phi=0.5760000000000001, PE=8.24175421442814e-17 after 184 steps
Step: 178 -  phi=0.5770000000000001, PE=9.590250411553212e-17 after 163 steps
Step: 179 -  phi=0.5780000000000001, PE=0.0 after 160 steps
Step: 180 -  phi=0.5790000000000001, PE=3.6792746621285484e-17 after 159 steps
Step: 181 -  phi=0.5800000000000001, PE=5.2863488929397186e-17 after 154 steps
Step: 182 -  phi=0.5810000000000001, PE=6.880966966179041e-17 after 161 steps
Step: 183 -  phi=0.5820000000000001, PE=6.150628964408439e-17 after 157 steps
Step: 184 -  phi=0.5830000000000001, PE=5.895931050904441e-17 after 169 steps
Step: 185 -  phi=0.5840000000000001, PE=8.09895475726455e-18 after 160 steps
Step: 186 -  phi=0.5850000000000001, PE=9.53291260428535e-19 after 153 steps
Step: 187 -  phi=0.5860000000000001, PE=1.3495152793918677e-17 after 144 steps
Step: 188 -  phi=0.5870000000000001, PE=3.285579636585765e-17 after 141 steps
Step: 189 -  phi=0.5880000000000001, PE=3.891053056107984e-17 after 143 steps
Step: 190 -  phi=0.5890000000000001, PE=8.670179004566861e-17 after 151 steps
Step: 191 -  phi=0.5900000000000001, PE=9.048500973207159e-17 after 167 steps
Step: 192 -  phi=0.5910000000000001, PE=1.3138816125487845e-17 after 157 steps
Step: 193 -  phi=0.5920000000000001, PE=0.0 after 158 steps
Step: 194 -  phi=0.5930000000000001, PE=8.723765334422546e-17 after 205 steps
Step: 195 -  phi=0.5940000000000001, PE=5.074331628656949e-17 after 168 steps
Step: 196 -  phi=0.5950000000000001, PE=0.0 after 149 steps
Step: 197 -  phi=0.5960000000000001, PE=6.398728809493182e-17 after 165 steps
Step: 198 -  phi=0.5970000000000001, PE=6.943625272714215e-17 after 173 steps
Step: 199 -  phi=0.5980000000000001, PE=2.5945365052306495e-17 after 170 steps
Step: 200 -  phi=0.5990000000000001, PE=5.693121630881268e-17 after 161 steps
Step: 201 -  phi=0.6000000000000001, PE=2.463631798816841e-17 after 175 steps
Step: 202 -  phi=0.6010000000000001, PE=9.189103366140694e-17 after 193 steps
Step: 203 -  phi=0.6020000000000001, PE=5.772612941513478e-17 after 177 steps
Step: 204 -  phi=0.6030000000000001, PE=6.993063593965297e-17 after 165 steps
Step: 205 -  phi=0.6040000000000001, PE=9.583610896915339e-17 after 188 steps
Step: 206 -  phi=0.6050000000000001, PE=6.65901640539823e-17 after 192 steps
Step: 207 -  phi=0.6060000000000001, PE=5.147713072838853e-17 after 181 steps
Step: 208 -  phi=0.6070000000000001, PE=0.0 after 194 steps
Step: 209 -  phi=0.6080000000000001, PE=2.5406377042592016e-17 after 174 steps
Step: 210 -  phi=0.6090000000000001, PE=0.0 after 167 steps
Step: 211 -  phi=0.6100000000000001, PE=5.67516615884453e-17 after 203 steps
Step: 212 -  phi=0.6110000000000001, PE=7.234021649380501e-17 after 168 steps
Step: 213 -  phi=0.6120000000000001, PE=7.275737845751913e-17 after 181 steps
Step: 214 -  phi=0.6130000000000001, PE=5.711726110091842e-17 after 196 steps
Step: 215 -  phi=0.6140000000000001, PE=9.552435197815435e-17 after 223 steps
Step: 216 -  phi=0.6150000000000001, PE=4.459299132041975e-19 after 192 steps
Step: 217 -  phi=0.6160000000000001, PE=5.800914629607987e-17 after 191 steps
Step: 218 -  phi=0.6170000000000001, PE=0.0 after 163 steps
Step: 219 -  phi=0.6180000000000001, PE=9.312517803433889e-17 after 205 steps
Step: 220 -  phi=0.6190000000000001, PE=7.325168753128636e-17 after 228 steps
Step: 221 -  phi=0.6200000000000001, PE=3.21274552878429e-17 after 179 steps
Step: 222 -  phi=0.6210000000000001, PE=8.812492114112036e-17 after 187 steps
Step: 223 -  phi=0.6220000000000001, PE=7.291691634465378e-17 after 199 steps
Step: 224 -  phi=0.6230000000000001, PE=8.86700010918489e-17 after 217 steps
Step: 225 -  phi=0.6240000000000001, PE=1.838749541742522e-17 after 205 steps
Step: 226 -  phi=0.6250000000000001, PE=9.751004414070146e-17 after 220 steps
Step: 227 -  phi=0.6260000000000001, PE=7.602000211652408e-17 after 220 steps
Step: 228 -  phi=0.6270000000000001, PE=7.241563332931997e-17 after 187 steps
Step: 229 -  phi=0.6280000000000001, PE=8.603665089529292e-17 after 205 steps
Step: 230 -  phi=0.6290000000000001, PE=9.996036815369192e-18 after 194 steps
Step: 231 -  phi=0.6300000000000001, PE=5.574928587072348e-17 after 206 steps
Step: 232 -  phi=0.6310000000000001, PE=9.974588500976277e-17 after 232 steps
Step: 233 -  phi=0.6320000000000001, PE=9.301876236494388e-17 after 208 steps
Step: 234 -  phi=0.6330000000000001, PE=5.855496040860598e-17 after 212 steps
Step: 235 -  phi=0.6340000000000001, PE=0.0 after 192 steps
Step: 236 -  phi=0.6350000000000001, PE=5.958773052399395e-17 after 212 steps
Step: 237 -  phi=0.6360000000000001, PE=7.827380772262433e-17 after 209 steps
Step: 238 -  phi=0.6370000000000001, PE=9.355450799823598e-17 after 210 steps
Step: 239 -  phi=0.6380000000000001, PE=8.941927220951077e-17 after 221 steps
Step: 240 -  phi=0.6390000000000001, PE=9.663039339998484e-17 after 205 steps
Step: 241 -  phi=0.6400000000000001, PE=3.5872317950816553e-17 after 191 steps
Step: 242 -  phi=0.6410000000000001, PE=9.927619773979433e-17 after 210 steps
Step: 243 -  phi=0.6420000000000001, PE=7.521856390787353e-17 after 219 steps
Step: 244 -  phi=0.6430000000000001, PE=9.653376802494421e-17 after 195 steps
Step: 245 -  phi=0.6440000000000001, PE=9.000332068534535e-17 after 230 steps
Step: 246 -  phi=0.6450000000000001, PE=7.28400261975467e-17 after 210 steps
Step: 247 -  phi=0.6460000000000001, PE=7.10513913022522e-17 after 212 steps
Step: 248 -  phi=0.6470000000000001, PE=8.612739485467828e-17 after 227 steps
Step: 249 -  phi=0.6480000000000001, PE=7.903675502379475e-17 after 198 steps
Step: 250 -  phi=0.6490000000000001, PE=7.212825020102262e-17 after 214 steps
Step: 251 -  phi=0.6500000000000001, PE=3.844168189112544e-17 after 231 steps
Step: 252 -  phi=0.6510000000000001, PE=9.147392675760311e-17 after 244 steps
Step: 253 -  phi=0.6520000000000001, PE=8.866199458585991e-17 after 227 steps
Step: 254 -  phi=0.6530000000000001, PE=9.231796803728262e-17 after 222 steps
Step: 255 -  phi=0.6540000000000001, PE=5.405737782137082e-17 after 227 steps
Step: 256 -  phi=0.6550000000000001, PE=9.744119021877172e-17 after 251 steps
Step: 257 -  phi=0.6560000000000001, PE=6.510124363085755e-17 after 225 steps
Step: 258 -  phi=0.6570000000000001, PE=9.822700988067275e-17 after 226 steps
Step: 259 -  phi=0.6580000000000001, PE=6.040378616594129e-17 after 199 steps
Step: 260 -  phi=0.6590000000000001, PE=3.9272386943107973e-17 after 210 steps
Step: 261 -  phi=0.6600000000000001, PE=8.510061109099317e-17 after 208 steps
Step: 262 -  phi=0.6610000000000001, PE=0.0 after 208 steps
Step: 263 -  phi=0.6620000000000001, PE=7.951796224946116e-17 after 214 steps
Step: 264 -  phi=0.6630000000000001, PE=0.0 after 203 steps
Step: 265 -  phi=0.6640000000000001, PE=9.628330409882698e-17 after 216 steps
Step: 266 -  phi=0.6650000000000001, PE=9.873528520284742e-17 after 220 steps
Step: 267 -  phi=0.6660000000000001, PE=9.546418819218662e-17 after 224 steps
Step: 268 -  phi=0.6670000000000001, PE=9.614381827566139e-17 after 215 steps
Step: 269 -  phi=0.6680000000000001, PE=7.702775380921365e-17 after 216 steps
Step: 270 -  phi=0.6690000000000002, PE=9.375648622041916e-17 after 215 steps
Step: 271 -  phi=0.6700000000000002, PE=4.358467119978099e-17 after 220 steps
Step: 272 -  phi=0.6710000000000002, PE=0.0 after 212 steps
Step: 273 -  phi=0.6720000000000002, PE=1.3830069401315606e-17 after 196 steps
Step: 274 -  phi=0.6730000000000002, PE=9.582568233833618e-17 after 226 steps
Step: 275 -  phi=0.6740000000000002, PE=4.9497839001056214e-17 after 224 steps
Step: 276 -  phi=0.6750000000000002, PE=1.3466103613543832e-17 after 226 steps
Step: 277 -  phi=0.6760000000000002, PE=8.577239974565185e-17 after 212 steps
Step: 278 -  phi=0.6770000000000002, PE=7.103747578798568e-17 after 221 steps
Step: 279 -  phi=0.6780000000000002, PE=8.803836644698217e-17 after 262 steps
Step: 280 -  phi=0.6790000000000002, PE=9.397734043200942e-17 after 263 steps
Step: 281 -  phi=0.6800000000000002, PE=6.890420875496676e-18 after 249 steps
Step: 282 -  phi=0.6810000000000002, PE=8.701468633508229e-17 after 245 steps
Step: 283 -  phi=0.6820000000000002, PE=9.362026945411127e-17 after 240 steps
Step: 284 -  phi=0.6830000000000002, PE=5.208636347461728e-17 after 230 steps
Step: 285 -  phi=0.6840000000000002, PE=7.43588417454117e-17 after 253 steps
Step: 286 -  phi=0.6850000000000002, PE=9.893689328679203e-17 after 256 steps
Step: 287 -  phi=0.6860000000000002, PE=7.646366109555602e-17 after 237 steps
Step: 288 -  phi=0.6870000000000002, PE=9.108641097793327e-17 after 250 steps
Step: 289 -  phi=0.6880000000000002, PE=9.371333168473098e-17 after 254 steps
Step: 290 -  phi=0.6890000000000002, PE=4.3127876204774954e-17 after 245 steps
Step: 291 -  phi=0.6900000000000002, PE=5.969623064432055e-17 after 218 steps
Step: 292 -  phi=0.6910000000000002, PE=7.478079725610719e-17 after 243 steps
Step: 293 -  phi=0.6920000000000002, PE=6.89262405862723e-17 after 239 steps
Step: 294 -  phi=0.6930000000000002, PE=9.491040104845023e-17 after 260 steps
Step: 295 -  phi=0.6940000000000002, PE=7.488366878643247e-17 after 250 steps
Step: 296 -  phi=0.6950000000000002, PE=8.813340868198715e-17 after 228 steps
Step: 297 -  phi=0.6960000000000002, PE=4.580360601417035e-17 after 234 steps
Step: 298 -  phi=0.6970000000000002, PE=7.075386533105253e-17 after 264 steps
Step: 299 -  phi=0.6980000000000002, PE=8.800844607362537e-17 after 236 steps
Step: 300 -  phi=0.6990000000000002, PE=4.1862303241730745e-17 after 246 steps
Step: 301 -  phi=0.7000000000000002, PE=9.46918094833873e-17 after 308 steps
Step: 302 -  phi=0.7010000000000002, PE=7.62154952836209e-17 after 248 steps
Step: 303 -  phi=0.7020000000000002, PE=9.286147444509096e-17 after 325 steps
Step: 304 -  phi=0.7030000000000002, PE=9.798560625512925e-17 after 275 steps
Step: 305 -  phi=0.7040000000000002, PE=7.701682586082746e-17 after 286 steps
Step: 306 -  phi=0.7050000000000002, PE=8.887491577740628e-17 after 275 steps
Step: 307 -  phi=0.7060000000000002, PE=7.559241881101233e-17 after 272 steps
Step: 308 -  phi=0.7070000000000002, PE=6.008609923433044e-17 after 277 steps
Step: 309 -  phi=0.7080000000000002, PE=9.230321180646027e-17 after 312 steps
Step: 310 -  phi=0.7090000000000002, PE=8.523599533458346e-17 after 343 steps
Step: 311 -  phi=0.7100000000000002, PE=7.526583401498767e-17 after 301 steps
Step: 312 -  phi=0.7110000000000002, PE=9.332314323719762e-17 after 336 steps
Step: 313 -  phi=0.7120000000000002, PE=5.439858914185027e-17 after 304 steps
Step: 314 -  phi=0.7130000000000002, PE=6.601570889696799e-17 after 281 steps
Step: 315 -  phi=0.7140000000000002, PE=9.643410829567207e-17 after 295 steps
Step: 316 -  phi=0.7150000000000002, PE=9.53928555014749e-17 after 313 steps
Step: 317 -  phi=0.7160000000000002, PE=8.840094138648394e-17 after 303 steps
Step: 318 -  phi=0.7170000000000002, PE=9.816738140875814e-17 after 296 steps
Step: 319 -  phi=0.7180000000000002, PE=7.33914924089899e-17 after 301 steps
Step: 320 -  phi=0.7190000000000002, PE=9.707397395775857e-17 after 313 steps
Step: 321 -  phi=0.7200000000000002, PE=9.771763846951501e-17 after 293 steps
Step: 322 -  phi=0.7210000000000002, PE=9.457559700210815e-17 after 305 steps
Step: 323 -  phi=0.7220000000000002, PE=7.37324857800771e-17 after 302 steps
Step: 324 -  phi=0.7230000000000002, PE=9.935637030780585e-17 after 287 steps
Step: 325 -  phi=0.7240000000000002, PE=8.332242184400843e-17 after 306 steps
Step: 326 -  phi=0.7250000000000002, PE=8.271032317525122e-17 after 301 steps
Step: 327 -  phi=0.7260000000000002, PE=8.775578590365458e-17 after 318 steps
Step: 328 -  phi=0.7270000000000002, PE=8.453678802448541e-17 after 316 steps
Step: 329 -  phi=0.7280000000000002, PE=6.954309693558324e-17 after 314 steps
Step: 330 -  phi=0.7290000000000002, PE=9.224794998762893e-17 after 336 steps
Step: 331 -  phi=0.7300000000000002, PE=7.243440137200824e-17 after 325 steps
Step: 332 -  phi=0.7310000000000002, PE=9.650024826787457e-17 after 326 steps
Step: 333 -  phi=0.7320000000000002, PE=5.4594475541375677e-17 after 338 steps
Step: 334 -  phi=0.7330000000000002, PE=7.089831591548245e-17 after 317 steps
Step: 335 -  phi=0.7340000000000002, PE=8.098155311721976e-17 after 311 steps
Step: 336 -  phi=0.7350000000000002, PE=9.568403148677183e-17 after 316 steps
Step: 337 -  phi=0.7360000000000002, PE=2.8327141042938064e-17 after 357 steps
Step: 338 -  phi=0.7370000000000002, PE=9.281376023569487e-17 after 336 steps
Step: 339 -  phi=0.7380000000000002, PE=2.9454807949084647e-17 after 307 steps
Step: 340 -  phi=0.7390000000000002, PE=9.025218783646143e-17 after 290 steps
Step: 341 -  phi=0.7400000000000002, PE=7.429845545859304e-17 after 300 steps
Step: 342 -  phi=0.7410000000000002, PE=8.673112389204202e-17 after 344 steps
Step: 343 -  phi=0.7420000000000002, PE=6.733463919932916e-17 after 320 steps
Step: 344 -  phi=0.7430000000000002, PE=9.281390601471141e-17 after 335 steps
Step: 345 -  phi=0.7440000000000002, PE=9.532349620372733e-17 after 347 steps
Step: 346 -  phi=0.7450000000000002, PE=9.944342172351565e-17 after 336 steps
Step: 347 -  phi=0.7460000000000002, PE=6.937497803580195e-17 after 333 steps
Step: 348 -  phi=0.7470000000000002, PE=9.836027982133438e-17 after 324 steps
Step: 349 -  phi=0.7480000000000002, PE=7.177186735997213e-17 after 322 steps
Step: 350 -  phi=0.7490000000000002, PE=9.930752754970458e-17 after 333 steps
Step: 351 -  phi=0.7500000000000002, PE=7.731380570426613e-17 after 317 steps
Step: 352 -  phi=0.7510000000000002, PE=9.329523714676677e-17 after 355 steps
Step: 353 -  phi=0.7520000000000002, PE=9.429146495505232e-17 after 311 steps
Step: 354 -  phi=0.7530000000000002, PE=7.997648966134612e-17 after 324 steps
Step: 355 -  phi=0.7540000000000002, PE=9.849505161278016e-17 after 367 steps
Step: 356 -  phi=0.7550000000000002, PE=8.582192923717638e-17 after 318 steps
Step: 357 -  phi=0.7560000000000002, PE=8.967616471774078e-17 after 336 steps
Step: 358 -  phi=0.7570000000000002, PE=9.863786144777414e-17 after 306 steps
Step: 359 -  phi=0.7580000000000002, PE=9.536441069704158e-17 after 448 steps
Step: 360 -  phi=0.7590000000000002, PE=9.859899447302463e-17 after 323 steps
Step: 361 -  phi=0.7600000000000002, PE=9.76302422833941e-17 after 424 steps
Step: 362 -  phi=0.7610000000000002, PE=8.489757162587327e-17 after 317 steps
Step: 363 -  phi=0.7620000000000002, PE=8.23027815038453e-17 after 339 steps
Step: 364 -  phi=0.7630000000000002, PE=8.629549342117258e-17 after 357 steps
Step: 365 -  phi=0.7640000000000002, PE=9.822293328655001e-17 after 400 steps
Step: 366 -  phi=0.7650000000000002, PE=9.223505924797122e-17 after 381 steps
Step: 367 -  phi=0.7660000000000002, PE=9.807683970689706e-17 after 414 steps
Step: 368 -  phi=0.7670000000000002, PE=8.710921754934354e-17 after 366 steps
Step: 369 -  phi=0.7680000000000002, PE=9.458507538516852e-17 after 369 steps
Step: 370 -  phi=0.7690000000000002, PE=8.549117942168975e-17 after 358 steps
Step: 371 -  phi=0.7700000000000002, PE=9.60732692753138e-17 after 374 steps
Step: 372 -  phi=0.7710000000000002, PE=8.549754716327516e-17 after 379 steps
Step: 373 -  phi=0.7720000000000002, PE=9.751245256264192e-17 after 398 steps
Step: 374 -  phi=0.7730000000000002, PE=7.818089639153053e-17 after 380 steps
Step: 375 -  phi=0.7740000000000002, PE=9.875694116348101e-17 after 402 steps
Step: 376 -  phi=0.7750000000000002, PE=7.297240681077746e-17 after 390 steps
Step: 377 -  phi=0.7760000000000002, PE=9.80357561457144e-17 after 362 steps
Step: 378 -  phi=0.7770000000000002, PE=8.634677579187179e-17 after 470 steps
Step: 379 -  phi=0.7780000000000002, PE=9.073895524162543e-17 after 350 steps
Step: 380 -  phi=0.7790000000000002, PE=8.441486776902059e-17 after 335 steps
Step: 381 -  phi=0.7800000000000002, PE=8.859790668978105e-17 after 369 steps
Step: 382 -  phi=0.7810000000000002, PE=8.28175806394434e-17 after 399 steps
Step: 383 -  phi=0.7820000000000003, PE=8.452798642958575e-17 after 406 steps
Step: 384 -  phi=0.7830000000000003, PE=7.462903949382092e-17 after 387 steps
Step: 385 -  phi=0.7840000000000003, PE=9.623637302062983e-17 after 435 steps
Step: 386 -  phi=0.7850000000000003, PE=8.136073712792866e-17 after 411 steps
Step: 387 -  phi=0.7860000000000003, PE=9.718170199886684e-17 after 404 steps
Step: 388 -  phi=0.7870000000000003, PE=8.896808466470697e-17 after 461 steps
Step: 389 -  phi=0.7880000000000003, PE=9.782321259704632e-17 after 427 steps
Step: 390 -  phi=0.7890000000000003, PE=7.376881506557794e-17 after 410 steps
Step: 391 -  phi=0.7900000000000003, PE=9.644033328272641e-17 after 453 steps
Step: 392 -  phi=0.7910000000000003, PE=5.519307264998202e-17 after 413 steps
Step: 393 -  phi=0.7920000000000003, PE=9.770135454524061e-17 after 425 steps
Step: 394 -  phi=0.7930000000000003, PE=9.169741315107044e-17 after 479 steps
Step: 395 -  phi=0.7940000000000003, PE=9.835858139968382e-17 after 476 steps
Step: 396 -  phi=0.7950000000000003, PE=9.223909371171478e-17 after 475 steps
Step: 397 -  phi=0.7960000000000003, PE=8.012953501526027e-17 after 422 steps
Step: 398 -  phi=0.7970000000000003, PE=8.423888241881424e-17 after 474 steps
Step: 399 -  phi=0.7980000000000003, PE=9.134964473230208e-17 after 485 steps
Step: 400 -  phi=0.7990000000000003, PE=8.616849498245109e-17 after 495 steps
Step: 401 -  phi=0.8000000000000003, PE=9.675023927378134e-17 after 462 steps
Step: 402 -  phi=0.8010000000000003, PE=9.052268884204513e-17 after 505 steps
Step: 403 -  phi=0.8020000000000003, PE=9.243550047446564e-17 after 470 steps
Step: 404 -  phi=0.8030000000000003, PE=9.864904561403657e-17 after 482 steps
Step: 405 -  phi=0.8040000000000003, PE=8.870581844429567e-17 after 525 steps
Step: 406 -  phi=0.8050000000000003, PE=8.280423957244516e-17 after 502 steps
Step: 407 -  phi=0.8060000000000003, PE=8.486062852154256e-17 after 536 steps
Step: 408 -  phi=0.8070000000000003, PE=7.057284225757221e-17 after 518 steps
Step: 409 -  phi=0.8080000000000003, PE=9.405676865038221e-17 after 747 steps
Step: 410 -  phi=0.8090000000000003, PE=9.660369170893128e-17 after 541 steps
Step: 411 -  phi=0.8100000000000003, PE=7.920411925441805e-17 after 573 steps
Step: 412 -  phi=0.8110000000000003, PE=9.825234464495623e-17 after 585 steps
Step: 413 -  phi=0.8120000000000003, PE=8.949865436668238e-17 after 575 steps
Step: 414 -  phi=0.8130000000000003, PE=8.973781143556685e-17 after 670 steps
Step: 415 -  phi=0.8140000000000003, PE=9.587842049341161e-17 after 674 steps
Step: 416 -  phi=0.8150000000000003, PE=9.254197755939509e-17 after 700 steps
Step: 417 -  phi=0.8160000000000003, PE=8.31372487811334e-17 after 740 steps
Step: 418 -  phi=0.8170000000000003, PE=8.840258141318856e-17 after 686 steps
Step: 419 -  phi=0.8180000000000003, PE=9.454487720004224e-17 after 942 steps
Step: 420 -  phi=0.8190000000000003, PE=9.502558666162058e-17 after 860 steps
Step: 421 -  phi=0.8200000000000003, PE=9.629372558029368e-17 after 837 steps
Step: 422 -  phi=0.8210000000000003, PE=7.033356604060964e-17 after 749 steps
Step: 423 -  phi=0.8220000000000003, PE=8.992877561379866e-17 after 1169 steps
Step: 424 -  phi=0.8230000000000003, PE=9.438984361334302e-17 after 816 steps
Step: 425 -  phi=0.8240000000000003, PE=8.809258363828495e-17 after 916 steps
Step: 426 -  phi=0.8250000000000003, PE=9.858264314688043e-17 after 1045 steps
Step: 427 -  phi=0.8260000000000003, PE=9.771211901607226e-17 after 997 steps
Step: 428 -  phi=0.8270000000000003, PE=9.945330548867842e-17 after 1023 steps
Step: 429 -  phi=0.8280000000000003, PE=9.349246455146911e-17 after 982 steps
Step: 430 -  phi=0.8290000000000003, PE=9.87366733039931e-17 after 1363 steps
Step: 431 -  phi=0.8300000000000003, PE=9.563979652064094e-17 after 1035 steps
Step: 432 -  phi=0.8310000000000003, PE=9.293490015702385e-17 after 1212 steps
Step: 433 -  phi=0.8320000000000003, PE=9.44546138266157e-17 after 1509 steps
Step: 434 -  phi=0.8330000000000003, PE=8.708513476965051e-17 after 1276 steps
Step: 435 -  phi=0.8340000000000003, PE=9.623833184280713e-17 after 1315 steps
Step: 436 -  phi=0.8350000000000003, PE=9.394720148865532e-17 after 1593 steps
Step: 437 -  phi=0.8360000000000003, PE=9.740517368706595e-17 after 1008 steps
Step: 438 -  phi=0.8370000000000003, PE=9.592630781375537e-17 after 976 steps
Step: 439 -  phi=0.8380000000000003, PE=9.967408479104534e-17 after 1356 steps
Step: 440 -  phi=0.8390000000000003, PE=9.572971551821893e-17 after 1053 steps
Step: 441 -  phi=0.8400000000000003, PE=9.469731019279815e-17 after 1618 steps
Step: 442 -  phi=0.8410000000000003, PE=9.887901525928876e-17 after 1745 steps
Step: 443 -  phi=0.8420000000000003, PE=9.635544393188862e-17 after 1842 steps
Step: 444 -  phi=0.8430000000000003, PE=9.968948642083368e-17 after 2051 steps
Step: 445 -  phi=0.8440000000000003, PE=9.654008366962504e-17 after 1923 steps
Step: 446 -  phi=0.8450000000000003, PE=9.647772808397373e-17 after 2027 steps
Step: 447 -  phi=0.8460000000000003, PE=9.65738985274029e-17 after 1955 steps
Step: 448 -  phi=0.8470000000000003, PE=9.892894044813315e-17 after 3027 steps
Step: 449 -  phi=0.8480000000000003, PE=9.802072855595271e-17 after 2984 steps
Step: 450 -  phi=0.8490000000000003, PE=9.958866048386243e-17 after 4944 steps
Step: 451 -  phi=0.8500000000000003, PE=9.938822286729053e-17 after 4427 steps
Step: 452 -  phi=0.8510000000000003, PE=9.976576648726403e-17 after 6584 steps
Step: 453 -  phi=0.8520000000000003, PE=9.977150735179208e-17 after 10460 steps
Step: 454 -  phi=0.8530000000000003, PE=9.99895694963751e-17 after 15000 steps
Step: 455 -  phi=0.8540000000000003, PE=9.996537210054852e-17 after 27958 steps
Step: 456 -  phi=0.8550000000000003, PE=9.996531551801497e-17 after 45969 steps
Step: 457 -  phi=0.8560000000000003, PE=9.998032391021587e-17 after 107319 steps
Step: 458 -  phi=0.8570000000000003, PE=9.999746094391678e-17 after 148488 steps
Step: 459 -  phi=0.8580000000000003, PE=9.995070175212468e-17 after 63715 steps
Step: 460 -  phi=0.8590000000000003, PE=1.2185584804110698e-08 after 89608 steps
Step: 461 -  phi=0.8585000000000003, PE=9.999724787076072e-17 after 206497 steps
Step: 462 -  phi=0.8587500000000003, PE=1.2596722607684743e-11 after 260644 steps
Step: 463 -  phi=0.8586250000000003, PE=9.997663459147131e-17 after 159299 steps
Step: 464 -  phi=0.8586875000000003, PE=9.998224838227387e-17 after 208880 steps
Step: 465 -  phi=0.8587187500000003, PE=9.996208080818875e-17 after 226200 steps
Step: 466 -  phi=0.8587343750000003, PE=3.5850042188786863e-12 after 222673 steps
Step: 467 -  phi=0.8587265625000002, PE=5.053082567212845e-13 after 408839 steps
Step: 468 -  phi=0.8587226562500003, PE=1.68562833095901e-14 after 1000000 steps
Step: 469 -  phi=0.8587207031250004, PE=9.999335865061712e-17 after 173536 steps
Step: 470 -  phi=0.8587216796875003, PE=9.999933445891798e-17 after 378673 steps
Step: 471 -  phi=0.8587221679687503, PE=3.4545749332617532e-15 after 455681 steps
Step: 472 -  phi=0.8587219238281254, PE=5.015220466204576e-16 after 1000000 steps
Step: 473 -  phi=0.8587218017578129, PE=9.999994008783398e-17 after 301494 steps
Step: 474 -  phi=0.8587218627929691, PE=1.768804106602567e-16 after 777606 steps
Step: 475 -  phi=0.858721832275391, PE=9.999974308515438e-17 after 93672 steps
Step: 476 -  phi=0.85872184753418, PE=1.215693876158891e-16 after 1000000 steps
Step: 477 -  phi=0.8587218399047856, PE=9.999995281163506e-17 after 170250 steps
Step: 478 -  phi=0.8587218437194828, PE=1.0935725893533611e-16 after 1000000 steps
Step: 479 -  phi=0.8587218418121342, PE=1.0349353816118125e-16 after 801258 steps
Step: 480 -  phi=0.8587218408584598, PE=1.0062226437254236e-16 after 1000000 steps
Step: 481 -  phi=0.8587218403816227, PE=9.999998228620558e-17 after 44991 steps
Step: 482 -  phi=0.8587218406200412, PE=9.99999546010408e-17 after 21866 steps
Step: 483 -  phi=0.8587218407392505, PE=1.0026619536602359e-16 after 1000000 steps
Step: 484 -  phi=0.8587218406796459, PE=1.0008839767271801e-16 after 203531 steps
Jammed: phi = 0.858722, residual PE = 1.001e-16
