The following modules were not unloaded:
  (Use "module --force purge" to unload all):

  1) StdEnv
sys:1: RuntimeWarning: h5: callable: skipping callable field 'user_pre_step_actions' (<PjitFunction of <function _save_state_system at 0x14cb6fe53ba0>>); handle explicitly
sys:1: RuntimeWarning: h5: callable: skipping callable field 'user_post_step_actions' (<PjitFunction of <function _save_state_system at 0x14cb6fe53ba0>>); handle explicitly
/home/rg2248/analysis/summer-26/jam/thomson/jam2d-thomson.py:74: RuntimeWarning: h5: callable: skipping callable field '0' (<function fire.<locals>.init at 0x14ca558cf100>); handle explicitly
  save(system, join(data_root, 'system.h5'))
/home/rg2248/analysis/summer-26/jam/thomson/jam2d-thomson.py:74: RuntimeWarning: h5: callable: skipping callable field '1' (<function fire.<locals>.update at 0x14ca558cefc0>); handle explicitly
  save(system, join(data_root, 'system.h5'))
Initial minimization took 0 steps.
Step: 1 -  phi=0.39999999999999997, PE=7.459357472868111e-17 after 0 steps
Step: 2 -  phi=0.40099999999999997, PE=2.555828275200189e-17 after 110 steps
Step: 3 -  phi=0.40199999999999997, PE=6.567259613246556e-17 after 135 steps
Step: 4 -  phi=0.40299999999999997, PE=0.0 after 174 steps
Step: 5 -  phi=0.40399999999999997, PE=0.0 after 119 steps
Step: 6 -  phi=0.40499999999999997, PE=4.3885944762720235e-17 after 130 steps
Step: 7 -  phi=0.40599999999999997, PE=9.772882975508449e-17 after 199 steps
Step: 8 -  phi=0.407, PE=6.984842503422248e-17 after 135 steps
Step: 9 -  phi=0.408, PE=1.2311263447278991e-17 after 139 steps
Step: 10 -  phi=0.409, PE=5.2596794811369495e-17 after 106 steps
Step: 11 -  phi=0.41, PE=4.046025764723121e-17 after 157 steps
Step: 12 -  phi=0.411, PE=0.0 after 129 steps
Step: 13 -  phi=0.412, PE=8.645932666521155e-17 after 134 steps
Step: 14 -  phi=0.413, PE=6.746233575230441e-17 after 122 steps
Step: 15 -  phi=0.414, PE=0.0 after 137 steps
Step: 16 -  phi=0.415, PE=1.6881865005143799e-21 after 124 steps
Step: 17 -  phi=0.416, PE=9.200414148184253e-17 after 147 steps
Step: 18 -  phi=0.417, PE=5.446019168878757e-18 after 129 steps
Step: 19 -  phi=0.418, PE=1.0800176780636477e-17 after 130 steps
Step: 20 -  phi=0.419, PE=8.901442835113333e-17 after 142 steps
Step: 21 -  phi=0.42, PE=1.0301611906866888e-17 after 143 steps
Step: 22 -  phi=0.421, PE=3.8551994521579814e-17 after 143 steps
Step: 23 -  phi=0.422, PE=6.785085122694336e-17 after 149 steps
Step: 24 -  phi=0.423, PE=0.0 after 128 steps
Step: 25 -  phi=0.424, PE=9.817227349508364e-17 after 163 steps
Step: 26 -  phi=0.425, PE=8.411236736082319e-17 after 150 steps
Step: 27 -  phi=0.426, PE=0.0 after 147 steps
Step: 28 -  phi=0.427, PE=8.897943450262753e-17 after 171 steps
Step: 29 -  phi=0.428, PE=4.590909481485599e-17 after 142 steps
Step: 30 -  phi=0.429, PE=9.037482300590828e-17 after 160 steps
Step: 31 -  phi=0.43, PE=3.85258141731526e-17 after 141 steps
Step: 32 -  phi=0.431, PE=9.749649068302005e-17 after 168 steps
Step: 33 -  phi=0.432, PE=9.402819204285722e-18 after 158 steps
Step: 34 -  phi=0.433, PE=0.0 after 154 steps
Step: 35 -  phi=0.434, PE=0.0 after 143 steps
Step: 36 -  phi=0.435, PE=8.580176116778058e-17 after 157 steps
Step: 37 -  phi=0.436, PE=7.339433696056404e-17 after 146 steps
Step: 38 -  phi=0.437, PE=9.853737538490441e-17 after 142 steps
Step: 39 -  phi=0.438, PE=8.192952634258009e-17 after 157 steps
Step: 40 -  phi=0.439, PE=9.074047910436427e-17 after 147 steps
Step: 41 -  phi=0.44, PE=9.677921629115889e-17 after 177 steps
Step: 42 -  phi=0.441, PE=0.0 after 156 steps
Step: 43 -  phi=0.442, PE=7.623283183740106e-17 after 173 steps
Step: 44 -  phi=0.443, PE=4.040737972995812e-18 after 139 steps
Step: 45 -  phi=0.444, PE=1.2515343160406547e-17 after 145 steps
Step: 46 -  phi=0.445, PE=9.345298586995001e-17 after 140 steps
Step: 47 -  phi=0.446, PE=0.0 after 144 steps
Step: 48 -  phi=0.447, PE=5.514251361771823e-18 after 154 steps
Step: 49 -  phi=0.448, PE=9.918789438486466e-18 after 149 steps
Step: 50 -  phi=0.449, PE=9.297529396343079e-17 after 160 steps
Step: 51 -  phi=0.45, PE=9.89571048590441e-17 after 171 steps
Step: 52 -  phi=0.451, PE=4.560434778474187e-17 after 161 steps
Step: 53 -  phi=0.452, PE=1.696983075560748e-17 after 155 steps
Step: 54 -  phi=0.453, PE=5.65055447717161e-17 after 156 steps
Step: 55 -  phi=0.454, PE=8.856188722458353e-17 after 174 steps
Step: 56 -  phi=0.455, PE=6.380123336631562e-17 after 167 steps
Step: 57 -  phi=0.456, PE=0.0 after 155 steps
Step: 58 -  phi=0.457, PE=5.956286053231086e-17 after 194 steps
Step: 59 -  phi=0.458, PE=9.657439959840159e-17 after 171 steps
Step: 60 -  phi=0.459, PE=7.901366453985438e-17 after 167 steps
Step: 61 -  phi=0.46, PE=8.486569205512221e-17 after 176 steps
Step: 62 -  phi=0.461, PE=6.925316040776148e-17 after 158 steps
Step: 63 -  phi=0.462, PE=6.29972888047102e-17 after 174 steps
Step: 64 -  phi=0.463, PE=8.392470314795948e-17 after 196 steps
Step: 65 -  phi=0.464, PE=5.299728617581315e-17 after 178 steps
Step: 66 -  phi=0.465, PE=7.421880528021743e-17 after 172 steps
Step: 67 -  phi=0.466, PE=0.0 after 178 steps
Step: 68 -  phi=0.467, PE=9.189805067966423e-17 after 182 steps
Step: 69 -  phi=0.468, PE=5.375011986287696e-17 after 179 steps
Step: 70 -  phi=0.46900000000000003, PE=6.420271148469921e-18 after 179 steps
Step: 71 -  phi=0.47000000000000003, PE=9.27998583099179e-17 after 188 steps
Step: 72 -  phi=0.47100000000000003, PE=2.7904183188100965e-17 after 249 steps
Step: 73 -  phi=0.47200000000000003, PE=8.921315924719262e-17 after 226 steps
Step: 74 -  phi=0.47300000000000003, PE=9.871382122091692e-17 after 224 steps
Step: 75 -  phi=0.47400000000000003, PE=8.844142909797232e-17 after 243 steps
Step: 76 -  phi=0.47500000000000003, PE=8.455195143831459e-17 after 254 steps
Step: 77 -  phi=0.47600000000000003, PE=7.508241470137848e-17 after 227 steps
Step: 78 -  phi=0.47700000000000004, PE=8.636749656879719e-17 after 201 steps
Step: 79 -  phi=0.47800000000000004, PE=7.589884195080911e-17 after 247 steps
Step: 80 -  phi=0.47900000000000004, PE=3.413939121041825e-17 after 185 steps
Step: 81 -  phi=0.48000000000000004, PE=6.597155009894216e-17 after 199 steps
Step: 82 -  phi=0.48100000000000004, PE=0.0 after 187 steps
Step: 83 -  phi=0.48200000000000004, PE=7.811338751259908e-17 after 198 steps
Step: 84 -  phi=0.48300000000000004, PE=3.5477837283940754e-17 after 184 steps
Step: 85 -  phi=0.48400000000000004, PE=8.111586908790723e-17 after 191 steps
Step: 86 -  phi=0.48500000000000004, PE=7.665996294815376e-17 after 201 steps
Step: 87 -  phi=0.48600000000000004, PE=6.585046396870217e-17 after 256 steps
Step: 88 -  phi=0.48700000000000004, PE=9.885547627146702e-17 after 253 steps
Step: 89 -  phi=0.48800000000000004, PE=9.886962153022233e-17 after 268 steps
Step: 90 -  phi=0.48900000000000005, PE=6.144404821693915e-17 after 253 steps
Step: 91 -  phi=0.49000000000000005, PE=8.990968858895281e-17 after 273 steps
Step: 92 -  phi=0.49100000000000005, PE=6.082408542137287e-17 after 265 steps
Step: 93 -  phi=0.49200000000000005, PE=6.152485535465357e-17 after 281 steps
Step: 94 -  phi=0.49300000000000005, PE=5.0200707125600276e-17 after 268 steps
Step: 95 -  phi=0.49400000000000005, PE=8.459153153475185e-17 after 254 steps
Step: 96 -  phi=0.49500000000000005, PE=7.311971065303679e-17 after 257 steps
Step: 97 -  phi=0.49600000000000005, PE=8.582224812488464e-17 after 253 steps
Step: 98 -  phi=0.49700000000000005, PE=8.731862572690993e-17 after 239 steps
Step: 99 -  phi=0.49800000000000005, PE=9.469497057379812e-17 after 244 steps
Step: 100 -  phi=0.49900000000000005, PE=9.386063194406455e-17 after 258 steps
Step: 101 -  phi=0.5, PE=9.764320753204253e-17 after 257 steps
Step: 102 -  phi=0.501, PE=9.115774673471415e-17 after 241 steps
Step: 103 -  phi=0.502, PE=5.556574001272203e-17 after 275 steps
Step: 104 -  phi=0.503, PE=7.0710039173319e-17 after 277 steps
Step: 105 -  phi=0.504, PE=9.128357572105583e-17 after 308 steps
Step: 106 -  phi=0.505, PE=3.0938722130389724e-17 after 264 steps
Step: 107 -  phi=0.506, PE=8.96799061848387e-17 after 299 steps
Step: 108 -  phi=0.507, PE=5.932465134331172e-17 after 253 steps
Step: 109 -  phi=0.508, PE=7.695205439657507e-17 after 275 steps
Step: 110 -  phi=0.509, PE=8.928889770654918e-17 after 227 steps
Step: 111 -  phi=0.51, PE=3.9855012366621414e-17 after 264 steps
Step: 112 -  phi=0.511, PE=8.25812326472947e-17 after 303 steps
Step: 113 -  phi=0.512, PE=4.240063752404767e-17 after 247 steps
Step: 114 -  phi=0.513, PE=9.900306797777633e-17 after 296 steps
Step: 115 -  phi=0.514, PE=7.591847230157391e-17 after 288 steps
Step: 116 -  phi=0.515, PE=7.381380071658952e-17 after 269 steps
Step: 117 -  phi=0.516, PE=7.878820224295436e-17 after 243 steps
Step: 118 -  phi=0.517, PE=4.16649479458494e-17 after 247 steps
Step: 119 -  phi=0.518, PE=8.967764559406796e-17 after 292 steps
Step: 120 -  phi=0.519, PE=6.940713272703741e-17 after 243 steps
Step: 121 -  phi=0.52, PE=8.234233218617284e-17 after 242 steps
Step: 122 -  phi=0.521, PE=9.698578559174719e-17 after 280 steps
Step: 123 -  phi=0.522, PE=5.3863083612565073e-17 after 270 steps
Step: 124 -  phi=0.523, PE=8.677569919180694e-17 after 272 steps
Step: 125 -  phi=0.524, PE=9.675033399664218e-17 after 273 steps
Step: 126 -  phi=0.525, PE=8.607040253423147e-17 after 270 steps
Step: 127 -  phi=0.526, PE=9.893013346838386e-17 after 276 steps
Step: 128 -  phi=0.527, PE=8.365918290769188e-17 after 292 steps
Step: 129 -  phi=0.528, PE=4.2272707087253103e-17 after 240 steps
Step: 130 -  phi=0.529, PE=8.092842331238029e-17 after 264 steps
Step: 131 -  phi=0.53, PE=6.384282977932213e-17 after 254 steps
Step: 132 -  phi=0.531, PE=7.868831775950843e-17 after 255 steps
Step: 133 -  phi=0.532, PE=9.268191535493125e-17 after 263 steps
Step: 134 -  phi=0.533, PE=9.962222539997645e-17 after 292 steps
Step: 135 -  phi=0.534, PE=5.3605686199656177e-17 after 283 steps
Step: 136 -  phi=0.535, PE=5.135123175639659e-17 after 278 steps
Step: 137 -  phi=0.536, PE=2.248036480110108e-17 after 275 steps
Step: 138 -  phi=0.537, PE=6.511967291573788e-17 after 250 steps
Step: 139 -  phi=0.538, PE=7.110053861255388e-17 after 255 steps
Step: 140 -  phi=0.539, PE=5.33278769315068e-17 after 274 steps
Step: 141 -  phi=0.54, PE=7.007607977186499e-17 after 283 steps
Step: 142 -  phi=0.541, PE=8.215487392014633e-17 after 293 steps
Step: 143 -  phi=0.542, PE=9.777295565326074e-17 after 258 steps
Step: 144 -  phi=0.543, PE=2.665278395958356e-17 after 279 steps
Step: 145 -  phi=0.544, PE=1.0960150428094509e-17 after 248 steps
Step: 146 -  phi=0.545, PE=7.927834802305422e-17 after 275 steps
Step: 147 -  phi=0.546, PE=7.797165675646683e-17 after 256 steps
Step: 148 -  phi=0.547, PE=8.794343057269684e-17 after 257 steps
Step: 149 -  phi=0.548, PE=0.0 after 264 steps
Step: 150 -  phi=0.549, PE=6.04592876119247e-17 after 280 steps
Step: 151 -  phi=0.55, PE=9.458599410244044e-17 after 255 steps
Step: 152 -  phi=0.551, PE=8.819507412260897e-17 after 287 steps
Step: 153 -  phi=0.552, PE=9.619747789618336e-17 after 312 steps
Step: 154 -  phi=0.553, PE=8.444298066525242e-17 after 265 steps
Step: 155 -  phi=0.554, PE=9.384087007224633e-17 after 262 steps
Step: 156 -  phi=0.555, PE=9.936237336665161e-17 after 272 steps
Step: 157 -  phi=0.556, PE=9.672704808650031e-17 after 294 steps
Step: 158 -  phi=0.557, PE=9.296861181028764e-18 after 248 steps
Step: 159 -  phi=0.558, PE=6.948555001066606e-17 after 243 steps
Step: 160 -  phi=0.559, PE=8.27698952733702e-17 after 251 steps
Step: 161 -  phi=0.56, PE=8.556229659992223e-17 after 254 steps
Step: 162 -  phi=0.561, PE=5.814650298999906e-17 after 268 steps
Step: 163 -  phi=0.562, PE=2.554077150799562e-17 after 239 steps
Step: 164 -  phi=0.5630000000000001, PE=5.2160370654953857e-17 after 250 steps
Step: 165 -  phi=0.5640000000000001, PE=2.1538705398538227e-17 after 268 steps
Step: 166 -  phi=0.5650000000000001, PE=4.82905629354358e-17 after 246 steps
Step: 167 -  phi=0.5660000000000001, PE=8.526572159746933e-17 after 279 steps
Step: 168 -  phi=0.5670000000000001, PE=6.257805269295627e-17 after 273 steps
Step: 169 -  phi=0.5680000000000001, PE=1.8853695704858396e-17 after 245 steps
Step: 170 -  phi=0.5690000000000001, PE=1.1457906119124779e-17 after 252 steps
Step: 171 -  phi=0.5700000000000001, PE=9.664526956796247e-17 after 260 steps
Step: 172 -  phi=0.5710000000000001, PE=8.543585136252266e-17 after 241 steps
Step: 173 -  phi=0.5720000000000001, PE=9.388678169101505e-17 after 246 steps
Step: 174 -  phi=0.5730000000000001, PE=9.927955474140341e-17 after 227 steps
Step: 175 -  phi=0.5740000000000001, PE=9.945776352208093e-17 after 239 steps
Step: 176 -  phi=0.5750000000000001, PE=5.390089189573063e-17 after 226 steps
Step: 177 -  phi=0.5760000000000001, PE=9.541350774170522e-17 after 314 steps
Step: 178 -  phi=0.5770000000000001, PE=0.0 after 280 steps
Step: 179 -  phi=0.5780000000000001, PE=9.455338869700446e-17 after 302 steps
Step: 180 -  phi=0.5790000000000001, PE=8.512410211830487e-17 after 299 steps
Step: 181 -  phi=0.5800000000000001, PE=7.26239920959324e-17 after 289 steps
Step: 182 -  phi=0.5810000000000001, PE=8.851043486945608e-17 after 266 steps
Step: 183 -  phi=0.5820000000000001, PE=9.054711398569456e-17 after 312 steps
Step: 184 -  phi=0.5830000000000001, PE=8.930700173619068e-17 after 282 steps
Step: 185 -  phi=0.5840000000000001, PE=6.813293761236722e-17 after 282 steps
Step: 186 -  phi=0.5850000000000001, PE=9.578028539568552e-17 after 296 steps
Step: 187 -  phi=0.5860000000000001, PE=8.68870845986187e-17 after 274 steps
Step: 188 -  phi=0.5870000000000001, PE=8.889048791873978e-17 after 304 steps
Step: 189 -  phi=0.5880000000000001, PE=9.466279051049919e-17 after 305 steps
Step: 190 -  phi=0.5890000000000001, PE=9.156023423501277e-17 after 295 steps
Step: 191 -  phi=0.5900000000000001, PE=9.287632216916982e-17 after 282 steps
Step: 192 -  phi=0.5910000000000001, PE=6.520768814294887e-17 after 275 steps
Step: 193 -  phi=0.5920000000000001, PE=5.902663038549145e-17 after 315 steps
Step: 194 -  phi=0.5930000000000001, PE=6.754315040982189e-17 after 313 steps
Step: 195 -  phi=0.5940000000000001, PE=5.054695345315362e-17 after 334 steps
Step: 196 -  phi=0.5950000000000001, PE=9.201032306836557e-17 after 331 steps
Step: 197 -  phi=0.5960000000000001, PE=8.540864908255695e-17 after 330 steps
Step: 198 -  phi=0.5970000000000001, PE=8.653936826386607e-17 after 331 steps
Step: 199 -  phi=0.5980000000000001, PE=8.696288360098145e-17 after 329 steps
Step: 200 -  phi=0.5990000000000001, PE=9.817843877633972e-17 after 293 steps
Step: 201 -  phi=0.6000000000000001, PE=9.193113511248798e-17 after 337 steps
Step: 202 -  phi=0.6010000000000001, PE=4.313723443981849e-17 after 336 steps
Step: 203 -  phi=0.6020000000000001, PE=8.330843130995932e-17 after 316 steps
Step: 204 -  phi=0.6030000000000001, PE=9.800227207955305e-17 after 326 steps
Step: 205 -  phi=0.6040000000000001, PE=3.8989894223059923e-17 after 309 steps
Step: 206 -  phi=0.6050000000000001, PE=8.324160278221233e-17 after 385 steps
Step: 207 -  phi=0.6060000000000001, PE=6.431248054770168e-17 after 351 steps
Step: 208 -  phi=0.6070000000000001, PE=9.962822052188536e-17 after 346 steps
Step: 209 -  phi=0.6080000000000001, PE=6.68062722119779e-17 after 333 steps
Step: 210 -  phi=0.6090000000000001, PE=6.393040133363937e-17 after 300 steps
Step: 211 -  phi=0.6100000000000001, PE=6.158667011183584e-17 after 310 steps
Step: 212 -  phi=0.6110000000000001, PE=8.233130251260373e-17 after 311 steps
Step: 213 -  phi=0.6120000000000001, PE=9.165791344160258e-17 after 295 steps
Step: 214 -  phi=0.6130000000000001, PE=8.903201472210373e-17 after 356 steps
Step: 215 -  phi=0.6140000000000001, PE=8.59490751044969e-17 after 296 steps
Step: 216 -  phi=0.6150000000000001, PE=8.810238192019026e-17 after 297 steps
Step: 217 -  phi=0.6160000000000001, PE=7.462628764508468e-17 after 319 steps
Step: 218 -  phi=0.6170000000000001, PE=7.326771273834418e-17 after 357 steps
Step: 219 -  phi=0.6180000000000001, PE=8.65678274589857e-17 after 339 steps
Step: 220 -  phi=0.6190000000000001, PE=9.841411802116177e-17 after 337 steps
Step: 221 -  phi=0.6200000000000001, PE=9.339604532827379e-17 after 318 steps
Step: 222 -  phi=0.6210000000000001, PE=6.733712238278002e-17 after 342 steps
Step: 223 -  phi=0.6220000000000001, PE=8.40169522843391e-17 after 314 steps
Step: 224 -  phi=0.6230000000000001, PE=8.398952221206679e-17 after 327 steps
Step: 225 -  phi=0.6240000000000001, PE=7.838868668980422e-17 after 328 steps
Step: 226 -  phi=0.6250000000000001, PE=9.174844196875642e-17 after 383 steps
Step: 227 -  phi=0.6260000000000001, PE=6.43686573346924e-17 after 330 steps
Step: 228 -  phi=0.6270000000000001, PE=8.098407360875924e-17 after 354 steps
Step: 229 -  phi=0.6280000000000001, PE=9.973683110457639e-17 after 395 steps
Step: 230 -  phi=0.6290000000000001, PE=8.274704996820284e-17 after 361 steps
Step: 231 -  phi=0.6300000000000001, PE=6.867397090435166e-17 after 386 steps
Step: 232 -  phi=0.6310000000000001, PE=9.636539185907539e-17 after 512 steps
Step: 233 -  phi=0.6320000000000001, PE=9.435320277814455e-17 after 358 steps
Step: 234 -  phi=0.6330000000000001, PE=8.754837216029837e-17 after 386 steps
Step: 235 -  phi=0.6340000000000001, PE=9.348342227319706e-17 after 368 steps
Step: 236 -  phi=0.6350000000000001, PE=7.503336903893812e-17 after 366 steps
Step: 237 -  phi=0.6360000000000001, PE=8.528670341294933e-17 after 378 steps
Step: 238 -  phi=0.6370000000000001, PE=9.929585348947858e-17 after 339 steps
Step: 239 -  phi=0.6380000000000001, PE=5.94204399373925e-17 after 343 steps
Step: 240 -  phi=0.6390000000000001, PE=8.01539355611546e-17 after 319 steps
Step: 241 -  phi=0.6400000000000001, PE=6.885868749983514e-17 after 365 steps
Step: 242 -  phi=0.6410000000000001, PE=9.827022312539815e-17 after 355 steps
Step: 243 -  phi=0.6420000000000001, PE=9.971229277821078e-17 after 349 steps
Step: 244 -  phi=0.6430000000000001, PE=8.920228550160588e-17 after 360 steps
Step: 245 -  phi=0.6440000000000001, PE=9.979027754529114e-17 after 355 steps
Step: 246 -  phi=0.6450000000000001, PE=9.750830412284074e-17 after 377 steps
Step: 247 -  phi=0.6460000000000001, PE=8.448873808345443e-17 after 394 steps
Step: 248 -  phi=0.6470000000000001, PE=8.09909809286938e-17 after 374 steps
Step: 249 -  phi=0.6480000000000001, PE=9.565422718229697e-17 after 411 steps
Step: 250 -  phi=0.6490000000000001, PE=9.438683718779472e-17 after 491 steps
Step: 251 -  phi=0.6500000000000001, PE=8.026123533652885e-17 after 386 steps
Step: 252 -  phi=0.6510000000000001, PE=9.081375288609068e-17 after 419 steps
Step: 253 -  phi=0.6520000000000001, PE=8.942585661334806e-17 after 357 steps
Step: 254 -  phi=0.6530000000000001, PE=9.771399515460164e-17 after 393 steps
Step: 255 -  phi=0.6540000000000001, PE=9.619034436142411e-17 after 524 steps
Step: 256 -  phi=0.6550000000000001, PE=9.128334815568531e-17 after 372 steps
Step: 257 -  phi=0.6560000000000001, PE=8.531722098126522e-17 after 375 steps
Step: 258 -  phi=0.6570000000000001, PE=7.816914419681666e-17 after 369 steps
Step: 259 -  phi=0.6580000000000001, PE=4.309818725835612e-17 after 357 steps
Step: 260 -  phi=0.6590000000000001, PE=8.305127245115048e-17 after 341 steps
Step: 261 -  phi=0.6600000000000001, PE=9.287359332400122e-17 after 347 steps
Step: 262 -  phi=0.6610000000000001, PE=9.819162264961826e-17 after 362 steps
Step: 263 -  phi=0.6620000000000001, PE=8.515074170586751e-17 after 410 steps
Step: 264 -  phi=0.6630000000000001, PE=9.004053661068276e-17 after 396 steps
Step: 265 -  phi=0.6640000000000001, PE=8.487247988423927e-17 after 407 steps
Step: 266 -  phi=0.6650000000000001, PE=9.847744122865393e-17 after 489 steps
Step: 267 -  phi=0.6660000000000001, PE=9.179976777554872e-17 after 397 steps
Step: 268 -  phi=0.6670000000000001, PE=9.194595099864213e-17 after 385 steps
Step: 269 -  phi=0.6680000000000001, PE=7.835404216683197e-17 after 370 steps
Step: 270 -  phi=0.6690000000000002, PE=6.348562628495945e-17 after 363 steps
Step: 271 -  phi=0.6700000000000002, PE=8.966224633826697e-17 after 362 steps
Step: 272 -  phi=0.6710000000000002, PE=7.813511810003402e-17 after 464 steps
Step: 273 -  phi=0.6720000000000002, PE=8.677868425361533e-17 after 384 steps
Step: 274 -  phi=0.6730000000000002, PE=9.992606570671743e-17 after 349 steps
Step: 275 -  phi=0.6740000000000002, PE=9.888392831321347e-17 after 376 steps
Step: 276 -  phi=0.6750000000000002, PE=8.798849923919066e-17 after 397 steps
Step: 277 -  phi=0.6760000000000002, PE=8.306406436155772e-17 after 364 steps
Step: 278 -  phi=0.6770000000000002, PE=9.0042580379942e-17 after 362 steps
Step: 279 -  phi=0.6780000000000002, PE=9.946041035692842e-17 after 341 steps
Step: 280 -  phi=0.6790000000000002, PE=9.502868533834086e-17 after 381 steps
Step: 281 -  phi=0.6800000000000002, PE=8.582119312719624e-17 after 419 steps
Step: 282 -  phi=0.6810000000000002, PE=9.731359404868963e-17 after 429 steps
Step: 283 -  phi=0.6820000000000002, PE=8.675593467820818e-17 after 421 steps
Step: 284 -  phi=0.6830000000000002, PE=9.124648076517011e-17 after 404 steps
Step: 285 -  phi=0.6840000000000002, PE=8.736502596267107e-17 after 526 steps
Step: 286 -  phi=0.6850000000000002, PE=9.480866234906334e-17 after 397 steps
Step: 287 -  phi=0.6860000000000002, PE=9.022458732240592e-17 after 374 steps
Step: 288 -  phi=0.6870000000000002, PE=8.511246052050294e-17 after 460 steps
Step: 289 -  phi=0.6880000000000002, PE=8.558499921859117e-17 after 414 steps
Step: 290 -  phi=0.6890000000000002, PE=6.984576759229049e-17 after 431 steps
Step: 291 -  phi=0.6900000000000002, PE=9.713207080866868e-17 after 432 steps
Step: 292 -  phi=0.6910000000000002, PE=9.815476862031533e-17 after 402 steps
Step: 293 -  phi=0.6920000000000002, PE=4.997840817344296e-17 after 417 steps
Step: 294 -  phi=0.6930000000000002, PE=8.147880845386051e-17 after 477 steps
Step: 295 -  phi=0.6940000000000002, PE=9.378689887981626e-17 after 407 steps
Step: 296 -  phi=0.6950000000000002, PE=9.218458661338249e-17 after 423 steps
Step: 297 -  phi=0.6960000000000002, PE=5.470740659236022e-17 after 387 steps
Step: 298 -  phi=0.6970000000000002, PE=9.048940173041818e-17 after 404 steps
Step: 299 -  phi=0.6980000000000002, PE=9.477169080829326e-17 after 417 steps
Step: 300 -  phi=0.6990000000000002, PE=9.54832123003965e-17 after 464 steps
Step: 301 -  phi=0.7000000000000002, PE=9.667633882044786e-17 after 445 steps
Step: 302 -  phi=0.7010000000000002, PE=8.68126301687654e-17 after 444 steps
Step: 303 -  phi=0.7020000000000002, PE=9.566494865622033e-17 after 525 steps
Step: 304 -  phi=0.7030000000000002, PE=8.337314179621414e-17 after 440 steps
Step: 305 -  phi=0.7040000000000002, PE=7.532824355416939e-17 after 508 steps
Step: 306 -  phi=0.7050000000000002, PE=9.916418414456471e-17 after 479 steps
Step: 307 -  phi=0.7060000000000002, PE=9.055490738209274e-17 after 515 steps
Step: 308 -  phi=0.7070000000000002, PE=8.808120233445897e-17 after 468 steps
Step: 309 -  phi=0.7080000000000002, PE=9.50107416409664e-17 after 575 steps
Step: 310 -  phi=0.7090000000000002, PE=7.854942480499715e-17 after 475 steps
Step: 311 -  phi=0.7100000000000002, PE=9.917043733941133e-17 after 469 steps
Step: 312 -  phi=0.7110000000000002, PE=9.839803160956383e-17 after 704 steps
Step: 313 -  phi=0.7120000000000002, PE=9.970557987133402e-17 after 514 steps
Step: 314 -  phi=0.7130000000000002, PE=9.852633188603315e-17 after 482 steps
Step: 315 -  phi=0.7140000000000002, PE=9.949627700490205e-17 after 528 steps
Step: 316 -  phi=0.7150000000000002, PE=9.95227596255103e-17 after 513 steps
Step: 317 -  phi=0.7160000000000002, PE=9.737417877977383e-17 after 677 steps
Step: 318 -  phi=0.7170000000000002, PE=9.618789988850113e-17 after 553 steps
Step: 319 -  phi=0.7180000000000002, PE=9.318969623031916e-17 after 677 steps
Step: 320 -  phi=0.7190000000000002, PE=8.954381282006463e-17 after 594 steps
Step: 321 -  phi=0.7200000000000002, PE=8.95801546096869e-17 after 612 steps
Step: 322 -  phi=0.7210000000000002, PE=9.344644630485585e-17 after 642 steps
Step: 323 -  phi=0.7220000000000002, PE=8.51965524482347e-17 after 657 steps
Step: 324 -  phi=0.7230000000000002, PE=9.227864780228909e-17 after 689 steps
Step: 325 -  phi=0.7240000000000002, PE=9.695239263651421e-17 after 583 steps
Step: 326 -  phi=0.7250000000000002, PE=9.565042801997142e-17 after 631 steps
Step: 327 -  phi=0.7260000000000002, PE=9.292955792960415e-17 after 677 steps
Step: 328 -  phi=0.7270000000000002, PE=8.661635756718545e-17 after 595 steps
Step: 329 -  phi=0.7280000000000002, PE=8.902130523791962e-17 after 610 steps
Step: 330 -  phi=0.7290000000000002, PE=9.963875821076308e-17 after 643 steps
Step: 331 -  phi=0.7300000000000002, PE=9.650132291330832e-17 after 634 steps
Step: 332 -  phi=0.7310000000000002, PE=9.273976352905757e-17 after 644 steps
Step: 333 -  phi=0.7320000000000002, PE=9.975071491906235e-17 after 721 steps
Step: 334 -  phi=0.7330000000000002, PE=7.511399851342531e-17 after 623 steps
Step: 335 -  phi=0.7340000000000002, PE=9.891870555347101e-17 after 641 steps
Step: 336 -  phi=0.7350000000000002, PE=9.17704118925436e-17 after 633 steps
Step: 337 -  phi=0.7360000000000002, PE=9.282151674506091e-17 after 688 steps
Step: 338 -  phi=0.7370000000000002, PE=6.641141288273064e-17 after 659 steps
Step: 339 -  phi=0.7380000000000002, PE=8.96976570538958e-17 after 631 steps
Step: 340 -  phi=0.7390000000000002, PE=9.353812134966812e-17 after 718 steps
Step: 341 -  phi=0.7400000000000002, PE=8.53962569454421e-17 after 696 steps
Step: 342 -  phi=0.7410000000000002, PE=9.745712107583896e-17 after 704 steps
Step: 343 -  phi=0.7420000000000002, PE=9.181202899329901e-17 after 785 steps
Step: 344 -  phi=0.7430000000000002, PE=8.958340354212507e-17 after 652 steps
Step: 345 -  phi=0.7440000000000002, PE=9.968490547447188e-17 after 701 steps
Step: 346 -  phi=0.7450000000000002, PE=9.636979017671616e-17 after 767 steps
Step: 347 -  phi=0.7460000000000002, PE=9.550054865732308e-17 after 811 steps
Step: 348 -  phi=0.7470000000000002, PE=9.143092529456741e-17 after 795 steps
Step: 349 -  phi=0.7480000000000002, PE=9.614857797752706e-17 after 863 steps
Step: 350 -  phi=0.7490000000000002, PE=9.616855137800103e-17 after 1273 steps
Step: 351 -  phi=0.7500000000000002, PE=9.683232709040338e-17 after 1154 steps
Step: 352 -  phi=0.7510000000000002, PE=9.6664370844633e-17 after 864 steps
Step: 353 -  phi=0.7520000000000002, PE=9.86026213578277e-17 after 799 steps
Step: 354 -  phi=0.7530000000000002, PE=8.745316712086924e-17 after 756 steps
Step: 355 -  phi=0.7540000000000002, PE=9.299278204559557e-17 after 826 steps
Step: 356 -  phi=0.7550000000000002, PE=9.730481587467685e-17 after 907 steps
Step: 357 -  phi=0.7560000000000002, PE=9.761072753839722e-17 after 1127 steps
Step: 358 -  phi=0.7570000000000002, PE=9.367289825465661e-17 after 889 steps
Step: 359 -  phi=0.7580000000000002, PE=9.551059826922832e-17 after 1174 steps
Step: 360 -  phi=0.7590000000000002, PE=9.746352143690354e-17 after 1190 steps
Step: 361 -  phi=0.7600000000000002, PE=9.762478312971156e-17 after 1311 steps
Step: 362 -  phi=0.7610000000000002, PE=9.736345977680785e-17 after 1202 steps
Step: 363 -  phi=0.7620000000000002, PE=9.793650949251082e-17 after 1693 steps
Step: 364 -  phi=0.7630000000000002, PE=9.939009657566073e-17 after 1590 steps
Step: 365 -  phi=0.7640000000000002, PE=9.935304832114242e-17 after 1106 steps
Step: 366 -  phi=0.7650000000000002, PE=9.075517818729224e-17 after 1411 steps
Step: 367 -  phi=0.7660000000000002, PE=9.927778641661663e-17 after 2005 steps
Step: 368 -  phi=0.7670000000000002, PE=9.919979649551982e-17 after 1901 steps
Step: 369 -  phi=0.7680000000000002, PE=9.684253869587773e-17 after 1529 steps
Step: 370 -  phi=0.7690000000000002, PE=9.724481680452927e-17 after 1671 steps
Step: 371 -  phi=0.7700000000000002, PE=9.653267801955154e-17 after 1376 steps
Step: 372 -  phi=0.7710000000000002, PE=9.727557720093882e-17 after 1787 steps
Step: 373 -  phi=0.7720000000000002, PE=9.923840710298448e-17 after 1831 steps
Step: 374 -  phi=0.7730000000000002, PE=9.813441868487045e-17 after 2715 steps
Step: 375 -  phi=0.7740000000000002, PE=9.696611755763495e-17 after 1803 steps
Step: 376 -  phi=0.7750000000000002, PE=9.923296045294082e-17 after 2253 steps
Step: 377 -  phi=0.7760000000000002, PE=9.981725688587622e-17 after 2893 steps
Step: 378 -  phi=0.7770000000000002, PE=9.725862020914298e-17 after 2745 steps
Step: 379 -  phi=0.7780000000000002, PE=9.697093854871707e-17 after 2248 steps
Step: 380 -  phi=0.7790000000000002, PE=9.879017476469128e-17 after 2371 steps
Step: 381 -  phi=0.7800000000000002, PE=9.872303159599202e-17 after 2752 steps
Step: 382 -  phi=0.7810000000000002, PE=9.980662662327887e-17 after 6026 steps
Step: 383 -  phi=0.7820000000000003, PE=9.886332260144639e-17 after 4395 steps
Step: 384 -  phi=0.7830000000000003, PE=9.884695826273365e-17 after 4124 steps
Step: 385 -  phi=0.7840000000000003, PE=9.098141441059894e-17 after 3958 steps
Step: 386 -  phi=0.7850000000000003, PE=9.966661841964616e-17 after 3848 steps
Step: 387 -  phi=0.7860000000000003, PE=9.953834852706314e-17 after 3795 steps
Step: 388 -  phi=0.7870000000000003, PE=9.902956083537893e-17 after 5331 steps
Step: 389 -  phi=0.7880000000000003, PE=9.958690699764764e-17 after 5133 steps
Step: 390 -  phi=0.7890000000000003, PE=9.994278986419362e-17 after 12766 steps
Step: 391 -  phi=0.7900000000000003, PE=9.98514956063971e-17 after 10511 steps
Step: 392 -  phi=0.7910000000000003, PE=9.966623471725652e-17 after 7992 steps
Step: 393 -  phi=0.7920000000000003, PE=9.922646961010224e-17 after 4738 steps
Step: 394 -  phi=0.7930000000000003, PE=9.927113732223246e-17 after 5692 steps
Step: 395 -  phi=0.7940000000000003, PE=9.920474329498897e-17 after 11073 steps
Step: 396 -  phi=0.7950000000000003, PE=9.996520502489735e-17 after 100335 steps
Step: 397 -  phi=0.7960000000000003, PE=9.997310930603653e-17 after 100384 steps
Step: 398 -  phi=0.7970000000000003, PE=9.97050585491744e-17 after 17437 steps
Step: 399 -  phi=0.7980000000000003, PE=9.998598192324962e-17 after 15915 steps
Step: 400 -  phi=0.7990000000000003, PE=9.963072695522885e-17 after 21380 steps
Step: 401 -  phi=0.8000000000000003, PE=9.998511777112531e-17 after 73862 steps
Step: 402 -  phi=0.8010000000000003, PE=1.2319444173296102e-08 after 40374 steps
Step: 403 -  phi=0.8005000000000002, PE=9.996935287954949e-17 after 107131 steps
Step: 404 -  phi=0.8007500000000003, PE=9.586130512019025e-17 after 50103 steps
Step: 405 -  phi=0.8008750000000002, PE=9.962318373612725e-17 after 15592 steps
Step: 406 -  phi=0.8009375000000003, PE=9.969831171383768e-17 after 23361 steps
Step: 407 -  phi=0.8009687500000002, PE=9.997656776783439e-17 after 43498 steps
Step: 408 -  phi=0.8009843750000003, PE=9.986700834182858e-17 after 13244 steps
Step: 409 -  phi=0.8009921875000003, PE=9.996464538338114e-17 after 24824 steps
Step: 410 -  phi=0.8009960937500002, PE=9.999059022852403e-17 after 20531 steps
Step: 411 -  phi=0.8009980468750002, PE=9.996986576544452e-17 after 14343 steps
Step: 412 -  phi=0.8009990234375002, PE=9.957825258339603e-17 after 5500 steps
Step: 413 -  phi=0.8009995117187503, PE=9.998011130812116e-17 after 8424 steps
Step: 414 -  phi=0.8009997558593753, PE=9.988244976269554e-17 after 4362 steps
Step: 415 -  phi=0.8009998779296879, PE=9.997420336144433e-17 after 3759 steps
Step: 416 -  phi=0.8009999389648441, PE=9.996974045644048e-17 after 3083 steps
Step: 417 -  phi=0.8009999694824221, PE=9.999069883880097e-17 after 2477 steps
Step: 418 -  phi=0.8009999847412113, PE=9.997319119622399e-17 after 1886 steps
Step: 419 -  phi=0.8009999923706057, PE=9.99787274302393e-17 after 1383 steps
Step: 420 -  phi=0.8009999961853029, PE=9.998270935569207e-17 after 999 steps
Step: 421 -  phi=0.8009999980926517, PE=9.999928222704326e-17 after 714 steps
Step: 422 -  phi=0.8009999990463259, PE=9.99947067557547e-17 after 510 steps
Step: 423 -  phi=0.8009999995231631, PE=9.999708725655776e-17 after 364 steps
Step: 424 -  phi=0.8009999997615818, PE=9.999881222318625e-17 after 262 steps
Step: 425 -  phi=0.8009999998807911, PE=9.999779159234978e-17 after 191 steps
Step: 426 -  phi=0.8009999999403956, PE=9.999876861456423e-17 after 140 steps
Jammed: phi = 0.801000, residual PE = 1.000e-16
