The following modules were not unloaded:
  (Use "module --force purge" to unload all):

  1) StdEnv
sys:1: RuntimeWarning: h5: callable: skipping callable field 'user_pre_step_actions' (<PjitFunction of <function _save_state_system at 0x14b36d903ba0>>); handle explicitly
sys:1: RuntimeWarning: h5: callable: skipping callable field 'user_post_step_actions' (<PjitFunction of <function _save_state_system at 0x14b36d903ba0>>); handle explicitly
/home/rg2248/analysis/summer-26/jam/thomson/jam2d-thomson.py:74: RuntimeWarning: h5: callable: skipping callable field '0' (<function fire.<locals>.init at 0x14b259203100>); handle explicitly
  save(system, join(data_root, 'system.h5'))
/home/rg2248/analysis/summer-26/jam/thomson/jam2d-thomson.py:74: RuntimeWarning: h5: callable: skipping callable field '1' (<function fire.<locals>.update at 0x14b259202fc0>); handle explicitly
  save(system, join(data_root, 'system.h5'))
Initial minimization took 0 steps.
Step: 1 -  phi=0.4, PE=0.0 after 0 steps
Step: 2 -  phi=0.401, PE=2.7163082221641213e-17 after 114 steps
Step: 3 -  phi=0.402, PE=0.0 after 111 steps
Step: 4 -  phi=0.403, PE=0.0 after 94 steps
Step: 5 -  phi=0.404, PE=0.0 after 90 steps
Step: 6 -  phi=0.405, PE=6.304699847827503e-17 after 140 steps
Step: 7 -  phi=0.406, PE=0.0 after 104 steps
Step: 8 -  phi=0.40700000000000003, PE=4.002509835632574e-17 after 105 steps
Step: 9 -  phi=0.40800000000000003, PE=8.585429930084218e-17 after 122 steps
Step: 10 -  phi=0.40900000000000003, PE=4.830496648021969e-17 after 115 steps
Step: 11 -  phi=0.41000000000000003, PE=6.576952462569909e-17 after 116 steps
Step: 12 -  phi=0.41100000000000003, PE=0.0 after 106 steps
Step: 13 -  phi=0.41200000000000003, PE=0.0 after 103 steps
Step: 14 -  phi=0.41300000000000003, PE=0.0 after 101 steps
Step: 15 -  phi=0.41400000000000003, PE=3.3090175494260644e-17 after 99 steps
Step: 16 -  phi=0.41500000000000004, PE=7.208098739305784e-17 after 110 steps
Step: 17 -  phi=0.41600000000000004, PE=0.0 after 103 steps
Step: 18 -  phi=0.41700000000000004, PE=9.653305233071564e-17 after 98 steps
Step: 19 -  phi=0.41800000000000004, PE=9.751693197260671e-17 after 122 steps
Step: 20 -  phi=0.41900000000000004, PE=0.0 after 104 steps
Step: 21 -  phi=0.42000000000000004, PE=0.0 after 101 steps
Step: 22 -  phi=0.42100000000000004, PE=0.0 after 101 steps
Step: 23 -  phi=0.42200000000000004, PE=1.8292068113958287e-17 after 107 steps
Step: 24 -  phi=0.42300000000000004, PE=6.074482957446942e-17 after 108 steps
Step: 25 -  phi=0.42400000000000004, PE=0.0 after 94 steps
Step: 26 -  phi=0.42500000000000004, PE=0.0 after 106 steps
Step: 27 -  phi=0.42600000000000005, PE=0.0 after 101 steps
Step: 28 -  phi=0.42700000000000005, PE=1.5634916423118798e-18 after 103 steps
Step: 29 -  phi=0.42800000000000005, PE=5.833917958489283e-17 after 107 steps
Step: 30 -  phi=0.42900000000000005, PE=6.348925768312549e-17 after 110 steps
Step: 31 -  phi=0.43000000000000005, PE=7.567467279052689e-17 after 160 steps
Step: 32 -  phi=0.43100000000000005, PE=4.2296786007318274e-17 after 160 steps
Step: 33 -  phi=0.43200000000000005, PE=1.6210565286462121e-18 after 128 steps
Step: 34 -  phi=0.43300000000000005, PE=1.1376502858053257e-19 after 138 steps
Step: 35 -  phi=0.43400000000000005, PE=6.174723680528299e-19 after 185 steps
Step: 36 -  phi=0.43500000000000005, PE=9.85604018310521e-17 after 222 steps
Step: 37 -  phi=0.43600000000000005, PE=3.66670402625523e-17 after 139 steps
Step: 38 -  phi=0.43700000000000006, PE=7.363259469951232e-17 after 173 steps
Step: 39 -  phi=0.43800000000000006, PE=8.433482887406714e-17 after 186 steps
Step: 40 -  phi=0.43900000000000006, PE=5.465804179278077e-18 after 137 steps
Step: 41 -  phi=0.44000000000000006, PE=4.4791551585993844e-17 after 163 steps
Step: 42 -  phi=0.44100000000000006, PE=3.6932825544917374e-17 after 140 steps
Step: 43 -  phi=0.44200000000000006, PE=3.950461011603635e-17 after 147 steps
Step: 44 -  phi=0.44300000000000006, PE=4.454022105811283e-18 after 143 steps
Step: 45 -  phi=0.44400000000000006, PE=7.659275045389182e-18 after 128 steps
Step: 46 -  phi=0.44500000000000006, PE=4.990544907893277e-17 after 161 steps
Step: 47 -  phi=0.44600000000000006, PE=8.541444418655278e-17 after 174 steps
Step: 48 -  phi=0.44700000000000006, PE=4.7315762463979424e-17 after 149 steps
Step: 49 -  phi=0.44800000000000006, PE=9.878383891172294e-17 after 148 steps
Step: 50 -  phi=0.44900000000000007, PE=0.0 after 122 steps
Step: 51 -  phi=0.45000000000000007, PE=5.1490126655424975e-17 after 125 steps
Step: 52 -  phi=0.45100000000000007, PE=8.657635631297158e-17 after 119 steps
Step: 53 -  phi=0.45200000000000007, PE=3.494334041326725e-17 after 128 steps
Step: 54 -  phi=0.45300000000000007, PE=9.590068519560977e-17 after 106 steps
Step: 55 -  phi=0.45400000000000007, PE=1.7810651828951597e-17 after 120 steps
Step: 56 -  phi=0.45500000000000007, PE=3.728595398062166e-17 after 133 steps
Step: 57 -  phi=0.45600000000000007, PE=2.68380464026313e-17 after 122 steps
Step: 58 -  phi=0.4570000000000001, PE=0.0 after 117 steps
Step: 59 -  phi=0.4580000000000001, PE=5.835448750307659e-17 after 102 steps
Step: 60 -  phi=0.4590000000000001, PE=0.0 after 123 steps
Step: 61 -  phi=0.4600000000000001, PE=0.0 after 124 steps
Step: 62 -  phi=0.4610000000000001, PE=4.582959598564684e-17 after 119 steps
Step: 63 -  phi=0.4620000000000001, PE=9.80169870924221e-17 after 117 steps
Step: 64 -  phi=0.4630000000000001, PE=0.0 after 118 steps
Step: 65 -  phi=0.4640000000000001, PE=8.92448724253834e-17 after 103 steps
Step: 66 -  phi=0.4650000000000001, PE=8.983685971073876e-17 after 135 steps
Step: 67 -  phi=0.4660000000000001, PE=2.0122673736310515e-17 after 134 steps
Step: 68 -  phi=0.4670000000000001, PE=6.115974082449474e-17 after 147 steps
Step: 69 -  phi=0.4680000000000001, PE=0.0 after 109 steps
Step: 70 -  phi=0.4690000000000001, PE=3.9076972436150376e-17 after 115 steps
Step: 71 -  phi=0.4700000000000001, PE=0.0 after 107 steps
Step: 72 -  phi=0.4710000000000001, PE=9.090004254232617e-17 after 124 steps
Step: 73 -  phi=0.4720000000000001, PE=2.934019121433866e-17 after 105 steps
Step: 74 -  phi=0.4730000000000001, PE=0.0 after 112 steps
Step: 75 -  phi=0.4740000000000001, PE=8.222941731126303e-17 after 110 steps
Step: 76 -  phi=0.4750000000000001, PE=0.0 after 104 steps
Step: 77 -  phi=0.4760000000000001, PE=0.0 after 122 steps
Step: 78 -  phi=0.4770000000000001, PE=0.0 after 117 steps
Step: 79 -  phi=0.4780000000000001, PE=1.5768681146567648e-17 after 116 steps
Step: 80 -  phi=0.4790000000000001, PE=8.739479841834431e-17 after 147 steps
Step: 81 -  phi=0.4800000000000001, PE=0.0 after 130 steps
Step: 82 -  phi=0.4810000000000001, PE=0.0 after 138 steps
Step: 83 -  phi=0.4820000000000001, PE=0.0 after 132 steps
Step: 84 -  phi=0.4830000000000001, PE=7.962589499332142e-17 after 136 steps
Step: 85 -  phi=0.4840000000000001, PE=0.0 after 134 steps
Step: 86 -  phi=0.4850000000000001, PE=0.0 after 143 steps
Step: 87 -  phi=0.4860000000000001, PE=0.0 after 132 steps
Step: 88 -  phi=0.4870000000000001, PE=9.653113361461825e-17 after 138 steps
Step: 89 -  phi=0.4880000000000001, PE=3.1358300559466425e-17 after 136 steps
Step: 90 -  phi=0.4890000000000001, PE=2.000821599063935e-20 after 139 steps
Step: 91 -  phi=0.4900000000000001, PE=5.944780028784688e-17 after 148 steps
Step: 92 -  phi=0.4910000000000001, PE=0.0 after 150 steps
Step: 93 -  phi=0.4920000000000001, PE=0.0 after 128 steps
Step: 94 -  phi=0.4930000000000001, PE=6.572782013797029e-17 after 141 steps
Step: 95 -  phi=0.4940000000000001, PE=0.0 after 146 steps
Step: 96 -  phi=0.4950000000000001, PE=0.0 after 147 steps
Step: 97 -  phi=0.4960000000000001, PE=0.0 after 126 steps
Step: 98 -  phi=0.4970000000000001, PE=0.0 after 143 steps
Step: 99 -  phi=0.4980000000000001, PE=9.127040243092929e-17 after 127 steps
Step: 100 -  phi=0.4990000000000001, PE=6.206123156875407e-17 after 155 steps
Step: 101 -  phi=0.5000000000000001, PE=5.665147247297859e-17 after 162 steps
Step: 102 -  phi=0.5010000000000001, PE=9.920268805684079e-17 after 202 steps
Step: 103 -  phi=0.5020000000000001, PE=9.683964525307043e-17 after 147 steps
Step: 104 -  phi=0.5030000000000001, PE=8.107769060223557e-17 after 163 steps
Step: 105 -  phi=0.5040000000000001, PE=9.583786744257659e-17 after 173 steps
Step: 106 -  phi=0.5050000000000001, PE=6.222434752634476e-17 after 164 steps
Step: 107 -  phi=0.5060000000000001, PE=6.753086502970251e-17 after 148 steps
Step: 108 -  phi=0.5070000000000001, PE=8.356377089973589e-17 after 148 steps
Step: 109 -  phi=0.5080000000000001, PE=9.791780709418998e-17 after 153 steps
Step: 110 -  phi=0.5090000000000001, PE=1.8250706359904588e-17 after 129 steps
Step: 111 -  phi=0.5100000000000001, PE=0.0 after 126 steps
Step: 112 -  phi=0.5110000000000001, PE=6.173228958343087e-17 after 171 steps
Step: 113 -  phi=0.5120000000000001, PE=7.742616105078645e-17 after 159 steps
Step: 114 -  phi=0.5130000000000001, PE=1.744885283859699e-18 after 143 steps
Step: 115 -  phi=0.5140000000000001, PE=5.677704946490238e-17 after 151 steps
Step: 116 -  phi=0.5150000000000001, PE=8.982804459520211e-17 after 149 steps
Step: 117 -  phi=0.5160000000000001, PE=5.795266764314969e-17 after 157 steps
Step: 118 -  phi=0.5170000000000001, PE=9.507382722350717e-17 after 189 steps
Step: 119 -  phi=0.5180000000000001, PE=8.971141029440835e-17 after 158 steps
Step: 120 -  phi=0.5190000000000001, PE=1.8972232822293614e-17 after 162 steps
Step: 121 -  phi=0.5200000000000001, PE=3.314609633335646e-17 after 190 steps
Step: 122 -  phi=0.5210000000000001, PE=0.0 after 157 steps
Step: 123 -  phi=0.5220000000000001, PE=4.926063450807094e-17 after 155 steps
Step: 124 -  phi=0.5230000000000001, PE=8.541769343245965e-17 after 158 steps
Step: 125 -  phi=0.5240000000000001, PE=4.5675277342248215e-17 after 170 steps
Step: 126 -  phi=0.5250000000000001, PE=9.702887134860324e-17 after 159 steps
Step: 127 -  phi=0.5260000000000001, PE=9.801867973555503e-17 after 198 steps
Step: 128 -  phi=0.5270000000000001, PE=2.4598306924765178e-17 after 152 steps
Step: 129 -  phi=0.5280000000000001, PE=6.199230507108248e-17 after 168 steps
Step: 130 -  phi=0.5290000000000001, PE=1.1612832188743185e-17 after 174 steps
Step: 131 -  phi=0.5300000000000001, PE=0.0 after 138 steps
Step: 132 -  phi=0.5310000000000001, PE=8.066099687442078e-17 after 169 steps
Step: 133 -  phi=0.5320000000000001, PE=7.725386483585059e-17 after 179 steps
Step: 134 -  phi=0.5330000000000001, PE=0.0 after 151 steps
Step: 135 -  phi=0.5340000000000001, PE=2.378148539879545e-17 after 150 steps
Step: 136 -  phi=0.5350000000000001, PE=0.0 after 151 steps
Step: 137 -  phi=0.5360000000000001, PE=6.060082450844825e-17 after 169 steps
Step: 138 -  phi=0.5370000000000001, PE=2.771275199524633e-17 after 142 steps
Step: 139 -  phi=0.5380000000000001, PE=0.0 after 134 steps
Step: 140 -  phi=0.5390000000000001, PE=8.515052332278765e-17 after 186 steps
Step: 141 -  phi=0.5400000000000001, PE=0.0 after 173 steps
Step: 142 -  phi=0.5410000000000001, PE=0.0 after 141 steps
Step: 143 -  phi=0.5420000000000001, PE=0.0 after 146 steps
Step: 144 -  phi=0.5430000000000001, PE=8.028135291366813e-19 after 164 steps
Step: 145 -  phi=0.5440000000000002, PE=0.0 after 140 steps
Step: 146 -  phi=0.5450000000000002, PE=3.718559977547683e-17 after 163 steps
Step: 147 -  phi=0.5460000000000002, PE=9.457487805867368e-18 after 154 steps
Step: 148 -  phi=0.5470000000000002, PE=3.957370033760061e-17 after 156 steps
Step: 149 -  phi=0.5480000000000002, PE=9.455668566667634e-17 after 156 steps
Step: 150 -  phi=0.5490000000000002, PE=0.0 after 144 steps
Step: 151 -  phi=0.5500000000000002, PE=8.131914622921863e-17 after 156 steps
Step: 152 -  phi=0.5510000000000002, PE=8.398190818451437e-17 after 153 steps
Step: 153 -  phi=0.5520000000000002, PE=5.49171442944235e-18 after 142 steps
Step: 154 -  phi=0.5530000000000002, PE=6.527357391262068e-17 after 154 steps
Step: 155 -  phi=0.5540000000000002, PE=3.361065227450516e-17 after 155 steps
Step: 156 -  phi=0.5550000000000002, PE=0.0 after 138 steps
Step: 157 -  phi=0.5560000000000002, PE=2.5833693421130578e-17 after 138 steps
Step: 158 -  phi=0.5570000000000002, PE=0.0 after 142 steps
Step: 159 -  phi=0.5580000000000002, PE=0.0 after 143 steps
Step: 160 -  phi=0.5590000000000002, PE=4.3500335859179343e-17 after 149 steps
Step: 161 -  phi=0.5600000000000002, PE=0.0 after 138 steps
Step: 162 -  phi=0.5610000000000002, PE=0.0 after 152 steps
Step: 163 -  phi=0.5620000000000002, PE=6.151864019734399e-17 after 139 steps
Step: 164 -  phi=0.5630000000000002, PE=1.54193545059929e-18 after 143 steps
Step: 165 -  phi=0.5640000000000002, PE=2.3177124657241846e-17 after 154 steps
Step: 166 -  phi=0.5650000000000002, PE=6.098881767263772e-17 after 157 steps
Step: 167 -  phi=0.5660000000000002, PE=6.920214063116072e-17 after 159 steps
Step: 168 -  phi=0.5670000000000002, PE=7.644681870332726e-17 after 151 steps
Step: 169 -  phi=0.5680000000000002, PE=5.44092607495811e-17 after 153 steps
Step: 170 -  phi=0.5690000000000002, PE=4.35665316416761e-17 after 175 steps
Step: 171 -  phi=0.5700000000000002, PE=2.5694652722619017e-17 after 172 steps
Step: 172 -  phi=0.5710000000000002, PE=5.0366687613404805e-17 after 169 steps
Step: 173 -  phi=0.5720000000000002, PE=7.964812195796063e-17 after 190 steps
Step: 174 -  phi=0.5730000000000002, PE=9.61131876047039e-17 after 230 steps
Step: 175 -  phi=0.5740000000000002, PE=1.9542811827972394e-17 after 177 steps
Step: 176 -  phi=0.5750000000000002, PE=7.534481362157883e-17 after 198 steps
Step: 177 -  phi=0.5760000000000002, PE=0.0 after 157 steps
Step: 178 -  phi=0.5770000000000002, PE=5.363629402907459e-17 after 175 steps
Step: 179 -  phi=0.5780000000000002, PE=5.720319823680121e-17 after 161 steps
Step: 180 -  phi=0.5790000000000002, PE=6.678776605757563e-17 after 150 steps
Step: 181 -  phi=0.5800000000000002, PE=0.0 after 153 steps
Step: 182 -  phi=0.5810000000000002, PE=9.891116204396524e-17 after 191 steps
Step: 183 -  phi=0.5820000000000002, PE=1.8072526852356556e-17 after 149 steps
Step: 184 -  phi=0.5830000000000002, PE=0.0 after 147 steps
Step: 185 -  phi=0.5840000000000002, PE=0.0 after 149 steps
Step: 186 -  phi=0.5850000000000002, PE=7.511252300018734e-17 after 164 steps
Step: 187 -  phi=0.5860000000000002, PE=7.904405518988977e-17 after 156 steps
Step: 188 -  phi=0.5870000000000002, PE=7.6311310327208e-17 after 188 steps
Step: 189 -  phi=0.5880000000000002, PE=8.358568639599497e-17 after 179 steps
Step: 190 -  phi=0.5890000000000002, PE=0.0 after 163 steps
Step: 191 -  phi=0.5900000000000002, PE=7.731450924274221e-17 after 176 steps
Step: 192 -  phi=0.5910000000000002, PE=1.0665393602870914e-17 after 159 steps
Step: 193 -  phi=0.5920000000000002, PE=7.251357901665457e-17 after 168 steps
Step: 194 -  phi=0.5930000000000002, PE=0.0 after 152 steps
Step: 195 -  phi=0.5940000000000002, PE=7.626028621984954e-17 after 179 steps
Step: 196 -  phi=0.5950000000000002, PE=0.0 after 152 steps
Step: 197 -  phi=0.5960000000000002, PE=8.667390875865688e-18 after 153 steps
Step: 198 -  phi=0.5970000000000002, PE=3.891356866837828e-17 after 162 steps
Step: 199 -  phi=0.5980000000000002, PE=0.0 after 160 steps
Step: 200 -  phi=0.5990000000000002, PE=8.359259660894764e-17 after 185 steps
Step: 201 -  phi=0.6000000000000002, PE=9.344427121901976e-17 after 179 steps
Step: 202 -  phi=0.6010000000000002, PE=8.925474020541145e-17 after 151 steps
Step: 203 -  phi=0.6020000000000002, PE=4.52615408154055e-17 after 167 steps
Step: 204 -  phi=0.6030000000000002, PE=5.926668048415025e-17 after 165 steps
Step: 205 -  phi=0.6040000000000002, PE=2.8858892217555266e-17 after 159 steps
Step: 206 -  phi=0.6050000000000002, PE=3.136998520148197e-17 after 190 steps
Step: 207 -  phi=0.6060000000000002, PE=0.0 after 189 steps
Step: 208 -  phi=0.6070000000000002, PE=8.581032674851821e-17 after 174 steps
Step: 209 -  phi=0.6080000000000002, PE=9.978341888839345e-17 after 188 steps
Step: 210 -  phi=0.6090000000000002, PE=0.0 after 194 steps
Step: 211 -  phi=0.6100000000000002, PE=8.671166445028285e-17 after 188 steps
Step: 212 -  phi=0.6110000000000002, PE=8.239863790685723e-17 after 207 steps
Step: 213 -  phi=0.6120000000000002, PE=2.334358118929203e-17 after 190 steps
Step: 214 -  phi=0.6130000000000002, PE=9.800104824530167e-17 after 197 steps
Step: 215 -  phi=0.6140000000000002, PE=6.952738291103146e-17 after 194 steps
Step: 216 -  phi=0.6150000000000002, PE=8.583107110081845e-17 after 226 steps
Step: 217 -  phi=0.6160000000000002, PE=9.703851924653642e-17 after 201 steps
Step: 218 -  phi=0.6170000000000002, PE=1.1480697275302423e-17 after 203 steps
Step: 219 -  phi=0.6180000000000002, PE=5.875506583499898e-17 after 198 steps
Step: 220 -  phi=0.6190000000000002, PE=0.0 after 198 steps
Step: 221 -  phi=0.6200000000000002, PE=8.638580226788916e-17 after 249 steps
Step: 222 -  phi=0.6210000000000002, PE=9.10949716598401e-17 after 268 steps
Step: 223 -  phi=0.6220000000000002, PE=9.229883500065775e-17 after 317 steps
Step: 224 -  phi=0.6230000000000002, PE=9.183476689158362e-17 after 245 steps
Step: 225 -  phi=0.6240000000000002, PE=2.3033473334938544e-18 after 212 steps
Step: 226 -  phi=0.6250000000000002, PE=5.934658198433551e-17 after 218 steps
Step: 227 -  phi=0.6260000000000002, PE=7.432613173596538e-17 after 217 steps
Step: 228 -  phi=0.6270000000000002, PE=6.128091502438525e-17 after 204 steps
Step: 229 -  phi=0.6280000000000002, PE=6.251843502878985e-17 after 208 steps
Step: 230 -  phi=0.6290000000000002, PE=4.9347571807265065e-17 after 215 steps
Step: 231 -  phi=0.6300000000000002, PE=8.61096124556243e-17 after 246 steps
Step: 232 -  phi=0.6310000000000002, PE=8.984205125587308e-17 after 243 steps
Step: 233 -  phi=0.6320000000000002, PE=9.875735747940703e-17 after 240 steps
Step: 234 -  phi=0.6330000000000002, PE=8.38386635701582e-17 after 268 steps
Step: 235 -  phi=0.6340000000000002, PE=9.031265865234631e-17 after 221 steps
Step: 236 -  phi=0.6350000000000002, PE=9.868038806769718e-17 after 226 steps
Step: 237 -  phi=0.6360000000000002, PE=9.064480629755407e-17 after 233 steps
Step: 238 -  phi=0.6370000000000002, PE=4.649692118313936e-17 after 249 steps
Step: 239 -  phi=0.6380000000000002, PE=9.177440020492335e-17 after 223 steps
Step: 240 -  phi=0.6390000000000002, PE=4.99316595676222e-17 after 214 steps
Step: 241 -  phi=0.6400000000000002, PE=7.039853521838841e-17 after 222 steps
Step: 242 -  phi=0.6410000000000002, PE=7.862283127242948e-17 after 213 steps
Step: 243 -  phi=0.6420000000000002, PE=5.476121781099474e-17 after 217 steps
Step: 244 -  phi=0.6430000000000002, PE=7.386631392434868e-17 after 235 steps
Step: 245 -  phi=0.6440000000000002, PE=9.531249352986449e-17 after 217 steps
Step: 246 -  phi=0.6450000000000002, PE=2.799267973408468e-17 after 206 steps
Step: 247 -  phi=0.6460000000000002, PE=0.0 after 219 steps
Step: 248 -  phi=0.6470000000000002, PE=9.683862645233643e-17 after 212 steps
Step: 249 -  phi=0.6480000000000002, PE=9.755384452759845e-17 after 239 steps
Step: 250 -  phi=0.6490000000000002, PE=8.025788193662062e-17 after 212 steps
Step: 251 -  phi=0.6500000000000002, PE=4.583806824622363e-17 after 218 steps
Step: 252 -  phi=0.6510000000000002, PE=1.9197950184314215e-17 after 213 steps
Step: 253 -  phi=0.6520000000000002, PE=9.6707636676499e-17 after 221 steps
Step: 254 -  phi=0.6530000000000002, PE=3.5554565016980715e-17 after 214 steps
Step: 255 -  phi=0.6540000000000002, PE=8.400876774369938e-17 after 218 steps
Step: 256 -  phi=0.6550000000000002, PE=4.8973365702053994e-17 after 245 steps
Step: 257 -  phi=0.6560000000000002, PE=8.995678711015974e-17 after 240 steps
Step: 258 -  phi=0.6570000000000003, PE=9.47153427068765e-17 after 229 steps
Step: 259 -  phi=0.6580000000000003, PE=4.244944913018806e-17 after 225 steps
Step: 260 -  phi=0.6590000000000003, PE=6.263889552442904e-17 after 237 steps
Step: 261 -  phi=0.6600000000000003, PE=6.617531716669295e-17 after 226 steps
Step: 262 -  phi=0.6610000000000003, PE=3.4448863151184955e-17 after 227 steps
Step: 263 -  phi=0.6620000000000003, PE=7.169628098542159e-17 after 231 steps
Step: 264 -  phi=0.6630000000000003, PE=8.276302236453413e-17 after 274 steps
Step: 265 -  phi=0.6640000000000003, PE=6.551360256351985e-17 after 215 steps
Step: 266 -  phi=0.6650000000000003, PE=9.99058643249824e-17 after 234 steps
Step: 267 -  phi=0.6660000000000003, PE=3.274385055747646e-17 after 212 steps
Step: 268 -  phi=0.6670000000000003, PE=6.906968134886363e-17 after 235 steps
Step: 269 -  phi=0.6680000000000003, PE=0.0 after 228 steps
Step: 270 -  phi=0.6690000000000003, PE=7.72330136966712e-17 after 234 steps
Step: 271 -  phi=0.6700000000000003, PE=8.972215323854476e-17 after 265 steps
Step: 272 -  phi=0.6710000000000003, PE=9.351954193779393e-17 after 293 steps
Step: 273 -  phi=0.6720000000000003, PE=1.73953803353839e-17 after 232 steps
Step: 274 -  phi=0.6730000000000003, PE=8.801997860862372e-17 after 257 steps
Step: 275 -  phi=0.6740000000000003, PE=6.804566824163882e-17 after 238 steps
Step: 276 -  phi=0.6750000000000003, PE=9.637300608328876e-17 after 319 steps
Step: 277 -  phi=0.6760000000000003, PE=5.453058666149471e-17 after 277 steps
Step: 278 -  phi=0.6770000000000003, PE=9.099961632661953e-17 after 265 steps
Step: 279 -  phi=0.6780000000000003, PE=6.204759051023151e-17 after 234 steps
Step: 280 -  phi=0.6790000000000003, PE=0.0 after 250 steps
Step: 281 -  phi=0.6800000000000003, PE=9.034306704974303e-17 after 294 steps
Step: 282 -  phi=0.6810000000000003, PE=6.803322242231555e-17 after 256 steps
Step: 283 -  phi=0.6820000000000003, PE=5.87781746384497e-17 after 245 steps
Step: 284 -  phi=0.6830000000000003, PE=0.0 after 236 steps
Step: 285 -  phi=0.6840000000000003, PE=9.732580261159027e-17 after 258 steps
Step: 286 -  phi=0.6850000000000003, PE=9.909095066790882e-17 after 298 steps
Step: 287 -  phi=0.6860000000000003, PE=9.302976169817684e-17 after 272 steps
Step: 288 -  phi=0.6870000000000003, PE=5.424069823991868e-17 after 256 steps
Step: 289 -  phi=0.6880000000000003, PE=9.18700206357847e-17 after 253 steps
Step: 290 -  phi=0.6890000000000003, PE=9.987191673981639e-17 after 303 steps
Step: 291 -  phi=0.6900000000000003, PE=9.769179290148954e-17 after 242 steps
Step: 292 -  phi=0.6910000000000003, PE=4.3483803555504235e-17 after 233 steps
Step: 293 -  phi=0.6920000000000003, PE=9.614118790546366e-17 after 354 steps
Step: 294 -  phi=0.6930000000000003, PE=8.851615207349551e-17 after 253 steps
Step: 295 -  phi=0.6940000000000003, PE=0.0 after 237 steps
Step: 296 -  phi=0.6950000000000003, PE=6.382162279391669e-17 after 261 steps
Step: 297 -  phi=0.6960000000000003, PE=8.654744592454509e-17 after 249 steps
Step: 298 -  phi=0.6970000000000003, PE=0.0 after 249 steps
Step: 299 -  phi=0.6980000000000003, PE=7.614254117949248e-17 after 353 steps
Step: 300 -  phi=0.6990000000000003, PE=5.769311560361731e-17 after 274 steps
Step: 301 -  phi=0.7000000000000003, PE=3.299918145248791e-17 after 283 steps
Step: 302 -  phi=0.7010000000000003, PE=9.881849767971571e-17 after 302 steps
Step: 303 -  phi=0.7020000000000003, PE=0.0 after 281 steps
Step: 304 -  phi=0.7030000000000003, PE=5.600461315686581e-17 after 281 steps
Step: 305 -  phi=0.7040000000000003, PE=9.857162166937476e-17 after 271 steps
Step: 306 -  phi=0.7050000000000003, PE=9.118190008717237e-17 after 291 steps
Step: 307 -  phi=0.7060000000000003, PE=9.134430947922043e-17 after 291 steps
Step: 308 -  phi=0.7070000000000003, PE=8.487634665225013e-17 after 283 steps
Step: 309 -  phi=0.7080000000000003, PE=2.8539901166313626e-17 after 296 steps
Step: 310 -  phi=0.7090000000000003, PE=8.962778897827606e-17 after 302 steps
Step: 311 -  phi=0.7100000000000003, PE=8.336987732769125e-17 after 287 steps
Step: 312 -  phi=0.7110000000000003, PE=9.21586196882038e-17 after 316 steps
Step: 313 -  phi=0.7120000000000003, PE=9.31599925452849e-17 after 314 steps
Step: 314 -  phi=0.7130000000000003, PE=9.068352711422598e-17 after 302 steps
Step: 315 -  phi=0.7140000000000003, PE=9.853103954407056e-17 after 314 steps
Step: 316 -  phi=0.7150000000000003, PE=8.725338282749545e-17 after 297 steps
Step: 317 -  phi=0.7160000000000003, PE=7.102019424625982e-17 after 294 steps
Step: 318 -  phi=0.7170000000000003, PE=9.225586108794582e-17 after 340 steps
Step: 319 -  phi=0.7180000000000003, PE=9.315211910728115e-17 after 297 steps
Step: 320 -  phi=0.7190000000000003, PE=9.08119513126675e-17 after 321 steps
Step: 321 -  phi=0.7200000000000003, PE=8.610264120195189e-17 after 304 steps
Step: 322 -  phi=0.7210000000000003, PE=9.316474870540056e-17 after 293 steps
Step: 323 -  phi=0.7220000000000003, PE=9.923261242415362e-17 after 321 steps
Step: 324 -  phi=0.7230000000000003, PE=9.136791969091037e-17 after 301 steps
Step: 325 -  phi=0.7240000000000003, PE=9.678260075240147e-17 after 325 steps
Step: 326 -  phi=0.7250000000000003, PE=8.336771235404338e-17 after 327 steps
Step: 327 -  phi=0.7260000000000003, PE=9.832813356232207e-17 after 312 steps
Step: 328 -  phi=0.7270000000000003, PE=3.800447400569486e-17 after 296 steps
Step: 329 -  phi=0.7280000000000003, PE=9.606649126065011e-17 after 300 steps
Step: 330 -  phi=0.7290000000000003, PE=7.262154110650564e-17 after 305 steps
Step: 331 -  phi=0.7300000000000003, PE=9.199522887646248e-17 after 318 steps
Step: 332 -  phi=0.7310000000000003, PE=9.654194080368048e-17 after 296 steps
Step: 333 -  phi=0.7320000000000003, PE=4.004964106594711e-17 after 299 steps
Step: 334 -  phi=0.7330000000000003, PE=8.655538252437632e-17 after 285 steps
Step: 335 -  phi=0.7340000000000003, PE=7.852980924414102e-17 after 321 steps
Step: 336 -  phi=0.7350000000000003, PE=9.582811650791249e-17 after 303 steps
Step: 337 -  phi=0.7360000000000003, PE=9.618372705097979e-17 after 319 steps
Step: 338 -  phi=0.7370000000000003, PE=8.886353303942703e-17 after 337 steps
Step: 339 -  phi=0.7380000000000003, PE=9.639910866680309e-17 after 307 steps
Step: 340 -  phi=0.7390000000000003, PE=9.211298052194679e-17 after 324 steps
Step: 341 -  phi=0.7400000000000003, PE=9.584454089093963e-17 after 324 steps
Step: 342 -  phi=0.7410000000000003, PE=8.111648477344767e-17 after 299 steps
Step: 343 -  phi=0.7420000000000003, PE=8.808384165935366e-17 after 300 steps
Step: 344 -  phi=0.7430000000000003, PE=7.8086234055299e-17 after 327 steps
Step: 345 -  phi=0.7440000000000003, PE=4.2274456994329195e-17 after 286 steps
Step: 346 -  phi=0.7450000000000003, PE=9.925464680125609e-17 after 270 steps
Step: 347 -  phi=0.7460000000000003, PE=7.86289051815844e-17 after 299 steps
Step: 348 -  phi=0.7470000000000003, PE=9.344697908126735e-17 after 303 steps
Step: 349 -  phi=0.7480000000000003, PE=4.6307069452904875e-17 after 252 steps
Step: 350 -  phi=0.7490000000000003, PE=9.313877245740189e-17 after 374 steps
Step: 351 -  phi=0.7500000000000003, PE=4.639663407888545e-17 after 300 steps
Step: 352 -  phi=0.7510000000000003, PE=7.276722941956581e-17 after 339 steps
Step: 353 -  phi=0.7520000000000003, PE=9.669971494488416e-17 after 354 steps
Step: 354 -  phi=0.7530000000000003, PE=6.000908879745578e-17 after 319 steps
Step: 355 -  phi=0.7540000000000003, PE=6.49591093267058e-17 after 316 steps
Step: 356 -  phi=0.7550000000000003, PE=7.975103749076566e-17 after 367 steps
Step: 357 -  phi=0.7560000000000003, PE=8.999014511461986e-17 after 329 steps
Step: 358 -  phi=0.7570000000000003, PE=8.679788732188181e-17 after 347 steps
Step: 359 -  phi=0.7580000000000003, PE=9.257635427905134e-17 after 394 steps
Step: 360 -  phi=0.7590000000000003, PE=8.97744631999262e-17 after 324 steps
Step: 361 -  phi=0.7600000000000003, PE=3.4205869874797917e-17 after 371 steps
Step: 362 -  phi=0.7610000000000003, PE=9.31765261766604e-17 after 338 steps
Step: 363 -  phi=0.7620000000000003, PE=9.641819582597404e-17 after 350 steps
Step: 364 -  phi=0.7630000000000003, PE=6.263939363849252e-17 after 317 steps
Step: 365 -  phi=0.7640000000000003, PE=9.69177564239563e-17 after 359 steps
Step: 366 -  phi=0.7650000000000003, PE=9.301859601916986e-17 after 434 steps
Step: 367 -  phi=0.7660000000000003, PE=8.342087577540974e-17 after 328 steps
Step: 368 -  phi=0.7670000000000003, PE=9.327437415527269e-17 after 371 steps
Step: 369 -  phi=0.7680000000000003, PE=9.047663690703466e-17 after 351 steps
Step: 370 -  phi=0.7690000000000003, PE=8.859349193635243e-17 after 359 steps
Step: 371 -  phi=0.7700000000000004, PE=7.33352650392831e-17 after 369 steps
Step: 372 -  phi=0.7710000000000004, PE=7.702322774628094e-17 after 374 steps
Step: 373 -  phi=0.7720000000000004, PE=9.242389906073099e-17 after 394 steps
Step: 374 -  phi=0.7730000000000004, PE=7.66764534589109e-17 after 339 steps
Step: 375 -  phi=0.7740000000000004, PE=9.566388051544166e-17 after 348 steps
Step: 376 -  phi=0.7750000000000004, PE=8.116933348524996e-17 after 371 steps
Step: 377 -  phi=0.7760000000000004, PE=9.164346799994177e-17 after 472 steps
Step: 378 -  phi=0.7770000000000004, PE=9.536750169443793e-17 after 354 steps
Step: 379 -  phi=0.7780000000000004, PE=9.729794941936976e-17 after 366 steps
Step: 380 -  phi=0.7790000000000004, PE=8.072743478095299e-17 after 346 steps
Step: 381 -  phi=0.7800000000000004, PE=6.440813465389178e-17 after 326 steps
Step: 382 -  phi=0.7810000000000004, PE=2.973133252208365e-17 after 382 steps
Step: 383 -  phi=0.7820000000000004, PE=8.619687433464638e-17 after 424 steps
Step: 384 -  phi=0.7830000000000004, PE=9.38584684469104e-17 after 369 steps
Step: 385 -  phi=0.7840000000000004, PE=6.19914080370136e-17 after 401 steps
Step: 386 -  phi=0.7850000000000004, PE=9.4755983404181e-17 after 405 steps
Step: 387 -  phi=0.7860000000000004, PE=8.54752700635192e-17 after 389 steps
Step: 388 -  phi=0.7870000000000004, PE=8.256679169071578e-17 after 363 steps
Step: 389 -  phi=0.7880000000000004, PE=9.82884347189851e-17 after 382 steps
Step: 390 -  phi=0.7890000000000004, PE=9.542348083497478e-17 after 372 steps
Step: 391 -  phi=0.7900000000000004, PE=8.62953322420693e-17 after 391 steps
Step: 392 -  phi=0.7910000000000004, PE=8.787726548479318e-17 after 396 steps
Step: 393 -  phi=0.7920000000000004, PE=9.491247316641691e-17 after 441 steps
Step: 394 -  phi=0.7930000000000004, PE=9.722177220681477e-17 after 415 steps
Step: 395 -  phi=0.7940000000000004, PE=7.110806712681146e-17 after 435 steps
Step: 396 -  phi=0.7950000000000004, PE=6.231782662151326e-17 after 369 steps
Step: 397 -  phi=0.7960000000000004, PE=7.339818874134199e-17 after 383 steps
Step: 398 -  phi=0.7970000000000004, PE=9.715928148919143e-17 after 391 steps
Step: 399 -  phi=0.7980000000000004, PE=9.624635437861066e-17 after 424 steps
Step: 400 -  phi=0.7990000000000004, PE=7.752301689152754e-17 after 389 steps
Step: 401 -  phi=0.8000000000000004, PE=9.571588151450032e-17 after 447 steps
Step: 402 -  phi=0.8010000000000004, PE=9.894544762522318e-17 after 390 steps
Step: 403 -  phi=0.8020000000000004, PE=8.637988382798661e-17 after 381 steps
Step: 404 -  phi=0.8030000000000004, PE=7.69894004462124e-17 after 366 steps
Step: 405 -  phi=0.8040000000000004, PE=7.133291095349595e-17 after 404 steps
Step: 406 -  phi=0.8050000000000004, PE=9.769664946405367e-17 after 371 steps
Step: 407 -  phi=0.8060000000000004, PE=9.935641481871708e-17 after 403 steps
Step: 408 -  phi=0.8070000000000004, PE=9.495512156771408e-17 after 425 steps
Step: 409 -  phi=0.8080000000000004, PE=9.29579669226295e-17 after 501 steps
Step: 410 -  phi=0.8090000000000004, PE=8.845426849630566e-17 after 534 steps
Step: 411 -  phi=0.8100000000000004, PE=8.99182016642058e-17 after 471 steps
Step: 412 -  phi=0.8110000000000004, PE=8.25345132532311e-17 after 493 steps
Step: 413 -  phi=0.8120000000000004, PE=8.677622509863716e-17 after 523 steps
Step: 414 -  phi=0.8130000000000004, PE=8.112626327016352e-17 after 480 steps
Step: 415 -  phi=0.8140000000000004, PE=9.01672601434972e-17 after 478 steps
Step: 416 -  phi=0.8150000000000004, PE=7.60438325262191e-17 after 546 steps
Step: 417 -  phi=0.8160000000000004, PE=7.320732926782121e-17 after 509 steps
Step: 418 -  phi=0.8170000000000004, PE=9.331159197193264e-17 after 500 steps
Step: 419 -  phi=0.8180000000000004, PE=9.27964261217392e-17 after 524 steps
Step: 420 -  phi=0.8190000000000004, PE=9.479991095508439e-17 after 536 steps
Step: 421 -  phi=0.8200000000000004, PE=9.658326488063632e-17 after 582 steps
Step: 422 -  phi=0.8210000000000004, PE=7.641537274253787e-17 after 581 steps
Step: 423 -  phi=0.8220000000000004, PE=9.909618545903304e-17 after 540 steps
Step: 424 -  phi=0.8230000000000004, PE=7.030484142355611e-17 after 655 steps
Step: 425 -  phi=0.8240000000000004, PE=9.285914472174242e-17 after 632 steps
Step: 426 -  phi=0.8250000000000004, PE=9.289659558572016e-17 after 605 steps
Step: 427 -  phi=0.8260000000000004, PE=8.543126758293654e-17 after 563 steps
Step: 428 -  phi=0.8270000000000004, PE=9.073962941682228e-17 after 582 steps
Step: 429 -  phi=0.8280000000000004, PE=9.671545176839156e-17 after 661 steps
Step: 430 -  phi=0.8290000000000004, PE=6.627758037329349e-17 after 730 steps
Step: 431 -  phi=0.8300000000000004, PE=8.872258228077388e-17 after 672 steps
Step: 432 -  phi=0.8310000000000004, PE=8.918367644725127e-17 after 755 steps
Step: 433 -  phi=0.8320000000000004, PE=9.476868822440857e-17 after 810 steps
Step: 434 -  phi=0.8330000000000004, PE=9.099196471267368e-17 after 803 steps
Step: 435 -  phi=0.8340000000000004, PE=8.181737414719841e-17 after 768 steps
Step: 436 -  phi=0.8350000000000004, PE=9.48364401316375e-17 after 756 steps
Step: 437 -  phi=0.8360000000000004, PE=9.886046217771956e-17 after 1002 steps
Step: 438 -  phi=0.8370000000000004, PE=9.922898157056296e-17 after 1783 steps
Step: 439 -  phi=0.8380000000000004, PE=9.828918999111672e-17 after 1484 steps
Step: 440 -  phi=0.8390000000000004, PE=8.835963639449538e-17 after 987 steps
Step: 441 -  phi=0.8400000000000004, PE=9.907163525798303e-17 after 1588 steps
Step: 442 -  phi=0.8410000000000004, PE=9.737575692066011e-17 after 1130 steps
Step: 443 -  phi=0.8420000000000004, PE=9.587566192147706e-17 after 1632 steps
Step: 444 -  phi=0.8430000000000004, PE=9.618916642157837e-17 after 1729 steps
Step: 445 -  phi=0.8440000000000004, PE=9.595366261558169e-17 after 1529 steps
Step: 446 -  phi=0.8450000000000004, PE=9.637083425490772e-17 after 1593 steps
Step: 447 -  phi=0.8460000000000004, PE=9.966066013035379e-17 after 2076 steps
Step: 448 -  phi=0.8470000000000004, PE=9.784225176378135e-17 after 1517 steps
Step: 449 -  phi=0.8480000000000004, PE=9.627821700614529e-17 after 2084 steps
Step: 450 -  phi=0.8490000000000004, PE=9.96008596213411e-17 after 2128 steps
Step: 451 -  phi=0.8500000000000004, PE=9.828884851789399e-17 after 3420 steps
Step: 452 -  phi=0.8510000000000004, PE=9.791530139087437e-17 after 3232 steps
Step: 453 -  phi=0.8520000000000004, PE=9.961079589467541e-17 after 3502 steps
Step: 454 -  phi=0.8530000000000004, PE=9.9049132019022e-17 after 6259 steps
Step: 455 -  phi=0.8540000000000004, PE=9.912906198402243e-17 after 8907 steps
Step: 456 -  phi=0.8550000000000004, PE=9.943266441120927e-17 after 10879 steps
Step: 457 -  phi=0.8560000000000004, PE=9.999597847055955e-17 after 19206 steps
Step: 458 -  phi=0.8570000000000004, PE=9.986604382073211e-17 after 14298 steps
Step: 459 -  phi=0.8580000000000004, PE=9.990553065460331e-17 after 31111 steps
Step: 460 -  phi=0.8590000000000004, PE=9.99727151579282e-17 after 112337 steps
Step: 461 -  phi=0.8600000000000004, PE=9.993214522854902e-17 after 60312 steps
Step: 462 -  phi=0.8610000000000004, PE=1.3134011931945e-09 after 167774 steps
Step: 463 -  phi=0.8605000000000005, PE=9.99609056353145e-17 after 77553 steps
Step: 464 -  phi=0.8607500000000005, PE=9.997890694389014e-17 after 108433 steps
Step: 465 -  phi=0.8608750000000005, PE=9.996092784235375e-17 after 26290 steps
Step: 466 -  phi=0.8609375000000005, PE=9.995052569835958e-17 after 24786 steps
Step: 467 -  phi=0.8609687500000005, PE=9.987166224420132e-17 after 5724 steps
Step: 468 -  phi=0.8609843750000005, PE=9.999761169989758e-17 after 16481 steps
Step: 469 -  phi=0.8609921875000004, PE=9.992873733911131e-17 after 23376 steps
Step: 470 -  phi=0.8609960937500004, PE=9.998083968770177e-17 after 12658 steps
Step: 471 -  phi=0.8609980468750005, PE=9.999858396651771e-17 after 17399 steps
Step: 472 -  phi=0.8609990234375005, PE=9.999436822477385e-17 after 7241 steps
Step: 473 -  phi=0.8609995117187504, PE=9.998420541958086e-17 after 11612 steps
Step: 474 -  phi=0.8609997558593754, PE=9.997357748347023e-17 after 5795 steps
Step: 475 -  phi=0.8609998779296879, PE=9.998850211420986e-17 after 5277 steps
Step: 476 -  phi=0.8609999389648442, PE=9.999555120397683e-17 after 4259 steps
Step: 477 -  phi=0.8609999694824223, PE=9.998720343671136e-17 after 3485 steps
Step: 478 -  phi=0.8609999847412113, PE=9.999395474897461e-17 after 2658 steps
Step: 479 -  phi=0.8609999923706059, PE=9.998096999165927e-17 after 1993 steps
Step: 480 -  phi=0.8609999961853032, PE=9.999370544862842e-17 after 1429 steps
Step: 481 -  phi=0.8609999980926518, PE=9.999182974600947e-17 after 1047 steps
Step: 482 -  phi=0.8609999990463262, PE=9.999683151841457e-17 after 751 steps
Step: 483 -  phi=0.8609999995231633, PE=9.99990971335261e-17 after 536 steps
Step: 484 -  phi=0.8609999997615818, PE=9.999641178920834e-17 after 386 steps
Step: 485 -  phi=0.8609999998807911, PE=9.999847102862539e-17 after 278 steps
Step: 486 -  phi=0.8609999999403958, PE=9.999955513027254e-17 after 202 steps
Jammed: phi = 0.861000, residual PE = 1.000e-16
