The following modules were not unloaded:
  (Use "module --force purge" to unload all):

  1) StdEnv
sys:1: RuntimeWarning: h5: callable: skipping callable field 'user_pre_step_actions' (<PjitFunction of <function _save_state_system at 0x14d0fdeafba0>>); handle explicitly
sys:1: RuntimeWarning: h5: callable: skipping callable field 'user_post_step_actions' (<PjitFunction of <function _save_state_system at 0x14d0fdeafba0>>); handle explicitly
/home/rg2248/analysis/summer-26/jam/thomson/jam2d-thomson.py:74: RuntimeWarning: h5: callable: skipping callable field '0' (<function fire.<locals>.init at 0x14cfe98df100>); handle explicitly
  save(system, join(data_root, 'system.h5'))
/home/rg2248/analysis/summer-26/jam/thomson/jam2d-thomson.py:74: RuntimeWarning: h5: callable: skipping callable field '1' (<function fire.<locals>.update at 0x14cfe98defc0>); handle explicitly
  save(system, join(data_root, 'system.h5'))
Initial minimization took 0 steps.
Step: 1 -  phi=0.4000000000000001, PE=2.7489698923942855e-18 after 0 steps
Step: 2 -  phi=0.4010000000000001, PE=0.0 after 109 steps
Step: 3 -  phi=0.4020000000000001, PE=3.541080723936178e-17 after 115 steps
Step: 4 -  phi=0.4030000000000001, PE=9.332107317841206e-17 after 176 steps
Step: 5 -  phi=0.4040000000000001, PE=0.0 after 115 steps
Step: 6 -  phi=0.4050000000000001, PE=9.10762335313999e-17 after 177 steps
Step: 7 -  phi=0.4060000000000001, PE=1.5766387124502846e-17 after 113 steps
Step: 8 -  phi=0.4070000000000001, PE=3.969630640168457e-17 after 112 steps
Step: 9 -  phi=0.4080000000000001, PE=5.946155617922568e-17 after 120 steps
Step: 10 -  phi=0.4090000000000001, PE=4.1870702233278905e-17 after 138 steps
Step: 11 -  phi=0.4100000000000001, PE=9.554085688045256e-17 after 133 steps
Step: 12 -  phi=0.4110000000000001, PE=8.970913321919559e-17 after 114 steps
Step: 13 -  phi=0.4120000000000001, PE=9.289901628729067e-17 after 114 steps
Step: 14 -  phi=0.4130000000000001, PE=9.63203198866329e-17 after 137 steps
Step: 15 -  phi=0.4140000000000001, PE=0.0 after 106 steps
Step: 16 -  phi=0.4150000000000001, PE=7.0805353360764e-17 after 155 steps
Step: 17 -  phi=0.4160000000000001, PE=0.0 after 109 steps
Step: 18 -  phi=0.4170000000000001, PE=8.672516770598146e-17 after 133 steps
Step: 19 -  phi=0.4180000000000001, PE=0.0 after 111 steps
Step: 20 -  phi=0.4190000000000001, PE=0.0 after 119 steps
Step: 21 -  phi=0.4200000000000001, PE=7.810846742027933e-17 after 111 steps
Step: 22 -  phi=0.4210000000000001, PE=4.890782578628437e-17 after 125 steps
Step: 23 -  phi=0.4220000000000001, PE=9.184209241263058e-17 after 115 steps
Step: 24 -  phi=0.4230000000000001, PE=0.0 after 121 steps
Step: 25 -  phi=0.4240000000000001, PE=8.242892732234104e-17 after 114 steps
Step: 26 -  phi=0.4250000000000001, PE=9.232952614675885e-17 after 127 steps
Step: 27 -  phi=0.4260000000000001, PE=0.0 after 108 steps
Step: 28 -  phi=0.4270000000000001, PE=9.659189812417794e-17 after 114 steps
Step: 29 -  phi=0.4280000000000001, PE=0.0 after 129 steps
Step: 30 -  phi=0.4290000000000001, PE=9.34280361553744e-17 after 132 steps
Step: 31 -  phi=0.4300000000000001, PE=4.305520252896386e-17 after 129 steps
Step: 32 -  phi=0.4310000000000001, PE=1.2170821780063735e-17 after 112 steps
Step: 33 -  phi=0.4320000000000001, PE=0.0 after 107 steps
Step: 34 -  phi=0.4330000000000001, PE=8.592829098563312e-17 after 110 steps
Step: 35 -  phi=0.4340000000000001, PE=5.929682184213129e-17 after 124 steps
Step: 36 -  phi=0.4350000000000001, PE=0.0 after 111 steps
Step: 37 -  phi=0.4360000000000001, PE=5.933551466619719e-17 after 122 steps
Step: 38 -  phi=0.4370000000000001, PE=0.0 after 121 steps
Step: 39 -  phi=0.4380000000000001, PE=9.180933413174997e-17 after 119 steps
Step: 40 -  phi=0.4390000000000001, PE=0.0 after 95 steps
Step: 41 -  phi=0.4400000000000001, PE=8.680106375944289e-17 after 126 steps
Step: 42 -  phi=0.4410000000000001, PE=1.333245097470168e-18 after 123 steps
Step: 43 -  phi=0.4420000000000001, PE=0.0 after 115 steps
Step: 44 -  phi=0.4430000000000001, PE=4.293308077368801e-17 after 100 steps
Step: 45 -  phi=0.4440000000000001, PE=9.006563693287769e-17 after 115 steps
Step: 46 -  phi=0.4450000000000001, PE=0.0 after 115 steps
Step: 47 -  phi=0.4460000000000001, PE=7.358881326348331e-17 after 162 steps
Step: 48 -  phi=0.4470000000000001, PE=0.0 after 99 steps
Step: 49 -  phi=0.4480000000000001, PE=9.68641570129035e-18 after 148 steps
Step: 50 -  phi=0.4490000000000001, PE=0.0 after 102 steps
Step: 51 -  phi=0.4500000000000001, PE=9.994523745982952e-17 after 124 steps
Step: 52 -  phi=0.4510000000000001, PE=4.9339073015042267e-17 after 140 steps
Step: 53 -  phi=0.4520000000000001, PE=5.929859765434823e-17 after 133 steps
Step: 54 -  phi=0.4530000000000001, PE=3.861070568102601e-17 after 113 steps
Step: 55 -  phi=0.4540000000000001, PE=2.2147983313741763e-17 after 117 steps
Step: 56 -  phi=0.4550000000000001, PE=4.189674606941388e-17 after 123 steps
Step: 57 -  phi=0.4560000000000001, PE=0.0 after 120 steps
Step: 58 -  phi=0.45700000000000013, PE=5.752118902954969e-17 after 134 steps
Step: 59 -  phi=0.45800000000000013, PE=8.273261253918487e-17 after 149 steps
Step: 60 -  phi=0.45900000000000013, PE=9.654905060510774e-17 after 143 steps
Step: 61 -  phi=0.46000000000000013, PE=8.776836444880181e-17 after 126 steps
Step: 62 -  phi=0.46100000000000013, PE=0.0 after 114 steps
Step: 63 -  phi=0.46200000000000013, PE=8.056958177940889e-17 after 143 steps
Step: 64 -  phi=0.46300000000000013, PE=8.954590086901008e-17 after 144 steps
Step: 65 -  phi=0.46400000000000013, PE=4.376938784995365e-17 after 157 steps
Step: 66 -  phi=0.46500000000000014, PE=8.39268596622916e-17 after 138 steps
Step: 67 -  phi=0.46600000000000014, PE=7.555461381499485e-17 after 133 steps
Step: 68 -  phi=0.46700000000000014, PE=7.889193924225786e-17 after 160 steps
Step: 69 -  phi=0.46800000000000014, PE=0.0 after 151 steps
Step: 70 -  phi=0.46900000000000014, PE=6.641337373082653e-17 after 148 steps
Step: 71 -  phi=0.47000000000000014, PE=0.0 after 154 steps
Step: 72 -  phi=0.47100000000000014, PE=0.0 after 147 steps
Step: 73 -  phi=0.47200000000000014, PE=6.97231822624574e-17 after 151 steps
Step: 74 -  phi=0.47300000000000014, PE=9.173466532802277e-17 after 191 steps
Step: 75 -  phi=0.47400000000000014, PE=6.987790624075007e-17 after 159 steps
Step: 76 -  phi=0.47500000000000014, PE=0.0 after 148 steps
Step: 77 -  phi=0.47600000000000015, PE=0.0 after 139 steps
Step: 78 -  phi=0.47700000000000015, PE=8.772261372484556e-17 after 227 steps
Step: 79 -  phi=0.47800000000000015, PE=9.870031738229035e-17 after 172 steps
Step: 80 -  phi=0.47900000000000015, PE=8.233248868701088e-17 after 144 steps
Step: 81 -  phi=0.48000000000000015, PE=8.676432890790917e-17 after 169 steps
Step: 82 -  phi=0.48100000000000015, PE=9.775908601648588e-17 after 140 steps
Step: 83 -  phi=0.48200000000000015, PE=2.793499795648014e-17 after 152 steps
Step: 84 -  phi=0.48300000000000015, PE=9.103957817549604e-17 after 175 steps
Step: 85 -  phi=0.48400000000000015, PE=2.9634116126538195e-17 after 150 steps
Step: 86 -  phi=0.48500000000000015, PE=3.359222342670193e-17 after 157 steps
Step: 87 -  phi=0.48600000000000015, PE=7.497648914579125e-17 after 184 steps
Step: 88 -  phi=0.48700000000000015, PE=4.185768052932631e-17 after 148 steps
Step: 89 -  phi=0.48800000000000016, PE=3.6247022466514614e-17 after 166 steps
Step: 90 -  phi=0.48900000000000016, PE=4.104793111994633e-17 after 161 steps
Step: 91 -  phi=0.49000000000000016, PE=6.774213320883898e-17 after 141 steps
Step: 92 -  phi=0.49100000000000016, PE=1.8194916366897676e-17 after 149 steps
Step: 93 -  phi=0.49200000000000016, PE=0.0 after 140 steps
Step: 94 -  phi=0.49300000000000016, PE=7.637745985870002e-17 after 140 steps
Step: 95 -  phi=0.49400000000000016, PE=8.404257260184299e-17 after 165 steps
Step: 96 -  phi=0.49500000000000016, PE=2.162838058269972e-17 after 142 steps
Step: 97 -  phi=0.49600000000000016, PE=0.0 after 149 steps
Step: 98 -  phi=0.49700000000000016, PE=8.289500244261317e-17 after 148 steps
Step: 99 -  phi=0.49800000000000016, PE=8.008928802844155e-17 after 144 steps
Step: 100 -  phi=0.49900000000000017, PE=2.5203034482798965e-18 after 140 steps
Step: 101 -  phi=0.5000000000000001, PE=1.3030663716259307e-17 after 138 steps
Step: 102 -  phi=0.5010000000000001, PE=8.149169805255144e-17 after 139 steps
Step: 103 -  phi=0.5020000000000001, PE=8.47058374228697e-17 after 150 steps
Step: 104 -  phi=0.5030000000000001, PE=4.161996172119226e-17 after 148 steps
Step: 105 -  phi=0.5040000000000001, PE=6.581269099506466e-17 after 157 steps
Step: 106 -  phi=0.5050000000000001, PE=2.7303195085878352e-17 after 136 steps
Step: 107 -  phi=0.5060000000000001, PE=6.324736653649153e-17 after 140 steps
Step: 108 -  phi=0.5070000000000001, PE=0.0 after 127 steps
Step: 109 -  phi=0.5080000000000001, PE=6.530064229367832e-17 after 121 steps
Step: 110 -  phi=0.5090000000000001, PE=0.0 after 123 steps
Step: 111 -  phi=0.5100000000000001, PE=8.577959567452915e-17 after 130 steps
Step: 112 -  phi=0.5110000000000001, PE=0.0 after 137 steps
Step: 113 -  phi=0.5120000000000001, PE=0.0 after 136 steps
Step: 114 -  phi=0.5130000000000001, PE=0.0 after 130 steps
Step: 115 -  phi=0.5140000000000001, PE=5.023703699391625e-17 after 135 steps
Step: 116 -  phi=0.5150000000000001, PE=2.6926559557801734e-17 after 124 steps
Step: 117 -  phi=0.5160000000000001, PE=9.557904078745065e-17 after 194 steps
Step: 118 -  phi=0.5170000000000001, PE=3.452410719791381e-17 after 132 steps
Step: 119 -  phi=0.5180000000000001, PE=7.270914811826856e-17 after 135 steps
Step: 120 -  phi=0.5190000000000001, PE=4.9953758603952644e-17 after 128 steps
Step: 121 -  phi=0.5200000000000001, PE=9.350114708958062e-17 after 135 steps
Step: 122 -  phi=0.5210000000000001, PE=0.0 after 120 steps
Step: 123 -  phi=0.5220000000000001, PE=7.761356797517038e-18 after 122 steps
Step: 124 -  phi=0.5230000000000001, PE=5.701451412893492e-17 after 149 steps
Step: 125 -  phi=0.5240000000000001, PE=9.750148381275217e-17 after 159 steps
Step: 126 -  phi=0.5250000000000001, PE=0.0 after 138 steps
Step: 127 -  phi=0.5260000000000001, PE=8.688543528540448e-17 after 162 steps
Step: 128 -  phi=0.5270000000000001, PE=0.0 after 129 steps
Step: 129 -  phi=0.5280000000000001, PE=0.0 after 134 steps
Step: 130 -  phi=0.5290000000000001, PE=0.0 after 137 steps
Step: 131 -  phi=0.5300000000000001, PE=5.77535147093732e-17 after 143 steps
Step: 132 -  phi=0.5310000000000001, PE=9.728909518672459e-17 after 139 steps
Step: 133 -  phi=0.5320000000000001, PE=0.0 after 127 steps
Step: 134 -  phi=0.5330000000000001, PE=0.0 after 127 steps
Step: 135 -  phi=0.5340000000000001, PE=0.0 after 140 steps
Step: 136 -  phi=0.5350000000000001, PE=6.20857662413899e-17 after 162 steps
Step: 137 -  phi=0.5360000000000001, PE=1.6516930435523434e-17 after 154 steps
Step: 138 -  phi=0.5370000000000001, PE=2.3959617796577798e-17 after 137 steps
Step: 139 -  phi=0.5380000000000001, PE=9.925642265255141e-17 after 142 steps
Step: 140 -  phi=0.5390000000000001, PE=3.357705662586605e-17 after 130 steps
Step: 141 -  phi=0.5400000000000001, PE=9.909571644036155e-17 after 146 steps
Step: 142 -  phi=0.5410000000000001, PE=7.317169445929581e-17 after 121 steps
Step: 143 -  phi=0.5420000000000001, PE=6.859453687521042e-17 after 117 steps
Step: 144 -  phi=0.5430000000000001, PE=0.0 after 137 steps
Step: 145 -  phi=0.5440000000000002, PE=5.904563777068793e-17 after 155 steps
Step: 146 -  phi=0.5450000000000002, PE=2.218199355773527e-17 after 142 steps
Step: 147 -  phi=0.5460000000000002, PE=1.4326507308614025e-17 after 136 steps
Step: 148 -  phi=0.5470000000000002, PE=2.305070265555066e-17 after 126 steps
Step: 149 -  phi=0.5480000000000002, PE=5.679827400467424e-17 after 137 steps
Step: 150 -  phi=0.5490000000000002, PE=5.116178432393645e-17 after 152 steps
Step: 151 -  phi=0.5500000000000002, PE=0.0 after 149 steps
Step: 152 -  phi=0.5510000000000002, PE=2.557883238717341e-17 after 123 steps
Step: 153 -  phi=0.5520000000000002, PE=7.195032392705149e-17 after 175 steps
Step: 154 -  phi=0.5530000000000002, PE=0.0 after 144 steps
Step: 155 -  phi=0.5540000000000002, PE=4.9755252729882423e-17 after 156 steps
Step: 156 -  phi=0.5550000000000002, PE=9.731723860705057e-17 after 165 steps
Step: 157 -  phi=0.5560000000000002, PE=3.378755555838744e-17 after 146 steps
Step: 158 -  phi=0.5570000000000002, PE=6.586593579250101e-17 after 195 steps
Step: 159 -  phi=0.5580000000000002, PE=9.637579289091555e-17 after 215 steps
Step: 160 -  phi=0.5590000000000002, PE=6.915889180815917e-19 after 170 steps
Step: 161 -  phi=0.5600000000000002, PE=3.1185651695194806e-17 after 167 steps
Step: 162 -  phi=0.5610000000000002, PE=9.547571440503372e-17 after 200 steps
Step: 163 -  phi=0.5620000000000002, PE=5.314818537440375e-17 after 198 steps
Step: 164 -  phi=0.5630000000000002, PE=3.627426890396288e-17 after 181 steps
Step: 165 -  phi=0.5640000000000002, PE=8.440345211325999e-17 after 191 steps
Step: 166 -  phi=0.5650000000000002, PE=6.539547889302904e-17 after 187 steps
Step: 167 -  phi=0.5660000000000002, PE=8.518862708383224e-17 after 165 steps
Step: 168 -  phi=0.5670000000000002, PE=6.82886549326471e-17 after 169 steps
Step: 169 -  phi=0.5680000000000002, PE=5.711377229952232e-17 after 177 steps
Step: 170 -  phi=0.5690000000000002, PE=6.84429281353314e-17 after 167 steps
Step: 171 -  phi=0.5700000000000002, PE=6.203610505472088e-17 after 188 steps
Step: 172 -  phi=0.5710000000000002, PE=4.1120292810328087e-17 after 165 steps
Step: 173 -  phi=0.5720000000000002, PE=0.0 after 164 steps
Step: 174 -  phi=0.5730000000000002, PE=9.467843655701578e-17 after 177 steps
Step: 175 -  phi=0.5740000000000002, PE=7.151676395506352e-17 after 157 steps
Step: 176 -  phi=0.5750000000000002, PE=0.0 after 150 steps
Step: 177 -  phi=0.5760000000000002, PE=0.0 after 168 steps
Step: 178 -  phi=0.5770000000000002, PE=2.6708706848973043e-17 after 173 steps
Step: 179 -  phi=0.5780000000000002, PE=1.4764206362625415e-17 after 159 steps
Step: 180 -  phi=0.5790000000000002, PE=0.0 after 159 steps
Step: 181 -  phi=0.5800000000000002, PE=8.386190972074968e-17 after 195 steps
Step: 182 -  phi=0.5810000000000002, PE=3.005353537195844e-19 after 160 steps
Step: 183 -  phi=0.5820000000000002, PE=6.780140724762474e-17 after 181 steps
Step: 184 -  phi=0.5830000000000002, PE=3.963686449701321e-17 after 193 steps
Step: 185 -  phi=0.5840000000000002, PE=7.698749130925735e-17 after 204 steps
Step: 186 -  phi=0.5850000000000002, PE=6.653670846497567e-17 after 190 steps
Step: 187 -  phi=0.5860000000000002, PE=0.0 after 180 steps
Step: 188 -  phi=0.5870000000000002, PE=7.14300553938778e-17 after 190 steps
Step: 189 -  phi=0.5880000000000002, PE=0.0 after 178 steps
Step: 190 -  phi=0.5890000000000002, PE=6.525315079626461e-17 after 188 steps
Step: 191 -  phi=0.5900000000000002, PE=2.3451868064892848e-17 after 207 steps
Step: 192 -  phi=0.5910000000000002, PE=7.60222541581241e-18 after 194 steps
Step: 193 -  phi=0.5920000000000002, PE=0.0 after 183 steps
Step: 194 -  phi=0.5930000000000002, PE=9.039495025904927e-17 after 194 steps
Step: 195 -  phi=0.5940000000000002, PE=9.412805429367796e-17 after 192 steps
Step: 196 -  phi=0.5950000000000002, PE=9.134456354224616e-17 after 175 steps
Step: 197 -  phi=0.5960000000000002, PE=7.335915535218907e-17 after 185 steps
Step: 198 -  phi=0.5970000000000002, PE=6.27573397703769e-17 after 192 steps
Step: 199 -  phi=0.5980000000000002, PE=1.555161879845415e-18 after 186 steps
Step: 200 -  phi=0.5990000000000002, PE=0.0 after 173 steps
Step: 201 -  phi=0.6000000000000002, PE=9.44228643363924e-17 after 195 steps
Step: 202 -  phi=0.6010000000000002, PE=1.784488727776275e-17 after 175 steps
Step: 203 -  phi=0.6020000000000002, PE=5.1378459675811235e-17 after 156 steps
Step: 204 -  phi=0.6030000000000002, PE=9.777646521413416e-17 after 198 steps
Step: 205 -  phi=0.6040000000000002, PE=3.674981570276447e-17 after 172 steps
Step: 206 -  phi=0.6050000000000002, PE=6.258225282383619e-17 after 178 steps
Step: 207 -  phi=0.6060000000000002, PE=6.833877873397195e-17 after 172 steps
Step: 208 -  phi=0.6070000000000002, PE=5.28929446433862e-18 after 185 steps
Step: 209 -  phi=0.6080000000000002, PE=2.6836150472364442e-17 after 192 steps
Step: 210 -  phi=0.6090000000000002, PE=8.126686425723056e-18 after 202 steps
Step: 211 -  phi=0.6100000000000002, PE=8.10601518909695e-17 after 181 steps
Step: 212 -  phi=0.6110000000000002, PE=4.919729043387375e-17 after 202 steps
Step: 213 -  phi=0.6120000000000002, PE=0.0 after 180 steps
Step: 214 -  phi=0.6130000000000002, PE=9.006610199713905e-17 after 188 steps
Step: 215 -  phi=0.6140000000000002, PE=8.821552260829354e-17 after 195 steps
Step: 216 -  phi=0.6150000000000002, PE=8.35658103457547e-17 after 193 steps
Step: 217 -  phi=0.6160000000000002, PE=8.811980129280279e-17 after 207 steps
Step: 218 -  phi=0.6170000000000002, PE=8.734875026453489e-17 after 212 steps
Step: 219 -  phi=0.6180000000000002, PE=8.903608943492164e-17 after 193 steps
Step: 220 -  phi=0.6190000000000002, PE=2.383720818165553e-17 after 196 steps
Step: 221 -  phi=0.6200000000000002, PE=2.3222621859057732e-17 after 185 steps
Step: 222 -  phi=0.6210000000000002, PE=0.0 after 194 steps
Step: 223 -  phi=0.6220000000000002, PE=9.726558359059689e-17 after 200 steps
Step: 224 -  phi=0.6230000000000002, PE=8.111663786595382e-17 after 193 steps
Step: 225 -  phi=0.6240000000000002, PE=4.668647223624387e-17 after 194 steps
Step: 226 -  phi=0.6250000000000002, PE=8.968264901917604e-17 after 209 steps
Step: 227 -  phi=0.6260000000000002, PE=7.583194443788534e-17 after 216 steps
Step: 228 -  phi=0.6270000000000002, PE=5.93424971046186e-17 after 227 steps
Step: 229 -  phi=0.6280000000000002, PE=6.608590039581056e-17 after 201 steps
Step: 230 -  phi=0.6290000000000002, PE=8.879006114795768e-17 after 206 steps
Step: 231 -  phi=0.6300000000000002, PE=0.0 after 205 steps
Step: 232 -  phi=0.6310000000000002, PE=0.0 after 212 steps
Step: 233 -  phi=0.6320000000000002, PE=3.33633133343965e-17 after 214 steps
Step: 234 -  phi=0.6330000000000002, PE=5.474253272121639e-17 after 191 steps
Step: 235 -  phi=0.6340000000000002, PE=8.525857003472895e-17 after 214 steps
Step: 236 -  phi=0.6350000000000002, PE=6.119631823570905e-17 after 206 steps
Step: 237 -  phi=0.6360000000000002, PE=4.7047822104841157e-17 after 199 steps
Step: 238 -  phi=0.6370000000000002, PE=8.232916517282972e-17 after 214 steps
Step: 239 -  phi=0.6380000000000002, PE=9.675040985901119e-17 after 208 steps
Step: 240 -  phi=0.6390000000000002, PE=6.245367637032192e-17 after 214 steps
Step: 241 -  phi=0.6400000000000002, PE=3.279452406122156e-17 after 218 steps
Step: 242 -  phi=0.6410000000000002, PE=8.269478946446213e-17 after 241 steps
Step: 243 -  phi=0.6420000000000002, PE=8.533141397686104e-17 after 245 steps
Step: 244 -  phi=0.6430000000000002, PE=9.214658476455174e-17 after 264 steps
Step: 245 -  phi=0.6440000000000002, PE=8.481993632611722e-17 after 236 steps
Step: 246 -  phi=0.6450000000000002, PE=9.048527806161197e-17 after 220 steps
Step: 247 -  phi=0.6460000000000002, PE=9.720160646268175e-17 after 244 steps
Step: 248 -  phi=0.6470000000000002, PE=9.175811209534673e-17 after 217 steps
Step: 249 -  phi=0.6480000000000002, PE=8.529901253583251e-17 after 221 steps
Step: 250 -  phi=0.6490000000000002, PE=8.885951140402968e-17 after 218 steps
Step: 251 -  phi=0.6500000000000002, PE=5.2498012820454685e-17 after 229 steps
Step: 252 -  phi=0.6510000000000002, PE=2.7703435724677604e-17 after 197 steps
Step: 253 -  phi=0.6520000000000002, PE=9.095456624931576e-17 after 216 steps
Step: 254 -  phi=0.6530000000000002, PE=8.512512123486863e-17 after 213 steps
Step: 255 -  phi=0.6540000000000002, PE=6.172382802565602e-17 after 222 steps
Step: 256 -  phi=0.6550000000000002, PE=6.359945999778556e-17 after 223 steps
Step: 257 -  phi=0.6560000000000002, PE=6.879305583721003e-17 after 230 steps
Step: 258 -  phi=0.6570000000000003, PE=7.802888625650231e-17 after 268 steps
Step: 259 -  phi=0.6580000000000003, PE=7.798821653298728e-17 after 233 steps
Step: 260 -  phi=0.6590000000000003, PE=9.620770134921191e-17 after 233 steps
Step: 261 -  phi=0.6600000000000003, PE=8.423247022349498e-17 after 243 steps
Step: 262 -  phi=0.6610000000000003, PE=8.034746474196394e-17 after 253 steps
Step: 263 -  phi=0.6620000000000003, PE=7.256035152567474e-17 after 235 steps
Step: 264 -  phi=0.6630000000000003, PE=9.112999929992485e-17 after 245 steps
Step: 265 -  phi=0.6640000000000003, PE=9.584497100518823e-17 after 226 steps
Step: 266 -  phi=0.6650000000000003, PE=8.611307436824353e-17 after 239 steps
Step: 267 -  phi=0.6660000000000003, PE=9.889154965368057e-17 after 257 steps
Step: 268 -  phi=0.6670000000000003, PE=9.857248567165819e-17 after 243 steps
Step: 269 -  phi=0.6680000000000003, PE=6.811097183382947e-17 after 226 steps
Step: 270 -  phi=0.6690000000000003, PE=7.561140663643705e-17 after 260 steps
Step: 271 -  phi=0.6700000000000003, PE=8.866736029494027e-18 after 227 steps
Step: 272 -  phi=0.6710000000000003, PE=8.25015608184822e-17 after 251 steps
Step: 273 -  phi=0.6720000000000003, PE=7.120324406616734e-17 after 231 steps
Step: 274 -  phi=0.6730000000000003, PE=7.99138570990328e-17 after 236 steps
Step: 275 -  phi=0.6740000000000003, PE=4.983865961881503e-17 after 234 steps
Step: 276 -  phi=0.6750000000000003, PE=7.728954074917253e-17 after 229 steps
Step: 277 -  phi=0.6760000000000003, PE=9.808405622842159e-17 after 233 steps
Step: 278 -  phi=0.6770000000000003, PE=8.66771099682206e-17 after 240 steps
Step: 279 -  phi=0.6780000000000003, PE=8.942722162449969e-17 after 275 steps
Step: 280 -  phi=0.6790000000000003, PE=0.0 after 237 steps
Step: 281 -  phi=0.6800000000000003, PE=9.274617291510617e-17 after 275 steps
Step: 282 -  phi=0.6810000000000003, PE=7.00894254137197e-17 after 245 steps
Step: 283 -  phi=0.6820000000000003, PE=5.569937759380063e-17 after 271 steps
Step: 284 -  phi=0.6830000000000003, PE=8.579559218998722e-17 after 258 steps
Step: 285 -  phi=0.6840000000000003, PE=8.227238102557157e-17 after 244 steps
Step: 286 -  phi=0.6850000000000003, PE=4.9066744219159064e-17 after 248 steps
Step: 287 -  phi=0.6860000000000003, PE=6.522828900146435e-17 after 254 steps
Step: 288 -  phi=0.6870000000000003, PE=3.4002272161716995e-17 after 248 steps
Step: 289 -  phi=0.6880000000000003, PE=7.895583970977976e-17 after 266 steps
Step: 290 -  phi=0.6890000000000003, PE=7.284474062431739e-17 after 257 steps
Step: 291 -  phi=0.6900000000000003, PE=3.458334734096342e-17 after 282 steps
Step: 292 -  phi=0.6910000000000003, PE=9.988798217887164e-17 after 240 steps
Step: 293 -  phi=0.6920000000000003, PE=8.432814158595959e-17 after 267 steps
Step: 294 -  phi=0.6930000000000003, PE=4.443794769161632e-17 after 255 steps
Step: 295 -  phi=0.6940000000000003, PE=9.85085691038997e-17 after 263 steps
Step: 296 -  phi=0.6950000000000003, PE=7.281677314917629e-17 after 271 steps
Step: 297 -  phi=0.6960000000000003, PE=7.530900277541488e-17 after 260 steps
Step: 298 -  phi=0.6970000000000003, PE=6.318096092627152e-17 after 260 steps
Step: 299 -  phi=0.6980000000000003, PE=8.884848387116754e-17 after 254 steps
Step: 300 -  phi=0.6990000000000003, PE=9.864293113783808e-17 after 297 steps
Step: 301 -  phi=0.7000000000000003, PE=4.279988390337448e-17 after 276 steps
Step: 302 -  phi=0.7010000000000003, PE=9.675859082033818e-17 after 265 steps
Step: 303 -  phi=0.7020000000000003, PE=7.80214543582132e-17 after 271 steps
Step: 304 -  phi=0.7030000000000003, PE=7.188962584793749e-17 after 269 steps
Step: 305 -  phi=0.7040000000000003, PE=9.130174089772951e-17 after 290 steps
Step: 306 -  phi=0.7050000000000003, PE=7.927332821672395e-17 after 266 steps
Step: 307 -  phi=0.7060000000000003, PE=6.223866203616547e-17 after 276 steps
Step: 308 -  phi=0.7070000000000003, PE=6.600483491174369e-17 after 271 steps
Step: 309 -  phi=0.7080000000000003, PE=8.969279234885557e-17 after 267 steps
Step: 310 -  phi=0.7090000000000003, PE=6.648749734614702e-17 after 273 steps
Step: 311 -  phi=0.7100000000000003, PE=8.651809766049349e-17 after 283 steps
Step: 312 -  phi=0.7110000000000003, PE=8.991340712425804e-17 after 286 steps
Step: 313 -  phi=0.7120000000000003, PE=7.726208095046819e-17 after 273 steps
Step: 314 -  phi=0.7130000000000003, PE=9.605573562539468e-17 after 283 steps
Step: 315 -  phi=0.7140000000000003, PE=6.029429858828411e-17 after 291 steps
Step: 316 -  phi=0.7150000000000003, PE=9.780116251819556e-17 after 282 steps
Step: 317 -  phi=0.7160000000000003, PE=5.765692219171073e-17 after 308 steps
Step: 318 -  phi=0.7170000000000003, PE=8.844395572887504e-17 after 283 steps
Step: 319 -  phi=0.7180000000000003, PE=9.149843348114493e-17 after 286 steps
Step: 320 -  phi=0.7190000000000003, PE=7.075603708369164e-17 after 284 steps
Step: 321 -  phi=0.7200000000000003, PE=8.76078591101864e-17 after 276 steps
Step: 322 -  phi=0.7210000000000003, PE=6.27226245593887e-17 after 274 steps
Step: 323 -  phi=0.7220000000000003, PE=9.205924160127476e-17 after 265 steps
Step: 324 -  phi=0.7230000000000003, PE=8.120970743781854e-17 after 265 steps
Step: 325 -  phi=0.7240000000000003, PE=8.113973267914381e-17 after 279 steps
Step: 326 -  phi=0.7250000000000003, PE=5.824804565180722e-17 after 268 steps
Step: 327 -  phi=0.7260000000000003, PE=0.0 after 271 steps
Step: 328 -  phi=0.7270000000000003, PE=8.161023570444236e-17 after 278 steps
Step: 329 -  phi=0.7280000000000003, PE=9.43468085577085e-17 after 322 steps
Step: 330 -  phi=0.7290000000000003, PE=2.4600890324692007e-17 after 293 steps
Step: 331 -  phi=0.7300000000000003, PE=6.114781471118928e-17 after 296 steps
Step: 332 -  phi=0.7310000000000003, PE=9.830509408198683e-17 after 272 steps
Step: 333 -  phi=0.7320000000000003, PE=8.762181016955445e-17 after 299 steps
Step: 334 -  phi=0.7330000000000003, PE=9.325411812512439e-17 after 312 steps
Step: 335 -  phi=0.7340000000000003, PE=3.2488195604980223e-17 after 291 steps
Step: 336 -  phi=0.7350000000000003, PE=9.383947700821303e-17 after 290 steps
Step: 337 -  phi=0.7360000000000003, PE=7.981625207362574e-17 after 311 steps
Step: 338 -  phi=0.7370000000000003, PE=8.453175855235942e-17 after 296 steps
Step: 339 -  phi=0.7380000000000003, PE=8.465156819718769e-17 after 316 steps
Step: 340 -  phi=0.7390000000000003, PE=6.403748851590275e-17 after 325 steps
Step: 341 -  phi=0.7400000000000003, PE=9.175384568254468e-17 after 317 steps
Step: 342 -  phi=0.7410000000000003, PE=8.903550174079783e-17 after 373 steps
Step: 343 -  phi=0.7420000000000003, PE=9.106562840189372e-17 after 334 steps
Step: 344 -  phi=0.7430000000000003, PE=9.908855765415018e-17 after 392 steps
Step: 345 -  phi=0.7440000000000003, PE=8.555737283589797e-17 after 333 steps
Step: 346 -  phi=0.7450000000000003, PE=2.15456674406759e-17 after 332 steps
Step: 347 -  phi=0.7460000000000003, PE=9.744839095324714e-17 after 333 steps
Step: 348 -  phi=0.7470000000000003, PE=8.932998010310711e-17 after 340 steps
Step: 349 -  phi=0.7480000000000003, PE=9.661384096328034e-17 after 358 steps
Step: 350 -  phi=0.7490000000000003, PE=8.743181596576127e-17 after 353 steps
Step: 351 -  phi=0.7500000000000003, PE=7.566052193906554e-17 after 333 steps
Step: 352 -  phi=0.7510000000000003, PE=9.870056534610113e-17 after 331 steps
Step: 353 -  phi=0.7520000000000003, PE=9.877510052399476e-17 after 360 steps
Step: 354 -  phi=0.7530000000000003, PE=9.646640331686923e-17 after 376 steps
Step: 355 -  phi=0.7540000000000003, PE=9.311773336865613e-17 after 371 steps
Step: 356 -  phi=0.7550000000000003, PE=7.47379998066718e-17 after 372 steps
Step: 357 -  phi=0.7560000000000003, PE=9.314457863264575e-17 after 371 steps
Step: 358 -  phi=0.7570000000000003, PE=8.879201834365527e-17 after 515 steps
Step: 359 -  phi=0.7580000000000003, PE=7.504912331954284e-17 after 352 steps
Step: 360 -  phi=0.7590000000000003, PE=8.958433183660906e-17 after 436 steps
Step: 361 -  phi=0.7600000000000003, PE=9.587507972842544e-17 after 435 steps
Step: 362 -  phi=0.7610000000000003, PE=8.019051169188167e-17 after 395 steps
Step: 363 -  phi=0.7620000000000003, PE=9.764021963843542e-17 after 388 steps
Step: 364 -  phi=0.7630000000000003, PE=8.679405577495004e-17 after 428 steps
Step: 365 -  phi=0.7640000000000003, PE=9.555288714185476e-17 after 421 steps
Step: 366 -  phi=0.7650000000000003, PE=9.31385390187955e-17 after 488 steps
Step: 367 -  phi=0.7660000000000003, PE=6.613190642490226e-17 after 368 steps
Step: 368 -  phi=0.7670000000000003, PE=9.191778268981343e-17 after 407 steps
Step: 369 -  phi=0.7680000000000003, PE=8.604765521675709e-17 after 392 steps
Step: 370 -  phi=0.7690000000000003, PE=8.489222295835684e-17 after 395 steps
Step: 371 -  phi=0.7700000000000004, PE=6.204281021650874e-17 after 372 steps
Step: 372 -  phi=0.7710000000000004, PE=9.263321340300342e-17 after 379 steps
Step: 373 -  phi=0.7720000000000004, PE=9.565410240988524e-17 after 398 steps
Step: 374 -  phi=0.7730000000000004, PE=9.303619013237092e-17 after 399 steps
Step: 375 -  phi=0.7740000000000004, PE=9.984271152890751e-17 after 390 steps
Step: 376 -  phi=0.7750000000000004, PE=8.159157563039541e-17 after 402 steps
Step: 377 -  phi=0.7760000000000004, PE=7.897463401002852e-17 after 419 steps
Step: 378 -  phi=0.7770000000000004, PE=8.906215515552747e-17 after 427 steps
Step: 379 -  phi=0.7780000000000004, PE=9.746990235503101e-17 after 416 steps
Step: 380 -  phi=0.7790000000000004, PE=9.549310876718704e-17 after 413 steps
Step: 381 -  phi=0.7800000000000004, PE=8.848409408955735e-17 after 423 steps
Step: 382 -  phi=0.7810000000000004, PE=9.796219386943775e-17 after 597 steps
Step: 383 -  phi=0.7820000000000004, PE=8.552373422429566e-17 after 447 steps
Step: 384 -  phi=0.7830000000000004, PE=9.585874676088279e-17 after 468 steps
Step: 385 -  phi=0.7840000000000004, PE=9.707835109263543e-17 after 463 steps
Step: 386 -  phi=0.7850000000000004, PE=9.979023533185994e-17 after 411 steps
Step: 387 -  phi=0.7860000000000004, PE=9.540169329096305e-17 after 400 steps
Step: 388 -  phi=0.7870000000000004, PE=8.208404712448694e-17 after 422 steps
Step: 389 -  phi=0.7880000000000004, PE=9.012191299692801e-17 after 454 steps
Step: 390 -  phi=0.7890000000000004, PE=9.1842570257782e-17 after 410 steps
Step: 391 -  phi=0.7900000000000004, PE=7.157604524056319e-17 after 465 steps
Step: 392 -  phi=0.7910000000000004, PE=8.276077991129494e-17 after 439 steps
Step: 393 -  phi=0.7920000000000004, PE=9.252302602587095e-17 after 531 steps
Step: 394 -  phi=0.7930000000000004, PE=8.843542591512013e-17 after 491 steps
Step: 395 -  phi=0.7940000000000004, PE=8.532693739815411e-17 after 473 steps
Step: 396 -  phi=0.7950000000000004, PE=7.838083847751269e-17 after 528 steps
Step: 397 -  phi=0.7960000000000004, PE=8.201372181864307e-17 after 538 steps
Step: 398 -  phi=0.7970000000000004, PE=9.661724568548634e-17 after 486 steps
Step: 399 -  phi=0.7980000000000004, PE=9.221596132174327e-17 after 533 steps
Step: 400 -  phi=0.7990000000000004, PE=9.671327454422939e-17 after 516 steps
Step: 401 -  phi=0.8000000000000004, PE=9.034429009418588e-17 after 511 steps
Step: 402 -  phi=0.8010000000000004, PE=8.652008586243771e-17 after 521 steps
Step: 403 -  phi=0.8020000000000004, PE=8.962537893735426e-17 after 545 steps
Step: 404 -  phi=0.8030000000000004, PE=8.39633429515176e-17 after 563 steps
Step: 405 -  phi=0.8040000000000004, PE=9.48640960984537e-17 after 560 steps
Step: 406 -  phi=0.8050000000000004, PE=9.863296763876454e-17 after 549 steps
Step: 407 -  phi=0.8060000000000004, PE=8.772167577855471e-17 after 574 steps
Step: 408 -  phi=0.8070000000000004, PE=9.380786310215977e-17 after 563 steps
Step: 409 -  phi=0.8080000000000004, PE=8.317182146441907e-17 after 547 steps
Step: 410 -  phi=0.8090000000000004, PE=9.558044643877789e-17 after 927 steps
Step: 411 -  phi=0.8100000000000004, PE=9.761007105588947e-17 after 559 steps
Step: 412 -  phi=0.8110000000000004, PE=9.633237049203983e-17 after 562 steps
Step: 413 -  phi=0.8120000000000004, PE=9.582124606667063e-17 after 532 steps
Step: 414 -  phi=0.8130000000000004, PE=8.616457410865896e-17 after 551 steps
Step: 415 -  phi=0.8140000000000004, PE=8.878224676988102e-17 after 521 steps
Step: 416 -  phi=0.8150000000000004, PE=9.36771096671669e-17 after 634 steps
Step: 417 -  phi=0.8160000000000004, PE=9.812928792734823e-17 after 615 steps
Step: 418 -  phi=0.8170000000000004, PE=9.544009436714102e-17 after 646 steps
Step: 419 -  phi=0.8180000000000004, PE=9.832499347253995e-17 after 654 steps
Step: 420 -  phi=0.8190000000000004, PE=8.738237478974864e-17 after 625 steps
Step: 421 -  phi=0.8200000000000004, PE=8.704247707591987e-17 after 690 steps
Step: 422 -  phi=0.8210000000000004, PE=9.856169812287546e-17 after 1111 steps
Step: 423 -  phi=0.8220000000000004, PE=9.833056347163898e-17 after 873 steps
Step: 424 -  phi=0.8230000000000004, PE=9.719711585642512e-17 after 842 steps
Step: 425 -  phi=0.8240000000000004, PE=9.947189028574896e-17 after 819 steps
Step: 426 -  phi=0.8250000000000004, PE=9.688997979099504e-17 after 1075 steps
Step: 427 -  phi=0.8260000000000004, PE=9.057081842754162e-17 after 806 steps
Step: 428 -  phi=0.8270000000000004, PE=9.259953409364697e-17 after 994 steps
Step: 429 -  phi=0.8280000000000004, PE=6.751241514965275e-17 after 957 steps
Step: 430 -  phi=0.8290000000000004, PE=9.74394638200732e-17 after 1452 steps
Step: 431 -  phi=0.8300000000000004, PE=9.984577484181886e-17 after 1438 steps
Step: 432 -  phi=0.8310000000000004, PE=9.306690201034721e-17 after 1533 steps
Step: 433 -  phi=0.8320000000000004, PE=9.723994697531492e-17 after 1440 steps
Step: 434 -  phi=0.8330000000000004, PE=9.894981491680743e-17 after 1215 steps
Step: 435 -  phi=0.8340000000000004, PE=9.07534900440773e-17 after 1451 steps
Step: 436 -  phi=0.8350000000000004, PE=9.328508219000452e-17 after 1639 steps
Step: 437 -  phi=0.8360000000000004, PE=9.85031954599814e-17 after 1761 steps
Step: 438 -  phi=0.8370000000000004, PE=9.717453003245462e-17 after 1442 steps
Step: 439 -  phi=0.8380000000000004, PE=9.769942754244877e-17 after 1812 steps
Step: 440 -  phi=0.8390000000000004, PE=9.928308260571277e-17 after 2036 steps
Step: 441 -  phi=0.8400000000000004, PE=9.903864564564901e-17 after 1481 steps
Step: 442 -  phi=0.8410000000000004, PE=9.037513152136481e-17 after 1315 steps
Step: 443 -  phi=0.8420000000000004, PE=9.731197242167085e-17 after 1559 steps
Step: 444 -  phi=0.8430000000000004, PE=9.813586595780756e-17 after 2355 steps
Step: 445 -  phi=0.8440000000000004, PE=9.991364312225519e-17 after 2285 steps
Step: 446 -  phi=0.8450000000000004, PE=9.95269508902258e-17 after 3011 steps
Step: 447 -  phi=0.8460000000000004, PE=9.897069437069025e-17 after 2259 steps
Step: 448 -  phi=0.8470000000000004, PE=9.82633322663292e-17 after 2448 steps
Step: 449 -  phi=0.8480000000000004, PE=9.984030272767903e-17 after 3146 steps
Step: 450 -  phi=0.8490000000000004, PE=9.960877346442987e-17 after 4889 steps
Step: 451 -  phi=0.8500000000000004, PE=9.775466606869161e-17 after 7084 steps
Step: 452 -  phi=0.8510000000000004, PE=9.99464559951103e-17 after 6500 steps
Step: 453 -  phi=0.8520000000000004, PE=9.782715939530231e-17 after 4953 steps
Step: 454 -  phi=0.8530000000000004, PE=9.992329714192048e-17 after 10257 steps
Step: 455 -  phi=0.8540000000000004, PE=9.996458687233734e-17 after 13211 steps
Step: 456 -  phi=0.8550000000000004, PE=9.956953197992853e-17 after 5970 steps
Step: 457 -  phi=0.8560000000000004, PE=9.978006150560964e-17 after 13594 steps
Step: 458 -  phi=0.8570000000000004, PE=9.998425490688633e-17 after 27163 steps
Step: 459 -  phi=0.8580000000000004, PE=9.998066486426909e-17 after 84740 steps
Step: 460 -  phi=0.8590000000000004, PE=9.985998695787627e-17 after 50589 steps
Step: 461 -  phi=0.8600000000000004, PE=9.991716977694893e-17 after 37551 steps
Step: 462 -  phi=0.8610000000000004, PE=9.99857691669051e-17 after 45373 steps
Step: 463 -  phi=0.8620000000000004, PE=9.99549435902442e-17 after 29502 steps
Step: 464 -  phi=0.8630000000000004, PE=7.470625176020786e-09 after 66256 steps
Step: 465 -  phi=0.8625000000000005, PE=1.4215346286838978e-10 after 150552 steps
Step: 466 -  phi=0.8622500000000004, PE=9.999671385412731e-17 after 41756 steps
Step: 467 -  phi=0.8623750000000004, PE=9.999904163584439e-17 after 98815 steps
Step: 468 -  phi=0.8624375000000004, PE=1.8965507044162964e-11 after 158803 steps
Step: 469 -  phi=0.8624062500000005, PE=9.999985413855179e-17 after 440123 steps
Step: 470 -  phi=0.8624218750000004, PE=3.958255476508286e-12 after 166964 steps
Step: 471 -  phi=0.8624140625000005, PE=6.591837954853483e-13 after 298592 steps
Step: 472 -  phi=0.8624101562500005, PE=5.347498247138857e-14 after 1000000 steps
Step: 473 -  phi=0.8624082031250004, PE=1.5997865705739412e-16 after 1000000 steps
Step: 474 -  phi=0.8624072265625005, PE=9.998596269350375e-17 after 193362 steps
Step: 475 -  phi=0.8624077148437505, PE=9.999766513529033e-17 after 69420 steps
Step: 476 -  phi=0.8624079589843754, PE=9.999976819017268e-17 after 360076 steps
Step: 477 -  phi=0.8624080810546879, PE=9.999994324825678e-17 after 318535 steps
Step: 478 -  phi=0.8624081420898442, PE=9.999903009162243e-17 after 133703 steps
Step: 479 -  phi=0.8624081726074223, PE=9.99993125754009e-17 after 113570 steps
Step: 480 -  phi=0.8624081878662113, PE=9.999985410683932e-17 after 52359 steps
Step: 481 -  phi=0.8624081954956059, PE=9.999908142608336e-17 after 25957 steps
Step: 482 -  phi=0.8624081993103032, PE=9.999916139832057e-17 after 19741 steps
Step: 483 -  phi=0.8624082012176518, PE=9.9999701734819e-17 after 18706 steps
Step: 484 -  phi=0.8624082021713262, PE=9.999997162272893e-17 after 10405 steps
Step: 485 -  phi=0.8624082026481633, PE=9.999971186848348e-17 after 7389 steps
Step: 486 -  phi=0.8624082028865818, PE=9.99998940227959e-17 after 5200 steps
Step: 487 -  phi=0.8624082030057911, PE=9.999996683671944e-17 after 3679 steps
Step: 488 -  phi=0.8624082030653958, PE=9.999991361120197e-17 after 2612 steps
Jammed: phi = 0.862408, residual PE = 1.000e-16
