The following modules were not unloaded:
  (Use "module --force purge" to unload all):

  1) StdEnv
sys:1: RuntimeWarning: h5: callable: skipping callable field 'user_pre_step_actions' (<PjitFunction of <function _save_state_system at 0x1541fa1a7ba0>>); handle explicitly
sys:1: RuntimeWarning: h5: callable: skipping callable field 'user_post_step_actions' (<PjitFunction of <function _save_state_system at 0x1541fa1a7ba0>>); handle explicitly
/home/rg2248/analysis/summer-26/jam/thomson/jam2d-thomson.py:74: RuntimeWarning: h5: callable: skipping callable field '0' (<function fire.<locals>.init at 0x1540a418b100>); handle explicitly
  save(system, join(data_root, 'system.h5'))
/home/rg2248/analysis/summer-26/jam/thomson/jam2d-thomson.py:74: RuntimeWarning: h5: callable: skipping callable field '1' (<function fire.<locals>.update at 0x1540a418afc0>); handle explicitly
  save(system, join(data_root, 'system.h5'))
Initial minimization took 0 steps.
Step: 1 -  phi=0.39999999999999997, PE=0.0 after 0 steps
Step: 2 -  phi=0.40099999999999997, PE=9.432320835445459e-17 after 217 steps
Step: 3 -  phi=0.40199999999999997, PE=6.790210044287999e-17 after 187 steps
Step: 4 -  phi=0.40299999999999997, PE=7.252912397719451e-17 after 195 steps
Step: 5 -  phi=0.40399999999999997, PE=8.474000856388105e-17 after 213 steps
Step: 6 -  phi=0.40499999999999997, PE=4.677997645061794e-17 after 182 steps
Step: 7 -  phi=0.40599999999999997, PE=1.0141455131630594e-17 after 173 steps
Step: 8 -  phi=0.407, PE=3.3413811366099126e-17 after 174 steps
Step: 9 -  phi=0.408, PE=9.109302829083736e-17 after 210 steps
Step: 10 -  phi=0.409, PE=8.74142572928023e-17 after 208 steps
Step: 11 -  phi=0.41, PE=6.363208386925372e-17 after 196 steps
Step: 12 -  phi=0.411, PE=4.556615856490187e-19 after 186 steps
Step: 13 -  phi=0.412, PE=6.64221133432574e-17 after 203 steps
Step: 14 -  phi=0.413, PE=9.262887165450818e-17 after 227 steps
Step: 15 -  phi=0.414, PE=8.482587223266171e-17 after 194 steps
Step: 16 -  phi=0.415, PE=9.638528343846538e-17 after 224 steps
Step: 17 -  phi=0.416, PE=9.95265097068507e-17 after 292 steps
Step: 18 -  phi=0.417, PE=8.393810493230231e-17 after 251 steps
Step: 19 -  phi=0.418, PE=9.438291754127618e-17 after 333 steps
Step: 20 -  phi=0.419, PE=9.871783061006575e-17 after 339 steps
Step: 21 -  phi=0.42, PE=5.132334600041307e-17 after 243 steps
Step: 22 -  phi=0.421, PE=4.679318236962696e-17 after 236 steps
Step: 23 -  phi=0.422, PE=9.772834909275427e-17 after 232 steps
Step: 24 -  phi=0.423, PE=2.5126573126695273e-17 after 250 steps
Step: 25 -  phi=0.424, PE=4.360465997450504e-19 after 250 steps
Step: 26 -  phi=0.425, PE=7.889538130724379e-17 after 258 steps
Step: 27 -  phi=0.426, PE=8.050079707322034e-17 after 266 steps
Step: 28 -  phi=0.427, PE=9.294794091422727e-17 after 257 steps
Step: 29 -  phi=0.428, PE=9.577037117616008e-17 after 259 steps
Step: 30 -  phi=0.429, PE=8.863238695222634e-17 after 282 steps
Step: 31 -  phi=0.43, PE=6.489077317737222e-17 after 247 steps
Step: 32 -  phi=0.431, PE=5.811233925821855e-17 after 245 steps
Step: 33 -  phi=0.432, PE=7.335707296496669e-17 after 286 steps
Step: 34 -  phi=0.433, PE=3.241780114250368e-17 after 258 steps
Step: 35 -  phi=0.434, PE=8.159321395409631e-17 after 255 steps
Step: 36 -  phi=0.435, PE=8.428591311262198e-17 after 261 steps
Step: 37 -  phi=0.436, PE=1.3381710898671456e-17 after 229 steps
Step: 38 -  phi=0.437, PE=9.855351859025497e-17 after 289 steps
Step: 39 -  phi=0.438, PE=4.229761317356091e-17 after 237 steps
Step: 40 -  phi=0.439, PE=9.320716979293357e-17 after 248 steps
Step: 41 -  phi=0.44, PE=6.479960465468276e-17 after 225 steps
Step: 42 -  phi=0.441, PE=7.178766557076274e-17 after 230 steps
Step: 43 -  phi=0.442, PE=8.317781563367663e-17 after 228 steps
Step: 44 -  phi=0.443, PE=4.6518541216151796e-17 after 214 steps
Step: 45 -  phi=0.444, PE=8.442941136615552e-17 after 215 steps
Step: 46 -  phi=0.445, PE=2.6992803148169723e-17 after 240 steps
Step: 47 -  phi=0.446, PE=7.735634732850985e-17 after 263 steps
Step: 48 -  phi=0.447, PE=7.423252435634053e-17 after 220 steps
Step: 49 -  phi=0.448, PE=9.852949475317167e-17 after 275 steps
Step: 50 -  phi=0.449, PE=8.039782491930741e-17 after 241 steps
Step: 51 -  phi=0.45, PE=7.073179966157309e-17 after 269 steps
Step: 52 -  phi=0.451, PE=9.273460934691478e-17 after 241 steps
Step: 53 -  phi=0.452, PE=9.916150291432419e-17 after 268 steps
Step: 54 -  phi=0.453, PE=7.050235646823034e-17 after 232 steps
Step: 55 -  phi=0.454, PE=8.130884170057141e-17 after 217 steps
Step: 56 -  phi=0.455, PE=8.936638206124532e-17 after 202 steps
Step: 57 -  phi=0.456, PE=5.803635243416191e-17 after 214 steps
Step: 58 -  phi=0.457, PE=9.044551955415471e-17 after 202 steps
Step: 59 -  phi=0.458, PE=9.293935072079738e-17 after 248 steps
Step: 60 -  phi=0.459, PE=9.571917076421813e-17 after 235 steps
Step: 61 -  phi=0.46, PE=1.0805914487592408e-17 after 218 steps
Step: 62 -  phi=0.461, PE=7.602092455052924e-17 after 212 steps
Step: 63 -  phi=0.462, PE=3.3549128819093924e-17 after 198 steps
Step: 64 -  phi=0.463, PE=8.038369628959772e-17 after 211 steps
Step: 65 -  phi=0.464, PE=8.209800622126553e-17 after 198 steps
Step: 66 -  phi=0.465, PE=4.1623245416859734e-17 after 221 steps
Step: 67 -  phi=0.466, PE=9.49891950068116e-17 after 217 steps
Step: 68 -  phi=0.467, PE=7.362997768291718e-17 after 212 steps
Step: 69 -  phi=0.468, PE=9.498193444397637e-17 after 240 steps
Step: 70 -  phi=0.46900000000000003, PE=9.756405787280576e-17 after 282 steps
Step: 71 -  phi=0.47000000000000003, PE=8.581364979095666e-17 after 274 steps
Step: 72 -  phi=0.47100000000000003, PE=3.365868804210892e-17 after 240 steps
Step: 73 -  phi=0.47200000000000003, PE=6.620864055788928e-17 after 248 steps
Step: 74 -  phi=0.47300000000000003, PE=9.963720642021194e-17 after 222 steps
Step: 75 -  phi=0.47400000000000003, PE=4.980452561976088e-17 after 235 steps
Step: 76 -  phi=0.47500000000000003, PE=8.873109998496408e-17 after 244 steps
Step: 77 -  phi=0.47600000000000003, PE=3.00228598826861e-17 after 243 steps
Step: 78 -  phi=0.47700000000000004, PE=6.341033674424453e-17 after 228 steps
Step: 79 -  phi=0.47800000000000004, PE=8.967384368304219e-17 after 262 steps
Step: 80 -  phi=0.47900000000000004, PE=9.161041203440826e-17 after 269 steps
Step: 81 -  phi=0.48000000000000004, PE=1.4711009697468554e-17 after 212 steps
Step: 82 -  phi=0.48100000000000004, PE=9.959738659493542e-17 after 295 steps
Step: 83 -  phi=0.48200000000000004, PE=3.093107364126783e-17 after 232 steps
Step: 84 -  phi=0.48300000000000004, PE=8.136549535503708e-17 after 262 steps
Step: 85 -  phi=0.48400000000000004, PE=9.819212002673225e-17 after 241 steps
Step: 86 -  phi=0.48500000000000004, PE=9.280741535997669e-17 after 228 steps
Step: 87 -  phi=0.48600000000000004, PE=9.341119201487993e-17 after 253 steps
Step: 88 -  phi=0.48700000000000004, PE=8.980183901304355e-17 after 247 steps
Step: 89 -  phi=0.48800000000000004, PE=4.121465177057787e-17 after 230 steps
Step: 90 -  phi=0.48900000000000005, PE=8.44762554811185e-17 after 236 steps
Step: 91 -  phi=0.49000000000000005, PE=8.694390439533098e-17 after 260 steps
Step: 92 -  phi=0.49100000000000005, PE=8.458635738610997e-17 after 217 steps
Step: 93 -  phi=0.49200000000000005, PE=6.303194363375929e-17 after 248 steps
Step: 94 -  phi=0.49300000000000005, PE=9.224176242736057e-17 after 240 steps
Step: 95 -  phi=0.49400000000000005, PE=5.5468627594910085e-17 after 239 steps
Step: 96 -  phi=0.49500000000000005, PE=8.488697069084585e-17 after 229 steps
Step: 97 -  phi=0.49600000000000005, PE=7.397474146385406e-17 after 221 steps
Step: 98 -  phi=0.49700000000000005, PE=6.691872903302429e-18 after 235 steps
Step: 99 -  phi=0.49800000000000005, PE=8.790618470133434e-18 after 219 steps
Step: 100 -  phi=0.49900000000000005, PE=9.696589972059015e-17 after 224 steps
Step: 101 -  phi=0.5, PE=6.286187807727411e-17 after 212 steps
Step: 102 -  phi=0.501, PE=3.186149963062633e-17 after 197 steps
Step: 103 -  phi=0.502, PE=6.188590938563488e-17 after 263 steps
Step: 104 -  phi=0.503, PE=9.797678597812163e-17 after 264 steps
Step: 105 -  phi=0.504, PE=6.494725642510471e-17 after 264 steps
Step: 106 -  phi=0.505, PE=8.448426524243343e-17 after 250 steps
Step: 107 -  phi=0.506, PE=5.81528121734804e-17 after 276 steps
Step: 108 -  phi=0.507, PE=8.703197996439883e-17 after 242 steps
Step: 109 -  phi=0.508, PE=9.364346466485523e-17 after 330 steps
Step: 110 -  phi=0.509, PE=9.400562215835382e-17 after 287 steps
Step: 111 -  phi=0.51, PE=6.631339343782792e-17 after 267 steps
Step: 112 -  phi=0.511, PE=9.7254383585992e-17 after 295 steps
Step: 113 -  phi=0.512, PE=7.32505768018973e-17 after 256 steps
Step: 114 -  phi=0.513, PE=7.373118606263841e-17 after 253 steps
Step: 115 -  phi=0.514, PE=9.997999425788226e-17 after 234 steps
Step: 116 -  phi=0.515, PE=9.320540849325513e-17 after 254 steps
Step: 117 -  phi=0.516, PE=8.921616427806207e-17 after 263 steps
Step: 118 -  phi=0.517, PE=9.362756693391445e-17 after 357 steps
Step: 119 -  phi=0.518, PE=9.99424395990936e-17 after 335 steps
Step: 120 -  phi=0.519, PE=0.0 after 251 steps
Step: 121 -  phi=0.52, PE=6.632618314443766e-17 after 285 steps
Step: 122 -  phi=0.521, PE=9.353252548752114e-17 after 304 steps
Step: 123 -  phi=0.522, PE=8.751859262571573e-17 after 309 steps
Step: 124 -  phi=0.523, PE=8.916935709319495e-17 after 339 steps
Step: 125 -  phi=0.524, PE=9.323601216139884e-17 after 347 steps
Step: 126 -  phi=0.525, PE=7.497189350621383e-17 after 318 steps
Step: 127 -  phi=0.526, PE=9.699510429126142e-17 after 339 steps
Step: 128 -  phi=0.527, PE=8.288893285996695e-17 after 324 steps
Step: 129 -  phi=0.528, PE=7.104369141640054e-17 after 305 steps
Step: 130 -  phi=0.529, PE=8.929806629080651e-17 after 283 steps
Step: 131 -  phi=0.53, PE=6.400296056876281e-17 after 287 steps
Step: 132 -  phi=0.531, PE=5.707396263610881e-17 after 290 steps
Step: 133 -  phi=0.532, PE=7.19513491336207e-17 after 299 steps
Step: 134 -  phi=0.533, PE=9.199061946738931e-17 after 293 steps
Step: 135 -  phi=0.534, PE=8.041226621909164e-17 after 280 steps
Step: 136 -  phi=0.535, PE=6.807613008321238e-17 after 272 steps
Step: 137 -  phi=0.536, PE=9.533009745897433e-17 after 329 steps
Step: 138 -  phi=0.537, PE=9.09114849008951e-17 after 300 steps
Step: 139 -  phi=0.538, PE=8.266493480073298e-17 after 305 steps
Step: 140 -  phi=0.539, PE=9.454045893589718e-17 after 289 steps
Step: 141 -  phi=0.54, PE=8.555314616354926e-17 after 269 steps
Step: 142 -  phi=0.541, PE=1.0187362756181004e-17 after 288 steps
Step: 143 -  phi=0.542, PE=8.912884492949974e-17 after 293 steps
Step: 144 -  phi=0.543, PE=9.40247564055367e-17 after 410 steps
Step: 145 -  phi=0.544, PE=9.288478792452876e-17 after 282 steps
Step: 146 -  phi=0.545, PE=9.828156461951236e-17 after 270 steps
Step: 147 -  phi=0.546, PE=9.550374209459331e-17 after 284 steps
Step: 148 -  phi=0.547, PE=1.2985240613671603e-17 after 248 steps
Step: 149 -  phi=0.548, PE=7.194677914634974e-17 after 276 steps
Step: 150 -  phi=0.549, PE=8.28462931455065e-17 after 255 steps
Step: 151 -  phi=0.55, PE=9.708081213782896e-17 after 291 steps
Step: 152 -  phi=0.551, PE=5.995405648462792e-17 after 319 steps
Step: 153 -  phi=0.552, PE=9.562877934429345e-17 after 267 steps
Step: 154 -  phi=0.553, PE=6.548227277144661e-17 after 269 steps
Step: 155 -  phi=0.554, PE=8.113774499963281e-17 after 277 steps
Step: 156 -  phi=0.555, PE=8.234734623355165e-17 after 300 steps
Step: 157 -  phi=0.556, PE=9.637933403865346e-17 after 275 steps
Step: 158 -  phi=0.557, PE=1.9338277166528283e-17 after 269 steps
Step: 159 -  phi=0.558, PE=6.399885509678517e-17 after 295 steps
Step: 160 -  phi=0.559, PE=9.842215690903463e-17 after 300 steps
Step: 161 -  phi=0.56, PE=1.432870398466767e-17 after 261 steps
Step: 162 -  phi=0.561, PE=7.623048230966031e-17 after 295 steps
Step: 163 -  phi=0.562, PE=7.07477127595845e-17 after 273 steps
Step: 164 -  phi=0.5630000000000001, PE=8.155838535062045e-17 after 276 steps
Step: 165 -  phi=0.5640000000000001, PE=8.665663493953392e-17 after 269 steps
Step: 166 -  phi=0.5650000000000001, PE=9.380071124441227e-17 after 275 steps
Step: 167 -  phi=0.5660000000000001, PE=9.502795218235052e-17 after 247 steps
Step: 168 -  phi=0.5670000000000001, PE=9.849420605399292e-17 after 302 steps
Step: 169 -  phi=0.5680000000000001, PE=8.41403290700003e-17 after 344 steps
Step: 170 -  phi=0.5690000000000001, PE=7.752445258682544e-18 after 267 steps
Step: 171 -  phi=0.5700000000000001, PE=7.591820244655508e-17 after 292 steps
Step: 172 -  phi=0.5710000000000001, PE=8.360406863238142e-17 after 274 steps
Step: 173 -  phi=0.5720000000000001, PE=8.113470753530515e-17 after 254 steps
Step: 174 -  phi=0.5730000000000001, PE=9.217670265438462e-17 after 260 steps
Step: 175 -  phi=0.5740000000000001, PE=6.194647168204485e-17 after 288 steps
Step: 176 -  phi=0.5750000000000001, PE=8.539121527634397e-17 after 300 steps
Step: 177 -  phi=0.5760000000000001, PE=3.369634438768837e-17 after 300 steps
Step: 178 -  phi=0.5770000000000001, PE=9.860882476174587e-17 after 365 steps
Step: 179 -  phi=0.5780000000000001, PE=9.051766638286147e-17 after 364 steps
Step: 180 -  phi=0.5790000000000001, PE=9.423285207444995e-17 after 333 steps
Step: 181 -  phi=0.5800000000000001, PE=9.280362658227455e-17 after 382 steps
Step: 182 -  phi=0.5810000000000001, PE=9.899377664540693e-17 after 472 steps
Step: 183 -  phi=0.5820000000000001, PE=9.460513705291589e-17 after 384 steps
Step: 184 -  phi=0.5830000000000001, PE=9.823169796498637e-17 after 408 steps
Step: 185 -  phi=0.5840000000000001, PE=9.611148346296945e-17 after 399 steps
Step: 186 -  phi=0.5850000000000001, PE=9.887214952987518e-17 after 355 steps
Step: 187 -  phi=0.5860000000000001, PE=6.04079103924117e-17 after 362 steps
Step: 188 -  phi=0.5870000000000001, PE=9.173161476335411e-17 after 353 steps
Step: 189 -  phi=0.5880000000000001, PE=8.57660717823205e-17 after 358 steps
Step: 190 -  phi=0.5890000000000001, PE=7.821828246311713e-17 after 399 steps
Step: 191 -  phi=0.5900000000000001, PE=9.523832100801609e-17 after 343 steps
Step: 192 -  phi=0.5910000000000001, PE=9.006806611492001e-17 after 422 steps
Step: 193 -  phi=0.5920000000000001, PE=9.954801814281976e-17 after 417 steps
Step: 194 -  phi=0.5930000000000001, PE=8.81754436137178e-17 after 406 steps
Step: 195 -  phi=0.5940000000000001, PE=9.615957261266542e-17 after 413 steps
Step: 196 -  phi=0.5950000000000001, PE=9.670558529891615e-17 after 431 steps
Step: 197 -  phi=0.5960000000000001, PE=9.246739411390924e-17 after 407 steps
Step: 198 -  phi=0.5970000000000001, PE=8.407957662462121e-17 after 366 steps
Step: 199 -  phi=0.5980000000000001, PE=8.805386141671053e-17 after 430 steps
Step: 200 -  phi=0.5990000000000001, PE=9.810957708546222e-17 after 384 steps
Step: 201 -  phi=0.6000000000000001, PE=9.820419804726902e-17 after 380 steps
Step: 202 -  phi=0.6010000000000001, PE=9.628435410859722e-17 after 349 steps
Step: 203 -  phi=0.6020000000000001, PE=8.835098255662776e-17 after 337 steps
Step: 204 -  phi=0.6030000000000001, PE=8.464690272624206e-17 after 367 steps
Step: 205 -  phi=0.6040000000000001, PE=9.416759296966675e-17 after 437 steps
Step: 206 -  phi=0.6050000000000001, PE=8.877853801125794e-17 after 484 steps
Step: 207 -  phi=0.6060000000000001, PE=8.967542789573328e-17 after 359 steps
Step: 208 -  phi=0.6070000000000001, PE=9.080162953735567e-17 after 354 steps
Step: 209 -  phi=0.6080000000000001, PE=9.628922311654303e-17 after 375 steps
Step: 210 -  phi=0.6090000000000001, PE=9.064992182291309e-17 after 371 steps
Step: 211 -  phi=0.6100000000000001, PE=8.972592286911777e-17 after 386 steps
Step: 212 -  phi=0.6110000000000001, PE=9.86815141299005e-17 after 350 steps
Step: 213 -  phi=0.6120000000000001, PE=9.82323090751842e-17 after 366 steps
Step: 214 -  phi=0.6130000000000001, PE=4.8309746818297306e-17 after 379 steps
Step: 215 -  phi=0.6140000000000001, PE=9.478147762616023e-17 after 466 steps
Step: 216 -  phi=0.6150000000000001, PE=7.267402869850246e-17 after 360 steps
Step: 217 -  phi=0.6160000000000001, PE=7.952659300940796e-17 after 358 steps
Step: 218 -  phi=0.6170000000000001, PE=9.038545898521065e-17 after 372 steps
Step: 219 -  phi=0.6180000000000001, PE=8.789367193165644e-17 after 361 steps
Step: 220 -  phi=0.6190000000000001, PE=8.14503986551887e-17 after 397 steps
Step: 221 -  phi=0.6200000000000001, PE=6.343624267330467e-17 after 398 steps
Step: 222 -  phi=0.6210000000000001, PE=8.00945672694658e-17 after 428 steps
Step: 223 -  phi=0.6220000000000001, PE=8.504764214693224e-17 after 428 steps
Step: 224 -  phi=0.6230000000000001, PE=6.215716605567591e-17 after 385 steps
Step: 225 -  phi=0.6240000000000001, PE=8.894316717064159e-17 after 415 steps
Step: 226 -  phi=0.6250000000000001, PE=9.31200025087629e-17 after 386 steps
Step: 227 -  phi=0.6260000000000001, PE=9.234331179136326e-17 after 375 steps
Step: 228 -  phi=0.6270000000000001, PE=9.983042312655432e-17 after 416 steps
Step: 229 -  phi=0.6280000000000001, PE=9.754734687991176e-17 after 376 steps
Step: 230 -  phi=0.6290000000000001, PE=9.456002113547897e-17 after 381 steps
Step: 231 -  phi=0.6300000000000001, PE=6.172623713543573e-17 after 378 steps
Step: 232 -  phi=0.6310000000000001, PE=8.082010066837424e-17 after 429 steps
Step: 233 -  phi=0.6320000000000001, PE=9.680440008321491e-17 after 402 steps
Step: 234 -  phi=0.6330000000000001, PE=7.144364218186748e-17 after 430 steps
Step: 235 -  phi=0.6340000000000001, PE=6.1358543358846e-17 after 413 steps
Step: 236 -  phi=0.6350000000000001, PE=6.844754688329325e-17 after 432 steps
Step: 237 -  phi=0.6360000000000001, PE=9.992836178167014e-17 after 423 steps
Step: 238 -  phi=0.6370000000000001, PE=5.737762237276293e-17 after 440 steps
Step: 239 -  phi=0.6380000000000001, PE=9.67724863589995e-17 after 458 steps
Step: 240 -  phi=0.6390000000000001, PE=9.293093818137484e-17 after 439 steps
Step: 241 -  phi=0.6400000000000001, PE=9.146628019643603e-17 after 465 steps
Step: 242 -  phi=0.6410000000000001, PE=9.964969658097682e-17 after 537 steps
Step: 243 -  phi=0.6420000000000001, PE=9.306515647118038e-17 after 434 steps
Step: 244 -  phi=0.6430000000000001, PE=9.727685402271699e-17 after 428 steps
Step: 245 -  phi=0.6440000000000001, PE=8.951049397344415e-17 after 525 steps
Step: 246 -  phi=0.6450000000000001, PE=8.090577736185081e-17 after 457 steps
Step: 247 -  phi=0.6460000000000001, PE=9.71122351142743e-17 after 425 steps
Step: 248 -  phi=0.6470000000000001, PE=7.595667312363252e-17 after 433 steps
Step: 249 -  phi=0.6480000000000001, PE=8.808156091825073e-17 after 589 steps
Step: 250 -  phi=0.6490000000000001, PE=9.50226801203042e-17 after 454 steps
Step: 251 -  phi=0.6500000000000001, PE=9.906272064048878e-17 after 444 steps
Step: 252 -  phi=0.6510000000000001, PE=8.638454424593492e-17 after 483 steps
Step: 253 -  phi=0.6520000000000001, PE=9.82766897924723e-17 after 540 steps
Step: 254 -  phi=0.6530000000000001, PE=9.266379919912503e-17 after 567 steps
Step: 255 -  phi=0.6540000000000001, PE=9.801355994352772e-17 after 522 steps
Step: 256 -  phi=0.6550000000000001, PE=8.330010725029885e-17 after 602 steps
Step: 257 -  phi=0.6560000000000001, PE=9.993523606192411e-17 after 544 steps
Step: 258 -  phi=0.6570000000000001, PE=9.774236550322399e-17 after 593 steps
Step: 259 -  phi=0.6580000000000001, PE=8.23396683614028e-17 after 588 steps
Step: 260 -  phi=0.6590000000000001, PE=6.803500016207583e-17 after 541 steps
Step: 261 -  phi=0.6600000000000001, PE=6.459501571457639e-17 after 512 steps
Step: 262 -  phi=0.6610000000000001, PE=9.517705391421337e-17 after 620 steps
Step: 263 -  phi=0.6620000000000001, PE=8.9571654086653e-17 after 512 steps
Step: 264 -  phi=0.6630000000000001, PE=5.263044209391527e-17 after 558 steps
Step: 265 -  phi=0.6640000000000001, PE=9.104348633472588e-17 after 551 steps
Step: 266 -  phi=0.6650000000000001, PE=9.472594070130733e-17 after 640 steps
Step: 267 -  phi=0.6660000000000001, PE=9.71936220914713e-17 after 772 steps
Step: 268 -  phi=0.6670000000000001, PE=9.014376743181765e-17 after 564 steps
Step: 269 -  phi=0.6680000000000001, PE=7.749888425157577e-17 after 560 steps
Step: 270 -  phi=0.6690000000000002, PE=8.144115876822837e-17 after 539 steps
Step: 271 -  phi=0.6700000000000002, PE=8.764421245019247e-17 after 558 steps
Step: 272 -  phi=0.6710000000000002, PE=9.967790801535866e-17 after 539 steps
Step: 273 -  phi=0.6720000000000002, PE=9.533232989413418e-17 after 580 steps
Step: 274 -  phi=0.6730000000000002, PE=9.794842271656735e-17 after 713 steps
Step: 275 -  phi=0.6740000000000002, PE=8.115498667368686e-17 after 507 steps
Step: 276 -  phi=0.6750000000000002, PE=9.998517469645473e-17 after 634 steps
Step: 277 -  phi=0.6760000000000002, PE=8.496361004740229e-17 after 719 steps
Step: 278 -  phi=0.6770000000000002, PE=7.368673811298158e-17 after 656 steps
Step: 279 -  phi=0.6780000000000002, PE=8.790612913220587e-17 after 634 steps
Step: 280 -  phi=0.6790000000000002, PE=8.829887600721493e-17 after 588 steps
Step: 281 -  phi=0.6800000000000002, PE=9.60940671572124e-17 after 694 steps
Step: 282 -  phi=0.6810000000000002, PE=8.959104794948518e-17 after 610 steps
Step: 283 -  phi=0.6820000000000002, PE=8.21821735050177e-17 after 629 steps
Step: 284 -  phi=0.6830000000000002, PE=9.719355423722215e-17 after 721 steps
Step: 285 -  phi=0.6840000000000002, PE=9.4863280918063e-17 after 775 steps
Step: 286 -  phi=0.6850000000000002, PE=9.895374192458753e-17 after 629 steps
Step: 287 -  phi=0.6860000000000002, PE=9.725156653866695e-17 after 601 steps
Step: 288 -  phi=0.6870000000000002, PE=9.575461284031568e-17 after 564 steps
Step: 289 -  phi=0.6880000000000002, PE=8.567862090394795e-17 after 579 steps
Step: 290 -  phi=0.6890000000000002, PE=8.715914084297942e-17 after 578 steps
Step: 291 -  phi=0.6900000000000002, PE=9.130994287563348e-17 after 591 steps
Step: 292 -  phi=0.6910000000000002, PE=9.582015439519236e-17 after 604 steps
Step: 293 -  phi=0.6920000000000002, PE=9.535910766422802e-17 after 609 steps
Step: 294 -  phi=0.6930000000000002, PE=9.570290448567346e-17 after 603 steps
Step: 295 -  phi=0.6940000000000002, PE=9.201562311175241e-17 after 630 steps
Step: 296 -  phi=0.6950000000000002, PE=9.234215879117602e-17 after 660 steps
Step: 297 -  phi=0.6960000000000002, PE=9.854254713321107e-17 after 599 steps
Step: 298 -  phi=0.6970000000000002, PE=9.913009271696207e-17 after 675 steps
Step: 299 -  phi=0.6980000000000002, PE=9.945573084691475e-17 after 786 steps
Step: 300 -  phi=0.6990000000000002, PE=9.919977824301904e-17 after 698 steps
Step: 301 -  phi=0.7000000000000002, PE=9.846878619007428e-17 after 714 steps
Step: 302 -  phi=0.7010000000000002, PE=7.629591389688484e-17 after 651 steps
Step: 303 -  phi=0.7020000000000002, PE=9.773664471992192e-17 after 554 steps
Step: 304 -  phi=0.7030000000000002, PE=9.686078102002978e-17 after 623 steps
Step: 305 -  phi=0.7040000000000002, PE=9.321035922899471e-17 after 650 steps
Step: 306 -  phi=0.7050000000000002, PE=9.324274220006723e-17 after 726 steps
Step: 307 -  phi=0.7060000000000002, PE=9.608324887346874e-17 after 819 steps
Step: 308 -  phi=0.7070000000000002, PE=9.222756688333588e-17 after 772 steps
Step: 309 -  phi=0.7080000000000002, PE=7.644450588697269e-17 after 629 steps
Step: 310 -  phi=0.7090000000000002, PE=9.152984178990255e-17 after 668 steps
Step: 311 -  phi=0.7100000000000002, PE=9.539012886734813e-17 after 913 steps
Step: 312 -  phi=0.7110000000000002, PE=9.148890920776591e-17 after 718 steps
Step: 313 -  phi=0.7120000000000002, PE=9.627597136990976e-17 after 780 steps
Step: 314 -  phi=0.7130000000000002, PE=9.6375053569052e-17 after 1071 steps
Step: 315 -  phi=0.7140000000000002, PE=9.896305625373638e-17 after 1083 steps
Step: 316 -  phi=0.7150000000000002, PE=9.878182824847006e-17 after 859 steps
Step: 317 -  phi=0.7160000000000002, PE=9.8526512853283e-17 after 1164 steps
Step: 318 -  phi=0.7170000000000002, PE=9.51422933691756e-17 after 841 steps
Step: 319 -  phi=0.7180000000000002, PE=8.941730026102724e-17 after 848 steps
Step: 320 -  phi=0.7190000000000002, PE=9.934242218514631e-17 after 895 steps
Step: 321 -  phi=0.7200000000000002, PE=9.942525865018052e-17 after 1428 steps
Step: 322 -  phi=0.7210000000000002, PE=9.533010479819969e-17 after 1201 steps
Step: 323 -  phi=0.7220000000000002, PE=9.386274209982375e-17 after 1232 steps
Step: 324 -  phi=0.7230000000000002, PE=9.801494454230455e-17 after 1180 steps
Step: 325 -  phi=0.7240000000000002, PE=9.466132464520837e-17 after 1161 steps
Step: 326 -  phi=0.7250000000000002, PE=9.751616828060931e-17 after 989 steps
Step: 327 -  phi=0.7260000000000002, PE=9.867961590490258e-17 after 782 steps
Step: 328 -  phi=0.7270000000000002, PE=9.648649245576467e-17 after 993 steps
Step: 329 -  phi=0.7280000000000002, PE=9.408396101926998e-17 after 984 steps
Step: 330 -  phi=0.7290000000000002, PE=9.309082060216288e-17 after 735 steps
Step: 331 -  phi=0.7300000000000002, PE=7.586613866941907e-17 after 748 steps
Step: 332 -  phi=0.7310000000000002, PE=9.71056471273388e-17 after 1169 steps
Step: 333 -  phi=0.7320000000000002, PE=9.528867000028256e-17 after 963 steps
Step: 334 -  phi=0.7330000000000002, PE=9.741997513755792e-17 after 1213 steps
Step: 335 -  phi=0.7340000000000002, PE=9.851682328692812e-17 after 1488 steps
Step: 336 -  phi=0.7350000000000002, PE=9.212113505335292e-17 after 1337 steps
Step: 337 -  phi=0.7360000000000002, PE=9.52804210277494e-17 after 1689 steps
Step: 338 -  phi=0.7370000000000002, PE=9.899755448802846e-17 after 2084 steps
Step: 339 -  phi=0.7380000000000002, PE=9.815428064246692e-17 after 1720 steps
Step: 340 -  phi=0.7390000000000002, PE=9.159966542133649e-17 after 1382 steps
Step: 341 -  phi=0.7400000000000002, PE=9.7351258843751e-17 after 1875 steps
Step: 342 -  phi=0.7410000000000002, PE=9.870388845569878e-17 after 2384 steps
Step: 343 -  phi=0.7420000000000002, PE=9.913680227440678e-17 after 3150 steps
Step: 344 -  phi=0.7430000000000002, PE=9.870225880119326e-17 after 2536 steps
Step: 345 -  phi=0.7440000000000002, PE=9.642960060893734e-17 after 1654 steps
Step: 346 -  phi=0.7450000000000002, PE=9.955324952689591e-17 after 2848 steps
Step: 347 -  phi=0.7460000000000002, PE=9.953513703512278e-17 after 2388 steps
Step: 348 -  phi=0.7470000000000002, PE=9.082901260027341e-17 after 1949 steps
Step: 349 -  phi=0.7480000000000002, PE=9.789789190550707e-17 after 2245 steps
Step: 350 -  phi=0.7490000000000002, PE=9.959922130963654e-17 after 3075 steps
Step: 351 -  phi=0.7500000000000002, PE=9.709215193807823e-17 after 2218 steps
Step: 352 -  phi=0.7510000000000002, PE=9.538647543464788e-17 after 2831 steps
Step: 353 -  phi=0.7520000000000002, PE=9.900099848988607e-17 after 3279 steps
Step: 354 -  phi=0.7530000000000002, PE=9.683195055691739e-17 after 1892 steps
Step: 355 -  phi=0.7540000000000002, PE=9.989796264605099e-17 after 2730 steps
Step: 356 -  phi=0.7550000000000002, PE=9.849028848224194e-17 after 1583 steps
Step: 357 -  phi=0.7560000000000002, PE=9.999434023563329e-17 after 1762 steps
Step: 358 -  phi=0.7570000000000002, PE=9.823666654933464e-17 after 1584 steps
Step: 359 -  phi=0.7580000000000002, PE=9.887272292714806e-17 after 1785 steps
Step: 360 -  phi=0.7590000000000002, PE=9.858612722143958e-17 after 1917 steps
Step: 361 -  phi=0.7600000000000002, PE=9.990331087176622e-17 after 2770 steps
Step: 362 -  phi=0.7610000000000002, PE=9.981132662134482e-17 after 3200 steps
Step: 363 -  phi=0.7620000000000002, PE=9.999657550994793e-17 after 3371 steps
Step: 364 -  phi=0.7630000000000002, PE=9.80194826902436e-17 after 2142 steps
Step: 365 -  phi=0.7640000000000002, PE=9.976981801105362e-17 after 3402 steps
Step: 366 -  phi=0.7650000000000002, PE=9.97922018247942e-17 after 3480 steps
Step: 367 -  phi=0.7660000000000002, PE=9.981366872840229e-17 after 12065 steps
Step: 368 -  phi=0.7670000000000002, PE=9.602131559157655e-17 after 8103 steps
Step: 369 -  phi=0.7680000000000002, PE=9.980479559594237e-17 after 9292 steps
Step: 370 -  phi=0.7690000000000002, PE=9.97724666002595e-17 after 7569 steps
Step: 371 -  phi=0.7700000000000002, PE=9.964412507790657e-17 after 14483 steps
Step: 372 -  phi=0.7710000000000002, PE=9.998408107312477e-17 after 20953 steps
Step: 373 -  phi=0.7720000000000002, PE=9.996292730102183e-17 after 28647 steps
Step: 374 -  phi=0.7730000000000002, PE=9.999268530269036e-17 after 21076 steps
Step: 375 -  phi=0.7740000000000002, PE=9.988865357334385e-17 after 13096 steps
Step: 376 -  phi=0.7750000000000002, PE=9.998272510739136e-17 after 14978 steps
Step: 377 -  phi=0.7760000000000002, PE=9.925647343887909e-17 after 11817 steps
Step: 378 -  phi=0.7770000000000002, PE=9.983793469296191e-17 after 17278 steps
Step: 379 -  phi=0.7780000000000002, PE=9.986676280789311e-17 after 18513 steps
Step: 380 -  phi=0.7790000000000002, PE=9.988499834424695e-17 after 19647 steps
Step: 381 -  phi=0.7800000000000002, PE=9.976170101025344e-17 after 15279 steps
Step: 382 -  phi=0.7810000000000002, PE=9.996054909959185e-17 after 25914 steps
Step: 383 -  phi=0.7820000000000003, PE=9.993926015113743e-17 after 244715 steps
Step: 384 -  phi=0.7830000000000003, PE=9.998447932650838e-17 after 70960 steps
Step: 385 -  phi=0.7840000000000003, PE=9.994010460191552e-17 after 56261 steps
Step: 386 -  phi=0.7850000000000003, PE=9.989303625517118e-17 after 135068 steps
Step: 387 -  phi=0.7860000000000003, PE=9.999068289171694e-17 after 177239 steps
Step: 388 -  phi=0.7870000000000003, PE=4.57063175138066e-10 after 108887 steps
Step: 389 -  phi=0.7865000000000002, PE=1.1114922256959632e-09 after 116512 steps
Step: 390 -  phi=0.7862500000000002, PE=9.98873654604944e-17 after 66009 steps
Step: 391 -  phi=0.7863750000000003, PE=9.996205931467814e-17 after 90887 steps
Step: 392 -  phi=0.7864375000000002, PE=9.998099310660407e-17 after 64502 steps
Step: 393 -  phi=0.7864687500000003, PE=9.998985582067584e-17 after 24906 steps
Step: 394 -  phi=0.7864843750000002, PE=9.999891562635006e-17 after 20016 steps
Step: 395 -  phi=0.7864921875000002, PE=9.999612897125892e-17 after 28189 steps
Step: 396 -  phi=0.7864960937500002, PE=9.995937931414794e-17 after 18724 steps
Step: 397 -  phi=0.7864980468750002, PE=9.999425641609732e-17 after 11941 steps
Step: 398 -  phi=0.7864990234375002, PE=9.99950981502167e-17 after 12595 steps
Step: 399 -  phi=0.7864995117187502, PE=9.992392310508105e-17 after 6262 steps
Step: 400 -  phi=0.7864997558593751, PE=9.994510604005528e-17 after 8125 steps
Step: 401 -  phi=0.7864998779296877, PE=9.995924350371794e-17 after 4767 steps
Step: 402 -  phi=0.7864999389648439, PE=9.998598465213085e-17 after 3877 steps
Step: 403 -  phi=0.7864999694824221, PE=9.999719818002186e-17 after 3062 steps
Step: 404 -  phi=0.7864999847412111, PE=9.998087203359117e-17 after 2307 steps
Step: 405 -  phi=0.7864999923706056, PE=9.998666590695788e-17 after 1695 steps
Step: 406 -  phi=0.786499996185303, PE=9.999858417713885e-17 after 1227 steps
Step: 407 -  phi=0.7864999980926516, PE=9.99959911915989e-17 after 877 steps
Step: 408 -  phi=0.786499999046326, PE=9.9998784083041e-17 after 625 steps
Step: 409 -  phi=0.7864999995231631, PE=9.999855560064737e-17 after 445 steps
Step: 410 -  phi=0.7864999997615816, PE=9.99984275497867e-17 after 319 steps
Step: 411 -  phi=0.7864999998807909, PE=9.999725760881322e-17 after 231 steps
Step: 412 -  phi=0.7864999999403955, PE=9.999823336676704e-17 after 168 steps
Jammed: phi = 0.786500, residual PE = 1.000e-16
