The following modules were not unloaded:
  (Use "module --force purge" to unload all):

  1) StdEnv
E0627 13:01:26.466458 1150331 numa_hwloc.cc:121] Call to hwloc_set_cpubind() failed: Invalid argument [22]
sys:1: RuntimeWarning: h5: callable: skipping callable field 'user_pre_step_actions' (<PjitFunction of <function _save_state_system at 0x155334417ba0>>); handle explicitly
sys:1: RuntimeWarning: h5: callable: skipping callable field 'user_post_step_actions' (<PjitFunction of <function _save_state_system at 0x155334417ba0>>); handle explicitly
/home/rg2248/analysis/summer-26/jam/thomson/jam2d-thomson.py:74: RuntimeWarning: h5: callable: skipping callable field '0' (<function fire.<locals>.init at 0x1551fdeeb100>); handle explicitly
  save(system, join(data_root, 'system.h5'))
/home/rg2248/analysis/summer-26/jam/thomson/jam2d-thomson.py:74: RuntimeWarning: h5: callable: skipping callable field '1' (<function fire.<locals>.update at 0x1551fdeeafc0>); handle explicitly
  save(system, join(data_root, 'system.h5'))
Initial minimization took 0 steps.
Step: 1 -  phi=0.4000000000000001, PE=0.0 after 0 steps
Step: 2 -  phi=0.4010000000000001, PE=0.0 after 79 steps
Step: 3 -  phi=0.4020000000000001, PE=0.0 after 77 steps
Step: 4 -  phi=0.4030000000000001, PE=4.806128699147733e-17 after 99 steps
Step: 5 -  phi=0.4040000000000001, PE=0.0 after 89 steps
Step: 6 -  phi=0.4050000000000001, PE=0.0 after 78 steps
Step: 7 -  phi=0.4060000000000001, PE=0.0 after 102 steps
Step: 8 -  phi=0.4070000000000001, PE=9.181896648895683e-17 after 101 steps
Step: 9 -  phi=0.4080000000000001, PE=0.0 after 92 steps
Step: 10 -  phi=0.4090000000000001, PE=0.0 after 101 steps
Step: 11 -  phi=0.4100000000000001, PE=6.906807542591323e-17 after 94 steps
Step: 12 -  phi=0.4110000000000001, PE=0.0 after 82 steps
Step: 13 -  phi=0.4120000000000001, PE=7.146594645442499e-17 after 102 steps
Step: 14 -  phi=0.4130000000000001, PE=3.4837970864057146e-17 after 89 steps
Step: 15 -  phi=0.4140000000000001, PE=0.0 after 96 steps
Step: 16 -  phi=0.4150000000000001, PE=0.0 after 117 steps
Step: 17 -  phi=0.4160000000000001, PE=0.0 after 119 steps
Step: 18 -  phi=0.4170000000000001, PE=2.976727653513259e-17 after 103 steps
Step: 19 -  phi=0.4180000000000001, PE=5.155618553396943e-17 after 104 steps
Step: 20 -  phi=0.4190000000000001, PE=7.859844238443569e-17 after 86 steps
Step: 21 -  phi=0.4200000000000001, PE=4.159240366742605e-17 after 104 steps
Step: 22 -  phi=0.4210000000000001, PE=0.0 after 94 steps
Step: 23 -  phi=0.4220000000000001, PE=0.0 after 93 steps
Step: 24 -  phi=0.4230000000000001, PE=6.827083839221964e-18 after 101 steps
Step: 25 -  phi=0.4240000000000001, PE=7.81172427571902e-17 after 106 steps
Step: 26 -  phi=0.4250000000000001, PE=7.353834475552567e-17 after 96 steps
Step: 27 -  phi=0.4260000000000001, PE=0.0 after 93 steps
Step: 28 -  phi=0.4270000000000001, PE=0.0 after 113 steps
Step: 29 -  phi=0.4280000000000001, PE=3.2991027687077625e-17 after 88 steps
Step: 30 -  phi=0.4290000000000001, PE=8.079559928895217e-17 after 109 steps
Step: 31 -  phi=0.4300000000000001, PE=4.370459294614654e-18 after 96 steps
Step: 32 -  phi=0.4310000000000001, PE=0.0 after 101 steps
Step: 33 -  phi=0.4320000000000001, PE=5.885089004136134e-17 after 123 steps
Step: 34 -  phi=0.4330000000000001, PE=4.430624746815232e-17 after 107 steps
Step: 35 -  phi=0.4340000000000001, PE=0.0 after 102 steps
Step: 36 -  phi=0.4350000000000001, PE=7.441408190991454e-17 after 125 steps
Step: 37 -  phi=0.4360000000000001, PE=5.973585516450314e-17 after 102 steps
Step: 38 -  phi=0.4370000000000001, PE=9.250382788809959e-17 after 125 steps
Step: 39 -  phi=0.4380000000000001, PE=0.0 after 105 steps
Step: 40 -  phi=0.4390000000000001, PE=1.9957587059600273e-17 after 108 steps
Step: 41 -  phi=0.4400000000000001, PE=3.17917373684037e-18 after 98 steps
Step: 42 -  phi=0.4410000000000001, PE=3.5311224391572355e-17 after 139 steps
Step: 43 -  phi=0.4420000000000001, PE=4.3935901945143167e-17 after 116 steps
Step: 44 -  phi=0.4430000000000001, PE=0.0 after 108 steps
Step: 45 -  phi=0.4440000000000001, PE=0.0 after 108 steps
Step: 46 -  phi=0.4450000000000001, PE=7.253907264533436e-17 after 100 steps
Step: 47 -  phi=0.4460000000000001, PE=1.7040658683511703e-17 after 122 steps
Step: 48 -  phi=0.4470000000000001, PE=5.885122610607049e-17 after 110 steps
Step: 49 -  phi=0.4480000000000001, PE=0.0 after 89 steps
Step: 50 -  phi=0.4490000000000001, PE=1.3062255709117094e-17 after 117 steps
Step: 51 -  phi=0.4500000000000001, PE=6.53603835338424e-17 after 112 steps
Step: 52 -  phi=0.4510000000000001, PE=3.5026777471137034e-17 after 115 steps
Step: 53 -  phi=0.4520000000000001, PE=5.5349254876229426e-17 after 115 steps
Step: 54 -  phi=0.4530000000000001, PE=0.0 after 93 steps
Step: 55 -  phi=0.4540000000000001, PE=0.0 after 102 steps
Step: 56 -  phi=0.4550000000000001, PE=0.0 after 118 steps
Step: 57 -  phi=0.4560000000000001, PE=6.829316366728338e-17 after 127 steps
Step: 58 -  phi=0.45700000000000013, PE=9.816549400041451e-17 after 110 steps
Step: 59 -  phi=0.45800000000000013, PE=2.4542269235715337e-17 after 120 steps
Step: 60 -  phi=0.45900000000000013, PE=3.472635616285724e-17 after 125 steps
Step: 61 -  phi=0.46000000000000013, PE=7.653884991699638e-17 after 129 steps
Step: 62 -  phi=0.46100000000000013, PE=8.524058381947991e-17 after 124 steps
Step: 63 -  phi=0.46200000000000013, PE=7.553691188392214e-17 after 118 steps
Step: 64 -  phi=0.46300000000000013, PE=8.36602426914668e-17 after 147 steps
Step: 65 -  phi=0.46400000000000013, PE=9.426811958249617e-17 after 108 steps
Step: 66 -  phi=0.46500000000000014, PE=2.611947006815936e-17 after 121 steps
Step: 67 -  phi=0.46600000000000014, PE=6.942330725757926e-17 after 125 steps
Step: 68 -  phi=0.46700000000000014, PE=2.5223642683543777e-17 after 114 steps
Step: 69 -  phi=0.46800000000000014, PE=8.716581547953382e-17 after 120 steps
Step: 70 -  phi=0.46900000000000014, PE=9.491482827489718e-17 after 111 steps
Step: 71 -  phi=0.47000000000000014, PE=4.472192801072516e-17 after 115 steps
Step: 72 -  phi=0.47100000000000014, PE=6.302155181205672e-17 after 118 steps
Step: 73 -  phi=0.47200000000000014, PE=0.0 after 112 steps
Step: 74 -  phi=0.47300000000000014, PE=7.107900105519187e-17 after 116 steps
Step: 75 -  phi=0.47400000000000014, PE=5.6998503618999e-17 after 129 steps
Step: 76 -  phi=0.47500000000000014, PE=9.025573395617324e-17 after 121 steps
Step: 77 -  phi=0.47600000000000015, PE=2.0749997073491503e-17 after 124 steps
Step: 78 -  phi=0.47700000000000015, PE=2.6554714430531444e-17 after 111 steps
Step: 79 -  phi=0.47800000000000015, PE=1.9321446317650268e-17 after 122 steps
Step: 80 -  phi=0.47900000000000015, PE=9.187157285732903e-17 after 130 steps
Step: 81 -  phi=0.48000000000000015, PE=7.198086119062602e-17 after 119 steps
Step: 82 -  phi=0.48100000000000015, PE=9.000658934793565e-17 after 138 steps
Step: 83 -  phi=0.48200000000000015, PE=0.0 after 117 steps
Step: 84 -  phi=0.48300000000000015, PE=0.0 after 129 steps
Step: 85 -  phi=0.48400000000000015, PE=0.0 after 140 steps
Step: 86 -  phi=0.48500000000000015, PE=0.0 after 134 steps
Step: 87 -  phi=0.48600000000000015, PE=7.221490595317341e-17 after 148 steps
Step: 88 -  phi=0.48700000000000015, PE=0.0 after 133 steps
Step: 89 -  phi=0.48800000000000016, PE=7.253849489251986e-17 after 129 steps
Step: 90 -  phi=0.48900000000000016, PE=2.711103580681786e-17 after 114 steps
Step: 91 -  phi=0.49000000000000016, PE=0.0 after 118 steps
Step: 92 -  phi=0.49100000000000016, PE=9.274877019940122e-17 after 151 steps
Step: 93 -  phi=0.49200000000000016, PE=6.108430426764737e-17 after 109 steps
Step: 94 -  phi=0.49300000000000016, PE=1.2455504249564152e-17 after 139 steps
Step: 95 -  phi=0.49400000000000016, PE=7.772727166088175e-17 after 144 steps
Step: 96 -  phi=0.49500000000000016, PE=8.918649888684248e-17 after 156 steps
Step: 97 -  phi=0.49600000000000016, PE=0.0 after 130 steps
Step: 98 -  phi=0.49700000000000016, PE=5.958863523444116e-17 after 154 steps
Step: 99 -  phi=0.49800000000000016, PE=7.188181937624543e-17 after 198 steps
Step: 100 -  phi=0.49900000000000017, PE=0.0 after 143 steps
Step: 101 -  phi=0.5000000000000001, PE=9.163323016191349e-17 after 148 steps
Step: 102 -  phi=0.5010000000000001, PE=8.979481690328698e-17 after 156 steps
Step: 103 -  phi=0.5020000000000001, PE=0.0 after 143 steps
Step: 104 -  phi=0.5030000000000001, PE=4.0564013577222444e-17 after 142 steps
Step: 105 -  phi=0.5040000000000001, PE=8.26078094905446e-17 after 155 steps
Step: 106 -  phi=0.5050000000000001, PE=4.826956272479634e-17 after 155 steps
Step: 107 -  phi=0.5060000000000001, PE=7.51486150834681e-17 after 133 steps
Step: 108 -  phi=0.5070000000000001, PE=5.0416137397724745e-17 after 138 steps
Step: 109 -  phi=0.5080000000000001, PE=0.0 after 129 steps
Step: 110 -  phi=0.5090000000000001, PE=5.545521542020655e-18 after 126 steps
Step: 111 -  phi=0.5100000000000001, PE=7.16010657418255e-17 after 144 steps
Step: 112 -  phi=0.5110000000000001, PE=5.143059031996817e-17 after 151 steps
Step: 113 -  phi=0.5120000000000001, PE=0.0 after 152 steps
Step: 114 -  phi=0.5130000000000001, PE=9.076145084966272e-17 after 190 steps
Step: 115 -  phi=0.5140000000000001, PE=6.503395227634856e-17 after 150 steps
Step: 116 -  phi=0.5150000000000001, PE=0.0 after 141 steps
Step: 117 -  phi=0.5160000000000001, PE=5.187895036249595e-17 after 173 steps
Step: 118 -  phi=0.5170000000000001, PE=0.0 after 141 steps
Step: 119 -  phi=0.5180000000000001, PE=4.277156766461391e-17 after 164 steps
Step: 120 -  phi=0.5190000000000001, PE=3.648101819439524e-17 after 171 steps
Step: 121 -  phi=0.5200000000000001, PE=0.0 after 146 steps
Step: 122 -  phi=0.5210000000000001, PE=8.437054162620671e-17 after 151 steps
Step: 123 -  phi=0.5220000000000001, PE=0.0 after 139 steps
Step: 124 -  phi=0.5230000000000001, PE=0.0 after 141 steps
Step: 125 -  phi=0.5240000000000001, PE=0.0 after 130 steps
Step: 126 -  phi=0.5250000000000001, PE=1.4242472944325406e-17 after 135 steps
Step: 127 -  phi=0.5260000000000001, PE=0.0 after 140 steps
Step: 128 -  phi=0.5270000000000001, PE=0.0 after 126 steps
Step: 129 -  phi=0.5280000000000001, PE=9.067531544120726e-17 after 142 steps
Step: 130 -  phi=0.5290000000000001, PE=0.0 after 135 steps
Step: 131 -  phi=0.5300000000000001, PE=4.402951566332715e-17 after 137 steps
Step: 132 -  phi=0.5310000000000001, PE=7.429677510965217e-18 after 132 steps
Step: 133 -  phi=0.5320000000000001, PE=0.0 after 140 steps
Step: 134 -  phi=0.5330000000000001, PE=8.262885327119288e-17 after 144 steps
Step: 135 -  phi=0.5340000000000001, PE=5.997162174003616e-17 after 170 steps
Step: 136 -  phi=0.5350000000000001, PE=5.691627198924719e-17 after 166 steps
Step: 137 -  phi=0.5360000000000001, PE=7.545052699215229e-17 after 156 steps
Step: 138 -  phi=0.5370000000000001, PE=9.968201364737867e-17 after 169 steps
Step: 139 -  phi=0.5380000000000001, PE=0.0 after 139 steps
Step: 140 -  phi=0.5390000000000001, PE=7.041697511987705e-18 after 143 steps
Step: 141 -  phi=0.5400000000000001, PE=7.766188171514211e-20 after 135 steps
Step: 142 -  phi=0.5410000000000001, PE=0.0 after 142 steps
Step: 143 -  phi=0.5420000000000001, PE=0.0 after 148 steps
Step: 144 -  phi=0.5430000000000001, PE=4.61485260719828e-17 after 139 steps
Step: 145 -  phi=0.5440000000000002, PE=6.090589745704061e-17 after 136 steps
Step: 146 -  phi=0.5450000000000002, PE=5.104753760271029e-19 after 153 steps
Step: 147 -  phi=0.5460000000000002, PE=8.266306232793659e-17 after 162 steps
Step: 148 -  phi=0.5470000000000002, PE=3.8649157127859503e-17 after 150 steps
Step: 149 -  phi=0.5480000000000002, PE=2.9412099759172023e-17 after 153 steps
Step: 150 -  phi=0.5490000000000002, PE=9.023765258179667e-17 after 153 steps
Step: 151 -  phi=0.5500000000000002, PE=7.948242815030253e-17 after 155 steps
Step: 152 -  phi=0.5510000000000002, PE=4.302415222712251e-17 after 154 steps
Step: 153 -  phi=0.5520000000000002, PE=4.548626253530701e-17 after 149 steps
Step: 154 -  phi=0.5530000000000002, PE=3.9380315033227546e-17 after 163 steps
Step: 155 -  phi=0.5540000000000002, PE=0.0 after 159 steps
Step: 156 -  phi=0.5550000000000002, PE=0.0 after 166 steps
Step: 157 -  phi=0.5560000000000002, PE=3.940060781490131e-17 after 205 steps
Step: 158 -  phi=0.5570000000000002, PE=9.452372517308226e-17 after 272 steps
Step: 159 -  phi=0.5580000000000002, PE=7.773973290175013e-17 after 194 steps
Step: 160 -  phi=0.5590000000000002, PE=3.60736107773156e-17 after 183 steps
Step: 161 -  phi=0.5600000000000002, PE=0.0 after 184 steps
Step: 162 -  phi=0.5610000000000002, PE=3.0010310631443126e-17 after 189 steps
Step: 163 -  phi=0.5620000000000002, PE=2.552452225415086e-17 after 186 steps
Step: 164 -  phi=0.5630000000000002, PE=9.991677152739438e-17 after 228 steps
Step: 165 -  phi=0.5640000000000002, PE=0.0 after 180 steps
Step: 166 -  phi=0.5650000000000002, PE=8.493887793203955e-17 after 199 steps
Step: 167 -  phi=0.5660000000000002, PE=8.118926796731415e-17 after 204 steps
Step: 168 -  phi=0.5670000000000002, PE=8.308633178989446e-17 after 195 steps
Step: 169 -  phi=0.5680000000000002, PE=3.240604326774799e-17 after 224 steps
Step: 170 -  phi=0.5690000000000002, PE=6.003901535569215e-17 after 200 steps
Step: 171 -  phi=0.5700000000000002, PE=0.0 after 192 steps
Step: 172 -  phi=0.5710000000000002, PE=4.2478390346617065e-17 after 192 steps
Step: 173 -  phi=0.5720000000000002, PE=9.019297705633878e-17 after 235 steps
Step: 174 -  phi=0.5730000000000002, PE=7.78649420502598e-17 after 215 steps
Step: 175 -  phi=0.5740000000000002, PE=9.986854555616041e-17 after 253 steps
Step: 176 -  phi=0.5750000000000002, PE=9.813523027434702e-17 after 244 steps
Step: 177 -  phi=0.5760000000000002, PE=9.893024443112884e-17 after 215 steps
Step: 178 -  phi=0.5770000000000002, PE=9.643529467276389e-17 after 242 steps
Step: 179 -  phi=0.5780000000000002, PE=1.2751083859450443e-17 after 218 steps
Step: 180 -  phi=0.5790000000000002, PE=9.76462406358245e-17 after 217 steps
Step: 181 -  phi=0.5800000000000002, PE=9.811048338343821e-17 after 207 steps
Step: 182 -  phi=0.5810000000000002, PE=5.3620019089272083e-17 after 216 steps
Step: 183 -  phi=0.5820000000000002, PE=9.990258984538416e-17 after 215 steps
Step: 184 -  phi=0.5830000000000002, PE=3.001822437381071e-17 after 205 steps
Step: 185 -  phi=0.5840000000000002, PE=5.1806613475494226e-17 after 225 steps
Step: 186 -  phi=0.5850000000000002, PE=3.058789526749568e-17 after 217 steps
Step: 187 -  phi=0.5860000000000002, PE=7.099439173418372e-17 after 203 steps
Step: 188 -  phi=0.5870000000000002, PE=8.798400977183695e-17 after 219 steps
Step: 189 -  phi=0.5880000000000002, PE=6.523322939370282e-17 after 232 steps
Step: 190 -  phi=0.5890000000000002, PE=2.2130317323208466e-17 after 217 steps
Step: 191 -  phi=0.5900000000000002, PE=9.138973319567935e-17 after 204 steps
Step: 192 -  phi=0.5910000000000002, PE=6.463332508690537e-18 after 213 steps
Step: 193 -  phi=0.5920000000000002, PE=8.796690705940582e-17 after 203 steps
Step: 194 -  phi=0.5930000000000002, PE=5.2742506232511964e-17 after 213 steps
Step: 195 -  phi=0.5940000000000002, PE=6.609429358996487e-17 after 215 steps
Step: 196 -  phi=0.5950000000000002, PE=7.828040416243438e-17 after 211 steps
Step: 197 -  phi=0.5960000000000002, PE=9.015790848781541e-17 after 203 steps
Step: 198 -  phi=0.5970000000000002, PE=6.99467242668506e-17 after 239 steps
Step: 199 -  phi=0.5980000000000002, PE=9.741510455260442e-17 after 208 steps
Step: 200 -  phi=0.5990000000000002, PE=9.091391397767322e-17 after 259 steps
Step: 201 -  phi=0.6000000000000002, PE=9.338534884682835e-17 after 230 steps
Step: 202 -  phi=0.6010000000000002, PE=9.705995913493819e-17 after 287 steps
Step: 203 -  phi=0.6020000000000002, PE=9.927365129632728e-17 after 280 steps
Step: 204 -  phi=0.6030000000000002, PE=9.730953898194497e-17 after 276 steps
Step: 205 -  phi=0.6040000000000002, PE=9.407781111870914e-17 after 285 steps
Step: 206 -  phi=0.6050000000000002, PE=8.852187612615961e-17 after 237 steps
Step: 207 -  phi=0.6060000000000002, PE=9.07223449389416e-17 after 252 steps
Step: 208 -  phi=0.6070000000000002, PE=9.748906749796454e-17 after 264 steps
Step: 209 -  phi=0.6080000000000002, PE=7.91314797874326e-17 after 230 steps
Step: 210 -  phi=0.6090000000000002, PE=9.081085111301791e-17 after 296 steps
Step: 211 -  phi=0.6100000000000002, PE=8.566734442467244e-17 after 254 steps
Step: 212 -  phi=0.6110000000000002, PE=9.984525460873403e-17 after 265 steps
Step: 213 -  phi=0.6120000000000002, PE=2.5855044471021152e-17 after 264 steps
Step: 214 -  phi=0.6130000000000002, PE=7.908962567560082e-17 after 239 steps
Step: 215 -  phi=0.6140000000000002, PE=8.532948851370873e-17 after 241 steps
Step: 216 -  phi=0.6150000000000002, PE=9.908139618321937e-17 after 245 steps
Step: 217 -  phi=0.6160000000000002, PE=1.4487104277005855e-17 after 238 steps
Step: 218 -  phi=0.6170000000000002, PE=9.382377277266659e-17 after 238 steps
Step: 219 -  phi=0.6180000000000002, PE=9.404004622228458e-17 after 230 steps
Step: 220 -  phi=0.6190000000000002, PE=5.790637652895341e-17 after 240 steps
Step: 221 -  phi=0.6200000000000002, PE=9.618815335586859e-17 after 242 steps
Step: 222 -  phi=0.6210000000000002, PE=6.018241328849019e-17 after 227 steps
Step: 223 -  phi=0.6220000000000002, PE=8.053526531743579e-17 after 229 steps
Step: 224 -  phi=0.6230000000000002, PE=7.191713943783128e-17 after 230 steps
Step: 225 -  phi=0.6240000000000002, PE=5.419526263909852e-17 after 230 steps
Step: 226 -  phi=0.6250000000000002, PE=6.530138733252046e-17 after 214 steps
Step: 227 -  phi=0.6260000000000002, PE=7.986325649934986e-17 after 245 steps
Step: 228 -  phi=0.6270000000000002, PE=7.74756570084358e-17 after 211 steps
Step: 229 -  phi=0.6280000000000002, PE=7.661981340443529e-17 after 215 steps
Step: 230 -  phi=0.6290000000000002, PE=9.523306774024098e-17 after 222 steps
Step: 231 -  phi=0.6300000000000002, PE=0.0 after 229 steps
Step: 232 -  phi=0.6310000000000002, PE=5.4430068550182553e-17 after 237 steps
Step: 233 -  phi=0.6320000000000002, PE=8.310212613277459e-17 after 232 steps
Step: 234 -  phi=0.6330000000000002, PE=0.0 after 221 steps
Step: 235 -  phi=0.6340000000000002, PE=0.0 after 232 steps
Step: 236 -  phi=0.6350000000000002, PE=8.174958190615427e-17 after 233 steps
Step: 237 -  phi=0.6360000000000002, PE=3.821194881023169e-17 after 227 steps
Step: 238 -  phi=0.6370000000000002, PE=6.03520531356245e-17 after 224 steps
Step: 239 -  phi=0.6380000000000002, PE=9.874981486927186e-17 after 239 steps
Step: 240 -  phi=0.6390000000000002, PE=8.905652816425798e-17 after 261 steps
Step: 241 -  phi=0.6400000000000002, PE=0.0 after 237 steps
Step: 242 -  phi=0.6410000000000002, PE=8.275040639102356e-17 after 242 steps
Step: 243 -  phi=0.6420000000000002, PE=7.362444033842174e-17 after 247 steps
Step: 244 -  phi=0.6430000000000002, PE=0.0 after 226 steps
Step: 245 -  phi=0.6440000000000002, PE=1.7957062254735695e-17 after 251 steps
Step: 246 -  phi=0.6450000000000002, PE=0.0 after 235 steps
Step: 247 -  phi=0.6460000000000002, PE=1.9310578343389045e-17 after 228 steps
Step: 248 -  phi=0.6470000000000002, PE=8.728001919937327e-17 after 239 steps
Step: 249 -  phi=0.6480000000000002, PE=2.160188911838809e-17 after 220 steps
Step: 250 -  phi=0.6490000000000002, PE=7.274285287090816e-17 after 222 steps
Step: 251 -  phi=0.6500000000000002, PE=7.543735769806921e-17 after 252 steps
Step: 252 -  phi=0.6510000000000002, PE=8.511578237326671e-17 after 242 steps
Step: 253 -  phi=0.6520000000000002, PE=9.331357582934497e-17 after 265 steps
Step: 254 -  phi=0.6530000000000002, PE=2.3671884584463242e-17 after 238 steps
Step: 255 -  phi=0.6540000000000002, PE=7.986549474031384e-17 after 227 steps
Step: 256 -  phi=0.6550000000000002, PE=8.762090848396338e-17 after 264 steps
Step: 257 -  phi=0.6560000000000002, PE=6.925809576470062e-17 after 246 steps
Step: 258 -  phi=0.6570000000000003, PE=7.66536704823962e-17 after 272 steps
Step: 259 -  phi=0.6580000000000003, PE=8.654278545873123e-17 after 266 steps
Step: 260 -  phi=0.6590000000000003, PE=9.600935682653512e-17 after 273 steps
Step: 261 -  phi=0.6600000000000003, PE=6.269869262457614e-17 after 250 steps
Step: 262 -  phi=0.6610000000000003, PE=9.589769863373232e-17 after 356 steps
Step: 263 -  phi=0.6620000000000003, PE=9.161379196293123e-17 after 288 steps
Step: 264 -  phi=0.6630000000000003, PE=9.601030894448287e-17 after 246 steps
Step: 265 -  phi=0.6640000000000003, PE=6.516281765985349e-17 after 249 steps
Step: 266 -  phi=0.6650000000000003, PE=8.819941829837367e-17 after 245 steps
Step: 267 -  phi=0.6660000000000003, PE=7.369036269096141e-17 after 255 steps
Step: 268 -  phi=0.6670000000000003, PE=9.41380122678389e-17 after 272 steps
Step: 269 -  phi=0.6680000000000003, PE=0.0 after 238 steps
Step: 270 -  phi=0.6690000000000003, PE=9.108429332738312e-17 after 250 steps
Step: 271 -  phi=0.6700000000000003, PE=9.172657161104851e-17 after 278 steps
Step: 272 -  phi=0.6710000000000003, PE=9.722410654534732e-17 after 246 steps
Step: 273 -  phi=0.6720000000000003, PE=8.198767049778567e-17 after 254 steps
Step: 274 -  phi=0.6730000000000003, PE=8.683607871049952e-17 after 258 steps
Step: 275 -  phi=0.6740000000000003, PE=9.881276184595304e-17 after 246 steps
Step: 276 -  phi=0.6750000000000003, PE=9.741682662658868e-17 after 241 steps
Step: 277 -  phi=0.6760000000000003, PE=7.933074084720056e-17 after 239 steps
Step: 278 -  phi=0.6770000000000003, PE=9.281162144588902e-17 after 260 steps
Step: 279 -  phi=0.6780000000000003, PE=9.819119384249004e-17 after 319 steps
Step: 280 -  phi=0.6790000000000003, PE=6.852483038863022e-17 after 234 steps
Step: 281 -  phi=0.6800000000000003, PE=9.758428442812837e-17 after 262 steps
Step: 282 -  phi=0.6810000000000003, PE=9.859537265880594e-17 after 261 steps
Step: 283 -  phi=0.6820000000000003, PE=7.11665060623456e-17 after 256 steps
Step: 284 -  phi=0.6830000000000003, PE=9.844114270756244e-17 after 264 steps
Step: 285 -  phi=0.6840000000000003, PE=8.582287031294769e-17 after 249 steps
Step: 286 -  phi=0.6850000000000003, PE=6.672144799622409e-17 after 233 steps
Step: 287 -  phi=0.6860000000000003, PE=8.516530806822851e-17 after 236 steps
Step: 288 -  phi=0.6870000000000003, PE=3.0198658109191996e-17 after 246 steps
Step: 289 -  phi=0.6880000000000003, PE=6.888054715712488e-17 after 231 steps
Step: 290 -  phi=0.6890000000000003, PE=1.1695712969363348e-17 after 260 steps
Step: 291 -  phi=0.6900000000000003, PE=9.434652920888641e-17 after 248 steps
Step: 292 -  phi=0.6910000000000003, PE=3.1155806427517746e-17 after 257 steps
Step: 293 -  phi=0.6920000000000003, PE=0.0 after 269 steps
Step: 294 -  phi=0.6930000000000003, PE=5.128153546195571e-17 after 245 steps
Step: 295 -  phi=0.6940000000000003, PE=0.0 after 255 steps
Step: 296 -  phi=0.6950000000000003, PE=9.801113650050062e-17 after 258 steps
Step: 297 -  phi=0.6960000000000003, PE=9.373781246666919e-17 after 261 steps
Step: 298 -  phi=0.6970000000000003, PE=3.17751803431261e-17 after 259 steps
Step: 299 -  phi=0.6980000000000003, PE=3.830743273026415e-17 after 268 steps
Step: 300 -  phi=0.6990000000000003, PE=8.152391557728655e-17 after 262 steps
Step: 301 -  phi=0.7000000000000003, PE=5.880934833910249e-17 after 235 steps
Step: 302 -  phi=0.7010000000000003, PE=7.862143912594889e-17 after 255 steps
Step: 303 -  phi=0.7020000000000003, PE=8.950253686236818e-17 after 270 steps
Step: 304 -  phi=0.7030000000000003, PE=8.520905402919991e-17 after 269 steps
Step: 305 -  phi=0.7040000000000003, PE=7.797250605313065e-17 after 273 steps
Step: 306 -  phi=0.7050000000000003, PE=9.714987157932085e-17 after 319 steps
Step: 307 -  phi=0.7060000000000003, PE=4.258808113975416e-17 after 266 steps
Step: 308 -  phi=0.7070000000000003, PE=9.499731946051587e-17 after 296 steps
Step: 309 -  phi=0.7080000000000003, PE=6.830500573143901e-17 after 285 steps
Step: 310 -  phi=0.7090000000000003, PE=5.893628409835609e-17 after 289 steps
Step: 311 -  phi=0.7100000000000003, PE=6.874806467900531e-17 after 282 steps
Step: 312 -  phi=0.7110000000000003, PE=9.421620141364474e-17 after 325 steps
Step: 313 -  phi=0.7120000000000003, PE=7.570339369593433e-17 after 292 steps
Step: 314 -  phi=0.7130000000000003, PE=7.048673830452398e-17 after 316 steps
Step: 315 -  phi=0.7140000000000003, PE=8.909142574397739e-17 after 305 steps
Step: 316 -  phi=0.7150000000000003, PE=6.513313259198377e-17 after 303 steps
Step: 317 -  phi=0.7160000000000003, PE=9.535343690345274e-17 after 308 steps
Step: 318 -  phi=0.7170000000000003, PE=9.104532740106977e-17 after 315 steps
Step: 319 -  phi=0.7180000000000003, PE=8.79034654262517e-17 after 300 steps
Step: 320 -  phi=0.7190000000000003, PE=8.93716873940525e-17 after 304 steps
Step: 321 -  phi=0.7200000000000003, PE=9.559960776844832e-17 after 309 steps
Step: 322 -  phi=0.7210000000000003, PE=9.67274655264718e-17 after 316 steps
Step: 323 -  phi=0.7220000000000003, PE=8.899524170168289e-17 after 327 steps
Step: 324 -  phi=0.7230000000000003, PE=1.5483318570109467e-17 after 312 steps
Step: 325 -  phi=0.7240000000000003, PE=6.272818067662401e-17 after 303 steps
Step: 326 -  phi=0.7250000000000003, PE=8.193277536119998e-17 after 306 steps
Step: 327 -  phi=0.7260000000000003, PE=5.306248244225569e-17 after 313 steps
Step: 328 -  phi=0.7270000000000003, PE=8.23272002429046e-17 after 307 steps
Step: 329 -  phi=0.7280000000000003, PE=9.51797759201104e-17 after 295 steps
Step: 330 -  phi=0.7290000000000003, PE=9.267813081350194e-17 after 287 steps
Step: 331 -  phi=0.7300000000000003, PE=8.149151944643194e-17 after 270 steps
Step: 332 -  phi=0.7310000000000003, PE=8.543809944563246e-17 after 290 steps
Step: 333 -  phi=0.7320000000000003, PE=8.891980031510478e-17 after 307 steps
Step: 334 -  phi=0.7330000000000003, PE=9.208722359212136e-17 after 282 steps
Step: 335 -  phi=0.7340000000000003, PE=9.566426395623306e-17 after 329 steps
Step: 336 -  phi=0.7350000000000003, PE=9.244558536596545e-17 after 330 steps
Step: 337 -  phi=0.7360000000000003, PE=8.636396092614896e-17 after 328 steps
Step: 338 -  phi=0.7370000000000003, PE=9.459003264863904e-17 after 323 steps
Step: 339 -  phi=0.7380000000000003, PE=9.976952471468488e-17 after 307 steps
Step: 340 -  phi=0.7390000000000003, PE=7.504478574805384e-17 after 313 steps
Step: 341 -  phi=0.7400000000000003, PE=6.958587363122458e-17 after 323 steps
Step: 342 -  phi=0.7410000000000003, PE=7.629739462086757e-17 after 396 steps
Step: 343 -  phi=0.7420000000000003, PE=9.979790936579605e-17 after 399 steps
Step: 344 -  phi=0.7430000000000003, PE=7.637035155002453e-17 after 318 steps
Step: 345 -  phi=0.7440000000000003, PE=7.648391994635945e-17 after 327 steps
Step: 346 -  phi=0.7450000000000003, PE=9.594740929182799e-17 after 392 steps
Step: 347 -  phi=0.7460000000000003, PE=9.419339709435978e-17 after 350 steps
Step: 348 -  phi=0.7470000000000003, PE=6.731552639918705e-17 after 370 steps
Step: 349 -  phi=0.7480000000000003, PE=7.795512681278151e-17 after 356 steps
Step: 350 -  phi=0.7490000000000003, PE=6.939199411909021e-17 after 405 steps
Step: 351 -  phi=0.7500000000000003, PE=9.082314028519631e-17 after 385 steps
Step: 352 -  phi=0.7510000000000003, PE=8.209469043546758e-17 after 370 steps
Step: 353 -  phi=0.7520000000000003, PE=6.063866899042673e-17 after 370 steps
Step: 354 -  phi=0.7530000000000003, PE=9.20939219244729e-17 after 358 steps
Step: 355 -  phi=0.7540000000000003, PE=9.971546241715645e-17 after 370 steps
Step: 356 -  phi=0.7550000000000003, PE=9.797537151824932e-17 after 367 steps
Step: 357 -  phi=0.7560000000000003, PE=9.893410234924118e-17 after 365 steps
Step: 358 -  phi=0.7570000000000003, PE=9.952885513664163e-17 after 371 steps
Step: 359 -  phi=0.7580000000000003, PE=6.200465725515459e-17 after 376 steps
Step: 360 -  phi=0.7590000000000003, PE=8.529032161751017e-17 after 374 steps
Step: 361 -  phi=0.7600000000000003, PE=8.968074750736206e-17 after 379 steps
Step: 362 -  phi=0.7610000000000003, PE=9.785714066474693e-17 after 357 steps
Step: 363 -  phi=0.7620000000000003, PE=9.584194234253585e-17 after 352 steps
Step: 364 -  phi=0.7630000000000003, PE=9.783211556628514e-17 after 364 steps
Step: 365 -  phi=0.7640000000000003, PE=8.099417591216572e-17 after 366 steps
Step: 366 -  phi=0.7650000000000003, PE=8.65900862247078e-17 after 382 steps
Step: 367 -  phi=0.7660000000000003, PE=9.824666503449212e-17 after 367 steps
Step: 368 -  phi=0.7670000000000003, PE=7.356355673365881e-17 after 435 steps
Step: 369 -  phi=0.7680000000000003, PE=9.927226484637936e-17 after 408 steps
Step: 370 -  phi=0.7690000000000003, PE=8.591843770750499e-17 after 387 steps
Step: 371 -  phi=0.7700000000000004, PE=9.899955643379687e-17 after 375 steps
Step: 372 -  phi=0.7710000000000004, PE=8.790893301223336e-17 after 411 steps
Step: 373 -  phi=0.7720000000000004, PE=9.332801190502605e-17 after 525 steps
Step: 374 -  phi=0.7730000000000004, PE=9.400490952593889e-17 after 439 steps
Step: 375 -  phi=0.7740000000000004, PE=8.668532375713715e-17 after 384 steps
Step: 376 -  phi=0.7750000000000004, PE=6.438247324765457e-17 after 397 steps
Step: 377 -  phi=0.7760000000000004, PE=8.493116786606302e-17 after 433 steps
Step: 378 -  phi=0.7770000000000004, PE=7.568949118160653e-17 after 392 steps
Step: 379 -  phi=0.7780000000000004, PE=5.31378738658069e-17 after 427 steps
Step: 380 -  phi=0.7790000000000004, PE=8.32956961205134e-17 after 464 steps
Step: 381 -  phi=0.7800000000000004, PE=8.828520208060936e-17 after 495 steps
Step: 382 -  phi=0.7810000000000004, PE=6.151525195125879e-17 after 448 steps
Step: 383 -  phi=0.7820000000000004, PE=9.386101353907466e-17 after 470 steps
Step: 384 -  phi=0.7830000000000004, PE=6.42677102913113e-17 after 454 steps
Step: 385 -  phi=0.7840000000000004, PE=9.517220564529072e-17 after 558 steps
Step: 386 -  phi=0.7850000000000004, PE=5.713839939081769e-17 after 480 steps
Step: 387 -  phi=0.7860000000000004, PE=9.002555353450951e-17 after 499 steps
Step: 388 -  phi=0.7870000000000004, PE=5.418241594168023e-17 after 453 steps
Step: 389 -  phi=0.7880000000000004, PE=6.267691666337656e-17 after 451 steps
Step: 390 -  phi=0.7890000000000004, PE=8.22883944063328e-17 after 465 steps
Step: 391 -  phi=0.7900000000000004, PE=9.068974571675025e-17 after 492 steps
Step: 392 -  phi=0.7910000000000004, PE=9.579901077390419e-17 after 582 steps
Step: 393 -  phi=0.7920000000000004, PE=9.865505374738623e-17 after 645 steps
Step: 394 -  phi=0.7930000000000004, PE=9.904900384199756e-17 after 567 steps
Step: 395 -  phi=0.7940000000000004, PE=9.342178835313749e-17 after 621 steps
Step: 396 -  phi=0.7950000000000004, PE=9.121803779193622e-17 after 543 steps
Step: 397 -  phi=0.7960000000000004, PE=9.123279567923839e-17 after 603 steps
Step: 398 -  phi=0.7970000000000004, PE=9.545101390981043e-17 after 636 steps
Step: 399 -  phi=0.7980000000000004, PE=9.715051043084724e-17 after 611 steps
Step: 400 -  phi=0.7990000000000004, PE=9.88198037314953e-17 after 613 steps
Step: 401 -  phi=0.8000000000000004, PE=9.597622198287622e-17 after 634 steps
Step: 402 -  phi=0.8010000000000004, PE=9.957927881017784e-17 after 564 steps
Step: 403 -  phi=0.8020000000000004, PE=9.996353127034807e-17 after 628 steps
Step: 404 -  phi=0.8030000000000004, PE=9.502030620029488e-17 after 561 steps
Step: 405 -  phi=0.8040000000000004, PE=8.696174246145832e-17 after 580 steps
Step: 406 -  phi=0.8050000000000004, PE=9.985131534817425e-17 after 610 steps
Step: 407 -  phi=0.8060000000000004, PE=8.036746014084882e-17 after 538 steps
Step: 408 -  phi=0.8070000000000004, PE=9.708710223514172e-17 after 611 steps
Step: 409 -  phi=0.8080000000000004, PE=6.436035547524619e-17 after 555 steps
Step: 410 -  phi=0.8090000000000004, PE=9.99108589830971e-17 after 618 steps
Step: 411 -  phi=0.8100000000000004, PE=9.669234516231687e-17 after 628 steps
Step: 412 -  phi=0.8110000000000004, PE=9.273306030912423e-17 after 742 steps
Step: 413 -  phi=0.8120000000000004, PE=8.094993797157321e-17 after 603 steps
Step: 414 -  phi=0.8130000000000004, PE=7.884603968611821e-17 after 620 steps
Step: 415 -  phi=0.8140000000000004, PE=8.997019920788446e-17 after 695 steps
Step: 416 -  phi=0.8150000000000004, PE=8.863142536802124e-17 after 778 steps
Step: 417 -  phi=0.8160000000000004, PE=9.686303251824714e-17 after 980 steps
Step: 418 -  phi=0.8170000000000004, PE=9.851514453607583e-17 after 822 steps
Step: 419 -  phi=0.8180000000000004, PE=9.612262280277689e-17 after 1118 steps
Step: 420 -  phi=0.8190000000000004, PE=9.52765364103806e-17 after 755 steps
Step: 421 -  phi=0.8200000000000004, PE=9.605380629914969e-17 after 748 steps
Step: 422 -  phi=0.8210000000000004, PE=8.749817034846793e-17 after 682 steps
Step: 423 -  phi=0.8220000000000004, PE=9.793160616965758e-17 after 956 steps
Step: 424 -  phi=0.8230000000000004, PE=9.424862242101966e-17 after 1156 steps
Step: 425 -  phi=0.8240000000000004, PE=9.773461526824279e-17 after 1006 steps
Step: 426 -  phi=0.8250000000000004, PE=9.452165773485355e-17 after 1344 steps
Step: 427 -  phi=0.8260000000000004, PE=9.199525545705399e-17 after 1002 steps
Step: 428 -  phi=0.8270000000000004, PE=9.882125073661978e-17 after 1064 steps
Step: 429 -  phi=0.8280000000000004, PE=9.612078519819291e-17 after 1425 steps
Step: 430 -  phi=0.8290000000000004, PE=9.84950227494679e-17 after 1670 steps
Step: 431 -  phi=0.8300000000000004, PE=9.447472361741513e-17 after 1794 steps
Step: 432 -  phi=0.8310000000000004, PE=9.444701504409985e-17 after 1202 steps
Step: 433 -  phi=0.8320000000000004, PE=8.945409069825688e-17 after 1169 steps
Step: 434 -  phi=0.8330000000000004, PE=9.382159991994189e-17 after 1154 steps
Step: 435 -  phi=0.8340000000000004, PE=9.888025360288076e-17 after 1907 steps
Step: 436 -  phi=0.8350000000000004, PE=9.896948147762047e-17 after 1848 steps
Step: 437 -  phi=0.8360000000000004, PE=9.986340881046386e-17 after 2710 steps
Step: 438 -  phi=0.8370000000000004, PE=9.886885125958011e-17 after 2352 steps
Step: 439 -  phi=0.8380000000000004, PE=9.734911519117025e-17 after 2550 steps
Step: 440 -  phi=0.8390000000000004, PE=9.524252917773939e-17 after 2615 steps
Step: 441 -  phi=0.8400000000000004, PE=9.781178166352665e-17 after 2669 steps
Step: 442 -  phi=0.8410000000000004, PE=9.788251867964267e-17 after 1872 steps
Step: 443 -  phi=0.8420000000000004, PE=9.975905412168661e-17 after 2362 steps
Step: 444 -  phi=0.8430000000000004, PE=9.925013986448045e-17 after 4435 steps
Step: 445 -  phi=0.8440000000000004, PE=9.912011605336666e-17 after 6753 steps
Step: 446 -  phi=0.8450000000000004, PE=9.960900966385429e-17 after 6291 steps
Step: 447 -  phi=0.8460000000000004, PE=9.734521152638875e-17 after 4101 steps
Step: 448 -  phi=0.8470000000000004, PE=9.998214297043081e-17 after 8028 steps
Step: 449 -  phi=0.8480000000000004, PE=9.929645154353051e-17 after 5720 steps
Step: 450 -  phi=0.8490000000000004, PE=9.952423978267111e-17 after 6160 steps
Step: 451 -  phi=0.8500000000000004, PE=9.993787102097391e-17 after 5235 steps
Step: 452 -  phi=0.8510000000000004, PE=9.772763044248392e-17 after 4948 steps
Step: 453 -  phi=0.8520000000000004, PE=9.982780988728745e-17 after 5335 steps
Step: 454 -  phi=0.8530000000000004, PE=9.889802012710828e-17 after 6165 steps
Step: 455 -  phi=0.8540000000000004, PE=9.952551526775871e-17 after 7654 steps
Step: 456 -  phi=0.8550000000000004, PE=9.952859723343621e-17 after 7753 steps
Step: 457 -  phi=0.8560000000000004, PE=9.991848430252091e-17 after 14773 steps
Step: 458 -  phi=0.8570000000000004, PE=9.979323582571586e-17 after 20928 steps
Step: 459 -  phi=0.8580000000000004, PE=9.999717785476224e-17 after 29715 steps
Step: 460 -  phi=0.8590000000000004, PE=6.143404835284454e-10 after 92816 steps
Step: 461 -  phi=0.8585000000000005, PE=9.992949133342979e-17 after 29585 steps
Step: 462 -  phi=0.8587500000000005, PE=9.999898376540181e-17 after 418926 steps
Step: 463 -  phi=0.8588750000000005, PE=3.4906219972506596e-10 after 82278 steps
Step: 464 -  phi=0.8588125000000004, PE=8.313016255792992e-11 after 111265 steps
Step: 465 -  phi=0.8587812500000005, PE=1.902913339231721e-11 after 133444 steps
Step: 466 -  phi=0.8587656250000004, PE=3.905304677594509e-12 after 320925 steps
Step: 467 -  phi=0.8587578125000004, PE=6.744650225542882e-13 after 531642 steps
Step: 468 -  phi=0.8587539062500005, PE=4.902139377633476e-14 after 1000000 steps
Step: 469 -  phi=0.8587519531250005, PE=1.5088018087593697e-15 after 1000000 steps
Step: 470 -  phi=0.8587509765625005, PE=9.999489146899484e-17 after 226275 steps
Step: 471 -  phi=0.8587514648437505, PE=9.99983702932928e-17 after 487070 steps
Step: 472 -  phi=0.8587517089843755, PE=9.999913860272423e-17 after 256062 steps
Step: 473 -  phi=0.858751831054688, PE=9.99981826876993e-17 after 171646 steps
Step: 474 -  phi=0.8587518920898443, PE=9.999986811124751e-17 after 82451 steps
Step: 475 -  phi=0.8587519226074224, PE=9.999991751897625e-17 after 57757 steps
Step: 476 -  phi=0.8587519378662114, PE=9.999884292468264e-17 after 34030 steps
Step: 477 -  phi=0.858751945495606, PE=9.999981636713876e-17 after 21255 steps
Step: 478 -  phi=0.8587519493103033, PE=9.999979791611239e-17 after 14525 steps
Step: 479 -  phi=0.8587519512176519, PE=9.999980682293984e-17 after 10125 steps
Step: 480 -  phi=0.8587519521713263, PE=9.99999011512407e-17 after 7126 steps
Step: 481 -  phi=0.8587519526481634, PE=9.999953640390026e-17 after 5022 steps
Step: 482 -  phi=0.8587519528865819, PE=9.999993201086096e-17 after 3552 steps
Step: 483 -  phi=0.8587519530057912, PE=9.999985795188272e-17 after 2509 steps
Step: 484 -  phi=0.8587519530653959, PE=9.99998123806102e-17 after 1781 steps
Jammed: phi = 0.858752, residual PE = 1.000e-16
