The following modules were not unloaded:
  (Use "module --force purge" to unload all):

  1) StdEnv
sys:1: RuntimeWarning: h5: callable: skipping callable field 'user_pre_step_actions' (<PjitFunction of <function _save_state_system at 0x1515eb3abba0>>); handle explicitly
sys:1: RuntimeWarning: h5: callable: skipping callable field 'user_post_step_actions' (<PjitFunction of <function _save_state_system at 0x1515eb3abba0>>); handle explicitly
/home/rg2248/analysis/summer-26/jam/thomson/jam2d-thomson.py:74: RuntimeWarning: h5: callable: skipping callable field '0' (<function fire.<locals>.init at 0x1514b4c07100>); handle explicitly
  save(system, join(data_root, 'system.h5'))
/home/rg2248/analysis/summer-26/jam/thomson/jam2d-thomson.py:74: RuntimeWarning: h5: callable: skipping callable field '1' (<function fire.<locals>.update at 0x1514b4c06fc0>); handle explicitly
  save(system, join(data_root, 'system.h5'))
Initial minimization took 0 steps.
Step: 1 -  phi=0.4, PE=0.0 after 0 steps
Step: 2 -  phi=0.401, PE=3.6941705690430265e-17 after 62 steps
Step: 3 -  phi=0.402, PE=0.0 after 85 steps
Step: 4 -  phi=0.403, PE=7.278466202344465e-17 after 118 steps
Step: 5 -  phi=0.404, PE=0.0 after 100 steps
Step: 6 -  phi=0.405, PE=0.0 after 107 steps
Step: 7 -  phi=0.406, PE=4.8189905727293145e-17 after 140 steps
Step: 8 -  phi=0.40700000000000003, PE=9.290284808286362e-17 after 117 steps
Step: 9 -  phi=0.40800000000000003, PE=1.2511121264782525e-17 after 130 steps
Step: 10 -  phi=0.40900000000000003, PE=9.13911435532498e-17 after 113 steps
Step: 11 -  phi=0.41000000000000003, PE=7.486258247231372e-17 after 93 steps
Step: 12 -  phi=0.41100000000000003, PE=3.570203465702141e-17 after 138 steps
Step: 13 -  phi=0.41200000000000003, PE=9.23097889159295e-17 after 137 steps
Step: 14 -  phi=0.41300000000000003, PE=9.324818001238804e-17 after 136 steps
Step: 15 -  phi=0.41400000000000003, PE=0.0 after 92 steps
Step: 16 -  phi=0.41500000000000004, PE=2.714251140272902e-17 after 99 steps
Step: 17 -  phi=0.41600000000000004, PE=0.0 after 99 steps
Step: 18 -  phi=0.41700000000000004, PE=6.808613861360102e-17 after 110 steps
Step: 19 -  phi=0.41800000000000004, PE=1.166363187674905e-17 after 111 steps
Step: 20 -  phi=0.41900000000000004, PE=8.725961023130857e-17 after 103 steps
Step: 21 -  phi=0.42000000000000004, PE=0.0 after 95 steps
Step: 22 -  phi=0.42100000000000004, PE=9.031503599362993e-17 after 135 steps
Step: 23 -  phi=0.42200000000000004, PE=7.694740184888889e-17 after 136 steps
Step: 24 -  phi=0.42300000000000004, PE=9.576838999217408e-17 after 100 steps
Step: 25 -  phi=0.42400000000000004, PE=9.245596689825812e-17 after 108 steps
Step: 26 -  phi=0.42500000000000004, PE=0.0 after 102 steps
Step: 27 -  phi=0.42600000000000005, PE=1.9163050713222184e-17 after 110 steps
Step: 28 -  phi=0.42700000000000005, PE=0.0 after 110 steps
Step: 29 -  phi=0.42800000000000005, PE=0.0 after 115 steps
Step: 30 -  phi=0.42900000000000005, PE=3.005433048749644e-17 after 136 steps
Step: 31 -  phi=0.43000000000000005, PE=6.325867265618824e-17 after 158 steps
Step: 32 -  phi=0.43100000000000005, PE=4.665239127690706e-17 after 150 steps
Step: 33 -  phi=0.43200000000000005, PE=0.0 after 117 steps
Step: 34 -  phi=0.43300000000000005, PE=6.051875830519114e-17 after 128 steps
Step: 35 -  phi=0.43400000000000005, PE=1.1526814537583174e-17 after 134 steps
Step: 36 -  phi=0.43500000000000005, PE=4.104937785033422e-17 after 129 steps
Step: 37 -  phi=0.43600000000000005, PE=8.057804130223816e-17 after 140 steps
Step: 38 -  phi=0.43700000000000006, PE=0.0 after 117 steps
Step: 39 -  phi=0.43800000000000006, PE=6.486184375451656e-17 after 128 steps
Step: 40 -  phi=0.43900000000000006, PE=1.251706943662461e-17 after 124 steps
Step: 41 -  phi=0.44000000000000006, PE=9.539340685046715e-17 after 231 steps
Step: 42 -  phi=0.44100000000000006, PE=0.0 after 102 steps
Step: 43 -  phi=0.44200000000000006, PE=0.0 after 123 steps
Step: 44 -  phi=0.44300000000000006, PE=8.520273697827956e-18 after 106 steps
Step: 45 -  phi=0.44400000000000006, PE=0.0 after 113 steps
Step: 46 -  phi=0.44500000000000006, PE=7.658383074786594e-17 after 114 steps
Step: 47 -  phi=0.44600000000000006, PE=3.426944584024892e-17 after 136 steps
Step: 48 -  phi=0.44700000000000006, PE=1.0787178398610236e-17 after 147 steps
Step: 49 -  phi=0.44800000000000006, PE=1.1256753272032896e-18 after 127 steps
Step: 50 -  phi=0.44900000000000007, PE=6.326334435057963e-17 after 137 steps
Step: 51 -  phi=0.45000000000000007, PE=3.8226550284241184e-17 after 116 steps
Step: 52 -  phi=0.45100000000000007, PE=7.434330519384171e-18 after 156 steps
Step: 53 -  phi=0.45200000000000007, PE=4.261753288966175e-17 after 134 steps
Step: 54 -  phi=0.45300000000000007, PE=0.0 after 121 steps
Step: 55 -  phi=0.45400000000000007, PE=2.6301164103734918e-17 after 119 steps
Step: 56 -  phi=0.45500000000000007, PE=7.653394990928611e-17 after 132 steps
Step: 57 -  phi=0.45600000000000007, PE=1.2563488836909946e-17 after 129 steps
Step: 58 -  phi=0.4570000000000001, PE=3.5556352669294945e-17 after 123 steps
Step: 59 -  phi=0.4580000000000001, PE=5.174690799694818e-17 after 136 steps
Step: 60 -  phi=0.4590000000000001, PE=2.131659648700587e-17 after 130 steps
Step: 61 -  phi=0.4600000000000001, PE=0.0 after 138 steps
Step: 62 -  phi=0.4610000000000001, PE=8.773852181140693e-18 after 145 steps
Step: 63 -  phi=0.4620000000000001, PE=9.158927983141756e-17 after 125 steps
Step: 64 -  phi=0.4630000000000001, PE=5.659578142818502e-17 after 127 steps
Step: 65 -  phi=0.4640000000000001, PE=9.079390122653105e-17 after 148 steps
Step: 66 -  phi=0.4650000000000001, PE=8.832730460751774e-17 after 124 steps
Step: 67 -  phi=0.4660000000000001, PE=6.581117895538122e-17 after 112 steps
Step: 68 -  phi=0.4670000000000001, PE=0.0 after 129 steps
Step: 69 -  phi=0.4680000000000001, PE=0.0 after 123 steps
Step: 70 -  phi=0.4690000000000001, PE=8.367471529676105e-17 after 154 steps
Step: 71 -  phi=0.4700000000000001, PE=4.0295722709594244e-17 after 126 steps
Step: 72 -  phi=0.4710000000000001, PE=6.470837846390069e-17 after 129 steps
Step: 73 -  phi=0.4720000000000001, PE=7.40123231579012e-17 after 126 steps
Step: 74 -  phi=0.4730000000000001, PE=8.608751128176632e-17 after 132 steps
Step: 75 -  phi=0.4740000000000001, PE=7.930537137140791e-17 after 154 steps
Step: 76 -  phi=0.4750000000000001, PE=0.0 after 121 steps
Step: 77 -  phi=0.4760000000000001, PE=5.836172892269813e-20 after 119 steps
Step: 78 -  phi=0.4770000000000001, PE=9.78421710546224e-17 after 118 steps
Step: 79 -  phi=0.4780000000000001, PE=4.6350767149486994e-17 after 143 steps
Step: 80 -  phi=0.4790000000000001, PE=6.861863124752515e-17 after 121 steps
Step: 81 -  phi=0.4800000000000001, PE=4.112567006828694e-17 after 130 steps
Step: 82 -  phi=0.4810000000000001, PE=8.988135501855643e-17 after 129 steps
Step: 83 -  phi=0.4820000000000001, PE=9.73207728986212e-17 after 130 steps
Step: 84 -  phi=0.4830000000000001, PE=3.782603912904286e-19 after 124 steps
Step: 85 -  phi=0.4840000000000001, PE=5.623276541452262e-17 after 153 steps
Step: 86 -  phi=0.4850000000000001, PE=6.800736909597264e-17 after 130 steps
Step: 87 -  phi=0.4860000000000001, PE=9.299837811442636e-17 after 169 steps
Step: 88 -  phi=0.4870000000000001, PE=2.0994567848210165e-17 after 139 steps
Step: 89 -  phi=0.4880000000000001, PE=3.4429101027165826e-19 after 140 steps
Step: 90 -  phi=0.4890000000000001, PE=3.231209689065248e-17 after 153 steps
Step: 91 -  phi=0.4900000000000001, PE=0.0 after 157 steps
Step: 92 -  phi=0.4910000000000001, PE=8.153032298636978e-17 after 155 steps
Step: 93 -  phi=0.4920000000000001, PE=3.77759855482701e-17 after 169 steps
Step: 94 -  phi=0.4930000000000001, PE=7.854022899019415e-17 after 168 steps
Step: 95 -  phi=0.4940000000000001, PE=8.299240455166022e-17 after 169 steps
Step: 96 -  phi=0.4950000000000001, PE=6.153597888847976e-17 after 165 steps
Step: 97 -  phi=0.4960000000000001, PE=1.7800205877835646e-17 after 154 steps
Step: 98 -  phi=0.4970000000000001, PE=8.336328202503453e-17 after 160 steps
Step: 99 -  phi=0.4980000000000001, PE=7.317144644624064e-17 after 139 steps
Step: 100 -  phi=0.4990000000000001, PE=4.7209418715601906e-17 after 148 steps
Step: 101 -  phi=0.5000000000000001, PE=0.0 after 137 steps
Step: 102 -  phi=0.5010000000000001, PE=6.274424731698729e-17 after 160 steps
Step: 103 -  phi=0.5020000000000001, PE=5.021404111385038e-18 after 150 steps
Step: 104 -  phi=0.5030000000000001, PE=5.168658527365558e-17 after 144 steps
Step: 105 -  phi=0.5040000000000001, PE=3.9987698495167814e-17 after 127 steps
Step: 106 -  phi=0.5050000000000001, PE=9.377020511580193e-17 after 153 steps
Step: 107 -  phi=0.5060000000000001, PE=0.0 after 130 steps
Step: 108 -  phi=0.5070000000000001, PE=9.168817797213602e-17 after 145 steps
Step: 109 -  phi=0.5080000000000001, PE=6.85687080728947e-17 after 132 steps
Step: 110 -  phi=0.5090000000000001, PE=7.389915627204855e-17 after 128 steps
Step: 111 -  phi=0.5100000000000001, PE=1.1169464945291874e-17 after 132 steps
Step: 112 -  phi=0.5110000000000001, PE=0.0 after 137 steps
Step: 113 -  phi=0.5120000000000001, PE=5.413824414329465e-17 after 147 steps
Step: 114 -  phi=0.5130000000000001, PE=9.852363873908079e-17 after 134 steps
Step: 115 -  phi=0.5140000000000001, PE=5.762090200817101e-17 after 170 steps
Step: 116 -  phi=0.5150000000000001, PE=5.2965661384484415e-17 after 164 steps
Step: 117 -  phi=0.5160000000000001, PE=0.0 after 137 steps
Step: 118 -  phi=0.5170000000000001, PE=7.341025872992091e-17 after 180 steps
Step: 119 -  phi=0.5180000000000001, PE=4.593327496018235e-17 after 164 steps
Step: 120 -  phi=0.5190000000000001, PE=3.172853494117663e-17 after 157 steps
Step: 121 -  phi=0.5200000000000001, PE=4.556623728646266e-17 after 148 steps
Step: 122 -  phi=0.5210000000000001, PE=7.693396491521496e-17 after 158 steps
Step: 123 -  phi=0.5220000000000001, PE=5.899183619442816e-17 after 142 steps
Step: 124 -  phi=0.5230000000000001, PE=9.561452523160754e-17 after 155 steps
Step: 125 -  phi=0.5240000000000001, PE=0.0 after 148 steps
Step: 126 -  phi=0.5250000000000001, PE=8.767951859092197e-17 after 159 steps
Step: 127 -  phi=0.5260000000000001, PE=2.1415116374628264e-17 after 153 steps
Step: 128 -  phi=0.5270000000000001, PE=9.692728372419118e-17 after 167 steps
Step: 129 -  phi=0.5280000000000001, PE=7.519893239225891e-17 after 160 steps
Step: 130 -  phi=0.5290000000000001, PE=2.0309907142264705e-19 after 153 steps
Step: 131 -  phi=0.5300000000000001, PE=9.051604441255894e-17 after 175 steps
Step: 132 -  phi=0.5310000000000001, PE=7.289145997191527e-17 after 166 steps
Step: 133 -  phi=0.5320000000000001, PE=9.780999775229741e-17 after 161 steps
Step: 134 -  phi=0.5330000000000001, PE=0.0 after 151 steps
Step: 135 -  phi=0.5340000000000001, PE=9.549428344173504e-17 after 188 steps
Step: 136 -  phi=0.5350000000000001, PE=0.0 after 158 steps
Step: 137 -  phi=0.5360000000000001, PE=5.593555910165866e-17 after 164 steps
Step: 138 -  phi=0.5370000000000001, PE=8.865222374434763e-17 after 149 steps
Step: 139 -  phi=0.5380000000000001, PE=7.662515693509787e-17 after 149 steps
Step: 140 -  phi=0.5390000000000001, PE=2.6272472635295535e-17 after 166 steps
Step: 141 -  phi=0.5400000000000001, PE=5.0695394555615596e-17 after 147 steps
Step: 142 -  phi=0.5410000000000001, PE=5.408147184647331e-17 after 149 steps
Step: 143 -  phi=0.5420000000000001, PE=0.0 after 145 steps
Step: 144 -  phi=0.5430000000000001, PE=0.0 after 156 steps
Step: 145 -  phi=0.5440000000000002, PE=0.0 after 161 steps
Step: 146 -  phi=0.5450000000000002, PE=1.7212476194756248e-17 after 164 steps
Step: 147 -  phi=0.5460000000000002, PE=7.89385993631854e-17 after 214 steps
Step: 148 -  phi=0.5470000000000002, PE=8.359287825234172e-17 after 154 steps
Step: 149 -  phi=0.5480000000000002, PE=5.3852906983457617e-17 after 170 steps
Step: 150 -  phi=0.5490000000000002, PE=0.0 after 173 steps
Step: 151 -  phi=0.5500000000000002, PE=9.343583336635267e-17 after 170 steps
Step: 152 -  phi=0.5510000000000002, PE=9.441540425065978e-17 after 169 steps
Step: 153 -  phi=0.5520000000000002, PE=9.479108782733556e-17 after 167 steps
Step: 154 -  phi=0.5530000000000002, PE=0.0 after 163 steps
Step: 155 -  phi=0.5540000000000002, PE=0.0 after 148 steps
Step: 156 -  phi=0.5550000000000002, PE=8.767990825244903e-17 after 178 steps
Step: 157 -  phi=0.5560000000000002, PE=2.872150076809371e-17 after 156 steps
Step: 158 -  phi=0.5570000000000002, PE=5.046716170481756e-17 after 176 steps
Step: 159 -  phi=0.5580000000000002, PE=3.2480947706726844e-17 after 165 steps
Step: 160 -  phi=0.5590000000000002, PE=9.365494543394466e-17 after 180 steps
Step: 161 -  phi=0.5600000000000002, PE=4.4420114446835246e-17 after 177 steps
Step: 162 -  phi=0.5610000000000002, PE=8.96739048679654e-17 after 205 steps
Step: 163 -  phi=0.5620000000000002, PE=3.4078404422328155e-17 after 179 steps
Step: 164 -  phi=0.5630000000000002, PE=1.536855938131317e-17 after 179 steps
Step: 165 -  phi=0.5640000000000002, PE=5.616825573307513e-17 after 171 steps
Step: 166 -  phi=0.5650000000000002, PE=8.099547753993449e-17 after 196 steps
Step: 167 -  phi=0.5660000000000002, PE=5.967285167388532e-17 after 177 steps
Step: 168 -  phi=0.5670000000000002, PE=9.630422102989448e-17 after 212 steps
Step: 169 -  phi=0.5680000000000002, PE=4.14810815808527e-17 after 177 steps
Step: 170 -  phi=0.5690000000000002, PE=5.3363966614872735e-17 after 185 steps
Step: 171 -  phi=0.5700000000000002, PE=4.5845765585105923e-17 after 183 steps
Step: 172 -  phi=0.5710000000000002, PE=2.254894941016866e-17 after 181 steps
Step: 173 -  phi=0.5720000000000002, PE=9.779582879565358e-17 after 204 steps
Step: 174 -  phi=0.5730000000000002, PE=9.919388454534319e-17 after 201 steps
Step: 175 -  phi=0.5740000000000002, PE=9.553867506667624e-17 after 171 steps
Step: 176 -  phi=0.5750000000000002, PE=4.1947689323208656e-17 after 177 steps
Step: 177 -  phi=0.5760000000000002, PE=3.467166526567925e-17 after 186 steps
Step: 178 -  phi=0.5770000000000002, PE=9.068149666528197e-17 after 197 steps
Step: 179 -  phi=0.5780000000000002, PE=9.352416313784051e-17 after 174 steps
Step: 180 -  phi=0.5790000000000002, PE=1.496542779380683e-17 after 208 steps
Step: 181 -  phi=0.5800000000000002, PE=0.0 after 179 steps
Step: 182 -  phi=0.5810000000000002, PE=9.931411131834897e-17 after 176 steps
Step: 183 -  phi=0.5820000000000002, PE=7.287075277285708e-18 after 188 steps
Step: 184 -  phi=0.5830000000000002, PE=0.0 after 190 steps
Step: 185 -  phi=0.5840000000000002, PE=9.757895945307924e-17 after 203 steps
Step: 186 -  phi=0.5850000000000002, PE=7.907486506678913e-17 after 192 steps
Step: 187 -  phi=0.5860000000000002, PE=9.522621239519089e-17 after 209 steps
Step: 188 -  phi=0.5870000000000002, PE=2.2357067314287884e-17 after 207 steps
Step: 189 -  phi=0.5880000000000002, PE=0.0 after 177 steps
Step: 190 -  phi=0.5890000000000002, PE=8.534235408261169e-17 after 197 steps
Step: 191 -  phi=0.5900000000000002, PE=8.380114924287321e-17 after 220 steps
Step: 192 -  phi=0.5910000000000002, PE=9.368736293078092e-17 after 193 steps
Step: 193 -  phi=0.5920000000000002, PE=4.080159241780923e-17 after 174 steps
Step: 194 -  phi=0.5930000000000002, PE=6.165336297662254e-17 after 195 steps
Step: 195 -  phi=0.5940000000000002, PE=6.836714227887917e-17 after 194 steps
Step: 196 -  phi=0.5950000000000002, PE=0.0 after 191 steps
Step: 197 -  phi=0.5960000000000002, PE=0.0 after 201 steps
Step: 198 -  phi=0.5970000000000002, PE=8.006209987037367e-17 after 196 steps
Step: 199 -  phi=0.5980000000000002, PE=8.229275628411097e-17 after 243 steps
Step: 200 -  phi=0.5990000000000002, PE=9.930461317520938e-17 after 271 steps
Step: 201 -  phi=0.6000000000000002, PE=4.54169750858503e-17 after 255 steps
Step: 202 -  phi=0.6010000000000002, PE=9.31839355491015e-17 after 275 steps
Step: 203 -  phi=0.6020000000000002, PE=9.324540406399674e-17 after 246 steps
Step: 204 -  phi=0.6030000000000002, PE=2.334746648533894e-17 after 219 steps
Step: 205 -  phi=0.6040000000000002, PE=4.7886468965925517e-17 after 212 steps
Step: 206 -  phi=0.6050000000000002, PE=2.4912633943563057e-17 after 230 steps
Step: 207 -  phi=0.6060000000000002, PE=7.212949581451591e-17 after 226 steps
Step: 208 -  phi=0.6070000000000002, PE=8.498907845262425e-17 after 239 steps
Step: 209 -  phi=0.6080000000000002, PE=5.4586689427706516e-17 after 219 steps
Step: 210 -  phi=0.6090000000000002, PE=8.124167674196172e-17 after 219 steps
Step: 211 -  phi=0.6100000000000002, PE=5.4935046703169064e-17 after 235 steps
Step: 212 -  phi=0.6110000000000002, PE=5.4956097136770016e-17 after 212 steps
Step: 213 -  phi=0.6120000000000002, PE=8.15018906958593e-17 after 217 steps
Step: 214 -  phi=0.6130000000000002, PE=8.796647728764854e-17 after 215 steps
Step: 215 -  phi=0.6140000000000002, PE=8.086735476268284e-17 after 247 steps
Step: 216 -  phi=0.6150000000000002, PE=8.671846505623009e-17 after 207 steps
Step: 217 -  phi=0.6160000000000002, PE=9.824235961603741e-17 after 260 steps
Step: 218 -  phi=0.6170000000000002, PE=7.704410371532838e-17 after 241 steps
Step: 219 -  phi=0.6180000000000002, PE=8.816109082849257e-17 after 242 steps
Step: 220 -  phi=0.6190000000000002, PE=9.894238417482762e-17 after 255 steps
Step: 221 -  phi=0.6200000000000002, PE=0.0 after 234 steps
Step: 222 -  phi=0.6210000000000002, PE=9.753327144948475e-17 after 239 steps
Step: 223 -  phi=0.6220000000000002, PE=9.066246347717446e-17 after 253 steps
Step: 224 -  phi=0.6230000000000002, PE=7.352998288923124e-17 after 246 steps
Step: 225 -  phi=0.6240000000000002, PE=6.291852033444938e-17 after 270 steps
Step: 226 -  phi=0.6250000000000002, PE=5.715964685551963e-17 after 253 steps
Step: 227 -  phi=0.6260000000000002, PE=7.721328673206251e-17 after 251 steps
Step: 228 -  phi=0.6270000000000002, PE=9.738568664580513e-17 after 257 steps
Step: 229 -  phi=0.6280000000000002, PE=1.8072702284426865e-17 after 222 steps
Step: 230 -  phi=0.6290000000000002, PE=3.144681482282372e-17 after 263 steps
Step: 231 -  phi=0.6300000000000002, PE=6.893709062145186e-17 after 252 steps
Step: 232 -  phi=0.6310000000000002, PE=9.917934090631293e-17 after 274 steps
Step: 233 -  phi=0.6320000000000002, PE=8.574222418952297e-17 after 251 steps
Step: 234 -  phi=0.6330000000000002, PE=6.870017006187848e-17 after 219 steps
Step: 235 -  phi=0.6340000000000002, PE=9.891586568541442e-17 after 307 steps
Step: 236 -  phi=0.6350000000000002, PE=8.580721419945047e-17 after 250 steps
Step: 237 -  phi=0.6360000000000002, PE=9.667557051352599e-17 after 328 steps
Step: 238 -  phi=0.6370000000000002, PE=7.145611596562297e-17 after 291 steps
Step: 239 -  phi=0.6380000000000002, PE=8.151397355086065e-17 after 269 steps
Step: 240 -  phi=0.6390000000000002, PE=7.973056542283658e-17 after 265 steps
Step: 241 -  phi=0.6400000000000002, PE=9.385972706064056e-17 after 250 steps
Step: 242 -  phi=0.6410000000000002, PE=9.717810080124095e-17 after 289 steps
Step: 243 -  phi=0.6420000000000002, PE=7.552176156605867e-17 after 284 steps
Step: 244 -  phi=0.6430000000000002, PE=9.332404949316755e-17 after 248 steps
Step: 245 -  phi=0.6440000000000002, PE=7.323865712353711e-17 after 262 steps
Step: 246 -  phi=0.6450000000000002, PE=9.58117221407914e-17 after 265 steps
Step: 247 -  phi=0.6460000000000002, PE=9.756718065877581e-17 after 262 steps
Step: 248 -  phi=0.6470000000000002, PE=8.048318509071988e-17 after 273 steps
Step: 249 -  phi=0.6480000000000002, PE=9.191232490263897e-17 after 253 steps
Step: 250 -  phi=0.6490000000000002, PE=9.29349422775821e-17 after 279 steps
Step: 251 -  phi=0.6500000000000002, PE=2.234728553345352e-17 after 306 steps
Step: 252 -  phi=0.6510000000000002, PE=9.278121098396783e-17 after 275 steps
Step: 253 -  phi=0.6520000000000002, PE=8.107186617074201e-17 after 298 steps
Step: 254 -  phi=0.6530000000000002, PE=8.18595648708784e-17 after 302 steps
Step: 255 -  phi=0.6540000000000002, PE=4.6986585016075604e-17 after 292 steps
Step: 256 -  phi=0.6550000000000002, PE=9.014543254412463e-17 after 309 steps
Step: 257 -  phi=0.6560000000000002, PE=9.264064882236117e-17 after 319 steps
Step: 258 -  phi=0.6570000000000003, PE=6.575370467211514e-17 after 335 steps
Step: 259 -  phi=0.6580000000000003, PE=5.719414566937117e-17 after 313 steps
Step: 260 -  phi=0.6590000000000003, PE=9.870992112722928e-17 after 325 steps
Step: 261 -  phi=0.6600000000000003, PE=9.951721474591581e-17 after 326 steps
Step: 262 -  phi=0.6610000000000003, PE=7.042198741295829e-17 after 327 steps
Step: 263 -  phi=0.6620000000000003, PE=9.209692398038649e-17 after 337 steps
Step: 264 -  phi=0.6630000000000003, PE=9.01567082501044e-17 after 329 steps
Step: 265 -  phi=0.6640000000000003, PE=9.754323714937037e-17 after 332 steps
Step: 266 -  phi=0.6650000000000003, PE=9.219059850137376e-17 after 323 steps
Step: 267 -  phi=0.6660000000000003, PE=9.515210520093912e-17 after 321 steps
Step: 268 -  phi=0.6670000000000003, PE=2.7250835144697163e-17 after 313 steps
Step: 269 -  phi=0.6680000000000003, PE=6.237160661575449e-17 after 332 steps
Step: 270 -  phi=0.6690000000000003, PE=7.971443648846965e-17 after 305 steps
Step: 271 -  phi=0.6700000000000003, PE=0.0 after 323 steps
Step: 272 -  phi=0.6710000000000003, PE=9.026491876755621e-17 after 312 steps
Step: 273 -  phi=0.6720000000000003, PE=8.247465419769857e-17 after 307 steps
Step: 274 -  phi=0.6730000000000003, PE=9.659659345131682e-17 after 306 steps
Step: 275 -  phi=0.6740000000000003, PE=9.613759763257221e-17 after 338 steps
Step: 276 -  phi=0.6750000000000003, PE=7.871518660385139e-17 after 306 steps
Step: 277 -  phi=0.6760000000000003, PE=9.417517915893093e-17 after 319 steps
Step: 278 -  phi=0.6770000000000003, PE=5.812611197962738e-17 after 303 steps
Step: 279 -  phi=0.6780000000000003, PE=9.91846344977355e-17 after 312 steps
Step: 280 -  phi=0.6790000000000003, PE=9.607052901064532e-17 after 313 steps
Step: 281 -  phi=0.6800000000000003, PE=9.176866863786394e-17 after 326 steps
Step: 282 -  phi=0.6810000000000003, PE=9.734072017282206e-17 after 320 steps
Step: 283 -  phi=0.6820000000000003, PE=9.266852251220066e-17 after 302 steps
Step: 284 -  phi=0.6830000000000003, PE=9.43512643259815e-17 after 388 steps
Step: 285 -  phi=0.6840000000000003, PE=9.127708100321856e-17 after 324 steps
Step: 286 -  phi=0.6850000000000003, PE=6.636144730968177e-17 after 331 steps
Step: 287 -  phi=0.6860000000000003, PE=7.024283914161236e-17 after 347 steps
Step: 288 -  phi=0.6870000000000003, PE=9.777647569583155e-17 after 328 steps
Step: 289 -  phi=0.6880000000000003, PE=8.50133352903215e-17 after 318 steps
Step: 290 -  phi=0.6890000000000003, PE=8.867221662559635e-17 after 329 steps
Step: 291 -  phi=0.6900000000000003, PE=7.321190834352815e-17 after 403 steps
Step: 292 -  phi=0.6910000000000003, PE=9.968254989007624e-17 after 342 steps
Step: 293 -  phi=0.6920000000000003, PE=9.60781523717593e-17 after 383 steps
Step: 294 -  phi=0.6930000000000003, PE=7.548888081914039e-17 after 386 steps
Step: 295 -  phi=0.6940000000000003, PE=9.171956431382265e-17 after 356 steps
Step: 296 -  phi=0.6950000000000003, PE=9.778926746269387e-17 after 400 steps
Step: 297 -  phi=0.6960000000000003, PE=9.90538586865581e-17 after 398 steps
Step: 298 -  phi=0.6970000000000003, PE=9.737420556300693e-17 after 404 steps
Step: 299 -  phi=0.6980000000000003, PE=6.473836966422387e-17 after 401 steps
Step: 300 -  phi=0.6990000000000003, PE=9.851846066247804e-17 after 368 steps
Step: 301 -  phi=0.7000000000000003, PE=7.363349488188325e-17 after 387 steps
Step: 302 -  phi=0.7010000000000003, PE=5.62861291733322e-17 after 387 steps
Step: 303 -  phi=0.7020000000000003, PE=9.446401872170563e-17 after 410 steps
Step: 304 -  phi=0.7030000000000003, PE=9.816088442134153e-17 after 509 steps
Step: 305 -  phi=0.7040000000000003, PE=7.611252193341331e-17 after 442 steps
Step: 306 -  phi=0.7050000000000003, PE=6.626012230363306e-17 after 384 steps
Step: 307 -  phi=0.7060000000000003, PE=6.590797441518187e-17 after 415 steps
Step: 308 -  phi=0.7070000000000003, PE=9.94297634982539e-17 after 393 steps
Step: 309 -  phi=0.7080000000000003, PE=9.159941584955767e-17 after 444 steps
Step: 310 -  phi=0.7090000000000003, PE=7.515906375644702e-17 after 414 steps
Step: 311 -  phi=0.7100000000000003, PE=8.863285260685757e-17 after 405 steps
Step: 312 -  phi=0.7110000000000003, PE=7.642985052076991e-17 after 417 steps
Step: 313 -  phi=0.7120000000000003, PE=8.778142648736853e-17 after 453 steps
Step: 314 -  phi=0.7130000000000003, PE=9.35661019906994e-17 after 440 steps
Step: 315 -  phi=0.7140000000000003, PE=9.292883115725513e-17 after 448 steps
Step: 316 -  phi=0.7150000000000003, PE=5.571859776238708e-17 after 411 steps
Step: 317 -  phi=0.7160000000000003, PE=7.865865798995128e-17 after 413 steps
Step: 318 -  phi=0.7170000000000003, PE=7.010977985316453e-17 after 412 steps
Step: 319 -  phi=0.7180000000000003, PE=9.327214421098297e-17 after 478 steps
Step: 320 -  phi=0.7190000000000003, PE=9.717715824195357e-17 after 426 steps
Step: 321 -  phi=0.7200000000000003, PE=9.712020908592351e-17 after 417 steps
Step: 322 -  phi=0.7210000000000003, PE=9.125595313370275e-17 after 427 steps
Step: 323 -  phi=0.7220000000000003, PE=8.484304493932927e-17 after 395 steps
Step: 324 -  phi=0.7230000000000003, PE=8.826954376257029e-17 after 388 steps
Step: 325 -  phi=0.7240000000000003, PE=9.333314365618169e-17 after 460 steps
Step: 326 -  phi=0.7250000000000003, PE=9.911583606095585e-17 after 390 steps
Step: 327 -  phi=0.7260000000000003, PE=9.728416832461873e-17 after 462 steps
Step: 328 -  phi=0.7270000000000003, PE=9.880109309409895e-17 after 433 steps
Step: 329 -  phi=0.7280000000000003, PE=8.483324169944059e-17 after 500 steps
Step: 330 -  phi=0.7290000000000003, PE=8.854569471885337e-17 after 429 steps
Step: 331 -  phi=0.7300000000000003, PE=9.963385258129987e-17 after 529 steps
Step: 332 -  phi=0.7310000000000003, PE=9.003370170366156e-17 after 427 steps
Step: 333 -  phi=0.7320000000000003, PE=7.616524345851105e-17 after 540 steps
Step: 334 -  phi=0.7330000000000003, PE=8.642473419703915e-17 after 476 steps
Step: 335 -  phi=0.7340000000000003, PE=8.593364870642886e-17 after 517 steps
Step: 336 -  phi=0.7350000000000003, PE=6.953763857565938e-17 after 552 steps
Step: 337 -  phi=0.7360000000000003, PE=9.651975595812995e-17 after 471 steps
Step: 338 -  phi=0.7370000000000003, PE=9.11998323721975e-17 after 635 steps
Step: 339 -  phi=0.7380000000000003, PE=9.901211075554779e-17 after 473 steps
Step: 340 -  phi=0.7390000000000003, PE=9.526651955984677e-17 after 487 steps
Step: 341 -  phi=0.7400000000000003, PE=8.200898838598662e-17 after 456 steps
Step: 342 -  phi=0.7410000000000003, PE=9.56329721258276e-17 after 477 steps
Step: 343 -  phi=0.7420000000000003, PE=9.26439127918644e-17 after 415 steps
Step: 344 -  phi=0.7430000000000003, PE=8.816541920661278e-17 after 460 steps
Step: 345 -  phi=0.7440000000000003, PE=8.652067610276434e-17 after 532 steps
Step: 346 -  phi=0.7450000000000003, PE=9.504837352982837e-17 after 586 steps
Step: 347 -  phi=0.7460000000000003, PE=9.493527685862897e-17 after 516 steps
Step: 348 -  phi=0.7470000000000003, PE=9.452512693377318e-17 after 547 steps
Step: 349 -  phi=0.7480000000000003, PE=9.937928211806989e-17 after 585 steps
Step: 350 -  phi=0.7490000000000003, PE=9.316730978478304e-17 after 487 steps
Step: 351 -  phi=0.7500000000000003, PE=9.058902709830267e-17 after 502 steps
Step: 352 -  phi=0.7510000000000003, PE=8.825870134744813e-17 after 515 steps
Step: 353 -  phi=0.7520000000000003, PE=9.896643011032727e-17 after 644 steps
Step: 354 -  phi=0.7530000000000003, PE=9.86835046156393e-17 after 471 steps
Step: 355 -  phi=0.7540000000000003, PE=9.826630082067737e-17 after 708 steps
Step: 356 -  phi=0.7550000000000003, PE=9.655642933215746e-17 after 488 steps
Step: 357 -  phi=0.7560000000000003, PE=9.040271295335773e-17 after 535 steps
Step: 358 -  phi=0.7570000000000003, PE=7.355435064461737e-17 after 544 steps
Step: 359 -  phi=0.7580000000000003, PE=8.99504250523905e-17 after 586 steps
Step: 360 -  phi=0.7590000000000003, PE=9.83261406526773e-17 after 644 steps
Step: 361 -  phi=0.7600000000000003, PE=7.887038179146836e-17 after 552 steps
Step: 362 -  phi=0.7610000000000003, PE=8.419283018894395e-17 after 602 steps
Step: 363 -  phi=0.7620000000000003, PE=9.399667212141583e-17 after 817 steps
Step: 364 -  phi=0.7630000000000003, PE=7.672051128179735e-17 after 666 steps
Step: 365 -  phi=0.7640000000000003, PE=9.873349864147116e-17 after 591 steps
Step: 366 -  phi=0.7650000000000003, PE=9.174401258678739e-17 after 558 steps
Step: 367 -  phi=0.7660000000000003, PE=9.444451185501756e-17 after 553 steps
Step: 368 -  phi=0.7670000000000003, PE=8.979979242412046e-17 after 585 steps
Step: 369 -  phi=0.7680000000000003, PE=9.367802256182097e-17 after 707 steps
Step: 370 -  phi=0.7690000000000003, PE=9.730897339740797e-17 after 634 steps
Step: 371 -  phi=0.7700000000000004, PE=9.990381955926765e-17 after 681 steps
Step: 372 -  phi=0.7710000000000004, PE=8.966210144282452e-17 after 656 steps
Step: 373 -  phi=0.7720000000000004, PE=9.780543141084512e-17 after 658 steps
Step: 374 -  phi=0.7730000000000004, PE=8.4150551281095e-17 after 641 steps
Step: 375 -  phi=0.7740000000000004, PE=9.373403105559154e-17 after 687 steps
Step: 376 -  phi=0.7750000000000004, PE=9.912357845520554e-17 after 767 steps
Step: 377 -  phi=0.7760000000000004, PE=8.706951665701296e-17 after 724 steps
Step: 378 -  phi=0.7770000000000004, PE=9.525302570800025e-17 after 709 steps
Step: 379 -  phi=0.7780000000000004, PE=9.190294462137253e-17 after 977 steps
Step: 380 -  phi=0.7790000000000004, PE=9.384953948159182e-17 after 683 steps
Step: 381 -  phi=0.7800000000000004, PE=7.760199021422159e-17 after 628 steps
Step: 382 -  phi=0.7810000000000004, PE=9.549194358157236e-17 after 640 steps
Step: 383 -  phi=0.7820000000000004, PE=8.82559222102512e-17 after 806 steps
Step: 384 -  phi=0.7830000000000004, PE=9.861565610030586e-17 after 691 steps
Step: 385 -  phi=0.7840000000000004, PE=9.43112940292743e-17 after 702 steps
Step: 386 -  phi=0.7850000000000004, PE=9.468873045534858e-17 after 910 steps
Step: 387 -  phi=0.7860000000000004, PE=9.416430129361847e-17 after 830 steps
Step: 388 -  phi=0.7870000000000004, PE=9.795066345147798e-17 after 793 steps
Step: 389 -  phi=0.7880000000000004, PE=9.662562572591254e-17 after 985 steps
Step: 390 -  phi=0.7890000000000004, PE=9.511517193346363e-17 after 862 steps
Step: 391 -  phi=0.7900000000000004, PE=9.636344655429374e-17 after 967 steps
Step: 392 -  phi=0.7910000000000004, PE=9.283676108979248e-17 after 1087 steps
Step: 393 -  phi=0.7920000000000004, PE=9.473416407458286e-17 after 1032 steps
Step: 394 -  phi=0.7930000000000004, PE=9.528059289263378e-17 after 1306 steps
Step: 395 -  phi=0.7940000000000004, PE=9.278387716835154e-17 after 1129 steps
Step: 396 -  phi=0.7950000000000004, PE=9.978978709547396e-17 after 1274 steps
Step: 397 -  phi=0.7960000000000004, PE=9.701306951841182e-17 after 1639 steps
Step: 398 -  phi=0.7970000000000004, PE=9.898707093336731e-17 after 1322 steps
Step: 399 -  phi=0.7980000000000004, PE=9.528788591696731e-17 after 1181 steps
Step: 400 -  phi=0.7990000000000004, PE=9.792230156469429e-17 after 1554 steps
Step: 401 -  phi=0.8000000000000004, PE=8.906558682897505e-17 after 1511 steps
Step: 402 -  phi=0.8010000000000004, PE=9.893559949553828e-17 after 1815 steps
Step: 403 -  phi=0.8020000000000004, PE=9.079037413195856e-17 after 2596 steps
Step: 404 -  phi=0.8030000000000004, PE=9.8975588008106e-17 after 3434 steps
Step: 405 -  phi=0.8040000000000004, PE=9.96811104554113e-17 after 5173 steps
Step: 406 -  phi=0.8050000000000004, PE=9.986910189396522e-17 after 5131 steps
Step: 407 -  phi=0.8060000000000004, PE=9.986818805187706e-17 after 4442 steps
Step: 408 -  phi=0.8070000000000004, PE=9.863993790642117e-17 after 4618 steps
Step: 409 -  phi=0.8080000000000004, PE=9.956644542368258e-17 after 7093 steps
Step: 410 -  phi=0.8090000000000004, PE=9.999393241392665e-17 after 11344 steps
Step: 411 -  phi=0.8100000000000004, PE=9.997170566668641e-17 after 8553 steps
Step: 412 -  phi=0.8110000000000004, PE=9.982497546140906e-17 after 9243 steps
Step: 413 -  phi=0.8120000000000004, PE=9.976981472204824e-17 after 6417 steps
Step: 414 -  phi=0.8130000000000004, PE=9.928509572826581e-17 after 7850 steps
Step: 415 -  phi=0.8140000000000004, PE=9.977332822622071e-17 after 7370 steps
Step: 416 -  phi=0.8150000000000004, PE=9.9582748769954e-17 after 9056 steps
Step: 417 -  phi=0.8160000000000004, PE=9.948012059663709e-17 after 8635 steps
Step: 418 -  phi=0.8170000000000004, PE=9.986069920967584e-17 after 30723 steps
Step: 419 -  phi=0.8180000000000004, PE=9.963349261984993e-17 after 20921 steps
Step: 420 -  phi=0.8190000000000004, PE=9.983872005309684e-17 after 22667 steps
Step: 421 -  phi=0.8200000000000004, PE=9.992261545632277e-17 after 37882 steps
Step: 422 -  phi=0.8210000000000004, PE=9.990945068114043e-17 after 32928 steps
Step: 423 -  phi=0.8220000000000004, PE=9.998216362826555e-17 after 95943 steps
Step: 424 -  phi=0.8230000000000004, PE=1.1909588827529625e-09 after 122937 steps
Step: 425 -  phi=0.8225000000000005, PE=1.0380214493234863e-10 after 128615 steps
Step: 426 -  phi=0.8222500000000004, PE=9.98939720516165e-17 after 49651 steps
Step: 427 -  phi=0.8223750000000004, PE=7.41994519895881e-11 after 116210 steps
Step: 428 -  phi=0.8223125000000004, PE=9.999231381365608e-17 after 86578 steps
Step: 429 -  phi=0.8223437500000004, PE=1.0863937751938293e-11 after 243183 steps
Step: 430 -  phi=0.8223281250000004, PE=5.584306648125808e-13 after 512458 steps
Step: 431 -  phi=0.8223203125000005, PE=5.421260931764049e-16 after 1000000 steps
Step: 432 -  phi=0.8223164062500005, PE=9.998157640383797e-17 after 98512 steps
Step: 433 -  phi=0.8223183593750005, PE=9.998492574094565e-17 after 69115 steps
Step: 434 -  phi=0.8223193359375005, PE=9.999022097319018e-17 after 87758 steps
Step: 435 -  phi=0.8223198242187505, PE=9.999862382367492e-17 after 121802 steps
Step: 436 -  phi=0.8223200683593754, PE=9.999952581198078e-17 after 148300 steps
Step: 437 -  phi=0.822320190429688, PE=9.999970498132602e-17 after 518106 steps
Step: 438 -  phi=0.8223202514648442, PE=2.1649796691318108e-16 after 1000000 steps
Step: 439 -  phi=0.8223202209472661, PE=1.0533135636110146e-16 after 1000000 steps
Step: 440 -  phi=0.8223202056884771, PE=9.999897527125786e-17 after 51708 steps
Step: 441 -  phi=0.8223202133178715, PE=9.999992141069397e-17 after 53240 steps
Step: 442 -  phi=0.8223202171325688, PE=9.999996070601502e-17 after 27413 steps
Step: 443 -  phi=0.8223202190399175, PE=9.999999015911559e-17 after 78911 steps
Step: 444 -  phi=0.8223202199935917, PE=1.0249572842987906e-16 after 1000000 steps
Step: 445 -  phi=0.8223202195167546, PE=1.0109242337021086e-16 after 1000000 steps
Step: 446 -  phi=0.8223202192783361, PE=1.0039439824536005e-16 after 1000000 steps
Step: 447 -  phi=0.8223202191591268, PE=1.000462923718618e-16 after 1000000 steps
Step: 448 -  phi=0.8223202190995221, PE=9.999998521060491e-17 after 20480 steps
Jammed: phi = 0.822320, residual PE = 1.000e-16
