The following modules were not unloaded:
  (Use "module --force purge" to unload all):

  1) StdEnv
sys:1: RuntimeWarning: h5: callable: skipping callable field 'user_pre_step_actions' (<PjitFunction of <function _save_state_system at 0x15389a9afba0>>); handle explicitly
sys:1: RuntimeWarning: h5: callable: skipping callable field 'user_post_step_actions' (<PjitFunction of <function _save_state_system at 0x15389a9afba0>>); handle explicitly
/home/rg2248/analysis/summer-26/jam/thomson/jam2d-thomson.py:74: RuntimeWarning: h5: callable: skipping callable field '0' (<function fire.<locals>.init at 0x15376c207100>); handle explicitly
  save(system, join(data_root, 'system.h5'))
/home/rg2248/analysis/summer-26/jam/thomson/jam2d-thomson.py:74: RuntimeWarning: h5: callable: skipping callable field '1' (<function fire.<locals>.update at 0x15376c206fc0>); handle explicitly
  save(system, join(data_root, 'system.h5'))
Initial minimization took 0 steps.
Step: 1 -  phi=0.4000000000000001, PE=8.119194037409827e-19 after 0 steps
Step: 2 -  phi=0.4010000000000001, PE=4.5571052285057185e-17 after 152 steps
Step: 3 -  phi=0.4020000000000001, PE=9.720747537137706e-17 after 128 steps
Step: 4 -  phi=0.4030000000000001, PE=3.671522654595559e-17 after 124 steps
Step: 5 -  phi=0.4040000000000001, PE=6.77897961061593e-17 after 115 steps
Step: 6 -  phi=0.4050000000000001, PE=9.161105040358016e-17 after 144 steps
Step: 7 -  phi=0.4060000000000001, PE=7.97460555275385e-17 after 146 steps
Step: 8 -  phi=0.4070000000000001, PE=0.0 after 143 steps
Step: 9 -  phi=0.4080000000000001, PE=1.736587293495327e-17 after 120 steps
Step: 10 -  phi=0.4090000000000001, PE=9.177559448298882e-17 after 124 steps
Step: 11 -  phi=0.4100000000000001, PE=3.263352274031838e-17 after 141 steps
Step: 12 -  phi=0.4110000000000001, PE=6.680820341125882e-17 after 122 steps
Step: 13 -  phi=0.4120000000000001, PE=2.0810750131542624e-17 after 129 steps
Step: 14 -  phi=0.4130000000000001, PE=8.500129353106857e-17 after 137 steps
Step: 15 -  phi=0.4140000000000001, PE=1.5758236738888216e-17 after 116 steps
Step: 16 -  phi=0.4150000000000001, PE=9.14308999426315e-17 after 156 steps
Step: 17 -  phi=0.4160000000000001, PE=4.378307573506946e-17 after 123 steps
Step: 18 -  phi=0.4170000000000001, PE=8.385314495309149e-17 after 173 steps
Step: 19 -  phi=0.4180000000000001, PE=5.643388229500363e-17 after 133 steps
Step: 20 -  phi=0.4190000000000001, PE=9.030528074590496e-18 after 125 steps
Step: 21 -  phi=0.4200000000000001, PE=1.9854974245306632e-17 after 136 steps
Step: 22 -  phi=0.4210000000000001, PE=6.771795819511835e-17 after 136 steps
Step: 23 -  phi=0.4220000000000001, PE=8.200787987197938e-17 after 134 steps
Step: 24 -  phi=0.4230000000000001, PE=1.6922344293692334e-17 after 123 steps
Step: 25 -  phi=0.4240000000000001, PE=8.427320339130094e-17 after 141 steps
Step: 26 -  phi=0.4250000000000001, PE=6.599660843435694e-17 after 127 steps
Step: 27 -  phi=0.4260000000000001, PE=4.416821041649719e-17 after 131 steps
Step: 28 -  phi=0.4270000000000001, PE=0.0 after 132 steps
Step: 29 -  phi=0.4280000000000001, PE=9.402460136924536e-17 after 142 steps
Step: 30 -  phi=0.4290000000000001, PE=7.6520911100502e-18 after 146 steps
Step: 31 -  phi=0.4300000000000001, PE=7.958595822300442e-17 after 150 steps
Step: 32 -  phi=0.4310000000000001, PE=4.171942854721461e-17 after 135 steps
Step: 33 -  phi=0.4320000000000001, PE=9.827578252014054e-17 after 146 steps
Step: 34 -  phi=0.4330000000000001, PE=2.414374532146775e-17 after 154 steps
Step: 35 -  phi=0.4340000000000001, PE=0.0 after 131 steps
Step: 36 -  phi=0.4350000000000001, PE=9.039525408049667e-17 after 152 steps
Step: 37 -  phi=0.4360000000000001, PE=7.841109750851596e-17 after 169 steps
Step: 38 -  phi=0.4370000000000001, PE=8.040702638397852e-17 after 169 steps
Step: 39 -  phi=0.4380000000000001, PE=2.0854778100495264e-18 after 146 steps
Step: 40 -  phi=0.4390000000000001, PE=3.284549483959632e-17 after 150 steps
Step: 41 -  phi=0.4400000000000001, PE=7.889385088608071e-17 after 168 steps
Step: 42 -  phi=0.4410000000000001, PE=8.006237123015761e-17 after 163 steps
Step: 43 -  phi=0.4420000000000001, PE=8.409187970191613e-17 after 175 steps
Step: 44 -  phi=0.4430000000000001, PE=3.470985399204213e-17 after 154 steps
Step: 45 -  phi=0.4440000000000001, PE=4.786718008670867e-17 after 172 steps
Step: 46 -  phi=0.4450000000000001, PE=8.521667503657023e-17 after 170 steps
Step: 47 -  phi=0.4460000000000001, PE=8.782927984284645e-17 after 189 steps
Step: 48 -  phi=0.4470000000000001, PE=7.675434336293642e-17 after 166 steps
Step: 49 -  phi=0.4480000000000001, PE=8.926523860207756e-17 after 155 steps
Step: 50 -  phi=0.4490000000000001, PE=4.8065084750394464e-17 after 173 steps
Step: 51 -  phi=0.4500000000000001, PE=9.288109852444016e-17 after 165 steps
Step: 52 -  phi=0.4510000000000001, PE=8.150477234481974e-17 after 162 steps
Step: 53 -  phi=0.4520000000000001, PE=7.099495741077718e-17 after 185 steps
Step: 54 -  phi=0.4530000000000001, PE=8.335432651657984e-17 after 187 steps
Step: 55 -  phi=0.4540000000000001, PE=7.344034803819213e-17 after 176 steps
Step: 56 -  phi=0.4550000000000001, PE=4.578912115205486e-17 after 162 steps
Step: 57 -  phi=0.4560000000000001, PE=4.7110749355820527e-17 after 177 steps
Step: 58 -  phi=0.45700000000000013, PE=5.409230920840867e-17 after 184 steps
Step: 59 -  phi=0.45800000000000013, PE=9.20145154895903e-17 after 188 steps
Step: 60 -  phi=0.45900000000000013, PE=9.529163155647623e-18 after 165 steps
Step: 61 -  phi=0.46000000000000013, PE=0.0 after 154 steps
Step: 62 -  phi=0.46100000000000013, PE=9.116141250727919e-17 after 172 steps
Step: 63 -  phi=0.46200000000000013, PE=5.778902000159187e-17 after 162 steps
Step: 64 -  phi=0.46300000000000013, PE=7.804588602692498e-18 after 158 steps
Step: 65 -  phi=0.46400000000000013, PE=2.2836855734996698e-17 after 153 steps
Step: 66 -  phi=0.46500000000000014, PE=3.0657535075841305e-17 after 177 steps
Step: 67 -  phi=0.46600000000000014, PE=3.818708500144081e-17 after 148 steps
Step: 68 -  phi=0.46700000000000014, PE=7.260234221103639e-17 after 181 steps
Step: 69 -  phi=0.46800000000000014, PE=8.906601113225973e-17 after 184 steps
Step: 70 -  phi=0.46900000000000014, PE=4.752622827617687e-17 after 175 steps
Step: 71 -  phi=0.47000000000000014, PE=7.004460039772892e-17 after 170 steps
Step: 72 -  phi=0.47100000000000014, PE=9.75505455707068e-17 after 248 steps
Step: 73 -  phi=0.47200000000000014, PE=0.0 after 172 steps
Step: 74 -  phi=0.47300000000000014, PE=1.3707317376347513e-17 after 179 steps
Step: 75 -  phi=0.47400000000000014, PE=4.4273873972791436e-17 after 189 steps
Step: 76 -  phi=0.47500000000000014, PE=8.455745751816543e-17 after 188 steps
Step: 77 -  phi=0.47600000000000015, PE=4.6386030924720735e-18 after 169 steps
Step: 78 -  phi=0.47700000000000015, PE=9.196626164032351e-17 after 166 steps
Step: 79 -  phi=0.47800000000000015, PE=6.906029093138735e-17 after 156 steps
Step: 80 -  phi=0.47900000000000015, PE=0.0 after 173 steps
Step: 81 -  phi=0.48000000000000015, PE=0.0 after 174 steps
Step: 82 -  phi=0.48100000000000015, PE=7.275822779278633e-17 after 241 steps
Step: 83 -  phi=0.48200000000000015, PE=0.0 after 178 steps
Step: 84 -  phi=0.48300000000000015, PE=4.369649049993367e-18 after 183 steps
Step: 85 -  phi=0.48400000000000015, PE=0.0 after 187 steps
Step: 86 -  phi=0.48500000000000015, PE=9.89032561559144e-18 after 174 steps
Step: 87 -  phi=0.48600000000000015, PE=7.944330012598227e-17 after 185 steps
Step: 88 -  phi=0.48700000000000015, PE=8.763600029268875e-17 after 184 steps
Step: 89 -  phi=0.48800000000000016, PE=7.912745471555143e-17 after 217 steps
Step: 90 -  phi=0.48900000000000016, PE=3.883732774879833e-17 after 208 steps
Step: 91 -  phi=0.49000000000000016, PE=8.258398794530495e-18 after 178 steps
Step: 92 -  phi=0.49100000000000016, PE=8.482168013736769e-17 after 184 steps
Step: 93 -  phi=0.49200000000000016, PE=2.9265346801824306e-17 after 177 steps
Step: 94 -  phi=0.49300000000000016, PE=7.974396758733594e-17 after 187 steps
Step: 95 -  phi=0.49400000000000016, PE=9.208168954511948e-17 after 237 steps
Step: 96 -  phi=0.49500000000000016, PE=0.0 after 171 steps
Step: 97 -  phi=0.49600000000000016, PE=8.043124501109282e-17 after 205 steps
Step: 98 -  phi=0.49700000000000016, PE=9.896335466549249e-17 after 207 steps
Step: 99 -  phi=0.49800000000000016, PE=3.363818469126248e-17 after 208 steps
Step: 100 -  phi=0.49900000000000017, PE=7.683823892807103e-17 after 212 steps
Step: 101 -  phi=0.5000000000000001, PE=7.328495299473047e-17 after 199 steps
Step: 102 -  phi=0.5010000000000001, PE=5.098870317170057e-17 after 182 steps
Step: 103 -  phi=0.5020000000000001, PE=5.233458841062166e-17 after 207 steps
Step: 104 -  phi=0.5030000000000001, PE=0.0 after 200 steps
Step: 105 -  phi=0.5040000000000001, PE=3.7443552013624567e-17 after 218 steps
Step: 106 -  phi=0.5050000000000001, PE=3.3814251016066063e-18 after 224 steps
Step: 107 -  phi=0.5060000000000001, PE=8.216177177974436e-17 after 200 steps
Step: 108 -  phi=0.5070000000000001, PE=3.248238424436236e-17 after 230 steps
Step: 109 -  phi=0.5080000000000001, PE=5.509056214217467e-17 after 209 steps
Step: 110 -  phi=0.5090000000000001, PE=4.457340496228438e-17 after 226 steps
Step: 111 -  phi=0.5100000000000001, PE=3.266841855741302e-17 after 215 steps
Step: 112 -  phi=0.5110000000000001, PE=4.576218110128481e-17 after 223 steps
Step: 113 -  phi=0.5120000000000001, PE=9.040752938471356e-17 after 227 steps
Step: 114 -  phi=0.5130000000000001, PE=8.175581802863767e-17 after 253 steps
Step: 115 -  phi=0.5140000000000001, PE=9.707215793059453e-17 after 272 steps
Step: 116 -  phi=0.5150000000000001, PE=9.895650467194536e-17 after 259 steps
Step: 117 -  phi=0.5160000000000001, PE=5.983708776797791e-17 after 224 steps
Step: 118 -  phi=0.5170000000000001, PE=9.776440332222041e-17 after 232 steps
Step: 119 -  phi=0.5180000000000001, PE=1.503133805245432e-17 after 208 steps
Step: 120 -  phi=0.5190000000000001, PE=5.376221864654298e-17 after 238 steps
Step: 121 -  phi=0.5200000000000001, PE=0.0 after 210 steps
Step: 122 -  phi=0.5210000000000001, PE=8.184204635763641e-17 after 251 steps
Step: 123 -  phi=0.5220000000000001, PE=8.24527041946691e-18 after 223 steps
Step: 124 -  phi=0.5230000000000001, PE=9.329250258060133e-17 after 274 steps
Step: 125 -  phi=0.5240000000000001, PE=7.472910936166412e-17 after 213 steps
Step: 126 -  phi=0.5250000000000001, PE=9.450213120017601e-17 after 306 steps
Step: 127 -  phi=0.5260000000000001, PE=4.346929245850546e-17 after 247 steps
Step: 128 -  phi=0.5270000000000001, PE=9.430678288545128e-17 after 231 steps
Step: 129 -  phi=0.5280000000000001, PE=3.488638592013023e-17 after 220 steps
Step: 130 -  phi=0.5290000000000001, PE=9.770855983545329e-17 after 222 steps
Step: 131 -  phi=0.5300000000000001, PE=6.978221287507367e-17 after 240 steps
Step: 132 -  phi=0.5310000000000001, PE=8.964872874534284e-17 after 210 steps
Step: 133 -  phi=0.5320000000000001, PE=9.887345741074778e-17 after 218 steps
Step: 134 -  phi=0.5330000000000001, PE=5.953171054852223e-17 after 245 steps
Step: 135 -  phi=0.5340000000000001, PE=7.397531030932987e-17 after 254 steps
Step: 136 -  phi=0.5350000000000001, PE=8.557282587969652e-17 after 254 steps
Step: 137 -  phi=0.5360000000000001, PE=7.543755123047605e-17 after 234 steps
Step: 138 -  phi=0.5370000000000001, PE=4.3097613633632396e-17 after 229 steps
Step: 139 -  phi=0.5380000000000001, PE=9.356851859642122e-17 after 254 steps
Step: 140 -  phi=0.5390000000000001, PE=4.328245759173125e-17 after 227 steps
Step: 141 -  phi=0.5400000000000001, PE=8.860134974678966e-17 after 224 steps
Step: 142 -  phi=0.5410000000000001, PE=9.377700242617314e-17 after 288 steps
Step: 143 -  phi=0.5420000000000001, PE=8.467102235191268e-17 after 225 steps
Step: 144 -  phi=0.5430000000000001, PE=8.421461449668531e-17 after 238 steps
Step: 145 -  phi=0.5440000000000002, PE=8.014534494282959e-17 after 257 steps
Step: 146 -  phi=0.5450000000000002, PE=4.9871224546577825e-17 after 212 steps
Step: 147 -  phi=0.5460000000000002, PE=6.262408733725158e-17 after 211 steps
Step: 148 -  phi=0.5470000000000002, PE=1.0840671980949512e-17 after 199 steps
Step: 149 -  phi=0.5480000000000002, PE=1.5533330008583711e-18 after 213 steps
Step: 150 -  phi=0.5490000000000002, PE=9.606726537335282e-17 after 224 steps
Step: 151 -  phi=0.5500000000000002, PE=8.439209858809317e-17 after 221 steps
Step: 152 -  phi=0.5510000000000002, PE=8.864968717867434e-17 after 221 steps
Step: 153 -  phi=0.5520000000000002, PE=5.595244844428945e-17 after 221 steps
Step: 154 -  phi=0.5530000000000002, PE=7.983964604651948e-17 after 211 steps
Step: 155 -  phi=0.5540000000000002, PE=9.095112924212212e-17 after 274 steps
Step: 156 -  phi=0.5550000000000002, PE=8.78869041181363e-17 after 259 steps
Step: 157 -  phi=0.5560000000000002, PE=8.490675118944362e-17 after 224 steps
Step: 158 -  phi=0.5570000000000002, PE=6.958334283795333e-17 after 247 steps
Step: 159 -  phi=0.5580000000000002, PE=9.068790733998643e-17 after 264 steps
Step: 160 -  phi=0.5590000000000002, PE=9.162907894193363e-17 after 274 steps
Step: 161 -  phi=0.5600000000000002, PE=5.419837752598083e-17 after 218 steps
Step: 162 -  phi=0.5610000000000002, PE=9.31663129772566e-17 after 246 steps
Step: 163 -  phi=0.5620000000000002, PE=5.951105799966586e-17 after 236 steps
Step: 164 -  phi=0.5630000000000002, PE=7.278971568784996e-17 after 282 steps
Step: 165 -  phi=0.5640000000000002, PE=7.7418963426845e-17 after 241 steps
Step: 166 -  phi=0.5650000000000002, PE=9.187540844739539e-17 after 264 steps
Step: 167 -  phi=0.5660000000000002, PE=6.244514970714185e-17 after 241 steps
Step: 168 -  phi=0.5670000000000002, PE=7.111117671268415e-17 after 250 steps
Step: 169 -  phi=0.5680000000000002, PE=2.3705737481377334e-17 after 261 steps
Step: 170 -  phi=0.5690000000000002, PE=9.525837781967876e-17 after 252 steps
Step: 171 -  phi=0.5700000000000002, PE=7.551359728983765e-17 after 259 steps
Step: 172 -  phi=0.5710000000000002, PE=6.898154572108202e-17 after 238 steps
Step: 173 -  phi=0.5720000000000002, PE=7.568671189746926e-17 after 261 steps
Step: 174 -  phi=0.5730000000000002, PE=7.279483393304917e-17 after 275 steps
Step: 175 -  phi=0.5740000000000002, PE=6.710292045004314e-17 after 241 steps
Step: 176 -  phi=0.5750000000000002, PE=3.8294732715004126e-17 after 285 steps
Step: 177 -  phi=0.5760000000000002, PE=9.037020531140901e-17 after 312 steps
Step: 178 -  phi=0.5770000000000002, PE=9.976033959416614e-17 after 266 steps
Step: 179 -  phi=0.5780000000000002, PE=7.733550905096647e-17 after 282 steps
Step: 180 -  phi=0.5790000000000002, PE=9.863846831633923e-17 after 282 steps
Step: 181 -  phi=0.5800000000000002, PE=8.956938628477785e-17 after 288 steps
Step: 182 -  phi=0.5810000000000002, PE=7.024762731452504e-17 after 263 steps
Step: 183 -  phi=0.5820000000000002, PE=7.642813856369935e-17 after 278 steps
Step: 184 -  phi=0.5830000000000002, PE=9.964985988278691e-17 after 278 steps
Step: 185 -  phi=0.5840000000000002, PE=8.343031144791076e-17 after 332 steps
Step: 186 -  phi=0.5850000000000002, PE=9.790876343954503e-17 after 304 steps
Step: 187 -  phi=0.5860000000000002, PE=9.365050309764928e-17 after 311 steps
Step: 188 -  phi=0.5870000000000002, PE=8.640075612386416e-17 after 309 steps
Step: 189 -  phi=0.5880000000000002, PE=6.835045641217016e-17 after 297 steps
Step: 190 -  phi=0.5890000000000002, PE=9.877582303760044e-17 after 307 steps
Step: 191 -  phi=0.5900000000000002, PE=8.259002120378806e-17 after 284 steps
Step: 192 -  phi=0.5910000000000002, PE=9.376456226089093e-17 after 268 steps
Step: 193 -  phi=0.5920000000000002, PE=7.027836136403208e-17 after 279 steps
Step: 194 -  phi=0.5930000000000002, PE=9.088311087917157e-17 after 312 steps
Step: 195 -  phi=0.5940000000000002, PE=4.6571028781693594e-17 after 262 steps
Step: 196 -  phi=0.5950000000000002, PE=9.441849349601087e-17 after 351 steps
Step: 197 -  phi=0.5960000000000002, PE=6.52755662884818e-17 after 334 steps
Step: 198 -  phi=0.5970000000000002, PE=8.140056188911801e-17 after 344 steps
Step: 199 -  phi=0.5980000000000002, PE=7.253927362813086e-17 after 337 steps
Step: 200 -  phi=0.5990000000000002, PE=7.874698128074962e-17 after 310 steps
Step: 201 -  phi=0.6000000000000002, PE=9.75108308721471e-17 after 332 steps
Step: 202 -  phi=0.6010000000000002, PE=9.737471843225419e-17 after 362 steps
Step: 203 -  phi=0.6020000000000002, PE=8.307580387333876e-17 after 356 steps
Step: 204 -  phi=0.6030000000000002, PE=9.41618576593323e-17 after 303 steps
Step: 205 -  phi=0.6040000000000002, PE=9.980756263531427e-17 after 382 steps
Step: 206 -  phi=0.6050000000000002, PE=7.114928339419058e-17 after 289 steps
Step: 207 -  phi=0.6060000000000002, PE=9.388931454154998e-17 after 312 steps
Step: 208 -  phi=0.6070000000000002, PE=9.778634412197109e-17 after 333 steps
Step: 209 -  phi=0.6080000000000002, PE=9.734611715473822e-17 after 306 steps
Step: 210 -  phi=0.6090000000000002, PE=9.582365748259639e-17 after 342 steps
Step: 211 -  phi=0.6100000000000002, PE=8.921284720587905e-17 after 361 steps
Step: 212 -  phi=0.6110000000000002, PE=6.80233473191479e-17 after 353 steps
Step: 213 -  phi=0.6120000000000002, PE=9.603168259292086e-17 after 338 steps
Step: 214 -  phi=0.6130000000000002, PE=8.287124458352584e-17 after 384 steps
Step: 215 -  phi=0.6140000000000002, PE=8.097822931361279e-17 after 330 steps
Step: 216 -  phi=0.6150000000000002, PE=8.228605291479054e-17 after 319 steps
Step: 217 -  phi=0.6160000000000002, PE=8.398910144691365e-17 after 317 steps
Step: 218 -  phi=0.6170000000000002, PE=5.970171797029879e-17 after 319 steps
Step: 219 -  phi=0.6180000000000002, PE=8.517043589923871e-17 after 331 steps
Step: 220 -  phi=0.6190000000000002, PE=8.266231138996769e-17 after 346 steps
Step: 221 -  phi=0.6200000000000002, PE=7.548095197594854e-17 after 373 steps
Step: 222 -  phi=0.6210000000000002, PE=7.274404719304392e-17 after 373 steps
Step: 223 -  phi=0.6220000000000002, PE=7.395871960249841e-17 after 329 steps
Step: 224 -  phi=0.6230000000000002, PE=9.665916045993935e-17 after 372 steps
Step: 225 -  phi=0.6240000000000002, PE=9.382996691856722e-17 after 331 steps
Step: 226 -  phi=0.6250000000000002, PE=9.10436000571496e-17 after 349 steps
Step: 227 -  phi=0.6260000000000002, PE=7.762089290945329e-17 after 361 steps
Step: 228 -  phi=0.6270000000000002, PE=9.731565638976878e-17 after 380 steps
Step: 229 -  phi=0.6280000000000002, PE=5.2803639176576517e-17 after 350 steps
Step: 230 -  phi=0.6290000000000002, PE=8.984741745761283e-17 after 361 steps
Step: 231 -  phi=0.6300000000000002, PE=9.803705223772373e-17 after 431 steps
Step: 232 -  phi=0.6310000000000002, PE=9.175956486273055e-17 after 431 steps
Step: 233 -  phi=0.6320000000000002, PE=9.361356810708787e-17 after 417 steps
Step: 234 -  phi=0.6330000000000002, PE=7.630126406789789e-17 after 360 steps
Step: 235 -  phi=0.6340000000000002, PE=8.869580063573989e-17 after 363 steps
Step: 236 -  phi=0.6350000000000002, PE=5.814303444162011e-17 after 376 steps
Step: 237 -  phi=0.6360000000000002, PE=8.007085747380433e-17 after 370 steps
Step: 238 -  phi=0.6370000000000002, PE=6.366798646742719e-17 after 361 steps
Step: 239 -  phi=0.6380000000000002, PE=9.620184580010494e-17 after 394 steps
Step: 240 -  phi=0.6390000000000002, PE=3.3100856941701275e-17 after 374 steps
Step: 241 -  phi=0.6400000000000002, PE=7.388240404601661e-17 after 504 steps
Step: 242 -  phi=0.6410000000000002, PE=8.844898261735042e-17 after 377 steps
Step: 243 -  phi=0.6420000000000002, PE=4.737121155693392e-17 after 354 steps
Step: 244 -  phi=0.6430000000000002, PE=9.454185909128062e-17 after 401 steps
Step: 245 -  phi=0.6440000000000002, PE=9.703211633255926e-17 after 394 steps
Step: 246 -  phi=0.6450000000000002, PE=9.599643337885115e-17 after 362 steps
Step: 247 -  phi=0.6460000000000002, PE=6.52735568789732e-17 after 356 steps
Step: 248 -  phi=0.6470000000000002, PE=6.382148941493152e-17 after 354 steps
Step: 249 -  phi=0.6480000000000002, PE=8.078117309267302e-17 after 385 steps
Step: 250 -  phi=0.6490000000000002, PE=8.932011228528036e-17 after 392 steps
Step: 251 -  phi=0.6500000000000002, PE=9.050459535912592e-17 after 401 steps
Step: 252 -  phi=0.6510000000000002, PE=8.592583838006496e-17 after 399 steps
Step: 253 -  phi=0.6520000000000002, PE=8.633912601136419e-17 after 371 steps
Step: 254 -  phi=0.6530000000000002, PE=9.642288531758753e-17 after 427 steps
Step: 255 -  phi=0.6540000000000002, PE=8.221367344847521e-17 after 383 steps
Step: 256 -  phi=0.6550000000000002, PE=9.621115458950916e-17 after 488 steps
Step: 257 -  phi=0.6560000000000002, PE=9.29333674836861e-17 after 421 steps
Step: 258 -  phi=0.6570000000000003, PE=9.614056175332437e-17 after 432 steps
Step: 259 -  phi=0.6580000000000003, PE=9.937019176545307e-17 after 445 steps
Step: 260 -  phi=0.6590000000000003, PE=9.769256794290184e-17 after 383 steps
Step: 261 -  phi=0.6600000000000003, PE=2.855468714994303e-17 after 387 steps
Step: 262 -  phi=0.6610000000000003, PE=9.547638615518085e-17 after 405 steps
Step: 263 -  phi=0.6620000000000003, PE=8.379323177471682e-17 after 433 steps
Step: 264 -  phi=0.6630000000000003, PE=8.79855679746605e-17 after 398 steps
Step: 265 -  phi=0.6640000000000003, PE=9.908561549251573e-17 after 498 steps
Step: 266 -  phi=0.6650000000000003, PE=8.547293581408673e-17 after 462 steps
Step: 267 -  phi=0.6660000000000003, PE=7.399927287101896e-17 after 524 steps
Step: 268 -  phi=0.6670000000000003, PE=8.380629180669103e-17 after 459 steps
Step: 269 -  phi=0.6680000000000003, PE=9.754048666771523e-17 after 508 steps
Step: 270 -  phi=0.6690000000000003, PE=7.325780954707208e-17 after 463 steps
Step: 271 -  phi=0.6700000000000003, PE=9.577039468556126e-17 after 548 steps
Step: 272 -  phi=0.6710000000000003, PE=9.03169792890092e-17 after 526 steps
Step: 273 -  phi=0.6720000000000003, PE=9.218503576463476e-17 after 491 steps
Step: 274 -  phi=0.6730000000000003, PE=9.556752912929944e-17 after 628 steps
Step: 275 -  phi=0.6740000000000003, PE=9.477161990424343e-17 after 733 steps
Step: 276 -  phi=0.6750000000000003, PE=9.992902970312553e-17 after 674 steps
Step: 277 -  phi=0.6760000000000003, PE=9.102472498867771e-17 after 550 steps
Step: 278 -  phi=0.6770000000000003, PE=9.353947237038658e-17 after 661 steps
Step: 279 -  phi=0.6780000000000003, PE=7.516790451243021e-17 after 544 steps
Step: 280 -  phi=0.6790000000000003, PE=9.387197000739213e-17 after 632 steps
Step: 281 -  phi=0.6800000000000003, PE=9.120376703010203e-17 after 552 steps
Step: 282 -  phi=0.6810000000000003, PE=9.952902005231118e-17 after 538 steps
Step: 283 -  phi=0.6820000000000003, PE=9.320544270305506e-17 after 570 steps
Step: 284 -  phi=0.6830000000000003, PE=9.231359889148126e-17 after 655 steps
Step: 285 -  phi=0.6840000000000003, PE=9.934360448738865e-17 after 670 steps
Step: 286 -  phi=0.6850000000000003, PE=9.40110855803004e-17 after 596 steps
Step: 287 -  phi=0.6860000000000003, PE=9.806173676730417e-17 after 674 steps
Step: 288 -  phi=0.6870000000000003, PE=9.628264331418646e-17 after 553 steps
Step: 289 -  phi=0.6880000000000003, PE=7.94746861249153e-17 after 576 steps
Step: 290 -  phi=0.6890000000000003, PE=9.889510054135349e-17 after 817 steps
Step: 291 -  phi=0.6900000000000003, PE=9.761013360476317e-17 after 604 steps
Step: 292 -  phi=0.6910000000000003, PE=9.564140807792485e-17 after 772 steps
Step: 293 -  phi=0.6920000000000003, PE=9.932963446235756e-17 after 825 steps
Step: 294 -  phi=0.6930000000000003, PE=9.760879694607207e-17 after 701 steps
Step: 295 -  phi=0.6940000000000003, PE=9.139570482265325e-17 after 629 steps
Step: 296 -  phi=0.6950000000000003, PE=8.371631642194141e-17 after 664 steps
Step: 297 -  phi=0.6960000000000003, PE=9.923624664091881e-17 after 917 steps
Step: 298 -  phi=0.6970000000000003, PE=9.787783135464235e-17 after 996 steps
Step: 299 -  phi=0.6980000000000003, PE=9.210342389376408e-17 after 648 steps
Step: 300 -  phi=0.6990000000000003, PE=9.40023896342485e-17 after 801 steps
Step: 301 -  phi=0.7000000000000003, PE=6.982782570961031e-17 after 713 steps
Step: 302 -  phi=0.7010000000000003, PE=8.533987286107854e-17 after 771 steps
Step: 303 -  phi=0.7020000000000003, PE=9.101063836686237e-17 after 825 steps
Step: 304 -  phi=0.7030000000000003, PE=9.568397195450088e-17 after 825 steps
Step: 305 -  phi=0.7040000000000003, PE=9.128449466952966e-17 after 743 steps
Step: 306 -  phi=0.7050000000000003, PE=9.798738405902633e-17 after 858 steps
Step: 307 -  phi=0.7060000000000003, PE=9.555427456148762e-17 after 751 steps
Step: 308 -  phi=0.7070000000000003, PE=9.471427073543896e-17 after 661 steps
Step: 309 -  phi=0.7080000000000003, PE=9.890255837010985e-17 after 756 steps
Step: 310 -  phi=0.7090000000000003, PE=9.876586191051827e-17 after 979 steps
Step: 311 -  phi=0.7100000000000003, PE=7.124848365161973e-17 after 770 steps
Step: 312 -  phi=0.7110000000000003, PE=9.53613259544666e-17 after 956 steps
Step: 313 -  phi=0.7120000000000003, PE=9.494701487513863e-17 after 741 steps
Step: 314 -  phi=0.7130000000000003, PE=9.72422541162229e-17 after 924 steps
Step: 315 -  phi=0.7140000000000003, PE=9.600399394366192e-17 after 1233 steps
Step: 316 -  phi=0.7150000000000003, PE=9.643212413735582e-17 after 1047 steps
Step: 317 -  phi=0.7160000000000003, PE=9.404690834466253e-17 after 1036 steps
Step: 318 -  phi=0.7170000000000003, PE=8.173500881303606e-17 after 813 steps
Step: 319 -  phi=0.7180000000000003, PE=9.879561351501482e-17 after 1017 steps
Step: 320 -  phi=0.7190000000000003, PE=9.954553474151371e-17 after 1063 steps
Step: 321 -  phi=0.7200000000000003, PE=9.7689860014893e-17 after 1112 steps
Step: 322 -  phi=0.7210000000000003, PE=9.756252556860553e-17 after 1181 steps
Step: 323 -  phi=0.7220000000000003, PE=9.017139008793351e-17 after 939 steps
Step: 324 -  phi=0.7230000000000003, PE=9.541414157568455e-17 after 1054 steps
Step: 325 -  phi=0.7240000000000003, PE=9.995865477120122e-17 after 1408 steps
Step: 326 -  phi=0.7250000000000003, PE=9.869899608642813e-17 after 1220 steps
Step: 327 -  phi=0.7260000000000003, PE=9.812009901031402e-17 after 1483 steps
Step: 328 -  phi=0.7270000000000003, PE=9.861784270000908e-17 after 1729 steps
Step: 329 -  phi=0.7280000000000003, PE=9.749704563730057e-17 after 1655 steps
Step: 330 -  phi=0.7290000000000003, PE=9.942829546268423e-17 after 2136 steps
Step: 331 -  phi=0.7300000000000003, PE=9.858351744766015e-17 after 2133 steps
Step: 332 -  phi=0.7310000000000003, PE=9.935464805114567e-17 after 2321 steps
Step: 333 -  phi=0.7320000000000003, PE=9.657625669273908e-17 after 1729 steps
Step: 334 -  phi=0.7330000000000003, PE=9.88195137630799e-17 after 1978 steps
Step: 335 -  phi=0.7340000000000003, PE=9.477495373248742e-17 after 1639 steps
Step: 336 -  phi=0.7350000000000003, PE=9.814054450085464e-17 after 1522 steps
Step: 337 -  phi=0.7360000000000003, PE=9.476652005259847e-17 after 1277 steps
Step: 338 -  phi=0.7370000000000003, PE=9.993481689820582e-17 after 3108 steps
Step: 339 -  phi=0.7380000000000003, PE=9.618257980686482e-17 after 1576 steps
Step: 340 -  phi=0.7390000000000003, PE=9.330081921486e-17 after 1194 steps
Step: 341 -  phi=0.7400000000000003, PE=9.968657815467093e-17 after 1513 steps
Step: 342 -  phi=0.7410000000000003, PE=9.785685184731704e-17 after 1923 steps
Step: 343 -  phi=0.7420000000000003, PE=9.711161596295535e-17 after 2711 steps
Step: 344 -  phi=0.7430000000000003, PE=9.860630359605367e-17 after 2721 steps
Step: 345 -  phi=0.7440000000000003, PE=9.861290425247482e-17 after 3080 steps
Step: 346 -  phi=0.7450000000000003, PE=9.829530118674261e-17 after 2888 steps
Step: 347 -  phi=0.7460000000000003, PE=9.861235823813648e-17 after 2971 steps
Step: 348 -  phi=0.7470000000000003, PE=9.981881499097502e-17 after 3879 steps
Step: 349 -  phi=0.7480000000000003, PE=9.853613189323329e-17 after 2799 steps
Step: 350 -  phi=0.7490000000000003, PE=9.940884332893405e-17 after 3848 steps
Step: 351 -  phi=0.7500000000000003, PE=9.98258214395265e-17 after 5704 steps
Step: 352 -  phi=0.7510000000000003, PE=9.839358321919972e-17 after 2770 steps
Step: 353 -  phi=0.7520000000000003, PE=9.989307341322051e-17 after 2864 steps
Step: 354 -  phi=0.7530000000000003, PE=9.796514684204992e-17 after 2406 steps
Step: 355 -  phi=0.7540000000000003, PE=9.950572577602894e-17 after 3557 steps
Step: 356 -  phi=0.7550000000000003, PE=9.891884204033811e-17 after 3725 steps
Step: 357 -  phi=0.7560000000000003, PE=9.862394003245166e-17 after 3435 steps
Step: 358 -  phi=0.7570000000000003, PE=9.981576733171771e-17 after 2730 steps
Step: 359 -  phi=0.7580000000000003, PE=9.924279855389993e-17 after 3613 steps
Step: 360 -  phi=0.7590000000000003, PE=9.993831171129137e-17 after 6167 steps
Step: 361 -  phi=0.7600000000000003, PE=9.995283668070396e-17 after 4404 steps
Step: 362 -  phi=0.7610000000000003, PE=9.999359069765513e-17 after 3919 steps
Step: 363 -  phi=0.7620000000000003, PE=9.957366580873383e-17 after 3846 steps
Step: 364 -  phi=0.7630000000000003, PE=9.95060486481518e-17 after 6148 steps
Step: 365 -  phi=0.7640000000000003, PE=9.889522921224291e-17 after 3654 steps
Step: 366 -  phi=0.7650000000000003, PE=9.850208956329452e-17 after 5194 steps
Step: 367 -  phi=0.7660000000000003, PE=9.996096227827075e-17 after 7047 steps
Step: 368 -  phi=0.7670000000000003, PE=9.962921363536777e-17 after 7799 steps
Step: 369 -  phi=0.7680000000000003, PE=9.79961898140674e-17 after 7197 steps
Step: 370 -  phi=0.7690000000000003, PE=9.928629755530686e-17 after 7129 steps
Step: 371 -  phi=0.7700000000000004, PE=9.998006848522366e-17 after 8682 steps
Step: 372 -  phi=0.7710000000000004, PE=9.994603378758418e-17 after 17121 steps
Step: 373 -  phi=0.7720000000000004, PE=9.891892541165917e-17 after 8468 steps
Step: 374 -  phi=0.7730000000000004, PE=9.986232371510342e-17 after 24751 steps
Step: 375 -  phi=0.7740000000000004, PE=9.92707101612386e-17 after 17533 steps
Step: 376 -  phi=0.7750000000000004, PE=9.993200587039284e-17 after 15170 steps
Step: 377 -  phi=0.7760000000000004, PE=1.3653377587234991e-09 after 132720 steps
Step: 378 -  phi=0.7755000000000003, PE=9.981713861287088e-17 after 121878 steps
Step: 379 -  phi=0.7757500000000004, PE=9.999975054295767e-17 after 120740 steps
Step: 380 -  phi=0.7758750000000003, PE=9.998700295091719e-17 after 39610 steps
Step: 381 -  phi=0.7759375000000004, PE=4.0056979052878234e-11 after 145878 steps
Step: 382 -  phi=0.7759062500000004, PE=5.578298501471365e-12 after 72338 steps
Step: 383 -  phi=0.7758906250000004, PE=1.0884910298377072e-13 after 531927 steps
Step: 384 -  phi=0.7758828125000004, PE=9.998142755611011e-17 after 37160 steps
Step: 385 -  phi=0.7758867187500004, PE=9.99944050563299e-17 after 105698 steps
Step: 386 -  phi=0.7758886718750004, PE=6.678426391531565e-15 after 1000000 steps
Step: 387 -  phi=0.7758876953125005, PE=9.999595248122257e-17 after 203036 steps
Step: 388 -  phi=0.7758881835937504, PE=3.560071079319287e-16 after 1000000 steps
Step: 389 -  phi=0.7758879394531255, PE=9.999878497362404e-17 after 205923 steps
Step: 390 -  phi=0.775888061523438, PE=9.999956104034941e-17 after 193984 steps
Step: 391 -  phi=0.7758881225585943, PE=1.2119978321365972e-16 after 1000000 steps
Step: 392 -  phi=0.7758880920410162, PE=9.999959069193091e-17 after 92331 steps
Step: 393 -  phi=0.7758881072998052, PE=9.999991918744005e-17 after 80862 steps
Step: 394 -  phi=0.7758881149291997, PE=1.0053108987537864e-16 after 1000000 steps
Step: 395 -  phi=0.7758881111145024, PE=9.99999934787171e-17 after 51181 steps
Step: 396 -  phi=0.7758881130218511, PE=9.999979013966295e-17 after 53861 steps
Step: 397 -  phi=0.7758881139755254, PE=9.999991537546472e-17 after 24125 steps
Step: 398 -  phi=0.7758881144523626, PE=9.999999017805323e-17 after 15613 steps
Step: 399 -  phi=0.7758881146907812, PE=9.999998192646218e-17 after 11972 steps
Step: 400 -  phi=0.7758881148099905, PE=1.0022345655043342e-16 after 1000000 steps
Step: 401 -  phi=0.7758881147503859, PE=1.0006981718511393e-16 after 1000000 steps
Jammed: phi = 0.775888, residual PE = 1.001e-16
