The following modules were not unloaded:
  (Use "module --force purge" to unload all):

  1) StdEnv
sys:1: RuntimeWarning: h5: callable: skipping callable field 'user_pre_step_actions' (<PjitFunction of <function _save_state_system at 0x14e587babba0>>); handle explicitly
sys:1: RuntimeWarning: h5: callable: skipping callable field 'user_post_step_actions' (<PjitFunction of <function _save_state_system at 0x14e587babba0>>); handle explicitly
/home/rg2248/analysis/summer-26/jam/thomson/jam2d-thomson.py:74: RuntimeWarning: h5: callable: skipping callable field '0' (<function fire.<locals>.init at 0x14e46d5db100>); handle explicitly
  save(system, join(data_root, 'system.h5'))
/home/rg2248/analysis/summer-26/jam/thomson/jam2d-thomson.py:74: RuntimeWarning: h5: callable: skipping callable field '1' (<function fire.<locals>.update at 0x14e46d5dafc0>); handle explicitly
  save(system, join(data_root, 'system.h5'))
Initial minimization took 0 steps.
Step: 1 -  phi=0.4, PE=0.0 after 0 steps
Step: 2 -  phi=0.401, PE=9.487573992448144e-18 after 129 steps
Step: 3 -  phi=0.402, PE=3.498380151957867e-17 after 196 steps
Step: 4 -  phi=0.403, PE=3.055730644192076e-17 after 142 steps
Step: 5 -  phi=0.404, PE=9.454586531772149e-17 after 170 steps
Step: 6 -  phi=0.405, PE=6.397925518978894e-17 after 167 steps
Step: 7 -  phi=0.406, PE=4.240030138575983e-17 after 155 steps
Step: 8 -  phi=0.40700000000000003, PE=4.2451475609923806e-17 after 148 steps
Step: 9 -  phi=0.40800000000000003, PE=0.0 after 155 steps
Step: 10 -  phi=0.40900000000000003, PE=4.388876406176269e-17 after 189 steps
Step: 11 -  phi=0.41000000000000003, PE=9.156597387780564e-17 after 159 steps
Step: 12 -  phi=0.41100000000000003, PE=4.991625035123063e-17 after 156 steps
Step: 13 -  phi=0.41200000000000003, PE=9.27592426833111e-17 after 185 steps
Step: 14 -  phi=0.41300000000000003, PE=6.840227733157787e-17 after 161 steps
Step: 15 -  phi=0.41400000000000003, PE=8.650305593310538e-17 after 185 steps
Step: 16 -  phi=0.41500000000000004, PE=0.0 after 168 steps
Step: 17 -  phi=0.41600000000000004, PE=8.486380158933522e-17 after 176 steps
Step: 18 -  phi=0.41700000000000004, PE=9.171649697907959e-17 after 233 steps
Step: 19 -  phi=0.41800000000000004, PE=0.0 after 180 steps
Step: 20 -  phi=0.41900000000000004, PE=6.930872104025089e-17 after 185 steps
Step: 21 -  phi=0.42000000000000004, PE=3.672803916763871e-17 after 182 steps
Step: 22 -  phi=0.42100000000000004, PE=9.696954067112216e-17 after 171 steps
Step: 23 -  phi=0.42200000000000004, PE=0.0 after 151 steps
Step: 24 -  phi=0.42300000000000004, PE=8.462561206829049e-17 after 170 steps
Step: 25 -  phi=0.42400000000000004, PE=0.0 after 184 steps
Step: 26 -  phi=0.42500000000000004, PE=9.272601676044092e-17 after 156 steps
Step: 27 -  phi=0.42600000000000005, PE=4.771906521659423e-17 after 159 steps
Step: 28 -  phi=0.42700000000000005, PE=5.0770355526337765e-17 after 162 steps
Step: 29 -  phi=0.42800000000000005, PE=6.03636273125151e-17 after 163 steps
Step: 30 -  phi=0.42900000000000005, PE=9.486826921085553e-17 after 151 steps
Step: 31 -  phi=0.43000000000000005, PE=1.985324571485515e-17 after 157 steps
Step: 32 -  phi=0.43100000000000005, PE=8.051424436890949e-17 after 168 steps
Step: 33 -  phi=0.43200000000000005, PE=9.11375909460814e-17 after 167 steps
Step: 34 -  phi=0.43300000000000005, PE=0.0 after 161 steps
Step: 35 -  phi=0.43400000000000005, PE=5.805051606156963e-17 after 179 steps
Step: 36 -  phi=0.43500000000000005, PE=7.42453603965121e-17 after 191 steps
Step: 37 -  phi=0.43600000000000005, PE=9.113888710031081e-17 after 213 steps
Step: 38 -  phi=0.43700000000000006, PE=0.0 after 174 steps
Step: 39 -  phi=0.43800000000000006, PE=5.67520405971411e-17 after 206 steps
Step: 40 -  phi=0.43900000000000006, PE=3.126474893778068e-17 after 208 steps
Step: 41 -  phi=0.44000000000000006, PE=9.003875094630469e-17 after 204 steps
Step: 42 -  phi=0.44100000000000006, PE=0.0 after 187 steps
Step: 43 -  phi=0.44200000000000006, PE=8.090572714584097e-17 after 185 steps
Step: 44 -  phi=0.44300000000000006, PE=4.058910461626487e-17 after 204 steps
Step: 45 -  phi=0.44400000000000006, PE=9.446816596633896e-17 after 223 steps
Step: 46 -  phi=0.44500000000000006, PE=6.942739359012692e-17 after 202 steps
Step: 47 -  phi=0.44600000000000006, PE=6.066640598575811e-17 after 200 steps
Step: 48 -  phi=0.44700000000000006, PE=3.314427822808393e-17 after 190 steps
Step: 49 -  phi=0.44800000000000006, PE=9.988728779713957e-17 after 191 steps
Step: 50 -  phi=0.44900000000000007, PE=5.909957397120122e-17 after 215 steps
Step: 51 -  phi=0.45000000000000007, PE=7.393663251263599e-19 after 195 steps
Step: 52 -  phi=0.45100000000000007, PE=8.785873091265493e-17 after 176 steps
Step: 53 -  phi=0.45200000000000007, PE=2.931662847306105e-17 after 197 steps
Step: 54 -  phi=0.45300000000000007, PE=9.285440870835562e-17 after 201 steps
Step: 55 -  phi=0.45400000000000007, PE=8.663144601634829e-17 after 238 steps
Step: 56 -  phi=0.45500000000000007, PE=6.563519139239717e-17 after 193 steps
Step: 57 -  phi=0.45600000000000007, PE=0.0 after 181 steps
Step: 58 -  phi=0.4570000000000001, PE=3.2245955430726e-17 after 162 steps
Step: 59 -  phi=0.4580000000000001, PE=3.569920388464834e-17 after 174 steps
Step: 60 -  phi=0.4590000000000001, PE=9.299938567452187e-17 after 211 steps
Step: 61 -  phi=0.4600000000000001, PE=8.370035230375439e-17 after 278 steps
Step: 62 -  phi=0.4610000000000001, PE=6.151741465370388e-17 after 211 steps
Step: 63 -  phi=0.4620000000000001, PE=7.583479657690575e-17 after 256 steps
Step: 64 -  phi=0.4630000000000001, PE=3.658058039097062e-17 after 194 steps
Step: 65 -  phi=0.4640000000000001, PE=8.871712188699955e-17 after 198 steps
Step: 66 -  phi=0.4650000000000001, PE=9.685035932032103e-17 after 195 steps
Step: 67 -  phi=0.4660000000000001, PE=8.481505793034829e-17 after 190 steps
Step: 68 -  phi=0.4670000000000001, PE=8.132794953105654e-17 after 167 steps
Step: 69 -  phi=0.4680000000000001, PE=0.0 after 165 steps
Step: 70 -  phi=0.4690000000000001, PE=2.5756402035046833e-17 after 171 steps
Step: 71 -  phi=0.4700000000000001, PE=7.799294938742575e-17 after 167 steps
Step: 72 -  phi=0.4710000000000001, PE=0.0 after 200 steps
Step: 73 -  phi=0.4720000000000001, PE=8.105486812520189e-17 after 189 steps
Step: 74 -  phi=0.4730000000000001, PE=7.357354541605131e-17 after 184 steps
Step: 75 -  phi=0.4740000000000001, PE=8.391528942039082e-17 after 163 steps
Step: 76 -  phi=0.4750000000000001, PE=1.768814931830281e-18 after 185 steps
Step: 77 -  phi=0.4760000000000001, PE=3.022285642593998e-17 after 177 steps
Step: 78 -  phi=0.4770000000000001, PE=4.0397882565657164e-17 after 172 steps
Step: 79 -  phi=0.4780000000000001, PE=0.0 after 160 steps
Step: 80 -  phi=0.4790000000000001, PE=3.816050697551328e-17 after 168 steps
Step: 81 -  phi=0.4800000000000001, PE=5.3206185878919654e-17 after 174 steps
Step: 82 -  phi=0.4810000000000001, PE=0.0 after 174 steps
Step: 83 -  phi=0.4820000000000001, PE=7.52381120858807e-17 after 198 steps
Step: 84 -  phi=0.4830000000000001, PE=4.4250185334149414e-17 after 196 steps
Step: 85 -  phi=0.4840000000000001, PE=1.881871519678512e-17 after 197 steps
Step: 86 -  phi=0.4850000000000001, PE=5.677902893128408e-17 after 214 steps
Step: 87 -  phi=0.4860000000000001, PE=9.562110336679247e-17 after 206 steps
Step: 88 -  phi=0.4870000000000001, PE=6.514392972336326e-17 after 251 steps
Step: 89 -  phi=0.4880000000000001, PE=7.266311909657154e-17 after 218 steps
Step: 90 -  phi=0.4890000000000001, PE=4.7617538269624844e-17 after 219 steps
Step: 91 -  phi=0.4900000000000001, PE=7.996089654637724e-17 after 194 steps
Step: 92 -  phi=0.4910000000000001, PE=4.69963702389588e-17 after 207 steps
Step: 93 -  phi=0.4920000000000001, PE=3.3972109776586095e-17 after 197 steps
Step: 94 -  phi=0.4930000000000001, PE=5.008724623162275e-17 after 214 steps
Step: 95 -  phi=0.4940000000000001, PE=0.0 after 191 steps
Step: 96 -  phi=0.4950000000000001, PE=7.914796026824399e-17 after 208 steps
Step: 97 -  phi=0.4960000000000001, PE=6.16313557371338e-17 after 204 steps
Step: 98 -  phi=0.4970000000000001, PE=5.1995954662165715e-17 after 184 steps
Step: 99 -  phi=0.4980000000000001, PE=8.185826379255119e-17 after 225 steps
Step: 100 -  phi=0.4990000000000001, PE=6.144045912833193e-17 after 197 steps
Step: 101 -  phi=0.5000000000000001, PE=3.164364478002915e-18 after 201 steps
Step: 102 -  phi=0.5010000000000001, PE=6.171196989528666e-17 after 196 steps
Step: 103 -  phi=0.5020000000000001, PE=8.721415006038997e-17 after 199 steps
Step: 104 -  phi=0.5030000000000001, PE=1.3108155110753358e-17 after 178 steps
Step: 105 -  phi=0.5040000000000001, PE=4.372139387211898e-17 after 201 steps
Step: 106 -  phi=0.5050000000000001, PE=0.0 after 204 steps
Step: 107 -  phi=0.5060000000000001, PE=3.808747275349604e-17 after 203 steps
Step: 108 -  phi=0.5070000000000001, PE=8.754355099362276e-17 after 191 steps
Step: 109 -  phi=0.5080000000000001, PE=6.368944098957979e-17 after 213 steps
Step: 110 -  phi=0.5090000000000001, PE=9.464724424975881e-17 after 213 steps
Step: 111 -  phi=0.5100000000000001, PE=7.196900034335614e-17 after 218 steps
Step: 112 -  phi=0.5110000000000001, PE=0.0 after 203 steps
Step: 113 -  phi=0.5120000000000001, PE=9.639494128178097e-17 after 210 steps
Step: 114 -  phi=0.5130000000000001, PE=7.994504450310905e-17 after 216 steps
Step: 115 -  phi=0.5140000000000001, PE=2.1133606347928236e-17 after 198 steps
Step: 116 -  phi=0.5150000000000001, PE=7.979122763729927e-17 after 217 steps
Step: 117 -  phi=0.5160000000000001, PE=6.838269305024616e-17 after 196 steps
Step: 118 -  phi=0.5170000000000001, PE=9.828873574068322e-17 after 220 steps
Step: 119 -  phi=0.5180000000000001, PE=9.149119222125089e-17 after 225 steps
Step: 120 -  phi=0.5190000000000001, PE=8.474489539229496e-17 after 191 steps
Step: 121 -  phi=0.5200000000000001, PE=7.802233623895994e-17 after 206 steps
Step: 122 -  phi=0.5210000000000001, PE=2.0523549095861394e-17 after 188 steps
Step: 123 -  phi=0.5220000000000001, PE=8.170574265417689e-17 after 215 steps
Step: 124 -  phi=0.5230000000000001, PE=2.9044330750791467e-17 after 204 steps
Step: 125 -  phi=0.5240000000000001, PE=9.950060562131687e-17 after 208 steps
Step: 126 -  phi=0.5250000000000001, PE=5.1183841923882246e-17 after 228 steps
Step: 127 -  phi=0.5260000000000001, PE=3.770635986051336e-18 after 246 steps
Step: 128 -  phi=0.5270000000000001, PE=8.624917350997442e-17 after 251 steps
Step: 129 -  phi=0.5280000000000001, PE=7.811290764434467e-17 after 239 steps
Step: 130 -  phi=0.5290000000000001, PE=6.957796459255502e-18 after 236 steps
Step: 131 -  phi=0.5300000000000001, PE=8.369538163478663e-17 after 260 steps
Step: 132 -  phi=0.5310000000000001, PE=5.285792511040903e-17 after 225 steps
Step: 133 -  phi=0.5320000000000001, PE=8.61348912207284e-17 after 237 steps
Step: 134 -  phi=0.5330000000000001, PE=7.655952667963828e-17 after 227 steps
Step: 135 -  phi=0.5340000000000001, PE=9.433619143387801e-17 after 244 steps
Step: 136 -  phi=0.5350000000000001, PE=7.354336886058874e-17 after 214 steps
Step: 137 -  phi=0.5360000000000001, PE=9.682300524314322e-17 after 223 steps
Step: 138 -  phi=0.5370000000000001, PE=9.969421336426507e-17 after 235 steps
Step: 139 -  phi=0.5380000000000001, PE=9.615119730609199e-17 after 249 steps
Step: 140 -  phi=0.5390000000000001, PE=5.2331269208521436e-17 after 232 steps
Step: 141 -  phi=0.5400000000000001, PE=9.340701411983203e-17 after 242 steps
Step: 142 -  phi=0.5410000000000001, PE=0.0 after 204 steps
Step: 143 -  phi=0.5420000000000001, PE=8.634781283357358e-17 after 243 steps
Step: 144 -  phi=0.5430000000000001, PE=4.79344324382567e-17 after 218 steps
Step: 145 -  phi=0.5440000000000002, PE=9.583056330300153e-17 after 254 steps
Step: 146 -  phi=0.5450000000000002, PE=8.860414880197522e-17 after 228 steps
Step: 147 -  phi=0.5460000000000002, PE=9.366450182426633e-17 after 248 steps
Step: 148 -  phi=0.5470000000000002, PE=9.592420134881273e-17 after 252 steps
Step: 149 -  phi=0.5480000000000002, PE=2.5974825229332743e-17 after 240 steps
Step: 150 -  phi=0.5490000000000002, PE=8.661438286858483e-17 after 270 steps
Step: 151 -  phi=0.5500000000000002, PE=5.800069477956101e-17 after 257 steps
Step: 152 -  phi=0.5510000000000002, PE=7.903844244716718e-17 after 233 steps
Step: 153 -  phi=0.5520000000000002, PE=3.3001641355904176e-17 after 236 steps
Step: 154 -  phi=0.5530000000000002, PE=9.176786807513406e-17 after 242 steps
Step: 155 -  phi=0.5540000000000002, PE=6.225160419693297e-17 after 213 steps
Step: 156 -  phi=0.5550000000000002, PE=3.5467434925747653e-17 after 230 steps
Step: 157 -  phi=0.5560000000000002, PE=8.705018764140718e-17 after 215 steps
Step: 158 -  phi=0.5570000000000002, PE=8.233468782338144e-17 after 243 steps
Step: 159 -  phi=0.5580000000000002, PE=7.077165213484334e-17 after 234 steps
Step: 160 -  phi=0.5590000000000002, PE=3.911002070832857e-17 after 221 steps
Step: 161 -  phi=0.5600000000000002, PE=4.2144706863973643e-17 after 221 steps
Step: 162 -  phi=0.5610000000000002, PE=8.882863647846458e-17 after 220 steps
Step: 163 -  phi=0.5620000000000002, PE=8.647304647735725e-17 after 232 steps
Step: 164 -  phi=0.5630000000000002, PE=6.388404292218352e-17 after 235 steps
Step: 165 -  phi=0.5640000000000002, PE=8.942918543690041e-17 after 222 steps
Step: 166 -  phi=0.5650000000000002, PE=5.3635252173290235e-17 after 231 steps
Step: 167 -  phi=0.5660000000000002, PE=9.471209321825694e-17 after 238 steps
Step: 168 -  phi=0.5670000000000002, PE=6.522985448911323e-17 after 234 steps
Step: 169 -  phi=0.5680000000000002, PE=9.767524452755199e-17 after 256 steps
Step: 170 -  phi=0.5690000000000002, PE=8.013818953500971e-17 after 257 steps
Step: 171 -  phi=0.5700000000000002, PE=6.152629692367724e-17 after 227 steps
Step: 172 -  phi=0.5710000000000002, PE=5.031732302576202e-18 after 250 steps
Step: 173 -  phi=0.5720000000000002, PE=8.30892884934503e-17 after 256 steps
Step: 174 -  phi=0.5730000000000002, PE=9.440577320971719e-17 after 249 steps
Step: 175 -  phi=0.5740000000000002, PE=7.183442160872621e-17 after 257 steps
Step: 176 -  phi=0.5750000000000002, PE=9.843105574891479e-17 after 273 steps
Step: 177 -  phi=0.5760000000000002, PE=9.379399824231509e-17 after 247 steps
Step: 178 -  phi=0.5770000000000002, PE=9.397052385021919e-17 after 257 steps
Step: 179 -  phi=0.5780000000000002, PE=8.310283127597157e-17 after 288 steps
Step: 180 -  phi=0.5790000000000002, PE=8.993727324132336e-17 after 278 steps
Step: 181 -  phi=0.5800000000000002, PE=8.793315508149543e-17 after 276 steps
Step: 182 -  phi=0.5810000000000002, PE=0.0 after 266 steps
Step: 183 -  phi=0.5820000000000002, PE=8.965140107300139e-17 after 308 steps
Step: 184 -  phi=0.5830000000000002, PE=7.71123152109202e-17 after 279 steps
Step: 185 -  phi=0.5840000000000002, PE=8.198673235158538e-17 after 298 steps
Step: 186 -  phi=0.5850000000000002, PE=9.339276483463068e-17 after 316 steps
Step: 187 -  phi=0.5860000000000002, PE=8.868652869309504e-17 after 326 steps
Step: 188 -  phi=0.5870000000000002, PE=9.224727270190496e-17 after 288 steps
Step: 189 -  phi=0.5880000000000002, PE=4.78917649274857e-17 after 312 steps
Step: 190 -  phi=0.5890000000000002, PE=9.77682819584768e-17 after 393 steps
Step: 191 -  phi=0.5900000000000002, PE=7.535845690663136e-17 after 332 steps
Step: 192 -  phi=0.5910000000000002, PE=9.921206833124461e-17 after 299 steps
Step: 193 -  phi=0.5920000000000002, PE=9.389947932364278e-17 after 340 steps
Step: 194 -  phi=0.5930000000000002, PE=9.664714408699322e-17 after 319 steps
Step: 195 -  phi=0.5940000000000002, PE=6.536326362886833e-17 after 285 steps
Step: 196 -  phi=0.5950000000000002, PE=9.231899824666112e-17 after 295 steps
Step: 197 -  phi=0.5960000000000002, PE=7.489427596108194e-17 after 285 steps
Step: 198 -  phi=0.5970000000000002, PE=9.835386953520506e-17 after 333 steps
Step: 199 -  phi=0.5980000000000002, PE=8.229716679326981e-17 after 276 steps
Step: 200 -  phi=0.5990000000000002, PE=8.922812013456306e-17 after 341 steps
Step: 201 -  phi=0.6000000000000002, PE=9.495832763698732e-17 after 368 steps
Step: 202 -  phi=0.6010000000000002, PE=4.569946450130909e-17 after 316 steps
Step: 203 -  phi=0.6020000000000002, PE=8.965518168251307e-17 after 354 steps
Step: 204 -  phi=0.6030000000000002, PE=2.909120854500478e-17 after 325 steps
Step: 205 -  phi=0.6040000000000002, PE=7.998468331102718e-17 after 347 steps
Step: 206 -  phi=0.6050000000000002, PE=8.737859758187636e-17 after 333 steps
Step: 207 -  phi=0.6060000000000002, PE=9.488620046599606e-17 after 346 steps
Step: 208 -  phi=0.6070000000000002, PE=9.313902402274862e-17 after 308 steps
Step: 209 -  phi=0.6080000000000002, PE=9.770003033877197e-17 after 317 steps
Step: 210 -  phi=0.6090000000000002, PE=9.41936961774137e-17 after 299 steps
Step: 211 -  phi=0.6100000000000002, PE=9.940814692900447e-17 after 300 steps
Step: 212 -  phi=0.6110000000000002, PE=6.37320984326824e-17 after 315 steps
Step: 213 -  phi=0.6120000000000002, PE=9.94905824289892e-17 after 331 steps
Step: 214 -  phi=0.6130000000000002, PE=8.609104173287473e-17 after 358 steps
Step: 215 -  phi=0.6140000000000002, PE=9.712703854111285e-17 after 321 steps
Step: 216 -  phi=0.6150000000000002, PE=6.287494604287122e-17 after 327 steps
Step: 217 -  phi=0.6160000000000002, PE=9.931582223334166e-17 after 496 steps
Step: 218 -  phi=0.6170000000000002, PE=3.8951126476705266e-17 after 335 steps
Step: 219 -  phi=0.6180000000000002, PE=8.292500938873951e-17 after 376 steps
Step: 220 -  phi=0.6190000000000002, PE=9.864132347406306e-17 after 348 steps
Step: 221 -  phi=0.6200000000000002, PE=8.633901773549864e-17 after 348 steps
Step: 222 -  phi=0.6210000000000002, PE=9.442261463959598e-17 after 346 steps
Step: 223 -  phi=0.6220000000000002, PE=5.22182169292735e-17 after 336 steps
Step: 224 -  phi=0.6230000000000002, PE=9.979535739162317e-17 after 343 steps
Step: 225 -  phi=0.6240000000000002, PE=9.815703359070764e-17 after 324 steps
Step: 226 -  phi=0.6250000000000002, PE=9.031073009139818e-17 after 355 steps
Step: 227 -  phi=0.6260000000000002, PE=9.183771693499526e-17 after 334 steps
Step: 228 -  phi=0.6270000000000002, PE=7.229862299751548e-17 after 334 steps
Step: 229 -  phi=0.6280000000000002, PE=9.749600913023729e-17 after 349 steps
Step: 230 -  phi=0.6290000000000002, PE=9.478684278043712e-17 after 455 steps
Step: 231 -  phi=0.6300000000000002, PE=7.740055291803913e-17 after 344 steps
Step: 232 -  phi=0.6310000000000002, PE=8.532971152846412e-17 after 376 steps
Step: 233 -  phi=0.6320000000000002, PE=5.015979671718002e-17 after 332 steps
Step: 234 -  phi=0.6330000000000002, PE=9.915611039871243e-17 after 358 steps
Step: 235 -  phi=0.6340000000000002, PE=9.983560615455031e-17 after 313 steps
Step: 236 -  phi=0.6350000000000002, PE=9.984751050625489e-17 after 395 steps
Step: 237 -  phi=0.6360000000000002, PE=9.775795760454594e-17 after 395 steps
Step: 238 -  phi=0.6370000000000002, PE=9.133912433486133e-17 after 385 steps
Step: 239 -  phi=0.6380000000000002, PE=9.71026073742349e-17 after 386 steps
Step: 240 -  phi=0.6390000000000002, PE=7.8631839509627e-17 after 398 steps
Step: 241 -  phi=0.6400000000000002, PE=9.44726894682582e-17 after 423 steps
Step: 242 -  phi=0.6410000000000002, PE=8.59308374005506e-17 after 403 steps
Step: 243 -  phi=0.6420000000000002, PE=7.852185656091677e-17 after 394 steps
Step: 244 -  phi=0.6430000000000002, PE=8.27674616689748e-17 after 380 steps
Step: 245 -  phi=0.6440000000000002, PE=9.763798724913903e-17 after 382 steps
Step: 246 -  phi=0.6450000000000002, PE=9.472761017639809e-17 after 404 steps
Step: 247 -  phi=0.6460000000000002, PE=6.593056309638834e-17 after 423 steps
Step: 248 -  phi=0.6470000000000002, PE=8.072884329714379e-17 after 409 steps
Step: 249 -  phi=0.6480000000000002, PE=8.226564354848658e-17 after 380 steps
Step: 250 -  phi=0.6490000000000002, PE=8.720259677707614e-17 after 379 steps
Step: 251 -  phi=0.6500000000000002, PE=9.290116981908364e-17 after 386 steps
Step: 252 -  phi=0.6510000000000002, PE=9.428006566070834e-17 after 409 steps
Step: 253 -  phi=0.6520000000000002, PE=9.185497255279854e-17 after 352 steps
Step: 254 -  phi=0.6530000000000002, PE=5.2022434779302435e-17 after 365 steps
Step: 255 -  phi=0.6540000000000002, PE=8.278493807575873e-17 after 356 steps
Step: 256 -  phi=0.6550000000000002, PE=8.29152349309572e-17 after 380 steps
Step: 257 -  phi=0.6560000000000002, PE=9.805726922371589e-17 after 391 steps
Step: 258 -  phi=0.6570000000000003, PE=9.316226462225322e-17 after 346 steps
Step: 259 -  phi=0.6580000000000003, PE=9.297009050667131e-17 after 375 steps
Step: 260 -  phi=0.6590000000000003, PE=9.092509680248066e-17 after 321 steps
Step: 261 -  phi=0.6600000000000003, PE=9.924361791573299e-17 after 362 steps
Step: 262 -  phi=0.6610000000000003, PE=8.953018105775958e-17 after 351 steps
Step: 263 -  phi=0.6620000000000003, PE=9.329833019959299e-17 after 353 steps
Step: 264 -  phi=0.6630000000000003, PE=9.053988823136103e-17 after 376 steps
Step: 265 -  phi=0.6640000000000003, PE=9.630831018520582e-17 after 349 steps
Step: 266 -  phi=0.6650000000000003, PE=9.91742513791233e-17 after 345 steps
Step: 267 -  phi=0.6660000000000003, PE=9.596283507909883e-17 after 392 steps
Step: 268 -  phi=0.6670000000000003, PE=9.764860554227663e-17 after 357 steps
Step: 269 -  phi=0.6680000000000003, PE=9.898229092329079e-17 after 372 steps
Step: 270 -  phi=0.6690000000000003, PE=9.099842083393491e-17 after 318 steps
Step: 271 -  phi=0.6700000000000003, PE=6.579303271069939e-17 after 341 steps
Step: 272 -  phi=0.6710000000000003, PE=2.2540570025243648e-17 after 328 steps
Step: 273 -  phi=0.6720000000000003, PE=8.58926137714332e-17 after 356 steps
Step: 274 -  phi=0.6730000000000003, PE=9.675620805709626e-17 after 435 steps
Step: 275 -  phi=0.6740000000000003, PE=9.03995905945951e-17 after 362 steps
Step: 276 -  phi=0.6750000000000003, PE=8.150669125986121e-17 after 339 steps
Step: 277 -  phi=0.6760000000000003, PE=7.155431141699463e-17 after 393 steps
Step: 278 -  phi=0.6770000000000003, PE=8.531541451835308e-17 after 346 steps
Step: 279 -  phi=0.6780000000000003, PE=4.9137305370571534e-17 after 372 steps
Step: 280 -  phi=0.6790000000000003, PE=9.422323510993708e-17 after 386 steps
Step: 281 -  phi=0.6800000000000003, PE=7.052608504350923e-17 after 332 steps
Step: 282 -  phi=0.6810000000000003, PE=9.849332742377008e-17 after 391 steps
Step: 283 -  phi=0.6820000000000003, PE=9.034432489059786e-17 after 346 steps
Step: 284 -  phi=0.6830000000000003, PE=9.861136299474108e-17 after 342 steps
Step: 285 -  phi=0.6840000000000003, PE=7.258597590029398e-17 after 362 steps
Step: 286 -  phi=0.6850000000000003, PE=9.943214939535393e-17 after 398 steps
Step: 287 -  phi=0.6860000000000003, PE=9.409667364819998e-17 after 393 steps
Step: 288 -  phi=0.6870000000000003, PE=8.351707800565487e-17 after 378 steps
Step: 289 -  phi=0.6880000000000003, PE=8.243137095837239e-17 after 358 steps
Step: 290 -  phi=0.6890000000000003, PE=9.689426181089659e-17 after 398 steps
Step: 291 -  phi=0.6900000000000003, PE=7.068565926865459e-17 after 372 steps
Step: 292 -  phi=0.6910000000000003, PE=9.75644710422541e-17 after 389 steps
Step: 293 -  phi=0.6920000000000003, PE=9.722728673524221e-17 after 496 steps
Step: 294 -  phi=0.6930000000000003, PE=9.446818625966168e-17 after 349 steps
Step: 295 -  phi=0.6940000000000003, PE=7.802060496088783e-17 after 386 steps
Step: 296 -  phi=0.6950000000000003, PE=7.213314508563252e-17 after 390 steps
Step: 297 -  phi=0.6960000000000003, PE=8.623619555285946e-17 after 418 steps
Step: 298 -  phi=0.6970000000000003, PE=7.444327035354468e-17 after 415 steps
Step: 299 -  phi=0.6980000000000003, PE=7.564703650963949e-17 after 457 steps
Step: 300 -  phi=0.6990000000000003, PE=6.159347523030514e-17 after 367 steps
Step: 301 -  phi=0.7000000000000003, PE=7.981800350689887e-17 after 419 steps
Step: 302 -  phi=0.7010000000000003, PE=9.443465322861569e-17 after 448 steps
Step: 303 -  phi=0.7020000000000003, PE=9.396819042506051e-17 after 420 steps
Step: 304 -  phi=0.7030000000000003, PE=9.852072226203048e-17 after 404 steps
Step: 305 -  phi=0.7040000000000003, PE=9.715473250073148e-17 after 445 steps
Step: 306 -  phi=0.7050000000000003, PE=8.778013249118557e-17 after 380 steps
Step: 307 -  phi=0.7060000000000003, PE=8.793744034040721e-17 after 389 steps
Step: 308 -  phi=0.7070000000000003, PE=6.85654236778487e-17 after 369 steps
Step: 309 -  phi=0.7080000000000003, PE=8.161379074595857e-17 after 383 steps
Step: 310 -  phi=0.7090000000000003, PE=6.761983394825329e-17 after 410 steps
Step: 311 -  phi=0.7100000000000003, PE=7.701715963940605e-17 after 481 steps
Step: 312 -  phi=0.7110000000000003, PE=9.01014571974701e-17 after 396 steps
Step: 313 -  phi=0.7120000000000003, PE=9.864099061966901e-17 after 403 steps
Step: 314 -  phi=0.7130000000000003, PE=8.851590738146833e-17 after 432 steps
Step: 315 -  phi=0.7140000000000003, PE=7.918572407432357e-17 after 415 steps
Step: 316 -  phi=0.7150000000000003, PE=6.914275668758097e-17 after 414 steps
Step: 317 -  phi=0.7160000000000003, PE=8.118077693256109e-17 after 410 steps
Step: 318 -  phi=0.7170000000000003, PE=9.14419638072219e-17 after 422 steps
Step: 319 -  phi=0.7180000000000003, PE=9.442697827016081e-17 after 513 steps
Step: 320 -  phi=0.7190000000000003, PE=9.589633295652806e-17 after 451 steps
Step: 321 -  phi=0.7200000000000003, PE=6.139678289363011e-17 after 453 steps
Step: 322 -  phi=0.7210000000000003, PE=8.856000333808832e-17 after 491 steps
Step: 323 -  phi=0.7220000000000003, PE=9.38757402037617e-17 after 422 steps
Step: 324 -  phi=0.7230000000000003, PE=9.089535107020333e-17 after 503 steps
Step: 325 -  phi=0.7240000000000003, PE=4.288466269851567e-17 after 454 steps
Step: 326 -  phi=0.7250000000000003, PE=9.135070548163819e-17 after 476 steps
Step: 327 -  phi=0.7260000000000003, PE=9.910363087339807e-17 after 448 steps
Step: 328 -  phi=0.7270000000000003, PE=8.339261417938934e-17 after 473 steps
Step: 329 -  phi=0.7280000000000003, PE=8.083468152661518e-17 after 426 steps
Step: 330 -  phi=0.7290000000000003, PE=9.233589602420559e-17 after 393 steps
Step: 331 -  phi=0.7300000000000003, PE=8.444113742200447e-17 after 463 steps
Step: 332 -  phi=0.7310000000000003, PE=7.82703385052878e-17 after 404 steps
Step: 333 -  phi=0.7320000000000003, PE=9.331725589032186e-17 after 499 steps
Step: 334 -  phi=0.7330000000000003, PE=9.175616304865461e-17 after 462 steps
Step: 335 -  phi=0.7340000000000003, PE=9.912731766203591e-17 after 476 steps
Step: 336 -  phi=0.7350000000000003, PE=9.318745470896277e-17 after 476 steps
Step: 337 -  phi=0.7360000000000003, PE=9.308691015074824e-17 after 653 steps
Step: 338 -  phi=0.7370000000000003, PE=8.157988597168341e-17 after 472 steps
Step: 339 -  phi=0.7380000000000003, PE=8.834174599438157e-17 after 476 steps
Step: 340 -  phi=0.7390000000000003, PE=9.126597131674816e-17 after 459 steps
Step: 341 -  phi=0.7400000000000003, PE=9.554556644754984e-17 after 521 steps
Step: 342 -  phi=0.7410000000000003, PE=8.025813686594511e-17 after 486 steps
Step: 343 -  phi=0.7420000000000003, PE=9.072090361776026e-17 after 516 steps
Step: 344 -  phi=0.7430000000000003, PE=8.419837460592182e-17 after 554 steps
Step: 345 -  phi=0.7440000000000003, PE=9.345425590376262e-17 after 497 steps
Step: 346 -  phi=0.7450000000000003, PE=8.924016122698647e-17 after 553 steps
Step: 347 -  phi=0.7460000000000003, PE=9.526133319796611e-17 after 525 steps
Step: 348 -  phi=0.7470000000000003, PE=9.006769908436521e-17 after 556 steps
Step: 349 -  phi=0.7480000000000003, PE=8.993159851666696e-17 after 516 steps
Step: 350 -  phi=0.7490000000000003, PE=7.749413075411366e-17 after 505 steps
Step: 351 -  phi=0.7500000000000003, PE=9.827070313473397e-17 after 502 steps
Step: 352 -  phi=0.7510000000000003, PE=9.44008522716368e-17 after 488 steps
Step: 353 -  phi=0.7520000000000003, PE=9.695073956550883e-17 after 522 steps
Step: 354 -  phi=0.7530000000000003, PE=8.247964830071681e-17 after 483 steps
Step: 355 -  phi=0.7540000000000003, PE=9.845574600768662e-17 after 589 steps
Step: 356 -  phi=0.7550000000000003, PE=8.605702563294492e-17 after 543 steps
Step: 357 -  phi=0.7560000000000003, PE=8.522107251927676e-17 after 508 steps
Step: 358 -  phi=0.7570000000000003, PE=8.902234152530574e-17 after 538 steps
Step: 359 -  phi=0.7580000000000003, PE=8.019349390605081e-17 after 487 steps
Step: 360 -  phi=0.7590000000000003, PE=9.32931901080795e-17 after 589 steps
Step: 361 -  phi=0.7600000000000003, PE=9.80024190921261e-17 after 650 steps
Step: 362 -  phi=0.7610000000000003, PE=9.740898537751003e-17 after 684 steps
Step: 363 -  phi=0.7620000000000003, PE=6.117083349244402e-17 after 543 steps
Step: 364 -  phi=0.7630000000000003, PE=9.400877252217059e-17 after 661 steps
Step: 365 -  phi=0.7640000000000003, PE=6.845880543922274e-17 after 619 steps
Step: 366 -  phi=0.7650000000000003, PE=9.269902586507258e-17 after 829 steps
Step: 367 -  phi=0.7660000000000003, PE=9.434606500679017e-17 after 651 steps
Step: 368 -  phi=0.7670000000000003, PE=9.448496775590033e-17 after 610 steps
Step: 369 -  phi=0.7680000000000003, PE=9.26630469435106e-17 after 647 steps
Step: 370 -  phi=0.7690000000000003, PE=9.03639359977794e-17 after 667 steps
Step: 371 -  phi=0.7700000000000004, PE=9.55169105078988e-17 after 725 steps
Step: 372 -  phi=0.7710000000000004, PE=8.954608307688828e-17 after 747 steps
Step: 373 -  phi=0.7720000000000004, PE=9.36865322617684e-17 after 652 steps
Step: 374 -  phi=0.7730000000000004, PE=9.378514873245194e-17 after 836 steps
Step: 375 -  phi=0.7740000000000004, PE=9.473152008684889e-17 after 705 steps
Step: 376 -  phi=0.7750000000000004, PE=9.223035793234478e-17 after 1110 steps
Step: 377 -  phi=0.7760000000000004, PE=9.451038849443889e-17 after 971 steps
Step: 378 -  phi=0.7770000000000004, PE=9.317760167259909e-17 after 805 steps
Step: 379 -  phi=0.7780000000000004, PE=6.993880508765004e-17 after 716 steps
Step: 380 -  phi=0.7790000000000004, PE=9.677548357134577e-17 after 899 steps
Step: 381 -  phi=0.7800000000000004, PE=9.508404352469812e-17 after 813 steps
Step: 382 -  phi=0.7810000000000004, PE=8.773973129805902e-17 after 778 steps
Step: 383 -  phi=0.7820000000000004, PE=9.693146550202336e-17 after 1148 steps
Step: 384 -  phi=0.7830000000000004, PE=9.54982800358458e-17 after 929 steps
Step: 385 -  phi=0.7840000000000004, PE=9.536769587175568e-17 after 916 steps
Step: 386 -  phi=0.7850000000000004, PE=9.810375319752953e-17 after 1283 steps
Step: 387 -  phi=0.7860000000000004, PE=9.548174302999647e-17 after 871 steps
Step: 388 -  phi=0.7870000000000004, PE=9.530985314418103e-17 after 966 steps
Step: 389 -  phi=0.7880000000000004, PE=9.527347857104335e-17 after 824 steps
Step: 390 -  phi=0.7890000000000004, PE=9.641165019606127e-17 after 883 steps
Step: 391 -  phi=0.7900000000000004, PE=9.288558257932356e-17 after 954 steps
Step: 392 -  phi=0.7910000000000004, PE=9.49342777793174e-17 after 937 steps
Step: 393 -  phi=0.7920000000000004, PE=9.218170117640659e-17 after 827 steps
Step: 394 -  phi=0.7930000000000004, PE=9.530252710564327e-17 after 775 steps
Step: 395 -  phi=0.7940000000000004, PE=8.190497632366582e-17 after 745 steps
Step: 396 -  phi=0.7950000000000004, PE=8.402168772450612e-17 after 1411 steps
Step: 397 -  phi=0.7960000000000004, PE=8.777788933358412e-17 after 1511 steps
Step: 398 -  phi=0.7970000000000004, PE=9.871680017648022e-17 after 1495 steps
Step: 399 -  phi=0.7980000000000004, PE=9.721301244413002e-17 after 1527 steps
Step: 400 -  phi=0.7990000000000004, PE=9.722279722599212e-17 after 1797 steps
Step: 401 -  phi=0.8000000000000004, PE=9.788875188069171e-17 after 1936 steps
Step: 402 -  phi=0.8010000000000004, PE=9.264262170263218e-17 after 1589 steps
Step: 403 -  phi=0.8020000000000004, PE=9.807228855783779e-17 after 2366 steps
Step: 404 -  phi=0.8030000000000004, PE=9.79822019458928e-17 after 2518 steps
Step: 405 -  phi=0.8040000000000004, PE=9.750565650361996e-17 after 3286 steps
Step: 406 -  phi=0.8050000000000004, PE=9.864782076138973e-17 after 4183 steps
Step: 407 -  phi=0.8060000000000004, PE=9.966250723142883e-17 after 6803 steps
Step: 408 -  phi=0.8070000000000004, PE=9.990428004022018e-17 after 7517 steps
Step: 409 -  phi=0.8080000000000004, PE=9.974673135622199e-17 after 8028 steps
Step: 410 -  phi=0.8090000000000004, PE=9.926460509530441e-17 after 7430 steps
Step: 411 -  phi=0.8100000000000004, PE=9.904089751381066e-17 after 6141 steps
Step: 412 -  phi=0.8110000000000004, PE=9.975001980267331e-17 after 18459 steps
Step: 413 -  phi=0.8120000000000004, PE=9.92552189165857e-17 after 7548 steps
Step: 414 -  phi=0.8130000000000004, PE=9.993054119166518e-17 after 5789 steps
Step: 415 -  phi=0.8140000000000004, PE=9.998197240675513e-17 after 30264 steps
Step: 416 -  phi=0.8150000000000004, PE=9.975705048156017e-17 after 18781 steps
Step: 417 -  phi=0.8160000000000004, PE=9.999004418347593e-17 after 10452 steps
Step: 418 -  phi=0.8170000000000004, PE=9.933783442700825e-17 after 9255 steps
Step: 419 -  phi=0.8180000000000004, PE=9.952492664954666e-17 after 13468 steps
Step: 420 -  phi=0.8190000000000004, PE=9.982538439290012e-17 after 12893 steps
Step: 421 -  phi=0.8200000000000004, PE=9.993524334653933e-17 after 16649 steps
Step: 422 -  phi=0.8210000000000004, PE=9.986668024260163e-17 after 12692 steps
Step: 423 -  phi=0.8220000000000004, PE=9.991837078372929e-17 after 44205 steps
Step: 424 -  phi=0.8230000000000004, PE=9.998677275374016e-17 after 16193 steps
Step: 425 -  phi=0.8240000000000004, PE=9.955196461424157e-17 after 13327 steps
Step: 426 -  phi=0.8250000000000004, PE=9.978186440235167e-17 after 43182 steps
Step: 427 -  phi=0.8260000000000004, PE=9.984189494288915e-17 after 29744 steps
Step: 428 -  phi=0.8270000000000004, PE=1.2278403025581062e-11 after 244738 steps
Step: 429 -  phi=0.8265000000000005, PE=9.996890609187755e-17 after 48923 steps
Step: 430 -  phi=0.8267500000000004, PE=9.99016586838278e-17 after 42382 steps
Step: 431 -  phi=0.8268750000000005, PE=9.996464535761169e-17 after 168378 steps
Step: 432 -  phi=0.8269375000000004, PE=9.99994106492692e-17 after 351836 steps
Step: 433 -  phi=0.8269687500000005, PE=9.998621372562998e-17 after 74638 steps
Step: 434 -  phi=0.8269843750000004, PE=9.997540989490287e-17 after 25731 steps
Step: 435 -  phi=0.8269921875000004, PE=9.998725558279779e-17 after 37849 steps
Step: 436 -  phi=0.8269960937500004, PE=9.997099099003389e-17 after 58104 steps
Step: 437 -  phi=0.8269980468750004, PE=9.999991258723567e-17 after 39266 steps
Step: 438 -  phi=0.8269990234375004, PE=9.999561878792534e-17 after 23061 steps
Step: 439 -  phi=0.8269995117187504, PE=9.999983220155488e-17 after 18973 steps
Step: 440 -  phi=0.8269997558593754, PE=9.999437726140148e-17 after 13372 steps
Step: 441 -  phi=0.8269998779296879, PE=9.997123448254242e-17 after 8105 steps
Step: 442 -  phi=0.8269999389648441, PE=9.99920914854838e-17 after 6531 steps
Step: 443 -  phi=0.8269999694824223, PE=9.997441792926391e-17 after 5106 steps
Step: 444 -  phi=0.8269999847412113, PE=9.998963478714715e-17 after 3906 steps
Step: 445 -  phi=0.8269999923706058, PE=9.999593243158263e-17 after 2824 steps
Step: 446 -  phi=0.8269999961853032, PE=9.999270768070505e-17 after 2048 steps
Step: 447 -  phi=0.8269999980926518, PE=9.999349493721748e-17 after 1478 steps
Step: 448 -  phi=0.8269999990463262, PE=9.999889526525979e-17 after 1055 steps
Step: 449 -  phi=0.8269999995231633, PE=9.999645187885423e-17 after 753 steps
Step: 450 -  phi=0.8269999997615818, PE=9.999843842527747e-17 after 536 steps
Step: 451 -  phi=0.8269999998807911, PE=9.999937455009313e-17 after 384 steps
Step: 452 -  phi=0.8269999999403957, PE=9.999956623737749e-17 after 277 steps
Jammed: phi = 0.827000, residual PE = 1.000e-16
