The following modules were not unloaded:
  (Use "module --force purge" to unload all):

  1) StdEnv
sys:1: RuntimeWarning: h5: callable: skipping callable field 'user_pre_step_actions' (<PjitFunction of <function _save_state_system at 0x1526ee54bba0>>); handle explicitly
sys:1: RuntimeWarning: h5: callable: skipping callable field 'user_post_step_actions' (<PjitFunction of <function _save_state_system at 0x1526ee54bba0>>); handle explicitly
/home/rg2248/analysis/summer-26/jam/thomson/jam2d-thomson.py:74: RuntimeWarning: h5: callable: skipping callable field '0' (<function fire.<locals>.init at 0x15257c53b100>); handle explicitly
  save(system, join(data_root, 'system.h5'))
/home/rg2248/analysis/summer-26/jam/thomson/jam2d-thomson.py:74: RuntimeWarning: h5: callable: skipping callable field '1' (<function fire.<locals>.update at 0x15257c53afc0>); handle explicitly
  save(system, join(data_root, 'system.h5'))
Initial minimization took 0 steps.
Step: 1 -  phi=0.4, PE=8.178174875464794e-17 after 0 steps
Step: 2 -  phi=0.401, PE=9.574649421630545e-18 after 96 steps
Step: 3 -  phi=0.402, PE=7.509882661317755e-17 after 199 steps
Step: 4 -  phi=0.403, PE=3.7690996246469775e-17 after 147 steps
Step: 5 -  phi=0.404, PE=0.0 after 129 steps
Step: 6 -  phi=0.405, PE=0.0 after 127 steps
Step: 7 -  phi=0.406, PE=0.0 after 136 steps
Step: 8 -  phi=0.40700000000000003, PE=0.0 after 117 steps
Step: 9 -  phi=0.40800000000000003, PE=0.0 after 126 steps
Step: 10 -  phi=0.40900000000000003, PE=0.0 after 124 steps
Step: 11 -  phi=0.41000000000000003, PE=0.0 after 123 steps
Step: 12 -  phi=0.41100000000000003, PE=4.787516627115616e-17 after 131 steps
Step: 13 -  phi=0.41200000000000003, PE=8.298798271390993e-17 after 163 steps
Step: 14 -  phi=0.41300000000000003, PE=3.3701733209008836e-17 after 118 steps
Step: 15 -  phi=0.41400000000000003, PE=6.367029190808068e-17 after 115 steps
Step: 16 -  phi=0.41500000000000004, PE=0.0 after 124 steps
Step: 17 -  phi=0.41600000000000004, PE=0.0 after 117 steps
Step: 18 -  phi=0.41700000000000004, PE=0.0 after 117 steps
Step: 19 -  phi=0.41800000000000004, PE=3.4607146183249276e-17 after 173 steps
Step: 20 -  phi=0.41900000000000004, PE=0.0 after 152 steps
Step: 21 -  phi=0.42000000000000004, PE=1.1022721195645895e-17 after 170 steps
Step: 22 -  phi=0.42100000000000004, PE=4.568536176022417e-17 after 164 steps
Step: 23 -  phi=0.42200000000000004, PE=5.698000072234712e-17 after 170 steps
Step: 24 -  phi=0.42300000000000004, PE=9.942814263908165e-17 after 166 steps
Step: 25 -  phi=0.42400000000000004, PE=0.0 after 147 steps
Step: 26 -  phi=0.42500000000000004, PE=0.0 after 150 steps
Step: 27 -  phi=0.42600000000000005, PE=0.0 after 149 steps
Step: 28 -  phi=0.42700000000000005, PE=4.412272624832317e-18 after 144 steps
Step: 29 -  phi=0.42800000000000005, PE=8.712938059247985e-17 after 155 steps
Step: 30 -  phi=0.42900000000000005, PE=5.3565815180501275e-17 after 161 steps
Step: 31 -  phi=0.43000000000000005, PE=7.8386878044477e-17 after 165 steps
Step: 32 -  phi=0.43100000000000005, PE=7.136589595459091e-17 after 143 steps
Step: 33 -  phi=0.43200000000000005, PE=9.866650602543363e-17 after 138 steps
Step: 34 -  phi=0.43300000000000005, PE=4.3510807222622614e-17 after 145 steps
Step: 35 -  phi=0.43400000000000005, PE=4.947719305137252e-17 after 162 steps
Step: 36 -  phi=0.43500000000000005, PE=9.929193710283053e-17 after 147 steps
Step: 37 -  phi=0.43600000000000005, PE=7.287969922274827e-17 after 151 steps
Step: 38 -  phi=0.43700000000000006, PE=0.0 after 157 steps
Step: 39 -  phi=0.43800000000000006, PE=9.175321408210171e-17 after 149 steps
Step: 40 -  phi=0.43900000000000006, PE=9.157783460554871e-17 after 165 steps
Step: 41 -  phi=0.44000000000000006, PE=5.488989144124802e-17 after 148 steps
Step: 42 -  phi=0.44100000000000006, PE=7.472438160782968e-17 after 141 steps
Step: 43 -  phi=0.44200000000000006, PE=2.6297146956695273e-17 after 149 steps
Step: 44 -  phi=0.44300000000000006, PE=2.115882873922798e-17 after 152 steps
Step: 45 -  phi=0.44400000000000006, PE=7.923692831629235e-17 after 148 steps
Step: 46 -  phi=0.44500000000000006, PE=3.0711728419588415e-17 after 145 steps
Step: 47 -  phi=0.44600000000000006, PE=3.312028018818765e-17 after 153 steps
Step: 48 -  phi=0.44700000000000006, PE=6.633429599820042e-17 after 145 steps
Step: 49 -  phi=0.44800000000000006, PE=2.887693695928804e-17 after 144 steps
Step: 50 -  phi=0.44900000000000007, PE=5.489018814216588e-17 after 145 steps
Step: 51 -  phi=0.45000000000000007, PE=5.885586824360415e-17 after 140 steps
Step: 52 -  phi=0.45100000000000007, PE=0.0 after 140 steps
Step: 53 -  phi=0.45200000000000007, PE=2.2981050563322357e-17 after 150 steps
Step: 54 -  phi=0.45300000000000007, PE=2.4221227902408292e-17 after 146 steps
Step: 55 -  phi=0.45400000000000007, PE=4.7024988264865735e-17 after 155 steps
Step: 56 -  phi=0.45500000000000007, PE=0.0 after 149 steps
Step: 57 -  phi=0.45600000000000007, PE=7.314303777289244e-17 after 163 steps
Step: 58 -  phi=0.4570000000000001, PE=3.534854023576972e-17 after 148 steps
Step: 59 -  phi=0.4580000000000001, PE=0.0 after 153 steps
Step: 60 -  phi=0.4590000000000001, PE=4.1879017825572436e-17 after 153 steps
Step: 61 -  phi=0.4600000000000001, PE=0.0 after 147 steps
Step: 62 -  phi=0.4610000000000001, PE=0.0 after 141 steps
Step: 63 -  phi=0.4620000000000001, PE=7.808071533344077e-17 after 191 steps
Step: 64 -  phi=0.4630000000000001, PE=9.57071453040362e-17 after 172 steps
Step: 65 -  phi=0.4640000000000001, PE=3.2033132304384734e-17 after 158 steps
Step: 66 -  phi=0.4650000000000001, PE=2.1474171185931252e-17 after 164 steps
Step: 67 -  phi=0.4660000000000001, PE=0.0 after 152 steps
Step: 68 -  phi=0.4670000000000001, PE=7.039685824658719e-17 after 179 steps
Step: 69 -  phi=0.4680000000000001, PE=8.314285938989841e-17 after 203 steps
Step: 70 -  phi=0.4690000000000001, PE=9.596391208058782e-17 after 173 steps
Step: 71 -  phi=0.4700000000000001, PE=6.355537092628372e-17 after 162 steps
Step: 72 -  phi=0.4710000000000001, PE=8.420479384430075e-17 after 178 steps
Step: 73 -  phi=0.4720000000000001, PE=5.802648454357761e-17 after 174 steps
Step: 74 -  phi=0.4730000000000001, PE=7.495005293212989e-17 after 175 steps
Step: 75 -  phi=0.4740000000000001, PE=8.38718468514846e-17 after 182 steps
Step: 76 -  phi=0.4750000000000001, PE=3.089060454093277e-17 after 174 steps
Step: 77 -  phi=0.4760000000000001, PE=5.527713706793906e-17 after 167 steps
Step: 78 -  phi=0.4770000000000001, PE=8.604893270244915e-17 after 178 steps
Step: 79 -  phi=0.4780000000000001, PE=5.4957060675903773e-17 after 165 steps
Step: 80 -  phi=0.4790000000000001, PE=4.679119753082855e-17 after 160 steps
Step: 81 -  phi=0.4800000000000001, PE=0.0 after 157 steps
Step: 82 -  phi=0.4810000000000001, PE=0.0 after 159 steps
Step: 83 -  phi=0.4820000000000001, PE=9.547883127527616e-17 after 172 steps
Step: 84 -  phi=0.4830000000000001, PE=8.492153062714336e-17 after 168 steps
Step: 85 -  phi=0.4840000000000001, PE=9.103201610581942e-17 after 189 steps
Step: 86 -  phi=0.4850000000000001, PE=0.0 after 165 steps
Step: 87 -  phi=0.4860000000000001, PE=3.104016926659588e-17 after 171 steps
Step: 88 -  phi=0.4870000000000001, PE=2.297625967668193e-17 after 163 steps
Step: 89 -  phi=0.4880000000000001, PE=0.0 after 157 steps
Step: 90 -  phi=0.4890000000000001, PE=6.636625747988447e-17 after 158 steps
Step: 91 -  phi=0.4900000000000001, PE=7.343044166910565e-17 after 175 steps
Step: 92 -  phi=0.4910000000000001, PE=7.466367541795833e-17 after 194 steps
Step: 93 -  phi=0.4920000000000001, PE=5.723271798923025e-17 after 185 steps
Step: 94 -  phi=0.4930000000000001, PE=6.7837984317074756e-18 after 185 steps
Step: 95 -  phi=0.4940000000000001, PE=6.019068607004115e-17 after 199 steps
Step: 96 -  phi=0.4950000000000001, PE=7.336831455440847e-17 after 181 steps
Step: 97 -  phi=0.4960000000000001, PE=0.0 after 169 steps
Step: 98 -  phi=0.4970000000000001, PE=0.0 after 160 steps
Step: 99 -  phi=0.4980000000000001, PE=8.672386208122506e-17 after 188 steps
Step: 100 -  phi=0.4990000000000001, PE=3.096327546643544e-17 after 200 steps
Step: 101 -  phi=0.5000000000000001, PE=0.0 after 166 steps
Step: 102 -  phi=0.5010000000000001, PE=7.978191716324954e-17 after 208 steps
Step: 103 -  phi=0.5020000000000001, PE=9.025379369406449e-17 after 178 steps
Step: 104 -  phi=0.5030000000000001, PE=7.104937486222292e-17 after 172 steps
Step: 105 -  phi=0.5040000000000001, PE=0.0 after 159 steps
Step: 106 -  phi=0.5050000000000001, PE=7.341013070922278e-17 after 183 steps
Step: 107 -  phi=0.5060000000000001, PE=7.692723228218792e-17 after 175 steps
Step: 108 -  phi=0.5070000000000001, PE=6.714661372339983e-17 after 196 steps
Step: 109 -  phi=0.5080000000000001, PE=9.48693324992523e-20 after 149 steps
Step: 110 -  phi=0.5090000000000001, PE=5.962535551644123e-17 after 180 steps
Step: 111 -  phi=0.5100000000000001, PE=9.604170909027512e-17 after 178 steps
Step: 112 -  phi=0.5110000000000001, PE=9.850623214447475e-17 after 166 steps
Step: 113 -  phi=0.5120000000000001, PE=7.499808832295106e-17 after 202 steps
Step: 114 -  phi=0.5130000000000001, PE=9.855627986253584e-17 after 267 steps
Step: 115 -  phi=0.5140000000000001, PE=1.3783537653713108e-17 after 170 steps
Step: 116 -  phi=0.5150000000000001, PE=9.428848500879898e-17 after 194 steps
Step: 117 -  phi=0.5160000000000001, PE=0.0 after 163 steps
Step: 118 -  phi=0.5170000000000001, PE=5.526859556985409e-17 after 185 steps
Step: 119 -  phi=0.5180000000000001, PE=0.0 after 168 steps
Step: 120 -  phi=0.5190000000000001, PE=0.0 after 166 steps
Step: 121 -  phi=0.5200000000000001, PE=5.781036252807285e-17 after 174 steps
Step: 122 -  phi=0.5210000000000001, PE=9.371269032365482e-17 after 164 steps
Step: 123 -  phi=0.5220000000000001, PE=8.602244748478883e-17 after 193 steps
Step: 124 -  phi=0.5230000000000001, PE=5.471912879951236e-17 after 166 steps
Step: 125 -  phi=0.5240000000000001, PE=9.30431075006014e-18 after 155 steps
Step: 126 -  phi=0.5250000000000001, PE=9.418592361462623e-17 after 179 steps
Step: 127 -  phi=0.5260000000000001, PE=7.832377397050694e-17 after 198 steps
Step: 128 -  phi=0.5270000000000001, PE=0.0 after 163 steps
Step: 129 -  phi=0.5280000000000001, PE=6.70423101504961e-17 after 183 steps
Step: 130 -  phi=0.5290000000000001, PE=5.755319466534728e-17 after 181 steps
Step: 131 -  phi=0.5300000000000001, PE=8.002369845929598e-17 after 187 steps
Step: 132 -  phi=0.5310000000000001, PE=0.0 after 185 steps
Step: 133 -  phi=0.5320000000000001, PE=2.2890971353730524e-17 after 170 steps
Step: 134 -  phi=0.5330000000000001, PE=5.991519798450609e-17 after 172 steps
Step: 135 -  phi=0.5340000000000001, PE=9.851957958514485e-17 after 203 steps
Step: 136 -  phi=0.5350000000000001, PE=0.0 after 167 steps
Step: 137 -  phi=0.5360000000000001, PE=0.0 after 165 steps
Step: 138 -  phi=0.5370000000000001, PE=9.986047858963919e-17 after 176 steps
Step: 139 -  phi=0.5380000000000001, PE=2.9949407848905155e-17 after 173 steps
Step: 140 -  phi=0.5390000000000001, PE=3.4020511616762566e-18 after 154 steps
Step: 141 -  phi=0.5400000000000001, PE=0.0 after 172 steps
Step: 142 -  phi=0.5410000000000001, PE=9.649459628749216e-17 after 181 steps
Step: 143 -  phi=0.5420000000000001, PE=3.973145941347064e-17 after 168 steps
Step: 144 -  phi=0.5430000000000001, PE=5.185487283950914e-17 after 186 steps
Step: 145 -  phi=0.5440000000000002, PE=1.9621531145076866e-17 after 179 steps
Step: 146 -  phi=0.5450000000000002, PE=2.6349696333714294e-17 after 195 steps
Step: 147 -  phi=0.5460000000000002, PE=7.844905894639578e-17 after 166 steps
Step: 148 -  phi=0.5470000000000002, PE=9.283291486758896e-17 after 183 steps
Step: 149 -  phi=0.5480000000000002, PE=5.0009962405698845e-17 after 181 steps
Step: 150 -  phi=0.5490000000000002, PE=5.718710749471802e-17 after 176 steps
Step: 151 -  phi=0.5500000000000002, PE=9.235682074871985e-17 after 174 steps
Step: 152 -  phi=0.5510000000000002, PE=5.985110126171878e-17 after 177 steps
Step: 153 -  phi=0.5520000000000002, PE=0.0 after 175 steps
Step: 154 -  phi=0.5530000000000002, PE=1.8994421182772877e-17 after 171 steps
Step: 155 -  phi=0.5540000000000002, PE=0.0 after 172 steps
Step: 156 -  phi=0.5550000000000002, PE=9.59808890665537e-17 after 203 steps
Step: 157 -  phi=0.5560000000000002, PE=8.196700475336286e-17 after 194 steps
Step: 158 -  phi=0.5570000000000002, PE=8.825366637006714e-17 after 216 steps
Step: 159 -  phi=0.5580000000000002, PE=7.281780931051314e-17 after 205 steps
Step: 160 -  phi=0.5590000000000002, PE=0.0 after 203 steps
Step: 161 -  phi=0.5600000000000002, PE=0.0 after 212 steps
Step: 162 -  phi=0.5610000000000002, PE=6.72982049375891e-17 after 204 steps
Step: 163 -  phi=0.5620000000000002, PE=3.181472950520192e-17 after 199 steps
Step: 164 -  phi=0.5630000000000002, PE=7.309871345037354e-17 after 209 steps
Step: 165 -  phi=0.5640000000000002, PE=9.832371614667474e-17 after 204 steps
Step: 166 -  phi=0.5650000000000002, PE=9.302996331910261e-17 after 222 steps
Step: 167 -  phi=0.5660000000000002, PE=7.504435374148378e-17 after 210 steps
Step: 168 -  phi=0.5670000000000002, PE=9.044527700899755e-17 after 216 steps
Step: 169 -  phi=0.5680000000000002, PE=9.54240734923253e-17 after 241 steps
Step: 170 -  phi=0.5690000000000002, PE=8.566822809385594e-17 after 227 steps
Step: 171 -  phi=0.5700000000000002, PE=0.0 after 192 steps
Step: 172 -  phi=0.5710000000000002, PE=7.43915248251546e-17 after 215 steps
Step: 173 -  phi=0.5720000000000002, PE=9.783372754007813e-17 after 216 steps
Step: 174 -  phi=0.5730000000000002, PE=9.272914906196603e-17 after 207 steps
Step: 175 -  phi=0.5740000000000002, PE=8.355520175525091e-17 after 199 steps
Step: 176 -  phi=0.5750000000000002, PE=6.142589714234603e-17 after 219 steps
Step: 177 -  phi=0.5760000000000002, PE=9.063333355482044e-17 after 220 steps
Step: 178 -  phi=0.5770000000000002, PE=9.717803164362191e-17 after 221 steps
Step: 179 -  phi=0.5780000000000002, PE=8.225000230274585e-17 after 198 steps
Step: 180 -  phi=0.5790000000000002, PE=7.811537451764064e-17 after 213 steps
Step: 181 -  phi=0.5800000000000002, PE=5.367878337863425e-17 after 198 steps
Step: 182 -  phi=0.5810000000000002, PE=8.048076238855259e-17 after 199 steps
Step: 183 -  phi=0.5820000000000002, PE=9.228980637992082e-17 after 233 steps
Step: 184 -  phi=0.5830000000000002, PE=7.560999001375444e-17 after 215 steps
Step: 185 -  phi=0.5840000000000002, PE=6.695676679012183e-17 after 218 steps
Step: 186 -  phi=0.5850000000000002, PE=2.7463414640379607e-19 after 190 steps
Step: 187 -  phi=0.5860000000000002, PE=8.251269407192126e-17 after 193 steps
Step: 188 -  phi=0.5870000000000002, PE=9.001533973317982e-17 after 213 steps
Step: 189 -  phi=0.5880000000000002, PE=8.629402214143692e-17 after 229 steps
Step: 190 -  phi=0.5890000000000002, PE=7.776446915727254e-17 after 203 steps
Step: 191 -  phi=0.5900000000000002, PE=1.8172961365394075e-17 after 210 steps
Step: 192 -  phi=0.5910000000000002, PE=0.0 after 209 steps
Step: 193 -  phi=0.5920000000000002, PE=5.474782557411893e-17 after 190 steps
Step: 194 -  phi=0.5930000000000002, PE=9.212076747282795e-18 after 198 steps
Step: 195 -  phi=0.5940000000000002, PE=9.129116190969913e-17 after 196 steps
Step: 196 -  phi=0.5950000000000002, PE=8.003655091275249e-17 after 210 steps
Step: 197 -  phi=0.5960000000000002, PE=5.97956836584669e-17 after 203 steps
Step: 198 -  phi=0.5970000000000002, PE=9.351777621388575e-17 after 246 steps
Step: 199 -  phi=0.5980000000000002, PE=9.398740286340233e-17 after 206 steps
Step: 200 -  phi=0.5990000000000002, PE=8.767889363130119e-17 after 219 steps
Step: 201 -  phi=0.6000000000000002, PE=5.741200808730878e-17 after 211 steps
Step: 202 -  phi=0.6010000000000002, PE=8.474868701142245e-17 after 204 steps
Step: 203 -  phi=0.6020000000000002, PE=9.56982425248832e-17 after 216 steps
Step: 204 -  phi=0.6030000000000002, PE=9.265643949216836e-17 after 212 steps
Step: 205 -  phi=0.6040000000000002, PE=7.592399530594416e-17 after 224 steps
Step: 206 -  phi=0.6050000000000002, PE=8.893054988672852e-17 after 214 steps
Step: 207 -  phi=0.6060000000000002, PE=5.643363980006454e-17 after 214 steps
Step: 208 -  phi=0.6070000000000002, PE=7.422767052331079e-17 after 212 steps
Step: 209 -  phi=0.6080000000000002, PE=9.59710829496021e-17 after 211 steps
Step: 210 -  phi=0.6090000000000002, PE=5.492379864638635e-17 after 194 steps
Step: 211 -  phi=0.6100000000000002, PE=5.884764716500773e-17 after 215 steps
Step: 212 -  phi=0.6110000000000002, PE=6.979422099391053e-17 after 212 steps
Step: 213 -  phi=0.6120000000000002, PE=9.79577515920472e-17 after 220 steps
Step: 214 -  phi=0.6130000000000002, PE=4.239990250641301e-17 after 228 steps
Step: 215 -  phi=0.6140000000000002, PE=4.231663157127724e-18 after 213 steps
Step: 216 -  phi=0.6150000000000002, PE=0.0 after 206 steps
Step: 217 -  phi=0.6160000000000002, PE=9.138411267037383e-17 after 231 steps
Step: 218 -  phi=0.6170000000000002, PE=7.794884200325864e-17 after 204 steps
Step: 219 -  phi=0.6180000000000002, PE=6.384953778651778e-17 after 195 steps
Step: 220 -  phi=0.6190000000000002, PE=0.0 after 210 steps
Step: 221 -  phi=0.6200000000000002, PE=8.616552004801119e-17 after 246 steps
Step: 222 -  phi=0.6210000000000002, PE=2.7311918276144317e-17 after 198 steps
Step: 223 -  phi=0.6220000000000002, PE=1.0171052943356023e-17 after 218 steps
Step: 224 -  phi=0.6230000000000002, PE=0.0 after 183 steps
Step: 225 -  phi=0.6240000000000002, PE=6.407904418822374e-17 after 190 steps
Step: 226 -  phi=0.6250000000000002, PE=3.065883479925514e-17 after 210 steps
Step: 227 -  phi=0.6260000000000002, PE=4.444005343585951e-17 after 209 steps
Step: 228 -  phi=0.6270000000000002, PE=0.0 after 207 steps
Step: 229 -  phi=0.6280000000000002, PE=6.618676604566157e-17 after 209 steps
Step: 230 -  phi=0.6290000000000002, PE=8.403276749867575e-17 after 212 steps
Step: 231 -  phi=0.6300000000000002, PE=9.407158667059027e-17 after 217 steps
Step: 232 -  phi=0.6310000000000002, PE=6.932409218566575e-17 after 222 steps
Step: 233 -  phi=0.6320000000000002, PE=8.880195056738701e-17 after 182 steps
Step: 234 -  phi=0.6330000000000002, PE=3.41159693572816e-17 after 195 steps
Step: 235 -  phi=0.6340000000000002, PE=0.0 after 210 steps
Step: 236 -  phi=0.6350000000000002, PE=4.504453666151265e-17 after 216 steps
Step: 237 -  phi=0.6360000000000002, PE=8.450585833753695e-17 after 194 steps
Step: 238 -  phi=0.6370000000000002, PE=9.207719601186632e-17 after 227 steps
Step: 239 -  phi=0.6380000000000002, PE=6.037734221331549e-17 after 216 steps
Step: 240 -  phi=0.6390000000000002, PE=7.095727657503355e-17 after 215 steps
Step: 241 -  phi=0.6400000000000002, PE=0.0 after 201 steps
Step: 242 -  phi=0.6410000000000002, PE=8.868332575577793e-17 after 211 steps
Step: 243 -  phi=0.6420000000000002, PE=0.0 after 207 steps
Step: 244 -  phi=0.6430000000000002, PE=9.074962234316617e-17 after 221 steps
Step: 245 -  phi=0.6440000000000002, PE=1.2529733465470608e-17 after 212 steps
Step: 246 -  phi=0.6450000000000002, PE=8.7443652437771e-17 after 231 steps
Step: 247 -  phi=0.6460000000000002, PE=2.9525942131237275e-17 after 203 steps
Step: 248 -  phi=0.6470000000000002, PE=6.129090709725732e-17 after 228 steps
Step: 249 -  phi=0.6480000000000002, PE=9.105220318258667e-17 after 228 steps
Step: 250 -  phi=0.6490000000000002, PE=9.470224124903734e-17 after 223 steps
Step: 251 -  phi=0.6500000000000002, PE=2.6474588923008864e-17 after 222 steps
Step: 252 -  phi=0.6510000000000002, PE=7.443556891894458e-17 after 262 steps
Step: 253 -  phi=0.6520000000000002, PE=9.742210673241025e-17 after 249 steps
Step: 254 -  phi=0.6530000000000002, PE=0.0 after 207 steps
Step: 255 -  phi=0.6540000000000002, PE=6.91215184232661e-17 after 236 steps
Step: 256 -  phi=0.6550000000000002, PE=0.0 after 238 steps
Step: 257 -  phi=0.6560000000000002, PE=7.387433144899381e-17 after 242 steps
Step: 258 -  phi=0.6570000000000003, PE=3.9571050894772776e-17 after 210 steps
Step: 259 -  phi=0.6580000000000003, PE=5.232113795981135e-17 after 256 steps
Step: 260 -  phi=0.6590000000000003, PE=9.380937956184629e-17 after 248 steps
Step: 261 -  phi=0.6600000000000003, PE=6.339979953468783e-17 after 233 steps
Step: 262 -  phi=0.6610000000000003, PE=9.895676647213877e-17 after 277 steps
Step: 263 -  phi=0.6620000000000003, PE=8.962166323765946e-17 after 258 steps
Step: 264 -  phi=0.6630000000000003, PE=7.011421779291538e-17 after 260 steps
Step: 265 -  phi=0.6640000000000003, PE=6.413854912061018e-17 after 234 steps
Step: 266 -  phi=0.6650000000000003, PE=9.578948619788469e-17 after 232 steps
Step: 267 -  phi=0.6660000000000003, PE=7.954156028927682e-17 after 219 steps
Step: 268 -  phi=0.6670000000000003, PE=7.531437715027219e-17 after 259 steps
Step: 269 -  phi=0.6680000000000003, PE=9.165319156322468e-17 after 245 steps
Step: 270 -  phi=0.6690000000000003, PE=5.208892968975177e-17 after 235 steps
Step: 271 -  phi=0.6700000000000003, PE=8.756786677953069e-17 after 254 steps
Step: 272 -  phi=0.6710000000000003, PE=7.412078056632024e-17 after 230 steps
Step: 273 -  phi=0.6720000000000003, PE=9.958008129662113e-17 after 271 steps
Step: 274 -  phi=0.6730000000000003, PE=9.919943024356072e-17 after 293 steps
Step: 275 -  phi=0.6740000000000003, PE=0.0 after 242 steps
Step: 276 -  phi=0.6750000000000003, PE=3.325142816115412e-17 after 236 steps
Step: 277 -  phi=0.6760000000000003, PE=6.597798524725771e-17 after 273 steps
Step: 278 -  phi=0.6770000000000003, PE=1.773230702397056e-17 after 237 steps
Step: 279 -  phi=0.6780000000000003, PE=4.284834997808484e-17 after 266 steps
Step: 280 -  phi=0.6790000000000003, PE=0.0 after 248 steps
Step: 281 -  phi=0.6800000000000003, PE=9.094751656498211e-17 after 284 steps
Step: 282 -  phi=0.6810000000000003, PE=9.998866306391818e-17 after 269 steps
Step: 283 -  phi=0.6820000000000003, PE=9.485009246806208e-17 after 277 steps
Step: 284 -  phi=0.6830000000000003, PE=9.470447539609988e-17 after 294 steps
Step: 285 -  phi=0.6840000000000003, PE=8.603397988256883e-17 after 312 steps
Step: 286 -  phi=0.6850000000000003, PE=7.412378772591695e-17 after 303 steps
Step: 287 -  phi=0.6860000000000003, PE=9.953950545405164e-17 after 305 steps
Step: 288 -  phi=0.6870000000000003, PE=8.338631214331673e-17 after 305 steps
Step: 289 -  phi=0.6880000000000003, PE=8.475455014416797e-17 after 320 steps
Step: 290 -  phi=0.6890000000000003, PE=9.642297180099106e-17 after 324 steps
Step: 291 -  phi=0.6900000000000003, PE=8.726379393408647e-17 after 314 steps
Step: 292 -  phi=0.6910000000000003, PE=9.843726589254892e-17 after 335 steps
Step: 293 -  phi=0.6920000000000003, PE=5.765364788642401e-17 after 294 steps
Step: 294 -  phi=0.6930000000000003, PE=8.695369646034325e-17 after 323 steps
Step: 295 -  phi=0.6940000000000003, PE=9.862223326240526e-17 after 305 steps
Step: 296 -  phi=0.6950000000000003, PE=7.678899059077864e-17 after 301 steps
Step: 297 -  phi=0.6960000000000003, PE=9.570600859895265e-17 after 283 steps
Step: 298 -  phi=0.6970000000000003, PE=6.156182471218835e-17 after 310 steps
Step: 299 -  phi=0.6980000000000003, PE=8.121405816832254e-17 after 320 steps
Step: 300 -  phi=0.6990000000000003, PE=9.812291926524583e-17 after 325 steps
Step: 301 -  phi=0.7000000000000003, PE=8.7359332672178e-17 after 305 steps
Step: 302 -  phi=0.7010000000000003, PE=8.886640701405428e-17 after 277 steps
Step: 303 -  phi=0.7020000000000003, PE=1.864677802588042e-17 after 306 steps
Step: 304 -  phi=0.7030000000000003, PE=7.664715811101355e-17 after 308 steps
Step: 305 -  phi=0.7040000000000003, PE=8.396732240316707e-17 after 377 steps
Step: 306 -  phi=0.7050000000000003, PE=9.952338594681003e-17 after 292 steps
Step: 307 -  phi=0.7060000000000003, PE=2.7597608458880916e-17 after 287 steps
Step: 308 -  phi=0.7070000000000003, PE=8.756365852405696e-17 after 302 steps
Step: 309 -  phi=0.7080000000000003, PE=7.38107514729307e-17 after 306 steps
Step: 310 -  phi=0.7090000000000003, PE=8.619111077835167e-17 after 320 steps
Step: 311 -  phi=0.7100000000000003, PE=9.330458829062455e-17 after 312 steps
Step: 312 -  phi=0.7110000000000003, PE=9.392167425999132e-17 after 322 steps
Step: 313 -  phi=0.7120000000000003, PE=9.616311356098401e-17 after 288 steps
Step: 314 -  phi=0.7130000000000003, PE=9.305920471700833e-17 after 322 steps
Step: 315 -  phi=0.7140000000000003, PE=9.949606723786371e-17 after 320 steps
Step: 316 -  phi=0.7150000000000003, PE=8.738850742311913e-17 after 319 steps
Step: 317 -  phi=0.7160000000000003, PE=8.493090863968375e-17 after 312 steps
Step: 318 -  phi=0.7170000000000003, PE=9.355573508416585e-17 after 333 steps
Step: 319 -  phi=0.7180000000000003, PE=7.921814812980481e-17 after 305 steps
Step: 320 -  phi=0.7190000000000003, PE=8.952270381222974e-17 after 310 steps
Step: 321 -  phi=0.7200000000000003, PE=8.483074443688458e-17 after 321 steps
Step: 322 -  phi=0.7210000000000003, PE=6.221464005118229e-17 after 322 steps
Step: 323 -  phi=0.7220000000000003, PE=9.066830494920273e-17 after 314 steps
Step: 324 -  phi=0.7230000000000003, PE=5.002099335208727e-18 after 321 steps
Step: 325 -  phi=0.7240000000000003, PE=7.596341327396125e-17 after 322 steps
Step: 326 -  phi=0.7250000000000003, PE=4.5140385438749863e-17 after 319 steps
Step: 327 -  phi=0.7260000000000003, PE=8.675996943217195e-17 after 326 steps
Step: 328 -  phi=0.7270000000000003, PE=8.674467015950875e-17 after 330 steps
Step: 329 -  phi=0.7280000000000003, PE=8.119269162504843e-17 after 337 steps
Step: 330 -  phi=0.7290000000000003, PE=9.54194227219207e-17 after 351 steps
Step: 331 -  phi=0.7300000000000003, PE=9.804605432448563e-17 after 335 steps
Step: 332 -  phi=0.7310000000000003, PE=6.704585693852542e-17 after 338 steps
Step: 333 -  phi=0.7320000000000003, PE=8.925599991684219e-17 after 311 steps
Step: 334 -  phi=0.7330000000000003, PE=9.805554960408428e-17 after 325 steps
Step: 335 -  phi=0.7340000000000003, PE=7.863736552703768e-17 after 322 steps
Step: 336 -  phi=0.7350000000000003, PE=9.999420059395464e-17 after 332 steps
Step: 337 -  phi=0.7360000000000003, PE=5.131566644420018e-17 after 289 steps
Step: 338 -  phi=0.7370000000000003, PE=7.749916798711464e-17 after 302 steps
Step: 339 -  phi=0.7380000000000003, PE=9.295395986634827e-17 after 294 steps
Step: 340 -  phi=0.7390000000000003, PE=9.119292925281951e-17 after 321 steps
Step: 341 -  phi=0.7400000000000003, PE=7.723137663898239e-17 after 314 steps
Step: 342 -  phi=0.7410000000000003, PE=8.510552102244334e-17 after 328 steps
Step: 343 -  phi=0.7420000000000003, PE=7.050503313873963e-17 after 308 steps
Step: 344 -  phi=0.7430000000000003, PE=9.228353122898508e-17 after 333 steps
Step: 345 -  phi=0.7440000000000003, PE=8.631494259041902e-17 after 330 steps
Step: 346 -  phi=0.7450000000000003, PE=6.615667830749336e-17 after 330 steps
Step: 347 -  phi=0.7460000000000003, PE=8.988506243260873e-17 after 300 steps
Step: 348 -  phi=0.7470000000000003, PE=7.927008218254335e-17 after 323 steps
Step: 349 -  phi=0.7480000000000003, PE=5.234853166221997e-17 after 305 steps
Step: 350 -  phi=0.7490000000000003, PE=9.779508638690208e-17 after 324 steps
Step: 351 -  phi=0.7500000000000003, PE=7.441278034056278e-17 after 338 steps
Step: 352 -  phi=0.7510000000000003, PE=8.50519769864686e-17 after 341 steps
Step: 353 -  phi=0.7520000000000003, PE=9.969017588331168e-17 after 310 steps
Step: 354 -  phi=0.7530000000000003, PE=9.686139079746722e-17 after 298 steps
Step: 355 -  phi=0.7540000000000003, PE=8.093806627047755e-17 after 327 steps
Step: 356 -  phi=0.7550000000000003, PE=8.649030634370639e-17 after 330 steps
Step: 357 -  phi=0.7560000000000003, PE=9.097328502560512e-17 after 324 steps
Step: 358 -  phi=0.7570000000000003, PE=7.814801137529246e-17 after 337 steps
Step: 359 -  phi=0.7580000000000003, PE=7.906204303265524e-17 after 353 steps
Step: 360 -  phi=0.7590000000000003, PE=8.70334762808255e-17 after 337 steps
Step: 361 -  phi=0.7600000000000003, PE=7.817462785963273e-17 after 333 steps
Step: 362 -  phi=0.7610000000000003, PE=9.168231691721364e-17 after 329 steps
Step: 363 -  phi=0.7620000000000003, PE=9.762793821944278e-17 after 359 steps
Step: 364 -  phi=0.7630000000000003, PE=8.324416887945379e-17 after 369 steps
Step: 365 -  phi=0.7640000000000003, PE=7.185339320239277e-17 after 343 steps
Step: 366 -  phi=0.7650000000000003, PE=9.751928370584228e-17 after 348 steps
Step: 367 -  phi=0.7660000000000003, PE=6.683506380377034e-17 after 338 steps
Step: 368 -  phi=0.7670000000000003, PE=8.987127613738637e-17 after 323 steps
Step: 369 -  phi=0.7680000000000003, PE=9.418831476694721e-17 after 377 steps
Step: 370 -  phi=0.7690000000000003, PE=9.626893369720965e-17 after 355 steps
Step: 371 -  phi=0.7700000000000004, PE=8.963505591486734e-17 after 390 steps
Step: 372 -  phi=0.7710000000000004, PE=9.891783520976169e-17 after 339 steps
Step: 373 -  phi=0.7720000000000004, PE=8.587753095862407e-17 after 356 steps
Step: 374 -  phi=0.7730000000000004, PE=8.508833417773404e-17 after 337 steps
Step: 375 -  phi=0.7740000000000004, PE=8.611516079332292e-17 after 349 steps
Step: 376 -  phi=0.7750000000000004, PE=6.711851155453258e-17 after 390 steps
Step: 377 -  phi=0.7760000000000004, PE=8.208614355572277e-17 after 360 steps
Step: 378 -  phi=0.7770000000000004, PE=9.96729022474078e-17 after 414 steps
Step: 379 -  phi=0.7780000000000004, PE=9.75402268535508e-17 after 417 steps
Step: 380 -  phi=0.7790000000000004, PE=8.778344772439476e-17 after 369 steps
Step: 381 -  phi=0.7800000000000004, PE=8.198646023384286e-17 after 347 steps
Step: 382 -  phi=0.7810000000000004, PE=8.989649487144567e-17 after 474 steps
Step: 383 -  phi=0.7820000000000004, PE=9.643904666559173e-17 after 379 steps
Step: 384 -  phi=0.7830000000000004, PE=9.666874041997969e-17 after 364 steps
Step: 385 -  phi=0.7840000000000004, PE=9.729169535958727e-17 after 340 steps
Step: 386 -  phi=0.7850000000000004, PE=9.899442778246313e-17 after 366 steps
Step: 387 -  phi=0.7860000000000004, PE=8.877385323179183e-17 after 395 steps
Step: 388 -  phi=0.7870000000000004, PE=9.784799273427708e-17 after 379 steps
Step: 389 -  phi=0.7880000000000004, PE=9.684024063741738e-17 after 440 steps
Step: 390 -  phi=0.7890000000000004, PE=8.377439267670979e-17 after 461 steps
Step: 391 -  phi=0.7900000000000004, PE=9.093028200533776e-17 after 382 steps
Step: 392 -  phi=0.7910000000000004, PE=9.462746319541348e-17 after 409 steps
Step: 393 -  phi=0.7920000000000004, PE=8.830823854856072e-17 after 425 steps
Step: 394 -  phi=0.7930000000000004, PE=7.563116417065402e-17 after 466 steps
Step: 395 -  phi=0.7940000000000004, PE=9.445971906516099e-17 after 453 steps
Step: 396 -  phi=0.7950000000000004, PE=7.621171237425069e-17 after 489 steps
Step: 397 -  phi=0.7960000000000004, PE=8.6501769514816e-17 after 488 steps
Step: 398 -  phi=0.7970000000000004, PE=8.842591702685207e-17 after 488 steps
Step: 399 -  phi=0.7980000000000004, PE=9.639296350513591e-17 after 482 steps
Step: 400 -  phi=0.7990000000000004, PE=9.725488410356861e-17 after 597 steps
Step: 401 -  phi=0.8000000000000004, PE=9.562933424928598e-17 after 463 steps
Step: 402 -  phi=0.8010000000000004, PE=5.895177511326566e-17 after 479 steps
Step: 403 -  phi=0.8020000000000004, PE=7.420308076343704e-17 after 458 steps
Step: 404 -  phi=0.8030000000000004, PE=8.265983123808306e-17 after 475 steps
Step: 405 -  phi=0.8040000000000004, PE=9.795385355913028e-17 after 477 steps
Step: 406 -  phi=0.8050000000000004, PE=9.970607799417006e-17 after 486 steps
Step: 407 -  phi=0.8060000000000004, PE=8.818901917363651e-17 after 537 steps
Step: 408 -  phi=0.8070000000000004, PE=6.998063094905971e-17 after 426 steps
Step: 409 -  phi=0.8080000000000004, PE=9.163256696443612e-17 after 539 steps
Step: 410 -  phi=0.8090000000000004, PE=8.973087769504461e-17 after 474 steps
Step: 411 -  phi=0.8100000000000004, PE=9.937074873649126e-17 after 568 steps
Step: 412 -  phi=0.8110000000000004, PE=9.645452329698956e-17 after 480 steps
Step: 413 -  phi=0.8120000000000004, PE=8.74913485599697e-17 after 527 steps
Step: 414 -  phi=0.8130000000000004, PE=8.901787023180789e-17 after 577 steps
Step: 415 -  phi=0.8140000000000004, PE=9.535068489101104e-17 after 502 steps
Step: 416 -  phi=0.8150000000000004, PE=9.897343084632883e-17 after 520 steps
Step: 417 -  phi=0.8160000000000004, PE=9.11366169690816e-17 after 526 steps
Step: 418 -  phi=0.8170000000000004, PE=7.377981565649789e-17 after 508 steps
Step: 419 -  phi=0.8180000000000004, PE=8.878716432682184e-17 after 560 steps
Step: 420 -  phi=0.8190000000000004, PE=9.94198565392526e-17 after 568 steps
Step: 421 -  phi=0.8200000000000004, PE=9.500682087103782e-17 after 549 steps
Step: 422 -  phi=0.8210000000000004, PE=8.607710430007329e-17 after 495 steps
Step: 423 -  phi=0.8220000000000004, PE=9.376806043303687e-17 after 528 steps
Step: 424 -  phi=0.8230000000000004, PE=9.159559754223183e-17 after 529 steps
Step: 425 -  phi=0.8240000000000004, PE=8.47196257773632e-17 after 545 steps
Step: 426 -  phi=0.8250000000000004, PE=8.770688162871176e-17 after 670 steps
Step: 427 -  phi=0.8260000000000004, PE=9.783749268436079e-17 after 538 steps
Step: 428 -  phi=0.8270000000000004, PE=9.977678820326074e-17 after 614 steps
Step: 429 -  phi=0.8280000000000004, PE=9.23358321217625e-17 after 628 steps
Step: 430 -  phi=0.8290000000000004, PE=9.547185691465757e-17 after 731 steps
Step: 431 -  phi=0.8300000000000004, PE=9.458006380033386e-17 after 953 steps
Step: 432 -  phi=0.8310000000000004, PE=9.831929117283048e-17 after 1149 steps
Step: 433 -  phi=0.8320000000000004, PE=9.954410760447884e-17 after 843 steps
Step: 434 -  phi=0.8330000000000004, PE=9.961410711605607e-17 after 775 steps
Step: 435 -  phi=0.8340000000000004, PE=9.924984567148167e-17 after 1132 steps
Step: 436 -  phi=0.8350000000000004, PE=9.823125203509679e-17 after 877 steps
Step: 437 -  phi=0.8360000000000004, PE=9.805556826219192e-17 after 1234 steps
Step: 438 -  phi=0.8370000000000004, PE=8.022031963689203e-17 after 848 steps
Step: 439 -  phi=0.8380000000000004, PE=9.509476363123617e-17 after 1222 steps
Step: 440 -  phi=0.8390000000000004, PE=8.942590262206626e-17 after 1206 steps
Step: 441 -  phi=0.8400000000000004, PE=9.518219051931492e-17 after 1108 steps
Step: 442 -  phi=0.8410000000000004, PE=9.675866797792022e-17 after 1111 steps
Step: 443 -  phi=0.8420000000000004, PE=9.866261673478161e-17 after 1124 steps
Step: 444 -  phi=0.8430000000000004, PE=9.078535703853836e-17 after 1018 steps
Step: 445 -  phi=0.8440000000000004, PE=9.860157318988304e-17 after 1603 steps
Step: 446 -  phi=0.8450000000000004, PE=9.742113229169608e-17 after 1714 steps
Step: 447 -  phi=0.8460000000000004, PE=9.766898605451819e-17 after 1747 steps
Step: 448 -  phi=0.8470000000000004, PE=9.874084583810712e-17 after 1795 steps
Step: 449 -  phi=0.8480000000000004, PE=9.709827441120222e-17 after 2168 steps
Step: 450 -  phi=0.8490000000000004, PE=9.99945955951791e-17 after 2392 steps
Step: 451 -  phi=0.8500000000000004, PE=9.871098552240614e-17 after 2278 steps
Step: 452 -  phi=0.8510000000000004, PE=9.99146249153987e-17 after 3516 steps
Step: 453 -  phi=0.8520000000000004, PE=9.838875900139021e-17 after 4345 steps
Step: 454 -  phi=0.8530000000000004, PE=9.961948100379843e-17 after 4115 steps
Step: 455 -  phi=0.8540000000000004, PE=9.89462346923431e-17 after 3009 steps
Step: 456 -  phi=0.8550000000000004, PE=9.789501393504606e-17 after 3815 steps
Step: 457 -  phi=0.8560000000000004, PE=9.978892095749903e-17 after 3776 steps
Step: 458 -  phi=0.8570000000000004, PE=9.866098336424355e-17 after 5686 steps
Step: 459 -  phi=0.8580000000000004, PE=9.980320347784623e-17 after 9999 steps
Step: 460 -  phi=0.8590000000000004, PE=9.901059594016626e-17 after 8404 steps
Step: 461 -  phi=0.8600000000000004, PE=9.994598472176087e-17 after 31364 steps
Step: 462 -  phi=0.8610000000000004, PE=9.998057521751123e-17 after 64674 steps
Step: 463 -  phi=0.8620000000000004, PE=9.999659844481757e-17 after 340934 steps
Step: 464 -  phi=0.8630000000000004, PE=1.028063099362909e-11 after 314873 steps
Step: 465 -  phi=0.8625000000000005, PE=9.99886944234498e-17 after 81355 steps
Step: 466 -  phi=0.8627500000000005, PE=9.997607378664476e-17 after 66457 steps
Step: 467 -  phi=0.8628750000000005, PE=9.994851783013069e-17 after 22913 steps
Step: 468 -  phi=0.8629375000000005, PE=9.999071479227729e-17 after 28679 steps
Step: 469 -  phi=0.8629687500000005, PE=9.996032825546886e-17 after 112821 steps
Step: 470 -  phi=0.8629843750000005, PE=9.997721101568378e-17 after 119759 steps
Step: 471 -  phi=0.8629921875000004, PE=9.997614971839395e-17 after 68124 steps
Step: 472 -  phi=0.8629960937500004, PE=9.999671769547381e-17 after 633938 steps
Step: 473 -  phi=0.8629980468750005, PE=9.999243833232093e-17 after 130774 steps
Step: 474 -  phi=0.8629990234375005, PE=9.995311231349006e-17 after 49041 steps
Step: 475 -  phi=0.8629995117187504, PE=9.999747139534217e-17 after 50597 steps
Step: 476 -  phi=0.8629997558593754, PE=9.999722758177817e-17 after 62098 steps
Step: 477 -  phi=0.8629998779296879, PE=9.999929426354024e-17 after 60235 steps
Step: 478 -  phi=0.8629999389648442, PE=9.999705625531294e-17 after 42466 steps
Step: 479 -  phi=0.8629999694824223, PE=9.999708371528735e-17 after 23121 steps
Step: 480 -  phi=0.8629999847412113, PE=9.999695763073156e-17 after 23134 steps
Step: 481 -  phi=0.8629999923706059, PE=9.999885899729244e-17 after 12506 steps
Step: 482 -  phi=0.8629999961853032, PE=9.99976059894953e-17 after 9010 steps
Step: 483 -  phi=0.8629999980926518, PE=9.999899021832201e-17 after 6510 steps
Step: 484 -  phi=0.8629999990463262, PE=9.999960111343775e-17 after 4619 steps
Step: 485 -  phi=0.8629999995231633, PE=9.99991715099455e-17 after 3292 steps
Step: 486 -  phi=0.8629999997615818, PE=9.999974177344507e-17 after 2327 steps
Step: 487 -  phi=0.8629999998807911, PE=9.99995492043838e-17 after 1655 steps
Step: 488 -  phi=0.8629999999403958, PE=9.999982356789175e-17 after 1175 steps
Jammed: phi = 0.863000, residual PE = 1.000e-16
