The following modules were not unloaded:
  (Use "module --force purge" to unload all):

  1) StdEnv
sys:1: RuntimeWarning: h5: callable: skipping callable field 'user_pre_step_actions' (<PjitFunction of <function _save_state_system at 0x14ea086f7ba0>>); handle explicitly
sys:1: RuntimeWarning: h5: callable: skipping callable field 'user_post_step_actions' (<PjitFunction of <function _save_state_system at 0x14ea086f7ba0>>); handle explicitly
/home/rg2248/analysis/summer-26/jam/thomson/jam2d-thomson.py:74: RuntimeWarning: h5: callable: skipping callable field '0' (<function fire.<locals>.init at 0x14e8f41ef100>); handle explicitly
  save(system, join(data_root, 'system.h5'))
/home/rg2248/analysis/summer-26/jam/thomson/jam2d-thomson.py:74: RuntimeWarning: h5: callable: skipping callable field '1' (<function fire.<locals>.update at 0x14e8f41eefc0>); handle explicitly
  save(system, join(data_root, 'system.h5'))
Initial minimization took 0 steps.
Step: 1 -  phi=0.4000000000000001, PE=0.0 after 0 steps
Step: 2 -  phi=0.4010000000000001, PE=8.78304157308947e-17 after 140 steps
Step: 3 -  phi=0.4020000000000001, PE=2.5755673436873577e-18 after 111 steps
Step: 4 -  phi=0.4030000000000001, PE=9.924012622988704e-17 after 144 steps
Step: 5 -  phi=0.4040000000000001, PE=8.355093189849445e-17 after 128 steps
Step: 6 -  phi=0.4050000000000001, PE=1.9320672228422866e-17 after 110 steps
Step: 7 -  phi=0.4060000000000001, PE=3.5556877460660135e-17 after 105 steps
Step: 8 -  phi=0.4070000000000001, PE=1.9631497587437743e-17 after 109 steps
Step: 9 -  phi=0.4080000000000001, PE=3.139513988603499e-17 after 123 steps
Step: 10 -  phi=0.4090000000000001, PE=0.0 after 109 steps
Step: 11 -  phi=0.4100000000000001, PE=5.76684658221268e-17 after 168 steps
Step: 12 -  phi=0.4110000000000001, PE=2.0134143711877955e-18 after 130 steps
Step: 13 -  phi=0.4120000000000001, PE=2.5608692024409833e-17 after 120 steps
Step: 14 -  phi=0.4130000000000001, PE=0.0 after 118 steps
Step: 15 -  phi=0.4140000000000001, PE=9.275268812978681e-17 after 129 steps
Step: 16 -  phi=0.4150000000000001, PE=2.3404698799941003e-18 after 129 steps
Step: 17 -  phi=0.4160000000000001, PE=8.0657651693326e-17 after 126 steps
Step: 18 -  phi=0.4170000000000001, PE=2.2123085008123704e-17 after 124 steps
Step: 19 -  phi=0.4180000000000001, PE=9.02963550208586e-17 after 128 steps
Step: 20 -  phi=0.4190000000000001, PE=6.148720747516589e-17 after 126 steps
Step: 21 -  phi=0.4200000000000001, PE=8.346447774315188e-17 after 126 steps
Step: 22 -  phi=0.4210000000000001, PE=6.466187757973002e-17 after 131 steps
Step: 23 -  phi=0.4220000000000001, PE=8.543192128362803e-17 after 124 steps
Step: 24 -  phi=0.4230000000000001, PE=4.388351749020995e-17 after 127 steps
Step: 25 -  phi=0.4240000000000001, PE=8.762070458137033e-17 after 146 steps
Step: 26 -  phi=0.4250000000000001, PE=6.691996404618154e-17 after 125 steps
Step: 27 -  phi=0.4260000000000001, PE=7.478575857365296e-17 after 125 steps
Step: 28 -  phi=0.4270000000000001, PE=0.0 after 129 steps
Step: 29 -  phi=0.4280000000000001, PE=5.161761889406823e-17 after 134 steps
Step: 30 -  phi=0.4290000000000001, PE=0.0 after 121 steps
Step: 31 -  phi=0.4300000000000001, PE=5.578098467903961e-17 after 162 steps
Step: 32 -  phi=0.4310000000000001, PE=3.434625569090217e-17 after 129 steps
Step: 33 -  phi=0.4320000000000001, PE=0.0 after 131 steps
Step: 34 -  phi=0.4330000000000001, PE=4.329875547301944e-18 after 148 steps
Step: 35 -  phi=0.4340000000000001, PE=5.5374769557321845e-17 after 147 steps
Step: 36 -  phi=0.4350000000000001, PE=8.61850833145906e-17 after 149 steps
Step: 37 -  phi=0.4360000000000001, PE=4.1523073226143766e-17 after 130 steps
Step: 38 -  phi=0.4370000000000001, PE=2.7402146960129494e-17 after 125 steps
Step: 39 -  phi=0.4380000000000001, PE=9.422961525353656e-18 after 130 steps
Step: 40 -  phi=0.4390000000000001, PE=0.0 after 125 steps
Step: 41 -  phi=0.4400000000000001, PE=8.853946337494381e-17 after 181 steps
Step: 42 -  phi=0.4410000000000001, PE=6.715414113104087e-17 after 161 steps
Step: 43 -  phi=0.4420000000000001, PE=4.19193277068066e-18 after 143 steps
Step: 44 -  phi=0.4430000000000001, PE=9.690111327372992e-17 after 152 steps
Step: 45 -  phi=0.4440000000000001, PE=9.222578701976641e-17 after 157 steps
Step: 46 -  phi=0.4450000000000001, PE=9.568265213953061e-17 after 164 steps
Step: 47 -  phi=0.4460000000000001, PE=0.0 after 135 steps
Step: 48 -  phi=0.4470000000000001, PE=8.831342098755849e-17 after 159 steps
Step: 49 -  phi=0.4480000000000001, PE=5.884651942316439e-17 after 147 steps
Step: 50 -  phi=0.4490000000000001, PE=8.280981034906975e-17 after 139 steps
Step: 51 -  phi=0.4500000000000001, PE=3.387346190161158e-17 after 145 steps
Step: 52 -  phi=0.4510000000000001, PE=8.682955415639128e-17 after 136 steps
Step: 53 -  phi=0.4520000000000001, PE=8.251515999133039e-17 after 156 steps
Step: 54 -  phi=0.4530000000000001, PE=8.650777607826484e-17 after 168 steps
Step: 55 -  phi=0.4540000000000001, PE=9.175116566849937e-19 after 134 steps
Step: 56 -  phi=0.4550000000000001, PE=6.950750083926421e-17 after 158 steps
Step: 57 -  phi=0.4560000000000001, PE=6.68818298254861e-17 after 131 steps
Step: 58 -  phi=0.45700000000000013, PE=5.342877793368538e-17 after 135 steps
Step: 59 -  phi=0.45800000000000013, PE=1.4835706227423156e-17 after 136 steps
Step: 60 -  phi=0.45900000000000013, PE=6.922435419352965e-17 after 128 steps
Step: 61 -  phi=0.46000000000000013, PE=9.598907447009367e-17 after 132 steps
Step: 62 -  phi=0.46100000000000013, PE=6.966401969091169e-17 after 141 steps
Step: 63 -  phi=0.46200000000000013, PE=7.506287516740426e-17 after 169 steps
Step: 64 -  phi=0.46300000000000013, PE=5.533231070419191e-17 after 161 steps
Step: 65 -  phi=0.46400000000000013, PE=1.543964212763561e-17 after 140 steps
Step: 66 -  phi=0.46500000000000014, PE=9.20829549142167e-17 after 145 steps
Step: 67 -  phi=0.46600000000000014, PE=0.0 after 136 steps
Step: 68 -  phi=0.46700000000000014, PE=2.763970184328862e-17 after 136 steps
Step: 69 -  phi=0.46800000000000014, PE=0.0 after 133 steps
Step: 70 -  phi=0.46900000000000014, PE=7.044117604693399e-18 after 148 steps
Step: 71 -  phi=0.47000000000000014, PE=1.5371636775496267e-17 after 146 steps
Step: 72 -  phi=0.47100000000000014, PE=9.981224933280104e-17 after 165 steps
Step: 73 -  phi=0.47200000000000014, PE=6.163756715910013e-17 after 165 steps
Step: 74 -  phi=0.47300000000000014, PE=3.831498433931456e-17 after 163 steps
Step: 75 -  phi=0.47400000000000014, PE=1.1478407767444552e-17 after 144 steps
Step: 76 -  phi=0.47500000000000014, PE=0.0 after 147 steps
Step: 77 -  phi=0.47600000000000015, PE=8.745109104267613e-17 after 189 steps
Step: 78 -  phi=0.47700000000000015, PE=2.819790688120305e-17 after 165 steps
Step: 79 -  phi=0.47800000000000015, PE=3.7471309790005856e-17 after 156 steps
Step: 80 -  phi=0.47900000000000015, PE=1.435680465780569e-17 after 152 steps
Step: 81 -  phi=0.48000000000000015, PE=0.0 after 149 steps
Step: 82 -  phi=0.48100000000000015, PE=9.62060212580122e-17 after 165 steps
Step: 83 -  phi=0.48200000000000015, PE=6.556624635188779e-17 after 170 steps
Step: 84 -  phi=0.48300000000000015, PE=7.111990836405844e-17 after 154 steps
Step: 85 -  phi=0.48400000000000015, PE=8.270119525305923e-17 after 166 steps
Step: 86 -  phi=0.48500000000000015, PE=9.876468022851975e-17 after 291 steps
Step: 87 -  phi=0.48600000000000015, PE=5.305083169057764e-17 after 200 steps
Step: 88 -  phi=0.48700000000000015, PE=9.22136346825298e-17 after 186 steps
Step: 89 -  phi=0.48800000000000016, PE=2.7466081352697043e-17 after 211 steps
Step: 90 -  phi=0.48900000000000016, PE=4.723237814920921e-18 after 199 steps
Step: 91 -  phi=0.49000000000000016, PE=6.059049897078259e-17 after 217 steps
Step: 92 -  phi=0.49100000000000016, PE=8.415592515502999e-17 after 200 steps
Step: 93 -  phi=0.49200000000000016, PE=9.174943414805592e-17 after 202 steps
Step: 94 -  phi=0.49300000000000016, PE=8.96250834679138e-17 after 186 steps
Step: 95 -  phi=0.49400000000000016, PE=7.768179916978954e-17 after 193 steps
Step: 96 -  phi=0.49500000000000016, PE=6.842529123362456e-17 after 167 steps
Step: 97 -  phi=0.49600000000000016, PE=5.1409616747648965e-17 after 166 steps
Step: 98 -  phi=0.49700000000000016, PE=7.257191548128876e-17 after 184 steps
Step: 99 -  phi=0.49800000000000016, PE=1.1356399334705966e-17 after 178 steps
Step: 100 -  phi=0.49900000000000017, PE=1.0219440835479735e-17 after 188 steps
Step: 101 -  phi=0.5000000000000001, PE=7.006273751594119e-17 after 171 steps
Step: 102 -  phi=0.5010000000000001, PE=6.365968373232895e-17 after 187 steps
Step: 103 -  phi=0.5020000000000001, PE=5.286645316926099e-17 after 176 steps
Step: 104 -  phi=0.5030000000000001, PE=3.5673888400771467e-17 after 195 steps
Step: 105 -  phi=0.5040000000000001, PE=7.00517961464609e-17 after 189 steps
Step: 106 -  phi=0.5050000000000001, PE=9.755121432486166e-17 after 182 steps
Step: 107 -  phi=0.5060000000000001, PE=1.900753320083668e-17 after 184 steps
Step: 108 -  phi=0.5070000000000001, PE=0.0 after 179 steps
Step: 109 -  phi=0.5080000000000001, PE=6.141765975147829e-17 after 267 steps
Step: 110 -  phi=0.5090000000000001, PE=4.85940009837248e-17 after 241 steps
Step: 111 -  phi=0.5100000000000001, PE=5.05969849149687e-17 after 263 steps
Step: 112 -  phi=0.5110000000000001, PE=9.00463536651854e-17 after 293 steps
Step: 113 -  phi=0.5120000000000001, PE=8.100068148686479e-17 after 283 steps
Step: 114 -  phi=0.5130000000000001, PE=8.534619311088829e-17 after 315 steps
Step: 115 -  phi=0.5140000000000001, PE=5.5303130262604736e-17 after 276 steps
Step: 116 -  phi=0.5150000000000001, PE=8.419314259475646e-17 after 278 steps
Step: 117 -  phi=0.5160000000000001, PE=9.581169388573109e-17 after 289 steps
Step: 118 -  phi=0.5170000000000001, PE=5.507063590876572e-17 after 258 steps
Step: 119 -  phi=0.5180000000000001, PE=8.625742060865461e-17 after 251 steps
Step: 120 -  phi=0.5190000000000001, PE=9.796409178354168e-17 after 230 steps
Step: 121 -  phi=0.5200000000000001, PE=4.764434846963923e-17 after 244 steps
Step: 122 -  phi=0.5210000000000001, PE=8.752631745242307e-17 after 222 steps
Step: 123 -  phi=0.5220000000000001, PE=5.4030981773368907e-17 after 231 steps
Step: 124 -  phi=0.5230000000000001, PE=6.864291686312222e-17 after 270 steps
Step: 125 -  phi=0.5240000000000001, PE=3.8321617180080015e-17 after 256 steps
Step: 126 -  phi=0.5250000000000001, PE=9.514456231093248e-17 after 239 steps
Step: 127 -  phi=0.5260000000000001, PE=3.639812044795949e-18 after 246 steps
Step: 128 -  phi=0.5270000000000001, PE=6.156079717625895e-17 after 257 steps
Step: 129 -  phi=0.5280000000000001, PE=8.096308285203014e-17 after 243 steps
Step: 130 -  phi=0.5290000000000001, PE=7.274023784240973e-17 after 245 steps
Step: 131 -  phi=0.5300000000000001, PE=2.7826761052808006e-17 after 228 steps
Step: 132 -  phi=0.5310000000000001, PE=9.229621472335705e-17 after 251 steps
Step: 133 -  phi=0.5320000000000001, PE=6.247257774414138e-17 after 252 steps
Step: 134 -  phi=0.5330000000000001, PE=8.340723285320001e-17 after 261 steps
Step: 135 -  phi=0.5340000000000001, PE=5.501618064507629e-17 after 257 steps
Step: 136 -  phi=0.5350000000000001, PE=7.166758441067434e-17 after 241 steps
Step: 137 -  phi=0.5360000000000001, PE=9.010497648329648e-17 after 243 steps
Step: 138 -  phi=0.5370000000000001, PE=8.902970892945506e-17 after 266 steps
Step: 139 -  phi=0.5380000000000001, PE=7.780073014491062e-17 after 259 steps
Step: 140 -  phi=0.5390000000000001, PE=8.24354849184659e-17 after 242 steps
Step: 141 -  phi=0.5400000000000001, PE=1.0778791096069576e-17 after 230 steps
Step: 142 -  phi=0.5410000000000001, PE=8.24076841502258e-17 after 238 steps
Step: 143 -  phi=0.5420000000000001, PE=7.30894661527357e-17 after 260 steps
Step: 144 -  phi=0.5430000000000001, PE=4.18648122049208e-17 after 266 steps
Step: 145 -  phi=0.5440000000000002, PE=7.842894490452688e-17 after 251 steps
Step: 146 -  phi=0.5450000000000002, PE=7.584295621780943e-17 after 329 steps
Step: 147 -  phi=0.5460000000000002, PE=4.6447360344919844e-17 after 265 steps
Step: 148 -  phi=0.5470000000000002, PE=9.58229071056479e-17 after 301 steps
Step: 149 -  phi=0.5480000000000002, PE=8.165435501894653e-17 after 245 steps
Step: 150 -  phi=0.5490000000000002, PE=4.1297355794186575e-17 after 230 steps
Step: 151 -  phi=0.5500000000000002, PE=8.636784867063579e-17 after 252 steps
Step: 152 -  phi=0.5510000000000002, PE=7.462236977713195e-17 after 249 steps
Step: 153 -  phi=0.5520000000000002, PE=9.23377522573266e-17 after 248 steps
Step: 154 -  phi=0.5530000000000002, PE=9.422254675402225e-17 after 254 steps
Step: 155 -  phi=0.5540000000000002, PE=5.93505429383219e-17 after 258 steps
Step: 156 -  phi=0.5550000000000002, PE=5.343538084822322e-17 after 292 steps
Step: 157 -  phi=0.5560000000000002, PE=9.967055124883314e-17 after 289 steps
Step: 158 -  phi=0.5570000000000002, PE=6.203714985096243e-17 after 251 steps
Step: 159 -  phi=0.5580000000000002, PE=2.8082180959251944e-18 after 274 steps
Step: 160 -  phi=0.5590000000000002, PE=7.075283355431291e-17 after 259 steps
Step: 161 -  phi=0.5600000000000002, PE=9.91229281040847e-17 after 258 steps
Step: 162 -  phi=0.5610000000000002, PE=7.958009485465245e-17 after 261 steps
Step: 163 -  phi=0.5620000000000002, PE=8.337452318639384e-17 after 275 steps
Step: 164 -  phi=0.5630000000000002, PE=7.270646197494309e-17 after 262 steps
Step: 165 -  phi=0.5640000000000002, PE=9.378976928341e-17 after 262 steps
Step: 166 -  phi=0.5650000000000002, PE=2.2614964396308177e-17 after 244 steps
Step: 167 -  phi=0.5660000000000002, PE=8.234371384876104e-17 after 267 steps
Step: 168 -  phi=0.5670000000000002, PE=7.942534537415873e-17 after 273 steps
Step: 169 -  phi=0.5680000000000002, PE=4.694709438039741e-17 after 249 steps
Step: 170 -  phi=0.5690000000000002, PE=7.728728000919727e-17 after 268 steps
Step: 171 -  phi=0.5700000000000002, PE=4.78291495359005e-17 after 253 steps
Step: 172 -  phi=0.5710000000000002, PE=8.976566001207672e-17 after 273 steps
Step: 173 -  phi=0.5720000000000002, PE=9.485257331784416e-17 after 274 steps
Step: 174 -  phi=0.5730000000000002, PE=7.075775656267431e-17 after 300 steps
Step: 175 -  phi=0.5740000000000002, PE=8.932294847944843e-17 after 279 steps
Step: 176 -  phi=0.5750000000000002, PE=3.524955447362876e-17 after 281 steps
Step: 177 -  phi=0.5760000000000002, PE=9.675867552497802e-17 after 280 steps
Step: 178 -  phi=0.5770000000000002, PE=9.602241026061734e-17 after 282 steps
Step: 179 -  phi=0.5780000000000002, PE=4.7850658332058616e-17 after 270 steps
Step: 180 -  phi=0.5790000000000002, PE=8.983431016336588e-17 after 291 steps
Step: 181 -  phi=0.5800000000000002, PE=7.945857008622962e-17 after 300 steps
Step: 182 -  phi=0.5810000000000002, PE=8.913788337780639e-17 after 294 steps
Step: 183 -  phi=0.5820000000000002, PE=5.567148433212218e-17 after 303 steps
Step: 184 -  phi=0.5830000000000002, PE=9.951129108989065e-17 after 298 steps
Step: 185 -  phi=0.5840000000000002, PE=6.351411717417147e-17 after 271 steps
Step: 186 -  phi=0.5850000000000002, PE=9.409052551382891e-17 after 329 steps
Step: 187 -  phi=0.5860000000000002, PE=8.968355759570863e-17 after 332 steps
Step: 188 -  phi=0.5870000000000002, PE=9.592131882583966e-17 after 532 steps
Step: 189 -  phi=0.5880000000000002, PE=8.269757699849519e-17 after 348 steps
Step: 190 -  phi=0.5890000000000002, PE=5.923335128113067e-17 after 313 steps
Step: 191 -  phi=0.5900000000000002, PE=9.34479143411517e-17 after 314 steps
Step: 192 -  phi=0.5910000000000002, PE=8.045521148646195e-17 after 314 steps
Step: 193 -  phi=0.5920000000000002, PE=9.923834326369668e-17 after 320 steps
Step: 194 -  phi=0.5930000000000002, PE=8.235795677993394e-17 after 291 steps
Step: 195 -  phi=0.5940000000000002, PE=9.730620334842951e-17 after 304 steps
Step: 196 -  phi=0.5950000000000002, PE=9.924531834044617e-17 after 324 steps
Step: 197 -  phi=0.5960000000000002, PE=9.418412170426981e-17 after 320 steps
Step: 198 -  phi=0.5970000000000002, PE=8.110955434554334e-17 after 325 steps
Step: 199 -  phi=0.5980000000000002, PE=9.47419523735818e-17 after 323 steps
Step: 200 -  phi=0.5990000000000002, PE=9.641766527815863e-17 after 328 steps
Step: 201 -  phi=0.6000000000000002, PE=6.020726821728643e-17 after 302 steps
Step: 202 -  phi=0.6010000000000002, PE=7.439491661368784e-17 after 304 steps
Step: 203 -  phi=0.6020000000000002, PE=7.968213656658278e-17 after 315 steps
Step: 204 -  phi=0.6030000000000002, PE=8.620881907402498e-17 after 298 steps
Step: 205 -  phi=0.6040000000000002, PE=9.706054715060588e-17 after 304 steps
Step: 206 -  phi=0.6050000000000002, PE=9.05130254675522e-17 after 288 steps
Step: 207 -  phi=0.6060000000000002, PE=9.61907541511147e-17 after 302 steps
Step: 208 -  phi=0.6070000000000002, PE=9.838799693632481e-17 after 300 steps
Step: 209 -  phi=0.6080000000000002, PE=7.649027164895765e-17 after 300 steps
Step: 210 -  phi=0.6090000000000002, PE=8.746582485009562e-17 after 270 steps
Step: 211 -  phi=0.6100000000000002, PE=8.376049904490337e-17 after 284 steps
Step: 212 -  phi=0.6110000000000002, PE=8.564986212943029e-17 after 308 steps
Step: 213 -  phi=0.6120000000000002, PE=6.36434907632592e-17 after 274 steps
Step: 214 -  phi=0.6130000000000002, PE=8.229812757437573e-17 after 262 steps
Step: 215 -  phi=0.6140000000000002, PE=9.159956423522053e-17 after 268 steps
Step: 216 -  phi=0.6150000000000002, PE=9.638556099736475e-17 after 361 steps
Step: 217 -  phi=0.6160000000000002, PE=8.944685766092593e-17 after 305 steps
Step: 218 -  phi=0.6170000000000002, PE=9.237742453074706e-17 after 359 steps
Step: 219 -  phi=0.6180000000000002, PE=9.70543009481028e-17 after 297 steps
Step: 220 -  phi=0.6190000000000002, PE=6.834426965896129e-17 after 311 steps
Step: 221 -  phi=0.6200000000000002, PE=9.447782934313465e-17 after 291 steps
Step: 222 -  phi=0.6210000000000002, PE=9.745442262175684e-17 after 390 steps
Step: 223 -  phi=0.6220000000000002, PE=8.892189019225931e-17 after 316 steps
Step: 224 -  phi=0.6230000000000002, PE=9.056872222703127e-17 after 356 steps
Step: 225 -  phi=0.6240000000000002, PE=5.98401379791228e-17 after 391 steps
Step: 226 -  phi=0.6250000000000002, PE=8.830263468959476e-17 after 341 steps
Step: 227 -  phi=0.6260000000000002, PE=8.113343372244714e-17 after 335 steps
Step: 228 -  phi=0.6270000000000002, PE=9.227863342477523e-17 after 376 steps
Step: 229 -  phi=0.6280000000000002, PE=5.490179657012637e-17 after 310 steps
Step: 230 -  phi=0.6290000000000002, PE=9.140197761622229e-17 after 326 steps
Step: 231 -  phi=0.6300000000000002, PE=7.958908779787853e-17 after 316 steps
Step: 232 -  phi=0.6310000000000002, PE=3.2249896341070306e-17 after 334 steps
Step: 233 -  phi=0.6320000000000002, PE=9.794483572213753e-17 after 405 steps
Step: 234 -  phi=0.6330000000000002, PE=6.145918345682807e-17 after 332 steps
Step: 235 -  phi=0.6340000000000002, PE=8.646106115207451e-17 after 342 steps
Step: 236 -  phi=0.6350000000000002, PE=8.923439700669047e-17 after 339 steps
Step: 237 -  phi=0.6360000000000002, PE=8.211848575277729e-17 after 335 steps
Step: 238 -  phi=0.6370000000000002, PE=7.427332485429095e-17 after 316 steps
Step: 239 -  phi=0.6380000000000002, PE=9.79590108782681e-17 after 334 steps
Step: 240 -  phi=0.6390000000000002, PE=5.577893531106786e-17 after 318 steps
Step: 241 -  phi=0.6400000000000002, PE=6.5615875934226e-17 after 344 steps
Step: 242 -  phi=0.6410000000000002, PE=8.080326707760655e-17 after 345 steps
Step: 243 -  phi=0.6420000000000002, PE=8.778064829060502e-17 after 348 steps
Step: 244 -  phi=0.6430000000000002, PE=9.820091598402654e-17 after 379 steps
Step: 245 -  phi=0.6440000000000002, PE=9.687312891787129e-17 after 376 steps
Step: 246 -  phi=0.6450000000000002, PE=4.440592090459801e-17 after 374 steps
Step: 247 -  phi=0.6460000000000002, PE=8.917027018544912e-17 after 403 steps
Step: 248 -  phi=0.6470000000000002, PE=8.873832273838991e-17 after 432 steps
Step: 249 -  phi=0.6480000000000002, PE=8.804397141707507e-17 after 388 steps
Step: 250 -  phi=0.6490000000000002, PE=8.904586861255446e-17 after 413 steps
Step: 251 -  phi=0.6500000000000002, PE=7.901707422260024e-17 after 394 steps
Step: 252 -  phi=0.6510000000000002, PE=9.426214384755499e-17 after 413 steps
Step: 253 -  phi=0.6520000000000002, PE=8.36546106333365e-17 after 399 steps
Step: 254 -  phi=0.6530000000000002, PE=9.315383596595553e-17 after 392 steps
Step: 255 -  phi=0.6540000000000002, PE=9.215379629811076e-17 after 388 steps
Step: 256 -  phi=0.6550000000000002, PE=9.53258064337044e-17 after 376 steps
Step: 257 -  phi=0.6560000000000002, PE=9.580126506807603e-17 after 438 steps
Step: 258 -  phi=0.6570000000000003, PE=9.997086714104007e-17 after 436 steps
Step: 259 -  phi=0.6580000000000003, PE=9.472729591075113e-17 after 451 steps
Step: 260 -  phi=0.6590000000000003, PE=9.689543215490004e-17 after 399 steps
Step: 261 -  phi=0.6600000000000003, PE=7.983013897180531e-17 after 378 steps
Step: 262 -  phi=0.6610000000000003, PE=9.591345214092055e-17 after 407 steps
Step: 263 -  phi=0.6620000000000003, PE=9.982242801247328e-17 after 436 steps
Step: 264 -  phi=0.6630000000000003, PE=7.318827342979743e-17 after 384 steps
Step: 265 -  phi=0.6640000000000003, PE=5.486225404836015e-17 after 388 steps
Step: 266 -  phi=0.6650000000000003, PE=8.557806990823079e-17 after 405 steps
Step: 267 -  phi=0.6660000000000003, PE=9.690633507695082e-17 after 520 steps
Step: 268 -  phi=0.6670000000000003, PE=9.731368730653111e-17 after 495 steps
Step: 269 -  phi=0.6680000000000003, PE=9.569238548085822e-17 after 522 steps
Step: 270 -  phi=0.6690000000000003, PE=7.541800899457861e-17 after 513 steps
Step: 271 -  phi=0.6700000000000003, PE=9.126401885286717e-17 after 504 steps
Step: 272 -  phi=0.6710000000000003, PE=8.86532024520374e-17 after 469 steps
Step: 273 -  phi=0.6720000000000003, PE=8.880909880728828e-17 after 634 steps
Step: 274 -  phi=0.6730000000000003, PE=9.712010719928519e-17 after 556 steps
Step: 275 -  phi=0.6740000000000003, PE=9.957211746571835e-17 after 490 steps
Step: 276 -  phi=0.6750000000000003, PE=9.167187244379231e-17 after 478 steps
Step: 277 -  phi=0.6760000000000003, PE=8.548051024600322e-17 after 480 steps
Step: 278 -  phi=0.6770000000000003, PE=9.631157313761879e-17 after 646 steps
Step: 279 -  phi=0.6780000000000003, PE=9.698641808469168e-17 after 534 steps
Step: 280 -  phi=0.6790000000000003, PE=9.012962361812214e-17 after 487 steps
Step: 281 -  phi=0.6800000000000003, PE=6.227194344237276e-17 after 478 steps
Step: 282 -  phi=0.6810000000000003, PE=9.174652865551633e-17 after 474 steps
Step: 283 -  phi=0.6820000000000003, PE=9.378771081757143e-17 after 487 steps
Step: 284 -  phi=0.6830000000000003, PE=8.41095220686242e-17 after 446 steps
Step: 285 -  phi=0.6840000000000003, PE=7.719146741205764e-17 after 475 steps
Step: 286 -  phi=0.6850000000000003, PE=9.863980051215214e-17 after 441 steps
Step: 287 -  phi=0.6860000000000003, PE=9.566941738410575e-17 after 458 steps
Step: 288 -  phi=0.6870000000000003, PE=9.540472957899545e-17 after 597 steps
Step: 289 -  phi=0.6880000000000003, PE=9.778536357913738e-17 after 554 steps
Step: 290 -  phi=0.6890000000000003, PE=9.59627582177375e-17 after 510 steps
Step: 291 -  phi=0.6900000000000003, PE=8.843153437765837e-17 after 492 steps
Step: 292 -  phi=0.6910000000000003, PE=9.828090764930475e-17 after 560 steps
Step: 293 -  phi=0.6920000000000003, PE=8.722796580372832e-17 after 470 steps
Step: 294 -  phi=0.6930000000000003, PE=8.729855445846614e-17 after 474 steps
Step: 295 -  phi=0.6940000000000003, PE=8.566456895693382e-17 after 534 steps
Step: 296 -  phi=0.6950000000000003, PE=8.245319227441968e-17 after 511 steps
Step: 297 -  phi=0.6960000000000003, PE=9.895834377133876e-17 after 575 steps
Step: 298 -  phi=0.6970000000000003, PE=5.1748152553546704e-17 after 540 steps
Step: 299 -  phi=0.6980000000000003, PE=9.857652237620459e-17 after 617 steps
Step: 300 -  phi=0.6990000000000003, PE=8.837267856683985e-17 after 561 steps
Step: 301 -  phi=0.7000000000000003, PE=9.152886058768197e-17 after 586 steps
Step: 302 -  phi=0.7010000000000003, PE=9.745836935088404e-17 after 594 steps
Step: 303 -  phi=0.7020000000000003, PE=8.230320867633988e-17 after 597 steps
Step: 304 -  phi=0.7030000000000003, PE=9.203281011849739e-17 after 582 steps
Step: 305 -  phi=0.7040000000000003, PE=9.210645218659956e-17 after 574 steps
Step: 306 -  phi=0.7050000000000003, PE=8.260315438327315e-17 after 690 steps
Step: 307 -  phi=0.7060000000000003, PE=9.893710304210373e-17 after 583 steps
Step: 308 -  phi=0.7070000000000003, PE=9.06503013050918e-17 after 498 steps
Step: 309 -  phi=0.7080000000000003, PE=9.827169278861145e-17 after 600 steps
Step: 310 -  phi=0.7090000000000003, PE=8.731214057599651e-17 after 588 steps
Step: 311 -  phi=0.7100000000000003, PE=9.361544914738231e-17 after 564 steps
Step: 312 -  phi=0.7110000000000003, PE=9.319336232206408e-17 after 725 steps
Step: 313 -  phi=0.7120000000000003, PE=9.548973494365849e-17 after 698 steps
Step: 314 -  phi=0.7130000000000003, PE=9.851221397150999e-17 after 709 steps
Step: 315 -  phi=0.7140000000000003, PE=8.58152835332829e-17 after 726 steps
Step: 316 -  phi=0.7150000000000003, PE=9.80921934475445e-17 after 1116 steps
Step: 317 -  phi=0.7160000000000003, PE=9.215852324261207e-17 after 705 steps
Step: 318 -  phi=0.7170000000000003, PE=9.399969397568395e-17 after 936 steps
Step: 319 -  phi=0.7180000000000003, PE=8.429201901927902e-17 after 700 steps
Step: 320 -  phi=0.7190000000000003, PE=9.227648647029443e-17 after 991 steps
Step: 321 -  phi=0.7200000000000003, PE=9.720755548847843e-17 after 1157 steps
Step: 322 -  phi=0.7210000000000003, PE=9.13713053858865e-17 after 712 steps
Step: 323 -  phi=0.7220000000000003, PE=8.997835065460353e-17 after 768 steps
Step: 324 -  phi=0.7230000000000003, PE=9.711338898403486e-17 after 1083 steps
Step: 325 -  phi=0.7240000000000003, PE=9.67665820707175e-17 after 943 steps
Step: 326 -  phi=0.7250000000000003, PE=9.923713884977165e-17 after 1761 steps
Step: 327 -  phi=0.7260000000000003, PE=9.698118303556772e-17 after 1671 steps
Step: 328 -  phi=0.7270000000000003, PE=9.617741059929552e-17 after 1309 steps
Step: 329 -  phi=0.7280000000000003, PE=9.856262979658655e-17 after 1778 steps
Step: 330 -  phi=0.7290000000000003, PE=9.766749312039104e-17 after 1210 steps
Step: 331 -  phi=0.7300000000000003, PE=8.28741488431127e-17 after 1438 steps
Step: 332 -  phi=0.7310000000000003, PE=9.998464706539226e-17 after 1603 steps
Step: 333 -  phi=0.7320000000000003, PE=9.704445221143606e-17 after 1146 steps
Step: 334 -  phi=0.7330000000000003, PE=9.966878206026271e-17 after 1627 steps
Step: 335 -  phi=0.7340000000000003, PE=9.942355080988659e-17 after 1221 steps
Step: 336 -  phi=0.7350000000000003, PE=9.644611275233801e-17 after 1236 steps
Step: 337 -  phi=0.7360000000000003, PE=9.839740948042084e-17 after 1573 steps
Step: 338 -  phi=0.7370000000000003, PE=9.58466272561353e-17 after 1614 steps
Step: 339 -  phi=0.7380000000000003, PE=8.754542922512381e-17 after 1503 steps
Step: 340 -  phi=0.7390000000000003, PE=8.659134959372322e-17 after 1661 steps
Step: 341 -  phi=0.7400000000000003, PE=9.865497490567136e-17 after 1402 steps
Step: 342 -  phi=0.7410000000000003, PE=9.942358887035516e-17 after 2221 steps
Step: 343 -  phi=0.7420000000000003, PE=9.905604538558144e-17 after 3052 steps
Step: 344 -  phi=0.7430000000000003, PE=9.823479251636272e-17 after 2201 steps
Step: 345 -  phi=0.7440000000000003, PE=9.291205557979885e-17 after 1342 steps
Step: 346 -  phi=0.7450000000000003, PE=9.998128589659086e-17 after 2766 steps
Step: 347 -  phi=0.7460000000000003, PE=9.665873381091141e-17 after 2063 steps
Step: 348 -  phi=0.7470000000000003, PE=9.939482885618712e-17 after 1848 steps
Step: 349 -  phi=0.7480000000000003, PE=9.989325096830815e-17 after 1924 steps
Step: 350 -  phi=0.7490000000000003, PE=9.80379232340231e-17 after 2742 steps
Step: 351 -  phi=0.7500000000000003, PE=9.785962921883359e-17 after 3218 steps
Step: 352 -  phi=0.7510000000000003, PE=9.908420574843749e-17 after 2918 steps
Step: 353 -  phi=0.7520000000000003, PE=9.518325116629894e-17 after 1870 steps
Step: 354 -  phi=0.7530000000000003, PE=9.997882618735258e-17 after 3060 steps
Step: 355 -  phi=0.7540000000000003, PE=9.940119634913678e-17 after 4969 steps
Step: 356 -  phi=0.7550000000000003, PE=9.91336287656034e-17 after 3277 steps
Step: 357 -  phi=0.7560000000000003, PE=9.975661975294938e-17 after 2742 steps
Step: 358 -  phi=0.7570000000000003, PE=9.953336568235282e-17 after 4865 steps
Step: 359 -  phi=0.7580000000000003, PE=9.69426101520077e-17 after 3948 steps
Step: 360 -  phi=0.7590000000000003, PE=9.97681348994136e-17 after 6893 steps
Step: 361 -  phi=0.7600000000000003, PE=9.989809126210634e-17 after 7688 steps
Step: 362 -  phi=0.7610000000000003, PE=9.973848677597178e-17 after 10735 steps
Step: 363 -  phi=0.7620000000000003, PE=9.987199331748943e-17 after 11762 steps
Step: 364 -  phi=0.7630000000000003, PE=9.99577153410675e-17 after 18395 steps
Step: 365 -  phi=0.7640000000000003, PE=9.992220533973494e-17 after 19062 steps
Step: 366 -  phi=0.7650000000000003, PE=9.99399616000673e-17 after 18983 steps
Step: 367 -  phi=0.7660000000000003, PE=9.99562328109635e-17 after 13872 steps
Step: 368 -  phi=0.7670000000000003, PE=9.981467140570407e-17 after 13146 steps
Step: 369 -  phi=0.7680000000000003, PE=9.999187224539319e-17 after 64759 steps
Step: 370 -  phi=0.7690000000000003, PE=9.991145143246405e-17 after 36015 steps
Step: 371 -  phi=0.7700000000000004, PE=9.895209657611225e-17 after 48277 steps
Step: 372 -  phi=0.7710000000000004, PE=9.855250585077359e-17 after 38655 steps
Step: 373 -  phi=0.7720000000000004, PE=9.999277491713438e-17 after 18231 steps
Step: 374 -  phi=0.7730000000000004, PE=9.964504103689128e-17 after 19579 steps
Step: 375 -  phi=0.7740000000000004, PE=9.999554371363962e-17 after 147284 steps
Step: 376 -  phi=0.7750000000000004, PE=9.986422002141998e-17 after 41398 steps
Step: 377 -  phi=0.7760000000000004, PE=9.98830518185704e-17 after 19303 steps
Step: 378 -  phi=0.7770000000000004, PE=9.933557028282491e-17 after 20630 steps
Step: 379 -  phi=0.7780000000000004, PE=9.976480254081957e-17 after 9966 steps
Step: 380 -  phi=0.7790000000000004, PE=9.986651155069657e-17 after 10008 steps
Step: 381 -  phi=0.7800000000000004, PE=9.967069231013275e-17 after 78168 steps
Step: 382 -  phi=0.7810000000000004, PE=3.3407335126821133e-09 after 39532 steps
Step: 383 -  phi=0.7805000000000004, PE=2.0473967383564184e-10 after 133097 steps
Step: 384 -  phi=0.7802500000000003, PE=9.968127280617276e-17 after 55980 steps
Step: 385 -  phi=0.7803750000000004, PE=9.99827628380824e-17 after 42769 steps
Step: 386 -  phi=0.7804375000000003, PE=9.998492101910292e-17 after 108573 steps
Step: 387 -  phi=0.7804687500000004, PE=9.999444138769607e-17 after 30562 steps
Step: 388 -  phi=0.7804843750000003, PE=9.999304174665766e-17 after 53213 steps
Step: 389 -  phi=0.7804921875000004, PE=9.998422415201606e-17 after 37991 steps
Step: 390 -  phi=0.7804960937500004, PE=9.999964712339815e-17 after 17252 steps
Step: 391 -  phi=0.7804980468750005, PE=9.991130508391473e-17 after 10754 steps
Step: 392 -  phi=0.7804990234375004, PE=9.963353243533607e-17 after 4474 steps
Step: 393 -  phi=0.7804995117187504, PE=9.995495833846503e-17 after 7895 steps
Step: 394 -  phi=0.7804997558593754, PE=9.995372127327457e-17 after 3832 steps
Step: 395 -  phi=0.7804998779296879, PE=9.996886854527144e-17 after 6068 steps
Step: 396 -  phi=0.7804999389648442, PE=9.998197713705241e-17 after 4184 steps
Step: 397 -  phi=0.7804999694824223, PE=9.998656534003645e-17 after 3315 steps
Step: 398 -  phi=0.7804999847412113, PE=9.999314231776581e-17 after 2553 steps
Step: 399 -  phi=0.7804999923706059, PE=9.99927308796592e-17 after 1894 steps
Step: 400 -  phi=0.7804999961853032, PE=9.999774404236699e-17 after 1360 steps
Step: 401 -  phi=0.7804999980926518, PE=9.999482440153636e-17 after 966 steps
Step: 402 -  phi=0.7804999990463262, PE=9.999498907497394e-17 after 691 steps
Step: 403 -  phi=0.7804999995231633, PE=9.999724822713508e-17 after 494 steps
Step: 404 -  phi=0.7804999997615818, PE=9.999634708303736e-17 after 355 steps
Step: 405 -  phi=0.7804999998807911, PE=9.999888303415924e-17 after 255 steps
Step: 406 -  phi=0.7804999999403958, PE=9.999963245932143e-17 after 186 steps
Jammed: phi = 0.780500, residual PE = 1.000e-16
