The following modules were not unloaded:
  (Use "module --force purge" to unload all):

  1) StdEnv
sys:1: RuntimeWarning: h5: callable: skipping callable field 'user_pre_step_actions' (<PjitFunction of <function _save_state_system at 0x14ee9fa4bba0>>); handle explicitly
sys:1: RuntimeWarning: h5: callable: skipping callable field 'user_post_step_actions' (<PjitFunction of <function _save_state_system at 0x14ee9fa4bba0>>); handle explicitly
/home/rg2248/analysis/summer-26/jam/thomson/jam2d-thomson.py:74: RuntimeWarning: h5: callable: skipping callable field '0' (<function fire.<locals>.init at 0x14ed713fb100>); handle explicitly
  save(system, join(data_root, 'system.h5'))
/home/rg2248/analysis/summer-26/jam/thomson/jam2d-thomson.py:74: RuntimeWarning: h5: callable: skipping callable field '1' (<function fire.<locals>.update at 0x14ed713fafc0>); handle explicitly
  save(system, join(data_root, 'system.h5'))
Initial minimization took 0 steps.
Step: 1 -  phi=0.4000000000000001, PE=0.0 after 0 steps
Step: 2 -  phi=0.4010000000000001, PE=1.6174609680226975e-17 after 153 steps
Step: 3 -  phi=0.4020000000000001, PE=0.0 after 114 steps
Step: 4 -  phi=0.4030000000000001, PE=0.0 after 122 steps
Step: 5 -  phi=0.4040000000000001, PE=3.650449695087282e-17 after 114 steps
Step: 6 -  phi=0.4050000000000001, PE=4.35639486029642e-17 after 102 steps
Step: 7 -  phi=0.4060000000000001, PE=8.763035193966191e-17 after 124 steps
Step: 8 -  phi=0.4070000000000001, PE=8.320888031803328e-17 after 151 steps
Step: 9 -  phi=0.4080000000000001, PE=2.560137227176666e-17 after 129 steps
Step: 10 -  phi=0.4090000000000001, PE=1.6808884657486683e-17 after 118 steps
Step: 11 -  phi=0.4100000000000001, PE=0.0 after 102 steps
Step: 12 -  phi=0.4110000000000001, PE=0.0 after 107 steps
Step: 13 -  phi=0.4120000000000001, PE=0.0 after 102 steps
Step: 14 -  phi=0.4130000000000001, PE=2.741616274622126e-17 after 164 steps
Step: 15 -  phi=0.4140000000000001, PE=9.745961936599425e-17 after 111 steps
Step: 16 -  phi=0.4150000000000001, PE=0.0 after 103 steps
Step: 17 -  phi=0.4160000000000001, PE=0.0 after 111 steps
Step: 18 -  phi=0.4170000000000001, PE=0.0 after 104 steps
Step: 19 -  phi=0.4180000000000001, PE=0.0 after 116 steps
Step: 20 -  phi=0.4190000000000001, PE=5.4444909033323043e-17 after 118 steps
Step: 21 -  phi=0.4200000000000001, PE=0.0 after 103 steps
Step: 22 -  phi=0.4210000000000001, PE=6.995958240693737e-17 after 128 steps
Step: 23 -  phi=0.4220000000000001, PE=4.0167754749005474e-17 after 101 steps
Step: 24 -  phi=0.4230000000000001, PE=0.0 after 106 steps
Step: 25 -  phi=0.4240000000000001, PE=0.0 after 101 steps
Step: 26 -  phi=0.4250000000000001, PE=2.4813135174419996e-17 after 107 steps
Step: 27 -  phi=0.4260000000000001, PE=9.676582875668374e-17 after 119 steps
Step: 28 -  phi=0.4270000000000001, PE=7.499516790505608e-18 after 103 steps
Step: 29 -  phi=0.4280000000000001, PE=0.0 after 115 steps
Step: 30 -  phi=0.4290000000000001, PE=0.0 after 110 steps
Step: 31 -  phi=0.4300000000000001, PE=2.9399279348778875e-17 after 127 steps
Step: 32 -  phi=0.4310000000000001, PE=6.605325251315698e-17 after 124 steps
Step: 33 -  phi=0.4320000000000001, PE=0.0 after 117 steps
Step: 34 -  phi=0.4330000000000001, PE=9.19302818268238e-17 after 142 steps
Step: 35 -  phi=0.4340000000000001, PE=8.521881934890427e-17 after 135 steps
Step: 36 -  phi=0.4350000000000001, PE=0.0 after 110 steps
Step: 37 -  phi=0.4360000000000001, PE=5.957008704984231e-17 after 139 steps
Step: 38 -  phi=0.4370000000000001, PE=5.8627698137662954e-18 after 112 steps
Step: 39 -  phi=0.4380000000000001, PE=8.507221453221126e-18 after 116 steps
Step: 40 -  phi=0.4390000000000001, PE=5.360488150792278e-17 after 108 steps
Step: 41 -  phi=0.4400000000000001, PE=0.0 after 114 steps
Step: 42 -  phi=0.4410000000000001, PE=0.0 after 111 steps
Step: 43 -  phi=0.4420000000000001, PE=0.0 after 123 steps
Step: 44 -  phi=0.4430000000000001, PE=5.047342470411945e-17 after 119 steps
Step: 45 -  phi=0.4440000000000001, PE=7.031082379805689e-17 after 115 steps
Step: 46 -  phi=0.4450000000000001, PE=4.070871760719899e-17 after 113 steps
Step: 47 -  phi=0.4460000000000001, PE=0.0 after 98 steps
Step: 48 -  phi=0.4470000000000001, PE=4.189838528440904e-17 after 111 steps
Step: 49 -  phi=0.4480000000000001, PE=7.670162785008336e-17 after 103 steps
Step: 50 -  phi=0.4490000000000001, PE=6.528294462162464e-17 after 121 steps
Step: 51 -  phi=0.4500000000000001, PE=0.0 after 115 steps
Step: 52 -  phi=0.4510000000000001, PE=0.0 after 115 steps
Step: 53 -  phi=0.4520000000000001, PE=6.333513592319099e-17 after 116 steps
Step: 54 -  phi=0.4530000000000001, PE=7.744317331083946e-17 after 110 steps
Step: 55 -  phi=0.4540000000000001, PE=0.0 after 110 steps
Step: 56 -  phi=0.4550000000000001, PE=9.857732504173346e-17 after 101 steps
Step: 57 -  phi=0.4560000000000001, PE=0.0 after 109 steps
Step: 58 -  phi=0.45700000000000013, PE=5.947888942793142e-17 after 103 steps
Step: 59 -  phi=0.45800000000000013, PE=8.342409764459495e-17 after 107 steps
Step: 60 -  phi=0.45900000000000013, PE=0.0 after 113 steps
Step: 61 -  phi=0.46000000000000013, PE=0.0 after 111 steps
Step: 62 -  phi=0.46100000000000013, PE=0.0 after 110 steps
Step: 63 -  phi=0.46200000000000013, PE=0.0 after 110 steps
Step: 64 -  phi=0.46300000000000013, PE=0.0 after 110 steps
Step: 65 -  phi=0.46400000000000013, PE=0.0 after 122 steps
Step: 66 -  phi=0.46500000000000014, PE=0.0 after 119 steps
Step: 67 -  phi=0.46600000000000014, PE=0.0 after 118 steps
Step: 68 -  phi=0.46700000000000014, PE=9.988782345292469e-17 after 125 steps
Step: 69 -  phi=0.46800000000000014, PE=0.0 after 129 steps
Step: 70 -  phi=0.46900000000000014, PE=3.023040937252611e-17 after 144 steps
Step: 71 -  phi=0.47000000000000014, PE=2.933755791351358e-17 after 150 steps
Step: 72 -  phi=0.47100000000000014, PE=0.0 after 135 steps
Step: 73 -  phi=0.47200000000000014, PE=0.0 after 144 steps
Step: 74 -  phi=0.47300000000000014, PE=5.234520491220295e-18 after 137 steps
Step: 75 -  phi=0.47400000000000014, PE=6.516741968570205e-17 after 136 steps
Step: 76 -  phi=0.47500000000000014, PE=1.0580987477919238e-17 after 151 steps
Step: 77 -  phi=0.47600000000000015, PE=7.605493336492421e-17 after 147 steps
Step: 78 -  phi=0.47700000000000015, PE=0.0 after 121 steps
Step: 79 -  phi=0.47800000000000015, PE=2.2129748753309645e-17 after 160 steps
Step: 80 -  phi=0.47900000000000015, PE=7.751731936182206e-17 after 144 steps
Step: 81 -  phi=0.48000000000000015, PE=9.768288900461735e-17 after 130 steps
Step: 82 -  phi=0.48100000000000015, PE=8.45248775405698e-17 after 145 steps
Step: 83 -  phi=0.48200000000000015, PE=9.402779146097905e-17 after 158 steps
Step: 84 -  phi=0.48300000000000015, PE=8.655695001029456e-17 after 170 steps
Step: 85 -  phi=0.48400000000000015, PE=7.618518529471643e-17 after 156 steps
Step: 86 -  phi=0.48500000000000015, PE=5.2720779600329155e-17 after 144 steps
Step: 87 -  phi=0.48600000000000015, PE=0.0 after 135 steps
Step: 88 -  phi=0.48700000000000015, PE=2.87086962672625e-17 after 149 steps
Step: 89 -  phi=0.48800000000000016, PE=4.3678312042597626e-17 after 149 steps
Step: 90 -  phi=0.48900000000000016, PE=0.0 after 137 steps
Step: 91 -  phi=0.49000000000000016, PE=4.269658792125375e-18 after 143 steps
Step: 92 -  phi=0.49100000000000016, PE=8.694729801061373e-17 after 148 steps
Step: 93 -  phi=0.49200000000000016, PE=9.007091486461999e-17 after 176 steps
Step: 94 -  phi=0.49300000000000016, PE=7.477056851481146e-17 after 133 steps
Step: 95 -  phi=0.49400000000000016, PE=0.0 after 129 steps
Step: 96 -  phi=0.49500000000000016, PE=0.0 after 131 steps
Step: 97 -  phi=0.49600000000000016, PE=3.577783675735736e-20 after 117 steps
Step: 98 -  phi=0.49700000000000016, PE=6.767279887664439e-19 after 121 steps
Step: 99 -  phi=0.49800000000000016, PE=7.503657550537561e-17 after 130 steps
Step: 100 -  phi=0.49900000000000017, PE=9.527927142528011e-17 after 167 steps
Step: 101 -  phi=0.5000000000000001, PE=7.524395301005436e-17 after 144 steps
Step: 102 -  phi=0.5010000000000001, PE=8.521171658862232e-17 after 147 steps
Step: 103 -  phi=0.5020000000000001, PE=3.934630100258166e-17 after 143 steps
Step: 104 -  phi=0.5030000000000001, PE=0.0 after 129 steps
Step: 105 -  phi=0.5040000000000001, PE=8.542741198313782e-17 after 126 steps
Step: 106 -  phi=0.5050000000000001, PE=0.0 after 141 steps
Step: 107 -  phi=0.5060000000000001, PE=4.7638999372199745e-17 after 126 steps
Step: 108 -  phi=0.5070000000000001, PE=7.795306049998434e-17 after 169 steps
Step: 109 -  phi=0.5080000000000001, PE=0.0 after 132 steps
Step: 110 -  phi=0.5090000000000001, PE=7.049768070738154e-18 after 150 steps
Step: 111 -  phi=0.5100000000000001, PE=1.884046539424889e-17 after 147 steps
Step: 112 -  phi=0.5110000000000001, PE=0.0 after 148 steps
Step: 113 -  phi=0.5120000000000001, PE=7.695634740709907e-17 after 140 steps
Step: 114 -  phi=0.5130000000000001, PE=1.9002182515948705e-17 after 145 steps
Step: 115 -  phi=0.5140000000000001, PE=5.872957126635637e-18 after 149 steps
Step: 116 -  phi=0.5150000000000001, PE=2.4796450420771333e-22 after 140 steps
Step: 117 -  phi=0.5160000000000001, PE=6.006379667261684e-17 after 163 steps
Step: 118 -  phi=0.5170000000000001, PE=8.7336033537538e-17 after 160 steps
Step: 119 -  phi=0.5180000000000001, PE=6.841292680264627e-17 after 159 steps
Step: 120 -  phi=0.5190000000000001, PE=6.321927150258687e-17 after 171 steps
Step: 121 -  phi=0.5200000000000001, PE=1.978307154689325e-17 after 129 steps
Step: 122 -  phi=0.5210000000000001, PE=9.399746171343038e-17 after 175 steps
Step: 123 -  phi=0.5220000000000001, PE=9.060790868189203e-17 after 199 steps
Step: 124 -  phi=0.5230000000000001, PE=6.6417071211299e-17 after 158 steps
Step: 125 -  phi=0.5240000000000001, PE=0.0 after 146 steps
Step: 126 -  phi=0.5250000000000001, PE=0.0 after 143 steps
Step: 127 -  phi=0.5260000000000001, PE=5.539447209229683e-18 after 129 steps
Step: 128 -  phi=0.5270000000000001, PE=0.0 after 138 steps
Step: 129 -  phi=0.5280000000000001, PE=4.562491845553092e-17 after 145 steps
Step: 130 -  phi=0.5290000000000001, PE=6.918817939186984e-17 after 157 steps
Step: 131 -  phi=0.5300000000000001, PE=0.0 after 138 steps
Step: 132 -  phi=0.5310000000000001, PE=4.183578525119723e-17 after 152 steps
Step: 133 -  phi=0.5320000000000001, PE=7.280171064298634e-17 after 143 steps
Step: 134 -  phi=0.5330000000000001, PE=2.4376307273634472e-17 after 161 steps
Step: 135 -  phi=0.5340000000000001, PE=1.8450236701067496e-18 after 144 steps
Step: 136 -  phi=0.5350000000000001, PE=8.801131100369817e-17 after 163 steps
Step: 137 -  phi=0.5360000000000001, PE=6.373162834961628e-18 after 138 steps
Step: 138 -  phi=0.5370000000000001, PE=9.319084609489286e-17 after 166 steps
Step: 139 -  phi=0.5380000000000001, PE=4.8126040303192375e-17 after 149 steps
Step: 140 -  phi=0.5390000000000001, PE=7.727651421080764e-17 after 160 steps
Step: 141 -  phi=0.5400000000000001, PE=1.245357722615548e-18 after 138 steps
Step: 142 -  phi=0.5410000000000001, PE=6.989993255101611e-17 after 152 steps
Step: 143 -  phi=0.5420000000000001, PE=0.0 after 156 steps
Step: 144 -  phi=0.5430000000000001, PE=0.0 after 149 steps
Step: 145 -  phi=0.5440000000000002, PE=0.0 after 144 steps
Step: 146 -  phi=0.5450000000000002, PE=8.518164105069874e-17 after 168 steps
Step: 147 -  phi=0.5460000000000002, PE=0.0 after 156 steps
Step: 148 -  phi=0.5470000000000002, PE=9.974256838443327e-17 after 186 steps
Step: 149 -  phi=0.5480000000000002, PE=1.8242364717097545e-17 after 164 steps
Step: 150 -  phi=0.5490000000000002, PE=2.0153010973607996e-17 after 165 steps
Step: 151 -  phi=0.5500000000000002, PE=0.0 after 148 steps
Step: 152 -  phi=0.5510000000000002, PE=7.004295148142558e-17 after 150 steps
Step: 153 -  phi=0.5520000000000002, PE=2.7334219040277517e-17 after 151 steps
Step: 154 -  phi=0.5530000000000002, PE=7.90109971814476e-17 after 253 steps
Step: 155 -  phi=0.5540000000000002, PE=4.3727142430700906e-17 after 183 steps
Step: 156 -  phi=0.5550000000000002, PE=7.525179207360837e-17 after 198 steps
Step: 157 -  phi=0.5560000000000002, PE=1.1126040391343421e-17 after 171 steps
Step: 158 -  phi=0.5570000000000002, PE=0.0 after 167 steps
Step: 159 -  phi=0.5580000000000002, PE=8.744440619612498e-17 after 266 steps
Step: 160 -  phi=0.5590000000000002, PE=6.962895507463955e-17 after 201 steps
Step: 161 -  phi=0.5600000000000002, PE=9.702728011018657e-17 after 233 steps
Step: 162 -  phi=0.5610000000000002, PE=0.0 after 166 steps
Step: 163 -  phi=0.5620000000000002, PE=8.032474449491326e-17 after 223 steps
Step: 164 -  phi=0.5630000000000002, PE=9.740019591862361e-17 after 176 steps
Step: 165 -  phi=0.5640000000000002, PE=7.503667487989879e-17 after 203 steps
Step: 166 -  phi=0.5650000000000002, PE=8.095360099500998e-18 after 185 steps
Step: 167 -  phi=0.5660000000000002, PE=9.828471172282403e-17 after 186 steps
Step: 168 -  phi=0.5670000000000002, PE=8.50912687011862e-17 after 188 steps
Step: 169 -  phi=0.5680000000000002, PE=3.497684172144522e-17 after 193 steps
Step: 170 -  phi=0.5690000000000002, PE=3.5297022118219844e-19 after 175 steps
Step: 171 -  phi=0.5700000000000002, PE=4.302615593929469e-17 after 177 steps
Step: 172 -  phi=0.5710000000000002, PE=0.0 after 191 steps
Step: 173 -  phi=0.5720000000000002, PE=5.980700394362626e-17 after 206 steps
Step: 174 -  phi=0.5730000000000002, PE=0.0 after 179 steps
Step: 175 -  phi=0.5740000000000002, PE=9.715797787304704e-17 after 213 steps
Step: 176 -  phi=0.5750000000000002, PE=9.687733890939251e-17 after 185 steps
Step: 177 -  phi=0.5760000000000002, PE=7.684895510018106e-17 after 197 steps
Step: 178 -  phi=0.5770000000000002, PE=7.377786902299921e-17 after 196 steps
Step: 179 -  phi=0.5780000000000002, PE=7.098447253683265e-17 after 212 steps
Step: 180 -  phi=0.5790000000000002, PE=2.3082946990422747e-17 after 190 steps
Step: 181 -  phi=0.5800000000000002, PE=7.048192959328438e-17 after 197 steps
Step: 182 -  phi=0.5810000000000002, PE=6.264304142651533e-17 after 189 steps
Step: 183 -  phi=0.5820000000000002, PE=8.747621295310963e-17 after 188 steps
Step: 184 -  phi=0.5830000000000002, PE=8.371742957062876e-17 after 229 steps
Step: 185 -  phi=0.5840000000000002, PE=5.623017308181161e-17 after 202 steps
Step: 186 -  phi=0.5850000000000002, PE=4.765523883641867e-17 after 214 steps
Step: 187 -  phi=0.5860000000000002, PE=8.828145666461635e-17 after 214 steps
Step: 188 -  phi=0.5870000000000002, PE=6.455625811979855e-17 after 236 steps
Step: 189 -  phi=0.5880000000000002, PE=9.073167488695331e-17 after 221 steps
Step: 190 -  phi=0.5890000000000002, PE=9.272128282555972e-17 after 213 steps
Step: 191 -  phi=0.5900000000000002, PE=4.84729008561272e-17 after 204 steps
Step: 192 -  phi=0.5910000000000002, PE=1.8575534731218238e-17 after 193 steps
Step: 193 -  phi=0.5920000000000002, PE=3.7641005135497415e-17 after 205 steps
Step: 194 -  phi=0.5930000000000002, PE=0.0 after 227 steps
Step: 195 -  phi=0.5940000000000002, PE=7.857800695348243e-17 after 214 steps
Step: 196 -  phi=0.5950000000000002, PE=9.813626493816832e-17 after 207 steps
Step: 197 -  phi=0.5960000000000002, PE=3.2647205550119143e-17 after 228 steps
Step: 198 -  phi=0.5970000000000002, PE=4.2943330767223103e-17 after 207 steps
Step: 199 -  phi=0.5980000000000002, PE=7.244806346902545e-17 after 228 steps
Step: 200 -  phi=0.5990000000000002, PE=8.056104075267324e-17 after 252 steps
Step: 201 -  phi=0.6000000000000002, PE=7.188250591864793e-17 after 223 steps
Step: 202 -  phi=0.6010000000000002, PE=8.637096907113516e-17 after 231 steps
Step: 203 -  phi=0.6020000000000002, PE=7.530349109339359e-17 after 215 steps
Step: 204 -  phi=0.6030000000000002, PE=0.0 after 217 steps
Step: 205 -  phi=0.6040000000000002, PE=4.2330313663125326e-17 after 211 steps
Step: 206 -  phi=0.6050000000000002, PE=9.200237050429134e-17 after 220 steps
Step: 207 -  phi=0.6060000000000002, PE=8.3630965185733e-17 after 220 steps
Step: 208 -  phi=0.6070000000000002, PE=1.9919223372660706e-17 after 215 steps
Step: 209 -  phi=0.6080000000000002, PE=3.5407447642155844e-17 after 209 steps
Step: 210 -  phi=0.6090000000000002, PE=3.785342963132671e-17 after 213 steps
Step: 211 -  phi=0.6100000000000002, PE=7.889472477301499e-17 after 230 steps
Step: 212 -  phi=0.6110000000000002, PE=7.846983253926296e-17 after 266 steps
Step: 213 -  phi=0.6120000000000002, PE=9.73643271243978e-17 after 256 steps
Step: 214 -  phi=0.6130000000000002, PE=8.523183528464095e-17 after 246 steps
Step: 215 -  phi=0.6140000000000002, PE=1.5384455678159582e-17 after 243 steps
Step: 216 -  phi=0.6150000000000002, PE=4.4048760811676966e-17 after 240 steps
Step: 217 -  phi=0.6160000000000002, PE=9.908550090097358e-17 after 254 steps
Step: 218 -  phi=0.6170000000000002, PE=9.550049036239164e-17 after 261 steps
Step: 219 -  phi=0.6180000000000002, PE=9.665647050997582e-17 after 263 steps
Step: 220 -  phi=0.6190000000000002, PE=7.44098761304018e-17 after 254 steps
Step: 221 -  phi=0.6200000000000002, PE=9.454680546600015e-17 after 248 steps
Step: 222 -  phi=0.6210000000000002, PE=6.08552064664529e-17 after 250 steps
Step: 223 -  phi=0.6220000000000002, PE=6.9183068850123e-17 after 224 steps
Step: 224 -  phi=0.6230000000000002, PE=8.174247903382705e-17 after 237 steps
Step: 225 -  phi=0.6240000000000002, PE=8.070864823197573e-17 after 224 steps
Step: 226 -  phi=0.6250000000000002, PE=4.318292676946506e-17 after 238 steps
Step: 227 -  phi=0.6260000000000002, PE=1.291148125052784e-17 after 209 steps
Step: 228 -  phi=0.6270000000000002, PE=7.46300769681015e-17 after 243 steps
Step: 229 -  phi=0.6280000000000002, PE=0.0 after 210 steps
Step: 230 -  phi=0.6290000000000002, PE=7.361381422457256e-17 after 229 steps
Step: 231 -  phi=0.6300000000000002, PE=9.091962661937162e-17 after 209 steps
Step: 232 -  phi=0.6310000000000002, PE=8.882670916340959e-17 after 209 steps
Step: 233 -  phi=0.6320000000000002, PE=7.799354632045936e-17 after 229 steps
Step: 234 -  phi=0.6330000000000002, PE=8.42104057375093e-17 after 245 steps
Step: 235 -  phi=0.6340000000000002, PE=8.770008942886355e-17 after 251 steps
Step: 236 -  phi=0.6350000000000002, PE=5.724676213295391e-17 after 254 steps
Step: 237 -  phi=0.6360000000000002, PE=4.704097363249685e-17 after 246 steps
Step: 238 -  phi=0.6370000000000002, PE=6.361728250399795e-17 after 243 steps
Step: 239 -  phi=0.6380000000000002, PE=9.093892303722382e-17 after 281 steps
Step: 240 -  phi=0.6390000000000002, PE=7.397318540660884e-17 after 256 steps
Step: 241 -  phi=0.6400000000000002, PE=5.0704775601432805e-17 after 255 steps
Step: 242 -  phi=0.6410000000000002, PE=6.003201768215948e-17 after 249 steps
Step: 243 -  phi=0.6420000000000002, PE=8.992466617119585e-17 after 279 steps
Step: 244 -  phi=0.6430000000000002, PE=6.18024448034098e-17 after 250 steps
Step: 245 -  phi=0.6440000000000002, PE=9.786992359868544e-17 after 252 steps
Step: 246 -  phi=0.6450000000000002, PE=5.768979205116165e-17 after 253 steps
Step: 247 -  phi=0.6460000000000002, PE=5.608370299408189e-17 after 259 steps
Step: 248 -  phi=0.6470000000000002, PE=9.412070660826028e-17 after 255 steps
Step: 249 -  phi=0.6480000000000002, PE=8.374694612787186e-17 after 259 steps
Step: 250 -  phi=0.6490000000000002, PE=7.423091945172609e-17 after 248 steps
Step: 251 -  phi=0.6500000000000002, PE=8.767978506993223e-17 after 240 steps
Step: 252 -  phi=0.6510000000000002, PE=9.538750156292913e-17 after 313 steps
Step: 253 -  phi=0.6520000000000002, PE=9.266505789317549e-17 after 265 steps
Step: 254 -  phi=0.6530000000000002, PE=6.20610382529602e-17 after 258 steps
Step: 255 -  phi=0.6540000000000002, PE=7.694548081172505e-17 after 276 steps
Step: 256 -  phi=0.6550000000000002, PE=7.190314190024124e-17 after 246 steps
Step: 257 -  phi=0.6560000000000002, PE=4.755271429700648e-17 after 236 steps
Step: 258 -  phi=0.6570000000000003, PE=9.222008130803593e-17 after 246 steps
Step: 259 -  phi=0.6580000000000003, PE=5.4797584294405214e-17 after 241 steps
Step: 260 -  phi=0.6590000000000003, PE=9.096474227905769e-17 after 253 steps
Step: 261 -  phi=0.6600000000000003, PE=8.480102100981152e-17 after 257 steps
Step: 262 -  phi=0.6610000000000003, PE=9.703030941176957e-17 after 226 steps
Step: 263 -  phi=0.6620000000000003, PE=9.927315990956518e-17 after 258 steps
Step: 264 -  phi=0.6630000000000003, PE=7.731690732971861e-17 after 244 steps
Step: 265 -  phi=0.6640000000000003, PE=8.678593613666981e-17 after 266 steps
Step: 266 -  phi=0.6650000000000003, PE=7.50273617767735e-17 after 236 steps
Step: 267 -  phi=0.6660000000000003, PE=5.0101957915683014e-17 after 241 steps
Step: 268 -  phi=0.6670000000000003, PE=7.567776812878392e-17 after 256 steps
Step: 269 -  phi=0.6680000000000003, PE=3.3533614606640977e-17 after 214 steps
Step: 270 -  phi=0.6690000000000003, PE=7.691145551426409e-17 after 262 steps
Step: 271 -  phi=0.6700000000000003, PE=1.469872591916813e-17 after 274 steps
Step: 272 -  phi=0.6710000000000003, PE=8.523499520256173e-17 after 265 steps
Step: 273 -  phi=0.6720000000000003, PE=5.1919364468686173e-17 after 280 steps
Step: 274 -  phi=0.6730000000000003, PE=8.477501080816849e-17 after 284 steps
Step: 275 -  phi=0.6740000000000003, PE=5.305651195535693e-17 after 277 steps
Step: 276 -  phi=0.6750000000000003, PE=6.120452421669736e-17 after 281 steps
Step: 277 -  phi=0.6760000000000003, PE=7.513255484692293e-17 after 273 steps
Step: 278 -  phi=0.6770000000000003, PE=9.905789394690759e-17 after 285 steps
Step: 279 -  phi=0.6780000000000003, PE=3.191825515764829e-17 after 278 steps
Step: 280 -  phi=0.6790000000000003, PE=7.480772613426967e-17 after 293 steps
Step: 281 -  phi=0.6800000000000003, PE=8.261427237629295e-17 after 308 steps
Step: 282 -  phi=0.6810000000000003, PE=8.03993755662962e-17 after 291 steps
Step: 283 -  phi=0.6820000000000003, PE=3.848253970358864e-17 after 284 steps
Step: 284 -  phi=0.6830000000000003, PE=5.949090667598352e-17 after 280 steps
Step: 285 -  phi=0.6840000000000003, PE=8.168820937042481e-17 after 308 steps
Step: 286 -  phi=0.6850000000000003, PE=6.70790490283626e-17 after 272 steps
Step: 287 -  phi=0.6860000000000003, PE=8.435231940323513e-17 after 297 steps
Step: 288 -  phi=0.6870000000000003, PE=7.621701566618994e-17 after 290 steps
Step: 289 -  phi=0.6880000000000003, PE=9.645588107676246e-17 after 310 steps
Step: 290 -  phi=0.6890000000000003, PE=9.927682161131894e-17 after 318 steps
Step: 291 -  phi=0.6900000000000003, PE=9.615302377884669e-17 after 345 steps
Step: 292 -  phi=0.6910000000000003, PE=8.891066654818877e-17 after 318 steps
Step: 293 -  phi=0.6920000000000003, PE=9.72564378830725e-17 after 354 steps
Step: 294 -  phi=0.6930000000000003, PE=7.334106222446722e-17 after 308 steps
Step: 295 -  phi=0.6940000000000003, PE=7.985445314252282e-17 after 344 steps
Step: 296 -  phi=0.6950000000000003, PE=9.616983160413878e-17 after 340 steps
Step: 297 -  phi=0.6960000000000003, PE=8.397346110719864e-17 after 320 steps
Step: 298 -  phi=0.6970000000000003, PE=9.09938510061449e-17 after 321 steps
Step: 299 -  phi=0.6980000000000003, PE=9.189647145408313e-17 after 334 steps
Step: 300 -  phi=0.6990000000000003, PE=5.312969584609792e-17 after 319 steps
Step: 301 -  phi=0.7000000000000003, PE=6.457295816353698e-17 after 297 steps
Step: 302 -  phi=0.7010000000000003, PE=8.197036981571364e-17 after 310 steps
Step: 303 -  phi=0.7020000000000003, PE=4.573101223768228e-17 after 301 steps
Step: 304 -  phi=0.7030000000000003, PE=7.455593065690626e-17 after 286 steps
Step: 305 -  phi=0.7040000000000003, PE=8.612665938955471e-17 after 308 steps
Step: 306 -  phi=0.7050000000000003, PE=9.518769351934322e-17 after 323 steps
Step: 307 -  phi=0.7060000000000003, PE=9.193427328481776e-17 after 297 steps
Step: 308 -  phi=0.7070000000000003, PE=8.982656786974966e-17 after 312 steps
Step: 309 -  phi=0.7080000000000003, PE=9.879665150675558e-17 after 342 steps
Step: 310 -  phi=0.7090000000000003, PE=9.541507048259941e-17 after 305 steps
Step: 311 -  phi=0.7100000000000003, PE=3.075284787318608e-17 after 297 steps
Step: 312 -  phi=0.7110000000000003, PE=9.495921729597046e-17 after 289 steps
Step: 313 -  phi=0.7120000000000003, PE=9.385272299729099e-17 after 286 steps
Step: 314 -  phi=0.7130000000000003, PE=7.290442302746343e-17 after 275 steps
Step: 315 -  phi=0.7140000000000003, PE=6.528286313565625e-17 after 275 steps
Step: 316 -  phi=0.7150000000000003, PE=8.731333971911668e-17 after 309 steps
Step: 317 -  phi=0.7160000000000003, PE=7.091972631904463e-17 after 291 steps
Step: 318 -  phi=0.7170000000000003, PE=9.888690928677921e-17 after 291 steps
Step: 319 -  phi=0.7180000000000003, PE=8.674765859726047e-17 after 290 steps
Step: 320 -  phi=0.7190000000000003, PE=9.929785537457944e-17 after 335 steps
Step: 321 -  phi=0.7200000000000003, PE=5.0271323882379146e-17 after 300 steps
Step: 322 -  phi=0.7210000000000003, PE=7.08479017592139e-17 after 284 steps
Step: 323 -  phi=0.7220000000000003, PE=6.786278913485301e-17 after 310 steps
Step: 324 -  phi=0.7230000000000003, PE=9.702282374143752e-17 after 311 steps
Step: 325 -  phi=0.7240000000000003, PE=8.26857429449364e-17 after 327 steps
Step: 326 -  phi=0.7250000000000003, PE=8.078021288366619e-17 after 286 steps
Step: 327 -  phi=0.7260000000000003, PE=9.968579718521573e-17 after 294 steps
Step: 328 -  phi=0.7270000000000003, PE=8.609541389432928e-17 after 305 steps
Step: 329 -  phi=0.7280000000000003, PE=9.166894087794382e-17 after 299 steps
Step: 330 -  phi=0.7290000000000003, PE=9.155407009455945e-17 after 288 steps
Step: 331 -  phi=0.7300000000000003, PE=8.963821174677812e-17 after 317 steps
Step: 332 -  phi=0.7310000000000003, PE=9.015298330964505e-17 after 413 steps
Step: 333 -  phi=0.7320000000000003, PE=9.354661276614505e-17 after 373 steps
Step: 334 -  phi=0.7330000000000003, PE=7.500425007942296e-17 after 344 steps
Step: 335 -  phi=0.7340000000000003, PE=8.049654539971876e-17 after 336 steps
Step: 336 -  phi=0.7350000000000003, PE=6.851787096661443e-17 after 349 steps
Step: 337 -  phi=0.7360000000000003, PE=8.916818459005903e-17 after 391 steps
Step: 338 -  phi=0.7370000000000003, PE=9.354792108245656e-17 after 332 steps
Step: 339 -  phi=0.7380000000000003, PE=7.322032258238378e-17 after 320 steps
Step: 340 -  phi=0.7390000000000003, PE=8.899180526241909e-17 after 338 steps
Step: 341 -  phi=0.7400000000000003, PE=4.292474834531717e-17 after 339 steps
Step: 342 -  phi=0.7410000000000003, PE=8.080890860020749e-17 after 335 steps
Step: 343 -  phi=0.7420000000000003, PE=8.198044081047655e-17 after 346 steps
Step: 344 -  phi=0.7430000000000003, PE=9.10827887964952e-17 after 339 steps
Step: 345 -  phi=0.7440000000000003, PE=9.389692297870512e-17 after 329 steps
Step: 346 -  phi=0.7450000000000003, PE=8.911582203352597e-17 after 349 steps
Step: 347 -  phi=0.7460000000000003, PE=8.609739474675768e-17 after 336 steps
Step: 348 -  phi=0.7470000000000003, PE=8.318374667814417e-17 after 363 steps
Step: 349 -  phi=0.7480000000000003, PE=9.153574470247432e-17 after 358 steps
Step: 350 -  phi=0.7490000000000003, PE=9.922423202171106e-17 after 344 steps
Step: 351 -  phi=0.7500000000000003, PE=9.599206867060732e-17 after 362 steps
Step: 352 -  phi=0.7510000000000003, PE=6.628896558275979e-17 after 318 steps
Step: 353 -  phi=0.7520000000000003, PE=9.048073578334213e-17 after 366 steps
Step: 354 -  phi=0.7530000000000003, PE=7.809017732034163e-17 after 352 steps
Step: 355 -  phi=0.7540000000000003, PE=6.67701041545351e-17 after 400 steps
Step: 356 -  phi=0.7550000000000003, PE=9.031005373804857e-17 after 384 steps
Step: 357 -  phi=0.7560000000000003, PE=9.421015401329795e-17 after 378 steps
Step: 358 -  phi=0.7570000000000003, PE=6.163159942568193e-17 after 378 steps
Step: 359 -  phi=0.7580000000000003, PE=7.758756137904242e-17 after 374 steps
Step: 360 -  phi=0.7590000000000003, PE=9.020282902403812e-17 after 356 steps
Step: 361 -  phi=0.7600000000000003, PE=8.566184846946835e-17 after 347 steps
Step: 362 -  phi=0.7610000000000003, PE=9.194554216877958e-17 after 358 steps
Step: 363 -  phi=0.7620000000000003, PE=9.131200279176005e-17 after 364 steps
Step: 364 -  phi=0.7630000000000003, PE=9.865258807764716e-17 after 375 steps
Step: 365 -  phi=0.7640000000000003, PE=7.457605289888872e-17 after 356 steps
Step: 366 -  phi=0.7650000000000003, PE=8.781274605009715e-17 after 410 steps
Step: 367 -  phi=0.7660000000000003, PE=4.5052347188821073e-17 after 369 steps
Step: 368 -  phi=0.7670000000000003, PE=9.304264167210325e-17 after 388 steps
Step: 369 -  phi=0.7680000000000003, PE=9.060768278287563e-17 after 379 steps
Step: 370 -  phi=0.7690000000000003, PE=9.840057001208334e-17 after 373 steps
Step: 371 -  phi=0.7700000000000004, PE=9.78808143442729e-17 after 430 steps
Step: 372 -  phi=0.7710000000000004, PE=8.102805928010226e-17 after 393 steps
Step: 373 -  phi=0.7720000000000004, PE=9.958314684393472e-17 after 413 steps
Step: 374 -  phi=0.7730000000000004, PE=8.111624576762818e-17 after 409 steps
Step: 375 -  phi=0.7740000000000004, PE=8.59995869196301e-17 after 387 steps
Step: 376 -  phi=0.7750000000000004, PE=9.762827441156262e-17 after 375 steps
Step: 377 -  phi=0.7760000000000004, PE=9.028612141747252e-17 after 408 steps
Step: 378 -  phi=0.7770000000000004, PE=9.96860793384721e-17 after 614 steps
Step: 379 -  phi=0.7780000000000004, PE=8.251981415076825e-17 after 421 steps
Step: 380 -  phi=0.7790000000000004, PE=8.907828697176106e-17 after 464 steps
Step: 381 -  phi=0.7800000000000004, PE=9.98748376185464e-17 after 406 steps
Step: 382 -  phi=0.7810000000000004, PE=9.741252771027234e-17 after 420 steps
Step: 383 -  phi=0.7820000000000004, PE=7.503275740508414e-17 after 405 steps
Step: 384 -  phi=0.7830000000000004, PE=9.564211762108248e-17 after 453 steps
Step: 385 -  phi=0.7840000000000004, PE=7.683983571300328e-17 after 442 steps
Step: 386 -  phi=0.7850000000000004, PE=9.224741101483006e-17 after 431 steps
Step: 387 -  phi=0.7860000000000004, PE=9.00660810077698e-17 after 416 steps
Step: 388 -  phi=0.7870000000000004, PE=8.795300375540783e-17 after 469 steps
Step: 389 -  phi=0.7880000000000004, PE=9.738797808391632e-17 after 453 steps
Step: 390 -  phi=0.7890000000000004, PE=9.49006136736534e-17 after 431 steps
Step: 391 -  phi=0.7900000000000004, PE=9.747497474244453e-17 after 447 steps
Step: 392 -  phi=0.7910000000000004, PE=9.05243807925811e-17 after 475 steps
Step: 393 -  phi=0.7920000000000004, PE=8.976976152000487e-17 after 535 steps
Step: 394 -  phi=0.7930000000000004, PE=7.269726692184203e-17 after 432 steps
Step: 395 -  phi=0.7940000000000004, PE=9.820042853506271e-17 after 555 steps
Step: 396 -  phi=0.7950000000000004, PE=8.452019746809877e-17 after 536 steps
Step: 397 -  phi=0.7960000000000004, PE=9.799944298537261e-17 after 501 steps
Step: 398 -  phi=0.7970000000000004, PE=9.081619004960058e-17 after 503 steps
Step: 399 -  phi=0.7980000000000004, PE=9.798283972759494e-17 after 529 steps
Step: 400 -  phi=0.7990000000000004, PE=9.683919772685278e-17 after 576 steps
Step: 401 -  phi=0.8000000000000004, PE=8.520766368097901e-17 after 486 steps
Step: 402 -  phi=0.8010000000000004, PE=9.2061150875642e-17 after 569 steps
Step: 403 -  phi=0.8020000000000004, PE=6.899701119446671e-17 after 549 steps
Step: 404 -  phi=0.8030000000000004, PE=9.740394484174729e-17 after 578 steps
Step: 405 -  phi=0.8040000000000004, PE=9.816453561980753e-17 after 560 steps
Step: 406 -  phi=0.8050000000000004, PE=9.559863291025358e-17 after 624 steps
Step: 407 -  phi=0.8060000000000004, PE=9.997087546558006e-17 after 496 steps
Step: 408 -  phi=0.8070000000000004, PE=8.607146543581013e-17 after 505 steps
Step: 409 -  phi=0.8080000000000004, PE=8.972823515357575e-17 after 544 steps
Step: 410 -  phi=0.8090000000000004, PE=8.743208802621608e-17 after 499 steps
Step: 411 -  phi=0.8100000000000004, PE=9.312399503915505e-17 after 571 steps
Step: 412 -  phi=0.8110000000000004, PE=8.327745518257278e-17 after 498 steps
Step: 413 -  phi=0.8120000000000004, PE=8.697865840400358e-17 after 590 steps
Step: 414 -  phi=0.8130000000000004, PE=9.048913552220621e-17 after 574 steps
Step: 415 -  phi=0.8140000000000004, PE=9.643582824865686e-17 after 588 steps
Step: 416 -  phi=0.8150000000000004, PE=6.935742599601312e-17 after 540 steps
Step: 417 -  phi=0.8160000000000004, PE=9.618812742103793e-17 after 601 steps
Step: 418 -  phi=0.8170000000000004, PE=9.97818212993529e-17 after 605 steps
Step: 419 -  phi=0.8180000000000004, PE=9.797210415414145e-17 after 610 steps
Step: 420 -  phi=0.8190000000000004, PE=9.632919823565247e-17 after 664 steps
Step: 421 -  phi=0.8200000000000004, PE=8.425259222474558e-17 after 624 steps
Step: 422 -  phi=0.8210000000000004, PE=9.310729953383021e-17 after 687 steps
Step: 423 -  phi=0.8220000000000004, PE=9.200304843296688e-17 after 750 steps
Step: 424 -  phi=0.8230000000000004, PE=7.291767216402422e-17 after 748 steps
Step: 425 -  phi=0.8240000000000004, PE=9.544430282609361e-17 after 726 steps
Step: 426 -  phi=0.8250000000000004, PE=9.389666496201728e-17 after 615 steps
Step: 427 -  phi=0.8260000000000004, PE=9.789364469897528e-17 after 665 steps
Step: 428 -  phi=0.8270000000000004, PE=9.723033236674141e-17 after 671 steps
Step: 429 -  phi=0.8280000000000004, PE=8.281180287753304e-17 after 701 steps
Step: 430 -  phi=0.8290000000000004, PE=8.781563055735519e-17 after 680 steps
Step: 431 -  phi=0.8300000000000004, PE=9.782290168736406e-17 after 716 steps
Step: 432 -  phi=0.8310000000000004, PE=9.091958007031398e-17 after 693 steps
Step: 433 -  phi=0.8320000000000004, PE=9.083166683941973e-17 after 835 steps
Step: 434 -  phi=0.8330000000000004, PE=9.994335950601467e-17 after 1182 steps
Step: 435 -  phi=0.8340000000000004, PE=9.59965433556501e-17 after 1122 steps
Step: 436 -  phi=0.8350000000000004, PE=9.842461150014306e-17 after 1101 steps
Step: 437 -  phi=0.8360000000000004, PE=9.458731104089166e-17 after 1170 steps
Step: 438 -  phi=0.8370000000000004, PE=9.528829795554007e-17 after 1163 steps
Step: 439 -  phi=0.8380000000000004, PE=9.42636964562269e-17 after 1289 steps
Step: 440 -  phi=0.8390000000000004, PE=9.909965470555177e-17 after 1738 steps
Step: 441 -  phi=0.8400000000000004, PE=9.924436065875678e-17 after 2464 steps
Step: 442 -  phi=0.8410000000000004, PE=9.388201785819706e-17 after 2223 steps
Step: 443 -  phi=0.8420000000000004, PE=9.5880930575264e-17 after 2036 steps
Step: 444 -  phi=0.8430000000000004, PE=9.548500173109524e-17 after 2537 steps
Step: 445 -  phi=0.8440000000000004, PE=9.943948238488572e-17 after 2879 steps
Step: 446 -  phi=0.8450000000000004, PE=9.959467454544694e-17 after 5324 steps
Step: 447 -  phi=0.8460000000000004, PE=9.858594207889571e-17 after 4009 steps
Step: 448 -  phi=0.8470000000000004, PE=9.906420059825266e-17 after 6155 steps
Step: 449 -  phi=0.8480000000000004, PE=9.976459185264531e-17 after 7977 steps
Step: 450 -  phi=0.8490000000000004, PE=9.794706460554203e-17 after 4395 steps
Step: 451 -  phi=0.8500000000000004, PE=9.948826304594497e-17 after 6265 steps
Step: 452 -  phi=0.8510000000000004, PE=9.995387445880821e-17 after 14894 steps
Step: 453 -  phi=0.8520000000000004, PE=9.994743235315964e-17 after 17104 steps
Step: 454 -  phi=0.8530000000000004, PE=9.998368895688603e-17 after 15949 steps
Step: 455 -  phi=0.8540000000000004, PE=9.941161953128195e-17 after 22015 steps
Step: 456 -  phi=0.8550000000000004, PE=9.99804701238433e-17 after 119612 steps
Step: 457 -  phi=0.8560000000000004, PE=9.983114548558298e-17 after 26153 steps
Step: 458 -  phi=0.8570000000000004, PE=1.6080369677162492e-09 after 126176 steps
Step: 459 -  phi=0.8565000000000005, PE=9.108760884757114e-10 after 75889 steps
Step: 460 -  phi=0.8562500000000004, PE=9.999292197761773e-17 after 131200 steps
Step: 461 -  phi=0.8563750000000004, PE=9.993189417843846e-17 after 69576 steps
Step: 462 -  phi=0.8564375000000004, PE=9.987762610996429e-17 after 25936 steps
Step: 463 -  phi=0.8564687500000004, PE=9.999951843310818e-17 after 161233 steps
Step: 464 -  phi=0.8564843750000004, PE=9.998945973499716e-17 after 214648 steps
Step: 465 -  phi=0.8564921875000004, PE=9.999639504792582e-17 after 123381 steps
Step: 466 -  phi=0.8564960937500005, PE=9.998528263377441e-17 after 132837 steps
Step: 467 -  phi=0.8564980468750005, PE=9.998084834491876e-17 after 69921 steps
Step: 468 -  phi=0.8564990234375005, PE=9.998119479433662e-17 after 56786 steps
Step: 469 -  phi=0.8564995117187505, PE=9.999930789668627e-17 after 74814 steps
Step: 470 -  phi=0.8564997558593754, PE=9.998854689157549e-17 after 40562 steps
Step: 471 -  phi=0.856499877929688, PE=9.999452797425999e-17 after 38829 steps
Step: 472 -  phi=0.8564999389648442, PE=9.999954528858548e-17 after 37244 steps
Step: 473 -  phi=0.8564999694824224, PE=9.999755513592436e-17 after 19292 steps
Step: 474 -  phi=0.8564999847412114, PE=9.999503718052197e-17 after 13953 steps
Step: 475 -  phi=0.8564999923706059, PE=9.999844820384537e-17 after 10077 steps
Step: 476 -  phi=0.8564999961853033, PE=9.999967415465729e-17 after 7221 steps
Step: 477 -  phi=0.8564999980926519, PE=9.999931136816142e-17 after 5202 steps
Step: 478 -  phi=0.8564999990463262, PE=9.999902921080448e-17 after 3706 steps
Step: 479 -  phi=0.8564999995231634, PE=9.999915214977835e-17 after 2617 steps
Step: 480 -  phi=0.8564999997615819, PE=9.99996759358522e-17 after 1896 steps
Step: 481 -  phi=0.8564999998807912, PE=9.999979226271135e-17 after 1401 steps
Step: 482 -  phi=0.8564999999403958, PE=9.999982162925093e-17 after 1012 steps
Jammed: phi = 0.856500, residual PE = 1.000e-16
