The following modules were not unloaded:
  (Use "module --force purge" to unload all):

  1) StdEnv
E0627 13:25:53.196115 1154107 numa_hwloc.cc:121] Call to hwloc_set_cpubind() failed: Invalid argument [22]
sys:1: RuntimeWarning: h5: callable: skipping callable field 'user_pre_step_actions' (<PjitFunction of <function _save_state_system at 0x1524a9f73ba0>>); handle explicitly
sys:1: RuntimeWarning: h5: callable: skipping callable field 'user_post_step_actions' (<PjitFunction of <function _save_state_system at 0x1524a9f73ba0>>); handle explicitly
/home/rg2248/analysis/summer-26/jam/thomson/jam2d-thomson.py:74: RuntimeWarning: h5: callable: skipping callable field '0' (<function fire.<locals>.init at 0x1523959db100>); handle explicitly
  save(system, join(data_root, 'system.h5'))
/home/rg2248/analysis/summer-26/jam/thomson/jam2d-thomson.py:74: RuntimeWarning: h5: callable: skipping callable field '1' (<function fire.<locals>.update at 0x1523959dafc0>); handle explicitly
  save(system, join(data_root, 'system.h5'))
Initial minimization took 0 steps.
Step: 1 -  phi=0.4000000000000001, PE=9.936158555948296e-23 after 0 steps
Step: 2 -  phi=0.4010000000000001, PE=6.226536992135695e-17 after 129 steps
Step: 3 -  phi=0.4020000000000001, PE=3.9956569860532e-17 after 108 steps
Step: 4 -  phi=0.4030000000000001, PE=4.081206057694294e-17 after 129 steps
Step: 5 -  phi=0.4040000000000001, PE=8.904780049253665e-17 after 105 steps
Step: 6 -  phi=0.4050000000000001, PE=7.875236782199105e-17 after 200 steps
Step: 7 -  phi=0.4060000000000001, PE=0.0 after 132 steps
Step: 8 -  phi=0.4070000000000001, PE=0.0 after 135 steps
Step: 9 -  phi=0.4080000000000001, PE=8.479306239063376e-17 after 159 steps
Step: 10 -  phi=0.4090000000000001, PE=5.770940834387926e-17 after 151 steps
Step: 11 -  phi=0.4100000000000001, PE=1.0626878421868787e-18 after 138 steps
Step: 12 -  phi=0.4110000000000001, PE=0.0 after 156 steps
Step: 13 -  phi=0.4120000000000001, PE=9.910366006257647e-17 after 121 steps
Step: 14 -  phi=0.4130000000000001, PE=0.0 after 144 steps
Step: 15 -  phi=0.4140000000000001, PE=0.0 after 131 steps
Step: 16 -  phi=0.4150000000000001, PE=0.0 after 144 steps
Step: 17 -  phi=0.4160000000000001, PE=1.1347506752947117e-17 after 150 steps
Step: 18 -  phi=0.4170000000000001, PE=7.371928224402251e-17 after 163 steps
Step: 19 -  phi=0.4180000000000001, PE=0.0 after 129 steps
Step: 20 -  phi=0.4190000000000001, PE=0.0 after 138 steps
Step: 21 -  phi=0.4200000000000001, PE=3.750281986137257e-17 after 127 steps
Step: 22 -  phi=0.4210000000000001, PE=0.0 after 129 steps
Step: 23 -  phi=0.4220000000000001, PE=0.0 after 135 steps
Step: 24 -  phi=0.4230000000000001, PE=0.0 after 125 steps
Step: 25 -  phi=0.4240000000000001, PE=8.297856225233037e-17 after 149 steps
Step: 26 -  phi=0.4250000000000001, PE=3.0459882287048006e-19 after 144 steps
Step: 27 -  phi=0.4260000000000001, PE=5.986881133270289e-17 after 164 steps
Step: 28 -  phi=0.4270000000000001, PE=4.0768439177945866e-17 after 111 steps
Step: 29 -  phi=0.4280000000000001, PE=0.0 after 126 steps
Step: 30 -  phi=0.4290000000000001, PE=0.0 after 110 steps
Step: 31 -  phi=0.4300000000000001, PE=1.712856980698727e-17 after 114 steps
Step: 32 -  phi=0.4310000000000001, PE=9.490224039946653e-17 after 140 steps
Step: 33 -  phi=0.4320000000000001, PE=7.313099465857469e-19 after 120 steps
Step: 34 -  phi=0.4330000000000001, PE=0.0 after 127 steps
Step: 35 -  phi=0.4340000000000001, PE=0.0 after 127 steps
Step: 36 -  phi=0.4350000000000001, PE=7.356429289374387e-17 after 131 steps
Step: 37 -  phi=0.4360000000000001, PE=8.498930920782168e-17 after 129 steps
Step: 38 -  phi=0.4370000000000001, PE=6.030083170416334e-17 after 132 steps
Step: 39 -  phi=0.4380000000000001, PE=0.0 after 116 steps
Step: 40 -  phi=0.4390000000000001, PE=4.092949597363174e-17 after 125 steps
Step: 41 -  phi=0.4400000000000001, PE=0.0 after 132 steps
Step: 42 -  phi=0.4410000000000001, PE=9.499173502431628e-17 after 124 steps
Step: 43 -  phi=0.4420000000000001, PE=0.0 after 122 steps
Step: 44 -  phi=0.4430000000000001, PE=6.350970296671881e-17 after 173 steps
Step: 45 -  phi=0.4440000000000001, PE=0.0 after 124 steps
Step: 46 -  phi=0.4450000000000001, PE=0.0 after 130 steps
Step: 47 -  phi=0.4460000000000001, PE=0.0 after 119 steps
Step: 48 -  phi=0.4470000000000001, PE=7.387466308437953e-17 after 175 steps
Step: 49 -  phi=0.4480000000000001, PE=3.069667867748127e-17 after 145 steps
Step: 50 -  phi=0.4490000000000001, PE=0.0 after 129 steps
Step: 51 -  phi=0.4500000000000001, PE=0.0 after 140 steps
Step: 52 -  phi=0.4510000000000001, PE=0.0 after 144 steps
Step: 53 -  phi=0.4520000000000001, PE=6.249010184691803e-17 after 141 steps
Step: 54 -  phi=0.4530000000000001, PE=0.0 after 133 steps
Step: 55 -  phi=0.4540000000000001, PE=8.317111408088814e-17 after 134 steps
Step: 56 -  phi=0.4550000000000001, PE=0.0 after 125 steps
Step: 57 -  phi=0.4560000000000001, PE=4.6103930436718575e-17 after 136 steps
Step: 58 -  phi=0.45700000000000013, PE=9.865779048406938e-17 after 115 steps
Step: 59 -  phi=0.45800000000000013, PE=0.0 after 137 steps
Step: 60 -  phi=0.45900000000000013, PE=9.747145275043185e-17 after 136 steps
Step: 61 -  phi=0.46000000000000013, PE=1.3156087276755916e-17 after 122 steps
Step: 62 -  phi=0.46100000000000013, PE=3.939790666773718e-17 after 144 steps
Step: 63 -  phi=0.46200000000000013, PE=0.0 after 140 steps
Step: 64 -  phi=0.46300000000000013, PE=9.880104660445e-17 after 125 steps
Step: 65 -  phi=0.46400000000000013, PE=8.435142644638392e-17 after 131 steps
Step: 66 -  phi=0.46500000000000014, PE=0.0 after 126 steps
Step: 67 -  phi=0.46600000000000014, PE=2.266809283305297e-18 after 145 steps
Step: 68 -  phi=0.46700000000000014, PE=8.740817412715616e-17 after 150 steps
Step: 69 -  phi=0.46800000000000014, PE=0.0 after 129 steps
Step: 70 -  phi=0.46900000000000014, PE=2.8789550407094317e-17 after 136 steps
Step: 71 -  phi=0.47000000000000014, PE=7.767461676799117e-18 after 135 steps
Step: 72 -  phi=0.47100000000000014, PE=8.816504395976475e-17 after 130 steps
Step: 73 -  phi=0.47200000000000014, PE=4.9637151126020407e-17 after 137 steps
Step: 74 -  phi=0.47300000000000014, PE=4.64846293808469e-17 after 125 steps
Step: 75 -  phi=0.47400000000000014, PE=0.0 after 142 steps
Step: 76 -  phi=0.47500000000000014, PE=9.787318701848498e-17 after 151 steps
Step: 77 -  phi=0.47600000000000015, PE=0.0 after 124 steps
Step: 78 -  phi=0.47700000000000015, PE=0.0 after 153 steps
Step: 79 -  phi=0.47800000000000015, PE=0.0 after 138 steps
Step: 80 -  phi=0.47900000000000015, PE=6.530727036267558e-17 after 164 steps
Step: 81 -  phi=0.48000000000000015, PE=6.679203768301004e-17 after 153 steps
Step: 82 -  phi=0.48100000000000015, PE=9.101533637787086e-17 after 162 steps
Step: 83 -  phi=0.48200000000000015, PE=6.237475237743168e-17 after 152 steps
Step: 84 -  phi=0.48300000000000015, PE=0.0 after 142 steps
Step: 85 -  phi=0.48400000000000015, PE=4.099234365638096e-17 after 152 steps
Step: 86 -  phi=0.48500000000000015, PE=0.0 after 138 steps
Step: 87 -  phi=0.48600000000000015, PE=8.177850503591817e-17 after 156 steps
Step: 88 -  phi=0.48700000000000015, PE=8.777285956491857e-17 after 186 steps
Step: 89 -  phi=0.48800000000000016, PE=8.419719185923266e-18 after 145 steps
Step: 90 -  phi=0.48900000000000016, PE=9.774748693411182e-17 after 170 steps
Step: 91 -  phi=0.49000000000000016, PE=0.0 after 164 steps
Step: 92 -  phi=0.49100000000000016, PE=1.7950218741418027e-17 after 163 steps
Step: 93 -  phi=0.49200000000000016, PE=0.0 after 148 steps
Step: 94 -  phi=0.49300000000000016, PE=1.1064706185117286e-17 after 149 steps
Step: 95 -  phi=0.49400000000000016, PE=8.67850550823499e-17 after 166 steps
Step: 96 -  phi=0.49500000000000016, PE=0.0 after 156 steps
Step: 97 -  phi=0.49600000000000016, PE=0.0 after 144 steps
Step: 98 -  phi=0.49700000000000016, PE=7.730521572105934e-17 after 220 steps
Step: 99 -  phi=0.49800000000000016, PE=3.6378518962829176e-17 after 173 steps
Step: 100 -  phi=0.49900000000000017, PE=0.0 after 159 steps
Step: 101 -  phi=0.5000000000000001, PE=7.059096647896753e-17 after 171 steps
Step: 102 -  phi=0.5010000000000001, PE=0.0 after 163 steps
Step: 103 -  phi=0.5020000000000001, PE=2.760610748030118e-19 after 171 steps
Step: 104 -  phi=0.5030000000000001, PE=6.992891602985454e-17 after 190 steps
Step: 105 -  phi=0.5040000000000001, PE=8.656594332423741e-17 after 145 steps
Step: 106 -  phi=0.5050000000000001, PE=3.085272037073398e-17 after 159 steps
Step: 107 -  phi=0.5060000000000001, PE=0.0 after 160 steps
Step: 108 -  phi=0.5070000000000001, PE=6.30284054395104e-17 after 164 steps
Step: 109 -  phi=0.5080000000000001, PE=7.682586009792319e-17 after 185 steps
Step: 110 -  phi=0.5090000000000001, PE=4.065328943115698e-17 after 165 steps
Step: 111 -  phi=0.5100000000000001, PE=5.345245080169138e-17 after 169 steps
Step: 112 -  phi=0.5110000000000001, PE=9.805947034380057e-17 after 171 steps
Step: 113 -  phi=0.5120000000000001, PE=5.749335751018589e-17 after 159 steps
Step: 114 -  phi=0.5130000000000001, PE=0.0 after 153 steps
Step: 115 -  phi=0.5140000000000001, PE=3.567686317161106e-17 after 208 steps
Step: 116 -  phi=0.5150000000000001, PE=6.053291651503672e-18 after 176 steps
Step: 117 -  phi=0.5160000000000001, PE=7.639315478810701e-17 after 220 steps
Step: 118 -  phi=0.5170000000000001, PE=7.977428986687522e-17 after 198 steps
Step: 119 -  phi=0.5180000000000001, PE=9.374800600132845e-17 after 210 steps
Step: 120 -  phi=0.5190000000000001, PE=4.900704698422118e-17 after 170 steps
Step: 121 -  phi=0.5200000000000001, PE=7.761843619986848e-18 after 217 steps
Step: 122 -  phi=0.5210000000000001, PE=3.070270396710497e-17 after 164 steps
Step: 123 -  phi=0.5220000000000001, PE=9.65465616430487e-17 after 226 steps
Step: 124 -  phi=0.5230000000000001, PE=0.0 after 173 steps
Step: 125 -  phi=0.5240000000000001, PE=4.263002054700131e-17 after 207 steps
Step: 126 -  phi=0.5250000000000001, PE=2.085684342128566e-17 after 178 steps
Step: 127 -  phi=0.5260000000000001, PE=6.659507454214554e-17 after 172 steps
Step: 128 -  phi=0.5270000000000001, PE=8.040496923749315e-17 after 208 steps
Step: 129 -  phi=0.5280000000000001, PE=7.404617259610175e-17 after 202 steps
Step: 130 -  phi=0.5290000000000001, PE=8.660991629799458e-17 after 200 steps
Step: 131 -  phi=0.5300000000000001, PE=6.637432013143985e-17 after 177 steps
Step: 132 -  phi=0.5310000000000001, PE=5.057723711200935e-17 after 164 steps
Step: 133 -  phi=0.5320000000000001, PE=9.017287107271443e-17 after 193 steps
Step: 134 -  phi=0.5330000000000001, PE=9.290145545279663e-17 after 200 steps
Step: 135 -  phi=0.5340000000000001, PE=7.88592341417493e-17 after 215 steps
Step: 136 -  phi=0.5350000000000001, PE=5.777730328460341e-17 after 190 steps
Step: 137 -  phi=0.5360000000000001, PE=5.963127674015134e-17 after 195 steps
Step: 138 -  phi=0.5370000000000001, PE=5.385341244034504e-17 after 182 steps
Step: 139 -  phi=0.5380000000000001, PE=6.424605516215603e-17 after 199 steps
Step: 140 -  phi=0.5390000000000001, PE=4.666596984615613e-17 after 185 steps
Step: 141 -  phi=0.5400000000000001, PE=8.049072845523923e-17 after 190 steps
Step: 142 -  phi=0.5410000000000001, PE=6.285577023111482e-17 after 187 steps
Step: 143 -  phi=0.5420000000000001, PE=7.141115348556491e-17 after 185 steps
Step: 144 -  phi=0.5430000000000001, PE=2.815716987479048e-17 after 177 steps
Step: 145 -  phi=0.5440000000000002, PE=5.811064095089258e-17 after 175 steps
Step: 146 -  phi=0.5450000000000002, PE=9.28752247743014e-17 after 202 steps
Step: 147 -  phi=0.5460000000000002, PE=4.9281174282751174e-17 after 179 steps
Step: 148 -  phi=0.5470000000000002, PE=8.68952838952264e-18 after 179 steps
Step: 149 -  phi=0.5480000000000002, PE=6.18631831606852e-17 after 203 steps
Step: 150 -  phi=0.5490000000000002, PE=6.750109141069279e-17 after 198 steps
Step: 151 -  phi=0.5500000000000002, PE=4.4749750826314673e-17 after 197 steps
Step: 152 -  phi=0.5510000000000002, PE=8.09492454555202e-17 after 191 steps
Step: 153 -  phi=0.5520000000000002, PE=7.202837524843752e-17 after 182 steps
Step: 154 -  phi=0.5530000000000002, PE=7.210310439294193e-17 after 188 steps
Step: 155 -  phi=0.5540000000000002, PE=2.3701448001940414e-18 after 185 steps
Step: 156 -  phi=0.5550000000000002, PE=9.984933703396996e-17 after 218 steps
Step: 157 -  phi=0.5560000000000002, PE=0.0 after 187 steps
Step: 158 -  phi=0.5570000000000002, PE=8.687465053769877e-17 after 207 steps
Step: 159 -  phi=0.5580000000000002, PE=6.261900167227512e-18 after 193 steps
Step: 160 -  phi=0.5590000000000002, PE=8.789055663881642e-17 after 200 steps
Step: 161 -  phi=0.5600000000000002, PE=1.3092727700608089e-17 after 206 steps
Step: 162 -  phi=0.5610000000000002, PE=0.0 after 205 steps
Step: 163 -  phi=0.5620000000000002, PE=9.426104634512639e-17 after 216 steps
Step: 164 -  phi=0.5630000000000002, PE=9.191303200227332e-17 after 188 steps
Step: 165 -  phi=0.5640000000000002, PE=9.591886952408943e-17 after 191 steps
Step: 166 -  phi=0.5650000000000002, PE=8.51730126114559e-17 after 189 steps
Step: 167 -  phi=0.5660000000000002, PE=0.0 after 167 steps
Step: 168 -  phi=0.5670000000000002, PE=6.693903263048846e-17 after 185 steps
Step: 169 -  phi=0.5680000000000002, PE=9.120169754721878e-17 after 179 steps
Step: 170 -  phi=0.5690000000000002, PE=0.0 after 167 steps
Step: 171 -  phi=0.5700000000000002, PE=8.489702048165892e-17 after 179 steps
Step: 172 -  phi=0.5710000000000002, PE=0.0 after 200 steps
Step: 173 -  phi=0.5720000000000002, PE=7.239384398847368e-17 after 190 steps
Step: 174 -  phi=0.5730000000000002, PE=2.004049111843746e-18 after 174 steps
Step: 175 -  phi=0.5740000000000002, PE=1.7322971359613417e-17 after 205 steps
Step: 176 -  phi=0.5750000000000002, PE=7.165209244061929e-17 after 225 steps
Step: 177 -  phi=0.5760000000000002, PE=6.649898951191701e-17 after 208 steps
Step: 178 -  phi=0.5770000000000002, PE=7.906188683367253e-17 after 227 steps
Step: 179 -  phi=0.5780000000000002, PE=9.285840960903121e-17 after 215 steps
Step: 180 -  phi=0.5790000000000002, PE=6.193622541742128e-17 after 217 steps
Step: 181 -  phi=0.5800000000000002, PE=0.0 after 215 steps
Step: 182 -  phi=0.5810000000000002, PE=7.183228260900682e-17 after 228 steps
Step: 183 -  phi=0.5820000000000002, PE=9.946340713472769e-17 after 249 steps
Step: 184 -  phi=0.5830000000000002, PE=7.428546871698717e-17 after 231 steps
Step: 185 -  phi=0.5840000000000002, PE=5.929292665488679e-17 after 216 steps
Step: 186 -  phi=0.5850000000000002, PE=8.692389316657379e-17 after 225 steps
Step: 187 -  phi=0.5860000000000002, PE=8.450564304273206e-17 after 217 steps
Step: 188 -  phi=0.5870000000000002, PE=8.97170838278653e-17 after 196 steps
Step: 189 -  phi=0.5880000000000002, PE=9.155354852473132e-17 after 214 steps
Step: 190 -  phi=0.5890000000000002, PE=8.368513877597715e-17 after 210 steps
Step: 191 -  phi=0.5900000000000002, PE=1.5546684977879518e-17 after 212 steps
Step: 192 -  phi=0.5910000000000002, PE=5.031854450609311e-17 after 213 steps
Step: 193 -  phi=0.5920000000000002, PE=8.897382662055324e-17 after 207 steps
Step: 194 -  phi=0.5930000000000002, PE=9.096836882080722e-17 after 203 steps
Step: 195 -  phi=0.5940000000000002, PE=1.784033799655825e-18 after 208 steps
Step: 196 -  phi=0.5950000000000002, PE=6.715027417672987e-17 after 225 steps
Step: 197 -  phi=0.5960000000000002, PE=2.807253523157601e-17 after 205 steps
Step: 198 -  phi=0.5970000000000002, PE=9.176076823559255e-17 after 213 steps
Step: 199 -  phi=0.5980000000000002, PE=6.93234596701944e-17 after 234 steps
Step: 200 -  phi=0.5990000000000002, PE=3.206129598648913e-17 after 223 steps
Step: 201 -  phi=0.6000000000000002, PE=5.084253569294616e-18 after 194 steps
Step: 202 -  phi=0.6010000000000002, PE=7.51728369140735e-17 after 251 steps
Step: 203 -  phi=0.6020000000000002, PE=9.999660571031405e-17 after 232 steps
Step: 204 -  phi=0.6030000000000002, PE=8.448022329419579e-17 after 206 steps
Step: 205 -  phi=0.6040000000000002, PE=0.0 after 209 steps
Step: 206 -  phi=0.6050000000000002, PE=5.413190063434676e-17 after 209 steps
Step: 207 -  phi=0.6060000000000002, PE=5.995709058021479e-17 after 198 steps
Step: 208 -  phi=0.6070000000000002, PE=8.996004879852858e-17 after 205 steps
Step: 209 -  phi=0.6080000000000002, PE=8.036695440739876e-17 after 190 steps
Step: 210 -  phi=0.6090000000000002, PE=1.808690015599126e-17 after 210 steps
Step: 211 -  phi=0.6100000000000002, PE=9.415102403401811e-17 after 307 steps
Step: 212 -  phi=0.6110000000000002, PE=6.907602047144674e-17 after 215 steps
Step: 213 -  phi=0.6120000000000002, PE=5.861534742382644e-17 after 200 steps
Step: 214 -  phi=0.6130000000000002, PE=9.124788399714459e-17 after 253 steps
Step: 215 -  phi=0.6140000000000002, PE=9.272304366851401e-17 after 226 steps
Step: 216 -  phi=0.6150000000000002, PE=6.346452029280789e-17 after 214 steps
Step: 217 -  phi=0.6160000000000002, PE=9.717876024359388e-17 after 227 steps
Step: 218 -  phi=0.6170000000000002, PE=9.619241866481033e-17 after 214 steps
Step: 219 -  phi=0.6180000000000002, PE=9.167022514123826e-17 after 228 steps
Step: 220 -  phi=0.6190000000000002, PE=8.499178953584181e-17 after 221 steps
Step: 221 -  phi=0.6200000000000002, PE=8.325275285226555e-17 after 245 steps
Step: 222 -  phi=0.6210000000000002, PE=9.289603020012823e-17 after 234 steps
Step: 223 -  phi=0.6220000000000002, PE=6.652028053696397e-17 after 224 steps
Step: 224 -  phi=0.6230000000000002, PE=7.863388691210345e-17 after 232 steps
Step: 225 -  phi=0.6240000000000002, PE=2.032095233663689e-17 after 214 steps
Step: 226 -  phi=0.6250000000000002, PE=7.017087680119055e-17 after 209 steps
Step: 227 -  phi=0.6260000000000002, PE=8.013884767727233e-17 after 212 steps
Step: 228 -  phi=0.6270000000000002, PE=5.4535227478743185e-17 after 220 steps
Step: 229 -  phi=0.6280000000000002, PE=9.896475555164354e-17 after 210 steps
Step: 230 -  phi=0.6290000000000002, PE=8.108391769791088e-17 after 212 steps
Step: 231 -  phi=0.6300000000000002, PE=8.307333188757081e-17 after 230 steps
Step: 232 -  phi=0.6310000000000002, PE=7.816431817933674e-17 after 216 steps
Step: 233 -  phi=0.6320000000000002, PE=7.914097000363288e-17 after 218 steps
Step: 234 -  phi=0.6330000000000002, PE=2.9407734870286425e-17 after 213 steps
Step: 235 -  phi=0.6340000000000002, PE=3.2403613745138666e-17 after 212 steps
Step: 236 -  phi=0.6350000000000002, PE=9.564329642340741e-17 after 255 steps
Step: 237 -  phi=0.6360000000000002, PE=8.688462656342027e-17 after 211 steps
Step: 238 -  phi=0.6370000000000002, PE=5.96461789698103e-17 after 212 steps
Step: 239 -  phi=0.6380000000000002, PE=9.627623372989371e-17 after 203 steps
Step: 240 -  phi=0.6390000000000002, PE=9.324960607628526e-17 after 208 steps
Step: 241 -  phi=0.6400000000000002, PE=7.659287526532536e-17 after 202 steps
Step: 242 -  phi=0.6410000000000002, PE=5.459022334704791e-17 after 195 steps
Step: 243 -  phi=0.6420000000000002, PE=8.735160853584477e-17 after 215 steps
Step: 244 -  phi=0.6430000000000002, PE=9.547638625411847e-17 after 231 steps
Step: 245 -  phi=0.6440000000000002, PE=9.744916573036078e-17 after 215 steps
Step: 246 -  phi=0.6450000000000002, PE=3.5090126648518856e-17 after 202 steps
Step: 247 -  phi=0.6460000000000002, PE=9.25343785775839e-17 after 216 steps
Step: 248 -  phi=0.6470000000000002, PE=9.186331399306076e-17 after 209 steps
Step: 249 -  phi=0.6480000000000002, PE=9.144170934866066e-17 after 238 steps
Step: 250 -  phi=0.6490000000000002, PE=3.8748465708934357e-17 after 221 steps
Step: 251 -  phi=0.6500000000000002, PE=6.398803805294864e-17 after 226 steps
Step: 252 -  phi=0.6510000000000002, PE=8.638488414835329e-17 after 211 steps
Step: 253 -  phi=0.6520000000000002, PE=8.320883987107316e-17 after 226 steps
Step: 254 -  phi=0.6530000000000002, PE=5.043343407648218e-17 after 217 steps
Step: 255 -  phi=0.6540000000000002, PE=8.58608416215675e-17 after 225 steps
Step: 256 -  phi=0.6550000000000002, PE=4.405177316555111e-17 after 226 steps
Step: 257 -  phi=0.6560000000000002, PE=7.931718752518034e-17 after 205 steps
Step: 258 -  phi=0.6570000000000003, PE=8.451942305322857e-17 after 217 steps
Step: 259 -  phi=0.6580000000000003, PE=9.940455471744617e-17 after 283 steps
Step: 260 -  phi=0.6590000000000003, PE=8.425974278190709e-20 after 214 steps
Step: 261 -  phi=0.6600000000000003, PE=6.914542859623164e-17 after 256 steps
Step: 262 -  phi=0.6610000000000003, PE=5.75268670003236e-17 after 220 steps
Step: 263 -  phi=0.6620000000000003, PE=8.87785788457701e-17 after 252 steps
Step: 264 -  phi=0.6630000000000003, PE=6.336667772226331e-17 after 246 steps
Step: 265 -  phi=0.6640000000000003, PE=7.528987751263252e-17 after 239 steps
Step: 266 -  phi=0.6650000000000003, PE=6.328929668402808e-17 after 276 steps
Step: 267 -  phi=0.6660000000000003, PE=6.30337568474932e-17 after 248 steps
Step: 268 -  phi=0.6670000000000003, PE=8.968617798046829e-17 after 284 steps
Step: 269 -  phi=0.6680000000000003, PE=8.740724915937661e-17 after 254 steps
Step: 270 -  phi=0.6690000000000003, PE=4.400720677168413e-17 after 254 steps
Step: 271 -  phi=0.6700000000000003, PE=4.321909299847376e-17 after 267 steps
Step: 272 -  phi=0.6710000000000003, PE=4.7617720851072283e-17 after 263 steps
Step: 273 -  phi=0.6720000000000003, PE=8.323801251803326e-17 after 269 steps
Step: 274 -  phi=0.6730000000000003, PE=1.8194431489473354e-18 after 256 steps
Step: 275 -  phi=0.6740000000000003, PE=7.878224759776797e-17 after 312 steps
Step: 276 -  phi=0.6750000000000003, PE=7.738241290225223e-17 after 272 steps
Step: 277 -  phi=0.6760000000000003, PE=7.631086851245608e-17 after 269 steps
Step: 278 -  phi=0.6770000000000003, PE=9.594979885266472e-17 after 283 steps
Step: 279 -  phi=0.6780000000000003, PE=6.900918453797753e-17 after 289 steps
Step: 280 -  phi=0.6790000000000003, PE=9.712418630494557e-17 after 314 steps
Step: 281 -  phi=0.6800000000000003, PE=2.5036033987963816e-17 after 296 steps
Step: 282 -  phi=0.6810000000000003, PE=7.244407903211652e-17 after 257 steps
Step: 283 -  phi=0.6820000000000003, PE=8.955230091877141e-17 after 281 steps
Step: 284 -  phi=0.6830000000000003, PE=9.533808262591186e-17 after 269 steps
Step: 285 -  phi=0.6840000000000003, PE=8.154858382383014e-17 after 267 steps
Step: 286 -  phi=0.6850000000000003, PE=5.256158813181425e-17 after 270 steps
Step: 287 -  phi=0.6860000000000003, PE=7.454027417479765e-17 after 267 steps
Step: 288 -  phi=0.6870000000000003, PE=7.539171616712968e-17 after 280 steps
Step: 289 -  phi=0.6880000000000003, PE=6.451273897852348e-17 after 268 steps
Step: 290 -  phi=0.6890000000000003, PE=7.622951693961432e-17 after 299 steps
Step: 291 -  phi=0.6900000000000003, PE=7.867856449044749e-17 after 282 steps
Step: 292 -  phi=0.6910000000000003, PE=9.994325397782854e-17 after 307 steps
Step: 293 -  phi=0.6920000000000003, PE=4.990481259053654e-17 after 270 steps
Step: 294 -  phi=0.6930000000000003, PE=8.910893448089865e-17 after 283 steps
Step: 295 -  phi=0.6940000000000003, PE=9.126559076127056e-17 after 282 steps
Step: 296 -  phi=0.6950000000000003, PE=6.809511360850906e-17 after 286 steps
Step: 297 -  phi=0.6960000000000003, PE=7.665538559006108e-17 after 295 steps
Step: 298 -  phi=0.6970000000000003, PE=8.404940045080699e-17 after 292 steps
Step: 299 -  phi=0.6980000000000003, PE=8.504920185218864e-17 after 295 steps
Step: 300 -  phi=0.6990000000000003, PE=8.93719112337347e-17 after 282 steps
Step: 301 -  phi=0.7000000000000003, PE=8.770201413236652e-17 after 285 steps
Step: 302 -  phi=0.7010000000000003, PE=8.350841126854798e-17 after 304 steps
Step: 303 -  phi=0.7020000000000003, PE=0.0 after 280 steps
Step: 304 -  phi=0.7030000000000003, PE=7.079660459354855e-17 after 295 steps
Step: 305 -  phi=0.7040000000000003, PE=9.844387078742766e-17 after 309 steps
Step: 306 -  phi=0.7050000000000003, PE=9.094700716448421e-17 after 352 steps
Step: 307 -  phi=0.7060000000000003, PE=8.581455198645971e-17 after 301 steps
Step: 308 -  phi=0.7070000000000003, PE=3.4456731971478366e-17 after 317 steps
Step: 309 -  phi=0.7080000000000003, PE=5.2347230750569316e-17 after 301 steps
Step: 310 -  phi=0.7090000000000003, PE=9.176466815167193e-17 after 325 steps
Step: 311 -  phi=0.7100000000000003, PE=9.194101170416019e-17 after 318 steps
Step: 312 -  phi=0.7110000000000003, PE=6.323201323853008e-17 after 301 steps
Step: 313 -  phi=0.7120000000000003, PE=9.740381464483417e-17 after 348 steps
Step: 314 -  phi=0.7130000000000003, PE=7.737020468319863e-17 after 368 steps
Step: 315 -  phi=0.7140000000000003, PE=9.094703847135729e-17 after 337 steps
Step: 316 -  phi=0.7150000000000003, PE=7.853359977372962e-17 after 331 steps
Step: 317 -  phi=0.7160000000000003, PE=9.66961144056331e-17 after 333 steps
Step: 318 -  phi=0.7170000000000003, PE=9.50974215282369e-17 after 342 steps
Step: 319 -  phi=0.7180000000000003, PE=8.69503321437094e-17 after 334 steps
Step: 320 -  phi=0.7190000000000003, PE=9.977738649967538e-17 after 359 steps
Step: 321 -  phi=0.7200000000000003, PE=1.31071470678589e-17 after 347 steps
Step: 322 -  phi=0.7210000000000003, PE=7.404102010106052e-17 after 328 steps
Step: 323 -  phi=0.7220000000000003, PE=6.031909565414875e-17 after 329 steps
Step: 324 -  phi=0.7230000000000003, PE=9.730524213626545e-17 after 352 steps
Step: 325 -  phi=0.7240000000000003, PE=5.150995003942436e-17 after 329 steps
Step: 326 -  phi=0.7250000000000003, PE=9.886334041197621e-17 after 321 steps
Step: 327 -  phi=0.7260000000000003, PE=9.898394425726565e-17 after 331 steps
Step: 328 -  phi=0.7270000000000003, PE=9.88004622796846e-17 after 307 steps
Step: 329 -  phi=0.7280000000000003, PE=9.587261629591797e-17 after 371 steps
Step: 330 -  phi=0.7290000000000003, PE=5.719247719661196e-17 after 295 steps
Step: 331 -  phi=0.7300000000000003, PE=9.805876516917043e-17 after 489 steps
Step: 332 -  phi=0.7310000000000003, PE=7.595454675801084e-17 after 317 steps
Step: 333 -  phi=0.7320000000000003, PE=6.911605856769859e-17 after 324 steps
Step: 334 -  phi=0.7330000000000003, PE=6.326472957615553e-17 after 347 steps
Step: 335 -  phi=0.7340000000000003, PE=6.650608656241775e-17 after 318 steps
Step: 336 -  phi=0.7350000000000003, PE=8.979339409868752e-17 after 359 steps
Step: 337 -  phi=0.7360000000000003, PE=9.742028563618405e-17 after 425 steps
Step: 338 -  phi=0.7370000000000003, PE=9.178014934609946e-17 after 322 steps
Step: 339 -  phi=0.7380000000000003, PE=9.271175279826534e-17 after 323 steps
Step: 340 -  phi=0.7390000000000003, PE=7.203237525532263e-17 after 336 steps
Step: 341 -  phi=0.7400000000000003, PE=8.294084295967265e-17 after 342 steps
Step: 342 -  phi=0.7410000000000003, PE=4.966981715443511e-17 after 332 steps
Step: 343 -  phi=0.7420000000000003, PE=7.186677823920132e-17 after 360 steps
Step: 344 -  phi=0.7430000000000003, PE=9.17865222957223e-17 after 407 steps
Step: 345 -  phi=0.7440000000000003, PE=8.3207611917532e-17 after 326 steps
Step: 346 -  phi=0.7450000000000003, PE=9.97403790586227e-17 after 337 steps
Step: 347 -  phi=0.7460000000000003, PE=8.242276096151057e-17 after 337 steps
Step: 348 -  phi=0.7470000000000003, PE=8.216815407459584e-17 after 325 steps
Step: 349 -  phi=0.7480000000000003, PE=4.412483418584194e-17 after 319 steps
Step: 350 -  phi=0.7490000000000003, PE=7.848893998875902e-17 after 327 steps
Step: 351 -  phi=0.7500000000000003, PE=9.022922154249633e-17 after 387 steps
Step: 352 -  phi=0.7510000000000003, PE=9.033832546873909e-17 after 401 steps
Step: 353 -  phi=0.7520000000000003, PE=9.976622334789775e-17 after 376 steps
Step: 354 -  phi=0.7530000000000003, PE=8.853601971507323e-17 after 399 steps
Step: 355 -  phi=0.7540000000000003, PE=8.813958081360314e-17 after 407 steps
Step: 356 -  phi=0.7550000000000003, PE=9.62753670858108e-17 after 388 steps
Step: 357 -  phi=0.7560000000000003, PE=9.662365113887882e-17 after 407 steps
Step: 358 -  phi=0.7570000000000003, PE=8.199818894195688e-17 after 403 steps
Step: 359 -  phi=0.7580000000000003, PE=9.733737655960806e-17 after 426 steps
Step: 360 -  phi=0.7590000000000003, PE=9.833812276714697e-17 after 396 steps
Step: 361 -  phi=0.7600000000000003, PE=9.860401162194787e-17 after 428 steps
Step: 362 -  phi=0.7610000000000003, PE=7.724207013693215e-17 after 379 steps
Step: 363 -  phi=0.7620000000000003, PE=6.022072189598957e-17 after 379 steps
Step: 364 -  phi=0.7630000000000003, PE=6.138169738729583e-17 after 375 steps
Step: 365 -  phi=0.7640000000000003, PE=8.927574736069012e-17 after 398 steps
Step: 366 -  phi=0.7650000000000003, PE=8.982426016887815e-17 after 389 steps
Step: 367 -  phi=0.7660000000000003, PE=9.888812845899787e-17 after 395 steps
Step: 368 -  phi=0.7670000000000003, PE=4.455181083278105e-17 after 379 steps
Step: 369 -  phi=0.7680000000000003, PE=9.033139154275798e-17 after 363 steps
Step: 370 -  phi=0.7690000000000003, PE=7.621900263655617e-17 after 390 steps
Step: 371 -  phi=0.7700000000000004, PE=9.158332011286372e-17 after 390 steps
Step: 372 -  phi=0.7710000000000004, PE=8.567136556627691e-17 after 354 steps
Step: 373 -  phi=0.7720000000000004, PE=8.643863990395318e-17 after 456 steps
Step: 374 -  phi=0.7730000000000004, PE=6.944918882061695e-17 after 442 steps
Step: 375 -  phi=0.7740000000000004, PE=7.40307108056584e-17 after 443 steps
Step: 376 -  phi=0.7750000000000004, PE=9.286625412927917e-19 after 377 steps
Step: 377 -  phi=0.7760000000000004, PE=9.596384817473832e-17 after 449 steps
Step: 378 -  phi=0.7770000000000004, PE=9.548748254127934e-17 after 415 steps
Step: 379 -  phi=0.7780000000000004, PE=7.972604434234422e-17 after 463 steps
Step: 380 -  phi=0.7790000000000004, PE=8.980181331052238e-17 after 396 steps
Step: 381 -  phi=0.7800000000000004, PE=8.886951224839249e-17 after 469 steps
Step: 382 -  phi=0.7810000000000004, PE=9.175219851826455e-17 after 413 steps
Step: 383 -  phi=0.7820000000000004, PE=9.768188088782682e-17 after 418 steps
Step: 384 -  phi=0.7830000000000004, PE=9.770415585883878e-17 after 406 steps
Step: 385 -  phi=0.7840000000000004, PE=6.011677993809646e-17 after 417 steps
Step: 386 -  phi=0.7850000000000004, PE=8.269721208577343e-17 after 415 steps
Step: 387 -  phi=0.7860000000000004, PE=8.757430919727786e-17 after 457 steps
Step: 388 -  phi=0.7870000000000004, PE=9.89356723118807e-17 after 407 steps
Step: 389 -  phi=0.7880000000000004, PE=8.946852794856757e-17 after 420 steps
Step: 390 -  phi=0.7890000000000004, PE=9.897526582462189e-17 after 470 steps
Step: 391 -  phi=0.7900000000000004, PE=9.723971000510121e-17 after 511 steps
Step: 392 -  phi=0.7910000000000004, PE=9.600424412952057e-17 after 492 steps
Step: 393 -  phi=0.7920000000000004, PE=7.820334710725323e-17 after 412 steps
Step: 394 -  phi=0.7930000000000004, PE=5.851561354225945e-17 after 400 steps
Step: 395 -  phi=0.7940000000000004, PE=9.404968168887737e-17 after 470 steps
Step: 396 -  phi=0.7950000000000004, PE=9.527479260588629e-17 after 434 steps
Step: 397 -  phi=0.7960000000000004, PE=8.644931162884094e-17 after 424 steps
Step: 398 -  phi=0.7970000000000004, PE=8.476088227730742e-17 after 490 steps
Step: 399 -  phi=0.7980000000000004, PE=9.637571204484914e-17 after 459 steps
Step: 400 -  phi=0.7990000000000004, PE=9.851294380636862e-17 after 510 steps
Step: 401 -  phi=0.8000000000000004, PE=9.440357514277506e-17 after 543 steps
Step: 402 -  phi=0.8010000000000004, PE=9.721135561612127e-17 after 431 steps
Step: 403 -  phi=0.8020000000000004, PE=9.515171101095309e-17 after 557 steps
Step: 404 -  phi=0.8030000000000004, PE=9.73786850763208e-17 after 792 steps
Step: 405 -  phi=0.8040000000000004, PE=9.394833004182231e-17 after 481 steps
Step: 406 -  phi=0.8050000000000004, PE=9.314539453985807e-17 after 536 steps
Step: 407 -  phi=0.8060000000000004, PE=8.929573300912598e-17 after 473 steps
Step: 408 -  phi=0.8070000000000004, PE=9.123105998237955e-17 after 556 steps
Step: 409 -  phi=0.8080000000000004, PE=9.864978926762713e-17 after 468 steps
Step: 410 -  phi=0.8090000000000004, PE=8.833801762725666e-17 after 649 steps
Step: 411 -  phi=0.8100000000000004, PE=9.965855883265877e-17 after 719 steps
Step: 412 -  phi=0.8110000000000004, PE=9.056839537000911e-17 after 672 steps
Step: 413 -  phi=0.8120000000000004, PE=8.813656250518512e-17 after 727 steps
Step: 414 -  phi=0.8130000000000004, PE=9.707782033483373e-17 after 740 steps
Step: 415 -  phi=0.8140000000000004, PE=9.557299781816363e-17 after 600 steps
Step: 416 -  phi=0.8150000000000004, PE=9.567666255064934e-17 after 656 steps
Step: 417 -  phi=0.8160000000000004, PE=9.370723149389891e-17 after 902 steps
Step: 418 -  phi=0.8170000000000004, PE=7.152426918009914e-17 after 737 steps
Step: 419 -  phi=0.8180000000000004, PE=9.370994587538856e-17 after 877 steps
Step: 420 -  phi=0.8190000000000004, PE=9.206147533948509e-17 after 716 steps
Step: 421 -  phi=0.8200000000000004, PE=8.922857327795564e-17 after 663 steps
Step: 422 -  phi=0.8210000000000004, PE=9.302817311005408e-17 after 684 steps
Step: 423 -  phi=0.8220000000000004, PE=9.922795085887763e-17 after 789 steps
Step: 424 -  phi=0.8230000000000004, PE=9.292750425718814e-17 after 838 steps
Step: 425 -  phi=0.8240000000000004, PE=8.98061166583328e-17 after 909 steps
Step: 426 -  phi=0.8250000000000004, PE=9.871962323296313e-17 after 1475 steps
Step: 427 -  phi=0.8260000000000004, PE=9.772159729340589e-17 after 1327 steps
Step: 428 -  phi=0.8270000000000004, PE=9.276208019551619e-17 after 1337 steps
Step: 429 -  phi=0.8280000000000004, PE=9.933238043405629e-17 after 986 steps
Step: 430 -  phi=0.8290000000000004, PE=9.792466750089591e-17 after 956 steps
Step: 431 -  phi=0.8300000000000004, PE=9.55302680386104e-17 after 1009 steps
Step: 432 -  phi=0.8310000000000004, PE=9.961352294147184e-17 after 1883 steps
Step: 433 -  phi=0.8320000000000004, PE=8.945184431441046e-17 after 1484 steps
Step: 434 -  phi=0.8330000000000004, PE=9.782542354550948e-17 after 1458 steps
Step: 435 -  phi=0.8340000000000004, PE=9.948842035312009e-17 after 2159 steps
Step: 436 -  phi=0.8350000000000004, PE=9.865225418041194e-17 after 3288 steps
Step: 437 -  phi=0.8360000000000004, PE=8.375162419510034e-17 after 2217 steps
Step: 438 -  phi=0.8370000000000004, PE=9.910252030070872e-17 after 3113 steps
Step: 439 -  phi=0.8380000000000004, PE=9.895507750240792e-17 after 3710 steps
Step: 440 -  phi=0.8390000000000004, PE=9.890632753150147e-17 after 5144 steps
Step: 441 -  phi=0.8400000000000004, PE=9.967881631992578e-17 after 7797 steps
Step: 442 -  phi=0.8410000000000004, PE=9.951533410253618e-17 after 5442 steps
Step: 443 -  phi=0.8420000000000004, PE=9.563695366428957e-17 after 5763 steps
Step: 444 -  phi=0.8430000000000004, PE=9.947361032696263e-17 after 7258 steps
Step: 445 -  phi=0.8440000000000004, PE=9.776297108820493e-17 after 5754 steps
Step: 446 -  phi=0.8450000000000004, PE=9.96465398606588e-17 after 6416 steps
Step: 447 -  phi=0.8460000000000004, PE=9.971508948181927e-17 after 5842 steps
Step: 448 -  phi=0.8470000000000004, PE=9.980676563645043e-17 after 8587 steps
Step: 449 -  phi=0.8480000000000004, PE=9.926563108590084e-17 after 9198 steps
Step: 450 -  phi=0.8490000000000004, PE=9.964576353547411e-17 after 9096 steps
Step: 451 -  phi=0.8500000000000004, PE=9.991703659363609e-17 after 29668 steps
Step: 452 -  phi=0.8510000000000004, PE=9.978378675621112e-17 after 26226 steps
Step: 453 -  phi=0.8520000000000004, PE=9.99200757268097e-17 after 49722 steps
Step: 454 -  phi=0.8530000000000004, PE=9.996980663372788e-17 after 266099 steps
Step: 455 -  phi=0.8540000000000004, PE=6.949597149375343e-09 after 138114 steps
Step: 456 -  phi=0.8535000000000004, PE=9.999103221522894e-17 after 352961 steps
Step: 457 -  phi=0.8537500000000005, PE=1.463740387306745e-09 after 95803 steps
Step: 458 -  phi=0.8536250000000004, PE=2.8265404972288534e-10 after 181659 steps
Step: 459 -  phi=0.8535625000000004, PE=3.8037439804029294e-11 after 124340 steps
Step: 460 -  phi=0.8535312500000004, PE=2.5999632417445497e-13 after 712905 steps
Step: 461 -  phi=0.8535156250000004, PE=9.999700616318282e-17 after 91725 steps
Step: 462 -  phi=0.8535234375000005, PE=9.999591629386114e-17 after 159127 steps
Step: 463 -  phi=0.8535273437500004, PE=9.999049510702686e-17 after 485796 steps
Step: 464 -  phi=0.8535292968750003, PE=2.5644887200222893e-14 after 1000000 steps
Step: 465 -  phi=0.8535283203125004, PE=9.999946471527268e-17 after 542694 steps
Step: 466 -  phi=0.8535288085937504, PE=5.115588662914859e-15 after 1000000 steps
Step: 467 -  phi=0.8535285644531254, PE=8.430846998530654e-16 after 1000000 steps
Step: 468 -  phi=0.8535284423828129, PE=1.129364190466146e-16 after 1000000 steps
Step: 469 -  phi=0.8535283813476566, PE=9.999956065161505e-17 after 385238 steps
Step: 470 -  phi=0.8535284118652348, PE=9.999906782851058e-17 after 251584 steps
Step: 471 -  phi=0.8535284271240238, PE=9.999996234557812e-17 after 130617 steps
Step: 472 -  phi=0.8535284347534183, PE=9.999998363180474e-17 after 197410 steps
Step: 473 -  phi=0.8535284385681157, PE=9.999998674388727e-17 after 322833 steps
Step: 474 -  phi=0.8535284404754643, PE=9.999997949096646e-17 after 212779 steps
Step: 475 -  phi=0.8535284414291386, PE=9.999999616478066e-17 after 87207 steps
Step: 476 -  phi=0.8535284419059758, PE=9.999999530892473e-17 after 55012 steps
Step: 477 -  phi=0.8535284421443943, PE=9.99999810151786e-17 after 37066 steps
Step: 478 -  phi=0.8535284422636036, PE=9.99999847378881e-17 after 25684 steps
Step: 479 -  phi=0.8535284423232082, PE=9.999999927879627e-17 after 17952 steps
Jammed: phi = 0.853528, residual PE = 1.000e-16
