The following modules were not unloaded:
  (Use "module --force purge" to unload all):

  1) StdEnv
sys:1: RuntimeWarning: h5: callable: skipping callable field 'user_pre_step_actions' (<PjitFunction of <function _save_state_system at 0x14b0d4a43ba0>>); handle explicitly
sys:1: RuntimeWarning: h5: callable: skipping callable field 'user_post_step_actions' (<PjitFunction of <function _save_state_system at 0x14b0d4a43ba0>>); handle explicitly
/home/rg2248/analysis/summer-26/jam/thomson/jam2d-thomson.py:74: RuntimeWarning: h5: callable: skipping callable field '0' (<function fire.<locals>.init at 0x14af62ae7100>); handle explicitly
  save(system, join(data_root, 'system.h5'))
/home/rg2248/analysis/summer-26/jam/thomson/jam2d-thomson.py:74: RuntimeWarning: h5: callable: skipping callable field '1' (<function fire.<locals>.update at 0x14af62ae6fc0>); handle explicitly
  save(system, join(data_root, 'system.h5'))
Initial minimization took 0 steps.
Step: 1 -  phi=0.4000000000000001, PE=5.206867522041791e-17 after 0 steps
Step: 2 -  phi=0.4010000000000001, PE=6.853531173038095e-17 after 173 steps
Step: 3 -  phi=0.4020000000000001, PE=2.0030377100046712e-17 after 131 steps
Step: 4 -  phi=0.4030000000000001, PE=6.177207028733498e-17 after 139 steps
Step: 5 -  phi=0.4040000000000001, PE=9.152654881457938e-17 after 152 steps
Step: 6 -  phi=0.4050000000000001, PE=4.908331638347321e-17 after 123 steps
Step: 7 -  phi=0.4060000000000001, PE=1.9362959144540445e-17 after 138 steps
Step: 8 -  phi=0.4070000000000001, PE=0.0 after 121 steps
Step: 9 -  phi=0.4080000000000001, PE=0.0 after 120 steps
Step: 10 -  phi=0.4090000000000001, PE=9.436101371426033e-17 after 119 steps
Step: 11 -  phi=0.4100000000000001, PE=5.049644158839187e-17 after 126 steps
Step: 12 -  phi=0.4110000000000001, PE=8.963111702341886e-17 after 119 steps
Step: 13 -  phi=0.4120000000000001, PE=0.0 after 119 steps
Step: 14 -  phi=0.4130000000000001, PE=0.0 after 120 steps
Step: 15 -  phi=0.4140000000000001, PE=7.143243019514067e-17 after 132 steps
Step: 16 -  phi=0.4150000000000001, PE=0.0 after 128 steps
Step: 17 -  phi=0.4160000000000001, PE=0.0 after 130 steps
Step: 18 -  phi=0.4170000000000001, PE=9.517099433065928e-17 after 126 steps
Step: 19 -  phi=0.4180000000000001, PE=0.0 after 127 steps
Step: 20 -  phi=0.4190000000000001, PE=6.013779776687773e-17 after 126 steps
Step: 21 -  phi=0.4200000000000001, PE=2.5838108967758292e-17 after 126 steps
Step: 22 -  phi=0.4210000000000001, PE=9.499774215703019e-17 after 111 steps
Step: 23 -  phi=0.4220000000000001, PE=0.0 after 118 steps
Step: 24 -  phi=0.4230000000000001, PE=6.570330216624091e-17 after 124 steps
Step: 25 -  phi=0.4240000000000001, PE=8.550465087187889e-17 after 127 steps
Step: 26 -  phi=0.4250000000000001, PE=0.0 after 112 steps
Step: 27 -  phi=0.4260000000000001, PE=0.0 after 129 steps
Step: 28 -  phi=0.4270000000000001, PE=0.0 after 116 steps
Step: 29 -  phi=0.4280000000000001, PE=6.035584302445364e-17 after 124 steps
Step: 30 -  phi=0.4290000000000001, PE=0.0 after 134 steps
Step: 31 -  phi=0.4300000000000001, PE=8.992231733697138e-17 after 131 steps
Step: 32 -  phi=0.4310000000000001, PE=0.0 after 132 steps
Step: 33 -  phi=0.4320000000000001, PE=0.0 after 117 steps
Step: 34 -  phi=0.4330000000000001, PE=9.775512720294953e-17 after 134 steps
Step: 35 -  phi=0.4340000000000001, PE=3.080939167337965e-17 after 129 steps
Step: 36 -  phi=0.4350000000000001, PE=8.534520103282186e-17 after 136 steps
Step: 37 -  phi=0.4360000000000001, PE=6.90672522143913e-17 after 125 steps
Step: 38 -  phi=0.4370000000000001, PE=8.544000025493098e-17 after 139 steps
Step: 39 -  phi=0.4380000000000001, PE=4.401791850333175e-17 after 159 steps
Step: 40 -  phi=0.4390000000000001, PE=6.889011285997726e-17 after 169 steps
Step: 41 -  phi=0.4400000000000001, PE=6.282184883705148e-17 after 124 steps
Step: 42 -  phi=0.4410000000000001, PE=4.7448005743282884e-17 after 128 steps
Step: 43 -  phi=0.4420000000000001, PE=0.0 after 137 steps
Step: 44 -  phi=0.4430000000000001, PE=5.468140542734548e-17 after 131 steps
Step: 45 -  phi=0.4440000000000001, PE=0.0 after 123 steps
Step: 46 -  phi=0.4450000000000001, PE=0.0 after 131 steps
Step: 47 -  phi=0.4460000000000001, PE=3.694672427628206e-17 after 135 steps
Step: 48 -  phi=0.4470000000000001, PE=7.167945724532505e-20 after 138 steps
Step: 49 -  phi=0.4480000000000001, PE=8.178854096592661e-17 after 172 steps
Step: 50 -  phi=0.4490000000000001, PE=9.905253367555792e-17 after 125 steps
Step: 51 -  phi=0.4500000000000001, PE=1.2570230113648703e-17 after 132 steps
Step: 52 -  phi=0.4510000000000001, PE=6.767747160003828e-17 after 152 steps
Step: 53 -  phi=0.4520000000000001, PE=9.616208326207087e-17 after 155 steps
Step: 54 -  phi=0.4530000000000001, PE=8.720967184359253e-17 after 156 steps
Step: 55 -  phi=0.4540000000000001, PE=9.571514218363413e-17 after 150 steps
Step: 56 -  phi=0.4550000000000001, PE=0.0 after 153 steps
Step: 57 -  phi=0.4560000000000001, PE=7.574340434156673e-17 after 169 steps
Step: 58 -  phi=0.45700000000000013, PE=0.0 after 139 steps
Step: 59 -  phi=0.45800000000000013, PE=8.81942328783569e-17 after 153 steps
Step: 60 -  phi=0.45900000000000013, PE=2.3576620401262242e-17 after 182 steps
Step: 61 -  phi=0.46000000000000013, PE=0.0 after 137 steps
Step: 62 -  phi=0.46100000000000013, PE=0.0 after 134 steps
Step: 63 -  phi=0.46200000000000013, PE=0.0 after 151 steps
Step: 64 -  phi=0.46300000000000013, PE=0.0 after 143 steps
Step: 65 -  phi=0.46400000000000013, PE=0.0 after 142 steps
Step: 66 -  phi=0.46500000000000014, PE=8.09500568715247e-17 after 151 steps
Step: 67 -  phi=0.46600000000000014, PE=0.0 after 146 steps
Step: 68 -  phi=0.46700000000000014, PE=0.0 after 150 steps
Step: 69 -  phi=0.46800000000000014, PE=8.130773338485136e-17 after 145 steps
Step: 70 -  phi=0.46900000000000014, PE=5.942538218752744e-18 after 139 steps
Step: 71 -  phi=0.47000000000000014, PE=0.0 after 141 steps
Step: 72 -  phi=0.47100000000000014, PE=1.1997023731132788e-18 after 148 steps
Step: 73 -  phi=0.47200000000000014, PE=1.8639131835822442e-17 after 170 steps
Step: 74 -  phi=0.47300000000000014, PE=4.9317370984387407e-17 after 163 steps
Step: 75 -  phi=0.47400000000000014, PE=6.131474527100809e-19 after 155 steps
Step: 76 -  phi=0.47500000000000014, PE=0.0 after 167 steps
Step: 77 -  phi=0.47600000000000015, PE=0.0 after 147 steps
Step: 78 -  phi=0.47700000000000015, PE=0.0 after 158 steps
Step: 79 -  phi=0.47800000000000015, PE=0.0 after 162 steps
Step: 80 -  phi=0.47900000000000015, PE=6.758589295675598e-17 after 167 steps
Step: 81 -  phi=0.48000000000000015, PE=6.305592466350755e-17 after 163 steps
Step: 82 -  phi=0.48100000000000015, PE=7.502928283998944e-17 after 143 steps
Step: 83 -  phi=0.48200000000000015, PE=3.3411834190547655e-17 after 159 steps
Step: 84 -  phi=0.48300000000000015, PE=9.266601502448629e-17 after 186 steps
Step: 85 -  phi=0.48400000000000015, PE=9.174641245792793e-17 after 152 steps
Step: 86 -  phi=0.48500000000000015, PE=0.0 after 159 steps
Step: 87 -  phi=0.48600000000000015, PE=9.420194573314587e-17 after 175 steps
Step: 88 -  phi=0.48700000000000015, PE=3.218314723005727e-17 after 157 steps
Step: 89 -  phi=0.48800000000000016, PE=9.194188557423463e-17 after 163 steps
Step: 90 -  phi=0.48900000000000016, PE=9.131580742365679e-17 after 158 steps
Step: 91 -  phi=0.49000000000000016, PE=0.0 after 147 steps
Step: 92 -  phi=0.49100000000000016, PE=0.0 after 148 steps
Step: 93 -  phi=0.49200000000000016, PE=8.320332705849923e-17 after 159 steps
Step: 94 -  phi=0.49300000000000016, PE=0.0 after 143 steps
Step: 95 -  phi=0.49400000000000016, PE=3.222145572607284e-17 after 157 steps
Step: 96 -  phi=0.49500000000000016, PE=0.0 after 152 steps
Step: 97 -  phi=0.49600000000000016, PE=4.1472855340926155e-17 after 145 steps
Step: 98 -  phi=0.49700000000000016, PE=2.4036916661242242e-17 after 166 steps
Step: 99 -  phi=0.49800000000000016, PE=0.0 after 157 steps
Step: 100 -  phi=0.49900000000000017, PE=0.0 after 141 steps
Step: 101 -  phi=0.5000000000000001, PE=7.593335181019035e-17 after 140 steps
Step: 102 -  phi=0.5010000000000001, PE=4.7449026144541767e-17 after 169 steps
Step: 103 -  phi=0.5020000000000001, PE=1.5766663876714218e-18 after 132 steps
Step: 104 -  phi=0.5030000000000001, PE=0.0 after 139 steps
Step: 105 -  phi=0.5040000000000001, PE=0.0 after 143 steps
Step: 106 -  phi=0.5050000000000001, PE=3.012595584754422e-17 after 146 steps
Step: 107 -  phi=0.5060000000000001, PE=6.034267071526673e-17 after 160 steps
Step: 108 -  phi=0.5070000000000001, PE=9.777786588669102e-17 after 137 steps
Step: 109 -  phi=0.5080000000000001, PE=9.58689536277237e-17 after 156 steps
Step: 110 -  phi=0.5090000000000001, PE=8.948367477345515e-17 after 162 steps
Step: 111 -  phi=0.5100000000000001, PE=3.105961166355964e-17 after 162 steps
Step: 112 -  phi=0.5110000000000001, PE=7.478206201668042e-17 after 160 steps
Step: 113 -  phi=0.5120000000000001, PE=7.940665823509498e-17 after 143 steps
Step: 114 -  phi=0.5130000000000001, PE=0.0 after 138 steps
Step: 115 -  phi=0.5140000000000001, PE=6.889900315895684e-19 after 133 steps
Step: 116 -  phi=0.5150000000000001, PE=6.395583662761273e-17 after 132 steps
Step: 117 -  phi=0.5160000000000001, PE=2.5584616508080013e-17 after 127 steps
Step: 118 -  phi=0.5170000000000001, PE=0.0 after 135 steps
Step: 119 -  phi=0.5180000000000001, PE=0.0 after 142 steps
Step: 120 -  phi=0.5190000000000001, PE=2.3671456729679225e-17 after 140 steps
Step: 121 -  phi=0.5200000000000001, PE=6.48155423778334e-17 after 151 steps
Step: 122 -  phi=0.5210000000000001, PE=5.86133419374344e-17 after 152 steps
Step: 123 -  phi=0.5220000000000001, PE=2.295965176053489e-17 after 133 steps
Step: 124 -  phi=0.5230000000000001, PE=2.2377610586207914e-17 after 132 steps
Step: 125 -  phi=0.5240000000000001, PE=9.647846537728585e-17 after 158 steps
Step: 126 -  phi=0.5250000000000001, PE=0.0 after 134 steps
Step: 127 -  phi=0.5260000000000001, PE=4.8201526268852804e-17 after 132 steps
Step: 128 -  phi=0.5270000000000001, PE=5.200833867444226e-18 after 141 steps
Step: 129 -  phi=0.5280000000000001, PE=9.277806421523818e-17 after 137 steps
Step: 130 -  phi=0.5290000000000001, PE=0.0 after 140 steps
Step: 131 -  phi=0.5300000000000001, PE=9.846749646840759e-17 after 227 steps
Step: 132 -  phi=0.5310000000000001, PE=8.583786058678982e-17 after 168 steps
Step: 133 -  phi=0.5320000000000001, PE=9.020876520252147e-17 after 167 steps
Step: 134 -  phi=0.5330000000000001, PE=0.0 after 154 steps
Step: 135 -  phi=0.5340000000000001, PE=0.0 after 166 steps
Step: 136 -  phi=0.5350000000000001, PE=9.149115884407589e-17 after 172 steps
Step: 137 -  phi=0.5360000000000001, PE=4.1716838048176915e-17 after 174 steps
Step: 138 -  phi=0.5370000000000001, PE=9.775517992346564e-17 after 175 steps
Step: 139 -  phi=0.5380000000000001, PE=8.018659589552388e-17 after 191 steps
Step: 140 -  phi=0.5390000000000001, PE=9.140811187271247e-17 after 173 steps
Step: 141 -  phi=0.5400000000000001, PE=4.852052152589228e-20 after 159 steps
Step: 142 -  phi=0.5410000000000001, PE=7.57621200751794e-17 after 190 steps
Step: 143 -  phi=0.5420000000000001, PE=4.6049955100995427e-17 after 159 steps
Step: 144 -  phi=0.5430000000000001, PE=4.330827167704276e-17 after 181 steps
Step: 145 -  phi=0.5440000000000002, PE=7.270091915853327e-17 after 156 steps
Step: 146 -  phi=0.5450000000000002, PE=9.699805299783693e-17 after 162 steps
Step: 147 -  phi=0.5460000000000002, PE=5.076315654788359e-17 after 183 steps
Step: 148 -  phi=0.5470000000000002, PE=0.0 after 164 steps
Step: 149 -  phi=0.5480000000000002, PE=8.180233074314845e-17 after 177 steps
Step: 150 -  phi=0.5490000000000002, PE=6.62679100763868e-17 after 186 steps
Step: 151 -  phi=0.5500000000000002, PE=9.891836206550914e-17 after 179 steps
Step: 152 -  phi=0.5510000000000002, PE=0.0 after 164 steps
Step: 153 -  phi=0.5520000000000002, PE=9.020899932644804e-17 after 180 steps
Step: 154 -  phi=0.5530000000000002, PE=8.976353749553132e-17 after 191 steps
Step: 155 -  phi=0.5540000000000002, PE=5.925826776650827e-17 after 214 steps
Step: 156 -  phi=0.5550000000000002, PE=2.8887378104794447e-17 after 199 steps
Step: 157 -  phi=0.5560000000000002, PE=7.373668986540816e-17 after 202 steps
Step: 158 -  phi=0.5570000000000002, PE=2.851891965612421e-20 after 189 steps
Step: 159 -  phi=0.5580000000000002, PE=9.182873205826974e-17 after 191 steps
Step: 160 -  phi=0.5590000000000002, PE=6.280886292109681e-17 after 205 steps
Step: 161 -  phi=0.5600000000000002, PE=0.0 after 192 steps
Step: 162 -  phi=0.5610000000000002, PE=1.977271360811472e-17 after 190 steps
Step: 163 -  phi=0.5620000000000002, PE=3.667114345899456e-17 after 203 steps
Step: 164 -  phi=0.5630000000000002, PE=5.136588216100801e-17 after 224 steps
Step: 165 -  phi=0.5640000000000002, PE=8.662437346040935e-17 after 176 steps
Step: 166 -  phi=0.5650000000000002, PE=8.850444451321889e-17 after 202 steps
Step: 167 -  phi=0.5660000000000002, PE=9.830130946931863e-17 after 195 steps
Step: 168 -  phi=0.5670000000000002, PE=9.851614396867412e-17 after 203 steps
Step: 169 -  phi=0.5680000000000002, PE=0.0 after 179 steps
Step: 170 -  phi=0.5690000000000002, PE=0.0 after 195 steps
Step: 171 -  phi=0.5700000000000002, PE=2.7426114061550045e-17 after 171 steps
Step: 172 -  phi=0.5710000000000002, PE=9.63446356059237e-17 after 249 steps
Step: 173 -  phi=0.5720000000000002, PE=9.796060918708396e-17 after 223 steps
Step: 174 -  phi=0.5730000000000002, PE=6.643327653397493e-17 after 212 steps
Step: 175 -  phi=0.5740000000000002, PE=6.711042605112322e-17 after 195 steps
Step: 176 -  phi=0.5750000000000002, PE=8.218639962325413e-17 after 212 steps
Step: 177 -  phi=0.5760000000000002, PE=7.738004262691074e-17 after 220 steps
Step: 178 -  phi=0.5770000000000002, PE=7.546172164393946e-17 after 232 steps
Step: 179 -  phi=0.5780000000000002, PE=8.699340920358971e-17 after 254 steps
Step: 180 -  phi=0.5790000000000002, PE=6.681017565011764e-17 after 194 steps
Step: 181 -  phi=0.5800000000000002, PE=6.243695822075836e-17 after 213 steps
Step: 182 -  phi=0.5810000000000002, PE=9.337650629448598e-17 after 201 steps
Step: 183 -  phi=0.5820000000000002, PE=6.512003914680414e-17 after 224 steps
Step: 184 -  phi=0.5830000000000002, PE=0.0 after 196 steps
Step: 185 -  phi=0.5840000000000002, PE=9.614814340719726e-17 after 231 steps
Step: 186 -  phi=0.5850000000000002, PE=7.362112639536076e-17 after 210 steps
Step: 187 -  phi=0.5860000000000002, PE=9.935127247623679e-17 after 228 steps
Step: 188 -  phi=0.5870000000000002, PE=7.055823613975344e-17 after 207 steps
Step: 189 -  phi=0.5880000000000002, PE=8.208942454248803e-17 after 215 steps
Step: 190 -  phi=0.5890000000000002, PE=3.2928579368886275e-17 after 211 steps
Step: 191 -  phi=0.5900000000000002, PE=2.873967386226823e-17 after 185 steps
Step: 192 -  phi=0.5910000000000002, PE=9.235673616135648e-17 after 208 steps
Step: 193 -  phi=0.5920000000000002, PE=9.102808857912787e-17 after 197 steps
Step: 194 -  phi=0.5930000000000002, PE=7.40859203080403e-17 after 206 steps
Step: 195 -  phi=0.5940000000000002, PE=9.515344397996321e-17 after 198 steps
Step: 196 -  phi=0.5950000000000002, PE=9.552959442758366e-17 after 180 steps
Step: 197 -  phi=0.5960000000000002, PE=8.546819498441217e-17 after 186 steps
Step: 198 -  phi=0.5970000000000002, PE=9.35749623146312e-17 after 193 steps
Step: 199 -  phi=0.5980000000000002, PE=7.050632994994661e-17 after 191 steps
Step: 200 -  phi=0.5990000000000002, PE=0.0 after 193 steps
Step: 201 -  phi=0.6000000000000002, PE=0.0 after 199 steps
Step: 202 -  phi=0.6010000000000002, PE=2.6450936703794006e-17 after 178 steps
Step: 203 -  phi=0.6020000000000002, PE=8.11078798075762e-17 after 237 steps
Step: 204 -  phi=0.6030000000000002, PE=9.604443797663133e-17 after 172 steps
Step: 205 -  phi=0.6040000000000002, PE=5.744658621343416e-17 after 196 steps
Step: 206 -  phi=0.6050000000000002, PE=6.488613395069928e-17 after 191 steps
Step: 207 -  phi=0.6060000000000002, PE=2.2089074937003542e-17 after 188 steps
Step: 208 -  phi=0.6070000000000002, PE=2.372579578829847e-17 after 195 steps
Step: 209 -  phi=0.6080000000000002, PE=3.077679107190797e-17 after 206 steps
Step: 210 -  phi=0.6090000000000002, PE=6.850735235680471e-17 after 212 steps
Step: 211 -  phi=0.6100000000000002, PE=2.9623381267299186e-17 after 186 steps
Step: 212 -  phi=0.6110000000000002, PE=8.686841129925168e-17 after 210 steps
Step: 213 -  phi=0.6120000000000002, PE=8.998289063193666e-17 after 197 steps
Step: 214 -  phi=0.6130000000000002, PE=0.0 after 219 steps
Step: 215 -  phi=0.6140000000000002, PE=9.782010688372796e-17 after 224 steps
Step: 216 -  phi=0.6150000000000002, PE=5.56152963384814e-17 after 205 steps
Step: 217 -  phi=0.6160000000000002, PE=0.0 after 207 steps
Step: 218 -  phi=0.6170000000000002, PE=4.6610086668595294e-17 after 225 steps
Step: 219 -  phi=0.6180000000000002, PE=9.058966410798306e-17 after 208 steps
Step: 220 -  phi=0.6190000000000002, PE=9.043347072073441e-17 after 230 steps
Step: 221 -  phi=0.6200000000000002, PE=9.886320387819274e-17 after 244 steps
Step: 222 -  phi=0.6210000000000002, PE=4.462678689900964e-17 after 238 steps
Step: 223 -  phi=0.6220000000000002, PE=0.0 after 242 steps
Step: 224 -  phi=0.6230000000000002, PE=4.578605097813691e-17 after 229 steps
Step: 225 -  phi=0.6240000000000002, PE=8.929277072322016e-17 after 244 steps
Step: 226 -  phi=0.6250000000000002, PE=9.983819927932584e-17 after 232 steps
Step: 227 -  phi=0.6260000000000002, PE=3.961747200317778e-17 after 231 steps
Step: 228 -  phi=0.6270000000000002, PE=9.629073718335064e-17 after 245 steps
Step: 229 -  phi=0.6280000000000002, PE=8.26816386795397e-17 after 244 steps
Step: 230 -  phi=0.6290000000000002, PE=6.978572915428917e-17 after 239 steps
Step: 231 -  phi=0.6300000000000002, PE=9.578992348091256e-17 after 241 steps
Step: 232 -  phi=0.6310000000000002, PE=6.854619585519337e-17 after 227 steps
Step: 233 -  phi=0.6320000000000002, PE=9.839402546745291e-17 after 228 steps
Step: 234 -  phi=0.6330000000000002, PE=0.0 after 219 steps
Step: 235 -  phi=0.6340000000000002, PE=8.661291761897908e-17 after 216 steps
Step: 236 -  phi=0.6350000000000002, PE=9.777412244634292e-17 after 236 steps
Step: 237 -  phi=0.6360000000000002, PE=8.560183979057384e-17 after 242 steps
Step: 238 -  phi=0.6370000000000002, PE=5.63183927424522e-17 after 213 steps
Step: 239 -  phi=0.6380000000000002, PE=9.803668374599142e-17 after 365 steps
Step: 240 -  phi=0.6390000000000002, PE=8.613001262527114e-17 after 304 steps
Step: 241 -  phi=0.6400000000000002, PE=7.708049621051512e-17 after 256 steps
Step: 242 -  phi=0.6410000000000002, PE=8.733182223563839e-17 after 257 steps
Step: 243 -  phi=0.6420000000000002, PE=8.795488698797494e-17 after 262 steps
Step: 244 -  phi=0.6430000000000002, PE=8.628989507129488e-17 after 244 steps
Step: 245 -  phi=0.6440000000000002, PE=7.554375575315847e-17 after 242 steps
Step: 246 -  phi=0.6450000000000002, PE=9.899586895286105e-17 after 251 steps
Step: 247 -  phi=0.6460000000000002, PE=5.769526742067326e-17 after 244 steps
Step: 248 -  phi=0.6470000000000002, PE=7.959241810228328e-17 after 224 steps
Step: 249 -  phi=0.6480000000000002, PE=7.785792794939324e-17 after 212 steps
Step: 250 -  phi=0.6490000000000002, PE=5.5371026169863646e-17 after 208 steps
Step: 251 -  phi=0.6500000000000002, PE=5.14462090252927e-18 after 231 steps
Step: 252 -  phi=0.6510000000000002, PE=0.0 after 221 steps
Step: 253 -  phi=0.6520000000000002, PE=6.626771477970397e-17 after 247 steps
Step: 254 -  phi=0.6530000000000002, PE=6.645364511153125e-17 after 237 steps
Step: 255 -  phi=0.6540000000000002, PE=7.997220345852629e-17 after 241 steps
Step: 256 -  phi=0.6550000000000002, PE=9.708428398811358e-17 after 250 steps
Step: 257 -  phi=0.6560000000000002, PE=8.325853008291297e-17 after 254 steps
Step: 258 -  phi=0.6570000000000003, PE=6.495967918982498e-17 after 249 steps
Step: 259 -  phi=0.6580000000000003, PE=9.034754395871088e-17 after 246 steps
Step: 260 -  phi=0.6590000000000003, PE=9.763696751836785e-17 after 252 steps
Step: 261 -  phi=0.6600000000000003, PE=9.309183169762756e-17 after 240 steps
Step: 262 -  phi=0.6610000000000003, PE=7.822677630144877e-17 after 226 steps
Step: 263 -  phi=0.6620000000000003, PE=7.44954737087305e-17 after 207 steps
Step: 264 -  phi=0.6630000000000003, PE=4.325637434736558e-17 after 223 steps
Step: 265 -  phi=0.6640000000000003, PE=0.0 after 223 steps
Step: 266 -  phi=0.6650000000000003, PE=7.632853395956571e-17 after 220 steps
Step: 267 -  phi=0.6660000000000003, PE=9.008216070024958e-17 after 228 steps
Step: 268 -  phi=0.6670000000000003, PE=9.877140936954538e-17 after 238 steps
Step: 269 -  phi=0.6680000000000003, PE=9.413187672616901e-17 after 224 steps
Step: 270 -  phi=0.6690000000000003, PE=9.863236231350862e-17 after 252 steps
Step: 271 -  phi=0.6700000000000003, PE=5.560033841440157e-17 after 230 steps
Step: 272 -  phi=0.6710000000000003, PE=4.134608760904779e-17 after 240 steps
Step: 273 -  phi=0.6720000000000003, PE=8.591379116120884e-17 after 257 steps
Step: 274 -  phi=0.6730000000000003, PE=8.981741141846844e-17 after 246 steps
Step: 275 -  phi=0.6740000000000003, PE=5.4858889347375504e-17 after 239 steps
Step: 276 -  phi=0.6750000000000003, PE=5.157129649032236e-17 after 251 steps
Step: 277 -  phi=0.6760000000000003, PE=7.301712240877015e-17 after 234 steps
Step: 278 -  phi=0.6770000000000003, PE=9.832234307478836e-17 after 239 steps
Step: 279 -  phi=0.6780000000000003, PE=8.199089547282241e-17 after 236 steps
Step: 280 -  phi=0.6790000000000003, PE=6.08583684892489e-17 after 251 steps
Step: 281 -  phi=0.6800000000000003, PE=6.84912971703014e-17 after 225 steps
Step: 282 -  phi=0.6810000000000003, PE=9.879250515348099e-17 after 249 steps
Step: 283 -  phi=0.6820000000000003, PE=8.822107403216027e-17 after 243 steps
Step: 284 -  phi=0.6830000000000003, PE=7.798323758813355e-17 after 263 steps
Step: 285 -  phi=0.6840000000000003, PE=8.878408042248722e-17 after 271 steps
Step: 286 -  phi=0.6850000000000003, PE=8.767172627553914e-17 after 253 steps
Step: 287 -  phi=0.6860000000000003, PE=9.535282355575884e-17 after 255 steps
Step: 288 -  phi=0.6870000000000003, PE=9.676991658996615e-17 after 272 steps
Step: 289 -  phi=0.6880000000000003, PE=1.81390747043505e-17 after 268 steps
Step: 290 -  phi=0.6890000000000003, PE=4.977803140153728e-17 after 251 steps
Step: 291 -  phi=0.6900000000000003, PE=0.0 after 237 steps
Step: 292 -  phi=0.6910000000000003, PE=7.32051462063698e-17 after 300 steps
Step: 293 -  phi=0.6920000000000003, PE=6.388232071564119e-17 after 278 steps
Step: 294 -  phi=0.6930000000000003, PE=6.556265537460405e-17 after 295 steps
Step: 295 -  phi=0.6940000000000003, PE=4.810619817999772e-17 after 282 steps
Step: 296 -  phi=0.6950000000000003, PE=8.274604268127931e-17 after 290 steps
Step: 297 -  phi=0.6960000000000003, PE=6.277788010797404e-17 after 305 steps
Step: 298 -  phi=0.6970000000000003, PE=7.944967935157223e-17 after 289 steps
Step: 299 -  phi=0.6980000000000003, PE=9.541710327706276e-17 after 288 steps
Step: 300 -  phi=0.6990000000000003, PE=5.640903763508744e-17 after 289 steps
Step: 301 -  phi=0.7000000000000003, PE=9.573338544520227e-17 after 286 steps
Step: 302 -  phi=0.7010000000000003, PE=3.819212103608683e-17 after 277 steps
Step: 303 -  phi=0.7020000000000003, PE=9.345911995411743e-17 after 301 steps
Step: 304 -  phi=0.7030000000000003, PE=8.306575969349311e-17 after 272 steps
Step: 305 -  phi=0.7040000000000003, PE=9.19136822483109e-17 after 303 steps
Step: 306 -  phi=0.7050000000000003, PE=1.1638955189814854e-17 after 258 steps
Step: 307 -  phi=0.7060000000000003, PE=9.282580509550188e-17 after 288 steps
Step: 308 -  phi=0.7070000000000003, PE=5.008692996358316e-17 after 267 steps
Step: 309 -  phi=0.7080000000000003, PE=8.896417502757849e-17 after 266 steps
Step: 310 -  phi=0.7090000000000003, PE=9.477778117730954e-17 after 275 steps
Step: 311 -  phi=0.7100000000000003, PE=7.226954361205337e-17 after 266 steps
Step: 312 -  phi=0.7110000000000003, PE=9.08654917125195e-17 after 268 steps
Step: 313 -  phi=0.7120000000000003, PE=8.025822706896048e-17 after 343 steps
Step: 314 -  phi=0.7130000000000003, PE=8.235185675361183e-17 after 277 steps
Step: 315 -  phi=0.7140000000000003, PE=8.355677273298251e-17 after 286 steps
Step: 316 -  phi=0.7150000000000003, PE=8.135768678196983e-17 after 278 steps
Step: 317 -  phi=0.7160000000000003, PE=7.592108481387571e-17 after 283 steps
Step: 318 -  phi=0.7170000000000003, PE=7.548978382574882e-17 after 332 steps
Step: 319 -  phi=0.7180000000000003, PE=3.151156265090954e-17 after 292 steps
Step: 320 -  phi=0.7190000000000003, PE=9.572801556961068e-17 after 303 steps
Step: 321 -  phi=0.7200000000000003, PE=8.508714433289163e-17 after 298 steps
Step: 322 -  phi=0.7210000000000003, PE=1.2343873871951978e-17 after 269 steps
Step: 323 -  phi=0.7220000000000003, PE=8.497238527974996e-17 after 283 steps
Step: 324 -  phi=0.7230000000000003, PE=7.691985416221207e-17 after 278 steps
Step: 325 -  phi=0.7240000000000003, PE=8.767345368859381e-17 after 290 steps
Step: 326 -  phi=0.7250000000000003, PE=9.906232784022012e-17 after 271 steps
Step: 327 -  phi=0.7260000000000003, PE=9.456871589141053e-17 after 278 steps
Step: 328 -  phi=0.7270000000000003, PE=8.220473423960647e-17 after 288 steps
Step: 329 -  phi=0.7280000000000003, PE=9.199633328802502e-17 after 314 steps
Step: 330 -  phi=0.7290000000000003, PE=7.127947277377592e-17 after 288 steps
Step: 331 -  phi=0.7300000000000003, PE=9.005220895642001e-17 after 302 steps
Step: 332 -  phi=0.7310000000000003, PE=9.942058095098342e-17 after 276 steps
Step: 333 -  phi=0.7320000000000003, PE=2.541368215376752e-17 after 254 steps
Step: 334 -  phi=0.7330000000000003, PE=5.670691219485656e-17 after 266 steps
Step: 335 -  phi=0.7340000000000003, PE=4.3745803830714645e-17 after 273 steps
Step: 336 -  phi=0.7350000000000003, PE=8.112090983411372e-17 after 315 steps
Step: 337 -  phi=0.7360000000000003, PE=9.605661594374845e-17 after 306 steps
Step: 338 -  phi=0.7370000000000003, PE=9.352849914910513e-17 after 341 steps
Step: 339 -  phi=0.7380000000000003, PE=9.58292246313445e-17 after 312 steps
Step: 340 -  phi=0.7390000000000003, PE=9.884099364470876e-17 after 340 steps
Step: 341 -  phi=0.7400000000000003, PE=9.569177934438194e-17 after 370 steps
Step: 342 -  phi=0.7410000000000003, PE=3.5878027138241776e-17 after 360 steps
Step: 343 -  phi=0.7420000000000003, PE=9.664402233988019e-17 after 338 steps
Step: 344 -  phi=0.7430000000000003, PE=7.46227434350308e-17 after 337 steps
Step: 345 -  phi=0.7440000000000003, PE=9.412279555901149e-17 after 350 steps
Step: 346 -  phi=0.7450000000000003, PE=9.00022692313649e-17 after 334 steps
Step: 347 -  phi=0.7460000000000003, PE=9.800593251958973e-17 after 355 steps
Step: 348 -  phi=0.7470000000000003, PE=9.50972796157474e-17 after 402 steps
Step: 349 -  phi=0.7480000000000003, PE=9.622823685952755e-17 after 344 steps
Step: 350 -  phi=0.7490000000000003, PE=9.78431447031834e-17 after 328 steps
Step: 351 -  phi=0.7500000000000003, PE=9.701749133005768e-17 after 337 steps
Step: 352 -  phi=0.7510000000000003, PE=9.68680436750888e-17 after 351 steps
Step: 353 -  phi=0.7520000000000003, PE=8.334435809808065e-17 after 386 steps
Step: 354 -  phi=0.7530000000000003, PE=7.024157225149525e-17 after 363 steps
Step: 355 -  phi=0.7540000000000003, PE=9.658960460930847e-17 after 342 steps
Step: 356 -  phi=0.7550000000000003, PE=9.702879203000556e-17 after 566 steps
Step: 357 -  phi=0.7560000000000003, PE=7.58534993564755e-17 after 409 steps
Step: 358 -  phi=0.7570000000000003, PE=9.300200256470077e-17 after 443 steps
Step: 359 -  phi=0.7580000000000003, PE=4.5985391522532473e-17 after 363 steps
Step: 360 -  phi=0.7590000000000003, PE=8.937235271260392e-17 after 401 steps
Step: 361 -  phi=0.7600000000000003, PE=9.923316320568513e-17 after 373 steps
Step: 362 -  phi=0.7610000000000003, PE=8.503933544963629e-17 after 372 steps
Step: 363 -  phi=0.7620000000000003, PE=9.47953841269291e-17 after 376 steps
Step: 364 -  phi=0.7630000000000003, PE=7.389471871843391e-17 after 418 steps
Step: 365 -  phi=0.7640000000000003, PE=8.29199469710981e-17 after 400 steps
Step: 366 -  phi=0.7650000000000003, PE=9.667563405399192e-17 after 393 steps
Step: 367 -  phi=0.7660000000000003, PE=9.912201162220023e-17 after 410 steps
Step: 368 -  phi=0.7670000000000003, PE=8.341062562752864e-17 after 409 steps
Step: 369 -  phi=0.7680000000000003, PE=9.488004364169708e-17 after 399 steps
Step: 370 -  phi=0.7690000000000003, PE=8.55867460037032e-17 after 431 steps
Step: 371 -  phi=0.7700000000000004, PE=7.587923779145256e-17 after 399 steps
Step: 372 -  phi=0.7710000000000004, PE=9.626268774186205e-17 after 426 steps
Step: 373 -  phi=0.7720000000000004, PE=9.062551982979389e-17 after 430 steps
Step: 374 -  phi=0.7730000000000004, PE=9.743044318599211e-17 after 486 steps
Step: 375 -  phi=0.7740000000000004, PE=7.710419599805773e-17 after 483 steps
Step: 376 -  phi=0.7750000000000004, PE=6.9074767681118e-17 after 461 steps
Step: 377 -  phi=0.7760000000000004, PE=8.662707179718865e-17 after 423 steps
Step: 378 -  phi=0.7770000000000004, PE=9.255564108904132e-17 after 659 steps
Step: 379 -  phi=0.7780000000000004, PE=8.75097574975972e-17 after 425 steps
Step: 380 -  phi=0.7790000000000004, PE=8.947224038814156e-17 after 422 steps
Step: 381 -  phi=0.7800000000000004, PE=9.3575895720064e-17 after 450 steps
Step: 382 -  phi=0.7810000000000004, PE=7.635539980770008e-17 after 478 steps
Step: 383 -  phi=0.7820000000000004, PE=9.835191191813186e-17 after 490 steps
Step: 384 -  phi=0.7830000000000004, PE=9.923584640356254e-17 after 486 steps
Step: 385 -  phi=0.7840000000000004, PE=9.839176088873326e-17 after 545 steps
Step: 386 -  phi=0.7850000000000004, PE=9.44927556115711e-17 after 428 steps
Step: 387 -  phi=0.7860000000000004, PE=8.951924051431886e-17 after 432 steps
Step: 388 -  phi=0.7870000000000004, PE=7.609157492821005e-17 after 452 steps
Step: 389 -  phi=0.7880000000000004, PE=9.565801214814238e-17 after 562 steps
Step: 390 -  phi=0.7890000000000004, PE=7.53751176513585e-17 after 488 steps
Step: 391 -  phi=0.7900000000000004, PE=9.994986425350921e-17 after 727 steps
Step: 392 -  phi=0.7910000000000004, PE=8.124686434821954e-17 after 490 steps
Step: 393 -  phi=0.7920000000000004, PE=8.192711055557944e-17 after 533 steps
Step: 394 -  phi=0.7930000000000004, PE=9.163955861246114e-17 after 536 steps
Step: 395 -  phi=0.7940000000000004, PE=9.506126460147637e-17 after 465 steps
Step: 396 -  phi=0.7950000000000004, PE=9.081680800223686e-17 after 616 steps
Step: 397 -  phi=0.7960000000000004, PE=9.149701052526948e-17 after 482 steps
Step: 398 -  phi=0.7970000000000004, PE=9.907636509929622e-17 after 554 steps
Step: 399 -  phi=0.7980000000000004, PE=9.422245154359162e-17 after 493 steps
Step: 400 -  phi=0.7990000000000004, PE=9.436378836348295e-17 after 812 steps
Step: 401 -  phi=0.8000000000000004, PE=9.50552329046108e-17 after 485 steps
Step: 402 -  phi=0.8010000000000004, PE=9.679964425018685e-17 after 519 steps
Step: 403 -  phi=0.8020000000000004, PE=9.09445737474727e-17 after 577 steps
Step: 404 -  phi=0.8030000000000004, PE=8.443927972123467e-17 after 583 steps
Step: 405 -  phi=0.8040000000000004, PE=9.535736156669714e-17 after 637 steps
Step: 406 -  phi=0.8050000000000004, PE=9.642713312328825e-17 after 785 steps
Step: 407 -  phi=0.8060000000000004, PE=9.951658645626129e-17 after 959 steps
Step: 408 -  phi=0.8070000000000004, PE=9.261193851239575e-17 after 567 steps
Step: 409 -  phi=0.8080000000000004, PE=9.665178925504277e-17 after 683 steps
Step: 410 -  phi=0.8090000000000004, PE=7.86314211878124e-17 after 531 steps
Step: 411 -  phi=0.8100000000000004, PE=7.460914546681443e-17 after 609 steps
Step: 412 -  phi=0.8110000000000004, PE=9.80408425407446e-17 after 722 steps
Step: 413 -  phi=0.8120000000000004, PE=9.53034163448171e-17 after 762 steps
Step: 414 -  phi=0.8130000000000004, PE=9.70000175927671e-17 after 829 steps
Step: 415 -  phi=0.8140000000000004, PE=9.953578597021626e-17 after 724 steps
Step: 416 -  phi=0.8150000000000004, PE=9.759043713064368e-17 after 1150 steps
Step: 417 -  phi=0.8160000000000004, PE=9.76600554934454e-17 after 951 steps
Step: 418 -  phi=0.8170000000000004, PE=9.360085248577916e-17 after 954 steps
Step: 419 -  phi=0.8180000000000004, PE=7.013096693269656e-17 after 631 steps
Step: 420 -  phi=0.8190000000000004, PE=9.069329437386832e-17 after 775 steps
Step: 421 -  phi=0.8200000000000004, PE=9.812072722710088e-17 after 974 steps
Step: 422 -  phi=0.8210000000000004, PE=9.296070207246662e-17 after 847 steps
Step: 423 -  phi=0.8220000000000004, PE=9.795320423212137e-17 after 907 steps
Step: 424 -  phi=0.8230000000000004, PE=7.790608243578952e-17 after 926 steps
Step: 425 -  phi=0.8240000000000004, PE=9.323293468744014e-17 after 834 steps
Step: 426 -  phi=0.8250000000000004, PE=9.50494090353948e-17 after 1098 steps
Step: 427 -  phi=0.8260000000000004, PE=9.831088238320979e-17 after 909 steps
Step: 428 -  phi=0.8270000000000004, PE=9.382992559743013e-17 after 1049 steps
Step: 429 -  phi=0.8280000000000004, PE=7.284208293376702e-17 after 872 steps
Step: 430 -  phi=0.8290000000000004, PE=9.827703548100808e-17 after 1185 steps
Step: 431 -  phi=0.8300000000000004, PE=9.947155141906339e-17 after 1660 steps
Step: 432 -  phi=0.8310000000000004, PE=9.962615228980242e-17 after 1782 steps
Step: 433 -  phi=0.8320000000000004, PE=9.674840462640292e-17 after 1188 steps
Step: 434 -  phi=0.8330000000000004, PE=9.949279252186186e-17 after 1463 steps
Step: 435 -  phi=0.8340000000000004, PE=9.881109868608078e-17 after 3005 steps
Step: 436 -  phi=0.8350000000000004, PE=9.767097629525682e-17 after 1638 steps
Step: 437 -  phi=0.8360000000000004, PE=9.977716813325048e-17 after 2934 steps
Step: 438 -  phi=0.8370000000000004, PE=9.84428541091623e-17 after 2562 steps
Step: 439 -  phi=0.8380000000000004, PE=9.879590876586272e-17 after 2469 steps
Step: 440 -  phi=0.8390000000000004, PE=9.886030926005624e-17 after 2110 steps
Step: 441 -  phi=0.8400000000000004, PE=9.941692055851222e-17 after 3112 steps
Step: 442 -  phi=0.8410000000000004, PE=9.947543084584896e-17 after 4609 steps
Step: 443 -  phi=0.8420000000000004, PE=9.930351681200092e-17 after 5825 steps
Step: 444 -  phi=0.8430000000000004, PE=9.928324608391563e-17 after 9105 steps
Step: 445 -  phi=0.8440000000000004, PE=9.959340243667032e-17 after 11755 steps
Step: 446 -  phi=0.8450000000000004, PE=9.974389252990587e-17 after 18934 steps
Step: 447 -  phi=0.8460000000000004, PE=9.983315702794642e-17 after 20290 steps
Step: 448 -  phi=0.8470000000000004, PE=9.994711583089705e-17 after 59557 steps
Step: 449 -  phi=0.8480000000000004, PE=9.999264545945654e-17 after 42793 steps
Step: 450 -  phi=0.8490000000000004, PE=9.997903626999618e-17 after 72331 steps
Step: 451 -  phi=0.8500000000000004, PE=9.994477385343441e-17 after 54389 steps
Step: 452 -  phi=0.8510000000000004, PE=9.999543792278635e-17 after 288810 steps
Step: 453 -  phi=0.8520000000000004, PE=3.8853873905567415e-09 after 100187 steps
Step: 454 -  phi=0.8515000000000004, PE=9.999975509899831e-17 after 469765 steps
Step: 455 -  phi=0.8517500000000005, PE=1.9363460744438706e-09 after 107419 steps
Step: 456 -  phi=0.8516250000000004, PE=4.3772403467115243e-10 after 198004 steps
Step: 457 -  phi=0.8515625000000004, PE=9.999718607112718e-17 after 447270 steps
Step: 458 -  phi=0.8515937500000004, PE=9.996868894415224e-17 after 56696 steps
Step: 459 -  phi=0.8516093750000004, PE=9.998048258651097e-17 after 36691 steps
Step: 460 -  phi=0.8516171875000005, PE=9.999924199471545e-17 after 42169 steps
Step: 461 -  phi=0.8516210937500004, PE=9.999993062133055e-17 after 42440 steps
Step: 462 -  phi=0.8516230468750003, PE=9.999237454539836e-17 after 30724 steps
Step: 463 -  phi=0.8516240234375003, PE=9.997044502629781e-17 after 20208 steps
Step: 464 -  phi=0.8516245117187504, PE=9.998331989097843e-17 after 10076 steps
Step: 465 -  phi=0.8516247558593755, PE=9.999148181590057e-17 after 9024 steps
Step: 466 -  phi=0.851624877929688, PE=9.999446120804847e-17 after 9693 steps
Step: 467 -  phi=0.8516249389648443, PE=9.995806931027637e-17 after 6651 steps
Step: 468 -  phi=0.8516249694824223, PE=9.99865719663011e-17 after 5308 steps
Step: 469 -  phi=0.8516249847412114, PE=9.997967280321894e-17 after 3997 steps
Step: 470 -  phi=0.8516249923706058, PE=9.99899733000479e-17 after 2972 steps
Step: 471 -  phi=0.8516249961853031, PE=9.999014379650036e-17 after 2176 steps
Step: 472 -  phi=0.8516249980926518, PE=9.999872270903439e-17 after 1535 steps
Step: 473 -  phi=0.851624999046326, PE=9.999708959772804e-17 after 1123 steps
Step: 474 -  phi=0.8516249995231633, PE=9.999868694764387e-17 after 809 steps
Step: 475 -  phi=0.8516249997615819, PE=9.999779323776741e-17 after 583 steps
Step: 476 -  phi=0.8516249998807912, PE=9.999826857811077e-17 after 419 steps
Step: 477 -  phi=0.8516249999403958, PE=9.9999909569904e-17 after 301 steps
Jammed: phi = 0.851625, residual PE = 1.000e-16
