The following modules were not unloaded:
  (Use "module --force purge" to unload all):

  1) StdEnv
sys:1: RuntimeWarning: h5: callable: skipping callable field 'user_pre_step_actions' (<PjitFunction of <function _save_state_system at 0x149d36a8bba0>>); handle explicitly
sys:1: RuntimeWarning: h5: callable: skipping callable field 'user_post_step_actions' (<PjitFunction of <function _save_state_system at 0x149d36a8bba0>>); handle explicitly
/home/rg2248/analysis/summer-26/jam/thomson/jam2d-thomson.py:74: RuntimeWarning: h5: callable: skipping callable field '0' (<function fire.<locals>.init at 0x149c08303100>); handle explicitly
  save(system, join(data_root, 'system.h5'))
/home/rg2248/analysis/summer-26/jam/thomson/jam2d-thomson.py:74: RuntimeWarning: h5: callable: skipping callable field '1' (<function fire.<locals>.update at 0x149c08302fc0>); handle explicitly
  save(system, join(data_root, 'system.h5'))
Initial minimization took 0 steps.
Step: 1 -  phi=0.40000000000000013, PE=2.900345576832164e-17 after 0 steps
Step: 2 -  phi=0.40100000000000013, PE=3.765321580064688e-17 after 122 steps
Step: 3 -  phi=0.40200000000000014, PE=7.898240613300027e-17 after 118 steps
Step: 4 -  phi=0.40300000000000014, PE=0.0 after 108 steps
Step: 5 -  phi=0.40400000000000014, PE=0.0 after 97 steps
Step: 6 -  phi=0.40500000000000014, PE=7.42617592638234e-17 after 107 steps
Step: 7 -  phi=0.40600000000000014, PE=0.0 after 105 steps
Step: 8 -  phi=0.40700000000000014, PE=4.1114180289853095e-17 after 95 steps
Step: 9 -  phi=0.40800000000000014, PE=0.0 after 104 steps
Step: 10 -  phi=0.40900000000000014, PE=8.20661071878933e-18 after 131 steps
Step: 11 -  phi=0.41000000000000014, PE=4.987034515354217e-17 after 117 steps
Step: 12 -  phi=0.41100000000000014, PE=0.0 after 100 steps
Step: 13 -  phi=0.41200000000000014, PE=0.0 after 103 steps
Step: 14 -  phi=0.41300000000000014, PE=0.0 after 102 steps
Step: 15 -  phi=0.41400000000000015, PE=0.0 after 102 steps
Step: 16 -  phi=0.41500000000000015, PE=0.0 after 103 steps
Step: 17 -  phi=0.41600000000000015, PE=1.980512829290829e-17 after 96 steps
Step: 18 -  phi=0.41700000000000015, PE=5.647732327535827e-17 after 100 steps
Step: 19 -  phi=0.41800000000000015, PE=0.0 after 94 steps
Step: 20 -  phi=0.41900000000000015, PE=8.257133239817735e-17 after 133 steps
Step: 21 -  phi=0.42000000000000015, PE=4.433031530374764e-17 after 103 steps
Step: 22 -  phi=0.42100000000000015, PE=5.945915532288486e-17 after 112 steps
Step: 23 -  phi=0.42200000000000015, PE=0.0 after 96 steps
Step: 24 -  phi=0.42300000000000015, PE=0.0 after 102 steps
Step: 25 -  phi=0.42400000000000015, PE=0.0 after 94 steps
Step: 26 -  phi=0.42500000000000016, PE=8.944877520648287e-17 after 119 steps
Step: 27 -  phi=0.42600000000000016, PE=0.0 after 101 steps
Step: 28 -  phi=0.42700000000000016, PE=5.203018184203966e-17 after 101 steps
Step: 29 -  phi=0.42800000000000016, PE=0.0 after 96 steps
Step: 30 -  phi=0.42900000000000016, PE=2.9067159685135226e-17 after 111 steps
Step: 31 -  phi=0.43000000000000016, PE=0.0 after 105 steps
Step: 32 -  phi=0.43100000000000016, PE=7.229549774887997e-17 after 96 steps
Step: 33 -  phi=0.43200000000000016, PE=8.027618307130025e-17 after 137 steps
Step: 34 -  phi=0.43300000000000016, PE=0.0 after 91 steps
Step: 35 -  phi=0.43400000000000016, PE=6.896982237288042e-19 after 116 steps
Step: 36 -  phi=0.43500000000000016, PE=0.0 after 100 steps
Step: 37 -  phi=0.43600000000000017, PE=0.0 after 97 steps
Step: 38 -  phi=0.43700000000000017, PE=5.775303115883764e-18 after 106 steps
Step: 39 -  phi=0.43800000000000017, PE=0.0 after 99 steps
Step: 40 -  phi=0.43900000000000017, PE=0.0 after 115 steps
Step: 41 -  phi=0.44000000000000017, PE=0.0 after 100 steps
Step: 42 -  phi=0.44100000000000017, PE=6.426799477643226e-17 after 119 steps
Step: 43 -  phi=0.44200000000000017, PE=0.0 after 101 steps
Step: 44 -  phi=0.44300000000000017, PE=3.2369840539784534e-17 after 142 steps
Step: 45 -  phi=0.4440000000000002, PE=6.166705967535855e-17 after 106 steps
Step: 46 -  phi=0.4450000000000002, PE=0.0 after 109 steps
Step: 47 -  phi=0.4460000000000002, PE=8.790061995603503e-17 after 117 steps
Step: 48 -  phi=0.4470000000000002, PE=7.693260864528767e-17 after 119 steps
Step: 49 -  phi=0.4480000000000002, PE=2.0831648857075246e-17 after 123 steps
Step: 50 -  phi=0.4490000000000002, PE=1.4873780322730246e-17 after 122 steps
Step: 51 -  phi=0.4500000000000002, PE=0.0 after 109 steps
Step: 52 -  phi=0.4510000000000002, PE=7.861593671456021e-17 after 122 steps
Step: 53 -  phi=0.4520000000000002, PE=0.0 after 120 steps
Step: 54 -  phi=0.4530000000000002, PE=0.0 after 115 steps
Step: 55 -  phi=0.4540000000000002, PE=0.0 after 118 steps
Step: 56 -  phi=0.4550000000000002, PE=0.0 after 107 steps
Step: 57 -  phi=0.4560000000000002, PE=0.0 after 115 steps
Step: 58 -  phi=0.4570000000000002, PE=8.680026734214791e-17 after 136 steps
Step: 59 -  phi=0.4580000000000002, PE=0.0 after 118 steps
Step: 60 -  phi=0.4590000000000002, PE=7.445685146241445e-17 after 123 steps
Step: 61 -  phi=0.4600000000000002, PE=0.0 after 108 steps
Step: 62 -  phi=0.4610000000000002, PE=0.0 after 108 steps
Step: 63 -  phi=0.4620000000000002, PE=4.723571707158701e-17 after 131 steps
Step: 64 -  phi=0.4630000000000002, PE=8.486257485809363e-17 after 97 steps
Step: 65 -  phi=0.4640000000000002, PE=3.673211335783892e-17 after 127 steps
Step: 66 -  phi=0.4650000000000002, PE=0.0 after 98 steps
Step: 67 -  phi=0.4660000000000002, PE=0.0 after 106 steps
Step: 68 -  phi=0.4670000000000002, PE=9.52338447291813e-18 after 84 steps
Step: 69 -  phi=0.4680000000000002, PE=2.1922260811693717e-17 after 109 steps
Step: 70 -  phi=0.4690000000000002, PE=0.0 after 105 steps
Step: 71 -  phi=0.4700000000000002, PE=2.5076048389088727e-17 after 106 steps
Step: 72 -  phi=0.4710000000000002, PE=6.287994579037507e-17 after 108 steps
Step: 73 -  phi=0.4720000000000002, PE=5.185923238801614e-17 after 105 steps
Step: 74 -  phi=0.4730000000000002, PE=0.0 after 103 steps
Step: 75 -  phi=0.4740000000000002, PE=0.0 after 105 steps
Step: 76 -  phi=0.4750000000000002, PE=1.3176427443427906e-17 after 122 steps
Step: 77 -  phi=0.4760000000000002, PE=6.113187624200562e-18 after 124 steps
Step: 78 -  phi=0.4770000000000002, PE=0.0 after 124 steps
Step: 79 -  phi=0.4780000000000002, PE=0.0 after 104 steps
Step: 80 -  phi=0.4790000000000002, PE=0.0 after 105 steps
Step: 81 -  phi=0.4800000000000002, PE=8.984271044270025e-17 after 103 steps
Step: 82 -  phi=0.4810000000000002, PE=8.917150712988177e-17 after 121 steps
Step: 83 -  phi=0.4820000000000002, PE=2.6442297865282566e-17 after 93 steps
Step: 84 -  phi=0.4830000000000002, PE=7.948726698135517e-17 after 128 steps
Step: 85 -  phi=0.4840000000000002, PE=0.0 after 117 steps
Step: 86 -  phi=0.4850000000000002, PE=8.716512007440707e-17 after 118 steps
Step: 87 -  phi=0.4860000000000002, PE=2.6472986146923586e-17 after 117 steps
Step: 88 -  phi=0.4870000000000002, PE=4.285353236156354e-17 after 116 steps
Step: 89 -  phi=0.4880000000000002, PE=4.5761614502198856e-17 after 125 steps
Step: 90 -  phi=0.4890000000000002, PE=0.0 after 111 steps
Step: 91 -  phi=0.4900000000000002, PE=0.0 after 114 steps
Step: 92 -  phi=0.4910000000000002, PE=9.241543829522913e-17 after 117 steps
Step: 93 -  phi=0.4920000000000002, PE=2.6227749514586963e-18 after 127 steps
Step: 94 -  phi=0.4930000000000002, PE=0.0 after 117 steps
Step: 95 -  phi=0.4940000000000002, PE=9.00056474940002e-17 after 149 steps
Step: 96 -  phi=0.4950000000000002, PE=0.0 after 128 steps
Step: 97 -  phi=0.4960000000000002, PE=5.955128774805368e-17 after 134 steps
Step: 98 -  phi=0.4970000000000002, PE=0.0 after 114 steps
Step: 99 -  phi=0.4980000000000002, PE=0.0 after 127 steps
Step: 100 -  phi=0.4990000000000002, PE=0.0 after 115 steps
Step: 101 -  phi=0.5000000000000002, PE=2.0632608723535372e-17 after 145 steps
Step: 102 -  phi=0.5010000000000002, PE=7.058334713020158e-17 after 146 steps
Step: 103 -  phi=0.5020000000000002, PE=6.52462173995212e-17 after 142 steps
Step: 104 -  phi=0.5030000000000002, PE=0.0 after 128 steps
Step: 105 -  phi=0.5040000000000002, PE=0.0 after 132 steps
Step: 106 -  phi=0.5050000000000002, PE=7.02417484901419e-17 after 128 steps
Step: 107 -  phi=0.5060000000000002, PE=0.0 after 124 steps
Step: 108 -  phi=0.5070000000000002, PE=0.0 after 138 steps
Step: 109 -  phi=0.5080000000000002, PE=0.0 after 144 steps
Step: 110 -  phi=0.5090000000000002, PE=0.0 after 139 steps
Step: 111 -  phi=0.5100000000000002, PE=8.52143931300975e-17 after 198 steps
Step: 112 -  phi=0.5110000000000002, PE=0.0 after 140 steps
Step: 113 -  phi=0.5120000000000002, PE=7.628245805939566e-17 after 137 steps
Step: 114 -  phi=0.5130000000000002, PE=4.0983102409564614e-17 after 162 steps
Step: 115 -  phi=0.5140000000000002, PE=8.235983573943122e-17 after 159 steps
Step: 116 -  phi=0.5150000000000002, PE=0.0 after 151 steps
Step: 117 -  phi=0.5160000000000002, PE=0.0 after 169 steps
Step: 118 -  phi=0.5170000000000002, PE=9.472071048427819e-17 after 167 steps
Step: 119 -  phi=0.5180000000000002, PE=7.361785220899751e-17 after 180 steps
Step: 120 -  phi=0.5190000000000002, PE=7.761757974782874e-17 after 161 steps
Step: 121 -  phi=0.5200000000000002, PE=3.0010948485602657e-17 after 149 steps
Step: 122 -  phi=0.5210000000000002, PE=0.0 after 149 steps
Step: 123 -  phi=0.5220000000000002, PE=8.424487735758523e-18 after 153 steps
Step: 124 -  phi=0.5230000000000002, PE=3.599398163235591e-17 after 151 steps
Step: 125 -  phi=0.5240000000000002, PE=3.651170841412229e-17 after 169 steps
Step: 126 -  phi=0.5250000000000002, PE=4.077600801214946e-17 after 173 steps
Step: 127 -  phi=0.5260000000000002, PE=0.0 after 147 steps
Step: 128 -  phi=0.5270000000000002, PE=7.189318421805495e-19 after 141 steps
Step: 129 -  phi=0.5280000000000002, PE=9.326761167150583e-17 after 162 steps
Step: 130 -  phi=0.5290000000000002, PE=0.0 after 145 steps
Step: 131 -  phi=0.5300000000000002, PE=5.990904968475996e-17 after 148 steps
Step: 132 -  phi=0.5310000000000002, PE=6.941825759214627e-17 after 146 steps
Step: 133 -  phi=0.5320000000000003, PE=2.965523259369815e-17 after 142 steps
Step: 134 -  phi=0.5330000000000003, PE=0.0 after 147 steps
Step: 135 -  phi=0.5340000000000003, PE=2.1424652286358442e-17 after 151 steps
Step: 136 -  phi=0.5350000000000003, PE=8.002805474936879e-17 after 159 steps
Step: 137 -  phi=0.5360000000000003, PE=7.544632529164916e-17 after 150 steps
Step: 138 -  phi=0.5370000000000003, PE=2.2867387398341274e-17 after 163 steps
Step: 139 -  phi=0.5380000000000003, PE=7.194594556282489e-17 after 165 steps
Step: 140 -  phi=0.5390000000000003, PE=9.593548003961096e-17 after 166 steps
Step: 141 -  phi=0.5400000000000003, PE=2.985078746218526e-17 after 162 steps
Step: 142 -  phi=0.5410000000000003, PE=7.225106869541616e-17 after 155 steps
Step: 143 -  phi=0.5420000000000003, PE=8.614458869366692e-17 after 174 steps
Step: 144 -  phi=0.5430000000000003, PE=5.002951573201184e-17 after 154 steps
Step: 145 -  phi=0.5440000000000003, PE=5.040001982961176e-17 after 177 steps
Step: 146 -  phi=0.5450000000000003, PE=0.0 after 162 steps
Step: 147 -  phi=0.5460000000000003, PE=1.1430449205557556e-17 after 146 steps
Step: 148 -  phi=0.5470000000000003, PE=0.0 after 150 steps
Step: 149 -  phi=0.5480000000000003, PE=3.0746261133941474e-18 after 141 steps
Step: 150 -  phi=0.5490000000000003, PE=9.459444886498869e-17 after 169 steps
Step: 151 -  phi=0.5500000000000003, PE=8.674312949516318e-17 after 154 steps
Step: 152 -  phi=0.5510000000000003, PE=1.2652714892882691e-17 after 148 steps
Step: 153 -  phi=0.5520000000000003, PE=9.740433423381161e-17 after 157 steps
Step: 154 -  phi=0.5530000000000003, PE=9.463813130823146e-17 after 175 steps
Step: 155 -  phi=0.5540000000000003, PE=2.0028375019358803e-17 after 154 steps
Step: 156 -  phi=0.5550000000000003, PE=3.674713462223094e-17 after 146 steps
Step: 157 -  phi=0.5560000000000003, PE=0.0 after 151 steps
Step: 158 -  phi=0.5570000000000003, PE=7.362863505849301e-17 after 142 steps
Step: 159 -  phi=0.5580000000000003, PE=7.200745052441576e-17 after 176 steps
Step: 160 -  phi=0.5590000000000003, PE=0.0 after 156 steps
Step: 161 -  phi=0.5600000000000003, PE=3.802076362455766e-17 after 181 steps
Step: 162 -  phi=0.5610000000000003, PE=0.0 after 161 steps
Step: 163 -  phi=0.5620000000000003, PE=6.312411996722189e-17 after 167 steps
Step: 164 -  phi=0.5630000000000003, PE=0.0 after 162 steps
Step: 165 -  phi=0.5640000000000003, PE=7.96082837693984e-17 after 191 steps
Step: 166 -  phi=0.5650000000000003, PE=8.953359573383363e-17 after 179 steps
Step: 167 -  phi=0.5660000000000003, PE=8.676041416098095e-17 after 154 steps
Step: 168 -  phi=0.5670000000000003, PE=5.14900502510938e-19 after 160 steps
Step: 169 -  phi=0.5680000000000003, PE=5.2896051585633084e-17 after 165 steps
Step: 170 -  phi=0.5690000000000003, PE=7.800515903410181e-17 after 182 steps
Step: 171 -  phi=0.5700000000000003, PE=9.614165748460691e-17 after 171 steps
Step: 172 -  phi=0.5710000000000003, PE=4.8688662644297287e-17 after 168 steps
Step: 173 -  phi=0.5720000000000003, PE=0.0 after 160 steps
Step: 174 -  phi=0.5730000000000003, PE=0.0 after 155 steps
Step: 175 -  phi=0.5740000000000003, PE=9.908124229156403e-17 after 174 steps
Step: 176 -  phi=0.5750000000000003, PE=5.28270691762624e-17 after 169 steps
Step: 177 -  phi=0.5760000000000003, PE=7.629991572830723e-17 after 187 steps
Step: 178 -  phi=0.5770000000000003, PE=5.2599486082427086e-17 after 155 steps
Step: 179 -  phi=0.5780000000000003, PE=6.676361994280449e-17 after 194 steps
Step: 180 -  phi=0.5790000000000003, PE=2.141371780877754e-17 after 169 steps
Step: 181 -  phi=0.5800000000000003, PE=4.6179958253922823e-17 after 168 steps
Step: 182 -  phi=0.5810000000000003, PE=8.887381768395745e-17 after 199 steps
Step: 183 -  phi=0.5820000000000003, PE=4.2822285032504243e-17 after 200 steps
Step: 184 -  phi=0.5830000000000003, PE=8.000982207378084e-17 after 211 steps
Step: 185 -  phi=0.5840000000000003, PE=5.291771592908263e-19 after 182 steps
Step: 186 -  phi=0.5850000000000003, PE=3.1228581243567744e-18 after 195 steps
Step: 187 -  phi=0.5860000000000003, PE=4.6009261629294355e-17 after 186 steps
Step: 188 -  phi=0.5870000000000003, PE=8.20263409055585e-17 after 187 steps
Step: 189 -  phi=0.5880000000000003, PE=7.333357548005771e-17 after 191 steps
Step: 190 -  phi=0.5890000000000003, PE=6.744697276390367e-17 after 193 steps
Step: 191 -  phi=0.5900000000000003, PE=7.619875204769085e-17 after 192 steps
Step: 192 -  phi=0.5910000000000003, PE=9.905655006618101e-17 after 189 steps
Step: 193 -  phi=0.5920000000000003, PE=3.834657012330703e-17 after 194 steps
Step: 194 -  phi=0.5930000000000003, PE=7.572699436760414e-17 after 172 steps
Step: 195 -  phi=0.5940000000000003, PE=9.515100037164153e-17 after 209 steps
Step: 196 -  phi=0.5950000000000003, PE=8.726242080462116e-17 after 198 steps
Step: 197 -  phi=0.5960000000000003, PE=8.748354187731749e-17 after 178 steps
Step: 198 -  phi=0.5970000000000003, PE=4.5690845204771705e-17 after 175 steps
Step: 199 -  phi=0.5980000000000003, PE=6.712658746652329e-17 after 181 steps
Step: 200 -  phi=0.5990000000000003, PE=7.562234514234755e-17 after 189 steps
Step: 201 -  phi=0.6000000000000003, PE=0.0 after 179 steps
Step: 202 -  phi=0.6010000000000003, PE=5.570859970239352e-17 after 190 steps
Step: 203 -  phi=0.6020000000000003, PE=6.707245450132256e-17 after 178 steps
Step: 204 -  phi=0.6030000000000003, PE=9.492962579593873e-17 after 187 steps
Step: 205 -  phi=0.6040000000000003, PE=8.035463671994612e-17 after 181 steps
Step: 206 -  phi=0.6050000000000003, PE=6.361069700449471e-17 after 198 steps
Step: 207 -  phi=0.6060000000000003, PE=8.793419490038817e-17 after 188 steps
Step: 208 -  phi=0.6070000000000003, PE=5.97126812117382e-17 after 184 steps
Step: 209 -  phi=0.6080000000000003, PE=6.294611680295433e-18 after 196 steps
Step: 210 -  phi=0.6090000000000003, PE=0.0 after 191 steps
Step: 211 -  phi=0.6100000000000003, PE=8.98031116703572e-17 after 221 steps
Step: 212 -  phi=0.6110000000000003, PE=5.015573480712812e-17 after 197 steps
Step: 213 -  phi=0.6120000000000003, PE=0.0 after 196 steps
Step: 214 -  phi=0.6130000000000003, PE=9.553895956066444e-17 after 220 steps
Step: 215 -  phi=0.6140000000000003, PE=0.0 after 201 steps
Step: 216 -  phi=0.6150000000000003, PE=0.0 after 187 steps
Step: 217 -  phi=0.6160000000000003, PE=6.602560814704297e-17 after 208 steps
Step: 218 -  phi=0.6170000000000003, PE=5.75248781349119e-17 after 212 steps
Step: 219 -  phi=0.6180000000000003, PE=3.7102146131474065e-17 after 240 steps
Step: 220 -  phi=0.6190000000000003, PE=8.554463930022986e-17 after 215 steps
Step: 221 -  phi=0.6200000000000003, PE=7.578097249072308e-17 after 210 steps
Step: 222 -  phi=0.6210000000000003, PE=6.404502903932454e-17 after 192 steps
Step: 223 -  phi=0.6220000000000003, PE=3.2738726728629495e-17 after 193 steps
Step: 224 -  phi=0.6230000000000003, PE=6.206303483411606e-17 after 210 steps
Step: 225 -  phi=0.6240000000000003, PE=8.968172429032139e-17 after 199 steps
Step: 226 -  phi=0.6250000000000003, PE=6.507400814436042e-17 after 210 steps
Step: 227 -  phi=0.6260000000000003, PE=9.528010591228731e-17 after 202 steps
Step: 228 -  phi=0.6270000000000003, PE=9.264595769692995e-17 after 272 steps
Step: 229 -  phi=0.6280000000000003, PE=0.0 after 214 steps
Step: 230 -  phi=0.6290000000000003, PE=9.495228576082403e-17 after 209 steps
Step: 231 -  phi=0.6300000000000003, PE=5.385171811817839e-17 after 209 steps
Step: 232 -  phi=0.6310000000000003, PE=2.910775934851084e-17 after 230 steps
Step: 233 -  phi=0.6320000000000003, PE=9.965434509722603e-17 after 242 steps
Step: 234 -  phi=0.6330000000000003, PE=9.225601421273591e-17 after 262 steps
Step: 235 -  phi=0.6340000000000003, PE=6.569882767096045e-17 after 322 steps
Step: 236 -  phi=0.6350000000000003, PE=8.545927608548178e-17 after 227 steps
Step: 237 -  phi=0.6360000000000003, PE=8.407055382507904e-17 after 257 steps
Step: 238 -  phi=0.6370000000000003, PE=6.973938301428032e-17 after 246 steps
Step: 239 -  phi=0.6380000000000003, PE=8.402379000677257e-17 after 245 steps
Step: 240 -  phi=0.6390000000000003, PE=8.738043817598584e-17 after 260 steps
Step: 241 -  phi=0.6400000000000003, PE=6.143318047269609e-17 after 247 steps
Step: 242 -  phi=0.6410000000000003, PE=5.842518587543554e-17 after 233 steps
Step: 243 -  phi=0.6420000000000003, PE=7.802015328067162e-17 after 259 steps
Step: 244 -  phi=0.6430000000000003, PE=8.820074589802513e-17 after 235 steps
Step: 245 -  phi=0.6440000000000003, PE=8.830355518752755e-17 after 284 steps
Step: 246 -  phi=0.6450000000000004, PE=8.45128047772363e-17 after 224 steps
Step: 247 -  phi=0.6460000000000004, PE=5.586232572174156e-17 after 248 steps
Step: 248 -  phi=0.6470000000000004, PE=8.777679199948822e-17 after 257 steps
Step: 249 -  phi=0.6480000000000004, PE=5.591238713499863e-17 after 230 steps
Step: 250 -  phi=0.6490000000000004, PE=7.661928382060408e-17 after 222 steps
Step: 251 -  phi=0.6500000000000004, PE=9.576544839022483e-17 after 236 steps
Step: 252 -  phi=0.6510000000000004, PE=9.219913212687536e-17 after 250 steps
Step: 253 -  phi=0.6520000000000004, PE=9.324874935698039e-17 after 215 steps
Step: 254 -  phi=0.6530000000000004, PE=9.667598468784839e-17 after 289 steps
Step: 255 -  phi=0.6540000000000004, PE=8.445287238015296e-17 after 219 steps
Step: 256 -  phi=0.6550000000000004, PE=6.760492525784669e-17 after 202 steps
Step: 257 -  phi=0.6560000000000004, PE=0.0 after 210 steps
Step: 258 -  phi=0.6570000000000004, PE=9.450605593683844e-17 after 217 steps
Step: 259 -  phi=0.6580000000000004, PE=4.6374710573555753e-17 after 204 steps
Step: 260 -  phi=0.6590000000000004, PE=5.776664381819399e-17 after 200 steps
Step: 261 -  phi=0.6600000000000004, PE=9.890098356791674e-17 after 228 steps
Step: 262 -  phi=0.6610000000000004, PE=7.588331047718573e-17 after 223 steps
Step: 263 -  phi=0.6620000000000004, PE=8.219830343954957e-17 after 264 steps
Step: 264 -  phi=0.6630000000000004, PE=7.941110360082928e-17 after 217 steps
Step: 265 -  phi=0.6640000000000004, PE=9.0533074219209e-17 after 240 steps
Step: 266 -  phi=0.6650000000000004, PE=8.265297267088268e-17 after 240 steps
Step: 267 -  phi=0.6660000000000004, PE=9.480010470342195e-17 after 268 steps
Step: 268 -  phi=0.6670000000000004, PE=9.109549570500773e-17 after 226 steps
Step: 269 -  phi=0.6680000000000004, PE=9.23512987414102e-17 after 309 steps
Step: 270 -  phi=0.6690000000000004, PE=5.78866193191408e-17 after 231 steps
Step: 271 -  phi=0.6700000000000004, PE=8.368243678633506e-17 after 227 steps
Step: 272 -  phi=0.6710000000000004, PE=9.914936200959304e-17 after 233 steps
Step: 273 -  phi=0.6720000000000004, PE=4.207897981115091e-17 after 233 steps
Step: 274 -  phi=0.6730000000000004, PE=2.996369417184369e-17 after 226 steps
Step: 275 -  phi=0.6740000000000004, PE=6.47786574597744e-17 after 239 steps
Step: 276 -  phi=0.6750000000000004, PE=9.653120339690528e-17 after 266 steps
Step: 277 -  phi=0.6760000000000004, PE=8.481059679829985e-17 after 246 steps
Step: 278 -  phi=0.6770000000000004, PE=9.585820781250382e-17 after 266 steps
Step: 279 -  phi=0.6780000000000004, PE=2.3660168768063663e-17 after 234 steps
Step: 280 -  phi=0.6790000000000004, PE=8.094219674940229e-17 after 243 steps
Step: 281 -  phi=0.6800000000000004, PE=0.0 after 240 steps
Step: 282 -  phi=0.6810000000000004, PE=2.92050860071046e-17 after 255 steps
Step: 283 -  phi=0.6820000000000004, PE=0.0 after 237 steps
Step: 284 -  phi=0.6830000000000004, PE=9.016460184757281e-17 after 306 steps
Step: 285 -  phi=0.6840000000000004, PE=8.329414757194977e-17 after 254 steps
Step: 286 -  phi=0.6850000000000004, PE=9.467711615970382e-17 after 276 steps
Step: 287 -  phi=0.6860000000000004, PE=9.959855432326803e-17 after 271 steps
Step: 288 -  phi=0.6870000000000004, PE=4.0413757942873367e-17 after 248 steps
Step: 289 -  phi=0.6880000000000004, PE=7.729735609883621e-17 after 245 steps
Step: 290 -  phi=0.6890000000000004, PE=8.360774472880242e-17 after 249 steps
Step: 291 -  phi=0.6900000000000004, PE=2.6473427784030005e-17 after 222 steps
Step: 292 -  phi=0.6910000000000004, PE=9.597563066680957e-17 after 256 steps
Step: 293 -  phi=0.6920000000000004, PE=3.4324138079848206e-17 after 234 steps
Step: 294 -  phi=0.6930000000000004, PE=8.145569472793702e-17 after 255 steps
Step: 295 -  phi=0.6940000000000004, PE=8.185676482228791e-17 after 241 steps
Step: 296 -  phi=0.6950000000000004, PE=8.966784787214355e-17 after 316 steps
Step: 297 -  phi=0.6960000000000004, PE=8.21362856660374e-17 after 250 steps
Step: 298 -  phi=0.6970000000000004, PE=8.009826001923672e-17 after 292 steps
Step: 299 -  phi=0.6980000000000004, PE=9.258700955550098e-17 after 304 steps
Step: 300 -  phi=0.6990000000000004, PE=7.01319534425201e-17 after 249 steps
Step: 301 -  phi=0.7000000000000004, PE=6.801865091820009e-17 after 267 steps
Step: 302 -  phi=0.7010000000000004, PE=8.177765844677297e-17 after 251 steps
Step: 303 -  phi=0.7020000000000004, PE=4.093842881233861e-17 after 262 steps
Step: 304 -  phi=0.7030000000000004, PE=7.900131830416335e-20 after 255 steps
Step: 305 -  phi=0.7040000000000004, PE=5.778308537907513e-17 after 264 steps
Step: 306 -  phi=0.7050000000000004, PE=8.899965747792332e-17 after 264 steps
Step: 307 -  phi=0.7060000000000004, PE=4.5505359207300555e-17 after 272 steps
Step: 308 -  phi=0.7070000000000004, PE=9.965654478715803e-17 after 289 steps
Step: 309 -  phi=0.7080000000000004, PE=9.615345335024648e-17 after 275 steps
Step: 310 -  phi=0.7090000000000004, PE=9.947257835372409e-17 after 269 steps
Step: 311 -  phi=0.7100000000000004, PE=7.67855194773042e-19 after 249 steps
Step: 312 -  phi=0.7110000000000004, PE=5.897959384633543e-17 after 249 steps
Step: 313 -  phi=0.7120000000000004, PE=8.845208868270416e-17 after 266 steps
Step: 314 -  phi=0.7130000000000004, PE=9.227768791852466e-17 after 288 steps
Step: 315 -  phi=0.7140000000000004, PE=8.920356190997375e-17 after 281 steps
Step: 316 -  phi=0.7150000000000004, PE=5.001352818096299e-17 after 281 steps
Step: 317 -  phi=0.7160000000000004, PE=4.0972254049529837e-17 after 288 steps
Step: 318 -  phi=0.7170000000000004, PE=4.834215436553714e-17 after 281 steps
Step: 319 -  phi=0.7180000000000004, PE=7.914147981761693e-17 after 257 steps
Step: 320 -  phi=0.7190000000000004, PE=5.57137119601063e-17 after 261 steps
Step: 321 -  phi=0.7200000000000004, PE=9.364738586388058e-17 after 266 steps
Step: 322 -  phi=0.7210000000000004, PE=7.876241705495281e-17 after 260 steps
Step: 323 -  phi=0.7220000000000004, PE=9.413582585853603e-17 after 274 steps
Step: 324 -  phi=0.7230000000000004, PE=8.903315677111995e-17 after 275 steps
Step: 325 -  phi=0.7240000000000004, PE=6.231246833191975e-17 after 281 steps
Step: 326 -  phi=0.7250000000000004, PE=7.851048958543715e-17 after 262 steps
Step: 327 -  phi=0.7260000000000004, PE=9.766161493824643e-17 after 277 steps
Step: 328 -  phi=0.7270000000000004, PE=9.747610199900147e-17 after 288 steps
Step: 329 -  phi=0.7280000000000004, PE=8.228678145310138e-17 after 294 steps
Step: 330 -  phi=0.7290000000000004, PE=3.799779445824396e-17 after 271 steps
Step: 331 -  phi=0.7300000000000004, PE=9.176945586872862e-17 after 284 steps
Step: 332 -  phi=0.7310000000000004, PE=9.89569931864221e-17 after 301 steps
Step: 333 -  phi=0.7320000000000004, PE=8.18421970279691e-17 after 291 steps
Step: 334 -  phi=0.7330000000000004, PE=7.221269878822313e-17 after 301 steps
Step: 335 -  phi=0.7340000000000004, PE=8.189353816090024e-17 after 304 steps
Step: 336 -  phi=0.7350000000000004, PE=6.315558529827389e-17 after 297 steps
Step: 337 -  phi=0.7360000000000004, PE=9.578884674884772e-17 after 309 steps
Step: 338 -  phi=0.7370000000000004, PE=8.996520168117951e-17 after 288 steps
Step: 339 -  phi=0.7380000000000004, PE=8.626830615975609e-17 after 295 steps
Step: 340 -  phi=0.7390000000000004, PE=9.008951898884917e-17 after 308 steps
Step: 341 -  phi=0.7400000000000004, PE=9.901906118430893e-17 after 304 steps
Step: 342 -  phi=0.7410000000000004, PE=7.503599020195554e-17 after 288 steps
Step: 343 -  phi=0.7420000000000004, PE=9.151801143340799e-17 after 316 steps
Step: 344 -  phi=0.7430000000000004, PE=9.785815622908197e-17 after 324 steps
Step: 345 -  phi=0.7440000000000004, PE=6.169630094709936e-17 after 342 steps
Step: 346 -  phi=0.7450000000000004, PE=8.319459851489331e-17 after 352 steps
Step: 347 -  phi=0.7460000000000004, PE=8.55177148830761e-17 after 337 steps
Step: 348 -  phi=0.7470000000000004, PE=3.606992594142785e-17 after 324 steps
Step: 349 -  phi=0.7480000000000004, PE=5.783685036502322e-17 after 310 steps
Step: 350 -  phi=0.7490000000000004, PE=7.894679243868254e-17 after 383 steps
Step: 351 -  phi=0.7500000000000004, PE=7.392418667602212e-17 after 330 steps
Step: 352 -  phi=0.7510000000000004, PE=6.722062919123974e-17 after 346 steps
Step: 353 -  phi=0.7520000000000004, PE=2.227067492699446e-17 after 320 steps
Step: 354 -  phi=0.7530000000000004, PE=8.997663683240648e-17 after 372 steps
Step: 355 -  phi=0.7540000000000004, PE=9.811992977310049e-17 after 328 steps
Step: 356 -  phi=0.7550000000000004, PE=9.838940585003263e-17 after 346 steps
Step: 357 -  phi=0.7560000000000004, PE=8.091872535688591e-17 after 337 steps
Step: 358 -  phi=0.7570000000000005, PE=8.480470940793923e-17 after 328 steps
Step: 359 -  phi=0.7580000000000005, PE=9.79190837463313e-17 after 331 steps
Step: 360 -  phi=0.7590000000000005, PE=7.703934573813097e-17 after 346 steps
Step: 361 -  phi=0.7600000000000005, PE=8.344609658802184e-17 after 363 steps
Step: 362 -  phi=0.7610000000000005, PE=8.534979597006151e-17 after 355 steps
Step: 363 -  phi=0.7620000000000005, PE=8.043162632857545e-17 after 330 steps
Step: 364 -  phi=0.7630000000000005, PE=8.122196186370285e-17 after 336 steps
Step: 365 -  phi=0.7640000000000005, PE=9.036179175623204e-17 after 313 steps
Step: 366 -  phi=0.7650000000000005, PE=8.728074916746014e-17 after 394 steps
Step: 367 -  phi=0.7660000000000005, PE=9.630250489545795e-17 after 326 steps
Step: 368 -  phi=0.7670000000000005, PE=3.645377853018857e-17 after 341 steps
Step: 369 -  phi=0.7680000000000005, PE=6.905904614624786e-17 after 348 steps
Step: 370 -  phi=0.7690000000000005, PE=9.017548026147462e-17 after 331 steps
Step: 371 -  phi=0.7700000000000005, PE=9.478456884306742e-17 after 348 steps
Step: 372 -  phi=0.7710000000000005, PE=9.171930051697122e-17 after 373 steps
Step: 373 -  phi=0.7720000000000005, PE=7.633318068845242e-17 after 342 steps
Step: 374 -  phi=0.7730000000000005, PE=5.801688211233508e-17 after 329 steps
Step: 375 -  phi=0.7740000000000005, PE=5.912673458270919e-17 after 388 steps
Step: 376 -  phi=0.7750000000000005, PE=8.626079345537459e-17 after 354 steps
Step: 377 -  phi=0.7760000000000005, PE=8.670791258879272e-17 after 360 steps
Step: 378 -  phi=0.7770000000000005, PE=7.279991729949599e-17 after 349 steps
Step: 379 -  phi=0.7780000000000005, PE=9.90778014716548e-17 after 418 steps
Step: 380 -  phi=0.7790000000000005, PE=9.500624314156379e-17 after 377 steps
Step: 381 -  phi=0.7800000000000005, PE=9.017677995327082e-17 after 429 steps
Step: 382 -  phi=0.7810000000000005, PE=9.526468917963136e-17 after 438 steps
Step: 383 -  phi=0.7820000000000005, PE=8.598261844241083e-17 after 445 steps
Step: 384 -  phi=0.7830000000000005, PE=9.883245106047742e-17 after 383 steps
Step: 385 -  phi=0.7840000000000005, PE=9.933421224633351e-17 after 446 steps
Step: 386 -  phi=0.7850000000000005, PE=9.728739466438043e-17 after 381 steps
Step: 387 -  phi=0.7860000000000005, PE=6.712047400286384e-17 after 390 steps
Step: 388 -  phi=0.7870000000000005, PE=8.186078055722253e-17 after 409 steps
Step: 389 -  phi=0.7880000000000005, PE=9.463070954963597e-17 after 407 steps
Step: 390 -  phi=0.7890000000000005, PE=7.755742847872563e-17 after 448 steps
Step: 391 -  phi=0.7900000000000005, PE=9.025106163324472e-17 after 412 steps
Step: 392 -  phi=0.7910000000000005, PE=9.83210601611091e-17 after 401 steps
Step: 393 -  phi=0.7920000000000005, PE=9.643577851651377e-17 after 430 steps
Step: 394 -  phi=0.7930000000000005, PE=8.839448489516094e-17 after 388 steps
Step: 395 -  phi=0.7940000000000005, PE=7.755717179066646e-17 after 391 steps
Step: 396 -  phi=0.7950000000000005, PE=8.769933781411505e-17 after 461 steps
Step: 397 -  phi=0.7960000000000005, PE=8.660024945949326e-17 after 470 steps
Step: 398 -  phi=0.7970000000000005, PE=9.119521867675729e-17 after 496 steps
Step: 399 -  phi=0.7980000000000005, PE=9.711319240045765e-17 after 663 steps
Step: 400 -  phi=0.7990000000000005, PE=5.290576533804755e-17 after 514 steps
Step: 401 -  phi=0.8000000000000005, PE=9.778269263810009e-17 after 545 steps
Step: 402 -  phi=0.8010000000000005, PE=7.777894741552051e-17 after 478 steps
Step: 403 -  phi=0.8020000000000005, PE=8.330012807989664e-17 after 531 steps
Step: 404 -  phi=0.8030000000000005, PE=8.362937670508727e-17 after 487 steps
Step: 405 -  phi=0.8040000000000005, PE=8.629774294182179e-17 after 606 steps
Step: 406 -  phi=0.8050000000000005, PE=3.8585606046692306e-17 after 466 steps
Step: 407 -  phi=0.8060000000000005, PE=7.702394734843989e-17 after 479 steps
Step: 408 -  phi=0.8070000000000005, PE=9.14567692051808e-17 after 452 steps
Step: 409 -  phi=0.8080000000000005, PE=9.487534519887057e-17 after 591 steps
Step: 410 -  phi=0.8090000000000005, PE=9.434689661356648e-17 after 512 steps
Step: 411 -  phi=0.8100000000000005, PE=7.643282208712652e-17 after 520 steps
Step: 412 -  phi=0.8110000000000005, PE=4.827099353193244e-17 after 534 steps
Step: 413 -  phi=0.8120000000000005, PE=9.529811696008692e-17 after 582 steps
Step: 414 -  phi=0.8130000000000005, PE=9.593579407248321e-17 after 938 steps
Step: 415 -  phi=0.8140000000000005, PE=9.976107739522826e-17 after 704 steps
Step: 416 -  phi=0.8150000000000005, PE=8.256365465132113e-17 after 671 steps
Step: 417 -  phi=0.8160000000000005, PE=8.478972876133486e-17 after 538 steps
Step: 418 -  phi=0.8170000000000005, PE=7.979027297783945e-17 after 584 steps
Step: 419 -  phi=0.8180000000000005, PE=9.765891814376641e-17 after 597 steps
Step: 420 -  phi=0.8190000000000005, PE=8.233800323741423e-17 after 608 steps
Step: 421 -  phi=0.8200000000000005, PE=9.588044723289661e-17 after 956 steps
Step: 422 -  phi=0.8210000000000005, PE=9.312019779096999e-17 after 593 steps
Step: 423 -  phi=0.8220000000000005, PE=9.600246605376489e-17 after 853 steps
Step: 424 -  phi=0.8230000000000005, PE=9.41490188591154e-17 after 683 steps
Step: 425 -  phi=0.8240000000000005, PE=9.558118715198925e-17 after 695 steps
Step: 426 -  phi=0.8250000000000005, PE=9.981041641008087e-17 after 748 steps
Step: 427 -  phi=0.8260000000000005, PE=9.966683722259174e-17 after 1069 steps
Step: 428 -  phi=0.8270000000000005, PE=9.947642880374104e-17 after 1226 steps
Step: 429 -  phi=0.8280000000000005, PE=9.699177652616694e-17 after 1177 steps
Step: 430 -  phi=0.8290000000000005, PE=8.311768325805912e-17 after 697 steps
Step: 431 -  phi=0.8300000000000005, PE=8.929553216350248e-17 after 914 steps
Step: 432 -  phi=0.8310000000000005, PE=9.469097282965282e-17 after 963 steps
Step: 433 -  phi=0.8320000000000005, PE=9.339565331560804e-17 after 1149 steps
Step: 434 -  phi=0.8330000000000005, PE=9.81802868552839e-17 after 1755 steps
Step: 435 -  phi=0.8340000000000005, PE=9.77895985076047e-17 after 2393 steps
Step: 436 -  phi=0.8350000000000005, PE=9.886929040529488e-17 after 2626 steps
Step: 437 -  phi=0.8360000000000005, PE=9.715129478190159e-17 after 2358 steps
Step: 438 -  phi=0.8370000000000005, PE=9.267032739830218e-17 after 1788 steps
Step: 439 -  phi=0.8380000000000005, PE=9.967588213922063e-17 after 3116 steps
Step: 440 -  phi=0.8390000000000005, PE=9.595571660905107e-17 after 2640 steps
Step: 441 -  phi=0.8400000000000005, PE=9.867325605379714e-17 after 4931 steps
Step: 442 -  phi=0.8410000000000005, PE=9.855470514069567e-17 after 3948 steps
Step: 443 -  phi=0.8420000000000005, PE=9.926207251996113e-17 after 4704 steps
Step: 444 -  phi=0.8430000000000005, PE=9.983762033518447e-17 after 4763 steps
Step: 445 -  phi=0.8440000000000005, PE=9.879152473799131e-17 after 7370 steps
Step: 446 -  phi=0.8450000000000005, PE=9.927973336291132e-17 after 5511 steps
Step: 447 -  phi=0.8460000000000005, PE=9.967776066489168e-17 after 4742 steps
Step: 448 -  phi=0.8470000000000005, PE=9.889083848060957e-17 after 5059 steps
Step: 449 -  phi=0.8480000000000005, PE=9.951852611781533e-17 after 7964 steps
Step: 450 -  phi=0.8490000000000005, PE=9.87831571556426e-17 after 5856 steps
Step: 451 -  phi=0.8500000000000005, PE=9.977588241517944e-17 after 10029 steps
Step: 452 -  phi=0.8510000000000005, PE=9.99048931502499e-17 after 19955 steps
Step: 453 -  phi=0.8520000000000005, PE=9.991645180337678e-17 after 29513 steps
Step: 454 -  phi=0.8530000000000005, PE=9.977273062114831e-17 after 28464 steps
Step: 455 -  phi=0.8540000000000005, PE=9.995400759263692e-17 after 108397 steps
Step: 456 -  phi=0.8550000000000005, PE=9.998940893624846e-17 after 253112 steps
Step: 457 -  phi=0.8560000000000005, PE=3.252557446765126e-09 after 313515 steps
Step: 458 -  phi=0.8555000000000006, PE=9.26826735793926e-10 after 312741 steps
Step: 459 -  phi=0.8552500000000005, PE=9.997704018164625e-17 after 265096 steps
Step: 460 -  phi=0.8553750000000006, PE=9.999505155602483e-17 after 150909 steps
Step: 461 -  phi=0.8554375000000005, PE=9.999890542939222e-17 after 110038 steps
Step: 462 -  phi=0.8554687500000006, PE=9.996861313681464e-17 after 90683 steps
Step: 463 -  phi=0.8554843750000005, PE=9.999459364611488e-17 after 167361 steps
Step: 464 -  phi=0.8554921875000006, PE=9.99928655045679e-17 after 181625 steps
Step: 465 -  phi=0.8554960937500006, PE=9.99956159600704e-17 after 124309 steps
Step: 466 -  phi=0.8554980468750006, PE=9.999800782494994e-17 after 86483 steps
Step: 467 -  phi=0.8554990234375006, PE=9.999112808590334e-17 after 68880 steps
Step: 468 -  phi=0.8554995117187506, PE=9.999823531541272e-17 after 39513 steps
Step: 469 -  phi=0.8554997558593755, PE=9.999510102331559e-17 after 38605 steps
Step: 470 -  phi=0.8554998779296881, PE=9.998330400931424e-17 after 23034 steps
Step: 471 -  phi=0.8554999389648443, PE=9.997750050665265e-17 after 19171 steps
Step: 472 -  phi=0.8554999694824225, PE=9.999567704572854e-17 after 15220 steps
Step: 473 -  phi=0.8554999847412115, PE=9.999930497230126e-17 after 11341 steps
Step: 474 -  phi=0.855499992370606, PE=9.999612196699482e-17 after 8343 steps
Step: 475 -  phi=0.8554999961853034, PE=9.999614400224372e-17 after 6046 steps
Step: 476 -  phi=0.855499998092652, PE=9.999980783700587e-17 after 4340 steps
Step: 477 -  phi=0.8554999990463263, PE=9.999868109630027e-17 after 3110 steps
Step: 478 -  phi=0.8554999995231635, PE=9.999921713731779e-17 after 2207 steps
Step: 479 -  phi=0.855499999761582, PE=9.999938885594802e-17 after 1571 steps
Step: 480 -  phi=0.8554999998807913, PE=9.999973771259649e-17 after 1120 steps
Step: 481 -  phi=0.8554999999403959, PE=9.999984565274657e-17 after 798 steps
Jammed: phi = 0.855500, residual PE = 1.000e-16
