The following modules were not unloaded:
  (Use "module --force purge" to unload all):

  1) StdEnv
sys:1: RuntimeWarning: h5: callable: skipping callable field 'user_pre_step_actions' (<PjitFunction of <function _save_state_system at 0x14aca736bba0>>); handle explicitly
sys:1: RuntimeWarning: h5: callable: skipping callable field 'user_post_step_actions' (<PjitFunction of <function _save_state_system at 0x14aca736bba0>>); handle explicitly
/home/rg2248/analysis/summer-26/jam/thomson/jam2d-thomson.py:74: RuntimeWarning: h5: callable: skipping callable field '0' (<function fire.<locals>.init at 0x14ab94ed3100>); handle explicitly
  save(system, join(data_root, 'system.h5'))
/home/rg2248/analysis/summer-26/jam/thomson/jam2d-thomson.py:74: RuntimeWarning: h5: callable: skipping callable field '1' (<function fire.<locals>.update at 0x14ab94ed2fc0>); handle explicitly
  save(system, join(data_root, 'system.h5'))
Initial minimization took 0 steps.
Step: 1 -  phi=0.39999999999999997, PE=0.0 after 0 steps
Step: 2 -  phi=0.40099999999999997, PE=7.1134129786862e-17 after 94 steps
Step: 3 -  phi=0.40199999999999997, PE=2.5760137885093275e-17 after 126 steps
Step: 4 -  phi=0.40299999999999997, PE=7.706178676985372e-17 after 133 steps
Step: 5 -  phi=0.40399999999999997, PE=0.0 after 130 steps
Step: 6 -  phi=0.40499999999999997, PE=0.0 after 117 steps
Step: 7 -  phi=0.40599999999999997, PE=5.112803901974924e-17 after 162 steps
Step: 8 -  phi=0.407, PE=9.345877463904686e-17 after 141 steps
Step: 9 -  phi=0.408, PE=7.879039725088869e-17 after 149 steps
Step: 10 -  phi=0.409, PE=7.320431970605429e-17 after 147 steps
Step: 11 -  phi=0.41, PE=1.582312639579946e-17 after 142 steps
Step: 12 -  phi=0.411, PE=1.8995251501657823e-17 after 134 steps
Step: 13 -  phi=0.412, PE=0.0 after 104 steps
Step: 14 -  phi=0.413, PE=2.7748050786892365e-17 after 124 steps
Step: 15 -  phi=0.414, PE=6.331068663393619e-17 after 124 steps
Step: 16 -  phi=0.415, PE=1.572505011005212e-17 after 160 steps
Step: 17 -  phi=0.416, PE=9.02393523438908e-17 after 132 steps
Step: 18 -  phi=0.417, PE=0.0 after 127 steps
Step: 19 -  phi=0.418, PE=8.404762015122324e-17 after 144 steps
Step: 20 -  phi=0.419, PE=6.963540322481012e-17 after 171 steps
Step: 21 -  phi=0.42, PE=4.3577474827628866e-17 after 138 steps
Step: 22 -  phi=0.421, PE=8.565608318866863e-18 after 143 steps
Step: 23 -  phi=0.422, PE=0.0 after 136 steps
Step: 24 -  phi=0.423, PE=8.046132555101754e-17 after 134 steps
Step: 25 -  phi=0.424, PE=8.948392703936851e-17 after 153 steps
Step: 26 -  phi=0.425, PE=4.419069007837678e-17 after 143 steps
Step: 27 -  phi=0.426, PE=5.603220741057705e-17 after 154 steps
Step: 28 -  phi=0.427, PE=0.0 after 136 steps
Step: 29 -  phi=0.428, PE=6.168668943807142e-17 after 155 steps
Step: 30 -  phi=0.429, PE=0.0 after 133 steps
Step: 31 -  phi=0.43, PE=6.578745947212968e-17 after 150 steps
Step: 32 -  phi=0.431, PE=8.577922966063401e-17 after 183 steps
Step: 33 -  phi=0.432, PE=3.7385710106598575e-17 after 123 steps
Step: 34 -  phi=0.433, PE=3.2784954598346985e-17 after 154 steps
Step: 35 -  phi=0.434, PE=0.0 after 150 steps
Step: 36 -  phi=0.435, PE=3.5462895758972325e-17 after 139 steps
Step: 37 -  phi=0.436, PE=6.328019534287249e-17 after 172 steps
Step: 38 -  phi=0.437, PE=5.927535040843914e-17 after 151 steps
Step: 39 -  phi=0.438, PE=9.297420702899215e-17 after 153 steps
Step: 40 -  phi=0.439, PE=6.494570977291891e-18 after 119 steps
Step: 41 -  phi=0.44, PE=8.306878088246498e-17 after 156 steps
Step: 42 -  phi=0.441, PE=9.390504988857945e-18 after 114 steps
Step: 43 -  phi=0.442, PE=6.0389345398759e-20 after 158 steps
Step: 44 -  phi=0.443, PE=7.865412911690993e-19 after 128 steps
Step: 45 -  phi=0.444, PE=1.700909163095677e-17 after 136 steps
Step: 46 -  phi=0.445, PE=6.365974702529126e-17 after 141 steps
Step: 47 -  phi=0.446, PE=3.8340108680387934e-17 after 154 steps
Step: 48 -  phi=0.447, PE=4.229119756939176e-17 after 155 steps
Step: 49 -  phi=0.448, PE=4.7849365160152335e-17 after 145 steps
Step: 50 -  phi=0.449, PE=6.880804627568011e-17 after 225 steps
Step: 51 -  phi=0.45, PE=0.0 after 146 steps
Step: 52 -  phi=0.451, PE=8.78284430698363e-17 after 146 steps
Step: 53 -  phi=0.452, PE=9.050300750612779e-17 after 176 steps
Step: 54 -  phi=0.453, PE=8.450973351361946e-17 after 166 steps
Step: 55 -  phi=0.454, PE=0.0 after 157 steps
Step: 56 -  phi=0.455, PE=7.207350569946755e-17 after 179 steps
Step: 57 -  phi=0.456, PE=0.0 after 143 steps
Step: 58 -  phi=0.457, PE=0.0 after 163 steps
Step: 59 -  phi=0.458, PE=5.861598231814534e-17 after 172 steps
Step: 60 -  phi=0.459, PE=8.950236894380704e-17 after 181 steps
Step: 61 -  phi=0.46, PE=9.624658545784394e-19 after 174 steps
Step: 62 -  phi=0.461, PE=4.4116814607919185e-17 after 159 steps
Step: 63 -  phi=0.462, PE=3.943173367132542e-17 after 154 steps
Step: 64 -  phi=0.463, PE=1.4768419467600553e-17 after 174 steps
Step: 65 -  phi=0.464, PE=6.660254079499429e-17 after 173 steps
Step: 66 -  phi=0.465, PE=9.098939565219409e-17 after 247 steps
Step: 67 -  phi=0.466, PE=1.498777992032321e-17 after 197 steps
Step: 68 -  phi=0.467, PE=8.691259673317889e-17 after 189 steps
Step: 69 -  phi=0.468, PE=5.561057856029957e-18 after 173 steps
Step: 70 -  phi=0.46900000000000003, PE=9.285317417997634e-17 after 185 steps
Step: 71 -  phi=0.47000000000000003, PE=5.938270506025382e-17 after 187 steps
Step: 72 -  phi=0.47100000000000003, PE=5.4900497174294967e-17 after 174 steps
Step: 73 -  phi=0.47200000000000003, PE=7.196269375253579e-17 after 167 steps
Step: 74 -  phi=0.47300000000000003, PE=1.2330690777296538e-17 after 174 steps
Step: 75 -  phi=0.47400000000000003, PE=6.438334578996611e-17 after 179 steps
Step: 76 -  phi=0.47500000000000003, PE=7.577549545971035e-17 after 167 steps
Step: 77 -  phi=0.47600000000000003, PE=0.0 after 162 steps
Step: 78 -  phi=0.47700000000000004, PE=9.415446786474608e-17 after 159 steps
Step: 79 -  phi=0.47800000000000004, PE=7.948751783756788e-17 after 192 steps
Step: 80 -  phi=0.47900000000000004, PE=8.361666013566676e-17 after 199 steps
Step: 81 -  phi=0.48000000000000004, PE=2.1253291667672195e-17 after 177 steps
Step: 82 -  phi=0.48100000000000004, PE=9.235481848129095e-17 after 201 steps
Step: 83 -  phi=0.48200000000000004, PE=0.0 after 191 steps
Step: 84 -  phi=0.48300000000000004, PE=8.937241804501172e-17 after 226 steps
Step: 85 -  phi=0.48400000000000004, PE=7.644304962826014e-17 after 204 steps
Step: 86 -  phi=0.48500000000000004, PE=7.919683292445821e-17 after 195 steps
Step: 87 -  phi=0.48600000000000004, PE=5.431582550319628e-17 after 187 steps
Step: 88 -  phi=0.48700000000000004, PE=6.183224453543269e-17 after 182 steps
Step: 89 -  phi=0.48800000000000004, PE=9.488692981535862e-17 after 258 steps
Step: 90 -  phi=0.48900000000000005, PE=1.9070296822870734e-17 after 206 steps
Step: 91 -  phi=0.49000000000000005, PE=9.618781906451778e-17 after 203 steps
Step: 92 -  phi=0.49100000000000005, PE=6.45738799261466e-17 after 223 steps
Step: 93 -  phi=0.49200000000000005, PE=7.718092074798666e-18 after 183 steps
Step: 94 -  phi=0.49300000000000005, PE=7.304131984038232e-17 after 194 steps
Step: 95 -  phi=0.49400000000000005, PE=9.62512036105234e-17 after 269 steps
Step: 96 -  phi=0.49500000000000005, PE=7.720797410714669e-17 after 187 steps
Step: 97 -  phi=0.49600000000000005, PE=6.002029300257013e-17 after 184 steps
Step: 98 -  phi=0.49700000000000005, PE=3.231796031917941e-17 after 189 steps
Step: 99 -  phi=0.49800000000000005, PE=1.7486182298599733e-17 after 163 steps
Step: 100 -  phi=0.49900000000000005, PE=9.551070957666016e-17 after 211 steps
Step: 101 -  phi=0.5, PE=0.0 after 178 steps
Step: 102 -  phi=0.501, PE=5.220092773819942e-17 after 192 steps
Step: 103 -  phi=0.502, PE=4.5432894101714836e-18 after 193 steps
Step: 104 -  phi=0.503, PE=8.502359075754356e-17 after 189 steps
Step: 105 -  phi=0.504, PE=9.265942452590399e-17 after 212 steps
Step: 106 -  phi=0.505, PE=6.2242613313099305e-18 after 197 steps
Step: 107 -  phi=0.506, PE=8.928179426205543e-17 after 196 steps
Step: 108 -  phi=0.507, PE=1.98345057925275e-17 after 178 steps
Step: 109 -  phi=0.508, PE=6.385282498164046e-17 after 172 steps
Step: 110 -  phi=0.509, PE=8.882360914488571e-17 after 187 steps
Step: 111 -  phi=0.51, PE=7.897957731299395e-17 after 195 steps
Step: 112 -  phi=0.511, PE=6.023721810581913e-17 after 231 steps
Step: 113 -  phi=0.512, PE=6.421581483008413e-17 after 194 steps
Step: 114 -  phi=0.513, PE=8.048552676419148e-17 after 189 steps
Step: 115 -  phi=0.514, PE=9.031276722617237e-17 after 209 steps
Step: 116 -  phi=0.515, PE=0.0 after 182 steps
Step: 117 -  phi=0.516, PE=0.0 after 179 steps
Step: 118 -  phi=0.517, PE=8.243812938099201e-17 after 198 steps
Step: 119 -  phi=0.518, PE=8.78160993216662e-17 after 176 steps
Step: 120 -  phi=0.519, PE=6.615051673526976e-17 after 182 steps
Step: 121 -  phi=0.52, PE=4.269410991261348e-17 after 172 steps
Step: 122 -  phi=0.521, PE=4.981294098687302e-17 after 185 steps
Step: 123 -  phi=0.522, PE=4.5796230028293317e-17 after 191 steps
Step: 124 -  phi=0.523, PE=6.019366153145292e-17 after 174 steps
Step: 125 -  phi=0.524, PE=8.908960465930673e-17 after 182 steps
Step: 126 -  phi=0.525, PE=4.832526491920537e-17 after 187 steps
Step: 127 -  phi=0.526, PE=9.482738610264059e-17 after 186 steps
Step: 128 -  phi=0.527, PE=5.782586194124508e-17 after 192 steps
Step: 129 -  phi=0.528, PE=6.735735133674425e-17 after 192 steps
Step: 130 -  phi=0.529, PE=8.036577721445744e-17 after 208 steps
Step: 131 -  phi=0.53, PE=9.095193263626972e-17 after 204 steps
Step: 132 -  phi=0.531, PE=3.199589158521811e-17 after 180 steps
Step: 133 -  phi=0.532, PE=0.0 after 178 steps
Step: 134 -  phi=0.533, PE=8.881891100538603e-17 after 202 steps
Step: 135 -  phi=0.534, PE=8.029323209826602e-17 after 189 steps
Step: 136 -  phi=0.535, PE=5.1988137504493226e-17 after 199 steps
Step: 137 -  phi=0.536, PE=9.712481010737743e-17 after 203 steps
Step: 138 -  phi=0.537, PE=9.753828184464724e-17 after 230 steps
Step: 139 -  phi=0.538, PE=9.69891069723088e-17 after 197 steps
Step: 140 -  phi=0.539, PE=7.76360227877723e-17 after 219 steps
Step: 141 -  phi=0.54, PE=3.980931239728389e-17 after 198 steps
Step: 142 -  phi=0.541, PE=8.853684393776942e-17 after 190 steps
Step: 143 -  phi=0.542, PE=5.644076064871597e-17 after 200 steps
Step: 144 -  phi=0.543, PE=6.500187050798828e-17 after 220 steps
Step: 145 -  phi=0.544, PE=8.624691386527444e-17 after 191 steps
Step: 146 -  phi=0.545, PE=5.384431914702814e-17 after 193 steps
Step: 147 -  phi=0.546, PE=4.950981506101949e-17 after 199 steps
Step: 148 -  phi=0.547, PE=9.508750410924526e-17 after 212 steps
Step: 149 -  phi=0.548, PE=2.4756862569008062e-17 after 209 steps
Step: 150 -  phi=0.549, PE=7.955825687785252e-17 after 190 steps
Step: 151 -  phi=0.55, PE=2.6414365337345976e-17 after 191 steps
Step: 152 -  phi=0.551, PE=8.694989727521118e-17 after 264 steps
Step: 153 -  phi=0.552, PE=6.746465497785687e-17 after 202 steps
Step: 154 -  phi=0.553, PE=5.129459497515097e-17 after 211 steps
Step: 155 -  phi=0.554, PE=3.8616537880526354e-17 after 222 steps
Step: 156 -  phi=0.555, PE=8.397198810493813e-17 after 189 steps
Step: 157 -  phi=0.556, PE=2.3590116806304756e-17 after 203 steps
Step: 158 -  phi=0.557, PE=5.034731736075127e-17 after 197 steps
Step: 159 -  phi=0.558, PE=6.659130645517398e-17 after 200 steps
Step: 160 -  phi=0.559, PE=5.381061897514467e-17 after 195 steps
Step: 161 -  phi=0.56, PE=8.991484266780223e-18 after 201 steps
Step: 162 -  phi=0.561, PE=1.4927642068441277e-18 after 204 steps
Step: 163 -  phi=0.562, PE=7.175884931193087e-17 after 222 steps
Step: 164 -  phi=0.5630000000000001, PE=3.789967972178795e-17 after 213 steps
Step: 165 -  phi=0.5640000000000001, PE=3.546834449422076e-17 after 203 steps
Step: 166 -  phi=0.5650000000000001, PE=9.014952392228778e-17 after 253 steps
Step: 167 -  phi=0.5660000000000001, PE=9.327297124578909e-17 after 232 steps
Step: 168 -  phi=0.5670000000000001, PE=1.6134857637222842e-17 after 218 steps
Step: 169 -  phi=0.5680000000000001, PE=7.284012207124911e-17 after 223 steps
Step: 170 -  phi=0.5690000000000001, PE=9.497229749145018e-17 after 224 steps
Step: 171 -  phi=0.5700000000000001, PE=6.200208938970034e-17 after 227 steps
Step: 172 -  phi=0.5710000000000001, PE=3.554277202755905e-17 after 213 steps
Step: 173 -  phi=0.5720000000000001, PE=7.479148633143141e-17 after 275 steps
Step: 174 -  phi=0.5730000000000001, PE=6.164756394045825e-17 after 234 steps
Step: 175 -  phi=0.5740000000000001, PE=6.908073147597837e-17 after 262 steps
Step: 176 -  phi=0.5750000000000001, PE=8.78715579814633e-17 after 243 steps
Step: 177 -  phi=0.5760000000000001, PE=3.9124994991694843e-17 after 244 steps
Step: 178 -  phi=0.5770000000000001, PE=9.081830273578642e-17 after 243 steps
Step: 179 -  phi=0.5780000000000001, PE=7.689732922313349e-17 after 245 steps
Step: 180 -  phi=0.5790000000000001, PE=9.039062974977719e-17 after 229 steps
Step: 181 -  phi=0.5800000000000001, PE=7.140689836983628e-17 after 219 steps
Step: 182 -  phi=0.5810000000000001, PE=3.7054715834286666e-17 after 211 steps
Step: 183 -  phi=0.5820000000000001, PE=1.0632626985070754e-17 after 206 steps
Step: 184 -  phi=0.5830000000000001, PE=4.811446586115781e-17 after 249 steps
Step: 185 -  phi=0.5840000000000001, PE=6.661760451824976e-17 after 247 steps
Step: 186 -  phi=0.5850000000000001, PE=1.4325992506307509e-18 after 218 steps
Step: 187 -  phi=0.5860000000000001, PE=9.866529818549566e-17 after 247 steps
Step: 188 -  phi=0.5870000000000001, PE=9.128009308165478e-17 after 230 steps
Step: 189 -  phi=0.5880000000000001, PE=9.512331359728183e-17 after 212 steps
Step: 190 -  phi=0.5890000000000001, PE=5.0080205217698343e-17 after 224 steps
Step: 191 -  phi=0.5900000000000001, PE=9.870413140886498e-17 after 212 steps
Step: 192 -  phi=0.5910000000000001, PE=9.556739136441854e-17 after 236 steps
Step: 193 -  phi=0.5920000000000001, PE=7.537484821313822e-17 after 228 steps
Step: 194 -  phi=0.5930000000000001, PE=3.606351980143366e-17 after 221 steps
Step: 195 -  phi=0.5940000000000001, PE=6.303611665746613e-17 after 246 steps
Step: 196 -  phi=0.5950000000000001, PE=8.643108497696142e-17 after 290 steps
Step: 197 -  phi=0.5960000000000001, PE=7.097561135499763e-17 after 250 steps
Step: 198 -  phi=0.5970000000000001, PE=7.015931725448415e-17 after 268 steps
Step: 199 -  phi=0.5980000000000001, PE=3.790542960990588e-17 after 236 steps
Step: 200 -  phi=0.5990000000000001, PE=9.745055757815624e-17 after 267 steps
Step: 201 -  phi=0.6000000000000001, PE=8.853283274468298e-17 after 268 steps
Step: 202 -  phi=0.6010000000000001, PE=9.892545520340902e-17 after 262 steps
Step: 203 -  phi=0.6020000000000001, PE=3.0430845871224274e-17 after 274 steps
Step: 204 -  phi=0.6030000000000001, PE=9.851360181883398e-17 after 290 steps
Step: 205 -  phi=0.6040000000000001, PE=7.867351189230853e-17 after 276 steps
Step: 206 -  phi=0.6050000000000001, PE=7.782307353021247e-17 after 270 steps
Step: 207 -  phi=0.6060000000000001, PE=9.67813784244871e-17 after 314 steps
Step: 208 -  phi=0.6070000000000001, PE=3.892634940067505e-17 after 297 steps
Step: 209 -  phi=0.6080000000000001, PE=9.537211478348221e-17 after 312 steps
Step: 210 -  phi=0.6090000000000001, PE=6.696945514979608e-17 after 309 steps
Step: 211 -  phi=0.6100000000000001, PE=9.474819426699783e-17 after 340 steps
Step: 212 -  phi=0.6110000000000001, PE=8.120197421711674e-17 after 296 steps
Step: 213 -  phi=0.6120000000000001, PE=9.70514437663178e-17 after 337 steps
Step: 214 -  phi=0.6130000000000001, PE=9.090908226413838e-17 after 348 steps
Step: 215 -  phi=0.6140000000000001, PE=9.675046750729726e-17 after 293 steps
Step: 216 -  phi=0.6150000000000001, PE=6.847319281053353e-17 after 289 steps
Step: 217 -  phi=0.6160000000000001, PE=9.454429409511006e-17 after 297 steps
Step: 218 -  phi=0.6170000000000001, PE=9.208810366883711e-17 after 285 steps
Step: 219 -  phi=0.6180000000000001, PE=7.399822299467013e-17 after 282 steps
Step: 220 -  phi=0.6190000000000001, PE=8.940182520498044e-17 after 274 steps
Step: 221 -  phi=0.6200000000000001, PE=9.014602266976824e-17 after 277 steps
Step: 222 -  phi=0.6210000000000001, PE=5.84944175860394e-17 after 275 steps
Step: 223 -  phi=0.6220000000000001, PE=6.669639956026233e-17 after 292 steps
Step: 224 -  phi=0.6230000000000001, PE=9.343361486579639e-17 after 283 steps
Step: 225 -  phi=0.6240000000000001, PE=9.769713926574188e-17 after 305 steps
Step: 226 -  phi=0.6250000000000001, PE=6.992662622387988e-17 after 296 steps
Step: 227 -  phi=0.6260000000000001, PE=7.523221639536366e-17 after 327 steps
Step: 228 -  phi=0.6270000000000001, PE=8.530924974098575e-17 after 296 steps
Step: 229 -  phi=0.6280000000000001, PE=9.930449773422629e-17 after 296 steps
Step: 230 -  phi=0.6290000000000001, PE=6.814538530232817e-17 after 289 steps
Step: 231 -  phi=0.6300000000000001, PE=7.541031622106447e-17 after 280 steps
Step: 232 -  phi=0.6310000000000001, PE=9.617139489090705e-17 after 289 steps
Step: 233 -  phi=0.6320000000000001, PE=5.752286519215425e-17 after 285 steps
Step: 234 -  phi=0.6330000000000001, PE=9.88775529641808e-17 after 315 steps
Step: 235 -  phi=0.6340000000000001, PE=7.902409785784648e-17 after 337 steps
Step: 236 -  phi=0.6350000000000001, PE=8.650004251647993e-17 after 310 steps
Step: 237 -  phi=0.6360000000000001, PE=9.44977763100834e-17 after 332 steps
Step: 238 -  phi=0.6370000000000001, PE=9.404357505165606e-17 after 331 steps
Step: 239 -  phi=0.6380000000000001, PE=8.883205574079739e-17 after 355 steps
Step: 240 -  phi=0.6390000000000001, PE=8.549133914209964e-17 after 367 steps
Step: 241 -  phi=0.6400000000000001, PE=9.314441310388434e-17 after 331 steps
Step: 242 -  phi=0.6410000000000001, PE=8.005871586433792e-17 after 343 steps
Step: 243 -  phi=0.6420000000000001, PE=6.150561041166663e-17 after 323 steps
Step: 244 -  phi=0.6430000000000001, PE=7.868381750791604e-17 after 322 steps
Step: 245 -  phi=0.6440000000000001, PE=8.777594521634551e-17 after 327 steps
Step: 246 -  phi=0.6450000000000001, PE=6.635638428717313e-17 after 335 steps
Step: 247 -  phi=0.6460000000000001, PE=9.021588556348293e-17 after 324 steps
Step: 248 -  phi=0.6470000000000001, PE=9.189815002571191e-17 after 353 steps
Step: 249 -  phi=0.6480000000000001, PE=8.248940271818677e-17 after 338 steps
Step: 250 -  phi=0.6490000000000001, PE=9.209369465874503e-17 after 357 steps
Step: 251 -  phi=0.6500000000000001, PE=8.636695501535231e-17 after 359 steps
Step: 252 -  phi=0.6510000000000001, PE=8.263830448041939e-17 after 468 steps
Step: 253 -  phi=0.6520000000000001, PE=9.050581490778792e-17 after 372 steps
Step: 254 -  phi=0.6530000000000001, PE=8.703301036810531e-17 after 406 steps
Step: 255 -  phi=0.6540000000000001, PE=9.542190025919514e-17 after 352 steps
Step: 256 -  phi=0.6550000000000001, PE=8.9610220978857e-17 after 352 steps
Step: 257 -  phi=0.6560000000000001, PE=8.41636072052283e-17 after 344 steps
Step: 258 -  phi=0.6570000000000001, PE=9.775651897648949e-17 after 353 steps
Step: 259 -  phi=0.6580000000000001, PE=6.846617766283217e-17 after 347 steps
Step: 260 -  phi=0.6590000000000001, PE=9.762404762470219e-17 after 363 steps
Step: 261 -  phi=0.6600000000000001, PE=9.122330825891618e-17 after 365 steps
Step: 262 -  phi=0.6610000000000001, PE=9.776550894179747e-17 after 363 steps
Step: 263 -  phi=0.6620000000000001, PE=9.136973999870351e-17 after 347 steps
Step: 264 -  phi=0.6630000000000001, PE=9.850920955127794e-17 after 366 steps
Step: 265 -  phi=0.6640000000000001, PE=9.20577077987876e-17 after 347 steps
Step: 266 -  phi=0.6650000000000001, PE=9.275652120022362e-17 after 388 steps
Step: 267 -  phi=0.6660000000000001, PE=9.501352428693704e-17 after 399 steps
Step: 268 -  phi=0.6670000000000001, PE=9.992683290235633e-17 after 394 steps
Step: 269 -  phi=0.6680000000000001, PE=9.233842469785698e-17 after 413 steps
Step: 270 -  phi=0.6690000000000002, PE=9.998309565782965e-17 after 389 steps
Step: 271 -  phi=0.6700000000000002, PE=7.866009933803711e-17 after 392 steps
Step: 272 -  phi=0.6710000000000002, PE=9.876622248958799e-17 after 436 steps
Step: 273 -  phi=0.6720000000000002, PE=6.634559920579863e-17 after 422 steps
Step: 274 -  phi=0.6730000000000002, PE=9.258651199676688e-17 after 417 steps
Step: 275 -  phi=0.6740000000000002, PE=9.553611589001638e-17 after 423 steps
Step: 276 -  phi=0.6750000000000002, PE=9.828118148421845e-17 after 424 steps
Step: 277 -  phi=0.6760000000000002, PE=8.886828705123137e-17 after 426 steps
Step: 278 -  phi=0.6770000000000002, PE=8.332958563301187e-17 after 419 steps
Step: 279 -  phi=0.6780000000000002, PE=9.30186245258479e-17 after 452 steps
Step: 280 -  phi=0.6790000000000002, PE=9.959290212138204e-17 after 468 steps
Step: 281 -  phi=0.6800000000000002, PE=9.407920974157301e-17 after 484 steps
Step: 282 -  phi=0.6810000000000002, PE=9.248293671739317e-17 after 522 steps
Step: 283 -  phi=0.6820000000000002, PE=8.920648732073009e-17 after 422 steps
Step: 284 -  phi=0.6830000000000002, PE=9.406198481929035e-17 after 475 steps
Step: 285 -  phi=0.6840000000000002, PE=9.992734407696414e-17 after 510 steps
Step: 286 -  phi=0.6850000000000002, PE=8.35513349698871e-17 after 428 steps
Step: 287 -  phi=0.6860000000000002, PE=5.17265322299958e-17 after 558 steps
Step: 288 -  phi=0.6870000000000002, PE=9.131806180387601e-17 after 463 steps
Step: 289 -  phi=0.6880000000000002, PE=9.843225986710153e-17 after 530 steps
Step: 290 -  phi=0.6890000000000002, PE=7.590512734190384e-17 after 510 steps
Step: 291 -  phi=0.6900000000000002, PE=9.185912278456743e-17 after 431 steps
Step: 292 -  phi=0.6910000000000002, PE=9.464079649644955e-17 after 565 steps
Step: 293 -  phi=0.6920000000000002, PE=9.705710145417857e-17 after 494 steps
Step: 294 -  phi=0.6930000000000002, PE=9.288721755357878e-17 after 523 steps
Step: 295 -  phi=0.6940000000000002, PE=8.661445059504258e-17 after 561 steps
Step: 296 -  phi=0.6950000000000002, PE=9.159593514708212e-17 after 509 steps
Step: 297 -  phi=0.6960000000000002, PE=9.170326554266821e-17 after 470 steps
Step: 298 -  phi=0.6970000000000002, PE=8.889699773387034e-17 after 466 steps
Step: 299 -  phi=0.6980000000000002, PE=8.719000196312888e-17 after 505 steps
Step: 300 -  phi=0.6990000000000002, PE=9.480702781939617e-17 after 523 steps
Step: 301 -  phi=0.7000000000000002, PE=8.991354179048336e-17 after 539 steps
Step: 302 -  phi=0.7010000000000002, PE=8.496628288232204e-17 after 504 steps
Step: 303 -  phi=0.7020000000000002, PE=9.363793494653937e-17 after 656 steps
Step: 304 -  phi=0.7030000000000002, PE=7.993969148553839e-17 after 514 steps
Step: 305 -  phi=0.7040000000000002, PE=9.999885422333149e-17 after 520 steps
Step: 306 -  phi=0.7050000000000002, PE=9.259754579723817e-17 after 475 steps
Step: 307 -  phi=0.7060000000000002, PE=8.302591202979083e-17 after 466 steps
Step: 308 -  phi=0.7070000000000002, PE=8.486924819299585e-17 after 500 steps
Step: 309 -  phi=0.7080000000000002, PE=9.738191789517481e-17 after 529 steps
Step: 310 -  phi=0.7090000000000002, PE=9.710920921970861e-17 after 623 steps
Step: 311 -  phi=0.7100000000000002, PE=7.704699597808386e-17 after 499 steps
Step: 312 -  phi=0.7110000000000002, PE=9.165938185143933e-17 after 448 steps
Step: 313 -  phi=0.7120000000000002, PE=8.5041529898058e-17 after 507 steps
Step: 314 -  phi=0.7130000000000002, PE=8.962856809067725e-17 after 483 steps
Step: 315 -  phi=0.7140000000000002, PE=9.533287125638053e-17 after 500 steps
Step: 316 -  phi=0.7150000000000002, PE=9.925903416813297e-17 after 514 steps
Step: 317 -  phi=0.7160000000000002, PE=9.365058858528636e-17 after 499 steps
Step: 318 -  phi=0.7170000000000002, PE=9.187027263048315e-17 after 499 steps
Step: 319 -  phi=0.7180000000000002, PE=8.84088344036213e-17 after 473 steps
Step: 320 -  phi=0.7190000000000002, PE=9.240778778658502e-17 after 502 steps
Step: 321 -  phi=0.7200000000000002, PE=9.643091261673346e-17 after 729 steps
Step: 322 -  phi=0.7210000000000002, PE=9.128182431566974e-17 after 696 steps
Step: 323 -  phi=0.7220000000000002, PE=6.171518777592992e-17 after 598 steps
Step: 324 -  phi=0.7230000000000002, PE=9.226396655493508e-17 after 644 steps
Step: 325 -  phi=0.7240000000000002, PE=9.24534667764268e-17 after 664 steps
Step: 326 -  phi=0.7250000000000002, PE=9.944166951383158e-17 after 896 steps
Step: 327 -  phi=0.7260000000000002, PE=9.014952271600457e-17 after 647 steps
Step: 328 -  phi=0.7270000000000002, PE=9.984354002776863e-17 after 810 steps
Step: 329 -  phi=0.7280000000000002, PE=9.648486248262764e-17 after 562 steps
Step: 330 -  phi=0.7290000000000002, PE=9.912108754259431e-17 after 623 steps
Step: 331 -  phi=0.7300000000000002, PE=9.907513130514567e-17 after 627 steps
Step: 332 -  phi=0.7310000000000002, PE=8.441676047913803e-17 after 546 steps
Step: 333 -  phi=0.7320000000000002, PE=9.77648565951862e-17 after 725 steps
Step: 334 -  phi=0.7330000000000002, PE=9.306440509001205e-17 after 590 steps
Step: 335 -  phi=0.7340000000000002, PE=9.784395785147665e-17 after 659 steps
Step: 336 -  phi=0.7350000000000002, PE=9.841539186359944e-17 after 869 steps
Step: 337 -  phi=0.7360000000000002, PE=8.540091094668455e-17 after 657 steps
Step: 338 -  phi=0.7370000000000002, PE=9.890840411521594e-17 after 622 steps
Step: 339 -  phi=0.7380000000000002, PE=8.993348316658432e-17 after 656 steps
Step: 340 -  phi=0.7390000000000002, PE=9.935004222177034e-17 after 798 steps
Step: 341 -  phi=0.7400000000000002, PE=8.906996639332793e-17 after 661 steps
Step: 342 -  phi=0.7410000000000002, PE=8.346736786893407e-17 after 665 steps
Step: 343 -  phi=0.7420000000000002, PE=8.888501636830396e-17 after 691 steps
Step: 344 -  phi=0.7430000000000002, PE=9.916150096874854e-17 after 951 steps
Step: 345 -  phi=0.7440000000000002, PE=7.366432610266476e-17 after 715 steps
Step: 346 -  phi=0.7450000000000002, PE=9.938472486290945e-17 after 819 steps
Step: 347 -  phi=0.7460000000000002, PE=8.872644207771073e-17 after 696 steps
Step: 348 -  phi=0.7470000000000002, PE=9.543401214422736e-17 after 855 steps
Step: 349 -  phi=0.7480000000000002, PE=9.788700763764485e-17 after 1062 steps
Step: 350 -  phi=0.7490000000000002, PE=9.836077997898135e-17 after 928 steps
Step: 351 -  phi=0.7500000000000002, PE=7.076324826733843e-17 after 752 steps
Step: 352 -  phi=0.7510000000000002, PE=9.936246052493344e-17 after 1080 steps
Step: 353 -  phi=0.7520000000000002, PE=9.55639426375549e-17 after 1143 steps
Step: 354 -  phi=0.7530000000000002, PE=9.201655287050618e-17 after 895 steps
Step: 355 -  phi=0.7540000000000002, PE=9.054847949017496e-17 after 729 steps
Step: 356 -  phi=0.7550000000000002, PE=9.99728798396473e-17 after 1159 steps
Step: 357 -  phi=0.7560000000000002, PE=9.709075742547916e-17 after 931 steps
Step: 358 -  phi=0.7570000000000002, PE=9.288390443872376e-17 after 948 steps
Step: 359 -  phi=0.7580000000000002, PE=9.753222650488069e-17 after 1123 steps
Step: 360 -  phi=0.7590000000000002, PE=9.266745823879277e-17 after 942 steps
Step: 361 -  phi=0.7600000000000002, PE=9.587059566139453e-17 after 1203 steps
Step: 362 -  phi=0.7610000000000002, PE=9.797377271204919e-17 after 1174 steps
Step: 363 -  phi=0.7620000000000002, PE=8.787732196932209e-17 after 758 steps
Step: 364 -  phi=0.7630000000000002, PE=8.894466284084032e-17 after 878 steps
Step: 365 -  phi=0.7640000000000002, PE=9.280189211861976e-17 after 1347 steps
Step: 366 -  phi=0.7650000000000002, PE=9.208859443404722e-17 after 1071 steps
Step: 367 -  phi=0.7660000000000002, PE=8.886452298471289e-17 after 980 steps
Step: 368 -  phi=0.7670000000000002, PE=9.524886260505205e-17 after 1256 steps
Step: 369 -  phi=0.7680000000000002, PE=9.029391470505457e-17 after 932 steps
Step: 370 -  phi=0.7690000000000002, PE=9.255624586237747e-17 after 1282 steps
Step: 371 -  phi=0.7700000000000002, PE=9.966046990898322e-17 after 1437 steps
Step: 372 -  phi=0.7710000000000002, PE=9.301883366774289e-17 after 1356 steps
Step: 373 -  phi=0.7720000000000002, PE=9.214390897793533e-17 after 1205 steps
Step: 374 -  phi=0.7730000000000002, PE=9.935874574090333e-17 after 918 steps
Step: 375 -  phi=0.7740000000000002, PE=9.948765816860281e-17 after 1420 steps
Step: 376 -  phi=0.7750000000000002, PE=9.975884096302844e-17 after 2097 steps
Step: 377 -  phi=0.7760000000000002, PE=9.503733765482173e-17 after 1772 steps
Step: 378 -  phi=0.7770000000000002, PE=9.249919420444774e-17 after 1457 steps
Step: 379 -  phi=0.7780000000000002, PE=9.721399158567453e-17 after 1859 steps
Step: 380 -  phi=0.7790000000000002, PE=9.788345250867749e-17 after 1687 steps
Step: 381 -  phi=0.7800000000000002, PE=9.98983339833422e-17 after 1903 steps
Step: 382 -  phi=0.7810000000000002, PE=9.868568933758469e-17 after 2191 steps
Step: 383 -  phi=0.7820000000000003, PE=9.579044953358948e-17 after 1836 steps
Step: 384 -  phi=0.7830000000000003, PE=9.96490468499055e-17 after 3137 steps
Step: 385 -  phi=0.7840000000000003, PE=9.974973248858339e-17 after 4205 steps
Step: 386 -  phi=0.7850000000000003, PE=9.925913406682252e-17 after 3480 steps
Step: 387 -  phi=0.7860000000000003, PE=9.748942215697357e-17 after 3236 steps
Step: 388 -  phi=0.7870000000000003, PE=9.864952070916744e-17 after 3219 steps
Step: 389 -  phi=0.7880000000000003, PE=9.789238184232941e-17 after 4042 steps
Step: 390 -  phi=0.7890000000000003, PE=9.474223562797723e-17 after 3154 steps
Step: 391 -  phi=0.7900000000000003, PE=9.822321097932468e-17 after 2493 steps
Step: 392 -  phi=0.7910000000000003, PE=9.825798180686269e-17 after 3894 steps
Step: 393 -  phi=0.7920000000000003, PE=9.966559136710196e-17 after 10548 steps
Step: 394 -  phi=0.7930000000000003, PE=9.947296077709344e-17 after 5045 steps
Step: 395 -  phi=0.7940000000000003, PE=9.89648533682643e-17 after 9196 steps
Step: 396 -  phi=0.7950000000000003, PE=9.976915467678306e-17 after 14029 steps
Step: 397 -  phi=0.7960000000000003, PE=9.898265874124047e-17 after 7086 steps
Step: 398 -  phi=0.7970000000000003, PE=9.97416075187959e-17 after 9952 steps
Step: 399 -  phi=0.7980000000000003, PE=9.989695009081087e-17 after 9964 steps
Step: 400 -  phi=0.7990000000000003, PE=9.983692612859398e-17 after 14557 steps
Step: 401 -  phi=0.8000000000000003, PE=9.995437556738504e-17 after 18116 steps
Step: 402 -  phi=0.8010000000000003, PE=9.9940942907197e-17 after 68466 steps
Step: 403 -  phi=0.8020000000000003, PE=1.1116056155877386e-11 after 232845 steps
Step: 404 -  phi=0.8015000000000003, PE=9.995479509823034e-17 after 20632 steps
Step: 405 -  phi=0.8017500000000003, PE=9.992178145580562e-17 after 34003 steps
Step: 406 -  phi=0.8018750000000003, PE=9.986105020301961e-17 after 94527 steps
Step: 407 -  phi=0.8019375000000003, PE=9.995933372092487e-17 after 31921 steps
Step: 408 -  phi=0.8019687500000003, PE=9.992499518558515e-17 after 27576 steps
Step: 409 -  phi=0.8019843750000003, PE=9.948620759622351e-17 after 32253 steps
Step: 410 -  phi=0.8019921875000002, PE=9.997516048227439e-17 after 8376 steps
Step: 411 -  phi=0.8019960937500002, PE=9.994564033915471e-17 after 6200 steps
Step: 412 -  phi=0.8019980468750003, PE=9.474860940956108e-17 after 2598 steps
Step: 413 -  phi=0.8019990234375003, PE=9.959661552825222e-17 after 2369 steps
Step: 414 -  phi=0.8019995117187503, PE=9.986975350857303e-17 after 2177 steps
Step: 415 -  phi=0.8019997558593752, PE=9.994871592685205e-17 after 1905 steps
Step: 416 -  phi=0.8019998779296877, PE=9.983988614936514e-17 after 1649 steps
Step: 417 -  phi=0.801999938964844, PE=9.988521356101092e-17 after 1393 steps
Step: 418 -  phi=0.8019999694824221, PE=9.994597077769761e-17 after 1097 steps
Step: 419 -  phi=0.8019999847412111, PE=9.998366913051361e-17 after 831 steps
Step: 420 -  phi=0.8019999923706057, PE=9.99824684542523e-17 after 615 steps
Step: 421 -  phi=0.801999996185303, PE=9.997270767299698e-17 after 447 steps
Step: 422 -  phi=0.8019999980926517, PE=9.996965881674955e-17 after 323 steps
Step: 423 -  phi=0.801999999046326, PE=9.999245478190686e-17 after 233 steps
Step: 424 -  phi=0.8019999995231631, PE=9.998831766415173e-17 after 171 steps
Step: 425 -  phi=0.8019999997615817, PE=9.999017907908462e-17 after 126 steps
Step: 426 -  phi=0.801999999880791, PE=9.999594259657976e-17 after 94 steps
Step: 427 -  phi=0.8019999999403956, PE=9.999863267554068e-17 after 72 steps
Jammed: phi = 0.802000, residual PE = 1.000e-16
