The following modules were not unloaded:
  (Use "module --force purge" to unload all):

  1) StdEnv
sys:1: RuntimeWarning: h5: callable: skipping callable field 'user_pre_step_actions' (<PjitFunction of <function _save_state_system at 0x151fd4ddfba0>>); handle explicitly
sys:1: RuntimeWarning: h5: callable: skipping callable field 'user_post_step_actions' (<PjitFunction of <function _save_state_system at 0x151fd4ddfba0>>); handle explicitly
/home/rg2248/analysis/summer-26/jam/thomson/jam2d-thomson.py:74: RuntimeWarning: h5: callable: skipping callable field '0' (<function fire.<locals>.init at 0x151ec06ff100>); handle explicitly
  save(system, join(data_root, 'system.h5'))
/home/rg2248/analysis/summer-26/jam/thomson/jam2d-thomson.py:74: RuntimeWarning: h5: callable: skipping callable field '1' (<function fire.<locals>.update at 0x151ec06fefc0>); handle explicitly
  save(system, join(data_root, 'system.h5'))
Initial minimization took 0 steps.
Step: 1 -  phi=0.4, PE=0.0 after 0 steps
Step: 2 -  phi=0.401, PE=4.006856515920495e-17 after 150 steps
Step: 3 -  phi=0.402, PE=5.814441588068603e-17 after 171 steps
Step: 4 -  phi=0.403, PE=0.0 after 118 steps
Step: 5 -  phi=0.404, PE=2.263615681953623e-18 after 134 steps
Step: 6 -  phi=0.405, PE=5.707622841884692e-17 after 136 steps
Step: 7 -  phi=0.406, PE=9.044156288389069e-17 after 131 steps
Step: 8 -  phi=0.40700000000000003, PE=1.7410575737818998e-17 after 154 steps
Step: 9 -  phi=0.40800000000000003, PE=7.459626338327516e-17 after 155 steps
Step: 10 -  phi=0.40900000000000003, PE=0.0 after 134 steps
Step: 11 -  phi=0.41000000000000003, PE=1.3042729365465721e-17 after 141 steps
Step: 12 -  phi=0.41100000000000003, PE=5.2181402360134966e-17 after 148 steps
Step: 13 -  phi=0.41200000000000003, PE=5.821202611677482e-17 after 127 steps
Step: 14 -  phi=0.41300000000000003, PE=7.786210744652806e-17 after 127 steps
Step: 15 -  phi=0.41400000000000003, PE=9.706633598787802e-17 after 170 steps
Step: 16 -  phi=0.41500000000000004, PE=8.114152032966319e-17 after 139 steps
Step: 17 -  phi=0.41600000000000004, PE=0.0 after 114 steps
Step: 18 -  phi=0.41700000000000004, PE=6.429943127736455e-17 after 170 steps
Step: 19 -  phi=0.41800000000000004, PE=0.0 after 123 steps
Step: 20 -  phi=0.41900000000000004, PE=7.390104198464222e-17 after 170 steps
Step: 21 -  phi=0.42000000000000004, PE=8.415625351189931e-17 after 161 steps
Step: 22 -  phi=0.42100000000000004, PE=8.500605770562836e-17 after 152 steps
Step: 23 -  phi=0.42200000000000004, PE=2.895146225493369e-17 after 151 steps
Step: 24 -  phi=0.42300000000000004, PE=9.142780139511417e-17 after 162 steps
Step: 25 -  phi=0.42400000000000004, PE=3.2845442333940275e-17 after 157 steps
Step: 26 -  phi=0.42500000000000004, PE=7.174594977164069e-17 after 167 steps
Step: 27 -  phi=0.42600000000000005, PE=9.47972575070864e-17 after 152 steps
Step: 28 -  phi=0.42700000000000005, PE=6.227559762149719e-17 after 132 steps
Step: 29 -  phi=0.42800000000000005, PE=3.7111851665778995e-17 after 161 steps
Step: 30 -  phi=0.42900000000000005, PE=9.50376969170715e-17 after 152 steps
Step: 31 -  phi=0.43000000000000005, PE=1.959722190782823e-17 after 165 steps
Step: 32 -  phi=0.43100000000000005, PE=3.423227243346205e-17 after 151 steps
Step: 33 -  phi=0.43200000000000005, PE=7.990895317264616e-17 after 157 steps
Step: 34 -  phi=0.43300000000000005, PE=1.8412294012269004e-17 after 156 steps
Step: 35 -  phi=0.43400000000000005, PE=4.010771018270557e-17 after 145 steps
Step: 36 -  phi=0.43500000000000005, PE=9.903538010096766e-17 after 171 steps
Step: 37 -  phi=0.43600000000000005, PE=0.0 after 143 steps
Step: 38 -  phi=0.43700000000000006, PE=2.3683950688387813e-17 after 150 steps
Step: 39 -  phi=0.43800000000000006, PE=8.494784845294774e-17 after 177 steps
Step: 40 -  phi=0.43900000000000006, PE=2.416729383173143e-17 after 157 steps
Step: 41 -  phi=0.44000000000000006, PE=8.279388147629099e-17 after 163 steps
Step: 42 -  phi=0.44100000000000006, PE=4.834669162834621e-18 after 152 steps
Step: 43 -  phi=0.44200000000000006, PE=0.0 after 171 steps
Step: 44 -  phi=0.44300000000000006, PE=7.370453017680429e-17 after 154 steps
Step: 45 -  phi=0.44400000000000006, PE=5.958293710642146e-17 after 181 steps
Step: 46 -  phi=0.44500000000000006, PE=9.788777188370415e-17 after 161 steps
Step: 47 -  phi=0.44600000000000006, PE=0.0 after 153 steps
Step: 48 -  phi=0.44700000000000006, PE=9.097915809383178e-17 after 181 steps
Step: 49 -  phi=0.44800000000000006, PE=0.0 after 162 steps
Step: 50 -  phi=0.44900000000000007, PE=1.3256306788066479e-17 after 164 steps
Step: 51 -  phi=0.45000000000000007, PE=8.46399251292168e-17 after 174 steps
Step: 52 -  phi=0.45100000000000007, PE=7.843982603057684e-17 after 212 steps
Step: 53 -  phi=0.45200000000000007, PE=0.0 after 149 steps
Step: 54 -  phi=0.45300000000000007, PE=3.477424748407673e-17 after 166 steps
Step: 55 -  phi=0.45400000000000007, PE=9.434896586028503e-18 after 180 steps
Step: 56 -  phi=0.45500000000000007, PE=8.171472396069176e-17 after 180 steps
Step: 57 -  phi=0.45600000000000007, PE=7.369986002881331e-17 after 172 steps
Step: 58 -  phi=0.4570000000000001, PE=7.80875833185625e-17 after 177 steps
Step: 59 -  phi=0.4580000000000001, PE=6.48768068500466e-17 after 170 steps
Step: 60 -  phi=0.4590000000000001, PE=9.631869122771316e-17 after 189 steps
Step: 61 -  phi=0.4600000000000001, PE=1.478809342630043e-17 after 172 steps
Step: 62 -  phi=0.4610000000000001, PE=9.108789065216013e-17 after 184 steps
Step: 63 -  phi=0.4620000000000001, PE=0.0 after 164 steps
Step: 64 -  phi=0.4630000000000001, PE=7.877297153547593e-17 after 207 steps
Step: 65 -  phi=0.4640000000000001, PE=1.790387131060657e-17 after 173 steps
Step: 66 -  phi=0.4650000000000001, PE=2.3264381161753453e-17 after 158 steps
Step: 67 -  phi=0.4660000000000001, PE=8.942276238549125e-17 after 173 steps
Step: 68 -  phi=0.4670000000000001, PE=8.376236753588019e-17 after 174 steps
Step: 69 -  phi=0.4680000000000001, PE=4.503155960593367e-17 after 159 steps
Step: 70 -  phi=0.4690000000000001, PE=6.019721648704177e-18 after 159 steps
Step: 71 -  phi=0.4700000000000001, PE=4.3024238284387696e-17 after 150 steps
Step: 72 -  phi=0.4710000000000001, PE=8.960396478235241e-18 after 146 steps
Step: 73 -  phi=0.4720000000000001, PE=7.475439651439949e-17 after 162 steps
Step: 74 -  phi=0.4730000000000001, PE=6.580533325758144e-17 after 165 steps
Step: 75 -  phi=0.4740000000000001, PE=0.0 after 144 steps
Step: 76 -  phi=0.4750000000000001, PE=8.433919878478408e-17 after 150 steps
Step: 77 -  phi=0.4760000000000001, PE=4.458641821826524e-17 after 166 steps
Step: 78 -  phi=0.4770000000000001, PE=8.35561170215909e-17 after 157 steps
Step: 79 -  phi=0.4780000000000001, PE=1.4673354081148884e-17 after 174 steps
Step: 80 -  phi=0.4790000000000001, PE=8.340094322368103e-17 after 180 steps
Step: 81 -  phi=0.4800000000000001, PE=9.01513010715583e-17 after 170 steps
Step: 82 -  phi=0.4810000000000001, PE=6.940376185479548e-17 after 216 steps
Step: 83 -  phi=0.4820000000000001, PE=3.348564046763299e-17 after 181 steps
Step: 84 -  phi=0.4830000000000001, PE=6.727364819156851e-17 after 225 steps
Step: 85 -  phi=0.4840000000000001, PE=9.430549937767495e-17 after 184 steps
Step: 86 -  phi=0.4850000000000001, PE=8.654657865671085e-17 after 192 steps
Step: 87 -  phi=0.4860000000000001, PE=3.106552191108555e-17 after 183 steps
Step: 88 -  phi=0.4870000000000001, PE=0.0 after 168 steps
Step: 89 -  phi=0.4880000000000001, PE=8.340276031687376e-17 after 191 steps
Step: 90 -  phi=0.4890000000000001, PE=8.774341394963676e-17 after 216 steps
Step: 91 -  phi=0.4900000000000001, PE=6.672251270844928e-17 after 206 steps
Step: 92 -  phi=0.4910000000000001, PE=9.989246717940348e-17 after 226 steps
Step: 93 -  phi=0.4920000000000001, PE=1.4641139956199756e-17 after 188 steps
Step: 94 -  phi=0.4930000000000001, PE=5.69713163179184e-17 after 177 steps
Step: 95 -  phi=0.4940000000000001, PE=2.864280946405297e-17 after 169 steps
Step: 96 -  phi=0.4950000000000001, PE=9.725603261514166e-17 after 194 steps
Step: 97 -  phi=0.4960000000000001, PE=8.404839920647488e-17 after 180 steps
Step: 98 -  phi=0.4970000000000001, PE=1.7264615026235486e-17 after 184 steps
Step: 99 -  phi=0.4980000000000001, PE=4.870924904783706e-19 after 172 steps
Step: 100 -  phi=0.4990000000000001, PE=0.0 after 175 steps
Step: 101 -  phi=0.5000000000000001, PE=5.32410062570161e-18 after 184 steps
Step: 102 -  phi=0.5010000000000001, PE=1.861403418768339e-18 after 198 steps
Step: 103 -  phi=0.5020000000000001, PE=9.637210982624921e-17 after 180 steps
Step: 104 -  phi=0.5030000000000001, PE=0.0 after 183 steps
Step: 105 -  phi=0.5040000000000001, PE=7.346919966505334e-17 after 214 steps
Step: 106 -  phi=0.5050000000000001, PE=5.0016705765610326e-17 after 189 steps
Step: 107 -  phi=0.5060000000000001, PE=7.762394375462107e-17 after 192 steps
Step: 108 -  phi=0.5070000000000001, PE=7.350516501282687e-17 after 189 steps
Step: 109 -  phi=0.5080000000000001, PE=6.186968400384987e-17 after 187 steps
Step: 110 -  phi=0.5090000000000001, PE=9.726100561201678e-17 after 235 steps
Step: 111 -  phi=0.5100000000000001, PE=8.397313012826655e-17 after 194 steps
Step: 112 -  phi=0.5110000000000001, PE=3.8975229662508396e-17 after 172 steps
Step: 113 -  phi=0.5120000000000001, PE=3.7586460324252105e-17 after 188 steps
Step: 114 -  phi=0.5130000000000001, PE=6.382675366250434e-17 after 191 steps
Step: 115 -  phi=0.5140000000000001, PE=7.597273046236482e-17 after 181 steps
Step: 116 -  phi=0.5150000000000001, PE=2.2472352771384397e-17 after 174 steps
Step: 117 -  phi=0.5160000000000001, PE=6.673692171202734e-17 after 192 steps
Step: 118 -  phi=0.5170000000000001, PE=7.31492865789754e-17 after 186 steps
Step: 119 -  phi=0.5180000000000001, PE=9.138823867790758e-17 after 202 steps
Step: 120 -  phi=0.5190000000000001, PE=0.0 after 171 steps
Step: 121 -  phi=0.5200000000000001, PE=0.0 after 169 steps
Step: 122 -  phi=0.5210000000000001, PE=9.909528944026972e-17 after 201 steps
Step: 123 -  phi=0.5220000000000001, PE=9.61301230540761e-17 after 199 steps
Step: 124 -  phi=0.5230000000000001, PE=5.138782517303506e-17 after 226 steps
Step: 125 -  phi=0.5240000000000001, PE=7.825285108333857e-17 after 202 steps
Step: 126 -  phi=0.5250000000000001, PE=4.0329774895280537e-17 after 204 steps
Step: 127 -  phi=0.5260000000000001, PE=0.0 after 194 steps
Step: 128 -  phi=0.5270000000000001, PE=4.009393882391006e-17 after 206 steps
Step: 129 -  phi=0.5280000000000001, PE=4.8008580303332215e-17 after 201 steps
Step: 130 -  phi=0.5290000000000001, PE=4.853865941115461e-17 after 208 steps
Step: 131 -  phi=0.5300000000000001, PE=8.730117349449775e-17 after 220 steps
Step: 132 -  phi=0.5310000000000001, PE=6.915686457036239e-17 after 215 steps
Step: 133 -  phi=0.5320000000000001, PE=7.112158892589531e-17 after 198 steps
Step: 134 -  phi=0.5330000000000001, PE=7.151462468066582e-17 after 202 steps
Step: 135 -  phi=0.5340000000000001, PE=9.598486189744236e-17 after 195 steps
Step: 136 -  phi=0.5350000000000001, PE=7.512465339656346e-17 after 222 steps
Step: 137 -  phi=0.5360000000000001, PE=8.243955057179437e-17 after 201 steps
Step: 138 -  phi=0.5370000000000001, PE=9.561091402227218e-17 after 199 steps
Step: 139 -  phi=0.5380000000000001, PE=7.8427925884384e-17 after 206 steps
Step: 140 -  phi=0.5390000000000001, PE=9.878794069027701e-17 after 199 steps
Step: 141 -  phi=0.5400000000000001, PE=6.158656180152565e-17 after 255 steps
Step: 142 -  phi=0.5410000000000001, PE=9.653272739814529e-17 after 222 steps
Step: 143 -  phi=0.5420000000000001, PE=9.734836460984589e-17 after 263 steps
Step: 144 -  phi=0.5430000000000001, PE=7.329822734106769e-17 after 217 steps
Step: 145 -  phi=0.5440000000000002, PE=9.737281325819028e-17 after 214 steps
Step: 146 -  phi=0.5450000000000002, PE=7.223406727349987e-17 after 235 steps
Step: 147 -  phi=0.5460000000000002, PE=8.523839218026989e-17 after 238 steps
Step: 148 -  phi=0.5470000000000002, PE=7.700643665886757e-17 after 204 steps
Step: 149 -  phi=0.5480000000000002, PE=8.75627109218403e-17 after 243 steps
Step: 150 -  phi=0.5490000000000002, PE=8.073885641152415e-17 after 227 steps
Step: 151 -  phi=0.5500000000000002, PE=8.824456512614402e-17 after 245 steps
Step: 152 -  phi=0.5510000000000002, PE=9.418871860725811e-17 after 262 steps
Step: 153 -  phi=0.5520000000000002, PE=7.69349099466841e-17 after 247 steps
Step: 154 -  phi=0.5530000000000002, PE=8.525600249440622e-17 after 261 steps
Step: 155 -  phi=0.5540000000000002, PE=6.390385832941718e-17 after 217 steps
Step: 156 -  phi=0.5550000000000002, PE=4.1271561151784666e-17 after 230 steps
Step: 157 -  phi=0.5560000000000002, PE=9.897469591716486e-17 after 238 steps
Step: 158 -  phi=0.5570000000000002, PE=9.551874512307606e-17 after 245 steps
Step: 159 -  phi=0.5580000000000002, PE=9.83406916392527e-17 after 250 steps
Step: 160 -  phi=0.5590000000000002, PE=5.1928113631163535e-17 after 234 steps
Step: 161 -  phi=0.5600000000000002, PE=8.009413786634419e-17 after 223 steps
Step: 162 -  phi=0.5610000000000002, PE=8.983181559920799e-17 after 305 steps
Step: 163 -  phi=0.5620000000000002, PE=9.80803316031854e-17 after 261 steps
Step: 164 -  phi=0.5630000000000002, PE=4.7201278166200614e-17 after 245 steps
Step: 165 -  phi=0.5640000000000002, PE=8.210367162658818e-17 after 259 steps
Step: 166 -  phi=0.5650000000000002, PE=8.011232259112157e-17 after 228 steps
Step: 167 -  phi=0.5660000000000002, PE=8.014900601272166e-17 after 250 steps
Step: 168 -  phi=0.5670000000000002, PE=9.99164054846094e-17 after 281 steps
Step: 169 -  phi=0.5680000000000002, PE=8.868819831124651e-17 after 243 steps
Step: 170 -  phi=0.5690000000000002, PE=8.601786933872899e-17 after 242 steps
Step: 171 -  phi=0.5700000000000002, PE=8.91958766783307e-17 after 252 steps
Step: 172 -  phi=0.5710000000000002, PE=8.702680428121969e-17 after 257 steps
Step: 173 -  phi=0.5720000000000002, PE=8.014985617196362e-17 after 235 steps
Step: 174 -  phi=0.5730000000000002, PE=3.421425105950509e-19 after 255 steps
Step: 175 -  phi=0.5740000000000002, PE=9.917968700254252e-17 after 284 steps
Step: 176 -  phi=0.5750000000000002, PE=7.9222456955799e-17 after 260 steps
Step: 177 -  phi=0.5760000000000002, PE=2.7262621133161603e-17 after 255 steps
Step: 178 -  phi=0.5770000000000002, PE=6.496856921096723e-17 after 263 steps
Step: 179 -  phi=0.5780000000000002, PE=4.7221469339649356e-17 after 233 steps
Step: 180 -  phi=0.5790000000000002, PE=9.477669253715624e-17 after 293 steps
Step: 181 -  phi=0.5800000000000002, PE=9.854038781100518e-17 after 280 steps
Step: 182 -  phi=0.5810000000000002, PE=3.598884329150692e-17 after 255 steps
Step: 183 -  phi=0.5820000000000002, PE=6.125568969711494e-17 after 261 steps
Step: 184 -  phi=0.5830000000000002, PE=3.760943579900089e-17 after 286 steps
Step: 185 -  phi=0.5840000000000002, PE=9.413124076536503e-17 after 246 steps
Step: 186 -  phi=0.5850000000000002, PE=8.904857204912462e-17 after 364 steps
Step: 187 -  phi=0.5860000000000002, PE=4.18649314441489e-17 after 279 steps
Step: 188 -  phi=0.5870000000000002, PE=7.68539775147542e-17 after 268 steps
Step: 189 -  phi=0.5880000000000002, PE=8.951423066178635e-17 after 267 steps
Step: 190 -  phi=0.5890000000000002, PE=7.057866316537055e-17 after 265 steps
Step: 191 -  phi=0.5900000000000002, PE=8.849405393199963e-17 after 248 steps
Step: 192 -  phi=0.5910000000000002, PE=8.858110839197511e-17 after 268 steps
Step: 193 -  phi=0.5920000000000002, PE=7.849289024277345e-17 after 279 steps
Step: 194 -  phi=0.5930000000000002, PE=7.120104142247084e-17 after 259 steps
Step: 195 -  phi=0.5940000000000002, PE=8.841085335566042e-17 after 292 steps
Step: 196 -  phi=0.5950000000000002, PE=7.116995450456264e-17 after 251 steps
Step: 197 -  phi=0.5960000000000002, PE=9.611372727136894e-17 after 232 steps
Step: 198 -  phi=0.5970000000000002, PE=9.801954425664276e-17 after 281 steps
Step: 199 -  phi=0.5980000000000002, PE=4.031837487232547e-17 after 230 steps
Step: 200 -  phi=0.5990000000000002, PE=8.640341227250277e-17 after 266 steps
Step: 201 -  phi=0.6000000000000002, PE=8.603784092804473e-17 after 252 steps
Step: 202 -  phi=0.6010000000000002, PE=9.576262342980387e-17 after 250 steps
Step: 203 -  phi=0.6020000000000002, PE=8.780609368836133e-17 after 252 steps
Step: 204 -  phi=0.6030000000000002, PE=7.856652825416886e-17 after 254 steps
Step: 205 -  phi=0.6040000000000002, PE=9.492486864386709e-17 after 254 steps
Step: 206 -  phi=0.6050000000000002, PE=9.47263344641898e-17 after 247 steps
Step: 207 -  phi=0.6060000000000002, PE=9.189641088399852e-17 after 255 steps
Step: 208 -  phi=0.6070000000000002, PE=5.343634866571987e-17 after 333 steps
Step: 209 -  phi=0.6080000000000002, PE=9.931949557769541e-17 after 302 steps
Step: 210 -  phi=0.6090000000000002, PE=9.185596160245083e-17 after 291 steps
Step: 211 -  phi=0.6100000000000002, PE=6.75750804650641e-17 after 259 steps
Step: 212 -  phi=0.6110000000000002, PE=8.515140735376244e-17 after 284 steps
Step: 213 -  phi=0.6120000000000002, PE=8.985267694853085e-17 after 328 steps
Step: 214 -  phi=0.6130000000000002, PE=7.818009547410822e-17 after 288 steps
Step: 215 -  phi=0.6140000000000002, PE=8.714911056918083e-17 after 300 steps
Step: 216 -  phi=0.6150000000000002, PE=4.692383062378677e-17 after 264 steps
Step: 217 -  phi=0.6160000000000002, PE=1.7060093274789092e-17 after 247 steps
Step: 218 -  phi=0.6170000000000002, PE=7.758635721697519e-17 after 293 steps
Step: 219 -  phi=0.6180000000000002, PE=1.0291065739096084e-17 after 265 steps
Step: 220 -  phi=0.6190000000000002, PE=9.175548440640411e-17 after 269 steps
Step: 221 -  phi=0.6200000000000002, PE=8.04878694249031e-17 after 307 steps
Step: 222 -  phi=0.6210000000000002, PE=9.784395273824921e-17 after 331 steps
Step: 223 -  phi=0.6220000000000002, PE=9.796342411523804e-17 after 259 steps
Step: 224 -  phi=0.6230000000000002, PE=9.815400464439113e-17 after 249 steps
Step: 225 -  phi=0.6240000000000002, PE=9.665581189218088e-17 after 264 steps
Step: 226 -  phi=0.6250000000000002, PE=8.447278424232876e-17 after 282 steps
Step: 227 -  phi=0.6260000000000002, PE=9.934704593935333e-17 after 276 steps
Step: 228 -  phi=0.6270000000000002, PE=8.081320222183262e-17 after 261 steps
Step: 229 -  phi=0.6280000000000002, PE=6.099971393542725e-17 after 263 steps
Step: 230 -  phi=0.6290000000000002, PE=9.328353307079543e-17 after 251 steps
Step: 231 -  phi=0.6300000000000002, PE=8.001041855575485e-17 after 249 steps
Step: 232 -  phi=0.6310000000000002, PE=9.821814118063996e-17 after 235 steps
Step: 233 -  phi=0.6320000000000002, PE=8.659356334753728e-17 after 274 steps
Step: 234 -  phi=0.6330000000000002, PE=9.600213969477739e-17 after 243 steps
Step: 235 -  phi=0.6340000000000002, PE=8.6735373763095e-17 after 262 steps
Step: 236 -  phi=0.6350000000000002, PE=7.045791261201539e-17 after 284 steps
Step: 237 -  phi=0.6360000000000002, PE=4.3186277037197164e-17 after 326 steps
Step: 238 -  phi=0.6370000000000002, PE=8.045847236420558e-17 after 295 steps
Step: 239 -  phi=0.6380000000000002, PE=7.63062089902247e-17 after 315 steps
Step: 240 -  phi=0.6390000000000002, PE=8.606721421873141e-17 after 310 steps
Step: 241 -  phi=0.6400000000000002, PE=9.993636995525819e-17 after 333 steps
Step: 242 -  phi=0.6410000000000002, PE=7.721468418324994e-17 after 306 steps
Step: 243 -  phi=0.6420000000000002, PE=3.368973101055956e-17 after 268 steps
Step: 244 -  phi=0.6430000000000002, PE=8.278974581658093e-17 after 295 steps
Step: 245 -  phi=0.6440000000000002, PE=7.342905673139834e-17 after 275 steps
Step: 246 -  phi=0.6450000000000002, PE=8.733188396261568e-17 after 290 steps
Step: 247 -  phi=0.6460000000000002, PE=9.297148308023208e-17 after 304 steps
Step: 248 -  phi=0.6470000000000002, PE=8.74976271446231e-17 after 302 steps
Step: 249 -  phi=0.6480000000000002, PE=7.92238398386565e-17 after 351 steps
Step: 250 -  phi=0.6490000000000002, PE=9.488586035855817e-17 after 344 steps
Step: 251 -  phi=0.6500000000000002, PE=9.871519932449974e-17 after 338 steps
Step: 252 -  phi=0.6510000000000002, PE=7.254568695571893e-17 after 320 steps
Step: 253 -  phi=0.6520000000000002, PE=9.119894895099387e-17 after 325 steps
Step: 254 -  phi=0.6530000000000002, PE=9.695299820397799e-17 after 316 steps
Step: 255 -  phi=0.6540000000000002, PE=2.839015894599066e-17 after 307 steps
Step: 256 -  phi=0.6550000000000002, PE=5.70651699655932e-17 after 322 steps
Step: 257 -  phi=0.6560000000000002, PE=7.305080835543022e-17 after 325 steps
Step: 258 -  phi=0.6570000000000003, PE=8.972517221116287e-17 after 329 steps
Step: 259 -  phi=0.6580000000000003, PE=9.741359777721528e-17 after 320 steps
Step: 260 -  phi=0.6590000000000003, PE=8.210240314105589e-17 after 388 steps
Step: 261 -  phi=0.6600000000000003, PE=6.77704805695848e-17 after 350 steps
Step: 262 -  phi=0.6610000000000003, PE=9.624152932971555e-17 after 341 steps
Step: 263 -  phi=0.6620000000000003, PE=9.735660703863597e-17 after 339 steps
Step: 264 -  phi=0.6630000000000003, PE=7.380138901899568e-17 after 346 steps
Step: 265 -  phi=0.6640000000000003, PE=8.118841684825289e-17 after 342 steps
Step: 266 -  phi=0.6650000000000003, PE=9.513184637804854e-17 after 340 steps
Step: 267 -  phi=0.6660000000000003, PE=7.719746864575285e-17 after 360 steps
Step: 268 -  phi=0.6670000000000003, PE=9.762307477496082e-17 after 373 steps
Step: 269 -  phi=0.6680000000000003, PE=8.152906813995702e-17 after 360 steps
Step: 270 -  phi=0.6690000000000003, PE=9.863489103230854e-17 after 341 steps
Step: 271 -  phi=0.6700000000000003, PE=1.7341324575750177e-17 after 368 steps
Step: 272 -  phi=0.6710000000000003, PE=9.893516478215438e-17 after 340 steps
Step: 273 -  phi=0.6720000000000003, PE=5.406290618951324e-17 after 332 steps
Step: 274 -  phi=0.6730000000000003, PE=9.790092921576182e-17 after 356 steps
Step: 275 -  phi=0.6740000000000003, PE=8.126973613227135e-17 after 372 steps
Step: 276 -  phi=0.6750000000000003, PE=9.682202111450643e-17 after 533 steps
Step: 277 -  phi=0.6760000000000003, PE=9.971766571488961e-17 after 438 steps
Step: 278 -  phi=0.6770000000000003, PE=8.81501912324819e-17 after 418 steps
Step: 279 -  phi=0.6780000000000003, PE=9.813365568398177e-17 after 373 steps
Step: 280 -  phi=0.6790000000000003, PE=8.658385251516917e-17 after 373 steps
Step: 281 -  phi=0.6800000000000003, PE=8.908688991932018e-17 after 373 steps
Step: 282 -  phi=0.6810000000000003, PE=7.96474946074034e-17 after 381 steps
Step: 283 -  phi=0.6820000000000003, PE=9.908422570475745e-17 after 382 steps
Step: 284 -  phi=0.6830000000000003, PE=9.328961455534294e-17 after 385 steps
Step: 285 -  phi=0.6840000000000003, PE=9.210827493458294e-17 after 373 steps
Step: 286 -  phi=0.6850000000000003, PE=8.390108089036081e-17 after 399 steps
Step: 287 -  phi=0.6860000000000003, PE=9.855318209641021e-17 after 382 steps
Step: 288 -  phi=0.6870000000000003, PE=9.713283681834742e-17 after 375 steps
Step: 289 -  phi=0.6880000000000003, PE=9.131773675957965e-17 after 366 steps
Step: 290 -  phi=0.6890000000000003, PE=9.997745420947789e-17 after 371 steps
Step: 291 -  phi=0.6900000000000003, PE=2.5880294342761813e-17 after 351 steps
Step: 292 -  phi=0.6910000000000003, PE=8.68382025659762e-17 after 390 steps
Step: 293 -  phi=0.6920000000000003, PE=9.79698871051657e-17 after 389 steps
Step: 294 -  phi=0.6930000000000003, PE=9.40082746617846e-17 after 375 steps
Step: 295 -  phi=0.6940000000000003, PE=9.40656724393713e-17 after 378 steps
Step: 296 -  phi=0.6950000000000003, PE=9.985864952463829e-17 after 354 steps
Step: 297 -  phi=0.6960000000000003, PE=9.526019177340656e-17 after 363 steps
Step: 298 -  phi=0.6970000000000003, PE=9.370682358221355e-17 after 386 steps
Step: 299 -  phi=0.6980000000000003, PE=8.880950638600302e-17 after 401 steps
Step: 300 -  phi=0.6990000000000003, PE=9.663372986678826e-17 after 362 steps
Step: 301 -  phi=0.7000000000000003, PE=8.580164468022437e-17 after 381 steps
Step: 302 -  phi=0.7010000000000003, PE=8.751446019952399e-17 after 369 steps
Step: 303 -  phi=0.7020000000000003, PE=9.60181576866903e-17 after 452 steps
Step: 304 -  phi=0.7030000000000003, PE=9.97499936228301e-17 after 390 steps
Step: 305 -  phi=0.7040000000000003, PE=8.834259716407157e-17 after 404 steps
Step: 306 -  phi=0.7050000000000003, PE=8.742071879770995e-17 after 393 steps
Step: 307 -  phi=0.7060000000000003, PE=5.619913329231201e-17 after 428 steps
Step: 308 -  phi=0.7070000000000003, PE=9.895131685599435e-17 after 410 steps
Step: 309 -  phi=0.7080000000000003, PE=9.531561328275912e-17 after 399 steps
Step: 310 -  phi=0.7090000000000003, PE=5.436698618010702e-17 after 386 steps
Step: 311 -  phi=0.7100000000000003, PE=9.820460881025342e-17 after 399 steps
Step: 312 -  phi=0.7110000000000003, PE=7.945666284050601e-17 after 379 steps
Step: 313 -  phi=0.7120000000000003, PE=9.033685353203064e-17 after 438 steps
Step: 314 -  phi=0.7130000000000003, PE=9.896954680382192e-17 after 417 steps
Step: 315 -  phi=0.7140000000000003, PE=8.70369872884339e-17 after 446 steps
Step: 316 -  phi=0.7150000000000003, PE=9.408660485596673e-17 after 461 steps
Step: 317 -  phi=0.7160000000000003, PE=9.411433505012931e-17 after 515 steps
Step: 318 -  phi=0.7170000000000003, PE=8.271885323611589e-17 after 429 steps
Step: 319 -  phi=0.7180000000000003, PE=9.391907722986547e-17 after 411 steps
Step: 320 -  phi=0.7190000000000003, PE=8.341512672189213e-17 after 395 steps
Step: 321 -  phi=0.7200000000000003, PE=8.101133533217467e-17 after 411 steps
Step: 322 -  phi=0.7210000000000003, PE=8.175585604709637e-17 after 406 steps
Step: 323 -  phi=0.7220000000000003, PE=5.3928480118267473e-17 after 424 steps
Step: 324 -  phi=0.7230000000000003, PE=7.708988649245141e-17 after 434 steps
Step: 325 -  phi=0.7240000000000003, PE=8.717575163707093e-17 after 456 steps
Step: 326 -  phi=0.7250000000000003, PE=9.911705928357995e-17 after 434 steps
Step: 327 -  phi=0.7260000000000003, PE=8.543816879696964e-17 after 450 steps
Step: 328 -  phi=0.7270000000000003, PE=9.673458441331912e-17 after 438 steps
Step: 329 -  phi=0.7280000000000003, PE=9.921259644768344e-17 after 487 steps
Step: 330 -  phi=0.7290000000000003, PE=7.711473778772556e-17 after 402 steps
Step: 331 -  phi=0.7300000000000003, PE=9.781384051756922e-17 after 433 steps
Step: 332 -  phi=0.7310000000000003, PE=9.020883714787357e-17 after 476 steps
Step: 333 -  phi=0.7320000000000003, PE=6.970414309199104e-17 after 385 steps
Step: 334 -  phi=0.7330000000000003, PE=8.799955138342061e-17 after 443 steps
Step: 335 -  phi=0.7340000000000003, PE=9.873655909402922e-17 after 422 steps
Step: 336 -  phi=0.7350000000000003, PE=9.860584046950957e-17 after 451 steps
Step: 337 -  phi=0.7360000000000003, PE=8.618029583136872e-17 after 424 steps
Step: 338 -  phi=0.7370000000000003, PE=7.559931527131512e-17 after 424 steps
Step: 339 -  phi=0.7380000000000003, PE=9.675625366645862e-17 after 460 steps
Step: 340 -  phi=0.7390000000000003, PE=9.311881590382399e-17 after 442 steps
Step: 341 -  phi=0.7400000000000003, PE=9.199977473240775e-17 after 510 steps
Step: 342 -  phi=0.7410000000000003, PE=9.174066423793694e-17 after 474 steps
Step: 343 -  phi=0.7420000000000003, PE=7.587449334746036e-17 after 504 steps
Step: 344 -  phi=0.7430000000000003, PE=9.683516553769683e-17 after 500 steps
Step: 345 -  phi=0.7440000000000003, PE=6.913831265261608e-17 after 491 steps
Step: 346 -  phi=0.7450000000000003, PE=7.978420945808517e-17 after 500 steps
Step: 347 -  phi=0.7460000000000003, PE=9.998521271596588e-17 after 642 steps
Step: 348 -  phi=0.7470000000000003, PE=9.392334175684777e-17 after 587 steps
Step: 349 -  phi=0.7480000000000003, PE=6.42476677383671e-17 after 497 steps
Step: 350 -  phi=0.7490000000000003, PE=9.129800262959522e-17 after 538 steps
Step: 351 -  phi=0.7500000000000003, PE=9.739885356648909e-17 after 702 steps
Step: 352 -  phi=0.7510000000000003, PE=9.883374821808775e-17 after 632 steps
Step: 353 -  phi=0.7520000000000003, PE=9.674631212163433e-17 after 645 steps
Step: 354 -  phi=0.7530000000000003, PE=9.13993664616521e-17 after 692 steps
Step: 355 -  phi=0.7540000000000003, PE=9.191729134373794e-17 after 599 steps
Step: 356 -  phi=0.7550000000000003, PE=9.344417742600106e-17 after 666 steps
Step: 357 -  phi=0.7560000000000003, PE=9.882664095132046e-17 after 572 steps
Step: 358 -  phi=0.7570000000000003, PE=6.48526441393642e-17 after 590 steps
Step: 359 -  phi=0.7580000000000003, PE=9.82636765539977e-17 after 816 steps
Step: 360 -  phi=0.7590000000000003, PE=9.183943088757258e-17 after 604 steps
Step: 361 -  phi=0.7600000000000003, PE=8.103257880393585e-17 after 530 steps
Step: 362 -  phi=0.7610000000000003, PE=7.454002513877776e-17 after 537 steps
Step: 363 -  phi=0.7620000000000003, PE=9.762938090120891e-17 after 538 steps
Step: 364 -  phi=0.7630000000000003, PE=8.421471315720411e-17 after 584 steps
Step: 365 -  phi=0.7640000000000003, PE=9.356983680832656e-17 after 683 steps
Step: 366 -  phi=0.7650000000000003, PE=9.811013761788044e-17 after 584 steps
Step: 367 -  phi=0.7660000000000003, PE=9.471153211207257e-17 after 600 steps
Step: 368 -  phi=0.7670000000000003, PE=8.593339755695152e-17 after 652 steps
Step: 369 -  phi=0.7680000000000003, PE=9.982161184580335e-17 after 802 steps
Step: 370 -  phi=0.7690000000000003, PE=9.806018396365421e-17 after 713 steps
Step: 371 -  phi=0.7700000000000004, PE=9.582404901701647e-17 after 723 steps
Step: 372 -  phi=0.7710000000000004, PE=9.32519491608745e-17 after 1033 steps
Step: 373 -  phi=0.7720000000000004, PE=7.985908664600021e-17 after 810 steps
Step: 374 -  phi=0.7730000000000004, PE=9.861720983583414e-17 after 984 steps
Step: 375 -  phi=0.7740000000000004, PE=8.372132129841976e-17 after 1108 steps
Step: 376 -  phi=0.7750000000000004, PE=9.807522002051059e-17 after 870 steps
Step: 377 -  phi=0.7760000000000004, PE=6.868356101354656e-17 after 790 steps
Step: 378 -  phi=0.7770000000000004, PE=9.717164939987211e-17 after 1172 steps
Step: 379 -  phi=0.7780000000000004, PE=9.557000285366622e-17 after 1146 steps
Step: 380 -  phi=0.7790000000000004, PE=8.219350633245495e-17 after 831 steps
Step: 381 -  phi=0.7800000000000004, PE=9.653416649476812e-17 after 892 steps
Step: 382 -  phi=0.7810000000000004, PE=9.555325983973825e-17 after 1129 steps
Step: 383 -  phi=0.7820000000000004, PE=9.858419242015654e-17 after 1006 steps
Step: 384 -  phi=0.7830000000000004, PE=9.640218075783614e-17 after 1133 steps
Step: 385 -  phi=0.7840000000000004, PE=9.261946874623453e-17 after 1471 steps
Step: 386 -  phi=0.7850000000000004, PE=9.822288589920987e-17 after 1123 steps
Step: 387 -  phi=0.7860000000000004, PE=8.336671814825557e-17 after 897 steps
Step: 388 -  phi=0.7870000000000004, PE=9.989953003523121e-17 after 1184 steps
Step: 389 -  phi=0.7880000000000004, PE=9.954662188237361e-17 after 1351 steps
Step: 390 -  phi=0.7890000000000004, PE=9.435845345112129e-17 after 1889 steps
Step: 391 -  phi=0.7900000000000004, PE=9.581587767589877e-17 after 1629 steps
Step: 392 -  phi=0.7910000000000004, PE=9.9238727283025e-17 after 1463 steps
Step: 393 -  phi=0.7920000000000004, PE=9.145213752200226e-17 after 1745 steps
Step: 394 -  phi=0.7930000000000004, PE=9.698510939664613e-17 after 2080 steps
Step: 395 -  phi=0.7940000000000004, PE=9.502743552411559e-17 after 1768 steps
Step: 396 -  phi=0.7950000000000004, PE=9.921184108983533e-17 after 1500 steps
Step: 397 -  phi=0.7960000000000004, PE=9.801900717718086e-17 after 1509 steps
Step: 398 -  phi=0.7970000000000004, PE=9.317652570894742e-17 after 1621 steps
Step: 399 -  phi=0.7980000000000004, PE=9.890399724776457e-17 after 1996 steps
Step: 400 -  phi=0.7990000000000004, PE=9.723147206886332e-17 after 1931 steps
Step: 401 -  phi=0.8000000000000004, PE=9.724896353276785e-17 after 1965 steps
Step: 402 -  phi=0.8010000000000004, PE=9.875829219141487e-17 after 1714 steps
Step: 403 -  phi=0.8020000000000004, PE=9.297189502703869e-17 after 1507 steps
Step: 404 -  phi=0.8030000000000004, PE=9.638039521156313e-17 after 1687 steps
Step: 405 -  phi=0.8040000000000004, PE=9.863877537478112e-17 after 2385 steps
Step: 406 -  phi=0.8050000000000004, PE=9.857529007172828e-17 after 2203 steps
Step: 407 -  phi=0.8060000000000004, PE=9.923720183198752e-17 after 2193 steps
Step: 408 -  phi=0.8070000000000004, PE=9.69475304005417e-17 after 1989 steps
Step: 409 -  phi=0.8080000000000004, PE=9.950239399749859e-17 after 3340 steps
Step: 410 -  phi=0.8090000000000004, PE=9.806731240337885e-17 after 3068 steps
Step: 411 -  phi=0.8100000000000004, PE=9.866557888228467e-17 after 3743 steps
Step: 412 -  phi=0.8110000000000004, PE=9.998684969075774e-17 after 4979 steps
Step: 413 -  phi=0.8120000000000004, PE=9.987513291533237e-17 after 11907 steps
Step: 414 -  phi=0.8130000000000004, PE=9.986547997631958e-17 after 6744 steps
Step: 415 -  phi=0.8140000000000004, PE=9.682367505216157e-17 after 3613 steps
Step: 416 -  phi=0.8150000000000004, PE=9.884099267178573e-17 after 3727 steps
Step: 417 -  phi=0.8160000000000004, PE=9.957966300724675e-17 after 5308 steps
Step: 418 -  phi=0.8170000000000004, PE=9.986571699390405e-17 after 3523 steps
Step: 419 -  phi=0.8180000000000004, PE=9.732150703273407e-17 after 3923 steps
Step: 420 -  phi=0.8190000000000004, PE=9.954630304695196e-17 after 5559 steps
Step: 421 -  phi=0.8200000000000004, PE=9.96063067341374e-17 after 9886 steps
Step: 422 -  phi=0.8210000000000004, PE=9.892066676743799e-17 after 3983 steps
Step: 423 -  phi=0.8220000000000004, PE=9.944281526531e-17 after 7052 steps
Step: 424 -  phi=0.8230000000000004, PE=9.995224751905678e-17 after 55239 steps
Step: 425 -  phi=0.8240000000000004, PE=9.994972447651213e-17 after 86908 steps
Step: 426 -  phi=0.8250000000000004, PE=5.896925921938443e-10 after 193980 steps
Step: 427 -  phi=0.8245000000000005, PE=4.3338348688554866e-11 after 137939 steps
Step: 428 -  phi=0.8242500000000004, PE=9.996489042533227e-17 after 92774 steps
Step: 429 -  phi=0.8243750000000004, PE=9.990717652240678e-17 after 62890 steps
Step: 430 -  phi=0.8244375000000004, PE=9.998047278518367e-17 after 33506 steps
Step: 431 -  phi=0.8244687500000004, PE=9.998889152911919e-17 after 62511 steps
Step: 432 -  phi=0.8244843750000004, PE=9.99962738052495e-17 after 87933 steps
Step: 433 -  phi=0.8244921875000004, PE=9.998618636581583e-17 after 18217 steps
Step: 434 -  phi=0.8244960937500004, PE=9.999011630213088e-17 after 29287 steps
Step: 435 -  phi=0.8244980468750005, PE=9.997885406530214e-17 after 23822 steps
Step: 436 -  phi=0.8244990234375005, PE=9.999856674943839e-17 after 28379 steps
Step: 437 -  phi=0.8244995117187505, PE=9.999876938953761e-17 after 43291 steps
Step: 438 -  phi=0.8244997558593754, PE=9.999968893712831e-17 after 34294 steps
Step: 439 -  phi=0.8244998779296879, PE=9.999512017528332e-17 after 21005 steps
Step: 440 -  phi=0.8244999389648442, PE=9.998469292943345e-17 after 10942 steps
Step: 441 -  phi=0.8244999694824223, PE=9.998931973431056e-17 after 13158 steps
Step: 442 -  phi=0.8244999847412113, PE=9.999732791765756e-17 after 8661 steps
Step: 443 -  phi=0.8244999923706059, PE=9.999644040070528e-17 after 6656 steps
Step: 444 -  phi=0.8244999961853032, PE=9.999766051889778e-17 after 4815 steps
Step: 445 -  phi=0.8244999980926518, PE=9.999896256130726e-17 after 3472 steps
Step: 446 -  phi=0.8244999990463262, PE=9.99984817069166e-17 after 2473 steps
Step: 447 -  phi=0.8244999995231633, PE=9.99990760160339e-17 after 1751 steps
Step: 448 -  phi=0.8244999997615818, PE=9.999984798539625e-17 after 1242 steps
Step: 449 -  phi=0.8244999998807911, PE=9.999942612444285e-17 after 881 steps
Step: 450 -  phi=0.8244999999403958, PE=9.999985984175747e-17 after 625 steps
Jammed: phi = 0.824500, residual PE = 1.000e-16
