The following modules were not unloaded:
  (Use "module --force purge" to unload all):

  1) StdEnv
sys:1: RuntimeWarning: h5: callable: skipping callable field 'user_pre_step_actions' (<PjitFunction of <function _save_state_system at 0x152c268b7ba0>>); handle explicitly
sys:1: RuntimeWarning: h5: callable: skipping callable field 'user_post_step_actions' (<PjitFunction of <function _save_state_system at 0x152c268b7ba0>>); handle explicitly
/home/rg2248/analysis/summer-26/jam/thomson/jam2d-thomson.py:74: RuntimeWarning: h5: callable: skipping callable field '0' (<function fire.<locals>.init at 0x152b143cb100>); handle explicitly
  save(system, join(data_root, 'system.h5'))
/home/rg2248/analysis/summer-26/jam/thomson/jam2d-thomson.py:74: RuntimeWarning: h5: callable: skipping callable field '1' (<function fire.<locals>.update at 0x152b143cafc0>); handle explicitly
  save(system, join(data_root, 'system.h5'))
Initial minimization took 0 steps.
Step: 1 -  phi=0.40000000000000013, PE=7.877475949960974e-17 after 0 steps
Step: 2 -  phi=0.40100000000000013, PE=0.0 after 80 steps
Step: 3 -  phi=0.40200000000000014, PE=0.0 after 120 steps
Step: 4 -  phi=0.40300000000000014, PE=0.0 after 106 steps
Step: 5 -  phi=0.40400000000000014, PE=9.789742560959294e-17 after 123 steps
Step: 6 -  phi=0.40500000000000014, PE=3.533842172434507e-17 after 106 steps
Step: 7 -  phi=0.40600000000000014, PE=0.0 after 119 steps
Step: 8 -  phi=0.40700000000000014, PE=6.6982622936946365e-19 after 118 steps
Step: 9 -  phi=0.40800000000000014, PE=0.0 after 97 steps
Step: 10 -  phi=0.40900000000000014, PE=0.0 after 112 steps
Step: 11 -  phi=0.41000000000000014, PE=5.4272530758622565e-17 after 138 steps
Step: 12 -  phi=0.41100000000000014, PE=0.0 after 106 steps
Step: 13 -  phi=0.41200000000000014, PE=9.234733676352165e-17 after 166 steps
Step: 14 -  phi=0.41300000000000014, PE=1.8264615743020315e-18 after 131 steps
Step: 15 -  phi=0.41400000000000015, PE=6.3284472492725e-17 after 113 steps
Step: 16 -  phi=0.41500000000000015, PE=0.0 after 115 steps
Step: 17 -  phi=0.41600000000000015, PE=8.408328495705985e-17 after 112 steps
Step: 18 -  phi=0.41700000000000015, PE=0.0 after 110 steps
Step: 19 -  phi=0.41800000000000015, PE=3.009017867813113e-17 after 132 steps
Step: 20 -  phi=0.41900000000000015, PE=0.0 after 105 steps
Step: 21 -  phi=0.42000000000000015, PE=0.0 after 109 steps
Step: 22 -  phi=0.42100000000000015, PE=3.9419243523409654e-17 after 118 steps
Step: 23 -  phi=0.42200000000000015, PE=7.50431911196039e-17 after 128 steps
Step: 24 -  phi=0.42300000000000015, PE=9.353669587096786e-17 after 119 steps
Step: 25 -  phi=0.42400000000000015, PE=0.0 after 118 steps
Step: 26 -  phi=0.42500000000000016, PE=0.0 after 114 steps
Step: 27 -  phi=0.42600000000000016, PE=0.0 after 111 steps
Step: 28 -  phi=0.42700000000000016, PE=0.0 after 110 steps
Step: 29 -  phi=0.42800000000000016, PE=9.529304047662923e-17 after 121 steps
Step: 30 -  phi=0.42900000000000016, PE=3.343966144975459e-17 after 135 steps
Step: 31 -  phi=0.43000000000000016, PE=0.0 after 106 steps
Step: 32 -  phi=0.43100000000000016, PE=0.0 after 106 steps
Step: 33 -  phi=0.43200000000000016, PE=7.203397775864249e-17 after 128 steps
Step: 34 -  phi=0.43300000000000016, PE=0.0 after 111 steps
Step: 35 -  phi=0.43400000000000016, PE=0.0 after 109 steps
Step: 36 -  phi=0.43500000000000016, PE=0.0 after 110 steps
Step: 37 -  phi=0.43600000000000017, PE=0.0 after 110 steps
Step: 38 -  phi=0.43700000000000017, PE=0.0 after 135 steps
Step: 39 -  phi=0.43800000000000017, PE=0.0 after 111 steps
Step: 40 -  phi=0.43900000000000017, PE=6.746977386854238e-17 after 158 steps
Step: 41 -  phi=0.44000000000000017, PE=8.002927059038081e-17 after 195 steps
Step: 42 -  phi=0.44100000000000017, PE=9.940836316589637e-17 after 204 steps
Step: 43 -  phi=0.44200000000000017, PE=0.0 after 120 steps
Step: 44 -  phi=0.44300000000000017, PE=7.210190351728291e-17 after 128 steps
Step: 45 -  phi=0.4440000000000002, PE=0.0 after 118 steps
Step: 46 -  phi=0.4450000000000002, PE=9.429128193626843e-17 after 118 steps
Step: 47 -  phi=0.4460000000000002, PE=0.0 after 106 steps
Step: 48 -  phi=0.4470000000000002, PE=7.642324799462508e-17 after 165 steps
Step: 49 -  phi=0.4480000000000002, PE=0.0 after 101 steps
Step: 50 -  phi=0.4490000000000002, PE=3.974609372315595e-17 after 128 steps
Step: 51 -  phi=0.4500000000000002, PE=6.024040980936913e-17 after 119 steps
Step: 52 -  phi=0.4510000000000002, PE=0.0 after 124 steps
Step: 53 -  phi=0.4520000000000002, PE=9.746779744199366e-17 after 166 steps
Step: 54 -  phi=0.4530000000000002, PE=0.0 after 128 steps
Step: 55 -  phi=0.4540000000000002, PE=0.0 after 110 steps
Step: 56 -  phi=0.4550000000000002, PE=1.4439661304091532e-17 after 129 steps
Step: 57 -  phi=0.4560000000000002, PE=0.0 after 116 steps
Step: 58 -  phi=0.4570000000000002, PE=0.0 after 129 steps
Step: 59 -  phi=0.4580000000000002, PE=0.0 after 136 steps
Step: 60 -  phi=0.4590000000000002, PE=7.221723425037967e-17 after 139 steps
Step: 61 -  phi=0.4600000000000002, PE=0.0 after 122 steps
Step: 62 -  phi=0.4610000000000002, PE=5.863267346669044e-17 after 125 steps
Step: 63 -  phi=0.4620000000000002, PE=0.0 after 122 steps
Step: 64 -  phi=0.4630000000000002, PE=9.245999705323919e-17 after 122 steps
Step: 65 -  phi=0.4640000000000002, PE=3.207019446353545e-17 after 126 steps
Step: 66 -  phi=0.4650000000000002, PE=0.0 after 132 steps
Step: 67 -  phi=0.4660000000000002, PE=5.693366014112582e-17 after 160 steps
Step: 68 -  phi=0.4670000000000002, PE=9.352255292862885e-17 after 158 steps
Step: 69 -  phi=0.4680000000000002, PE=3.99811940533973e-17 after 162 steps
Step: 70 -  phi=0.4690000000000002, PE=0.0 after 137 steps
Step: 71 -  phi=0.4700000000000002, PE=4.154841882779255e-17 after 128 steps
Step: 72 -  phi=0.4710000000000002, PE=0.0 after 129 steps
Step: 73 -  phi=0.4720000000000002, PE=2.3192039438685675e-17 after 136 steps
Step: 74 -  phi=0.4730000000000002, PE=0.0 after 130 steps
Step: 75 -  phi=0.4740000000000002, PE=0.0 after 125 steps
Step: 76 -  phi=0.4750000000000002, PE=0.0 after 129 steps
Step: 77 -  phi=0.4760000000000002, PE=0.0 after 127 steps
Step: 78 -  phi=0.4770000000000002, PE=3.3891178925519162e-18 after 125 steps
Step: 79 -  phi=0.4780000000000002, PE=0.0 after 128 steps
Step: 80 -  phi=0.4790000000000002, PE=5.0800816268726315e-17 after 141 steps
Step: 81 -  phi=0.4800000000000002, PE=0.0 after 126 steps
Step: 82 -  phi=0.4810000000000002, PE=2.6748350029333615e-17 after 130 steps
Step: 83 -  phi=0.4820000000000002, PE=4.7421599603058955e-18 after 128 steps
Step: 84 -  phi=0.4830000000000002, PE=3.748308497034783e-17 after 147 steps
Step: 85 -  phi=0.4840000000000002, PE=4.2770265422232645e-17 after 127 steps
Step: 86 -  phi=0.4850000000000002, PE=1.9691841950421704e-17 after 138 steps
Step: 87 -  phi=0.4860000000000002, PE=8.0764508396073e-17 after 131 steps
Step: 88 -  phi=0.4870000000000002, PE=0.0 after 135 steps
Step: 89 -  phi=0.4880000000000002, PE=5.7125700607434e-17 after 133 steps
Step: 90 -  phi=0.4890000000000002, PE=9.75233344543474e-17 after 132 steps
Step: 91 -  phi=0.4900000000000002, PE=0.0 after 123 steps
Step: 92 -  phi=0.4910000000000002, PE=8.779239571845593e-17 after 130 steps
Step: 93 -  phi=0.4920000000000002, PE=0.0 after 130 steps
Step: 94 -  phi=0.4930000000000002, PE=8.276015675999815e-17 after 170 steps
Step: 95 -  phi=0.4940000000000002, PE=0.0 after 131 steps
Step: 96 -  phi=0.4950000000000002, PE=0.0 after 136 steps
Step: 97 -  phi=0.4960000000000002, PE=9.353962863232087e-18 after 166 steps
Step: 98 -  phi=0.4970000000000002, PE=0.0 after 128 steps
Step: 99 -  phi=0.4980000000000002, PE=0.0 after 146 steps
Step: 100 -  phi=0.4990000000000002, PE=8.911195856477969e-17 after 163 steps
Step: 101 -  phi=0.5000000000000002, PE=0.0 after 135 steps
Step: 102 -  phi=0.5010000000000002, PE=7.204318426549801e-17 after 148 steps
Step: 103 -  phi=0.5020000000000002, PE=8.634648295522671e-17 after 185 steps
Step: 104 -  phi=0.5030000000000002, PE=4.4819319415396106e-17 after 164 steps
Step: 105 -  phi=0.5040000000000002, PE=3.994930531049016e-17 after 142 steps
Step: 106 -  phi=0.5050000000000002, PE=0.0 after 152 steps
Step: 107 -  phi=0.5060000000000002, PE=3.109419595537018e-17 after 141 steps
Step: 108 -  phi=0.5070000000000002, PE=3.791622111075761e-18 after 153 steps
Step: 109 -  phi=0.5080000000000002, PE=8.765520866733762e-17 after 163 steps
Step: 110 -  phi=0.5090000000000002, PE=7.683238051338677e-17 after 141 steps
Step: 111 -  phi=0.5100000000000002, PE=8.538007307613403e-17 after 170 steps
Step: 112 -  phi=0.5110000000000002, PE=7.288189992511038e-17 after 127 steps
Step: 113 -  phi=0.5120000000000002, PE=2.7169537122422772e-18 after 145 steps
Step: 114 -  phi=0.5130000000000002, PE=9.614865456561082e-17 after 191 steps
Step: 115 -  phi=0.5140000000000002, PE=0.0 after 137 steps
Step: 116 -  phi=0.5150000000000002, PE=3.282381037943086e-17 after 158 steps
Step: 117 -  phi=0.5160000000000002, PE=8.411211719286891e-17 after 134 steps
Step: 118 -  phi=0.5170000000000002, PE=0.0 after 140 steps
Step: 119 -  phi=0.5180000000000002, PE=0.0 after 144 steps
Step: 120 -  phi=0.5190000000000002, PE=6.939250069004428e-17 after 132 steps
Step: 121 -  phi=0.5200000000000002, PE=7.627922381541249e-17 after 148 steps
Step: 122 -  phi=0.5210000000000002, PE=8.368767765802538e-17 after 144 steps
Step: 123 -  phi=0.5220000000000002, PE=4.3242268104647234e-17 after 155 steps
Step: 124 -  phi=0.5230000000000002, PE=0.0 after 162 steps
Step: 125 -  phi=0.5240000000000002, PE=0.0 after 153 steps
Step: 126 -  phi=0.5250000000000002, PE=2.5662662310601306e-17 after 159 steps
Step: 127 -  phi=0.5260000000000002, PE=2.959753898625444e-17 after 149 steps
Step: 128 -  phi=0.5270000000000002, PE=1.0630952161008656e-17 after 173 steps
Step: 129 -  phi=0.5280000000000002, PE=3.433792467513141e-19 after 158 steps
Step: 130 -  phi=0.5290000000000002, PE=0.0 after 156 steps
Step: 131 -  phi=0.5300000000000002, PE=0.0 after 146 steps
Step: 132 -  phi=0.5310000000000002, PE=0.0 after 137 steps
Step: 133 -  phi=0.5320000000000003, PE=0.0 after 138 steps
Step: 134 -  phi=0.5330000000000003, PE=0.0 after 146 steps
Step: 135 -  phi=0.5340000000000003, PE=8.867281832914604e-17 after 182 steps
Step: 136 -  phi=0.5350000000000003, PE=0.0 after 152 steps
Step: 137 -  phi=0.5360000000000003, PE=1.7046019827880459e-18 after 150 steps
Step: 138 -  phi=0.5370000000000003, PE=9.169292366320655e-17 after 148 steps
Step: 139 -  phi=0.5380000000000003, PE=1.938350867534664e-17 after 151 steps
Step: 140 -  phi=0.5390000000000003, PE=9.681664584954894e-17 after 159 steps
Step: 141 -  phi=0.5400000000000003, PE=8.897881729200907e-17 after 159 steps
Step: 142 -  phi=0.5410000000000003, PE=0.0 after 150 steps
Step: 143 -  phi=0.5420000000000003, PE=2.5645402729644382e-18 after 144 steps
Step: 144 -  phi=0.5430000000000003, PE=2.1412464865559584e-17 after 145 steps
Step: 145 -  phi=0.5440000000000003, PE=0.0 after 151 steps
Step: 146 -  phi=0.5450000000000003, PE=0.0 after 145 steps
Step: 147 -  phi=0.5460000000000003, PE=7.897182891500618e-17 after 145 steps
Step: 148 -  phi=0.5470000000000003, PE=1.467408795286226e-17 after 155 steps
Step: 149 -  phi=0.5480000000000003, PE=7.329968534077184e-17 after 151 steps
Step: 150 -  phi=0.5490000000000003, PE=0.0 after 139 steps
Step: 151 -  phi=0.5500000000000003, PE=9.77548434254115e-17 after 149 steps
Step: 152 -  phi=0.5510000000000003, PE=0.0 after 141 steps
Step: 153 -  phi=0.5520000000000003, PE=0.0 after 143 steps
Step: 154 -  phi=0.5530000000000003, PE=0.0 after 140 steps
Step: 155 -  phi=0.5540000000000003, PE=6.260334271611505e-17 after 146 steps
Step: 156 -  phi=0.5550000000000003, PE=8.366482282371053e-17 after 187 steps
Step: 157 -  phi=0.5560000000000003, PE=2.3654823039482668e-18 after 162 steps
Step: 158 -  phi=0.5570000000000003, PE=2.988162043056235e-17 after 153 steps
Step: 159 -  phi=0.5580000000000003, PE=6.273784618967622e-17 after 181 steps
Step: 160 -  phi=0.5590000000000003, PE=5.768576637587764e-17 after 162 steps
Step: 161 -  phi=0.5600000000000003, PE=6.505930498113551e-17 after 177 steps
Step: 162 -  phi=0.5610000000000003, PE=0.0 after 147 steps
Step: 163 -  phi=0.5620000000000003, PE=6.041895124096626e-17 after 162 steps
Step: 164 -  phi=0.5630000000000003, PE=0.0 after 149 steps
Step: 165 -  phi=0.5640000000000003, PE=4.277762377738557e-17 after 177 steps
Step: 166 -  phi=0.5650000000000003, PE=9.529218789085787e-17 after 164 steps
Step: 167 -  phi=0.5660000000000003, PE=0.0 after 176 steps
Step: 168 -  phi=0.5670000000000003, PE=5.175170510736884e-17 after 166 steps
Step: 169 -  phi=0.5680000000000003, PE=5.302345675212056e-22 after 177 steps
Step: 170 -  phi=0.5690000000000003, PE=5.660872430881339e-17 after 167 steps
Step: 171 -  phi=0.5700000000000003, PE=8.880899692896838e-17 after 202 steps
Step: 172 -  phi=0.5710000000000003, PE=9.260092073534913e-17 after 208 steps
Step: 173 -  phi=0.5720000000000003, PE=9.728891191256668e-17 after 202 steps
Step: 174 -  phi=0.5730000000000003, PE=4.330729736097256e-17 after 187 steps
Step: 175 -  phi=0.5740000000000003, PE=7.353352593647323e-17 after 204 steps
Step: 176 -  phi=0.5750000000000003, PE=1.297206929367257e-19 after 212 steps
Step: 177 -  phi=0.5760000000000003, PE=4.064697027349698e-18 after 186 steps
Step: 178 -  phi=0.5770000000000003, PE=0.0 after 176 steps
Step: 179 -  phi=0.5780000000000003, PE=9.3951567337979e-17 after 181 steps
Step: 180 -  phi=0.5790000000000003, PE=8.643405037457028e-17 after 184 steps
Step: 181 -  phi=0.5800000000000003, PE=8.603713809044946e-17 after 197 steps
Step: 182 -  phi=0.5810000000000003, PE=0.0 after 168 steps
Step: 183 -  phi=0.5820000000000003, PE=9.283706075003256e-17 after 179 steps
Step: 184 -  phi=0.5830000000000003, PE=6.460742455620089e-17 after 165 steps
Step: 185 -  phi=0.5840000000000003, PE=0.0 after 166 steps
Step: 186 -  phi=0.5850000000000003, PE=3.6250365315604494e-17 after 187 steps
Step: 187 -  phi=0.5860000000000003, PE=0.0 after 157 steps
Step: 188 -  phi=0.5870000000000003, PE=0.0 after 198 steps
Step: 189 -  phi=0.5880000000000003, PE=3.73930027202803e-17 after 204 steps
Step: 190 -  phi=0.5890000000000003, PE=6.105392271603493e-17 after 211 steps
Step: 191 -  phi=0.5900000000000003, PE=4.114421515610986e-17 after 198 steps
Step: 192 -  phi=0.5910000000000003, PE=5.2214134698621346e-17 after 194 steps
Step: 193 -  phi=0.5920000000000003, PE=2.4908427805012653e-17 after 206 steps
Step: 194 -  phi=0.5930000000000003, PE=7.581736677787292e-17 after 196 steps
Step: 195 -  phi=0.5940000000000003, PE=8.591577374721785e-18 after 201 steps
Step: 196 -  phi=0.5950000000000003, PE=2.3162627073645337e-17 after 197 steps
Step: 197 -  phi=0.5960000000000003, PE=9.41380099217352e-17 after 200 steps
Step: 198 -  phi=0.5970000000000003, PE=6.321362204231154e-17 after 185 steps
Step: 199 -  phi=0.5980000000000003, PE=9.36848950051189e-17 after 315 steps
Step: 200 -  phi=0.5990000000000003, PE=6.97977152977524e-17 after 174 steps
Step: 201 -  phi=0.6000000000000003, PE=8.365618540088133e-17 after 217 steps
Step: 202 -  phi=0.6010000000000003, PE=9.673580108528155e-17 after 206 steps
Step: 203 -  phi=0.6020000000000003, PE=9.972837736624466e-17 after 218 steps
Step: 204 -  phi=0.6030000000000003, PE=5.749829539760895e-17 after 247 steps
Step: 205 -  phi=0.6040000000000003, PE=9.675654584572437e-17 after 264 steps
Step: 206 -  phi=0.6050000000000003, PE=4.3160395120258453e-17 after 244 steps
Step: 207 -  phi=0.6060000000000003, PE=9.920093572260393e-17 after 232 steps
Step: 208 -  phi=0.6070000000000003, PE=7.68495543151189e-17 after 182 steps
Step: 209 -  phi=0.6080000000000003, PE=8.833923656510227e-17 after 201 steps
Step: 210 -  phi=0.6090000000000003, PE=8.14849853585726e-17 after 201 steps
Step: 211 -  phi=0.6100000000000003, PE=3.675417333278517e-17 after 178 steps
Step: 212 -  phi=0.6110000000000003, PE=8.346134804078708e-17 after 211 steps
Step: 213 -  phi=0.6120000000000003, PE=9.76955438697074e-17 after 195 steps
Step: 214 -  phi=0.6130000000000003, PE=6.426773828705927e-17 after 198 steps
Step: 215 -  phi=0.6140000000000003, PE=8.644354771785031e-17 after 192 steps
Step: 216 -  phi=0.6150000000000003, PE=7.986128646398327e-17 after 172 steps
Step: 217 -  phi=0.6160000000000003, PE=9.911385938376813e-17 after 197 steps
Step: 218 -  phi=0.6170000000000003, PE=7.720631230222824e-17 after 207 steps
Step: 219 -  phi=0.6180000000000003, PE=5.531356624331389e-17 after 207 steps
Step: 220 -  phi=0.6190000000000003, PE=5.472052109823277e-17 after 182 steps
Step: 221 -  phi=0.6200000000000003, PE=9.986951123617901e-17 after 219 steps
Step: 222 -  phi=0.6210000000000003, PE=4.4246866681899714e-17 after 175 steps
Step: 223 -  phi=0.6220000000000003, PE=4.196789580326729e-17 after 181 steps
Step: 224 -  phi=0.6230000000000003, PE=8.63576143145572e-17 after 178 steps
Step: 225 -  phi=0.6240000000000003, PE=0.0 after 179 steps
Step: 226 -  phi=0.6250000000000003, PE=8.958032775980051e-17 after 210 steps
Step: 227 -  phi=0.6260000000000003, PE=7.754868873014309e-17 after 205 steps
Step: 228 -  phi=0.6270000000000003, PE=0.0 after 201 steps
Step: 229 -  phi=0.6280000000000003, PE=9.007121601652798e-17 after 243 steps
Step: 230 -  phi=0.6290000000000003, PE=9.429679921997778e-17 after 201 steps
Step: 231 -  phi=0.6300000000000003, PE=6.524906829171196e-17 after 192 steps
Step: 232 -  phi=0.6310000000000003, PE=4.829873842744904e-17 after 198 steps
Step: 233 -  phi=0.6320000000000003, PE=6.106738331041804e-17 after 195 steps
Step: 234 -  phi=0.6330000000000003, PE=3.841373329005923e-17 after 197 steps
Step: 235 -  phi=0.6340000000000003, PE=5.248442482880934e-17 after 215 steps
Step: 236 -  phi=0.6350000000000003, PE=0.0 after 197 steps
Step: 237 -  phi=0.6360000000000003, PE=8.685852228010417e-17 after 222 steps
Step: 238 -  phi=0.6370000000000003, PE=8.582999149963683e-17 after 216 steps
Step: 239 -  phi=0.6380000000000003, PE=9.015426861320477e-17 after 208 steps
Step: 240 -  phi=0.6390000000000003, PE=0.0 after 199 steps
Step: 241 -  phi=0.6400000000000003, PE=7.335948386610839e-17 after 207 steps
Step: 242 -  phi=0.6410000000000003, PE=9.179533806430455e-17 after 220 steps
Step: 243 -  phi=0.6420000000000003, PE=9.387278538208568e-17 after 203 steps
Step: 244 -  phi=0.6430000000000003, PE=3.1405883572747155e-17 after 217 steps
Step: 245 -  phi=0.6440000000000003, PE=8.078068347873855e-17 after 268 steps
Step: 246 -  phi=0.6450000000000004, PE=8.640517255053022e-17 after 210 steps
Step: 247 -  phi=0.6460000000000004, PE=8.674240236641377e-17 after 195 steps
Step: 248 -  phi=0.6470000000000004, PE=8.206210297511389e-17 after 210 steps
Step: 249 -  phi=0.6480000000000004, PE=9.262079145659135e-17 after 214 steps
Step: 250 -  phi=0.6490000000000004, PE=5.4015994143263106e-17 after 224 steps
Step: 251 -  phi=0.6500000000000004, PE=5.889212245433075e-17 after 200 steps
Step: 252 -  phi=0.6510000000000004, PE=6.458068413154557e-17 after 200 steps
Step: 253 -  phi=0.6520000000000004, PE=6.855932128399597e-17 after 212 steps
Step: 254 -  phi=0.6530000000000004, PE=1.798836320875342e-17 after 192 steps
Step: 255 -  phi=0.6540000000000004, PE=4.713665036577198e-17 after 194 steps
Step: 256 -  phi=0.6550000000000004, PE=0.0 after 194 steps
Step: 257 -  phi=0.6560000000000004, PE=8.399152089884288e-17 after 213 steps
Step: 258 -  phi=0.6570000000000004, PE=8.369753287365628e-17 after 218 steps
Step: 259 -  phi=0.6580000000000004, PE=9.491240047620804e-17 after 252 steps
Step: 260 -  phi=0.6590000000000004, PE=9.433382932760441e-17 after 204 steps
Step: 261 -  phi=0.6600000000000004, PE=2.5483932809281402e-17 after 190 steps
Step: 262 -  phi=0.6610000000000004, PE=9.98295815914176e-17 after 215 steps
Step: 263 -  phi=0.6620000000000004, PE=6.613460919198819e-17 after 223 steps
Step: 264 -  phi=0.6630000000000004, PE=6.873111171069968e-17 after 232 steps
Step: 265 -  phi=0.6640000000000004, PE=8.994493353718906e-17 after 214 steps
Step: 266 -  phi=0.6650000000000004, PE=6.715722560982909e-17 after 235 steps
Step: 267 -  phi=0.6660000000000004, PE=0.0 after 207 steps
Step: 268 -  phi=0.6670000000000004, PE=0.0 after 229 steps
Step: 269 -  phi=0.6680000000000004, PE=7.55357840271764e-17 after 227 steps
Step: 270 -  phi=0.6690000000000004, PE=2.192032194606897e-17 after 228 steps
Step: 271 -  phi=0.6700000000000004, PE=8.082409059401796e-17 after 202 steps
Step: 272 -  phi=0.6710000000000004, PE=9.906214139876969e-17 after 224 steps
Step: 273 -  phi=0.6720000000000004, PE=9.465620926239569e-17 after 250 steps
Step: 274 -  phi=0.6730000000000004, PE=7.746081586156944e-17 after 235 steps
Step: 275 -  phi=0.6740000000000004, PE=8.823495912823592e-17 after 258 steps
Step: 276 -  phi=0.6750000000000004, PE=1.5396020704692627e-17 after 255 steps
Step: 277 -  phi=0.6760000000000004, PE=9.319444545800997e-17 after 281 steps
Step: 278 -  phi=0.6770000000000004, PE=7.59345652938829e-17 after 246 steps
Step: 279 -  phi=0.6780000000000004, PE=5.49447781636918e-17 after 227 steps
Step: 280 -  phi=0.6790000000000004, PE=9.619668113311386e-17 after 246 steps
Step: 281 -  phi=0.6800000000000004, PE=9.248976920040299e-17 after 340 steps
Step: 282 -  phi=0.6810000000000004, PE=3.778182087496692e-17 after 254 steps
Step: 283 -  phi=0.6820000000000004, PE=6.902030485978321e-17 after 235 steps
Step: 284 -  phi=0.6830000000000004, PE=7.108549272396313e-17 after 249 steps
Step: 285 -  phi=0.6840000000000004, PE=6.758004277654244e-17 after 229 steps
Step: 286 -  phi=0.6850000000000004, PE=9.512424407244524e-17 after 285 steps
Step: 287 -  phi=0.6860000000000004, PE=3.071684441946408e-17 after 268 steps
Step: 288 -  phi=0.6870000000000004, PE=6.010547253974326e-17 after 239 steps
Step: 289 -  phi=0.6880000000000004, PE=8.111694408370241e-17 after 292 steps
Step: 290 -  phi=0.6890000000000004, PE=1.1134289087877564e-17 after 262 steps
Step: 291 -  phi=0.6900000000000004, PE=9.245062535396862e-17 after 254 steps
Step: 292 -  phi=0.6910000000000004, PE=8.12391325542502e-17 after 258 steps
Step: 293 -  phi=0.6920000000000004, PE=5.966445592364828e-17 after 246 steps
Step: 294 -  phi=0.6930000000000004, PE=9.851518280964702e-17 after 262 steps
Step: 295 -  phi=0.6940000000000004, PE=7.898037916457341e-17 after 239 steps
Step: 296 -  phi=0.6950000000000004, PE=9.080015752953839e-17 after 270 steps
Step: 297 -  phi=0.6960000000000004, PE=5.580219228030415e-18 after 231 steps
Step: 298 -  phi=0.6970000000000004, PE=6.536288493591935e-17 after 233 steps
Step: 299 -  phi=0.6980000000000004, PE=5.728244362293859e-17 after 262 steps
Step: 300 -  phi=0.6990000000000004, PE=7.5720383147111e-17 after 248 steps
Step: 301 -  phi=0.7000000000000004, PE=7.359790866753042e-17 after 237 steps
Step: 302 -  phi=0.7010000000000004, PE=8.581839874078783e-17 after 254 steps
Step: 303 -  phi=0.7020000000000004, PE=9.386644981095849e-17 after 272 steps
Step: 304 -  phi=0.7030000000000004, PE=6.821549623330423e-17 after 237 steps
Step: 305 -  phi=0.7040000000000004, PE=8.779153478360949e-17 after 266 steps
Step: 306 -  phi=0.7050000000000004, PE=9.868808222934719e-17 after 257 steps
Step: 307 -  phi=0.7060000000000004, PE=9.77490684670614e-17 after 252 steps
Step: 308 -  phi=0.7070000000000004, PE=2.475218399046048e-17 after 244 steps
Step: 309 -  phi=0.7080000000000004, PE=5.666573990630833e-17 after 241 steps
Step: 310 -  phi=0.7090000000000004, PE=8.972957087056946e-17 after 247 steps
Step: 311 -  phi=0.7100000000000004, PE=3.895709570715175e-17 after 235 steps
Step: 312 -  phi=0.7110000000000004, PE=8.61331611805545e-17 after 282 steps
Step: 313 -  phi=0.7120000000000004, PE=8.347481308428271e-17 after 286 steps
Step: 314 -  phi=0.7130000000000004, PE=8.580947601355602e-17 after 247 steps
Step: 315 -  phi=0.7140000000000004, PE=9.481830864378703e-17 after 253 steps
Step: 316 -  phi=0.7150000000000004, PE=5.23884345437995e-17 after 261 steps
Step: 317 -  phi=0.7160000000000004, PE=4.730684394339876e-17 after 261 steps
Step: 318 -  phi=0.7170000000000004, PE=9.080526072918812e-17 after 278 steps
Step: 319 -  phi=0.7180000000000004, PE=6.469412701560523e-17 after 256 steps
Step: 320 -  phi=0.7190000000000004, PE=9.123765711617125e-17 after 252 steps
Step: 321 -  phi=0.7200000000000004, PE=9.953137245101987e-17 after 281 steps
Step: 322 -  phi=0.7210000000000004, PE=4.737632548200579e-17 after 283 steps
Step: 323 -  phi=0.7220000000000004, PE=9.290080914361023e-17 after 292 steps
Step: 324 -  phi=0.7230000000000004, PE=9.786599273763982e-17 after 314 steps
Step: 325 -  phi=0.7240000000000004, PE=9.155767249065681e-17 after 282 steps
Step: 326 -  phi=0.7250000000000004, PE=9.948994380542314e-17 after 269 steps
Step: 327 -  phi=0.7260000000000004, PE=6.104615647054137e-17 after 288 steps
Step: 328 -  phi=0.7270000000000004, PE=9.937948667253014e-17 after 307 steps
Step: 329 -  phi=0.7280000000000004, PE=9.663609584818387e-17 after 298 steps
Step: 330 -  phi=0.7290000000000004, PE=8.040332989079564e-17 after 288 steps
Step: 331 -  phi=0.7300000000000004, PE=8.934190401181448e-17 after 306 steps
Step: 332 -  phi=0.7310000000000004, PE=8.231494243665638e-17 after 282 steps
Step: 333 -  phi=0.7320000000000004, PE=7.551121183562232e-17 after 279 steps
Step: 334 -  phi=0.7330000000000004, PE=8.64742047696927e-17 after 282 steps
Step: 335 -  phi=0.7340000000000004, PE=8.956182690587174e-17 after 287 steps
Step: 336 -  phi=0.7350000000000004, PE=9.774717953178655e-17 after 296 steps
Step: 337 -  phi=0.7360000000000004, PE=6.437174594967744e-17 after 269 steps
Step: 338 -  phi=0.7370000000000004, PE=9.462894268051817e-17 after 302 steps
Step: 339 -  phi=0.7380000000000004, PE=7.34680165408922e-17 after 303 steps
Step: 340 -  phi=0.7390000000000004, PE=6.309203662975676e-17 after 284 steps
Step: 341 -  phi=0.7400000000000004, PE=8.713860047635445e-17 after 308 steps
Step: 342 -  phi=0.7410000000000004, PE=9.432810715564853e-17 after 284 steps
Step: 343 -  phi=0.7420000000000004, PE=8.017653488692522e-17 after 324 steps
Step: 344 -  phi=0.7430000000000004, PE=8.766141082777717e-17 after 293 steps
Step: 345 -  phi=0.7440000000000004, PE=9.191068190249132e-17 after 281 steps
Step: 346 -  phi=0.7450000000000004, PE=9.967297212010641e-17 after 304 steps
Step: 347 -  phi=0.7460000000000004, PE=6.945907063353947e-17 after 341 steps
Step: 348 -  phi=0.7470000000000004, PE=9.162427857140324e-17 after 349 steps
Step: 349 -  phi=0.7480000000000004, PE=9.577169676716277e-17 after 293 steps
Step: 350 -  phi=0.7490000000000004, PE=8.523574291149377e-17 after 318 steps
Step: 351 -  phi=0.7500000000000004, PE=9.891878025665822e-17 after 357 steps
Step: 352 -  phi=0.7510000000000004, PE=9.252330979797692e-17 after 308 steps
Step: 353 -  phi=0.7520000000000004, PE=9.805086905053181e-17 after 308 steps
Step: 354 -  phi=0.7530000000000004, PE=8.2089345921622e-17 after 311 steps
Step: 355 -  phi=0.7540000000000004, PE=8.771764650999372e-17 after 319 steps
Step: 356 -  phi=0.7550000000000004, PE=8.485273066955284e-17 after 318 steps
Step: 357 -  phi=0.7560000000000004, PE=8.706979521052641e-17 after 357 steps
Step: 358 -  phi=0.7570000000000005, PE=9.528425356225685e-17 after 334 steps
Step: 359 -  phi=0.7580000000000005, PE=4.6723648237902913e-17 after 329 steps
Step: 360 -  phi=0.7590000000000005, PE=7.198788510273324e-17 after 329 steps
Step: 361 -  phi=0.7600000000000005, PE=7.848345286832356e-17 after 350 steps
Step: 362 -  phi=0.7610000000000005, PE=9.987616900847774e-17 after 375 steps
Step: 363 -  phi=0.7620000000000005, PE=8.747066575116012e-17 after 334 steps
Step: 364 -  phi=0.7630000000000005, PE=7.205219693902716e-17 after 378 steps
Step: 365 -  phi=0.7640000000000005, PE=9.526678227690363e-17 after 349 steps
Step: 366 -  phi=0.7650000000000005, PE=8.112466893016577e-17 after 378 steps
Step: 367 -  phi=0.7660000000000005, PE=9.851849891354135e-17 after 352 steps
Step: 368 -  phi=0.7670000000000005, PE=5.94095323736208e-17 after 377 steps
Step: 369 -  phi=0.7680000000000005, PE=8.915566239971523e-17 after 387 steps
Step: 370 -  phi=0.7690000000000005, PE=3.893368348238277e-17 after 363 steps
Step: 371 -  phi=0.7700000000000005, PE=8.647490592856086e-17 after 374 steps
Step: 372 -  phi=0.7710000000000005, PE=9.971828500577659e-17 after 376 steps
Step: 373 -  phi=0.7720000000000005, PE=8.630187178979569e-17 after 393 steps
Step: 374 -  phi=0.7730000000000005, PE=9.409310166636044e-17 after 372 steps
Step: 375 -  phi=0.7740000000000005, PE=9.636443133965444e-17 after 408 steps
Step: 376 -  phi=0.7750000000000005, PE=9.098291123472484e-17 after 376 steps
Step: 377 -  phi=0.7760000000000005, PE=9.876964951008961e-17 after 374 steps
Step: 378 -  phi=0.7770000000000005, PE=5.3347984195284784e-17 after 368 steps
Step: 379 -  phi=0.7780000000000005, PE=8.964840140523515e-17 after 384 steps
Step: 380 -  phi=0.7790000000000005, PE=9.797999582385775e-17 after 370 steps
Step: 381 -  phi=0.7800000000000005, PE=9.554416476961099e-17 after 399 steps
Step: 382 -  phi=0.7810000000000005, PE=6.562105785324904e-17 after 384 steps
Step: 383 -  phi=0.7820000000000005, PE=7.895580172381875e-17 after 391 steps
Step: 384 -  phi=0.7830000000000005, PE=8.110126445929736e-17 after 383 steps
Step: 385 -  phi=0.7840000000000005, PE=9.28904754463309e-17 after 407 steps
Step: 386 -  phi=0.7850000000000005, PE=9.887709871665273e-17 after 404 steps
Step: 387 -  phi=0.7860000000000005, PE=9.562219714017939e-17 after 425 steps
Step: 388 -  phi=0.7870000000000005, PE=9.4074382557704e-17 after 440 steps
Step: 389 -  phi=0.7880000000000005, PE=4.9851495298921424e-17 after 391 steps
Step: 390 -  phi=0.7890000000000005, PE=9.934370694876634e-17 after 443 steps
Step: 391 -  phi=0.7900000000000005, PE=7.784074863666237e-17 after 419 steps
Step: 392 -  phi=0.7910000000000005, PE=9.767231694955396e-17 after 421 steps
Step: 393 -  phi=0.7920000000000005, PE=7.941476260916854e-17 after 412 steps
Step: 394 -  phi=0.7930000000000005, PE=9.86629931599573e-17 after 403 steps
Step: 395 -  phi=0.7940000000000005, PE=9.741140237138441e-17 after 462 steps
Step: 396 -  phi=0.7950000000000005, PE=9.925807022762816e-17 after 458 steps
Step: 397 -  phi=0.7960000000000005, PE=9.93284394095499e-17 after 404 steps
Step: 398 -  phi=0.7970000000000005, PE=9.646675443159405e-17 after 441 steps
Step: 399 -  phi=0.7980000000000005, PE=9.223723564977509e-17 after 487 steps
Step: 400 -  phi=0.7990000000000005, PE=9.952217109809866e-17 after 444 steps
Step: 401 -  phi=0.8000000000000005, PE=9.857813335969222e-17 after 461 steps
Step: 402 -  phi=0.8010000000000005, PE=8.997874133882245e-17 after 438 steps
Step: 403 -  phi=0.8020000000000005, PE=8.791750785677855e-17 after 472 steps
Step: 404 -  phi=0.8030000000000005, PE=9.535300205414218e-17 after 472 steps
Step: 405 -  phi=0.8040000000000005, PE=8.826107764513263e-17 after 455 steps
Step: 406 -  phi=0.8050000000000005, PE=8.772942646616083e-17 after 473 steps
Step: 407 -  phi=0.8060000000000005, PE=6.749537642606463e-17 after 471 steps
Step: 408 -  phi=0.8070000000000005, PE=7.58000149767613e-17 after 521 steps
Step: 409 -  phi=0.8080000000000005, PE=9.634638778696457e-17 after 534 steps
Step: 410 -  phi=0.8090000000000005, PE=9.549363841280638e-17 after 523 steps
Step: 411 -  phi=0.8100000000000005, PE=9.520262553445072e-17 after 494 steps
Step: 412 -  phi=0.8110000000000005, PE=8.55865739346467e-17 after 513 steps
Step: 413 -  phi=0.8120000000000005, PE=9.427614679727001e-17 after 487 steps
Step: 414 -  phi=0.8130000000000005, PE=9.592039318412019e-17 after 497 steps
Step: 415 -  phi=0.8140000000000005, PE=8.587495215952508e-17 after 520 steps
Step: 416 -  phi=0.8150000000000005, PE=9.69552915298975e-17 after 493 steps
Step: 417 -  phi=0.8160000000000005, PE=9.669887374251566e-17 after 594 steps
Step: 418 -  phi=0.8170000000000005, PE=9.954223293830404e-17 after 559 steps
Step: 419 -  phi=0.8180000000000005, PE=9.095110652687376e-17 after 508 steps
Step: 420 -  phi=0.8190000000000005, PE=4.925164115460705e-17 after 467 steps
Step: 421 -  phi=0.8200000000000005, PE=8.602274596355574e-17 after 474 steps
Step: 422 -  phi=0.8210000000000005, PE=9.64645316327608e-17 after 480 steps
Step: 423 -  phi=0.8220000000000005, PE=9.300520644139471e-17 after 556 steps
Step: 424 -  phi=0.8230000000000005, PE=8.987659723356095e-17 after 504 steps
Step: 425 -  phi=0.8240000000000005, PE=7.705071288450611e-17 after 498 steps
Step: 426 -  phi=0.8250000000000005, PE=7.57473163422229e-17 after 535 steps
Step: 427 -  phi=0.8260000000000005, PE=8.476974184334001e-17 after 506 steps
Step: 428 -  phi=0.8270000000000005, PE=9.218398974394786e-17 after 542 steps
Step: 429 -  phi=0.8280000000000005, PE=8.861032328355201e-17 after 541 steps
Step: 430 -  phi=0.8290000000000005, PE=9.848083015855734e-17 after 853 steps
Step: 431 -  phi=0.8300000000000005, PE=8.482322002748583e-17 after 679 steps
Step: 432 -  phi=0.8310000000000005, PE=9.255144691797823e-17 after 830 steps
Step: 433 -  phi=0.8320000000000005, PE=8.746920185377078e-17 after 619 steps
Step: 434 -  phi=0.8330000000000005, PE=8.4027196136922e-17 after 734 steps
Step: 435 -  phi=0.8340000000000005, PE=6.493577187585504e-17 after 691 steps
Step: 436 -  phi=0.8350000000000005, PE=9.188362722138354e-17 after 729 steps
Step: 437 -  phi=0.8360000000000005, PE=6.577940395154016e-17 after 803 steps
Step: 438 -  phi=0.8370000000000005, PE=8.444277815012972e-17 after 832 steps
Step: 439 -  phi=0.8380000000000005, PE=8.336473532234996e-17 after 933 steps
Step: 440 -  phi=0.8390000000000005, PE=9.844425424439137e-17 after 900 steps
Step: 441 -  phi=0.8400000000000005, PE=9.239657831899921e-17 after 956 steps
Step: 442 -  phi=0.8410000000000005, PE=7.32503382350426e-17 after 797 steps
Step: 443 -  phi=0.8420000000000005, PE=8.939526607975552e-17 after 1014 steps
Step: 444 -  phi=0.8430000000000005, PE=9.892499891152946e-17 after 1321 steps
Step: 445 -  phi=0.8440000000000005, PE=9.626697308417146e-17 after 1257 steps
Step: 446 -  phi=0.8450000000000005, PE=9.624768127812264e-17 after 1930 steps
Step: 447 -  phi=0.8460000000000005, PE=9.880538173313812e-17 after 2044 steps
Step: 448 -  phi=0.8470000000000005, PE=9.771100004665521e-17 after 2144 steps
Step: 449 -  phi=0.8480000000000005, PE=9.788163681934171e-17 after 2832 steps
Step: 450 -  phi=0.8490000000000005, PE=9.76063014859499e-17 after 2200 steps
Step: 451 -  phi=0.8500000000000005, PE=9.998788689645743e-17 after 3088 steps
Step: 452 -  phi=0.8510000000000005, PE=9.446580729214548e-17 after 3606 steps
Step: 453 -  phi=0.8520000000000005, PE=9.795643695845874e-17 after 4318 steps
Step: 454 -  phi=0.8530000000000005, PE=9.639773163392836e-17 after 2748 steps
Step: 455 -  phi=0.8540000000000005, PE=9.814486490481622e-17 after 3858 steps
Step: 456 -  phi=0.8550000000000005, PE=9.902363885316286e-17 after 5362 steps
Step: 457 -  phi=0.8560000000000005, PE=9.938189442106884e-17 after 7403 steps
Step: 458 -  phi=0.8570000000000005, PE=9.978013353400804e-17 after 10452 steps
Step: 459 -  phi=0.8580000000000005, PE=9.979364290271771e-17 after 15346 steps
Step: 460 -  phi=0.8590000000000005, PE=9.959577028778142e-17 after 16952 steps
Step: 461 -  phi=0.8600000000000005, PE=9.997492731046717e-17 after 71639 steps
Step: 462 -  phi=0.8610000000000005, PE=9.999360849210153e-17 after 100710 steps
Step: 463 -  phi=0.8620000000000005, PE=1.0258362295178015e-10 after 313776 steps
Step: 464 -  phi=0.8615000000000006, PE=1.397816813165793e-10 after 170018 steps
Step: 465 -  phi=0.8612500000000005, PE=9.993837194591715e-17 after 63707 steps
Step: 466 -  phi=0.8613750000000006, PE=9.993487524315437e-17 after 128789 steps
Step: 467 -  phi=0.8614375000000005, PE=9.999734124697146e-17 after 166730 steps
Step: 468 -  phi=0.8614687500000006, PE=9.999809453871505e-17 after 102082 steps
Step: 469 -  phi=0.8614843750000005, PE=9.999554601804478e-17 after 83602 steps
Step: 470 -  phi=0.8614921875000006, PE=9.997878805327981e-17 after 89406 steps
Step: 471 -  phi=0.8614960937500006, PE=9.999829947699707e-17 after 32341 steps
Step: 472 -  phi=0.8614980468750006, PE=9.995876661401187e-17 after 29185 steps
Step: 473 -  phi=0.8614990234375006, PE=9.997951435394877e-17 after 10960 steps
Step: 474 -  phi=0.8614995117187506, PE=9.998436605447021e-17 after 14120 steps
Step: 475 -  phi=0.8614997558593755, PE=9.989995588740069e-17 after 7881 steps
Step: 476 -  phi=0.8614998779296881, PE=9.992886759843155e-17 after 6807 steps
Step: 477 -  phi=0.8614999389648443, PE=9.995773672041377e-17 after 5695 steps
Step: 478 -  phi=0.8614999694824225, PE=9.99941559570183e-17 after 4583 steps
Step: 479 -  phi=0.8614999847412115, PE=9.999663101796717e-17 after 3467 steps
Step: 480 -  phi=0.861499992370606, PE=9.99847165988946e-17 after 2599 steps
Step: 481 -  phi=0.8614999961853034, PE=9.999620030771887e-17 after 1882 steps
Step: 482 -  phi=0.861499998092652, PE=9.99998927664258e-17 after 1360 steps
Step: 483 -  phi=0.8614999990463263, PE=9.999357922667446e-17 after 973 steps
Step: 484 -  phi=0.8614999995231635, PE=9.999552091017931e-17 after 692 steps
Step: 485 -  phi=0.861499999761582, PE=9.999879427653249e-17 after 493 steps
Step: 486 -  phi=0.8614999998807913, PE=9.999953024844198e-17 after 354 steps
Step: 487 -  phi=0.8614999999403959, PE=9.999918521208583e-17 after 256 steps
Jammed: phi = 0.861500, residual PE = 1.000e-16
