The following modules were not unloaded:
  (Use "module --force purge" to unload all):

  1) StdEnv
E0627 15:20:41.615111 1161053 numa_hwloc.cc:121] Call to hwloc_set_cpubind() failed: Invalid argument [22]
sys:1: RuntimeWarning: h5: callable: skipping callable field 'user_pre_step_actions' (<PjitFunction of <function _save_state_system at 0x1549f0847ba0>>); handle explicitly
sys:1: RuntimeWarning: h5: callable: skipping callable field 'user_post_step_actions' (<PjitFunction of <function _save_state_system at 0x1549f0847ba0>>); handle explicitly
/home/rg2248/analysis/summer-26/jam/thomson/jam2d-thomson.py:74: RuntimeWarning: h5: callable: skipping callable field '0' (<function fire.<locals>.init at 0x1548dc0ff100>); handle explicitly
  save(system, join(data_root, 'system.h5'))
/home/rg2248/analysis/summer-26/jam/thomson/jam2d-thomson.py:74: RuntimeWarning: h5: callable: skipping callable field '1' (<function fire.<locals>.update at 0x1548dc0fefc0>); handle explicitly
  save(system, join(data_root, 'system.h5'))
Initial minimization took 0 steps.
Step: 1 -  phi=0.4000000000000001, PE=0.0 after 0 steps
Step: 2 -  phi=0.4010000000000001, PE=0.0 after 108 steps
Step: 3 -  phi=0.4020000000000001, PE=1.9509164090207194e-17 after 115 steps
Step: 4 -  phi=0.4030000000000001, PE=9.185360970785671e-17 after 169 steps
Step: 5 -  phi=0.4040000000000001, PE=0.0 after 100 steps
Step: 6 -  phi=0.4050000000000001, PE=7.918334173674366e-17 after 177 steps
Step: 7 -  phi=0.4060000000000001, PE=0.0 after 101 steps
Step: 8 -  phi=0.4070000000000001, PE=7.083699387550847e-18 after 126 steps
Step: 9 -  phi=0.4080000000000001, PE=0.0 after 108 steps
Step: 10 -  phi=0.4090000000000001, PE=5.130346347995584e-17 after 141 steps
Step: 11 -  phi=0.4100000000000001, PE=8.667214788058032e-17 after 125 steps
Step: 12 -  phi=0.4110000000000001, PE=7.845055439895844e-17 after 127 steps
Step: 13 -  phi=0.4120000000000001, PE=9.596314683414307e-17 after 122 steps
Step: 14 -  phi=0.4130000000000001, PE=0.0 after 114 steps
Step: 15 -  phi=0.4140000000000001, PE=4.802052338794454e-17 after 151 steps
Step: 16 -  phi=0.4150000000000001, PE=0.0 after 101 steps
Step: 17 -  phi=0.4160000000000001, PE=7.196696596434732e-17 after 112 steps
Step: 18 -  phi=0.4170000000000001, PE=5.195140162492034e-17 after 108 steps
Step: 19 -  phi=0.4180000000000001, PE=8.042082750651041e-17 after 160 steps
Step: 20 -  phi=0.4190000000000001, PE=4.884817226823605e-17 after 101 steps
Step: 21 -  phi=0.4200000000000001, PE=7.53424738030962e-17 after 111 steps
Step: 22 -  phi=0.4210000000000001, PE=0.0 after 109 steps
Step: 23 -  phi=0.4220000000000001, PE=8.629379239130376e-17 after 114 steps
Step: 24 -  phi=0.4230000000000001, PE=0.0 after 105 steps
Step: 25 -  phi=0.4240000000000001, PE=4.199930522248963e-18 after 136 steps
Step: 26 -  phi=0.4250000000000001, PE=6.149781254308258e-17 after 107 steps
Step: 27 -  phi=0.4260000000000001, PE=5.169616972586344e-17 after 125 steps
Step: 28 -  phi=0.4270000000000001, PE=8.924389903603922e-17 after 185 steps
Step: 29 -  phi=0.4280000000000001, PE=2.5889502440477912e-17 after 103 steps
Step: 30 -  phi=0.4290000000000001, PE=0.0 after 102 steps
Step: 31 -  phi=0.4300000000000001, PE=0.0 after 116 steps
Step: 32 -  phi=0.4310000000000001, PE=0.0 after 103 steps
Step: 33 -  phi=0.4320000000000001, PE=0.0 after 109 steps
Step: 34 -  phi=0.4330000000000001, PE=7.276298565641927e-17 after 93 steps
Step: 35 -  phi=0.4340000000000001, PE=0.0 after 101 steps
Step: 36 -  phi=0.4350000000000001, PE=0.0 after 103 steps
Step: 37 -  phi=0.4360000000000001, PE=2.5223204605011745e-17 after 109 steps
Step: 38 -  phi=0.4370000000000001, PE=4.2825448691088734e-17 after 116 steps
Step: 39 -  phi=0.4380000000000001, PE=9.240689720686134e-17 after 127 steps
Step: 40 -  phi=0.4390000000000001, PE=0.0 after 100 steps
Step: 41 -  phi=0.4400000000000001, PE=0.0 after 110 steps
Step: 42 -  phi=0.4410000000000001, PE=9.240538992039396e-17 after 166 steps
Step: 43 -  phi=0.4420000000000001, PE=8.79303106496656e-17 after 151 steps
Step: 44 -  phi=0.4430000000000001, PE=0.0 after 104 steps
Step: 45 -  phi=0.4440000000000001, PE=9.36734200835305e-17 after 107 steps
Step: 46 -  phi=0.4450000000000001, PE=0.0 after 103 steps
Step: 47 -  phi=0.4460000000000001, PE=0.0 after 104 steps
Step: 48 -  phi=0.4470000000000001, PE=8.059257432257346e-17 after 133 steps
Step: 49 -  phi=0.4480000000000001, PE=2.0131657513883977e-17 after 115 steps
Step: 50 -  phi=0.4490000000000001, PE=0.0 after 112 steps
Step: 51 -  phi=0.4500000000000001, PE=0.0 after 105 steps
Step: 52 -  phi=0.4510000000000001, PE=0.0 after 108 steps
Step: 53 -  phi=0.4520000000000001, PE=0.0 after 95 steps
Step: 54 -  phi=0.4530000000000001, PE=0.0 after 102 steps
Step: 55 -  phi=0.4540000000000001, PE=0.0 after 101 steps
Step: 56 -  phi=0.4550000000000001, PE=8.588785703827052e-17 after 102 steps
Step: 57 -  phi=0.4560000000000001, PE=0.0 after 95 steps
Step: 58 -  phi=0.45700000000000013, PE=3.894524852857528e-17 after 126 steps
Step: 59 -  phi=0.45800000000000013, PE=9.694551026286553e-17 after 106 steps
Step: 60 -  phi=0.45900000000000013, PE=0.0 after 103 steps
Step: 61 -  phi=0.46000000000000013, PE=7.434248352125928e-19 after 99 steps
Step: 62 -  phi=0.46100000000000013, PE=0.0 after 107 steps
Step: 63 -  phi=0.46200000000000013, PE=0.0 after 108 steps
Step: 64 -  phi=0.46300000000000013, PE=8.917909502716318e-17 after 115 steps
Step: 65 -  phi=0.46400000000000013, PE=0.0 after 114 steps
Step: 66 -  phi=0.46500000000000014, PE=3.050956713858719e-17 after 102 steps
Step: 67 -  phi=0.46600000000000014, PE=9.799557458688676e-17 after 136 steps
Step: 68 -  phi=0.46700000000000014, PE=0.0 after 102 steps
Step: 69 -  phi=0.46800000000000014, PE=8.550411731913432e-18 after 111 steps
Step: 70 -  phi=0.46900000000000014, PE=0.0 after 106 steps
Step: 71 -  phi=0.47000000000000014, PE=8.768167329912256e-17 after 129 steps
Step: 72 -  phi=0.47100000000000014, PE=1.6896012216439776e-17 after 109 steps
Step: 73 -  phi=0.47200000000000014, PE=0.0 after 99 steps
Step: 74 -  phi=0.47300000000000014, PE=5.349010375594952e-17 after 106 steps
Step: 75 -  phi=0.47400000000000014, PE=0.0 after 107 steps
Step: 76 -  phi=0.47500000000000014, PE=9.041427212827158e-17 after 127 steps
Step: 77 -  phi=0.47600000000000015, PE=0.0 after 117 steps
Step: 78 -  phi=0.47700000000000015, PE=8.270307476692904e-17 after 129 steps
Step: 79 -  phi=0.47800000000000015, PE=0.0 after 108 steps
Step: 80 -  phi=0.47900000000000015, PE=4.4653498470319394e-17 after 195 steps
Step: 81 -  phi=0.48000000000000015, PE=0.0 after 126 steps
Step: 82 -  phi=0.48100000000000015, PE=3.951970606970742e-17 after 135 steps
Step: 83 -  phi=0.48200000000000015, PE=7.35170305934972e-17 after 144 steps
Step: 84 -  phi=0.48300000000000015, PE=9.323743108598553e-17 after 156 steps
Step: 85 -  phi=0.48400000000000015, PE=7.734227167664195e-17 after 172 steps
Step: 86 -  phi=0.48500000000000015, PE=0.0 after 124 steps
Step: 87 -  phi=0.48600000000000015, PE=8.610701420379094e-17 after 121 steps
Step: 88 -  phi=0.48700000000000015, PE=8.703185390890953e-17 after 119 steps
Step: 89 -  phi=0.48800000000000016, PE=0.0 after 119 steps
Step: 90 -  phi=0.48900000000000016, PE=8.4976908057718e-17 after 131 steps
Step: 91 -  phi=0.49000000000000016, PE=9.564304755192949e-17 after 143 steps
Step: 92 -  phi=0.49100000000000016, PE=0.0 after 122 steps
Step: 93 -  phi=0.49200000000000016, PE=7.060369705666989e-17 after 115 steps
Step: 94 -  phi=0.49300000000000016, PE=2.5607204346732507e-18 after 127 steps
Step: 95 -  phi=0.49400000000000016, PE=0.0 after 126 steps
Step: 96 -  phi=0.49500000000000016, PE=8.045723140438911e-17 after 142 steps
Step: 97 -  phi=0.49600000000000016, PE=0.0 after 135 steps
Step: 98 -  phi=0.49700000000000016, PE=9.127439339341687e-17 after 115 steps
Step: 99 -  phi=0.49800000000000016, PE=0.0 after 140 steps
Step: 100 -  phi=0.49900000000000017, PE=7.969160266128902e-17 after 156 steps
Step: 101 -  phi=0.5000000000000001, PE=8.281489724735079e-17 after 142 steps
Step: 102 -  phi=0.5010000000000001, PE=5.1787441548849857e-17 after 122 steps
Step: 103 -  phi=0.5020000000000001, PE=8.682481063553316e-17 after 149 steps
Step: 104 -  phi=0.5030000000000001, PE=0.0 after 129 steps
Step: 105 -  phi=0.5040000000000001, PE=6.483602869497924e-18 after 136 steps
Step: 106 -  phi=0.5050000000000001, PE=5.961895854390297e-17 after 138 steps
Step: 107 -  phi=0.5060000000000001, PE=1.85293910253195e-17 after 142 steps
Step: 108 -  phi=0.5070000000000001, PE=7.861169969385706e-17 after 143 steps
Step: 109 -  phi=0.5080000000000001, PE=8.727208499239036e-17 after 135 steps
Step: 110 -  phi=0.5090000000000001, PE=0.0 after 135 steps
Step: 111 -  phi=0.5100000000000001, PE=5.016405309954283e-17 after 141 steps
Step: 112 -  phi=0.5110000000000001, PE=7.762640362775487e-17 after 138 steps
Step: 113 -  phi=0.5120000000000001, PE=0.0 after 121 steps
Step: 114 -  phi=0.5130000000000001, PE=7.273262486341945e-17 after 162 steps
Step: 115 -  phi=0.5140000000000001, PE=9.884298030242552e-17 after 137 steps
Step: 116 -  phi=0.5150000000000001, PE=0.0 after 136 steps
Step: 117 -  phi=0.5160000000000001, PE=5.052491647782833e-17 after 129 steps
Step: 118 -  phi=0.5170000000000001, PE=8.326698282181891e-17 after 170 steps
Step: 119 -  phi=0.5180000000000001, PE=2.5498186420383107e-17 after 129 steps
Step: 120 -  phi=0.5190000000000001, PE=1.3857825713962159e-17 after 143 steps
Step: 121 -  phi=0.5200000000000001, PE=2.1663721970868456e-17 after 133 steps
Step: 122 -  phi=0.5210000000000001, PE=0.0 after 132 steps
Step: 123 -  phi=0.5220000000000001, PE=0.0 after 135 steps
Step: 124 -  phi=0.5230000000000001, PE=3.7908880986740316e-17 after 147 steps
Step: 125 -  phi=0.5240000000000001, PE=0.0 after 128 steps
Step: 126 -  phi=0.5250000000000001, PE=8.19159175936753e-17 after 145 steps
Step: 127 -  phi=0.5260000000000001, PE=9.647228678895931e-17 after 154 steps
Step: 128 -  phi=0.5270000000000001, PE=8.416846640084826e-17 after 183 steps
Step: 129 -  phi=0.5280000000000001, PE=2.9405507406377736e-17 after 165 steps
Step: 130 -  phi=0.5290000000000001, PE=7.543935646092293e-17 after 215 steps
Step: 131 -  phi=0.5300000000000001, PE=6.423943181281495e-17 after 180 steps
Step: 132 -  phi=0.5310000000000001, PE=5.732041594576203e-18 after 176 steps
Step: 133 -  phi=0.5320000000000001, PE=9.792961233738577e-17 after 215 steps
Step: 134 -  phi=0.5330000000000001, PE=6.251796666018222e-17 after 194 steps
Step: 135 -  phi=0.5340000000000001, PE=4.994824097035614e-17 after 200 steps
Step: 136 -  phi=0.5350000000000001, PE=7.898585557503828e-17 after 200 steps
Step: 137 -  phi=0.5360000000000001, PE=8.150128930668206e-17 after 201 steps
Step: 138 -  phi=0.5370000000000001, PE=3.527669251939302e-17 after 183 steps
Step: 139 -  phi=0.5380000000000001, PE=9.204163888560081e-17 after 176 steps
Step: 140 -  phi=0.5390000000000001, PE=0.0 after 173 steps
Step: 141 -  phi=0.5400000000000001, PE=4.518388868906864e-17 after 178 steps
Step: 142 -  phi=0.5410000000000001, PE=1.706659463048547e-21 after 151 steps
Step: 143 -  phi=0.5420000000000001, PE=9.942197895984367e-18 after 152 steps
Step: 144 -  phi=0.5430000000000001, PE=1.438347980089452e-17 after 162 steps
Step: 145 -  phi=0.5440000000000002, PE=9.169207320105578e-17 after 187 steps
Step: 146 -  phi=0.5450000000000002, PE=9.025565975309428e-17 after 193 steps
Step: 147 -  phi=0.5460000000000002, PE=4.419055624801406e-17 after 173 steps
Step: 148 -  phi=0.5470000000000002, PE=9.422805163277551e-17 after 153 steps
Step: 149 -  phi=0.5480000000000002, PE=4.832099749796342e-17 after 143 steps
Step: 150 -  phi=0.5490000000000002, PE=2.889634876548637e-17 after 158 steps
Step: 151 -  phi=0.5500000000000002, PE=9.21766028264464e-17 after 139 steps
Step: 152 -  phi=0.5510000000000002, PE=9.41773414384428e-17 after 161 steps
Step: 153 -  phi=0.5520000000000002, PE=1.3637492957039072e-17 after 148 steps
Step: 154 -  phi=0.5530000000000002, PE=0.0 after 150 steps
Step: 155 -  phi=0.5540000000000002, PE=3.6108997317470127e-17 after 158 steps
Step: 156 -  phi=0.5550000000000002, PE=0.0 after 137 steps
Step: 157 -  phi=0.5560000000000002, PE=7.50694323848857e-17 after 141 steps
Step: 158 -  phi=0.5570000000000002, PE=8.970227936213586e-17 after 185 steps
Step: 159 -  phi=0.5580000000000002, PE=9.699070732032243e-17 after 182 steps
Step: 160 -  phi=0.5590000000000002, PE=9.43747875679974e-17 after 163 steps
Step: 161 -  phi=0.5600000000000002, PE=9.215498300211215e-17 after 160 steps
Step: 162 -  phi=0.5610000000000002, PE=9.40076004106622e-17 after 154 steps
Step: 163 -  phi=0.5620000000000002, PE=3.924064447804148e-17 after 162 steps
Step: 164 -  phi=0.5630000000000002, PE=6.490282075264879e-17 after 158 steps
Step: 165 -  phi=0.5640000000000002, PE=6.181259446083377e-17 after 166 steps
Step: 166 -  phi=0.5650000000000002, PE=7.392479458997813e-18 after 165 steps
Step: 167 -  phi=0.5660000000000002, PE=5.054134095321462e-17 after 164 steps
Step: 168 -  phi=0.5670000000000002, PE=9.860388865530461e-17 after 166 steps
Step: 169 -  phi=0.5680000000000002, PE=5.342062280421701e-18 after 153 steps
Step: 170 -  phi=0.5690000000000002, PE=4.066753274055234e-17 after 164 steps
Step: 171 -  phi=0.5700000000000002, PE=0.0 after 144 steps
Step: 172 -  phi=0.5710000000000002, PE=3.9358355099622126e-17 after 161 steps
Step: 173 -  phi=0.5720000000000002, PE=7.210459431858851e-17 after 172 steps
Step: 174 -  phi=0.5730000000000002, PE=3.8325058673468105e-17 after 170 steps
Step: 175 -  phi=0.5740000000000002, PE=2.8895938763450587e-17 after 178 steps
Step: 176 -  phi=0.5750000000000002, PE=8.608417192500352e-17 after 152 steps
Step: 177 -  phi=0.5760000000000002, PE=0.0 after 145 steps
Step: 178 -  phi=0.5770000000000002, PE=7.781554509541193e-17 after 176 steps
Step: 179 -  phi=0.5780000000000002, PE=6.865807103579801e-17 after 144 steps
Step: 180 -  phi=0.5790000000000002, PE=9.181429419832387e-17 after 195 steps
Step: 181 -  phi=0.5800000000000002, PE=1.3291018829506438e-17 after 145 steps
Step: 182 -  phi=0.5810000000000002, PE=9.008257098402674e-17 after 160 steps
Step: 183 -  phi=0.5820000000000002, PE=1.2105743381837522e-17 after 178 steps
Step: 184 -  phi=0.5830000000000002, PE=0.0 after 152 steps
Step: 185 -  phi=0.5840000000000002, PE=0.0 after 157 steps
Step: 186 -  phi=0.5850000000000002, PE=0.0 after 152 steps
Step: 187 -  phi=0.5860000000000002, PE=4.413735158907422e-17 after 179 steps
Step: 188 -  phi=0.5870000000000002, PE=8.22908920509706e-17 after 166 steps
Step: 189 -  phi=0.5880000000000002, PE=5.4366583921506423e-17 after 169 steps
Step: 190 -  phi=0.5890000000000002, PE=0.0 after 169 steps
Step: 191 -  phi=0.5900000000000002, PE=8.57911593872174e-17 after 179 steps
Step: 192 -  phi=0.5910000000000002, PE=4.103490318987377e-17 after 175 steps
Step: 193 -  phi=0.5920000000000002, PE=7.474100441461843e-17 after 154 steps
Step: 194 -  phi=0.5930000000000002, PE=5.357732198327837e-18 after 161 steps
Step: 195 -  phi=0.5940000000000002, PE=8.952992141608896e-17 after 146 steps
Step: 196 -  phi=0.5950000000000002, PE=7.990797640588447e-17 after 181 steps
Step: 197 -  phi=0.5960000000000002, PE=5.586830830385871e-17 after 162 steps
Step: 198 -  phi=0.5970000000000002, PE=6.866652292789777e-17 after 159 steps
Step: 199 -  phi=0.5980000000000002, PE=0.0 after 154 steps
Step: 200 -  phi=0.5990000000000002, PE=0.0 after 153 steps
Step: 201 -  phi=0.6000000000000002, PE=8.932350110925749e-17 after 178 steps
Step: 202 -  phi=0.6010000000000002, PE=3.132523807361452e-17 after 170 steps
Step: 203 -  phi=0.6020000000000002, PE=7.077173480489353e-17 after 180 steps
Step: 204 -  phi=0.6030000000000002, PE=1.7259081100085876e-17 after 174 steps
Step: 205 -  phi=0.6040000000000002, PE=8.994875530766658e-17 after 156 steps
Step: 206 -  phi=0.6050000000000002, PE=5.775180876315636e-17 after 178 steps
Step: 207 -  phi=0.6060000000000002, PE=7.209006902843237e-17 after 173 steps
Step: 208 -  phi=0.6070000000000002, PE=1.3634681493848038e-17 after 162 steps
Step: 209 -  phi=0.6080000000000002, PE=8.250281631296515e-17 after 166 steps
Step: 210 -  phi=0.6090000000000002, PE=9.299328923931699e-17 after 160 steps
Step: 211 -  phi=0.6100000000000002, PE=9.822110033102792e-17 after 170 steps
Step: 212 -  phi=0.6110000000000002, PE=4.25417592914009e-18 after 160 steps
Step: 213 -  phi=0.6120000000000002, PE=3.875392290596901e-17 after 176 steps
Step: 214 -  phi=0.6130000000000002, PE=6.324044063345135e-17 after 181 steps
Step: 215 -  phi=0.6140000000000002, PE=7.8215442301124e-17 after 210 steps
Step: 216 -  phi=0.6150000000000002, PE=9.671900500345441e-17 after 292 steps
Step: 217 -  phi=0.6160000000000002, PE=4.9244943434455537e-17 after 183 steps
Step: 218 -  phi=0.6170000000000002, PE=1.0303310773531283e-17 after 185 steps
Step: 219 -  phi=0.6180000000000002, PE=6.84598412998146e-17 after 174 steps
Step: 220 -  phi=0.6190000000000002, PE=3.7627046034690803e-17 after 181 steps
Step: 221 -  phi=0.6200000000000002, PE=6.466703308953145e-17 after 181 steps
Step: 222 -  phi=0.6210000000000002, PE=1.5391217143107585e-17 after 181 steps
Step: 223 -  phi=0.6220000000000002, PE=5.93548575353433e-17 after 185 steps
Step: 224 -  phi=0.6230000000000002, PE=1.0720970898718486e-18 after 182 steps
Step: 225 -  phi=0.6240000000000002, PE=6.540445150036638e-17 after 173 steps
Step: 226 -  phi=0.6250000000000002, PE=6.771785765528725e-17 after 219 steps
Step: 227 -  phi=0.6260000000000002, PE=9.614590772399787e-17 after 212 steps
Step: 228 -  phi=0.6270000000000002, PE=6.344725007741839e-17 after 181 steps
Step: 229 -  phi=0.6280000000000002, PE=8.422477527381813e-17 after 182 steps
Step: 230 -  phi=0.6290000000000002, PE=8.916146858065641e-17 after 199 steps
Step: 231 -  phi=0.6300000000000002, PE=7.773519694341533e-17 after 183 steps
Step: 232 -  phi=0.6310000000000002, PE=0.0 after 176 steps
Step: 233 -  phi=0.6320000000000002, PE=7.017228374581148e-17 after 185 steps
Step: 234 -  phi=0.6330000000000002, PE=9.665482546282788e-17 after 206 steps
Step: 235 -  phi=0.6340000000000002, PE=9.144057069940787e-17 after 185 steps
Step: 236 -  phi=0.6350000000000002, PE=5.976034533052766e-17 after 188 steps
Step: 237 -  phi=0.6360000000000002, PE=7.963195979937419e-17 after 197 steps
Step: 238 -  phi=0.6370000000000002, PE=7.022794843416101e-17 after 209 steps
Step: 239 -  phi=0.6380000000000002, PE=9.785106870420719e-17 after 224 steps
Step: 240 -  phi=0.6390000000000002, PE=8.623752018025113e-17 after 223 steps
Step: 241 -  phi=0.6400000000000002, PE=7.723549595114921e-17 after 207 steps
Step: 242 -  phi=0.6410000000000002, PE=9.190580566853875e-17 after 213 steps
Step: 243 -  phi=0.6420000000000002, PE=3.6083803744497127e-17 after 204 steps
Step: 244 -  phi=0.6430000000000002, PE=8.325247269598734e-17 after 220 steps
Step: 245 -  phi=0.6440000000000002, PE=7.390920848426908e-17 after 195 steps
Step: 246 -  phi=0.6450000000000002, PE=0.0 after 195 steps
Step: 247 -  phi=0.6460000000000002, PE=7.40624170792138e-17 after 196 steps
Step: 248 -  phi=0.6470000000000002, PE=0.0 after 192 steps
Step: 249 -  phi=0.6480000000000002, PE=8.730358713841631e-17 after 191 steps
Step: 250 -  phi=0.6490000000000002, PE=3.9444503227204156e-17 after 186 steps
Step: 251 -  phi=0.6500000000000002, PE=9.350130822036707e-17 after 203 steps
Step: 252 -  phi=0.6510000000000002, PE=7.789010096986526e-17 after 177 steps
Step: 253 -  phi=0.6520000000000002, PE=8.96833757825007e-17 after 204 steps
Step: 254 -  phi=0.6530000000000002, PE=7.950345451626525e-17 after 204 steps
Step: 255 -  phi=0.6540000000000002, PE=9.605569177648517e-17 after 202 steps
Step: 256 -  phi=0.6550000000000002, PE=8.673465439790516e-17 after 224 steps
Step: 257 -  phi=0.6560000000000002, PE=8.565286867100181e-17 after 203 steps
Step: 258 -  phi=0.6570000000000003, PE=9.612457814884513e-17 after 211 steps
Step: 259 -  phi=0.6580000000000003, PE=5.931622565953464e-17 after 196 steps
Step: 260 -  phi=0.6590000000000003, PE=8.595461654276024e-17 after 207 steps
Step: 261 -  phi=0.6600000000000003, PE=0.0 after 210 steps
Step: 262 -  phi=0.6610000000000003, PE=9.690858782892685e-17 after 194 steps
Step: 263 -  phi=0.6620000000000003, PE=9.68051694317799e-17 after 225 steps
Step: 264 -  phi=0.6630000000000003, PE=9.005269459449038e-17 after 213 steps
Step: 265 -  phi=0.6640000000000003, PE=8.882136397376944e-17 after 219 steps
Step: 266 -  phi=0.6650000000000003, PE=6.479048262986972e-17 after 222 steps
Step: 267 -  phi=0.6660000000000003, PE=7.969733656191169e-17 after 230 steps
Step: 268 -  phi=0.6670000000000003, PE=5.61835950434033e-17 after 210 steps
Step: 269 -  phi=0.6680000000000003, PE=9.938823786412321e-17 after 223 steps
Step: 270 -  phi=0.6690000000000003, PE=5.693101832505419e-17 after 209 steps
Step: 271 -  phi=0.6700000000000003, PE=3.3319721330584027e-17 after 231 steps
Step: 272 -  phi=0.6710000000000003, PE=9.833768394374203e-17 after 215 steps
Step: 273 -  phi=0.6720000000000003, PE=1.5656208331980893e-17 after 209 steps
Step: 274 -  phi=0.6730000000000003, PE=8.528545917904961e-17 after 222 steps
Step: 275 -  phi=0.6740000000000003, PE=8.833402803144216e-17 after 305 steps
Step: 276 -  phi=0.6750000000000003, PE=9.961131979557848e-17 after 236 steps
Step: 277 -  phi=0.6760000000000003, PE=6.077980036520366e-17 after 215 steps
Step: 278 -  phi=0.6770000000000003, PE=6.866696483311684e-17 after 251 steps
Step: 279 -  phi=0.6780000000000003, PE=6.248008649109469e-17 after 217 steps
Step: 280 -  phi=0.6790000000000003, PE=9.412190652488975e-17 after 234 steps
Step: 281 -  phi=0.6800000000000003, PE=8.177132126030413e-17 after 228 steps
Step: 282 -  phi=0.6810000000000003, PE=9.63885861971797e-17 after 221 steps
Step: 283 -  phi=0.6820000000000003, PE=6.999134848927162e-17 after 247 steps
Step: 284 -  phi=0.6830000000000003, PE=8.690804283472468e-17 after 236 steps
Step: 285 -  phi=0.6840000000000003, PE=9.758322670691178e-17 after 224 steps
Step: 286 -  phi=0.6850000000000003, PE=8.865812929072834e-17 after 238 steps
Step: 287 -  phi=0.6860000000000003, PE=9.645978967531499e-17 after 253 steps
Step: 288 -  phi=0.6870000000000003, PE=9.737118872963256e-17 after 264 steps
Step: 289 -  phi=0.6880000000000003, PE=4.271873796891289e-17 after 267 steps
Step: 290 -  phi=0.6890000000000003, PE=8.997940626351429e-17 after 247 steps
Step: 291 -  phi=0.6900000000000003, PE=8.208250390229041e-17 after 269 steps
Step: 292 -  phi=0.6910000000000003, PE=9.672828182160252e-17 after 249 steps
Step: 293 -  phi=0.6920000000000003, PE=9.925683407069311e-19 after 254 steps
Step: 294 -  phi=0.6930000000000003, PE=9.468848321536773e-17 after 263 steps
Step: 295 -  phi=0.6940000000000003, PE=7.597697126013482e-17 after 247 steps
Step: 296 -  phi=0.6950000000000003, PE=9.258448590008371e-17 after 272 steps
Step: 297 -  phi=0.6960000000000003, PE=8.553103267891872e-17 after 258 steps
Step: 298 -  phi=0.6970000000000003, PE=9.89184484905235e-17 after 273 steps
Step: 299 -  phi=0.6980000000000003, PE=9.693825345832367e-17 after 249 steps
Step: 300 -  phi=0.6990000000000003, PE=6.864049965909011e-17 after 254 steps
Step: 301 -  phi=0.7000000000000003, PE=8.688105090827926e-17 after 231 steps
Step: 302 -  phi=0.7010000000000003, PE=5.788085048373993e-17 after 241 steps
Step: 303 -  phi=0.7020000000000003, PE=9.590937098974063e-17 after 241 steps
Step: 304 -  phi=0.7030000000000003, PE=9.285160668496608e-17 after 247 steps
Step: 305 -  phi=0.7040000000000003, PE=9.825614506854052e-17 after 242 steps
Step: 306 -  phi=0.7050000000000003, PE=9.585688503334865e-17 after 260 steps
Step: 307 -  phi=0.7060000000000003, PE=8.57625142082935e-17 after 251 steps
Step: 308 -  phi=0.7070000000000003, PE=8.147872430448175e-17 after 250 steps
Step: 309 -  phi=0.7080000000000003, PE=9.696019123524128e-17 after 366 steps
Step: 310 -  phi=0.7090000000000003, PE=9.137273915504125e-17 after 262 steps
Step: 311 -  phi=0.7100000000000003, PE=7.754490243553483e-17 after 234 steps
Step: 312 -  phi=0.7110000000000003, PE=6.802987222432759e-17 after 247 steps
Step: 313 -  phi=0.7120000000000003, PE=5.4394785712395233e-17 after 246 steps
Step: 314 -  phi=0.7130000000000003, PE=9.885352619236046e-17 after 248 steps
Step: 315 -  phi=0.7140000000000003, PE=7.21735769048034e-17 after 258 steps
Step: 316 -  phi=0.7150000000000003, PE=9.089048879749016e-17 after 255 steps
Step: 317 -  phi=0.7160000000000003, PE=0.0 after 229 steps
Step: 318 -  phi=0.7170000000000003, PE=9.66367009440395e-17 after 254 steps
Step: 319 -  phi=0.7180000000000003, PE=6.63670317199816e-17 after 263 steps
Step: 320 -  phi=0.7190000000000003, PE=3.5279225012792926e-19 after 256 steps
Step: 321 -  phi=0.7200000000000003, PE=8.032103957170767e-17 after 249 steps
Step: 322 -  phi=0.7210000000000003, PE=8.946594049881305e-17 after 286 steps
Step: 323 -  phi=0.7220000000000003, PE=4.458150025854591e-17 after 285 steps
Step: 324 -  phi=0.7230000000000003, PE=8.53299227170214e-17 after 276 steps
Step: 325 -  phi=0.7240000000000003, PE=6.828798544097539e-17 after 273 steps
Step: 326 -  phi=0.7250000000000003, PE=9.37941436461795e-17 after 272 steps
Step: 327 -  phi=0.7260000000000003, PE=7.257528338884932e-17 after 298 steps
Step: 328 -  phi=0.7270000000000003, PE=7.76082633786662e-17 after 270 steps
Step: 329 -  phi=0.7280000000000003, PE=8.772408087883668e-17 after 289 steps
Step: 330 -  phi=0.7290000000000003, PE=9.826427487037906e-17 after 260 steps
Step: 331 -  phi=0.7300000000000003, PE=7.984362844771224e-17 after 281 steps
Step: 332 -  phi=0.7310000000000003, PE=8.945372932257752e-17 after 315 steps
Step: 333 -  phi=0.7320000000000003, PE=6.62243247130258e-17 after 326 steps
Step: 334 -  phi=0.7330000000000003, PE=9.729529636673071e-17 after 304 steps
Step: 335 -  phi=0.7340000000000003, PE=8.084023018942846e-17 after 295 steps
Step: 336 -  phi=0.7350000000000003, PE=6.975954378062182e-17 after 308 steps
Step: 337 -  phi=0.7360000000000003, PE=8.698627356247072e-17 after 297 steps
Step: 338 -  phi=0.7370000000000003, PE=7.436414739218125e-17 after 304 steps
Step: 339 -  phi=0.7380000000000003, PE=9.90735751598261e-17 after 299 steps
Step: 340 -  phi=0.7390000000000003, PE=8.085285680510618e-17 after 292 steps
Step: 341 -  phi=0.7400000000000003, PE=8.575003347777265e-17 after 283 steps
Step: 342 -  phi=0.7410000000000003, PE=6.980326475838008e-17 after 311 steps
Step: 343 -  phi=0.7420000000000003, PE=3.4266237049853743e-17 after 324 steps
Step: 344 -  phi=0.7430000000000003, PE=7.02145352658604e-17 after 289 steps
Step: 345 -  phi=0.7440000000000003, PE=6.238902832737118e-17 after 324 steps
Step: 346 -  phi=0.7450000000000003, PE=9.875227701475878e-17 after 303 steps
Step: 347 -  phi=0.7460000000000003, PE=4.014596482647919e-17 after 290 steps
Step: 348 -  phi=0.7470000000000003, PE=9.584044627525874e-17 after 315 steps
Step: 349 -  phi=0.7480000000000003, PE=9.886890439027725e-17 after 310 steps
Step: 350 -  phi=0.7490000000000003, PE=6.554882877085141e-17 after 310 steps
Step: 351 -  phi=0.7500000000000003, PE=9.943574129438866e-17 after 314 steps
Step: 352 -  phi=0.7510000000000003, PE=9.758012290029889e-17 after 315 steps
Step: 353 -  phi=0.7520000000000003, PE=6.949047105708136e-17 after 301 steps
Step: 354 -  phi=0.7530000000000003, PE=9.554380359457104e-17 after 307 steps
Step: 355 -  phi=0.7540000000000003, PE=9.807523619683207e-17 after 325 steps
Step: 356 -  phi=0.7550000000000003, PE=3.7305700800143545e-17 after 292 steps
Step: 357 -  phi=0.7560000000000003, PE=9.947002694851776e-17 after 300 steps
Step: 358 -  phi=0.7570000000000003, PE=9.785571569912036e-17 after 310 steps
Step: 359 -  phi=0.7580000000000003, PE=7.809915513678252e-17 after 331 steps
Step: 360 -  phi=0.7590000000000003, PE=8.945067585359164e-17 after 355 steps
Step: 361 -  phi=0.7600000000000003, PE=6.291596540602871e-17 after 319 steps
Step: 362 -  phi=0.7610000000000003, PE=8.155126041191321e-17 after 339 steps
Step: 363 -  phi=0.7620000000000003, PE=7.778524088970518e-17 after 357 steps
Step: 364 -  phi=0.7630000000000003, PE=7.954416273529682e-17 after 385 steps
Step: 365 -  phi=0.7640000000000003, PE=8.731051214641572e-17 after 359 steps
Step: 366 -  phi=0.7650000000000003, PE=8.236350993815178e-17 after 364 steps
Step: 367 -  phi=0.7660000000000003, PE=8.052199240673438e-17 after 346 steps
Step: 368 -  phi=0.7670000000000003, PE=9.787200394482011e-17 after 353 steps
Step: 369 -  phi=0.7680000000000003, PE=6.720169628943835e-17 after 320 steps
Step: 370 -  phi=0.7690000000000003, PE=5.993196680910502e-17 after 345 steps
Step: 371 -  phi=0.7700000000000004, PE=8.49085274577065e-17 after 343 steps
Step: 372 -  phi=0.7710000000000004, PE=7.757563839598573e-17 after 339 steps
Step: 373 -  phi=0.7720000000000004, PE=5.127153681520457e-17 after 325 steps
Step: 374 -  phi=0.7730000000000004, PE=8.831501718194087e-17 after 347 steps
Step: 375 -  phi=0.7740000000000004, PE=9.893214729455522e-17 after 430 steps
Step: 376 -  phi=0.7750000000000004, PE=9.539890490825608e-17 after 382 steps
Step: 377 -  phi=0.7760000000000004, PE=6.365346814557793e-17 after 342 steps
Step: 378 -  phi=0.7770000000000004, PE=9.877064435489457e-17 after 360 steps
Step: 379 -  phi=0.7780000000000004, PE=9.922695099222715e-17 after 357 steps
Step: 380 -  phi=0.7790000000000004, PE=8.711940726335979e-17 after 369 steps
Step: 381 -  phi=0.7800000000000004, PE=7.168660317943587e-17 after 379 steps
Step: 382 -  phi=0.7810000000000004, PE=8.843308106400624e-17 after 373 steps
Step: 383 -  phi=0.7820000000000004, PE=9.022040479958042e-17 after 357 steps
Step: 384 -  phi=0.7830000000000004, PE=9.964826447737496e-17 after 385 steps
Step: 385 -  phi=0.7840000000000004, PE=8.332471135851177e-17 after 391 steps
Step: 386 -  phi=0.7850000000000004, PE=9.88899753381272e-17 after 369 steps
Step: 387 -  phi=0.7860000000000004, PE=7.313066742591205e-17 after 383 steps
Step: 388 -  phi=0.7870000000000004, PE=9.490145091831544e-17 after 402 steps
Step: 389 -  phi=0.7880000000000004, PE=9.883732608752625e-17 after 381 steps
Step: 390 -  phi=0.7890000000000004, PE=9.640264868219806e-17 after 452 steps
Step: 391 -  phi=0.7900000000000004, PE=9.765394201923789e-17 after 403 steps
Step: 392 -  phi=0.7910000000000004, PE=9.812755230112806e-17 after 403 steps
Step: 393 -  phi=0.7920000000000004, PE=8.056021058072468e-17 after 419 steps
Step: 394 -  phi=0.7930000000000004, PE=9.175984260807898e-17 after 401 steps
Step: 395 -  phi=0.7940000000000004, PE=9.56585458060728e-17 after 422 steps
Step: 396 -  phi=0.7950000000000004, PE=9.766487915698541e-17 after 436 steps
Step: 397 -  phi=0.7960000000000004, PE=8.932461401742468e-17 after 452 steps
Step: 398 -  phi=0.7970000000000004, PE=9.453107443942074e-17 after 491 steps
Step: 399 -  phi=0.7980000000000004, PE=9.968302020213113e-17 after 439 steps
Step: 400 -  phi=0.7990000000000004, PE=7.919793105292231e-17 after 455 steps
Step: 401 -  phi=0.8000000000000004, PE=8.156387350729799e-17 after 491 steps
Step: 402 -  phi=0.8010000000000004, PE=9.82387654059618e-17 after 461 steps
Step: 403 -  phi=0.8020000000000004, PE=9.255766165567105e-17 after 449 steps
Step: 404 -  phi=0.8030000000000004, PE=9.261732215687846e-17 after 490 steps
Step: 405 -  phi=0.8040000000000004, PE=8.199150158927885e-17 after 496 steps
Step: 406 -  phi=0.8050000000000004, PE=6.900424482370287e-17 after 451 steps
Step: 407 -  phi=0.8060000000000004, PE=8.534810127238663e-17 after 491 steps
Step: 408 -  phi=0.8070000000000004, PE=9.244263771932374e-17 after 555 steps
Step: 409 -  phi=0.8080000000000004, PE=8.138881668850763e-17 after 473 steps
Step: 410 -  phi=0.8090000000000004, PE=9.706650528551188e-17 after 634 steps
Step: 411 -  phi=0.8100000000000004, PE=9.34821551728829e-17 after 533 steps
Step: 412 -  phi=0.8110000000000004, PE=9.835181009909098e-17 after 551 steps
Step: 413 -  phi=0.8120000000000004, PE=9.441979869225159e-17 after 544 steps
Step: 414 -  phi=0.8130000000000004, PE=9.459381950529424e-17 after 763 steps
Step: 415 -  phi=0.8140000000000004, PE=9.613212422522112e-17 after 633 steps
Step: 416 -  phi=0.8150000000000004, PE=9.494504020438125e-17 after 679 steps
Step: 417 -  phi=0.8160000000000004, PE=9.994584343656225e-17 after 674 steps
Step: 418 -  phi=0.8170000000000004, PE=9.995870635162915e-17 after 693 steps
Step: 419 -  phi=0.8180000000000004, PE=8.641249367225785e-17 after 727 steps
Step: 420 -  phi=0.8190000000000004, PE=9.952408702372612e-17 after 1096 steps
Step: 421 -  phi=0.8200000000000004, PE=9.280565914518987e-17 after 920 steps
Step: 422 -  phi=0.8210000000000004, PE=9.77037562625208e-17 after 905 steps
Step: 423 -  phi=0.8220000000000004, PE=9.095776452034072e-17 after 905 steps
Step: 424 -  phi=0.8230000000000004, PE=9.112833891447992e-17 after 995 steps
Step: 425 -  phi=0.8240000000000004, PE=9.56808823341521e-17 after 953 steps
Step: 426 -  phi=0.8250000000000004, PE=9.990343558035305e-17 after 920 steps
Step: 427 -  phi=0.8260000000000004, PE=9.846807956505677e-17 after 877 steps
Step: 428 -  phi=0.8270000000000004, PE=9.373528730789343e-17 after 882 steps
Step: 429 -  phi=0.8280000000000004, PE=9.309531266863703e-17 after 875 steps
Step: 430 -  phi=0.8290000000000004, PE=9.984293931108598e-17 after 935 steps
Step: 431 -  phi=0.8300000000000004, PE=9.922729316967363e-17 after 1638 steps
Step: 432 -  phi=0.8310000000000004, PE=9.969386775104561e-17 after 1257 steps
Step: 433 -  phi=0.8320000000000004, PE=9.876631229035368e-17 after 2614 steps
Step: 434 -  phi=0.8330000000000004, PE=9.881075633662637e-17 after 2003 steps
Step: 435 -  phi=0.8340000000000004, PE=9.923913518608586e-17 after 1630 steps
Step: 436 -  phi=0.8350000000000004, PE=8.960725088076245e-17 after 1874 steps
Step: 437 -  phi=0.8360000000000004, PE=9.7322154876105e-17 after 2362 steps
Step: 438 -  phi=0.8370000000000004, PE=9.935599560146167e-17 after 3091 steps
Step: 439 -  phi=0.8380000000000004, PE=9.852381650152739e-17 after 2569 steps
Step: 440 -  phi=0.8390000000000004, PE=9.746902807691094e-17 after 2911 steps
Step: 441 -  phi=0.8400000000000004, PE=9.997900016932201e-17 after 3195 steps
Step: 442 -  phi=0.8410000000000004, PE=9.646273419467164e-17 after 2616 steps
Step: 443 -  phi=0.8420000000000004, PE=9.943155706380022e-17 after 5390 steps
Step: 444 -  phi=0.8430000000000004, PE=9.905421549393864e-17 after 3386 steps
Step: 445 -  phi=0.8440000000000004, PE=9.962139056281414e-17 after 3742 steps
Step: 446 -  phi=0.8450000000000004, PE=9.861859521341648e-17 after 5220 steps
Step: 447 -  phi=0.8460000000000004, PE=9.99791579883414e-17 after 8416 steps
Step: 448 -  phi=0.8470000000000004, PE=9.906340497343126e-17 after 6165 steps
Step: 449 -  phi=0.8480000000000004, PE=9.998398614227001e-17 after 6028 steps
Step: 450 -  phi=0.8490000000000004, PE=9.27664579848456e-17 after 3737 steps
Step: 451 -  phi=0.8500000000000004, PE=9.999889476965698e-17 after 3466 steps
Step: 452 -  phi=0.8510000000000004, PE=9.835906078403445e-17 after 5818 steps
Step: 453 -  phi=0.8520000000000004, PE=9.980290813240526e-17 after 8071 steps
Step: 454 -  phi=0.8530000000000004, PE=9.994523404485547e-17 after 8508 steps
Step: 455 -  phi=0.8540000000000004, PE=9.99807438961184e-17 after 14992 steps
Step: 456 -  phi=0.8550000000000004, PE=9.988107983878968e-17 after 18724 steps
Step: 457 -  phi=0.8560000000000004, PE=9.937237320631014e-17 after 18838 steps
Step: 458 -  phi=0.8570000000000004, PE=9.999925484692932e-17 after 61125 steps
Step: 459 -  phi=0.8580000000000004, PE=1.2403130111606084e-08 after 51313 steps
Step: 460 -  phi=0.8575000000000004, PE=2.947413189599946e-09 after 66428 steps
Step: 461 -  phi=0.8572500000000004, PE=3.401526609923063e-10 after 178941 steps
Step: 462 -  phi=0.8571250000000004, PE=9.999003891427549e-17 after 330667 steps
Step: 463 -  phi=0.8571875000000004, PE=2.581376885188449e-11 after 164815 steps
Step: 464 -  phi=0.8571562500000004, PE=9.999591010095591e-17 after 526972 steps
Step: 465 -  phi=0.8571718750000004, PE=2.8417305054014135e-13 after 388399 steps
Step: 466 -  phi=0.8571640625000003, PE=9.994172516508063e-17 after 100330 steps
Step: 467 -  phi=0.8571679687500003, PE=9.999856392157448e-17 after 203869 steps
Step: 468 -  phi=0.8571699218750004, PE=5.340496188590623e-14 after 497019 steps
Step: 469 -  phi=0.8571689453125004, PE=6.422755831616777e-15 after 1000000 steps
Step: 470 -  phi=0.8571684570312503, PE=9.117850703205833e-16 after 1000000 steps
Step: 471 -  phi=0.8571682128906253, PE=9.999997378580305e-17 after 546682 steps
Step: 472 -  phi=0.8571683349609378, PE=1.319130294725294e-16 after 1000000 steps
Step: 473 -  phi=0.8571682739257815, PE=9.999952398064062e-17 after 371509 steps
Step: 474 -  phi=0.8571683044433597, PE=9.999993305158377e-17 after 215069 steps
Step: 475 -  phi=0.8571683197021487, PE=9.999980717114846e-17 after 398551 steps
Step: 476 -  phi=0.8571683273315432, PE=9.999999655552871e-17 after 140311 steps
Step: 477 -  phi=0.8571683311462406, PE=9.999973707728448e-17 after 86640 steps
Step: 478 -  phi=0.8571683330535892, PE=9.999964651727383e-17 after 34583 steps
Step: 479 -  phi=0.8571683340072636, PE=9.999971734919551e-17 after 21557 steps
Step: 480 -  phi=0.8571683344841007, PE=9.999981439043279e-17 after 14488 steps
Step: 481 -  phi=0.8571683347225192, PE=9.999990034491393e-17 after 10004 steps
Step: 482 -  phi=0.8571683348417285, PE=9.999998550319921e-17 after 6998 steps
Step: 483 -  phi=0.8571683349013332, PE=9.999997849581922e-17 after 4918 steps
Jammed: phi = 0.857168, residual PE = 1.000e-16
