The following modules were not unloaded:
  (Use "module --force purge" to unload all):

  1) StdEnv
sys:1: RuntimeWarning: h5: callable: skipping callable field 'user_pre_step_actions' (<PjitFunction of <function _save_state_system at 0x14f30c3a7ba0>>); handle explicitly
sys:1: RuntimeWarning: h5: callable: skipping callable field 'user_post_step_actions' (<PjitFunction of <function _save_state_system at 0x14f30c3a7ba0>>); handle explicitly
/home/rg2248/analysis/summer-26/jam/thomson/jam2d-thomson.py:74: RuntimeWarning: h5: callable: skipping callable field '0' (<function fire.<locals>.init at 0x14f1d1def100>); handle explicitly
  save(system, join(data_root, 'system.h5'))
/home/rg2248/analysis/summer-26/jam/thomson/jam2d-thomson.py:74: RuntimeWarning: h5: callable: skipping callable field '1' (<function fire.<locals>.update at 0x14f1d1deefc0>); handle explicitly
  save(system, join(data_root, 'system.h5'))
Initial minimization took 0 steps.
Step: 1 -  phi=0.4, PE=0.0 after 0 steps
Step: 2 -  phi=0.401, PE=4.915004436506207e-17 after 155 steps
Step: 3 -  phi=0.402, PE=9.783641755976432e-17 after 119 steps
Step: 4 -  phi=0.403, PE=2.850187879511035e-18 after 96 steps
Step: 5 -  phi=0.404, PE=0.0 after 114 steps
Step: 6 -  phi=0.405, PE=0.0 after 107 steps
Step: 7 -  phi=0.406, PE=6.334973299503187e-17 after 141 steps
Step: 8 -  phi=0.40700000000000003, PE=9.597159449750849e-17 after 124 steps
Step: 9 -  phi=0.40800000000000003, PE=7.886864211602723e-17 after 115 steps
Step: 10 -  phi=0.40900000000000003, PE=2.425323831941158e-18 after 115 steps
Step: 11 -  phi=0.41000000000000003, PE=5.2387024533943047e-17 after 118 steps
Step: 12 -  phi=0.41100000000000003, PE=0.0 after 113 steps
Step: 13 -  phi=0.41200000000000003, PE=7.295960661493535e-17 after 109 steps
Step: 14 -  phi=0.41300000000000003, PE=6.162947894687405e-17 after 116 steps
Step: 15 -  phi=0.41400000000000003, PE=0.0 after 113 steps
Step: 16 -  phi=0.41500000000000004, PE=2.097534408214684e-17 after 112 steps
Step: 17 -  phi=0.41600000000000004, PE=8.433969250556678e-17 after 112 steps
Step: 18 -  phi=0.41700000000000004, PE=4.9197023021016284e-17 after 118 steps
Step: 19 -  phi=0.41800000000000004, PE=7.64490267000298e-17 after 110 steps
Step: 20 -  phi=0.41900000000000004, PE=2.485174590829537e-17 after 111 steps
Step: 21 -  phi=0.42000000000000004, PE=8.102699297696784e-17 after 106 steps
Step: 22 -  phi=0.42100000000000004, PE=6.982392486752509e-17 after 110 steps
Step: 23 -  phi=0.42200000000000004, PE=4.65264860734458e-17 after 112 steps
Step: 24 -  phi=0.42300000000000004, PE=0.0 after 110 steps
Step: 25 -  phi=0.42400000000000004, PE=8.805584411004826e-20 after 102 steps
Step: 26 -  phi=0.42500000000000004, PE=0.0 after 111 steps
Step: 27 -  phi=0.42600000000000005, PE=4.769599150087136e-17 after 122 steps
Step: 28 -  phi=0.42700000000000005, PE=0.0 after 110 steps
Step: 29 -  phi=0.42800000000000005, PE=0.0 after 118 steps
Step: 30 -  phi=0.42900000000000005, PE=0.0 after 99 steps
Step: 31 -  phi=0.43000000000000005, PE=0.0 after 109 steps
Step: 32 -  phi=0.43100000000000005, PE=6.46242820021535e-17 after 109 steps
Step: 33 -  phi=0.43200000000000005, PE=0.0 after 98 steps
Step: 34 -  phi=0.43300000000000005, PE=4.480855535515972e-17 after 113 steps
Step: 35 -  phi=0.43400000000000005, PE=5.645277837966394e-17 after 113 steps
Step: 36 -  phi=0.43500000000000005, PE=4.07646804083996e-17 after 116 steps
Step: 37 -  phi=0.43600000000000005, PE=0.0 after 80 steps
Step: 38 -  phi=0.43700000000000006, PE=5.850206553300207e-17 after 109 steps
Step: 39 -  phi=0.43800000000000006, PE=9.345104032267932e-17 after 102 steps
Step: 40 -  phi=0.43900000000000006, PE=0.0 after 105 steps
Step: 41 -  phi=0.44000000000000006, PE=0.0 after 102 steps
Step: 42 -  phi=0.44100000000000006, PE=0.0 after 108 steps
Step: 43 -  phi=0.44200000000000006, PE=0.0 after 91 steps
Step: 44 -  phi=0.44300000000000006, PE=0.0 after 107 steps
Step: 45 -  phi=0.44400000000000006, PE=4.9417186133923255e-18 after 121 steps
Step: 46 -  phi=0.44500000000000006, PE=7.566111021280082e-17 after 106 steps
Step: 47 -  phi=0.44600000000000006, PE=0.0 after 110 steps
Step: 48 -  phi=0.44700000000000006, PE=6.714955138729633e-17 after 109 steps
Step: 49 -  phi=0.44800000000000006, PE=9.838847124025884e-17 after 119 steps
Step: 50 -  phi=0.44900000000000007, PE=0.0 after 106 steps
Step: 51 -  phi=0.45000000000000007, PE=9.738913627063063e-17 after 124 steps
Step: 52 -  phi=0.45100000000000007, PE=0.0 after 111 steps
Step: 53 -  phi=0.45200000000000007, PE=7.35485732499521e-17 after 113 steps
Step: 54 -  phi=0.45300000000000007, PE=8.430576071865499e-17 after 108 steps
Step: 55 -  phi=0.45400000000000007, PE=2.68717972301502e-17 after 110 steps
Step: 56 -  phi=0.45500000000000007, PE=2.310522245565474e-17 after 116 steps
Step: 57 -  phi=0.45600000000000007, PE=8.171865809560769e-17 after 116 steps
Step: 58 -  phi=0.4570000000000001, PE=0.0 after 114 steps
Step: 59 -  phi=0.4580000000000001, PE=0.0 after 107 steps
Step: 60 -  phi=0.4590000000000001, PE=0.0 after 100 steps
Step: 61 -  phi=0.4600000000000001, PE=9.261221424752013e-17 after 136 steps
Step: 62 -  phi=0.4610000000000001, PE=4.2378863871639134e-17 after 138 steps
Step: 63 -  phi=0.4620000000000001, PE=1.95463698443709e-18 after 142 steps
Step: 64 -  phi=0.4630000000000001, PE=0.0 after 138 steps
Step: 65 -  phi=0.4640000000000001, PE=0.0 after 173 steps
Step: 66 -  phi=0.4650000000000001, PE=0.0 after 150 steps
Step: 67 -  phi=0.4660000000000001, PE=9.350174319747429e-17 after 161 steps
Step: 68 -  phi=0.4670000000000001, PE=7.493105745360746e-17 after 146 steps
Step: 69 -  phi=0.4680000000000001, PE=5.550461872877497e-17 after 180 steps
Step: 70 -  phi=0.4690000000000001, PE=7.852759062232689e-17 after 165 steps
Step: 71 -  phi=0.4700000000000001, PE=0.0 after 143 steps
Step: 72 -  phi=0.4710000000000001, PE=0.0 after 142 steps
Step: 73 -  phi=0.4720000000000001, PE=4.102757910066546e-17 after 132 steps
Step: 74 -  phi=0.4730000000000001, PE=0.0 after 167 steps
Step: 75 -  phi=0.4740000000000001, PE=5.4074932452711686e-17 after 172 steps
Step: 76 -  phi=0.4750000000000001, PE=0.0 after 144 steps
Step: 77 -  phi=0.4760000000000001, PE=4.633743260681965e-17 after 161 steps
Step: 78 -  phi=0.4770000000000001, PE=9.597708329756026e-17 after 141 steps
Step: 79 -  phi=0.4780000000000001, PE=9.961787579706358e-17 after 197 steps
Step: 80 -  phi=0.4790000000000001, PE=9.84319449724427e-17 after 157 steps
Step: 81 -  phi=0.4800000000000001, PE=8.655394059665788e-17 after 171 steps
Step: 82 -  phi=0.4810000000000001, PE=9.295881077414638e-17 after 177 steps
Step: 83 -  phi=0.4820000000000001, PE=8.052899612320519e-17 after 159 steps
Step: 84 -  phi=0.4830000000000001, PE=2.3248761791857946e-17 after 162 steps
Step: 85 -  phi=0.4840000000000001, PE=9.255176764394859e-17 after 168 steps
Step: 86 -  phi=0.4850000000000001, PE=2.783710684621213e-17 after 171 steps
Step: 87 -  phi=0.4860000000000001, PE=7.569869556183499e-17 after 167 steps
Step: 88 -  phi=0.4870000000000001, PE=8.131385197717615e-17 after 180 steps
Step: 89 -  phi=0.4880000000000001, PE=9.58201333976549e-17 after 181 steps
Step: 90 -  phi=0.4890000000000001, PE=7.344931070718744e-17 after 197 steps
Step: 91 -  phi=0.4900000000000001, PE=3.0277337832231095e-17 after 173 steps
Step: 92 -  phi=0.4910000000000001, PE=0.0 after 178 steps
Step: 93 -  phi=0.4920000000000001, PE=9.189061514808856e-17 after 179 steps
Step: 94 -  phi=0.4930000000000001, PE=4.4983099015968333e-17 after 187 steps
Step: 95 -  phi=0.4940000000000001, PE=8.064649365944385e-17 after 190 steps
Step: 96 -  phi=0.4950000000000001, PE=4.687305111705564e-17 after 174 steps
Step: 97 -  phi=0.4960000000000001, PE=8.44813880700698e-17 after 183 steps
Step: 98 -  phi=0.4970000000000001, PE=2.474030013215221e-17 after 166 steps
Step: 99 -  phi=0.4980000000000001, PE=7.508693074866105e-17 after 188 steps
Step: 100 -  phi=0.4990000000000001, PE=1.7010879434633635e-17 after 166 steps
Step: 101 -  phi=0.5000000000000001, PE=9.558654778348795e-17 after 174 steps
Step: 102 -  phi=0.5010000000000001, PE=9.859621901866887e-17 after 164 steps
Step: 103 -  phi=0.5020000000000001, PE=5.740864525572713e-17 after 170 steps
Step: 104 -  phi=0.5030000000000001, PE=5.915398909229912e-17 after 181 steps
Step: 105 -  phi=0.5040000000000001, PE=8.33171709000467e-17 after 163 steps
Step: 106 -  phi=0.5050000000000001, PE=8.928081063203963e-17 after 165 steps
Step: 107 -  phi=0.5060000000000001, PE=5.31150274142218e-17 after 169 steps
Step: 108 -  phi=0.5070000000000001, PE=0.0 after 170 steps
Step: 109 -  phi=0.5080000000000001, PE=1.5657429128445628e-17 after 169 steps
Step: 110 -  phi=0.5090000000000001, PE=5.714586047606775e-17 after 166 steps
Step: 111 -  phi=0.5100000000000001, PE=7.140072910456808e-17 after 158 steps
Step: 112 -  phi=0.5110000000000001, PE=8.749123232972304e-17 after 184 steps
Step: 113 -  phi=0.5120000000000001, PE=1.9678689347433556e-17 after 151 steps
Step: 114 -  phi=0.5130000000000001, PE=9.463995752784312e-17 after 153 steps
Step: 115 -  phi=0.5140000000000001, PE=6.526163629931723e-17 after 145 steps
Step: 116 -  phi=0.5150000000000001, PE=8.186535952778734e-17 after 151 steps
Step: 117 -  phi=0.5160000000000001, PE=8.4593848391111e-17 after 145 steps
Step: 118 -  phi=0.5170000000000001, PE=4.710159902462818e-17 after 172 steps
Step: 119 -  phi=0.5180000000000001, PE=7.657643807652398e-17 after 217 steps
Step: 120 -  phi=0.5190000000000001, PE=5.4595031401421016e-17 after 205 steps
Step: 121 -  phi=0.5200000000000001, PE=1.984357189566035e-17 after 189 steps
Step: 122 -  phi=0.5210000000000001, PE=0.0 after 167 steps
Step: 123 -  phi=0.5220000000000001, PE=9.104682792343864e-17 after 207 steps
Step: 124 -  phi=0.5230000000000001, PE=2.6810643939755242e-17 after 158 steps
Step: 125 -  phi=0.5240000000000001, PE=3.543354759648437e-17 after 183 steps
Step: 126 -  phi=0.5250000000000001, PE=0.0 after 183 steps
Step: 127 -  phi=0.5260000000000001, PE=5.5426590621627366e-17 after 197 steps
Step: 128 -  phi=0.5270000000000001, PE=7.421474211304328e-17 after 216 steps
Step: 129 -  phi=0.5280000000000001, PE=0.0 after 178 steps
Step: 130 -  phi=0.5290000000000001, PE=0.0 after 187 steps
Step: 131 -  phi=0.5300000000000001, PE=0.0 after 173 steps
Step: 132 -  phi=0.5310000000000001, PE=9.371971139131197e-17 after 200 steps
Step: 133 -  phi=0.5320000000000001, PE=9.158003743859517e-17 after 211 steps
Step: 134 -  phi=0.5330000000000001, PE=6.130060576710366e-17 after 200 steps
Step: 135 -  phi=0.5340000000000001, PE=4.3782481970302036e-17 after 189 steps
Step: 136 -  phi=0.5350000000000001, PE=9.397901841261031e-17 after 197 steps
Step: 137 -  phi=0.5360000000000001, PE=7.362527721982584e-17 after 201 steps
Step: 138 -  phi=0.5370000000000001, PE=9.011644615399405e-17 after 179 steps
Step: 139 -  phi=0.5380000000000001, PE=8.860244470742477e-17 after 184 steps
Step: 140 -  phi=0.5390000000000001, PE=8.750488255708554e-17 after 179 steps
Step: 141 -  phi=0.5400000000000001, PE=7.57244190021683e-17 after 185 steps
Step: 142 -  phi=0.5410000000000001, PE=6.036604287516825e-17 after 164 steps
Step: 143 -  phi=0.5420000000000001, PE=0.0 after 169 steps
Step: 144 -  phi=0.5430000000000001, PE=6.503740680265796e-17 after 167 steps
Step: 145 -  phi=0.5440000000000002, PE=7.069556621219643e-17 after 182 steps
Step: 146 -  phi=0.5450000000000002, PE=9.71913305817723e-17 after 168 steps
Step: 147 -  phi=0.5460000000000002, PE=4.68774503060004e-17 after 165 steps
Step: 148 -  phi=0.5470000000000002, PE=9.20330677997296e-17 after 188 steps
Step: 149 -  phi=0.5480000000000002, PE=9.57480206642099e-17 after 187 steps
Step: 150 -  phi=0.5490000000000002, PE=8.374561177755837e-17 after 212 steps
Step: 151 -  phi=0.5500000000000002, PE=5.905266163200824e-17 after 211 steps
Step: 152 -  phi=0.5510000000000002, PE=9.97964254846269e-17 after 256 steps
Step: 153 -  phi=0.5520000000000002, PE=5.0171146316356884e-17 after 192 steps
Step: 154 -  phi=0.5530000000000002, PE=9.501637612827794e-17 after 231 steps
Step: 155 -  phi=0.5540000000000002, PE=8.847497261947226e-17 after 202 steps
Step: 156 -  phi=0.5550000000000002, PE=9.352974963919923e-17 after 207 steps
Step: 157 -  phi=0.5560000000000002, PE=8.373945221704736e-17 after 200 steps
Step: 158 -  phi=0.5570000000000002, PE=5.891819680882266e-17 after 201 steps
Step: 159 -  phi=0.5580000000000002, PE=9.547530228535937e-17 after 208 steps
Step: 160 -  phi=0.5590000000000002, PE=7.213094567634244e-17 after 197 steps
Step: 161 -  phi=0.5600000000000002, PE=8.111715258557151e-17 after 207 steps
Step: 162 -  phi=0.5610000000000002, PE=7.90261529095543e-17 after 206 steps
Step: 163 -  phi=0.5620000000000002, PE=0.0 after 184 steps
Step: 164 -  phi=0.5630000000000002, PE=7.009746809681522e-17 after 186 steps
Step: 165 -  phi=0.5640000000000002, PE=5.356390245749802e-17 after 192 steps
Step: 166 -  phi=0.5650000000000002, PE=9.509046092244919e-17 after 193 steps
Step: 167 -  phi=0.5660000000000002, PE=7.422309298521788e-17 after 186 steps
Step: 168 -  phi=0.5670000000000002, PE=0.0 after 187 steps
Step: 169 -  phi=0.5680000000000002, PE=4.127417634266354e-17 after 193 steps
Step: 170 -  phi=0.5690000000000002, PE=3.639901862105756e-17 after 174 steps
Step: 171 -  phi=0.5700000000000002, PE=6.558156418411033e-17 after 198 steps
Step: 172 -  phi=0.5710000000000002, PE=6.154356934301377e-17 after 179 steps
Step: 173 -  phi=0.5720000000000002, PE=8.991935540079425e-17 after 181 steps
Step: 174 -  phi=0.5730000000000002, PE=9.127257277203991e-17 after 165 steps
Step: 175 -  phi=0.5740000000000002, PE=0.0 after 166 steps
Step: 176 -  phi=0.5750000000000002, PE=7.919079801755845e-17 after 171 steps
Step: 177 -  phi=0.5760000000000002, PE=7.239810265742104e-17 after 173 steps
Step: 178 -  phi=0.5770000000000002, PE=7.506713246871621e-17 after 194 steps
Step: 179 -  phi=0.5780000000000002, PE=0.0 after 191 steps
Step: 180 -  phi=0.5790000000000002, PE=9.223290484122842e-17 after 215 steps
Step: 181 -  phi=0.5800000000000002, PE=7.792797512095199e-17 after 177 steps
Step: 182 -  phi=0.5810000000000002, PE=6.488347296357069e-17 after 165 steps
Step: 183 -  phi=0.5820000000000002, PE=9.233974336972682e-17 after 191 steps
Step: 184 -  phi=0.5830000000000002, PE=5.720079787274784e-17 after 168 steps
Step: 185 -  phi=0.5840000000000002, PE=9.669522569764215e-17 after 231 steps
Step: 186 -  phi=0.5850000000000002, PE=3.0652009597613883e-17 after 191 steps
Step: 187 -  phi=0.5860000000000002, PE=0.0 after 201 steps
Step: 188 -  phi=0.5870000000000002, PE=9.753482974873508e-17 after 221 steps
Step: 189 -  phi=0.5880000000000002, PE=7.325768353189511e-17 after 211 steps
Step: 190 -  phi=0.5890000000000002, PE=9.415892946217769e-17 after 260 steps
Step: 191 -  phi=0.5900000000000002, PE=9.102242495252074e-17 after 232 steps
Step: 192 -  phi=0.5910000000000002, PE=3.650260786251155e-17 after 205 steps
Step: 193 -  phi=0.5920000000000002, PE=9.341909419010047e-17 after 200 steps
Step: 194 -  phi=0.5930000000000002, PE=8.543066568554474e-17 after 191 steps
Step: 195 -  phi=0.5940000000000002, PE=3.424054413682586e-17 after 180 steps
Step: 196 -  phi=0.5950000000000002, PE=9.046743538739709e-17 after 188 steps
Step: 197 -  phi=0.5960000000000002, PE=7.03488196349856e-17 after 228 steps
Step: 198 -  phi=0.5970000000000002, PE=9.893650208159691e-17 after 236 steps
Step: 199 -  phi=0.5980000000000002, PE=0.0 after 204 steps
Step: 200 -  phi=0.5990000000000002, PE=6.794912098550379e-17 after 229 steps
Step: 201 -  phi=0.6000000000000002, PE=6.388680171611917e-17 after 218 steps
Step: 202 -  phi=0.6010000000000002, PE=9.149951751227292e-17 after 250 steps
Step: 203 -  phi=0.6020000000000002, PE=7.453778404869188e-17 after 204 steps
Step: 204 -  phi=0.6030000000000002, PE=8.252054664447095e-17 after 240 steps
Step: 205 -  phi=0.6040000000000002, PE=6.354823929444227e-17 after 218 steps
Step: 206 -  phi=0.6050000000000002, PE=9.301711308506042e-17 after 228 steps
Step: 207 -  phi=0.6060000000000002, PE=5.663037152812761e-17 after 228 steps
Step: 208 -  phi=0.6070000000000002, PE=7.549421014126242e-17 after 213 steps
Step: 209 -  phi=0.6080000000000002, PE=8.781041426401185e-17 after 251 steps
Step: 210 -  phi=0.6090000000000002, PE=3.952821817370685e-17 after 235 steps
Step: 211 -  phi=0.6100000000000002, PE=5.686751790180971e-17 after 227 steps
Step: 212 -  phi=0.6110000000000002, PE=8.198904158003634e-17 after 231 steps
Step: 213 -  phi=0.6120000000000002, PE=8.191810405113821e-17 after 236 steps
Step: 214 -  phi=0.6130000000000002, PE=4.965771001946823e-17 after 206 steps
Step: 215 -  phi=0.6140000000000002, PE=9.475383739372794e-17 after 211 steps
Step: 216 -  phi=0.6150000000000002, PE=9.517453991315442e-17 after 220 steps
Step: 217 -  phi=0.6160000000000002, PE=8.115956084437946e-17 after 213 steps
Step: 218 -  phi=0.6170000000000002, PE=0.0 after 196 steps
Step: 219 -  phi=0.6180000000000002, PE=6.397263034513891e-17 after 200 steps
Step: 220 -  phi=0.6190000000000002, PE=7.293252821117874e-17 after 219 steps
Step: 221 -  phi=0.6200000000000002, PE=4.39728230714509e-17 after 204 steps
Step: 222 -  phi=0.6210000000000002, PE=8.464176277438884e-17 after 235 steps
Step: 223 -  phi=0.6220000000000002, PE=9.290183590618546e-17 after 215 steps
Step: 224 -  phi=0.6230000000000002, PE=7.64224120521158e-17 after 226 steps
Step: 225 -  phi=0.6240000000000002, PE=7.954853702269638e-17 after 215 steps
Step: 226 -  phi=0.6250000000000002, PE=4.069366215398758e-17 after 232 steps
Step: 227 -  phi=0.6260000000000002, PE=9.485275813534324e-17 after 219 steps
Step: 228 -  phi=0.6270000000000002, PE=7.775844503475416e-17 after 198 steps
Step: 229 -  phi=0.6280000000000002, PE=9.035063127389938e-17 after 260 steps
Step: 230 -  phi=0.6290000000000002, PE=5.692632063737418e-17 after 204 steps
Step: 231 -  phi=0.6300000000000002, PE=6.949479523139849e-17 after 210 steps
Step: 232 -  phi=0.6310000000000002, PE=8.369826801314233e-17 after 238 steps
Step: 233 -  phi=0.6320000000000002, PE=9.236576196670913e-17 after 223 steps
Step: 234 -  phi=0.6330000000000002, PE=8.06449720705424e-17 after 239 steps
Step: 235 -  phi=0.6340000000000002, PE=6.401999773148649e-17 after 204 steps
Step: 236 -  phi=0.6350000000000002, PE=1.3092835600978987e-17 after 200 steps
Step: 237 -  phi=0.6360000000000002, PE=5.644106830328386e-17 after 199 steps
Step: 238 -  phi=0.6370000000000002, PE=5.832458882055217e-17 after 223 steps
Step: 239 -  phi=0.6380000000000002, PE=4.052501345522957e-17 after 207 steps
Step: 240 -  phi=0.6390000000000002, PE=5.227363146210283e-17 after 221 steps
Step: 241 -  phi=0.6400000000000002, PE=9.431358226491794e-17 after 246 steps
Step: 242 -  phi=0.6410000000000002, PE=9.325573023780942e-17 after 229 steps
Step: 243 -  phi=0.6420000000000002, PE=7.475618968176364e-17 after 223 steps
Step: 244 -  phi=0.6430000000000002, PE=7.263651758745295e-17 after 242 steps
Step: 245 -  phi=0.6440000000000002, PE=7.452538762125419e-17 after 219 steps
Step: 246 -  phi=0.6450000000000002, PE=2.0986838324912874e-17 after 204 steps
Step: 247 -  phi=0.6460000000000002, PE=5.282025102337481e-17 after 210 steps
Step: 248 -  phi=0.6470000000000002, PE=8.931310262098384e-17 after 203 steps
Step: 249 -  phi=0.6480000000000002, PE=6.916855083723238e-17 after 223 steps
Step: 250 -  phi=0.6490000000000002, PE=8.676663160157704e-17 after 224 steps
Step: 251 -  phi=0.6500000000000002, PE=9.868137584734922e-17 after 223 steps
Step: 252 -  phi=0.6510000000000002, PE=3.6510410738177117e-17 after 207 steps
Step: 253 -  phi=0.6520000000000002, PE=9.978091490492959e-17 after 240 steps
Step: 254 -  phi=0.6530000000000002, PE=9.47094471005262e-17 after 209 steps
Step: 255 -  phi=0.6540000000000002, PE=8.048758981441927e-17 after 230 steps
Step: 256 -  phi=0.6550000000000002, PE=5.537683929512587e-18 after 236 steps
Step: 257 -  phi=0.6560000000000002, PE=8.685743135447167e-17 after 241 steps
Step: 258 -  phi=0.6570000000000003, PE=3.029015226488974e-17 after 258 steps
Step: 259 -  phi=0.6580000000000003, PE=3.5102274549709015e-17 after 267 steps
Step: 260 -  phi=0.6590000000000003, PE=6.466522688093234e-17 after 228 steps
Step: 261 -  phi=0.6600000000000003, PE=9.546074520059803e-17 after 228 steps
Step: 262 -  phi=0.6610000000000003, PE=8.138579551435017e-17 after 237 steps
Step: 263 -  phi=0.6620000000000003, PE=5.4045175956681545e-17 after 190 steps
Step: 264 -  phi=0.6630000000000003, PE=7.577609049454286e-17 after 212 steps
Step: 265 -  phi=0.6640000000000003, PE=0.0 after 212 steps
Step: 266 -  phi=0.6650000000000003, PE=8.453922495284683e-17 after 218 steps
Step: 267 -  phi=0.6660000000000003, PE=8.976147120582634e-17 after 228 steps
Step: 268 -  phi=0.6670000000000003, PE=9.930903822362077e-17 after 235 steps
Step: 269 -  phi=0.6680000000000003, PE=9.148728580719863e-17 after 234 steps
Step: 270 -  phi=0.6690000000000003, PE=9.325658369054245e-17 after 244 steps
Step: 271 -  phi=0.6700000000000003, PE=9.081630426670779e-17 after 237 steps
Step: 272 -  phi=0.6710000000000003, PE=8.176743822878896e-17 after 242 steps
Step: 273 -  phi=0.6720000000000003, PE=9.625506511659364e-17 after 257 steps
Step: 274 -  phi=0.6730000000000003, PE=8.933329058367099e-17 after 249 steps
Step: 275 -  phi=0.6740000000000003, PE=1.7692289478561532e-17 after 235 steps
Step: 276 -  phi=0.6750000000000003, PE=9.860098013578118e-17 after 254 steps
Step: 277 -  phi=0.6760000000000003, PE=8.985895516204179e-17 after 259 steps
Step: 278 -  phi=0.6770000000000003, PE=9.412613947961764e-17 after 258 steps
Step: 279 -  phi=0.6780000000000003, PE=4.692909907247232e-17 after 253 steps
Step: 280 -  phi=0.6790000000000003, PE=4.4497231056358826e-17 after 253 steps
Step: 281 -  phi=0.6800000000000003, PE=7.843435423960849e-17 after 270 steps
Step: 282 -  phi=0.6810000000000003, PE=9.409743031126569e-17 after 278 steps
Step: 283 -  phi=0.6820000000000003, PE=9.466931389243233e-17 after 290 steps
Step: 284 -  phi=0.6830000000000003, PE=9.006762333538582e-17 after 293 steps
Step: 285 -  phi=0.6840000000000003, PE=6.954051744152307e-17 after 279 steps
Step: 286 -  phi=0.6850000000000003, PE=9.787273884424334e-17 after 241 steps
Step: 287 -  phi=0.6860000000000003, PE=8.310293868636376e-17 after 280 steps
Step: 288 -  phi=0.6870000000000003, PE=7.000790130901744e-17 after 261 steps
Step: 289 -  phi=0.6880000000000003, PE=9.834232820350423e-17 after 292 steps
Step: 290 -  phi=0.6890000000000003, PE=8.445588455647142e-17 after 260 steps
Step: 291 -  phi=0.6900000000000003, PE=3.133180570402432e-17 after 297 steps
Step: 292 -  phi=0.6910000000000003, PE=9.832502788002409e-17 after 295 steps
Step: 293 -  phi=0.6920000000000003, PE=6.767307286262739e-17 after 283 steps
Step: 294 -  phi=0.6930000000000003, PE=8.3563212012162e-17 after 281 steps
Step: 295 -  phi=0.6940000000000003, PE=9.320057714117945e-17 after 298 steps
Step: 296 -  phi=0.6950000000000003, PE=4.872417564141272e-17 after 294 steps
Step: 297 -  phi=0.6960000000000003, PE=7.68331485601489e-17 after 332 steps
Step: 298 -  phi=0.6970000000000003, PE=8.615497631938444e-17 after 329 steps
Step: 299 -  phi=0.6980000000000003, PE=9.667374242803681e-17 after 360 steps
Step: 300 -  phi=0.6990000000000003, PE=8.978233001170649e-17 after 364 steps
Step: 301 -  phi=0.7000000000000003, PE=8.2119096070738e-17 after 347 steps
Step: 302 -  phi=0.7010000000000003, PE=5.681352976087103e-17 after 330 steps
Step: 303 -  phi=0.7020000000000003, PE=7.411675832342556e-17 after 379 steps
Step: 304 -  phi=0.7030000000000003, PE=8.158400010050219e-17 after 377 steps
Step: 305 -  phi=0.7040000000000003, PE=9.384647395018438e-17 after 321 steps
Step: 306 -  phi=0.7050000000000003, PE=8.364083607778965e-17 after 374 steps
Step: 307 -  phi=0.7060000000000003, PE=6.866118802619521e-17 after 318 steps
Step: 308 -  phi=0.7070000000000003, PE=8.620154438091217e-17 after 405 steps
Step: 309 -  phi=0.7080000000000003, PE=9.687858129984662e-17 after 360 steps
Step: 310 -  phi=0.7090000000000003, PE=7.740314988494722e-17 after 343 steps
Step: 311 -  phi=0.7100000000000003, PE=9.915223826336637e-17 after 360 steps
Step: 312 -  phi=0.7110000000000003, PE=6.701761725005481e-17 after 338 steps
Step: 313 -  phi=0.7120000000000003, PE=9.305335772993463e-17 after 346 steps
Step: 314 -  phi=0.7130000000000003, PE=7.82092594525574e-17 after 359 steps
Step: 315 -  phi=0.7140000000000003, PE=9.935177108600228e-17 after 334 steps
Step: 316 -  phi=0.7150000000000003, PE=5.522322402013281e-17 after 352 steps
Step: 317 -  phi=0.7160000000000003, PE=6.849677663814043e-17 after 341 steps
Step: 318 -  phi=0.7170000000000003, PE=7.137522678279602e-17 after 334 steps
Step: 319 -  phi=0.7180000000000003, PE=9.214643448902189e-17 after 338 steps
Step: 320 -  phi=0.7190000000000003, PE=4.367609231180137e-17 after 338 steps
Step: 321 -  phi=0.7200000000000003, PE=8.796995915256436e-17 after 358 steps
Step: 322 -  phi=0.7210000000000003, PE=8.328473574835501e-17 after 365 steps
Step: 323 -  phi=0.7220000000000003, PE=8.666406520733712e-17 after 335 steps
Step: 324 -  phi=0.7230000000000003, PE=9.273608796936985e-17 after 330 steps
Step: 325 -  phi=0.7240000000000003, PE=9.800321633556554e-17 after 336 steps
Step: 326 -  phi=0.7250000000000003, PE=9.890486039216225e-17 after 347 steps
Step: 327 -  phi=0.7260000000000003, PE=8.66501581572408e-17 after 364 steps
Step: 328 -  phi=0.7270000000000003, PE=9.156507610180377e-17 after 354 steps
Step: 329 -  phi=0.7280000000000003, PE=7.724673881562432e-17 after 366 steps
Step: 330 -  phi=0.7290000000000003, PE=9.020925785976988e-17 after 354 steps
Step: 331 -  phi=0.7300000000000003, PE=8.412337572331102e-17 after 328 steps
Step: 332 -  phi=0.7310000000000003, PE=9.862108563093416e-17 after 354 steps
Step: 333 -  phi=0.7320000000000003, PE=1.7647752245361572e-17 after 364 steps
Step: 334 -  phi=0.7330000000000003, PE=8.012332498924409e-17 after 350 steps
Step: 335 -  phi=0.7340000000000003, PE=8.838587097095649e-17 after 362 steps
Step: 336 -  phi=0.7350000000000003, PE=8.28253084347371e-17 after 351 steps
Step: 337 -  phi=0.7360000000000003, PE=6.433468461519652e-17 after 340 steps
Step: 338 -  phi=0.7370000000000003, PE=9.766574396547113e-17 after 370 steps
Step: 339 -  phi=0.7380000000000003, PE=8.94383768592843e-17 after 403 steps
Step: 340 -  phi=0.7390000000000003, PE=9.861732396360195e-17 after 349 steps
Step: 341 -  phi=0.7400000000000003, PE=6.570102384270986e-17 after 331 steps
Step: 342 -  phi=0.7410000000000003, PE=9.861201792829457e-17 after 357 steps
Step: 343 -  phi=0.7420000000000003, PE=9.603994051846985e-17 after 336 steps
Step: 344 -  phi=0.7430000000000003, PE=8.210837725120547e-17 after 314 steps
Step: 345 -  phi=0.7440000000000003, PE=9.708382340132923e-17 after 324 steps
Step: 346 -  phi=0.7450000000000003, PE=9.49309067309985e-17 after 323 steps
Step: 347 -  phi=0.7460000000000003, PE=8.603318810019619e-17 after 341 steps
Step: 348 -  phi=0.7470000000000003, PE=8.40685201645034e-17 after 304 steps
Step: 349 -  phi=0.7480000000000003, PE=6.688157750686849e-17 after 315 steps
Step: 350 -  phi=0.7490000000000003, PE=9.57994699424191e-17 after 300 steps
Step: 351 -  phi=0.7500000000000003, PE=8.761907229894714e-17 after 297 steps
Step: 352 -  phi=0.7510000000000003, PE=9.6686812314968e-17 after 321 steps
Step: 353 -  phi=0.7520000000000003, PE=6.668375991930208e-17 after 331 steps
Step: 354 -  phi=0.7530000000000003, PE=7.689552947972076e-17 after 350 steps
Step: 355 -  phi=0.7540000000000003, PE=7.553970935690521e-17 after 325 steps
Step: 356 -  phi=0.7550000000000003, PE=9.231377547884743e-17 after 347 steps
Step: 357 -  phi=0.7560000000000003, PE=6.996523408236369e-17 after 339 steps
Step: 358 -  phi=0.7570000000000003, PE=8.099123782483339e-17 after 345 steps
Step: 359 -  phi=0.7580000000000003, PE=8.976240453971646e-17 after 369 steps
Step: 360 -  phi=0.7590000000000003, PE=4.9728251962847535e-17 after 362 steps
Step: 361 -  phi=0.7600000000000003, PE=9.853126891094978e-17 after 351 steps
Step: 362 -  phi=0.7610000000000003, PE=8.753350018593215e-17 after 361 steps
Step: 363 -  phi=0.7620000000000003, PE=9.52537435070953e-17 after 407 steps
Step: 364 -  phi=0.7630000000000003, PE=8.270363391982136e-17 after 380 steps
Step: 365 -  phi=0.7640000000000003, PE=8.780354546697305e-17 after 396 steps
Step: 366 -  phi=0.7650000000000003, PE=7.869125814389971e-17 after 404 steps
Step: 367 -  phi=0.7660000000000003, PE=9.279646630808048e-17 after 398 steps
Step: 368 -  phi=0.7670000000000003, PE=9.523045311653308e-17 after 419 steps
Step: 369 -  phi=0.7680000000000003, PE=8.047580597336443e-17 after 401 steps
Step: 370 -  phi=0.7690000000000003, PE=9.751922782658592e-17 after 399 steps
Step: 371 -  phi=0.7700000000000004, PE=9.253816617634562e-17 after 397 steps
Step: 372 -  phi=0.7710000000000004, PE=9.637969972172202e-17 after 383 steps
Step: 373 -  phi=0.7720000000000004, PE=8.845069631325933e-17 after 424 steps
Step: 374 -  phi=0.7730000000000004, PE=8.192170757330751e-17 after 444 steps
Step: 375 -  phi=0.7740000000000004, PE=7.020394645592735e-17 after 429 steps
Step: 376 -  phi=0.7750000000000004, PE=9.192439085479329e-17 after 404 steps
Step: 377 -  phi=0.7760000000000004, PE=9.388975595941132e-17 after 436 steps
Step: 378 -  phi=0.7770000000000004, PE=8.67460723833405e-17 after 414 steps
Step: 379 -  phi=0.7780000000000004, PE=8.083052396391506e-17 after 403 steps
Step: 380 -  phi=0.7790000000000004, PE=7.767814089038393e-17 after 432 steps
Step: 381 -  phi=0.7800000000000004, PE=8.692513147076381e-17 after 441 steps
Step: 382 -  phi=0.7810000000000004, PE=7.898457828333299e-17 after 462 steps
Step: 383 -  phi=0.7820000000000004, PE=7.768389025173686e-17 after 400 steps
Step: 384 -  phi=0.7830000000000004, PE=9.876813734424451e-17 after 458 steps
Step: 385 -  phi=0.7840000000000004, PE=9.231385584399257e-17 after 471 steps
Step: 386 -  phi=0.7850000000000004, PE=7.057550076218188e-17 after 452 steps
Step: 387 -  phi=0.7860000000000004, PE=8.585919297920853e-17 after 465 steps
Step: 388 -  phi=0.7870000000000004, PE=8.802010593836075e-17 after 490 steps
Step: 389 -  phi=0.7880000000000004, PE=9.842152562036804e-17 after 444 steps
Step: 390 -  phi=0.7890000000000004, PE=7.063547414734888e-17 after 449 steps
Step: 391 -  phi=0.7900000000000004, PE=8.496638111293049e-17 after 440 steps
Step: 392 -  phi=0.7910000000000004, PE=9.666373763819244e-17 after 467 steps
Step: 393 -  phi=0.7920000000000004, PE=9.856123746080843e-17 after 471 steps
Step: 394 -  phi=0.7930000000000004, PE=9.692667601910433e-17 after 452 steps
Step: 395 -  phi=0.7940000000000004, PE=7.801376093889822e-17 after 455 steps
Step: 396 -  phi=0.7950000000000004, PE=9.99010391736511e-17 after 465 steps
Step: 397 -  phi=0.7960000000000004, PE=8.523622971610349e-17 after 467 steps
Step: 398 -  phi=0.7970000000000004, PE=7.920497240159058e-17 after 525 steps
Step: 399 -  phi=0.7980000000000004, PE=8.432103848004718e-17 after 462 steps
Step: 400 -  phi=0.7990000000000004, PE=8.95298473033566e-17 after 480 steps
Step: 401 -  phi=0.8000000000000004, PE=9.64174037401996e-17 after 614 steps
Step: 402 -  phi=0.8010000000000004, PE=9.609603634722233e-17 after 541 steps
Step: 403 -  phi=0.8020000000000004, PE=9.306379790933494e-17 after 545 steps
Step: 404 -  phi=0.8030000000000004, PE=8.173919861639733e-17 after 575 steps
Step: 405 -  phi=0.8040000000000004, PE=9.596011308333128e-17 after 568 steps
Step: 406 -  phi=0.8050000000000004, PE=9.09566698346018e-17 after 492 steps
Step: 407 -  phi=0.8060000000000004, PE=9.641572160229844e-17 after 615 steps
Step: 408 -  phi=0.8070000000000004, PE=9.327997515002006e-17 after 589 steps
Step: 409 -  phi=0.8080000000000004, PE=8.842486866154036e-17 after 541 steps
Step: 410 -  phi=0.8090000000000004, PE=9.701239915442206e-17 after 597 steps
Step: 411 -  phi=0.8100000000000004, PE=7.476394732593746e-17 after 557 steps
Step: 412 -  phi=0.8110000000000004, PE=7.975241341547844e-17 after 601 steps
Step: 413 -  phi=0.8120000000000004, PE=7.50125491985651e-17 after 516 steps
Step: 414 -  phi=0.8130000000000004, PE=9.035374519766105e-17 after 532 steps
Step: 415 -  phi=0.8140000000000004, PE=7.986913381732941e-17 after 537 steps
Step: 416 -  phi=0.8150000000000004, PE=9.3511055279339e-17 after 602 steps
Step: 417 -  phi=0.8160000000000004, PE=9.651281953579481e-17 after 604 steps
Step: 418 -  phi=0.8170000000000004, PE=9.839832914454431e-17 after 547 steps
Step: 419 -  phi=0.8180000000000004, PE=9.950896028230636e-17 after 622 steps
Step: 420 -  phi=0.8190000000000004, PE=8.965340928403402e-17 after 624 steps
Step: 421 -  phi=0.8200000000000004, PE=9.781282502081738e-17 after 737 steps
Step: 422 -  phi=0.8210000000000004, PE=8.387432687699454e-17 after 610 steps
Step: 423 -  phi=0.8220000000000004, PE=9.197246808085997e-17 after 630 steps
Step: 424 -  phi=0.8230000000000004, PE=9.782601960850107e-17 after 659 steps
Step: 425 -  phi=0.8240000000000004, PE=9.753798646912391e-17 after 634 steps
Step: 426 -  phi=0.8250000000000004, PE=8.333584363120467e-17 after 578 steps
Step: 427 -  phi=0.8260000000000004, PE=8.394734219885805e-17 after 653 steps
Step: 428 -  phi=0.8270000000000004, PE=9.931332111878597e-17 after 686 steps
Step: 429 -  phi=0.8280000000000004, PE=9.729141268624595e-17 after 776 steps
Step: 430 -  phi=0.8290000000000004, PE=9.932930478665453e-17 after 928 steps
Step: 431 -  phi=0.8300000000000004, PE=8.191850478938398e-17 after 707 steps
Step: 432 -  phi=0.8310000000000004, PE=9.215295739085345e-17 after 820 steps
Step: 433 -  phi=0.8320000000000004, PE=7.952535394113313e-17 after 761 steps
Step: 434 -  phi=0.8330000000000004, PE=9.267106372712411e-17 after 731 steps
Step: 435 -  phi=0.8340000000000004, PE=9.799210036048504e-17 after 1004 steps
Step: 436 -  phi=0.8350000000000004, PE=9.645084962220188e-17 after 1265 steps
Step: 437 -  phi=0.8360000000000004, PE=9.889816319855118e-17 after 1058 steps
Step: 438 -  phi=0.8370000000000004, PE=9.864845676018648e-17 after 1019 steps
Step: 439 -  phi=0.8380000000000004, PE=9.140403319631313e-17 after 873 steps
Step: 440 -  phi=0.8390000000000004, PE=9.530871383912765e-17 after 892 steps
Step: 441 -  phi=0.8400000000000004, PE=9.997745803809132e-17 after 904 steps
Step: 442 -  phi=0.8410000000000004, PE=9.807103394650723e-17 after 1247 steps
Step: 443 -  phi=0.8420000000000004, PE=9.826880838815539e-17 after 1589 steps
Step: 444 -  phi=0.8430000000000004, PE=9.877403120147946e-17 after 1483 steps
Step: 445 -  phi=0.8440000000000004, PE=9.808050701943589e-17 after 1326 steps
Step: 446 -  phi=0.8450000000000004, PE=9.943058342940471e-17 after 1562 steps
Step: 447 -  phi=0.8460000000000004, PE=9.32358577206252e-17 after 2087 steps
Step: 448 -  phi=0.8470000000000004, PE=9.864350891483025e-17 after 2549 steps
Step: 449 -  phi=0.8480000000000004, PE=9.851345594570126e-17 after 2308 steps
Step: 450 -  phi=0.8490000000000004, PE=9.923264248187702e-17 after 2244 steps
Step: 451 -  phi=0.8500000000000004, PE=9.776703059464679e-17 after 2461 steps
Step: 452 -  phi=0.8510000000000004, PE=9.688046258374989e-17 after 2328 steps
Step: 453 -  phi=0.8520000000000004, PE=9.69895105971121e-17 after 2983 steps
Step: 454 -  phi=0.8530000000000004, PE=9.852380088586708e-17 after 3986 steps
Step: 455 -  phi=0.8540000000000004, PE=9.905739094353788e-17 after 4144 steps
Step: 456 -  phi=0.8550000000000004, PE=9.984245756804395e-17 after 13059 steps
Step: 457 -  phi=0.8560000000000004, PE=9.955542036535855e-17 after 9912 steps
Step: 458 -  phi=0.8570000000000004, PE=9.96719009289869e-17 after 38770 steps
Step: 459 -  phi=0.8580000000000004, PE=9.997664754293929e-17 after 65821 steps
Step: 460 -  phi=0.8590000000000004, PE=9.985927530680868e-17 after 24136 steps
Step: 461 -  phi=0.8600000000000004, PE=1.826904709017458e-10 after 174430 steps
Step: 462 -  phi=0.8595000000000004, PE=4.6451903638281324e-10 after 95534 steps
Step: 463 -  phi=0.8592500000000004, PE=9.998950401142904e-17 after 50644 steps
Step: 464 -  phi=0.8593750000000004, PE=9.999379469420054e-17 after 68886 steps
Step: 465 -  phi=0.8594375000000004, PE=9.997904786181842e-17 after 33696 steps
Step: 466 -  phi=0.8594687500000004, PE=9.996615287235416e-17 after 38064 steps
Step: 467 -  phi=0.8594843750000004, PE=9.996476795206372e-17 after 53649 steps
Step: 468 -  phi=0.8594921875000003, PE=9.997456907930747e-17 after 41842 steps
Step: 469 -  phi=0.8594960937500004, PE=9.999808720131776e-17 after 40834 steps
Step: 470 -  phi=0.8594980468750004, PE=9.993070222908092e-17 after 25637 steps
Step: 471 -  phi=0.8594990234375004, PE=9.999132483432454e-17 after 21448 steps
Step: 472 -  phi=0.8594995117187504, PE=9.998126441471581e-17 after 14638 steps
Step: 473 -  phi=0.8594997558593753, PE=9.993441250739334e-17 after 7806 steps
Step: 474 -  phi=0.8594998779296878, PE=9.999877334569944e-17 after 6731 steps
Step: 475 -  phi=0.8594999389648441, PE=9.998220108081348e-17 after 5584 steps
Step: 476 -  phi=0.8594999694824222, PE=9.99850255098773e-17 after 4393 steps
Step: 477 -  phi=0.8594999847412113, PE=9.997691193018213e-17 after 3364 steps
Step: 478 -  phi=0.8594999923706058, PE=9.99896621082633e-17 after 2495 steps
Step: 479 -  phi=0.8594999961853032, PE=9.999685956872671e-17 after 1806 steps
Step: 480 -  phi=0.8594999980926518, PE=9.999783873903326e-17 after 1291 steps
Step: 481 -  phi=0.8594999990463261, PE=9.999853377028872e-17 after 917 steps
Step: 482 -  phi=0.8594999995231632, PE=9.999687889703107e-17 after 654 steps
Step: 483 -  phi=0.8594999997615818, PE=9.99997062933629e-17 after 465 steps
Step: 484 -  phi=0.8594999998807911, PE=9.999984783790559e-17 after 334 steps
Step: 485 -  phi=0.8594999999403957, PE=9.999909122684581e-17 after 242 steps
Jammed: phi = 0.859500, residual PE = 1.000e-16
