The following modules were not unloaded:
  (Use "module --force purge" to unload all):

  1) StdEnv
E0627 13:01:26.462646 1150327 numa_hwloc.cc:121] Call to hwloc_set_cpubind() failed: Invalid argument [22]
sys:1: RuntimeWarning: h5: callable: skipping callable field 'user_pre_step_actions' (<PjitFunction of <function _save_state_system at 0x1529c3ef7ba0>>); handle explicitly
sys:1: RuntimeWarning: h5: callable: skipping callable field 'user_post_step_actions' (<PjitFunction of <function _save_state_system at 0x1529c3ef7ba0>>); handle explicitly
/home/rg2248/analysis/summer-26/jam/thomson/jam2d-thomson.py:74: RuntimeWarning: h5: callable: skipping callable field '0' (<function fire.<locals>.init at 0x15288d9ef100>); handle explicitly
  save(system, join(data_root, 'system.h5'))
/home/rg2248/analysis/summer-26/jam/thomson/jam2d-thomson.py:74: RuntimeWarning: h5: callable: skipping callable field '1' (<function fire.<locals>.update at 0x15288d9eefc0>); handle explicitly
  save(system, join(data_root, 'system.h5'))
Initial minimization took 0 steps.
Step: 1 -  phi=0.4, PE=0.0 after 0 steps
Step: 2 -  phi=0.401, PE=0.0 after 50 steps
Step: 3 -  phi=0.402, PE=0.0 after 72 steps
Step: 4 -  phi=0.403, PE=0.0 after 107 steps
Step: 5 -  phi=0.404, PE=9.81981168864006e-17 after 96 steps
Step: 6 -  phi=0.405, PE=9.627010487459578e-17 after 94 steps
Step: 7 -  phi=0.406, PE=0.0 after 102 steps
Step: 8 -  phi=0.40700000000000003, PE=0.0 after 96 steps
Step: 9 -  phi=0.40800000000000003, PE=0.0 after 119 steps
Step: 10 -  phi=0.40900000000000003, PE=0.0 after 87 steps
Step: 11 -  phi=0.41000000000000003, PE=3.0845621717948145e-17 after 106 steps
Step: 12 -  phi=0.41100000000000003, PE=0.0 after 95 steps
Step: 13 -  phi=0.41200000000000003, PE=0.0 after 97 steps
Step: 14 -  phi=0.41300000000000003, PE=0.0 after 93 steps
Step: 15 -  phi=0.41400000000000003, PE=9.990176614738596e-17 after 95 steps
Step: 16 -  phi=0.41500000000000004, PE=1.510536078408508e-17 after 123 steps
Step: 17 -  phi=0.41600000000000004, PE=6.576067760173738e-17 after 164 steps
Step: 18 -  phi=0.41700000000000004, PE=2.643436932147375e-17 after 126 steps
Step: 19 -  phi=0.41800000000000004, PE=2.551330212961151e-17 after 122 steps
Step: 20 -  phi=0.41900000000000004, PE=3.109392096150371e-17 after 106 steps
Step: 21 -  phi=0.42000000000000004, PE=6.91119970566239e-17 after 123 steps
Step: 22 -  phi=0.42100000000000004, PE=0.0 after 78 steps
Step: 23 -  phi=0.42200000000000004, PE=5.505073216671453e-18 after 105 steps
Step: 24 -  phi=0.42300000000000004, PE=0.0 after 80 steps
Step: 25 -  phi=0.42400000000000004, PE=7.365156483656639e-18 after 126 steps
Step: 26 -  phi=0.42500000000000004, PE=9.504295261697915e-17 after 116 steps
Step: 27 -  phi=0.42600000000000005, PE=0.0 after 99 steps
Step: 28 -  phi=0.42700000000000005, PE=0.0 after 80 steps
Step: 29 -  phi=0.42800000000000005, PE=5.810855510743111e-17 after 96 steps
Step: 30 -  phi=0.42900000000000005, PE=0.0 after 76 steps
Step: 31 -  phi=0.43000000000000005, PE=8.24741118233981e-17 after 83 steps
Step: 32 -  phi=0.43100000000000005, PE=9.686756237560527e-17 after 101 steps
Step: 33 -  phi=0.43200000000000005, PE=2.2764384609599996e-17 after 107 steps
Step: 34 -  phi=0.43300000000000005, PE=9.2772079195451e-17 after 147 steps
Step: 35 -  phi=0.43400000000000005, PE=2.2059331994458906e-17 after 124 steps
Step: 36 -  phi=0.43500000000000005, PE=1.791016292998239e-17 after 108 steps
Step: 37 -  phi=0.43600000000000005, PE=3.221154412771811e-17 after 105 steps
Step: 38 -  phi=0.43700000000000006, PE=0.0 after 104 steps
Step: 39 -  phi=0.43800000000000006, PE=9.042292634953732e-17 after 106 steps
Step: 40 -  phi=0.43900000000000006, PE=7.1395183555199e-17 after 102 steps
Step: 41 -  phi=0.44000000000000006, PE=5.4593800289678953e-17 after 182 steps
Step: 42 -  phi=0.44100000000000006, PE=1.3846017026607473e-20 after 109 steps
Step: 43 -  phi=0.44200000000000006, PE=6.485851605486795e-17 after 131 steps
Step: 44 -  phi=0.44300000000000006, PE=7.077257020271101e-18 after 165 steps
Step: 45 -  phi=0.44400000000000006, PE=3.286011650962452e-17 after 142 steps
Step: 46 -  phi=0.44500000000000006, PE=7.346778010600583e-17 after 119 steps
Step: 47 -  phi=0.44600000000000006, PE=5.821796277904358e-17 after 144 steps
Step: 48 -  phi=0.44700000000000006, PE=5.387297894427068e-17 after 121 steps
Step: 49 -  phi=0.44800000000000006, PE=9.850223306661855e-17 after 172 steps
Step: 50 -  phi=0.44900000000000007, PE=0.0 after 105 steps
Step: 51 -  phi=0.45000000000000007, PE=6.049796244198587e-17 after 147 steps
Step: 52 -  phi=0.45100000000000007, PE=9.622359390150782e-17 after 149 steps
Step: 53 -  phi=0.45200000000000007, PE=4.110188433711847e-17 after 137 steps
Step: 54 -  phi=0.45300000000000007, PE=2.8178382994685446e-17 after 160 steps
Step: 55 -  phi=0.45400000000000007, PE=0.0 after 128 steps
Step: 56 -  phi=0.45500000000000007, PE=7.272462457162809e-17 after 168 steps
Step: 57 -  phi=0.45600000000000007, PE=0.0 after 117 steps
Step: 58 -  phi=0.4570000000000001, PE=0.0 after 131 steps
Step: 59 -  phi=0.4580000000000001, PE=2.808654916897259e-17 after 131 steps
Step: 60 -  phi=0.4590000000000001, PE=9.130131141755976e-17 after 155 steps
Step: 61 -  phi=0.4600000000000001, PE=6.01813270748733e-17 after 124 steps
Step: 62 -  phi=0.4610000000000001, PE=7.234309804204999e-17 after 134 steps
Step: 63 -  phi=0.4620000000000001, PE=0.0 after 131 steps
Step: 64 -  phi=0.4630000000000001, PE=9.090016910162786e-17 after 138 steps
Step: 65 -  phi=0.4640000000000001, PE=4.508703923181764e-17 after 126 steps
Step: 66 -  phi=0.4650000000000001, PE=4.354370698498063e-17 after 142 steps
Step: 67 -  phi=0.4660000000000001, PE=8.34165403406421e-17 after 154 steps
Step: 68 -  phi=0.4670000000000001, PE=0.0 after 133 steps
Step: 69 -  phi=0.4680000000000001, PE=0.0 after 123 steps
Step: 70 -  phi=0.4690000000000001, PE=6.336359586366462e-17 after 153 steps
Step: 71 -  phi=0.4700000000000001, PE=4.841503209873884e-17 after 156 steps
Step: 72 -  phi=0.4710000000000001, PE=6.746866229034895e-17 after 153 steps
Step: 73 -  phi=0.4720000000000001, PE=0.0 after 118 steps
Step: 74 -  phi=0.4730000000000001, PE=0.0 after 117 steps
Step: 75 -  phi=0.4740000000000001, PE=2.612987685217368e-17 after 126 steps
Step: 76 -  phi=0.4750000000000001, PE=8.893365345610487e-17 after 149 steps
Step: 77 -  phi=0.4760000000000001, PE=0.0 after 117 steps
Step: 78 -  phi=0.4770000000000001, PE=9.58842546433263e-17 after 153 steps
Step: 79 -  phi=0.4780000000000001, PE=9.561065682014102e-17 after 130 steps
Step: 80 -  phi=0.4790000000000001, PE=9.268826075226063e-17 after 128 steps
Step: 81 -  phi=0.4800000000000001, PE=7.025218504962194e-17 after 166 steps
Step: 82 -  phi=0.4810000000000001, PE=6.212627716575497e-17 after 160 steps
Step: 83 -  phi=0.4820000000000001, PE=6.536237348106928e-17 after 143 steps
Step: 84 -  phi=0.4830000000000001, PE=9.39553519320178e-17 after 172 steps
Step: 85 -  phi=0.4840000000000001, PE=0.0 after 138 steps
Step: 86 -  phi=0.4850000000000001, PE=8.290926164861511e-17 after 165 steps
Step: 87 -  phi=0.4860000000000001, PE=5.563691124311569e-17 after 132 steps
Step: 88 -  phi=0.4870000000000001, PE=0.0 after 130 steps
Step: 89 -  phi=0.4880000000000001, PE=7.680912024464801e-17 after 156 steps
Step: 90 -  phi=0.4890000000000001, PE=0.0 after 140 steps
Step: 91 -  phi=0.4900000000000001, PE=6.007224041618885e-18 after 145 steps
Step: 92 -  phi=0.4910000000000001, PE=1.9633199705503915e-17 after 124 steps
Step: 93 -  phi=0.4920000000000001, PE=9.862035617273139e-17 after 149 steps
Step: 94 -  phi=0.4930000000000001, PE=9.540278949355481e-17 after 144 steps
Step: 95 -  phi=0.4940000000000001, PE=1.5907833272382453e-17 after 130 steps
Step: 96 -  phi=0.4950000000000001, PE=7.613937511030683e-17 after 157 steps
Step: 97 -  phi=0.4960000000000001, PE=2.2958137570128712e-17 after 138 steps
Step: 98 -  phi=0.4970000000000001, PE=0.0 after 122 steps
Step: 99 -  phi=0.4980000000000001, PE=7.80056969969297e-17 after 148 steps
Step: 100 -  phi=0.4990000000000001, PE=8.706621052520193e-17 after 132 steps
Step: 101 -  phi=0.5000000000000001, PE=2.494333785968129e-17 after 139 steps
Step: 102 -  phi=0.5010000000000001, PE=8.985635187475878e-17 after 128 steps
Step: 103 -  phi=0.5020000000000001, PE=9.217716318797445e-17 after 125 steps
Step: 104 -  phi=0.5030000000000001, PE=0.0 after 122 steps
Step: 105 -  phi=0.5040000000000001, PE=9.719651603364483e-17 after 143 steps
Step: 106 -  phi=0.5050000000000001, PE=6.873416197213856e-17 after 122 steps
Step: 107 -  phi=0.5060000000000001, PE=0.0 after 133 steps
Step: 108 -  phi=0.5070000000000001, PE=9.924413259599855e-17 after 151 steps
Step: 109 -  phi=0.5080000000000001, PE=4.180848962946553e-18 after 111 steps
Step: 110 -  phi=0.5090000000000001, PE=7.601696351032738e-17 after 128 steps
Step: 111 -  phi=0.5100000000000001, PE=9.690985103332e-17 after 151 steps
Step: 112 -  phi=0.5110000000000001, PE=9.18418356204204e-17 after 125 steps
Step: 113 -  phi=0.5120000000000001, PE=0.0 after 130 steps
Step: 114 -  phi=0.5130000000000001, PE=8.050211412223329e-17 after 127 steps
Step: 115 -  phi=0.5140000000000001, PE=4.886643635492292e-17 after 118 steps
Step: 116 -  phi=0.5150000000000001, PE=2.7559224473842422e-17 after 118 steps
Step: 117 -  phi=0.5160000000000001, PE=2.851325413918649e-17 after 150 steps
Step: 118 -  phi=0.5170000000000001, PE=0.0 after 148 steps
Step: 119 -  phi=0.5180000000000001, PE=9.384222981704253e-17 after 150 steps
Step: 120 -  phi=0.5190000000000001, PE=3.376105638585664e-17 after 139 steps
Step: 121 -  phi=0.5200000000000001, PE=9.879554872986907e-17 after 197 steps
Step: 122 -  phi=0.5210000000000001, PE=0.0 after 150 steps
Step: 123 -  phi=0.5220000000000001, PE=9.705988467396024e-17 after 154 steps
Step: 124 -  phi=0.5230000000000001, PE=9.730542043213351e-17 after 168 steps
Step: 125 -  phi=0.5240000000000001, PE=7.698411694123834e-19 after 146 steps
Step: 126 -  phi=0.5250000000000001, PE=5.599852883800334e-17 after 141 steps
Step: 127 -  phi=0.5260000000000001, PE=8.283096353049866e-17 after 159 steps
Step: 128 -  phi=0.5270000000000001, PE=5.974378315782848e-17 after 170 steps
Step: 129 -  phi=0.5280000000000001, PE=5.964843008924728e-17 after 148 steps
Step: 130 -  phi=0.5290000000000001, PE=1.2219328275244378e-17 after 148 steps
Step: 131 -  phi=0.5300000000000001, PE=4.2398838737676374e-17 after 152 steps
Step: 132 -  phi=0.5310000000000001, PE=9.310613589154552e-17 after 154 steps
Step: 133 -  phi=0.5320000000000001, PE=9.653624723187461e-17 after 154 steps
Step: 134 -  phi=0.5330000000000001, PE=4.031558411377726e-17 after 150 steps
Step: 135 -  phi=0.5340000000000001, PE=9.967396170607143e-17 after 157 steps
Step: 136 -  phi=0.5350000000000001, PE=0.0 after 148 steps
Step: 137 -  phi=0.5360000000000001, PE=9.714657642041206e-17 after 175 steps
Step: 138 -  phi=0.5370000000000001, PE=9.858037957111934e-17 after 164 steps
Step: 139 -  phi=0.5380000000000001, PE=9.600059101926426e-17 after 169 steps
Step: 140 -  phi=0.5390000000000001, PE=9.097107805652679e-17 after 155 steps
Step: 141 -  phi=0.5400000000000001, PE=9.259511292725114e-17 after 226 steps
Step: 142 -  phi=0.5410000000000001, PE=6.715861515858008e-19 after 160 steps
Step: 143 -  phi=0.5420000000000001, PE=4.5680694552699345e-17 after 154 steps
Step: 144 -  phi=0.5430000000000001, PE=5.500943552240971e-17 after 167 steps
Step: 145 -  phi=0.5440000000000002, PE=8.571803455503117e-17 after 151 steps
Step: 146 -  phi=0.5450000000000002, PE=3.388221322086491e-17 after 157 steps
Step: 147 -  phi=0.5460000000000002, PE=2.885584712308743e-17 after 167 steps
Step: 148 -  phi=0.5470000000000002, PE=3.544730643017619e-17 after 149 steps
Step: 149 -  phi=0.5480000000000002, PE=0.0 after 131 steps
Step: 150 -  phi=0.5490000000000002, PE=8.475359123786259e-17 after 153 steps
Step: 151 -  phi=0.5500000000000002, PE=8.609646321189807e-17 after 147 steps
Step: 152 -  phi=0.5510000000000002, PE=9.75498754700674e-17 after 151 steps
Step: 153 -  phi=0.5520000000000002, PE=5.919735978815404e-17 after 155 steps
Step: 154 -  phi=0.5530000000000002, PE=4.475340976327639e-17 after 147 steps
Step: 155 -  phi=0.5540000000000002, PE=1.2125898178565641e-17 after 154 steps
Step: 156 -  phi=0.5550000000000002, PE=5.415173736730545e-17 after 141 steps
Step: 157 -  phi=0.5560000000000002, PE=8.676885320144694e-17 after 154 steps
Step: 158 -  phi=0.5570000000000002, PE=5.532594913672407e-18 after 152 steps
Step: 159 -  phi=0.5580000000000002, PE=5.668242090316107e-17 after 167 steps
Step: 160 -  phi=0.5590000000000002, PE=8.796549465482393e-17 after 170 steps
Step: 161 -  phi=0.5600000000000002, PE=5.610781184398267e-17 after 167 steps
Step: 162 -  phi=0.5610000000000002, PE=7.430689144279458e-17 after 157 steps
Step: 163 -  phi=0.5620000000000002, PE=5.220791737160865e-17 after 166 steps
Step: 164 -  phi=0.5630000000000002, PE=9.942730222527139e-17 after 177 steps
Step: 165 -  phi=0.5640000000000002, PE=8.465297105794938e-17 after 170 steps
Step: 166 -  phi=0.5650000000000002, PE=7.859108133812429e-17 after 153 steps
Step: 167 -  phi=0.5660000000000002, PE=8.109574314228806e-17 after 166 steps
Step: 168 -  phi=0.5670000000000002, PE=3.526660118378282e-17 after 146 steps
Step: 169 -  phi=0.5680000000000002, PE=3.28931283048635e-17 after 135 steps
Step: 170 -  phi=0.5690000000000002, PE=1.5536909038336495e-17 after 152 steps
Step: 171 -  phi=0.5700000000000002, PE=9.690252588000414e-17 after 164 steps
Step: 172 -  phi=0.5710000000000002, PE=7.901997767556404e-17 after 155 steps
Step: 173 -  phi=0.5720000000000002, PE=3.836332084572314e-17 after 161 steps
Step: 174 -  phi=0.5730000000000002, PE=8.244569584459876e-17 after 174 steps
Step: 175 -  phi=0.5740000000000002, PE=7.353396480567021e-17 after 179 steps
Step: 176 -  phi=0.5750000000000002, PE=8.520415329368343e-17 after 223 steps
Step: 177 -  phi=0.5760000000000002, PE=5.4909508741056965e-17 after 206 steps
Step: 178 -  phi=0.5770000000000002, PE=3.551914660321056e-18 after 214 steps
Step: 179 -  phi=0.5780000000000002, PE=7.924012915131369e-17 after 204 steps
Step: 180 -  phi=0.5790000000000002, PE=4.430262607266192e-17 after 171 steps
Step: 181 -  phi=0.5800000000000002, PE=7.801474969324977e-17 after 199 steps
Step: 182 -  phi=0.5810000000000002, PE=6.45247812421815e-17 after 187 steps
Step: 183 -  phi=0.5820000000000002, PE=7.328863854957785e-17 after 184 steps
Step: 184 -  phi=0.5830000000000002, PE=0.0 after 187 steps
Step: 185 -  phi=0.5840000000000002, PE=6.952847821104195e-17 after 215 steps
Step: 186 -  phi=0.5850000000000002, PE=9.4793698185586e-17 after 244 steps
Step: 187 -  phi=0.5860000000000002, PE=7.71165533941076e-17 after 224 steps
Step: 188 -  phi=0.5870000000000002, PE=8.696699498955347e-17 after 211 steps
Step: 189 -  phi=0.5880000000000002, PE=6.379659943143182e-17 after 200 steps
Step: 190 -  phi=0.5890000000000002, PE=4.805139634436097e-17 after 203 steps
Step: 191 -  phi=0.5900000000000002, PE=8.095443238944311e-17 after 206 steps
Step: 192 -  phi=0.5910000000000002, PE=7.873561383345712e-17 after 205 steps
Step: 193 -  phi=0.5920000000000002, PE=9.018113090907803e-17 after 204 steps
Step: 194 -  phi=0.5930000000000002, PE=7.303714006716307e-17 after 197 steps
Step: 195 -  phi=0.5940000000000002, PE=7.857637147249225e-17 after 231 steps
Step: 196 -  phi=0.5950000000000002, PE=6.221813190153874e-17 after 213 steps
Step: 197 -  phi=0.5960000000000002, PE=0.0 after 202 steps
Step: 198 -  phi=0.5970000000000002, PE=8.117881447352742e-17 after 208 steps
Step: 199 -  phi=0.5980000000000002, PE=6.269933292959425e-17 after 194 steps
Step: 200 -  phi=0.5990000000000002, PE=3.806014518983123e-17 after 184 steps
Step: 201 -  phi=0.6000000000000002, PE=9.002007063135548e-17 after 212 steps
Step: 202 -  phi=0.6010000000000002, PE=0.0 after 198 steps
Step: 203 -  phi=0.6020000000000002, PE=4.075921114777446e-18 after 177 steps
Step: 204 -  phi=0.6030000000000002, PE=8.592344718115157e-17 after 221 steps
Step: 205 -  phi=0.6040000000000002, PE=0.0 after 184 steps
Step: 206 -  phi=0.6050000000000002, PE=5.133988166329261e-17 after 199 steps
Step: 207 -  phi=0.6060000000000002, PE=8.400317959872252e-17 after 190 steps
Step: 208 -  phi=0.6070000000000002, PE=9.556709795514128e-17 after 210 steps
Step: 209 -  phi=0.6080000000000002, PE=8.458335195455403e-17 after 214 steps
Step: 210 -  phi=0.6090000000000002, PE=0.0 after 198 steps
Step: 211 -  phi=0.6100000000000002, PE=8.341145255255509e-17 after 226 steps
Step: 212 -  phi=0.6110000000000002, PE=9.914656914187784e-17 after 278 steps
Step: 213 -  phi=0.6120000000000002, PE=7.819753793303808e-17 after 231 steps
Step: 214 -  phi=0.6130000000000002, PE=0.0 after 221 steps
Step: 215 -  phi=0.6140000000000002, PE=7.154536168378745e-17 after 225 steps
Step: 216 -  phi=0.6150000000000002, PE=4.447514061321143e-17 after 205 steps
Step: 217 -  phi=0.6160000000000002, PE=8.234332126780124e-17 after 252 steps
Step: 218 -  phi=0.6170000000000002, PE=8.854356709122504e-17 after 224 steps
Step: 219 -  phi=0.6180000000000002, PE=4.1932792337290136e-17 after 242 steps
Step: 220 -  phi=0.6190000000000002, PE=5.1462832221869336e-17 after 269 steps
Step: 221 -  phi=0.6200000000000002, PE=8.514306499048273e-17 after 236 steps
Step: 222 -  phi=0.6210000000000002, PE=8.333519465446783e-17 after 233 steps
Step: 223 -  phi=0.6220000000000002, PE=0.0 after 231 steps
Step: 224 -  phi=0.6230000000000002, PE=9.216475617444382e-17 after 244 steps
Step: 225 -  phi=0.6240000000000002, PE=8.953204528360367e-17 after 234 steps
Step: 226 -  phi=0.6250000000000002, PE=9.531089268741904e-17 after 242 steps
Step: 227 -  phi=0.6260000000000002, PE=5.747821399571469e-17 after 234 steps
Step: 228 -  phi=0.6270000000000002, PE=3.941545525983534e-17 after 240 steps
Step: 229 -  phi=0.6280000000000002, PE=0.0 after 224 steps
Step: 230 -  phi=0.6290000000000002, PE=9.62293181606584e-17 after 246 steps
Step: 231 -  phi=0.6300000000000002, PE=9.423846308725257e-17 after 235 steps
Step: 232 -  phi=0.6310000000000002, PE=9.550709789503673e-17 after 231 steps
Step: 233 -  phi=0.6320000000000002, PE=8.474269449746274e-17 after 254 steps
Step: 234 -  phi=0.6330000000000002, PE=2.7040527100024562e-17 after 232 steps
Step: 235 -  phi=0.6340000000000002, PE=5.65854795287748e-17 after 232 steps
Step: 236 -  phi=0.6350000000000002, PE=0.0 after 217 steps
Step: 237 -  phi=0.6360000000000002, PE=8.264548558733835e-17 after 232 steps
Step: 238 -  phi=0.6370000000000002, PE=8.53903400840397e-17 after 213 steps
Step: 239 -  phi=0.6380000000000002, PE=9.281893000044549e-17 after 273 steps
Step: 240 -  phi=0.6390000000000002, PE=0.0 after 231 steps
Step: 241 -  phi=0.6400000000000002, PE=7.860370004176671e-17 after 249 steps
Step: 242 -  phi=0.6410000000000002, PE=9.096208131039296e-17 after 262 steps
Step: 243 -  phi=0.6420000000000002, PE=7.366265314442754e-17 after 254 steps
Step: 244 -  phi=0.6430000000000002, PE=7.932473805132861e-17 after 284 steps
Step: 245 -  phi=0.6440000000000002, PE=8.780899337902265e-17 after 258 steps
Step: 246 -  phi=0.6450000000000002, PE=9.450068427421238e-17 after 293 steps
Step: 247 -  phi=0.6460000000000002, PE=6.80173974366571e-17 after 265 steps
Step: 248 -  phi=0.6470000000000002, PE=6.158465833434117e-17 after 236 steps
Step: 249 -  phi=0.6480000000000002, PE=9.89232521668483e-17 after 244 steps
Step: 250 -  phi=0.6490000000000002, PE=8.896674358594305e-17 after 262 steps
Step: 251 -  phi=0.6500000000000002, PE=6.570788076856475e-17 after 283 steps
Step: 252 -  phi=0.6510000000000002, PE=9.671228395863018e-17 after 346 steps
Step: 253 -  phi=0.6520000000000002, PE=6.553150479011005e-17 after 247 steps
Step: 254 -  phi=0.6530000000000002, PE=5.045453138055917e-17 after 262 steps
Step: 255 -  phi=0.6540000000000002, PE=8.346059767590549e-17 after 251 steps
Step: 256 -  phi=0.6550000000000002, PE=8.091380138950855e-17 after 233 steps
Step: 257 -  phi=0.6560000000000002, PE=9.40789105685837e-17 after 261 steps
Step: 258 -  phi=0.6570000000000003, PE=6.524474077750603e-17 after 227 steps
Step: 259 -  phi=0.6580000000000003, PE=9.615004567656487e-17 after 257 steps
Step: 260 -  phi=0.6590000000000003, PE=6.2092158207014e-17 after 234 steps
Step: 261 -  phi=0.6600000000000003, PE=5.2676744896652437e-17 after 227 steps
Step: 262 -  phi=0.6610000000000003, PE=8.936436701382164e-17 after 246 steps
Step: 263 -  phi=0.6620000000000003, PE=9.494481904082929e-17 after 258 steps
Step: 264 -  phi=0.6630000000000003, PE=2.4229767440646072e-17 after 236 steps
Step: 265 -  phi=0.6640000000000003, PE=7.922102358931126e-17 after 238 steps
Step: 266 -  phi=0.6650000000000003, PE=9.820602421846756e-17 after 246 steps
Step: 267 -  phi=0.6660000000000003, PE=7.391121836995352e-17 after 256 steps
Step: 268 -  phi=0.6670000000000003, PE=6.062594765115371e-17 after 299 steps
Step: 269 -  phi=0.6680000000000003, PE=9.255480526739789e-17 after 256 steps
Step: 270 -  phi=0.6690000000000003, PE=5.943839467629155e-17 after 251 steps
Step: 271 -  phi=0.6700000000000003, PE=4.468396021032647e-17 after 244 steps
Step: 272 -  phi=0.6710000000000003, PE=8.510002983821159e-17 after 261 steps
Step: 273 -  phi=0.6720000000000003, PE=8.890542886966923e-17 after 263 steps
Step: 274 -  phi=0.6730000000000003, PE=3.6136533826880155e-17 after 280 steps
Step: 275 -  phi=0.6740000000000003, PE=8.542085725207069e-17 after 378 steps
Step: 276 -  phi=0.6750000000000003, PE=9.073861384843327e-17 after 292 steps
Step: 277 -  phi=0.6760000000000003, PE=9.500496499125853e-17 after 273 steps
Step: 278 -  phi=0.6770000000000003, PE=9.884506721760943e-17 after 270 steps
Step: 279 -  phi=0.6780000000000003, PE=8.22821293664295e-17 after 286 steps
Step: 280 -  phi=0.6790000000000003, PE=5.4078885888689835e-17 after 275 steps
Step: 281 -  phi=0.6800000000000003, PE=5.162873779137182e-17 after 292 steps
Step: 282 -  phi=0.6810000000000003, PE=8.822652708288838e-17 after 330 steps
Step: 283 -  phi=0.6820000000000003, PE=5.036338962632418e-17 after 291 steps
Step: 284 -  phi=0.6830000000000003, PE=9.054879780520207e-17 after 293 steps
Step: 285 -  phi=0.6840000000000003, PE=6.462960941132775e-17 after 283 steps
Step: 286 -  phi=0.6850000000000003, PE=9.189450515295041e-17 after 314 steps
Step: 287 -  phi=0.6860000000000003, PE=9.753322852596136e-17 after 327 steps
Step: 288 -  phi=0.6870000000000003, PE=9.060602333476479e-17 after 296 steps
Step: 289 -  phi=0.6880000000000003, PE=9.742794844110694e-17 after 312 steps
Step: 290 -  phi=0.6890000000000003, PE=7.441704738187632e-17 after 298 steps
Step: 291 -  phi=0.6900000000000003, PE=6.84265923751314e-17 after 320 steps
Step: 292 -  phi=0.6910000000000003, PE=9.504730185830843e-17 after 344 steps
Step: 293 -  phi=0.6920000000000003, PE=9.381232045677278e-17 after 313 steps
Step: 294 -  phi=0.6930000000000003, PE=9.827470397869881e-17 after 317 steps
Step: 295 -  phi=0.6940000000000003, PE=9.787184433536232e-17 after 349 steps
Step: 296 -  phi=0.6950000000000003, PE=6.265810268262821e-17 after 282 steps
Step: 297 -  phi=0.6960000000000003, PE=8.721921680438432e-17 after 359 steps
Step: 298 -  phi=0.6970000000000003, PE=9.209893697908983e-17 after 319 steps
Step: 299 -  phi=0.6980000000000003, PE=8.426515873125369e-17 after 422 steps
Step: 300 -  phi=0.6990000000000003, PE=8.297246550572679e-17 after 309 steps
Step: 301 -  phi=0.7000000000000003, PE=8.270641566564575e-17 after 323 steps
Step: 302 -  phi=0.7010000000000003, PE=8.274638869771198e-17 after 381 steps
Step: 303 -  phi=0.7020000000000003, PE=7.888289608080416e-17 after 343 steps
Step: 304 -  phi=0.7030000000000003, PE=9.918216129843544e-17 after 334 steps
Step: 305 -  phi=0.7040000000000003, PE=7.045888366245736e-17 after 350 steps
Step: 306 -  phi=0.7050000000000003, PE=5.574454038515348e-17 after 323 steps
Step: 307 -  phi=0.7060000000000003, PE=6.17930752836198e-17 after 326 steps
Step: 308 -  phi=0.7070000000000003, PE=9.576787455056614e-17 after 354 steps
Step: 309 -  phi=0.7080000000000003, PE=8.988129863738862e-17 after 363 steps
Step: 310 -  phi=0.7090000000000003, PE=5.078160832864269e-17 after 343 steps
Step: 311 -  phi=0.7100000000000003, PE=8.875991793440423e-17 after 376 steps
Step: 312 -  phi=0.7110000000000003, PE=8.70248745108268e-17 after 329 steps
Step: 313 -  phi=0.7120000000000003, PE=9.351147203728744e-17 after 385 steps
Step: 314 -  phi=0.7130000000000003, PE=9.82566746012077e-17 after 426 steps
Step: 315 -  phi=0.7140000000000003, PE=8.405535477175126e-17 after 430 steps
Step: 316 -  phi=0.7150000000000003, PE=9.230065520892249e-17 after 442 steps
Step: 317 -  phi=0.7160000000000003, PE=9.634485783984989e-17 after 528 steps
Step: 318 -  phi=0.7170000000000003, PE=5.300494632712031e-17 after 413 steps
Step: 319 -  phi=0.7180000000000003, PE=8.187433467275387e-17 after 412 steps
Step: 320 -  phi=0.7190000000000003, PE=9.569542152802865e-17 after 472 steps
Step: 321 -  phi=0.7200000000000003, PE=8.504852508171994e-17 after 420 steps
Step: 322 -  phi=0.7210000000000003, PE=9.489944131413224e-17 after 440 steps
Step: 323 -  phi=0.7220000000000003, PE=9.660328536785509e-17 after 422 steps
Step: 324 -  phi=0.7230000000000003, PE=9.465876546033448e-17 after 408 steps
Step: 325 -  phi=0.7240000000000003, PE=9.043590025022667e-17 after 457 steps
Step: 326 -  phi=0.7250000000000003, PE=8.615253622232103e-17 after 493 steps
Step: 327 -  phi=0.7260000000000003, PE=8.939560733645196e-17 after 422 steps
Step: 328 -  phi=0.7270000000000003, PE=9.04400538017329e-17 after 414 steps
Step: 329 -  phi=0.7280000000000003, PE=9.781851153431056e-17 after 463 steps
Step: 330 -  phi=0.7290000000000003, PE=8.129809067228961e-17 after 498 steps
Step: 331 -  phi=0.7300000000000003, PE=9.676859915609677e-17 after 434 steps
Step: 332 -  phi=0.7310000000000003, PE=8.944751223723647e-17 after 411 steps
Step: 333 -  phi=0.7320000000000003, PE=9.371930861452113e-17 after 486 steps
Step: 334 -  phi=0.7330000000000003, PE=9.738480593475866e-17 after 460 steps
Step: 335 -  phi=0.7340000000000003, PE=9.466985324620278e-17 after 533 steps
Step: 336 -  phi=0.7350000000000003, PE=7.3734565506822e-17 after 428 steps
Step: 337 -  phi=0.7360000000000003, PE=8.833282395440305e-17 after 439 steps
Step: 338 -  phi=0.7370000000000003, PE=8.971183132275306e-17 after 589 steps
Step: 339 -  phi=0.7380000000000003, PE=9.692144422527037e-17 after 573 steps
Step: 340 -  phi=0.7390000000000003, PE=9.617740968612736e-17 after 460 steps
Step: 341 -  phi=0.7400000000000003, PE=9.144031388964519e-17 after 470 steps
Step: 342 -  phi=0.7410000000000003, PE=7.235447156042659e-17 after 461 steps
Step: 343 -  phi=0.7420000000000003, PE=8.863276113531234e-17 after 457 steps
Step: 344 -  phi=0.7430000000000003, PE=9.366997024154385e-17 after 442 steps
Step: 345 -  phi=0.7440000000000003, PE=7.104950512645234e-17 after 462 steps
Step: 346 -  phi=0.7450000000000003, PE=7.407445169546655e-17 after 544 steps
Step: 347 -  phi=0.7460000000000003, PE=5.397499675327809e-17 after 446 steps
Step: 348 -  phi=0.7470000000000003, PE=8.248782847155857e-17 after 470 steps
Step: 349 -  phi=0.7480000000000003, PE=7.356523825135509e-17 after 499 steps
Step: 350 -  phi=0.7490000000000003, PE=8.808286985195549e-17 after 526 steps
Step: 351 -  phi=0.7500000000000003, PE=8.837947202259389e-17 after 569 steps
Step: 352 -  phi=0.7510000000000003, PE=9.893332094679588e-17 after 715 steps
Step: 353 -  phi=0.7520000000000003, PE=9.559090664749611e-17 after 524 steps
Step: 354 -  phi=0.7530000000000003, PE=9.416431627440039e-17 after 605 steps
Step: 355 -  phi=0.7540000000000003, PE=9.224097428834211e-17 after 682 steps
Step: 356 -  phi=0.7550000000000003, PE=8.778999608208131e-17 after 514 steps
Step: 357 -  phi=0.7560000000000003, PE=2.3080839178725158e-17 after 484 steps
Step: 358 -  phi=0.7570000000000003, PE=8.955222306314885e-17 after 552 steps
Step: 359 -  phi=0.7580000000000003, PE=9.216317989677804e-17 after 639 steps
Step: 360 -  phi=0.7590000000000003, PE=9.95660299709907e-17 after 544 steps
Step: 361 -  phi=0.7600000000000003, PE=9.860787921032764e-17 after 520 steps
Step: 362 -  phi=0.7610000000000003, PE=8.753330913537155e-17 after 601 steps
Step: 363 -  phi=0.7620000000000003, PE=8.266443813891165e-17 after 609 steps
Step: 364 -  phi=0.7630000000000003, PE=9.716944236863198e-17 after 575 steps
Step: 365 -  phi=0.7640000000000003, PE=9.308319450302884e-17 after 578 steps
Step: 366 -  phi=0.7650000000000003, PE=9.656328566158475e-17 after 610 steps
Step: 367 -  phi=0.7660000000000003, PE=8.528469458448206e-17 after 565 steps
Step: 368 -  phi=0.7670000000000003, PE=9.741031549229954e-17 after 606 steps
Step: 369 -  phi=0.7680000000000003, PE=8.181034027797838e-17 after 579 steps
Step: 370 -  phi=0.7690000000000003, PE=8.47148899732298e-17 after 678 steps
Step: 371 -  phi=0.7700000000000004, PE=9.880580503639248e-17 after 759 steps
Step: 372 -  phi=0.7710000000000004, PE=9.78186486481803e-17 after 650 steps
Step: 373 -  phi=0.7720000000000004, PE=9.978775515223089e-17 after 704 steps
Step: 374 -  phi=0.7730000000000004, PE=9.481481364283966e-17 after 744 steps
Step: 375 -  phi=0.7740000000000004, PE=8.643815979991997e-17 after 694 steps
Step: 376 -  phi=0.7750000000000004, PE=9.164974533547495e-17 after 692 steps
Step: 377 -  phi=0.7760000000000004, PE=6.912461820509334e-17 after 635 steps
Step: 378 -  phi=0.7770000000000004, PE=9.247760337113207e-17 after 716 steps
Step: 379 -  phi=0.7780000000000004, PE=9.624303669704084e-17 after 832 steps
Step: 380 -  phi=0.7790000000000004, PE=8.173809186308906e-17 after 671 steps
Step: 381 -  phi=0.7800000000000004, PE=9.190721046296234e-17 after 703 steps
Step: 382 -  phi=0.7810000000000004, PE=8.758218078792798e-17 after 728 steps
Step: 383 -  phi=0.7820000000000004, PE=9.649511618894557e-17 after 1171 steps
Step: 384 -  phi=0.7830000000000004, PE=9.484819155129002e-17 after 971 steps
Step: 385 -  phi=0.7840000000000004, PE=9.870983509510426e-17 after 1035 steps
Step: 386 -  phi=0.7850000000000004, PE=9.61727867663038e-17 after 1133 steps
Step: 387 -  phi=0.7860000000000004, PE=9.9192754114707e-17 after 1277 steps
Step: 388 -  phi=0.7870000000000004, PE=8.95963263843634e-17 after 952 steps
Step: 389 -  phi=0.7880000000000004, PE=9.997589988854029e-17 after 1001 steps
Step: 390 -  phi=0.7890000000000004, PE=9.908204146702348e-17 after 1132 steps
Step: 391 -  phi=0.7900000000000004, PE=9.684553021995269e-17 after 1047 steps
Step: 392 -  phi=0.7910000000000004, PE=9.742046700388817e-17 after 1249 steps
Step: 393 -  phi=0.7920000000000004, PE=9.502289692472443e-17 after 1341 steps
Step: 394 -  phi=0.7930000000000004, PE=9.506039313760207e-17 after 1035 steps
Step: 395 -  phi=0.7940000000000004, PE=8.685668259886907e-17 after 1031 steps
Step: 396 -  phi=0.7950000000000004, PE=9.829877583430742e-17 after 1368 steps
Step: 397 -  phi=0.7960000000000004, PE=9.379198832346848e-17 after 1559 steps
Step: 398 -  phi=0.7970000000000004, PE=9.825344735372028e-17 after 1123 steps
Step: 399 -  phi=0.7980000000000004, PE=9.499862310917236e-17 after 1061 steps
Step: 400 -  phi=0.7990000000000004, PE=9.894530718852589e-17 after 1247 steps
Step: 401 -  phi=0.8000000000000004, PE=9.72991082918403e-17 after 1392 steps
Step: 402 -  phi=0.8010000000000004, PE=9.496889303204251e-17 after 1521 steps
Step: 403 -  phi=0.8020000000000004, PE=9.626978324107554e-17 after 1450 steps
Step: 404 -  phi=0.8030000000000004, PE=9.355529768121244e-17 after 1583 steps
Step: 405 -  phi=0.8040000000000004, PE=9.81385398427447e-17 after 1607 steps
Step: 406 -  phi=0.8050000000000004, PE=9.005496716740924e-17 after 1584 steps
Step: 407 -  phi=0.8060000000000004, PE=9.55341309237363e-17 after 1696 steps
Step: 408 -  phi=0.8070000000000004, PE=9.001769675225773e-17 after 1654 steps
Step: 409 -  phi=0.8080000000000004, PE=9.620418234747601e-17 after 1712 steps
Step: 410 -  phi=0.8090000000000004, PE=9.865511549778569e-17 after 1738 steps
Step: 411 -  phi=0.8100000000000004, PE=9.838077900083782e-17 after 2501 steps
Step: 412 -  phi=0.8110000000000004, PE=9.963418481931117e-17 after 2451 steps
Step: 413 -  phi=0.8120000000000004, PE=9.819985807161765e-17 after 3572 steps
Step: 414 -  phi=0.8130000000000004, PE=9.77248491464776e-17 after 3888 steps
Step: 415 -  phi=0.8140000000000004, PE=9.979432450913898e-17 after 12914 steps
Step: 416 -  phi=0.8150000000000004, PE=9.987501493952662e-17 after 18227 steps
Step: 417 -  phi=0.8160000000000004, PE=9.991890025393866e-17 after 39118 steps
Step: 418 -  phi=0.8170000000000004, PE=9.996403983244947e-17 after 24989 steps
Step: 419 -  phi=0.8180000000000004, PE=9.996398481814942e-17 after 20917 steps
Step: 420 -  phi=0.8190000000000004, PE=9.998489334084687e-17 after 41957 steps
Step: 421 -  phi=0.8200000000000004, PE=9.995987388676229e-17 after 54702 steps
Step: 422 -  phi=0.8210000000000004, PE=9.994620296831024e-17 after 45993 steps
Step: 423 -  phi=0.8220000000000004, PE=9.994376774183562e-17 after 30784 steps
Step: 424 -  phi=0.8230000000000004, PE=9.994451032311347e-17 after 63550 steps
Step: 425 -  phi=0.8240000000000004, PE=1.2053528924435147e-10 after 128030 steps
Step: 426 -  phi=0.8235000000000003, PE=9.993696570676428e-17 after 92003 steps
Step: 427 -  phi=0.8237500000000004, PE=9.999961174441139e-17 after 60863 steps
Step: 428 -  phi=0.8238750000000004, PE=9.998975585795365e-17 after 27835 steps
Step: 429 -  phi=0.8239375000000004, PE=9.980624995414201e-17 after 9624 steps
Step: 430 -  phi=0.8239687500000004, PE=9.995900893008008e-17 after 13109 steps
Step: 431 -  phi=0.8239843750000004, PE=9.973446716557927e-17 after 17032 steps
Step: 432 -  phi=0.8239921875000005, PE=9.930815768876284e-17 after 8558 steps
Step: 433 -  phi=0.8239960937500004, PE=9.984834409464104e-17 after 12253 steps
Step: 434 -  phi=0.8239980468750003, PE=9.983086832415492e-17 after 4060 steps
Step: 435 -  phi=0.8239990234375003, PE=9.974659751859228e-17 after 7711 steps
Step: 436 -  phi=0.8239995117187504, PE=9.997840659250203e-17 after 6820 steps
Step: 437 -  phi=0.8239997558593755, PE=9.993951649822258e-17 after 4528 steps
Step: 438 -  phi=0.823999877929688, PE=9.987805842629061e-17 after 3928 steps
Step: 439 -  phi=0.8239999389648442, PE=9.992002931902846e-17 after 3227 steps
Step: 440 -  phi=0.8239999694824223, PE=9.997183099227185e-17 after 2625 steps
Step: 441 -  phi=0.8239999847412114, PE=9.997358901945425e-17 after 2046 steps
Step: 442 -  phi=0.8239999923706058, PE=9.99841948004275e-17 after 1521 steps
Step: 443 -  phi=0.8239999961853031, PE=9.999037428790058e-17 after 1109 steps
Step: 444 -  phi=0.8239999980926518, PE=9.999520098373554e-17 after 791 steps
Step: 445 -  phi=0.823999999046326, PE=9.999911054842104e-17 after 565 steps
Step: 446 -  phi=0.8239999995231633, PE=9.99959687665952e-17 after 404 steps
Step: 447 -  phi=0.8239999997615819, PE=9.999972490263218e-17 after 289 steps
Step: 448 -  phi=0.8239999998807912, PE=9.999983186165111e-17 after 210 steps
Step: 449 -  phi=0.8239999999403957, PE=9.999978945995816e-17 after 154 steps
Jammed: phi = 0.824000, residual PE = 1.000e-16
