The following modules were not unloaded:
  (Use "module --force purge" to unload all):

  1) StdEnv
sys:1: RuntimeWarning: h5: callable: skipping callable field 'user_pre_step_actions' (<PjitFunction of <function _save_state_system at 0x146f0153bba0>>); handle explicitly
sys:1: RuntimeWarning: h5: callable: skipping callable field 'user_post_step_actions' (<PjitFunction of <function _save_state_system at 0x146f0153bba0>>); handle explicitly
/home/rg2248/analysis/summer-26/jam/thomson/jam2d-thomson.py:74: RuntimeWarning: h5: callable: skipping callable field '0' (<function fire.<locals>.init at 0x146dece0b100>); handle explicitly
  save(system, join(data_root, 'system.h5'))
/home/rg2248/analysis/summer-26/jam/thomson/jam2d-thomson.py:74: RuntimeWarning: h5: callable: skipping callable field '1' (<function fire.<locals>.update at 0x146dece0afc0>); handle explicitly
  save(system, join(data_root, 'system.h5'))
Initial minimization took 0 steps.
Step: 1 -  phi=0.4, PE=0.0 after 0 steps
Step: 2 -  phi=0.401, PE=0.0 after 95 steps
Step: 3 -  phi=0.402, PE=0.0 after 109 steps
Step: 4 -  phi=0.403, PE=7.82949902646914e-17 after 128 steps
Step: 5 -  phi=0.404, PE=1.3280087048358726e-17 after 123 steps
Step: 6 -  phi=0.405, PE=6.406074318132147e-17 after 115 steps
Step: 7 -  phi=0.406, PE=5.36827363507215e-17 after 113 steps
Step: 8 -  phi=0.40700000000000003, PE=8.830889342555627e-18 after 118 steps
Step: 9 -  phi=0.40800000000000003, PE=3.817549016619666e-17 after 115 steps
Step: 10 -  phi=0.40900000000000003, PE=9.324461802146428e-17 after 119 steps
Step: 11 -  phi=0.41000000000000003, PE=5.68413454483458e-18 after 137 steps
Step: 12 -  phi=0.41100000000000003, PE=9.99352611078161e-17 after 143 steps
Step: 13 -  phi=0.41200000000000003, PE=0.0 after 124 steps
Step: 14 -  phi=0.41300000000000003, PE=3.275552887408854e-18 after 125 steps
Step: 15 -  phi=0.41400000000000003, PE=1.8307897095063216e-17 after 123 steps
Step: 16 -  phi=0.41500000000000004, PE=1.5439597558592264e-17 after 128 steps
Step: 17 -  phi=0.41600000000000004, PE=0.0 after 121 steps
Step: 18 -  phi=0.41700000000000004, PE=9.054679904418708e-17 after 149 steps
Step: 19 -  phi=0.41800000000000004, PE=6.611475373480768e-17 after 150 steps
Step: 20 -  phi=0.41900000000000004, PE=7.905541558451316e-17 after 150 steps
Step: 21 -  phi=0.42000000000000004, PE=3.508441342418003e-17 after 151 steps
Step: 22 -  phi=0.42100000000000004, PE=9.38173457072937e-17 after 155 steps
Step: 23 -  phi=0.42200000000000004, PE=9.166535028726187e-17 after 171 steps
Step: 24 -  phi=0.42300000000000004, PE=8.720832138474061e-17 after 172 steps
Step: 25 -  phi=0.42400000000000004, PE=0.0 after 158 steps
Step: 26 -  phi=0.42500000000000004, PE=5.868693133915784e-17 after 153 steps
Step: 27 -  phi=0.42600000000000005, PE=6.787878776929219e-17 after 157 steps
Step: 28 -  phi=0.42700000000000005, PE=5.548102669438787e-17 after 143 steps
Step: 29 -  phi=0.42800000000000005, PE=9.902161079178786e-17 after 159 steps
Step: 30 -  phi=0.42900000000000005, PE=8.408822477055109e-17 after 231 steps
Step: 31 -  phi=0.43000000000000005, PE=8.894190662019386e-17 after 170 steps
Step: 32 -  phi=0.43100000000000005, PE=0.0 after 151 steps
Step: 33 -  phi=0.43200000000000005, PE=4.505463123645932e-19 after 137 steps
Step: 34 -  phi=0.43300000000000005, PE=9.701263839733201e-17 after 138 steps
Step: 35 -  phi=0.43400000000000005, PE=5.10912856019476e-17 after 135 steps
Step: 36 -  phi=0.43500000000000005, PE=2.0266078970454934e-17 after 131 steps
Step: 37 -  phi=0.43600000000000005, PE=0.0 after 147 steps
Step: 38 -  phi=0.43700000000000006, PE=1.4599163615512832e-17 after 133 steps
Step: 39 -  phi=0.43800000000000006, PE=5.965772560193092e-17 after 161 steps
Step: 40 -  phi=0.43900000000000006, PE=8.876730582981354e-17 after 215 steps
Step: 41 -  phi=0.44000000000000006, PE=8.445549853727357e-17 after 217 steps
Step: 42 -  phi=0.44100000000000006, PE=4.330004533502022e-17 after 193 steps
Step: 43 -  phi=0.44200000000000006, PE=7.989108383964315e-17 after 160 steps
Step: 44 -  phi=0.44300000000000006, PE=0.0 after 154 steps
Step: 45 -  phi=0.44400000000000006, PE=9.949924353345285e-17 after 174 steps
Step: 46 -  phi=0.44500000000000006, PE=7.336207446857765e-17 after 171 steps
Step: 47 -  phi=0.44600000000000006, PE=5.373144672395969e-17 after 161 steps
Step: 48 -  phi=0.44700000000000006, PE=6.708711987183875e-17 after 146 steps
Step: 49 -  phi=0.44800000000000006, PE=5.656178111158279e-17 after 130 steps
Step: 50 -  phi=0.44900000000000007, PE=2.7304989724080823e-17 after 148 steps
Step: 51 -  phi=0.45000000000000007, PE=3.206495235255519e-17 after 155 steps
Step: 52 -  phi=0.45100000000000007, PE=6.509859135493807e-17 after 150 steps
Step: 53 -  phi=0.45200000000000007, PE=9.933809172440292e-17 after 153 steps
Step: 54 -  phi=0.45300000000000007, PE=0.0 after 160 steps
Step: 55 -  phi=0.45400000000000007, PE=2.6295687780523585e-17 after 154 steps
Step: 56 -  phi=0.45500000000000007, PE=1.7074436179271063e-17 after 158 steps
Step: 57 -  phi=0.45600000000000007, PE=8.99380177495378e-17 after 151 steps
Step: 58 -  phi=0.4570000000000001, PE=8.242533820930415e-17 after 148 steps
Step: 59 -  phi=0.4580000000000001, PE=9.410019126377682e-19 after 146 steps
Step: 60 -  phi=0.4590000000000001, PE=8.671556418283376e-17 after 184 steps
Step: 61 -  phi=0.4600000000000001, PE=0.0 after 151 steps
Step: 62 -  phi=0.4610000000000001, PE=9.758049175874771e-17 after 140 steps
Step: 63 -  phi=0.4620000000000001, PE=3.0439684109225997e-17 after 178 steps
Step: 64 -  phi=0.4630000000000001, PE=7.98608126650202e-17 after 177 steps
Step: 65 -  phi=0.4640000000000001, PE=4.547996815450621e-17 after 163 steps
Step: 66 -  phi=0.4650000000000001, PE=5.3061390518901064e-17 after 171 steps
Step: 67 -  phi=0.4660000000000001, PE=9.290337224522975e-17 after 217 steps
Step: 68 -  phi=0.4670000000000001, PE=4.006991487200965e-17 after 152 steps
Step: 69 -  phi=0.4680000000000001, PE=4.034529309980638e-17 after 176 steps
Step: 70 -  phi=0.4690000000000001, PE=7.423730274219373e-17 after 185 steps
Step: 71 -  phi=0.4700000000000001, PE=7.929105200102111e-17 after 170 steps
Step: 72 -  phi=0.4710000000000001, PE=7.888724377600629e-17 after 210 steps
Step: 73 -  phi=0.4720000000000001, PE=1.249338853367761e-17 after 173 steps
Step: 74 -  phi=0.4730000000000001, PE=8.392614804929369e-17 after 236 steps
Step: 75 -  phi=0.4740000000000001, PE=9.661933054292758e-17 after 205 steps
Step: 76 -  phi=0.4750000000000001, PE=6.940948215813993e-17 after 191 steps
Step: 77 -  phi=0.4760000000000001, PE=6.599620385457884e-17 after 167 steps
Step: 78 -  phi=0.4770000000000001, PE=9.878359153234523e-17 after 181 steps
Step: 79 -  phi=0.4780000000000001, PE=8.83903703579966e-17 after 179 steps
Step: 80 -  phi=0.4790000000000001, PE=7.78461537364524e-17 after 178 steps
Step: 81 -  phi=0.4800000000000001, PE=1.2082828110804016e-17 after 177 steps
Step: 82 -  phi=0.4810000000000001, PE=4.7977845291883076e-17 after 185 steps
Step: 83 -  phi=0.4820000000000001, PE=5.03761306547601e-17 after 168 steps
Step: 84 -  phi=0.4830000000000001, PE=5.553123040519985e-17 after 168 steps
Step: 85 -  phi=0.4840000000000001, PE=7.866480083324625e-17 after 184 steps
Step: 86 -  phi=0.4850000000000001, PE=0.0 after 173 steps
Step: 87 -  phi=0.4860000000000001, PE=9.14999943368305e-17 after 186 steps
Step: 88 -  phi=0.4870000000000001, PE=7.416610514057799e-17 after 228 steps
Step: 89 -  phi=0.4880000000000001, PE=4.940444817764025e-17 after 171 steps
Step: 90 -  phi=0.4890000000000001, PE=9.675587357443364e-17 after 225 steps
Step: 91 -  phi=0.4900000000000001, PE=9.079276647497084e-17 after 207 steps
Step: 92 -  phi=0.4910000000000001, PE=3.1260131471565103e-17 after 180 steps
Step: 93 -  phi=0.4920000000000001, PE=9.965087278878304e-17 after 204 steps
Step: 94 -  phi=0.4930000000000001, PE=9.009316258634128e-17 after 194 steps
Step: 95 -  phi=0.4940000000000001, PE=8.60499664622552e-17 after 234 steps
Step: 96 -  phi=0.4950000000000001, PE=0.0 after 189 steps
Step: 97 -  phi=0.4960000000000001, PE=9.617803988606293e-17 after 214 steps
Step: 98 -  phi=0.4970000000000001, PE=4.385913109197303e-17 after 223 steps
Step: 99 -  phi=0.4980000000000001, PE=8.994006609723797e-17 after 196 steps
Step: 100 -  phi=0.4990000000000001, PE=8.932176703448326e-17 after 237 steps
Step: 101 -  phi=0.5000000000000001, PE=8.331054099560146e-17 after 243 steps
Step: 102 -  phi=0.5010000000000001, PE=1.0216425994551672e-18 after 205 steps
Step: 103 -  phi=0.5020000000000001, PE=7.231370791393728e-17 after 218 steps
Step: 104 -  phi=0.5030000000000001, PE=2.816099646515666e-17 after 218 steps
Step: 105 -  phi=0.5040000000000001, PE=9.385417361938305e-17 after 212 steps
Step: 106 -  phi=0.5050000000000001, PE=3.2178031847062377e-17 after 196 steps
Step: 107 -  phi=0.5060000000000001, PE=7.479380203164474e-17 after 196 steps
Step: 108 -  phi=0.5070000000000001, PE=5.416173060910971e-17 after 195 steps
Step: 109 -  phi=0.5080000000000001, PE=8.002056388083377e-17 after 191 steps
Step: 110 -  phi=0.5090000000000001, PE=8.206200952833768e-17 after 200 steps
Step: 111 -  phi=0.5100000000000001, PE=1.567225681307406e-17 after 191 steps
Step: 112 -  phi=0.5110000000000001, PE=9.608050900407301e-17 after 200 steps
Step: 113 -  phi=0.5120000000000001, PE=6.223865772045536e-17 after 208 steps
Step: 114 -  phi=0.5130000000000001, PE=7.250131940227693e-17 after 204 steps
Step: 115 -  phi=0.5140000000000001, PE=8.059122859912042e-17 after 219 steps
Step: 116 -  phi=0.5150000000000001, PE=1.0034927677376858e-17 after 192 steps
Step: 117 -  phi=0.5160000000000001, PE=9.161534818376956e-17 after 212 steps
Step: 118 -  phi=0.5170000000000001, PE=8.614767743839187e-17 after 214 steps
Step: 119 -  phi=0.5180000000000001, PE=1.4123225168880548e-17 after 205 steps
Step: 120 -  phi=0.5190000000000001, PE=9.599240818363289e-17 after 251 steps
Step: 121 -  phi=0.5200000000000001, PE=7.3210122306547e-17 after 201 steps
Step: 122 -  phi=0.5210000000000001, PE=9.121682776135742e-17 after 192 steps
Step: 123 -  phi=0.5220000000000001, PE=2.0225209399629015e-17 after 193 steps
Step: 124 -  phi=0.5230000000000001, PE=9.929735347291452e-17 after 268 steps
Step: 125 -  phi=0.5240000000000001, PE=9.788983311185631e-17 after 206 steps
Step: 126 -  phi=0.5250000000000001, PE=9.646543880430992e-17 after 197 steps
Step: 127 -  phi=0.5260000000000001, PE=9.77105672084234e-17 after 249 steps
Step: 128 -  phi=0.5270000000000001, PE=9.646580824010758e-17 after 217 steps
Step: 129 -  phi=0.5280000000000001, PE=4.916533656382128e-17 after 226 steps
Step: 130 -  phi=0.5290000000000001, PE=9.476412210962412e-17 after 236 steps
Step: 131 -  phi=0.5300000000000001, PE=6.696267093980352e-17 after 231 steps
Step: 132 -  phi=0.5310000000000001, PE=7.904592230038648e-17 after 239 steps
Step: 133 -  phi=0.5320000000000001, PE=8.617939168091103e-17 after 241 steps
Step: 134 -  phi=0.5330000000000001, PE=7.17564581669946e-17 after 224 steps
Step: 135 -  phi=0.5340000000000001, PE=8.886275265341214e-17 after 212 steps
Step: 136 -  phi=0.5350000000000001, PE=6.807110587300825e-17 after 226 steps
Step: 137 -  phi=0.5360000000000001, PE=9.149537694551789e-17 after 209 steps
Step: 138 -  phi=0.5370000000000001, PE=9.966148474164679e-17 after 244 steps
Step: 139 -  phi=0.5380000000000001, PE=9.725412228120153e-17 after 260 steps
Step: 140 -  phi=0.5390000000000001, PE=6.908059429539439e-17 after 228 steps
Step: 141 -  phi=0.5400000000000001, PE=9.509162731411915e-17 after 223 steps
Step: 142 -  phi=0.5410000000000001, PE=8.081938950293164e-17 after 232 steps
Step: 143 -  phi=0.5420000000000001, PE=1.979003847467242e-17 after 207 steps
Step: 144 -  phi=0.5430000000000001, PE=9.762229470793212e-17 after 212 steps
Step: 145 -  phi=0.5440000000000002, PE=8.096356779095713e-17 after 192 steps
Step: 146 -  phi=0.5450000000000002, PE=9.283394882054263e-17 after 206 steps
Step: 147 -  phi=0.5460000000000002, PE=5.788546765820781e-17 after 217 steps
Step: 148 -  phi=0.5470000000000002, PE=3.957713582852409e-17 after 211 steps
Step: 149 -  phi=0.5480000000000002, PE=5.4268620774976855e-17 after 212 steps
Step: 150 -  phi=0.5490000000000002, PE=7.601044226180319e-17 after 210 steps
Step: 151 -  phi=0.5500000000000002, PE=6.471178008316196e-17 after 180 steps
Step: 152 -  phi=0.5510000000000002, PE=8.861729796713598e-17 after 212 steps
Step: 153 -  phi=0.5520000000000002, PE=4.580180767261187e-17 after 186 steps
Step: 154 -  phi=0.5530000000000002, PE=0.0 after 191 steps
Step: 155 -  phi=0.5540000000000002, PE=0.0 after 201 steps
Step: 156 -  phi=0.5550000000000002, PE=7.638203474059502e-17 after 227 steps
Step: 157 -  phi=0.5560000000000002, PE=7.51053612398604e-17 after 197 steps
Step: 158 -  phi=0.5570000000000002, PE=8.859060374564934e-17 after 206 steps
Step: 159 -  phi=0.5580000000000002, PE=8.89919156997069e-17 after 197 steps
Step: 160 -  phi=0.5590000000000002, PE=9.523558904662478e-17 after 236 steps
Step: 161 -  phi=0.5600000000000002, PE=5.582722853733374e-17 after 266 steps
Step: 162 -  phi=0.5610000000000002, PE=5.994990046574228e-17 after 233 steps
Step: 163 -  phi=0.5620000000000002, PE=9.132435832009825e-17 after 238 steps
Step: 164 -  phi=0.5630000000000002, PE=7.118661076371255e-17 after 231 steps
Step: 165 -  phi=0.5640000000000002, PE=3.248772892169478e-17 after 220 steps
Step: 166 -  phi=0.5650000000000002, PE=8.703896979144079e-17 after 240 steps
Step: 167 -  phi=0.5660000000000002, PE=7.373983220657225e-17 after 233 steps
Step: 168 -  phi=0.5670000000000002, PE=6.518909267701542e-17 after 240 steps
Step: 169 -  phi=0.5680000000000002, PE=8.323514980824957e-17 after 276 steps
Step: 170 -  phi=0.5690000000000002, PE=8.447871522434045e-17 after 239 steps
Step: 171 -  phi=0.5700000000000002, PE=9.83264062619647e-17 after 258 steps
Step: 172 -  phi=0.5710000000000002, PE=1.6176824192968695e-17 after 234 steps
Step: 173 -  phi=0.5720000000000002, PE=8.853143372509975e-17 after 275 steps
Step: 174 -  phi=0.5730000000000002, PE=3.146643729278218e-17 after 256 steps
Step: 175 -  phi=0.5740000000000002, PE=9.398207891404498e-17 after 280 steps
Step: 176 -  phi=0.5750000000000002, PE=6.535957906665354e-17 after 254 steps
Step: 177 -  phi=0.5760000000000002, PE=9.086848395481167e-17 after 265 steps
Step: 178 -  phi=0.5770000000000002, PE=6.750039232414427e-17 after 245 steps
Step: 179 -  phi=0.5780000000000002, PE=9.423278954783516e-17 after 308 steps
Step: 180 -  phi=0.5790000000000002, PE=3.977072211890377e-17 after 287 steps
Step: 181 -  phi=0.5800000000000002, PE=9.941942220901294e-17 after 299 steps
Step: 182 -  phi=0.5810000000000002, PE=8.555421200319937e-17 after 287 steps
Step: 183 -  phi=0.5820000000000002, PE=7.343120813521888e-17 after 248 steps
Step: 184 -  phi=0.5830000000000002, PE=8.387541148640741e-17 after 265 steps
Step: 185 -  phi=0.5840000000000002, PE=8.905741791493075e-17 after 257 steps
Step: 186 -  phi=0.5850000000000002, PE=8.202438502046849e-17 after 253 steps
Step: 187 -  phi=0.5860000000000002, PE=9.354340278021554e-17 after 266 steps
Step: 188 -  phi=0.5870000000000002, PE=7.324525958570195e-17 after 248 steps
Step: 189 -  phi=0.5880000000000002, PE=9.800915997915606e-17 after 255 steps
Step: 190 -  phi=0.5890000000000002, PE=9.671075714043328e-17 after 262 steps
Step: 191 -  phi=0.5900000000000002, PE=4.444796724516948e-17 after 287 steps
Step: 192 -  phi=0.5910000000000002, PE=8.667111348107214e-17 after 275 steps
Step: 193 -  phi=0.5920000000000002, PE=8.82858890796296e-17 after 390 steps
Step: 194 -  phi=0.5930000000000002, PE=3.162032294692681e-17 after 248 steps
Step: 195 -  phi=0.5940000000000002, PE=7.528816368716305e-17 after 254 steps
Step: 196 -  phi=0.5950000000000002, PE=8.791349782634029e-17 after 246 steps
Step: 197 -  phi=0.5960000000000002, PE=9.942040023613977e-17 after 260 steps
Step: 198 -  phi=0.5970000000000002, PE=7.53449830190636e-17 after 247 steps
Step: 199 -  phi=0.5980000000000002, PE=9.99796651869941e-17 after 267 steps
Step: 200 -  phi=0.5990000000000002, PE=7.33101883131655e-17 after 269 steps
Step: 201 -  phi=0.6000000000000002, PE=4.5014524655433823e-17 after 239 steps
Step: 202 -  phi=0.6010000000000002, PE=9.20053175535782e-17 after 282 steps
Step: 203 -  phi=0.6020000000000002, PE=6.131328954306235e-17 after 262 steps
Step: 204 -  phi=0.6030000000000002, PE=5.921704665271704e-17 after 273 steps
Step: 205 -  phi=0.6040000000000002, PE=5.048584517483481e-17 after 258 steps
Step: 206 -  phi=0.6050000000000002, PE=9.787574780318045e-17 after 286 steps
Step: 207 -  phi=0.6060000000000002, PE=9.378820061580373e-17 after 298 steps
Step: 208 -  phi=0.6070000000000002, PE=9.417135581652747e-17 after 278 steps
Step: 209 -  phi=0.6080000000000002, PE=9.829371059624804e-17 after 333 steps
Step: 210 -  phi=0.6090000000000002, PE=8.663483701293137e-17 after 275 steps
Step: 211 -  phi=0.6100000000000002, PE=7.266819090336913e-17 after 294 steps
Step: 212 -  phi=0.6110000000000002, PE=8.153750650681809e-17 after 307 steps
Step: 213 -  phi=0.6120000000000002, PE=9.782352091481095e-17 after 308 steps
Step: 214 -  phi=0.6130000000000002, PE=4.019690925422933e-17 after 306 steps
Step: 215 -  phi=0.6140000000000002, PE=8.912116921165822e-17 after 307 steps
Step: 216 -  phi=0.6150000000000002, PE=4.9444282532799543e-17 after 297 steps
Step: 217 -  phi=0.6160000000000002, PE=7.309127576572651e-17 after 315 steps
Step: 218 -  phi=0.6170000000000002, PE=5.035818962451176e-17 after 300 steps
Step: 219 -  phi=0.6180000000000002, PE=8.29010453899646e-17 after 343 steps
Step: 220 -  phi=0.6190000000000002, PE=9.968058430437635e-17 after 330 steps
Step: 221 -  phi=0.6200000000000002, PE=9.897746969250081e-17 after 343 steps
Step: 222 -  phi=0.6210000000000002, PE=8.729918764643473e-17 after 325 steps
Step: 223 -  phi=0.6220000000000002, PE=7.184164964624434e-17 after 332 steps
Step: 224 -  phi=0.6230000000000002, PE=7.08495652495773e-17 after 341 steps
Step: 225 -  phi=0.6240000000000002, PE=8.957787971063949e-17 after 284 steps
Step: 226 -  phi=0.6250000000000002, PE=9.66320790261043e-17 after 294 steps
Step: 227 -  phi=0.6260000000000002, PE=8.384579908729836e-17 after 324 steps
Step: 228 -  phi=0.6270000000000002, PE=7.689343516509874e-17 after 314 steps
Step: 229 -  phi=0.6280000000000002, PE=9.857578012605258e-17 after 388 steps
Step: 230 -  phi=0.6290000000000002, PE=8.085707934876822e-17 after 306 steps
Step: 231 -  phi=0.6300000000000002, PE=9.565746573619929e-17 after 319 steps
Step: 232 -  phi=0.6310000000000002, PE=7.906342139644262e-17 after 297 steps
Step: 233 -  phi=0.6320000000000002, PE=8.225307704226031e-17 after 323 steps
Step: 234 -  phi=0.6330000000000002, PE=8.402500035117537e-17 after 344 steps
Step: 235 -  phi=0.6340000000000002, PE=8.808468696330704e-17 after 346 steps
Step: 236 -  phi=0.6350000000000002, PE=3.772320051843868e-17 after 328 steps
Step: 237 -  phi=0.6360000000000002, PE=7.358341659550136e-17 after 353 steps
Step: 238 -  phi=0.6370000000000002, PE=8.845963108446066e-17 after 341 steps
Step: 239 -  phi=0.6380000000000002, PE=6.311175172173845e-17 after 334 steps
Step: 240 -  phi=0.6390000000000002, PE=7.926587123719687e-17 after 360 steps
Step: 241 -  phi=0.6400000000000002, PE=5.510412456134953e-17 after 336 steps
Step: 242 -  phi=0.6410000000000002, PE=9.95810233951304e-17 after 318 steps
Step: 243 -  phi=0.6420000000000002, PE=9.177943857677479e-17 after 329 steps
Step: 244 -  phi=0.6430000000000002, PE=9.303403153089834e-17 after 339 steps
Step: 245 -  phi=0.6440000000000002, PE=7.579188244879642e-17 after 333 steps
Step: 246 -  phi=0.6450000000000002, PE=9.976514696124157e-17 after 366 steps
Step: 247 -  phi=0.6460000000000002, PE=8.08190432888418e-17 after 346 steps
Step: 248 -  phi=0.6470000000000002, PE=6.613745664695387e-17 after 342 steps
Step: 249 -  phi=0.6480000000000002, PE=9.098394803661244e-17 after 349 steps
Step: 250 -  phi=0.6490000000000002, PE=9.645151174642587e-17 after 300 steps
Step: 251 -  phi=0.6500000000000002, PE=9.463903467129695e-17 after 340 steps
Step: 252 -  phi=0.6510000000000002, PE=8.365662283639395e-17 after 326 steps
Step: 253 -  phi=0.6520000000000002, PE=7.638328215346931e-17 after 347 steps
Step: 254 -  phi=0.6530000000000002, PE=8.225559166812588e-17 after 397 steps
Step: 255 -  phi=0.6540000000000002, PE=8.766948422683805e-17 after 349 steps
Step: 256 -  phi=0.6550000000000002, PE=7.734761909669228e-17 after 361 steps
Step: 257 -  phi=0.6560000000000002, PE=9.545733297638546e-17 after 351 steps
Step: 258 -  phi=0.6570000000000003, PE=9.73950212572982e-17 after 355 steps
Step: 259 -  phi=0.6580000000000003, PE=8.946760919414407e-17 after 325 steps
Step: 260 -  phi=0.6590000000000003, PE=6.985807974101386e-17 after 348 steps
Step: 261 -  phi=0.6600000000000003, PE=9.502618700641105e-17 after 461 steps
Step: 262 -  phi=0.6610000000000003, PE=8.271886679172031e-17 after 350 steps
Step: 263 -  phi=0.6620000000000003, PE=6.289592998752374e-17 after 357 steps
Step: 264 -  phi=0.6630000000000003, PE=8.788202831175551e-17 after 342 steps
Step: 265 -  phi=0.6640000000000003, PE=9.07561622425204e-17 after 359 steps
Step: 266 -  phi=0.6650000000000003, PE=8.990357778623316e-17 after 358 steps
Step: 267 -  phi=0.6660000000000003, PE=6.892643248158199e-17 after 334 steps
Step: 268 -  phi=0.6670000000000003, PE=6.922153927149471e-17 after 330 steps
Step: 269 -  phi=0.6680000000000003, PE=6.413644141469782e-17 after 319 steps
Step: 270 -  phi=0.6690000000000003, PE=7.451435403513325e-17 after 366 steps
Step: 271 -  phi=0.6700000000000003, PE=9.191662022153813e-17 after 369 steps
Step: 272 -  phi=0.6710000000000003, PE=9.485640425281306e-17 after 355 steps
Step: 273 -  phi=0.6720000000000003, PE=9.5653118644088e-17 after 371 steps
Step: 274 -  phi=0.6730000000000003, PE=9.86701094941764e-17 after 391 steps
Step: 275 -  phi=0.6740000000000003, PE=9.988574840772704e-17 after 433 steps
Step: 276 -  phi=0.6750000000000003, PE=7.940717479928144e-17 after 381 steps
Step: 277 -  phi=0.6760000000000003, PE=9.580542049943098e-17 after 370 steps
Step: 278 -  phi=0.6770000000000003, PE=9.208346708159552e-17 after 428 steps
Step: 279 -  phi=0.6780000000000003, PE=8.95251251980486e-17 after 401 steps
Step: 280 -  phi=0.6790000000000003, PE=6.215380798025156e-17 after 371 steps
Step: 281 -  phi=0.6800000000000003, PE=8.844085783393686e-17 after 376 steps
Step: 282 -  phi=0.6810000000000003, PE=8.222830644437842e-17 after 428 steps
Step: 283 -  phi=0.6820000000000003, PE=9.224656911750849e-17 after 431 steps
Step: 284 -  phi=0.6830000000000003, PE=9.333420929934702e-17 after 393 steps
Step: 285 -  phi=0.6840000000000003, PE=8.714683841039321e-17 after 391 steps
Step: 286 -  phi=0.6850000000000003, PE=8.088188282220236e-17 after 382 steps
Step: 287 -  phi=0.6860000000000003, PE=8.100710421034316e-17 after 382 steps
Step: 288 -  phi=0.6870000000000003, PE=4.194034500934586e-17 after 395 steps
Step: 289 -  phi=0.6880000000000003, PE=9.768897441361694e-17 after 425 steps
Step: 290 -  phi=0.6890000000000003, PE=9.30132357043787e-17 after 410 steps
Step: 291 -  phi=0.6900000000000003, PE=9.489188436264986e-17 after 513 steps
Step: 292 -  phi=0.6910000000000003, PE=9.839048297725653e-17 after 413 steps
Step: 293 -  phi=0.6920000000000003, PE=9.840064239560061e-17 after 423 steps
Step: 294 -  phi=0.6930000000000003, PE=9.169258053198783e-17 after 390 steps
Step: 295 -  phi=0.6940000000000003, PE=6.421587188512612e-17 after 394 steps
Step: 296 -  phi=0.6950000000000003, PE=9.04344522861014e-17 after 438 steps
Step: 297 -  phi=0.6960000000000003, PE=9.49060206548626e-17 after 399 steps
Step: 298 -  phi=0.6970000000000003, PE=9.722058477302964e-17 after 404 steps
Step: 299 -  phi=0.6980000000000003, PE=9.281096683091222e-17 after 375 steps
Step: 300 -  phi=0.6990000000000003, PE=5.437273795360805e-17 after 411 steps
Step: 301 -  phi=0.7000000000000003, PE=8.138369303984644e-17 after 412 steps
Step: 302 -  phi=0.7010000000000003, PE=9.914145570209299e-17 after 418 steps
Step: 303 -  phi=0.7020000000000003, PE=9.44941916667743e-17 after 408 steps
Step: 304 -  phi=0.7030000000000003, PE=8.81824927065339e-17 after 435 steps
Step: 305 -  phi=0.7040000000000003, PE=6.927560206417691e-17 after 395 steps
Step: 306 -  phi=0.7050000000000003, PE=8.502793028561694e-17 after 409 steps
Step: 307 -  phi=0.7060000000000003, PE=5.559277936905935e-17 after 377 steps
Step: 308 -  phi=0.7070000000000003, PE=8.974929852730917e-17 after 438 steps
Step: 309 -  phi=0.7080000000000003, PE=7.549417461018302e-17 after 411 steps
Step: 310 -  phi=0.7090000000000003, PE=9.712744180067368e-17 after 404 steps
Step: 311 -  phi=0.7100000000000003, PE=9.796073244404664e-17 after 522 steps
Step: 312 -  phi=0.7110000000000003, PE=8.685593339693358e-17 after 452 steps
Step: 313 -  phi=0.7120000000000003, PE=9.891965561653348e-17 after 483 steps
Step: 314 -  phi=0.7130000000000003, PE=9.338718253633473e-17 after 517 steps
Step: 315 -  phi=0.7140000000000003, PE=6.34520114828818e-17 after 473 steps
Step: 316 -  phi=0.7150000000000003, PE=8.87430361467492e-17 after 470 steps
Step: 317 -  phi=0.7160000000000003, PE=7.833068538249408e-17 after 457 steps
Step: 318 -  phi=0.7170000000000003, PE=9.58130256020747e-17 after 588 steps
Step: 319 -  phi=0.7180000000000003, PE=7.785328114577825e-17 after 490 steps
Step: 320 -  phi=0.7190000000000003, PE=9.62419197192462e-17 after 676 steps
Step: 321 -  phi=0.7200000000000003, PE=9.306566396154676e-17 after 485 steps
Step: 322 -  phi=0.7210000000000003, PE=9.064011402987513e-17 after 536 steps
Step: 323 -  phi=0.7220000000000003, PE=9.601935869014222e-17 after 575 steps
Step: 324 -  phi=0.7230000000000003, PE=8.14490743683909e-17 after 519 steps
Step: 325 -  phi=0.7240000000000003, PE=6.656074910672233e-17 after 549 steps
Step: 326 -  phi=0.7250000000000003, PE=9.658761718844412e-17 after 533 steps
Step: 327 -  phi=0.7260000000000003, PE=9.858623847953973e-17 after 534 steps
Step: 328 -  phi=0.7270000000000003, PE=6.632118045664562e-17 after 542 steps
Step: 329 -  phi=0.7280000000000003, PE=9.536230599777716e-17 after 512 steps
Step: 330 -  phi=0.7290000000000003, PE=9.279522172042357e-17 after 515 steps
Step: 331 -  phi=0.7300000000000003, PE=9.029187450614594e-17 after 479 steps
Step: 332 -  phi=0.7310000000000003, PE=8.411111067956101e-17 after 513 steps
Step: 333 -  phi=0.7320000000000003, PE=9.279582709760397e-17 after 555 steps
Step: 334 -  phi=0.7330000000000003, PE=7.990311262390425e-17 after 524 steps
Step: 335 -  phi=0.7340000000000003, PE=9.106841271159601e-17 after 498 steps
Step: 336 -  phi=0.7350000000000003, PE=9.539730542198163e-17 after 564 steps
Step: 337 -  phi=0.7360000000000003, PE=9.84071927019046e-17 after 544 steps
Step: 338 -  phi=0.7370000000000003, PE=7.689690030659876e-17 after 531 steps
Step: 339 -  phi=0.7380000000000003, PE=9.593850264828349e-17 after 540 steps
Step: 340 -  phi=0.7390000000000003, PE=9.669777278349101e-17 after 577 steps
Step: 341 -  phi=0.7400000000000003, PE=9.577029754644264e-17 after 527 steps
Step: 342 -  phi=0.7410000000000003, PE=9.977701877974201e-17 after 549 steps
Step: 343 -  phi=0.7420000000000003, PE=8.793751765554185e-17 after 637 steps
Step: 344 -  phi=0.7430000000000003, PE=9.83358136581995e-17 after 774 steps
Step: 345 -  phi=0.7440000000000003, PE=8.047608833287095e-17 after 688 steps
Step: 346 -  phi=0.7450000000000003, PE=9.910456714939374e-17 after 883 steps
Step: 347 -  phi=0.7460000000000003, PE=9.631013401931739e-17 after 755 steps
Step: 348 -  phi=0.7470000000000003, PE=9.333339807691454e-17 after 650 steps
Step: 349 -  phi=0.7480000000000003, PE=8.315812736473965e-17 after 532 steps
Step: 350 -  phi=0.7490000000000003, PE=9.121010836648593e-17 after 534 steps
Step: 351 -  phi=0.7500000000000003, PE=9.132451675554328e-17 after 581 steps
Step: 352 -  phi=0.7510000000000003, PE=9.764916633160544e-17 after 683 steps
Step: 353 -  phi=0.7520000000000003, PE=7.680901428828392e-17 after 627 steps
Step: 354 -  phi=0.7530000000000003, PE=7.540002334358165e-17 after 699 steps
Step: 355 -  phi=0.7540000000000003, PE=9.970830163112747e-17 after 749 steps
Step: 356 -  phi=0.7550000000000003, PE=9.542801711476297e-17 after 712 steps
Step: 357 -  phi=0.7560000000000003, PE=8.907780893062982e-17 after 844 steps
Step: 358 -  phi=0.7570000000000003, PE=9.750150047072618e-17 after 853 steps
Step: 359 -  phi=0.7580000000000003, PE=9.283006185054299e-17 after 810 steps
Step: 360 -  phi=0.7590000000000003, PE=9.890508242841102e-17 after 919 steps
Step: 361 -  phi=0.7600000000000003, PE=8.829945044295927e-17 after 957 steps
Step: 362 -  phi=0.7610000000000003, PE=9.368349484339096e-17 after 1257 steps
Step: 363 -  phi=0.7620000000000003, PE=9.842748045015772e-17 after 1305 steps
Step: 364 -  phi=0.7630000000000003, PE=9.797158176291348e-17 after 984 steps
Step: 365 -  phi=0.7640000000000003, PE=9.76389630347256e-17 after 1008 steps
Step: 366 -  phi=0.7650000000000003, PE=9.504431282585263e-17 after 1338 steps
Step: 367 -  phi=0.7660000000000003, PE=9.914643058010486e-17 after 913 steps
Step: 368 -  phi=0.7670000000000003, PE=9.791155689144535e-17 after 858 steps
Step: 369 -  phi=0.7680000000000003, PE=9.708603641028302e-17 after 1015 steps
Step: 370 -  phi=0.7690000000000003, PE=9.557883359459481e-17 after 1641 steps
Step: 371 -  phi=0.7700000000000004, PE=9.337321235508723e-17 after 1655 steps
Step: 372 -  phi=0.7710000000000004, PE=9.825026346385748e-17 after 2280 steps
Step: 373 -  phi=0.7720000000000004, PE=9.836169400352028e-17 after 3656 steps
Step: 374 -  phi=0.7730000000000004, PE=9.988100771942337e-17 after 4487 steps
Step: 375 -  phi=0.7740000000000004, PE=9.917063293822887e-17 after 3419 steps
Step: 376 -  phi=0.7750000000000004, PE=9.935778347231278e-17 after 3375 steps
Step: 377 -  phi=0.7760000000000004, PE=9.790266821070513e-17 after 2784 steps
Step: 378 -  phi=0.7770000000000004, PE=9.92932415911659e-17 after 3361 steps
Step: 379 -  phi=0.7780000000000004, PE=9.991080197397436e-17 after 2255 steps
Step: 380 -  phi=0.7790000000000004, PE=9.97393876909984e-17 after 4422 steps
Step: 381 -  phi=0.7800000000000004, PE=9.404513779250571e-17 after 3397 steps
Step: 382 -  phi=0.7810000000000004, PE=9.994827349096664e-17 after 6195 steps
Step: 383 -  phi=0.7820000000000004, PE=9.922850836695388e-17 after 5485 steps
Step: 384 -  phi=0.7830000000000004, PE=9.902936426196518e-17 after 4384 steps
Step: 385 -  phi=0.7840000000000004, PE=9.767217879156455e-17 after 3755 steps
Step: 386 -  phi=0.7850000000000004, PE=9.730018048581792e-17 after 3753 steps
Step: 387 -  phi=0.7860000000000004, PE=9.989590152562983e-17 after 5051 steps
Step: 388 -  phi=0.7870000000000004, PE=9.993334226749341e-17 after 13662 steps
Step: 389 -  phi=0.7880000000000004, PE=9.99706874113917e-17 after 19864 steps
Step: 390 -  phi=0.7890000000000004, PE=9.99393173290315e-17 after 32698 steps
Step: 391 -  phi=0.7900000000000004, PE=9.967783847515463e-17 after 19804 steps
Step: 392 -  phi=0.7910000000000004, PE=9.940782174645457e-17 after 8982 steps
Step: 393 -  phi=0.7920000000000004, PE=9.985989500400039e-17 after 15580 steps
Step: 394 -  phi=0.7930000000000004, PE=9.998539119352829e-17 after 7610 steps
Step: 395 -  phi=0.7940000000000004, PE=9.969725187524272e-17 after 9707 steps
Step: 396 -  phi=0.7950000000000004, PE=9.935325708893338e-17 after 10097 steps
Step: 397 -  phi=0.7960000000000004, PE=9.990012016699708e-17 after 32912 steps
Step: 398 -  phi=0.7970000000000004, PE=9.930624651702068e-17 after 28055 steps
Step: 399 -  phi=0.7980000000000004, PE=9.984978351909296e-17 after 93325 steps
Step: 400 -  phi=0.7990000000000004, PE=9.996090223400138e-17 after 49663 steps
Step: 401 -  phi=0.8000000000000004, PE=9.985994292856018e-17 after 98140 steps
Step: 402 -  phi=0.8010000000000004, PE=4.970156335383346e-09 after 68243 steps
Step: 403 -  phi=0.8005000000000004, PE=6.995244288664162e-10 after 95161 steps
Step: 404 -  phi=0.8002500000000003, PE=9.956160610417293e-17 after 92763 steps
Step: 405 -  phi=0.8003750000000004, PE=9.994835042177429e-17 after 152799 steps
Step: 406 -  phi=0.8004375000000004, PE=9.999661354953653e-17 after 40189 steps
Step: 407 -  phi=0.8004687500000004, PE=9.998932732983357e-17 after 64278 steps
Step: 408 -  phi=0.8004843750000004, PE=9.995088366181521e-17 after 20764 steps
Step: 409 -  phi=0.8004921875000004, PE=9.999928855321611e-17 after 232421 steps
Step: 410 -  phi=0.8004960937500004, PE=9.998125980131298e-17 after 274657 steps
Step: 411 -  phi=0.8004980468750005, PE=9.999404325950254e-17 after 132251 steps
Step: 412 -  phi=0.8004990234375005, PE=9.998053189928597e-17 after 58714 steps
Step: 413 -  phi=0.8004995117187504, PE=9.999828591267388e-17 after 34682 steps
Step: 414 -  phi=0.8004997558593754, PE=9.997077363268735e-17 after 27025 steps
Step: 415 -  phi=0.8004998779296879, PE=9.999024734374494e-17 after 11141 steps
Step: 416 -  phi=0.8004999389648442, PE=9.998594196712822e-17 after 8732 steps
Step: 417 -  phi=0.8004999694824223, PE=9.999448470644756e-17 after 6857 steps
Step: 418 -  phi=0.8004999847412113, PE=9.999333638631424e-17 after 5158 steps
Step: 419 -  phi=0.8004999923706059, PE=9.999166214187595e-17 after 3779 steps
Step: 420 -  phi=0.8004999961853032, PE=9.999665344680798e-17 after 2731 steps
Step: 421 -  phi=0.8004999980926518, PE=9.999789195552329e-17 after 1950 steps
Step: 422 -  phi=0.8004999990463262, PE=9.999954494185385e-17 after 1388 steps
Step: 423 -  phi=0.8004999995231633, PE=9.99983980097416e-17 after 982 steps
Step: 424 -  phi=0.8004999997615818, PE=9.99986047640866e-17 after 697 steps
Step: 425 -  phi=0.8004999998807911, PE=9.999874812789293e-17 after 496 steps
Step: 426 -  phi=0.8004999999403958, PE=9.999924675602159e-17 after 355 steps
Jammed: phi = 0.800500, residual PE = 1.000e-16
