The following modules were not unloaded:
  (Use "module --force purge" to unload all):

  1) StdEnv
sys:1: RuntimeWarning: h5: callable: skipping callable field 'user_pre_step_actions' (<PjitFunction of <function _save_state_system at 0x148930b03ba0>>); handle explicitly
sys:1: RuntimeWarning: h5: callable: skipping callable field 'user_post_step_actions' (<PjitFunction of <function _save_state_system at 0x148930b03ba0>>); handle explicitly
/home/rg2248/analysis/summer-26/jam/thomson/jam2d-thomson.py:74: RuntimeWarning: h5: callable: skipping callable field '0' (<function fire.<locals>.init at 0x14881c403100>); handle explicitly
  save(system, join(data_root, 'system.h5'))
/home/rg2248/analysis/summer-26/jam/thomson/jam2d-thomson.py:74: RuntimeWarning: h5: callable: skipping callable field '1' (<function fire.<locals>.update at 0x14881c402fc0>); handle explicitly
  save(system, join(data_root, 'system.h5'))
Initial minimization took 0 steps.
Step: 1 -  phi=0.4, PE=8.19227556489383e-17 after 0 steps
Step: 2 -  phi=0.401, PE=1.5682113677896648e-17 after 148 steps
Step: 3 -  phi=0.402, PE=3.103305738708535e-17 after 136 steps
Step: 4 -  phi=0.403, PE=9.494347739521523e-17 after 136 steps
Step: 5 -  phi=0.404, PE=1.8535333502497437e-17 after 143 steps
Step: 6 -  phi=0.405, PE=7.927814969382523e-17 after 172 steps
Step: 7 -  phi=0.406, PE=3.463287153105209e-18 after 147 steps
Step: 8 -  phi=0.40700000000000003, PE=0.0 after 147 steps
Step: 9 -  phi=0.40800000000000003, PE=9.550956945107852e-17 after 153 steps
Step: 10 -  phi=0.40900000000000003, PE=6.953237178930252e-17 after 146 steps
Step: 11 -  phi=0.41000000000000003, PE=8.358647972204448e-17 after 154 steps
Step: 12 -  phi=0.41100000000000003, PE=0.0 after 140 steps
Step: 13 -  phi=0.41200000000000003, PE=8.385579410232593e-17 after 159 steps
Step: 14 -  phi=0.41300000000000003, PE=8.021790753267516e-17 after 167 steps
Step: 15 -  phi=0.41400000000000003, PE=2.353033400272489e-17 after 144 steps
Step: 16 -  phi=0.41500000000000004, PE=0.0 after 151 steps
Step: 17 -  phi=0.41600000000000004, PE=0.0 after 150 steps
Step: 18 -  phi=0.41700000000000004, PE=5.762590244944407e-17 after 153 steps
Step: 19 -  phi=0.41800000000000004, PE=8.576813971391641e-17 after 165 steps
Step: 20 -  phi=0.41900000000000004, PE=0.0 after 152 steps
Step: 21 -  phi=0.42000000000000004, PE=9.202247301585073e-17 after 148 steps
Step: 22 -  phi=0.42100000000000004, PE=7.239580022457125e-19 after 161 steps
Step: 23 -  phi=0.42200000000000004, PE=6.673727644170545e-17 after 178 steps
Step: 24 -  phi=0.42300000000000004, PE=5.935563965299701e-17 after 177 steps
Step: 25 -  phi=0.42400000000000004, PE=0.0 after 178 steps
Step: 26 -  phi=0.42500000000000004, PE=0.0 after 187 steps
Step: 27 -  phi=0.42600000000000005, PE=9.82254883467476e-17 after 209 steps
Step: 28 -  phi=0.42700000000000005, PE=7.038220665680013e-17 after 230 steps
Step: 29 -  phi=0.42800000000000005, PE=7.099106764848613e-17 after 217 steps
Step: 30 -  phi=0.42900000000000005, PE=2.7403978218277247e-17 after 208 steps
Step: 31 -  phi=0.43000000000000005, PE=2.249968710935697e-17 after 180 steps
Step: 32 -  phi=0.43100000000000005, PE=6.786104671352996e-17 after 182 steps
Step: 33 -  phi=0.43200000000000005, PE=5.0649186231553165e-17 after 194 steps
Step: 34 -  phi=0.43300000000000005, PE=4.9121759174093115e-17 after 206 steps
Step: 35 -  phi=0.43400000000000005, PE=3.1322905305379794e-17 after 203 steps
Step: 36 -  phi=0.43500000000000005, PE=8.98280192727867e-17 after 205 steps
Step: 37 -  phi=0.43600000000000005, PE=9.9509415274442e-17 after 220 steps
Step: 38 -  phi=0.43700000000000006, PE=4.0914866075932567e-17 after 208 steps
Step: 39 -  phi=0.43800000000000006, PE=4.909607848845474e-19 after 185 steps
Step: 40 -  phi=0.43900000000000006, PE=3.352766816277597e-17 after 191 steps
Step: 41 -  phi=0.44000000000000006, PE=8.074525704406307e-17 after 214 steps
Step: 42 -  phi=0.44100000000000006, PE=1.0329135792100532e-17 after 193 steps
Step: 43 -  phi=0.44200000000000006, PE=5.802741802489073e-17 after 208 steps
Step: 44 -  phi=0.44300000000000006, PE=3.988584666715448e-17 after 214 steps
Step: 45 -  phi=0.44400000000000006, PE=9.606278886265288e-17 after 194 steps
Step: 46 -  phi=0.44500000000000006, PE=4.0465523212036737e-17 after 198 steps
Step: 47 -  phi=0.44600000000000006, PE=9.283171955547224e-17 after 208 steps
Step: 48 -  phi=0.44700000000000006, PE=7.891063654725725e-17 after 184 steps
Step: 49 -  phi=0.44800000000000006, PE=8.443009625196464e-17 after 221 steps
Step: 50 -  phi=0.44900000000000007, PE=8.720915272403504e-17 after 197 steps
Step: 51 -  phi=0.45000000000000007, PE=5.797982973025786e-17 after 176 steps
Step: 52 -  phi=0.45100000000000007, PE=6.17579775817659e-17 after 181 steps
Step: 53 -  phi=0.45200000000000007, PE=7.003760885453908e-17 after 176 steps
Step: 54 -  phi=0.45300000000000007, PE=4.6644932709182484e-17 after 182 steps
Step: 55 -  phi=0.45400000000000007, PE=8.790873945555832e-17 after 254 steps
Step: 56 -  phi=0.45500000000000007, PE=7.749768717250873e-17 after 229 steps
Step: 57 -  phi=0.45600000000000007, PE=9.029330094297526e-17 after 220 steps
Step: 58 -  phi=0.4570000000000001, PE=8.357060213425994e-17 after 209 steps
Step: 59 -  phi=0.4580000000000001, PE=8.185490450144057e-17 after 242 steps
Step: 60 -  phi=0.4590000000000001, PE=9.941380937392039e-18 after 213 steps
Step: 61 -  phi=0.4600000000000001, PE=1.839876617684755e-17 after 209 steps
Step: 62 -  phi=0.4610000000000001, PE=8.206465709220577e-17 after 256 steps
Step: 63 -  phi=0.4620000000000001, PE=8.713258681585676e-17 after 268 steps
Step: 64 -  phi=0.4630000000000001, PE=8.659945210179072e-17 after 323 steps
Step: 65 -  phi=0.4640000000000001, PE=7.920426136015777e-18 after 268 steps
Step: 66 -  phi=0.4650000000000001, PE=9.942876567049637e-17 after 262 steps
Step: 67 -  phi=0.4660000000000001, PE=6.8105316300199e-17 after 256 steps
Step: 68 -  phi=0.4670000000000001, PE=9.429722639502036e-17 after 340 steps
Step: 69 -  phi=0.4680000000000001, PE=6.354709438446448e-17 after 256 steps
Step: 70 -  phi=0.4690000000000001, PE=7.399914976476387e-17 after 260 steps
Step: 71 -  phi=0.4700000000000001, PE=8.65575933726219e-17 after 224 steps
Step: 72 -  phi=0.4710000000000001, PE=6.444474757435607e-17 after 250 steps
Step: 73 -  phi=0.4720000000000001, PE=4.447751160228543e-17 after 252 steps
Step: 74 -  phi=0.4730000000000001, PE=9.701876256603791e-17 after 246 steps
Step: 75 -  phi=0.4740000000000001, PE=7.743938483988587e-17 after 242 steps
Step: 76 -  phi=0.4750000000000001, PE=9.729121274096603e-17 after 284 steps
Step: 77 -  phi=0.4760000000000001, PE=9.028808811692655e-17 after 269 steps
Step: 78 -  phi=0.4770000000000001, PE=4.820305654985933e-17 after 268 steps
Step: 79 -  phi=0.4780000000000001, PE=7.991487013017638e-17 after 243 steps
Step: 80 -  phi=0.4790000000000001, PE=9.190041997988312e-17 after 243 steps
Step: 81 -  phi=0.4800000000000001, PE=2.799024023812628e-17 after 236 steps
Step: 82 -  phi=0.4810000000000001, PE=6.047588833074708e-17 after 242 steps
Step: 83 -  phi=0.4820000000000001, PE=4.050360200871942e-17 after 241 steps
Step: 84 -  phi=0.4830000000000001, PE=6.208116863057896e-17 after 255 steps
Step: 85 -  phi=0.4840000000000001, PE=6.25598060712958e-17 after 235 steps
Step: 86 -  phi=0.4850000000000001, PE=8.319874009875409e-17 after 243 steps
Step: 87 -  phi=0.4860000000000001, PE=6.50232593399167e-17 after 220 steps
Step: 88 -  phi=0.4870000000000001, PE=9.698545748333645e-17 after 237 steps
Step: 89 -  phi=0.4880000000000001, PE=1.52198070723163e-17 after 238 steps
Step: 90 -  phi=0.4890000000000001, PE=3.965352592985083e-17 after 213 steps
Step: 91 -  phi=0.4900000000000001, PE=9.401667693216019e-17 after 267 steps
Step: 92 -  phi=0.4910000000000001, PE=5.063211266721669e-17 after 236 steps
Step: 93 -  phi=0.4920000000000001, PE=7.19373601414733e-17 after 252 steps
Step: 94 -  phi=0.4930000000000001, PE=8.713504931153816e-17 after 274 steps
Step: 95 -  phi=0.4940000000000001, PE=8.09269023947083e-17 after 260 steps
Step: 96 -  phi=0.4950000000000001, PE=4.1255441354706024e-17 after 290 steps
Step: 97 -  phi=0.4960000000000001, PE=8.829579761419166e-17 after 305 steps
Step: 98 -  phi=0.4970000000000001, PE=7.659041171013968e-17 after 290 steps
Step: 99 -  phi=0.4980000000000001, PE=9.095109967053922e-17 after 300 steps
Step: 100 -  phi=0.4990000000000001, PE=8.652134388713776e-17 after 306 steps
Step: 101 -  phi=0.5000000000000001, PE=8.508832852224852e-17 after 319 steps
Step: 102 -  phi=0.5010000000000001, PE=9.249645442902657e-17 after 293 steps
Step: 103 -  phi=0.5020000000000001, PE=9.694615546676852e-17 after 278 steps
Step: 104 -  phi=0.5030000000000001, PE=8.879767482814873e-17 after 300 steps
Step: 105 -  phi=0.5040000000000001, PE=9.379081716858445e-17 after 302 steps
Step: 106 -  phi=0.5050000000000001, PE=9.219745160419817e-17 after 291 steps
Step: 107 -  phi=0.5060000000000001, PE=9.112800047389341e-17 after 286 steps
Step: 108 -  phi=0.5070000000000001, PE=3.1469423394387934e-17 after 275 steps
Step: 109 -  phi=0.5080000000000001, PE=8.69358401611633e-17 after 271 steps
Step: 110 -  phi=0.5090000000000001, PE=3.8152025754390094e-17 after 252 steps
Step: 111 -  phi=0.5100000000000001, PE=5.262518094775281e-17 after 273 steps
Step: 112 -  phi=0.5110000000000001, PE=9.590469501396698e-17 after 275 steps
Step: 113 -  phi=0.5120000000000001, PE=8.094847157527495e-17 after 262 steps
Step: 114 -  phi=0.5130000000000001, PE=4.801527280792607e-17 after 266 steps
Step: 115 -  phi=0.5140000000000001, PE=9.210111679716389e-17 after 294 steps
Step: 116 -  phi=0.5150000000000001, PE=8.293296839943912e-17 after 252 steps
Step: 117 -  phi=0.5160000000000001, PE=9.361015333021572e-17 after 259 steps
Step: 118 -  phi=0.5170000000000001, PE=7.400419901538901e-17 after 276 steps
Step: 119 -  phi=0.5180000000000001, PE=7.499345316509656e-17 after 307 steps
Step: 120 -  phi=0.5190000000000001, PE=8.956852054240724e-17 after 272 steps
Step: 121 -  phi=0.5200000000000001, PE=2.0764815937749547e-17 after 279 steps
Step: 122 -  phi=0.5210000000000001, PE=9.687590309917438e-17 after 288 steps
Step: 123 -  phi=0.5220000000000001, PE=9.71577170769704e-17 after 307 steps
Step: 124 -  phi=0.5230000000000001, PE=3.877757555153274e-17 after 272 steps
Step: 125 -  phi=0.5240000000000001, PE=9.089588625685437e-17 after 337 steps
Step: 126 -  phi=0.5250000000000001, PE=7.287419754234587e-17 after 300 steps
Step: 127 -  phi=0.5260000000000001, PE=8.343081658374471e-17 after 325 steps
Step: 128 -  phi=0.5270000000000001, PE=6.28418277174446e-17 after 319 steps
Step: 129 -  phi=0.5280000000000001, PE=5.0420839223146154e-17 after 277 steps
Step: 130 -  phi=0.5290000000000001, PE=9.08106710641177e-17 after 306 steps
Step: 131 -  phi=0.5300000000000001, PE=9.217939694977325e-17 after 307 steps
Step: 132 -  phi=0.5310000000000001, PE=9.959159207404899e-17 after 411 steps
Step: 133 -  phi=0.5320000000000001, PE=8.602522908124569e-17 after 312 steps
Step: 134 -  phi=0.5330000000000001, PE=8.435615662033273e-17 after 316 steps
Step: 135 -  phi=0.5340000000000001, PE=9.217482704277486e-17 after 319 steps
Step: 136 -  phi=0.5350000000000001, PE=8.784358812600842e-17 after 336 steps
Step: 137 -  phi=0.5360000000000001, PE=8.277110046680263e-17 after 339 steps
Step: 138 -  phi=0.5370000000000001, PE=9.703176137127299e-17 after 339 steps
Step: 139 -  phi=0.5380000000000001, PE=9.906646264094976e-17 after 322 steps
Step: 140 -  phi=0.5390000000000001, PE=7.307163433335904e-17 after 313 steps
Step: 141 -  phi=0.5400000000000001, PE=1.8545327685872646e-17 after 322 steps
Step: 142 -  phi=0.5410000000000001, PE=6.474164076322345e-17 after 295 steps
Step: 143 -  phi=0.5420000000000001, PE=5.642399904791304e-17 after 376 steps
Step: 144 -  phi=0.5430000000000001, PE=9.712933535047545e-17 after 326 steps
Step: 145 -  phi=0.5440000000000002, PE=9.807351635804893e-17 after 303 steps
Step: 146 -  phi=0.5450000000000002, PE=8.101994896656148e-17 after 317 steps
Step: 147 -  phi=0.5460000000000002, PE=8.48440189427226e-17 after 334 steps
Step: 148 -  phi=0.5470000000000002, PE=6.856533633731695e-17 after 308 steps
Step: 149 -  phi=0.5480000000000002, PE=9.375846199382259e-17 after 411 steps
Step: 150 -  phi=0.5490000000000002, PE=9.538110292632592e-17 after 365 steps
Step: 151 -  phi=0.5500000000000002, PE=5.4868645076537296e-17 after 317 steps
Step: 152 -  phi=0.5510000000000002, PE=5.675982076633347e-17 after 322 steps
Step: 153 -  phi=0.5520000000000002, PE=8.865902348762835e-17 after 305 steps
Step: 154 -  phi=0.5530000000000002, PE=6.587156487517162e-17 after 320 steps
Step: 155 -  phi=0.5540000000000002, PE=9.0437518759914e-17 after 351 steps
Step: 156 -  phi=0.5550000000000002, PE=8.631884015153742e-17 after 337 steps
Step: 157 -  phi=0.5560000000000002, PE=7.918459836354091e-17 after 339 steps
Step: 158 -  phi=0.5570000000000002, PE=8.867068421692002e-17 after 368 steps
Step: 159 -  phi=0.5580000000000002, PE=7.415286559596723e-17 after 345 steps
Step: 160 -  phi=0.5590000000000002, PE=8.027658092255149e-17 after 339 steps
Step: 161 -  phi=0.5600000000000002, PE=9.803995866917654e-17 after 332 steps
Step: 162 -  phi=0.5610000000000002, PE=9.365434031511579e-17 after 473 steps
Step: 163 -  phi=0.5620000000000002, PE=9.102182973928304e-17 after 363 steps
Step: 164 -  phi=0.5630000000000002, PE=9.472666891070716e-17 after 360 steps
Step: 165 -  phi=0.5640000000000002, PE=9.066403206982766e-17 after 336 steps
Step: 166 -  phi=0.5650000000000002, PE=9.999837818947242e-17 after 321 steps
Step: 167 -  phi=0.5660000000000002, PE=4.6326201312757526e-17 after 352 steps
Step: 168 -  phi=0.5670000000000002, PE=6.68592427097091e-17 after 344 steps
Step: 169 -  phi=0.5680000000000002, PE=8.887811322460245e-17 after 342 steps
Step: 170 -  phi=0.5690000000000002, PE=6.869947210094676e-17 after 338 steps
Step: 171 -  phi=0.5700000000000002, PE=9.819258893493907e-17 after 338 steps
Step: 172 -  phi=0.5710000000000002, PE=8.975598391348526e-17 after 341 steps
Step: 173 -  phi=0.5720000000000002, PE=5.152029141277167e-17 after 364 steps
Step: 174 -  phi=0.5730000000000002, PE=7.951270626509866e-17 after 361 steps
Step: 175 -  phi=0.5740000000000002, PE=6.758867542098836e-17 after 364 steps
Step: 176 -  phi=0.5750000000000002, PE=5.1693594331361455e-17 after 362 steps
Step: 177 -  phi=0.5760000000000002, PE=9.920084056111907e-17 after 358 steps
Step: 178 -  phi=0.5770000000000002, PE=9.969522178491903e-17 after 357 steps
Step: 179 -  phi=0.5780000000000002, PE=2.0395312578897288e-17 after 363 steps
Step: 180 -  phi=0.5790000000000002, PE=9.124820034486904e-17 after 378 steps
Step: 181 -  phi=0.5800000000000002, PE=6.159905074534324e-17 after 366 steps
Step: 182 -  phi=0.5810000000000002, PE=7.326580856738316e-17 after 391 steps
Step: 183 -  phi=0.5820000000000002, PE=8.95231290441451e-17 after 399 steps
Step: 184 -  phi=0.5830000000000002, PE=9.362993848333736e-17 after 389 steps
Step: 185 -  phi=0.5840000000000002, PE=9.776487641133637e-17 after 393 steps
Step: 186 -  phi=0.5850000000000002, PE=9.502874705131312e-17 after 431 steps
Step: 187 -  phi=0.5860000000000002, PE=9.151743169130919e-17 after 392 steps
Step: 188 -  phi=0.5870000000000002, PE=9.725324684905371e-17 after 437 steps
Step: 189 -  phi=0.5880000000000002, PE=8.21326202269836e-17 after 372 steps
Step: 190 -  phi=0.5890000000000002, PE=7.917309774378431e-17 after 393 steps
Step: 191 -  phi=0.5900000000000002, PE=5.59900350226473e-17 after 390 steps
Step: 192 -  phi=0.5910000000000002, PE=7.241565242142679e-17 after 354 steps
Step: 193 -  phi=0.5920000000000002, PE=9.248260731514961e-17 after 396 steps
Step: 194 -  phi=0.5930000000000002, PE=8.875923146805027e-17 after 379 steps
Step: 195 -  phi=0.5940000000000002, PE=9.123434770627317e-17 after 382 steps
Step: 196 -  phi=0.5950000000000002, PE=3.503745291800579e-17 after 382 steps
Step: 197 -  phi=0.5960000000000002, PE=8.155723860033164e-17 after 432 steps
Step: 198 -  phi=0.5970000000000002, PE=8.54433890798591e-17 after 407 steps
Step: 199 -  phi=0.5980000000000002, PE=9.094819513056618e-17 after 446 steps
Step: 200 -  phi=0.5990000000000002, PE=9.482365685499529e-17 after 398 steps
Step: 201 -  phi=0.6000000000000002, PE=9.44173777648306e-17 after 426 steps
Step: 202 -  phi=0.6010000000000002, PE=9.491734058453578e-17 after 523 steps
Step: 203 -  phi=0.6020000000000002, PE=7.864950757648462e-17 after 433 steps
Step: 204 -  phi=0.6030000000000002, PE=9.003021539213507e-17 after 464 steps
Step: 205 -  phi=0.6040000000000002, PE=9.952605677803391e-17 after 426 steps
Step: 206 -  phi=0.6050000000000002, PE=7.24609294593476e-17 after 413 steps
Step: 207 -  phi=0.6060000000000002, PE=9.297509564652102e-17 after 451 steps
Step: 208 -  phi=0.6070000000000002, PE=8.979406919061138e-17 after 504 steps
Step: 209 -  phi=0.6080000000000002, PE=9.524572748133528e-17 after 424 steps
Step: 210 -  phi=0.6090000000000002, PE=9.27900010957518e-17 after 452 steps
Step: 211 -  phi=0.6100000000000002, PE=9.852944963766113e-17 after 480 steps
Step: 212 -  phi=0.6110000000000002, PE=9.139904075721239e-17 after 459 steps
Step: 213 -  phi=0.6120000000000002, PE=9.628600454481218e-17 after 520 steps
Step: 214 -  phi=0.6130000000000002, PE=9.304769004489018e-17 after 478 steps
Step: 215 -  phi=0.6140000000000002, PE=9.902409876486376e-17 after 474 steps
Step: 216 -  phi=0.6150000000000002, PE=9.363848001905742e-17 after 455 steps
Step: 217 -  phi=0.6160000000000002, PE=9.608677317427302e-17 after 449 steps
Step: 218 -  phi=0.6170000000000002, PE=9.798959012549294e-17 after 498 steps
Step: 219 -  phi=0.6180000000000002, PE=9.433533163686059e-17 after 488 steps
Step: 220 -  phi=0.6190000000000002, PE=8.383797742861898e-17 after 460 steps
Step: 221 -  phi=0.6200000000000002, PE=8.356869992999504e-17 after 463 steps
Step: 222 -  phi=0.6210000000000002, PE=7.964166271978445e-17 after 453 steps
Step: 223 -  phi=0.6220000000000002, PE=9.226148819921493e-17 after 498 steps
Step: 224 -  phi=0.6230000000000002, PE=8.91768868105941e-17 after 451 steps
Step: 225 -  phi=0.6240000000000002, PE=8.987670808627172e-17 after 476 steps
Step: 226 -  phi=0.6250000000000002, PE=9.734062822070391e-17 after 482 steps
Step: 227 -  phi=0.6260000000000002, PE=9.510765037524657e-17 after 466 steps
Step: 228 -  phi=0.6270000000000002, PE=8.760532417623996e-17 after 497 steps
Step: 229 -  phi=0.6280000000000002, PE=9.362022212132627e-17 after 458 steps
Step: 230 -  phi=0.6290000000000002, PE=8.817161646610932e-17 after 457 steps
Step: 231 -  phi=0.6300000000000002, PE=9.018231237054129e-17 after 675 steps
Step: 232 -  phi=0.6310000000000002, PE=6.178808325801716e-17 after 439 steps
Step: 233 -  phi=0.6320000000000002, PE=6.260476620938385e-17 after 468 steps
Step: 234 -  phi=0.6330000000000002, PE=9.547299833622493e-17 after 499 steps
Step: 235 -  phi=0.6340000000000002, PE=9.499230228578349e-17 after 536 steps
Step: 236 -  phi=0.6350000000000002, PE=9.692959034986533e-17 after 525 steps
Step: 237 -  phi=0.6360000000000002, PE=9.408233374317869e-17 after 525 steps
Step: 238 -  phi=0.6370000000000002, PE=8.972128840831252e-17 after 500 steps
Step: 239 -  phi=0.6380000000000002, PE=9.905996829927014e-17 after 508 steps
Step: 240 -  phi=0.6390000000000002, PE=9.691082203361226e-17 after 620 steps
Step: 241 -  phi=0.6400000000000002, PE=7.934378685796092e-17 after 473 steps
Step: 242 -  phi=0.6410000000000002, PE=8.978610341506206e-17 after 760 steps
Step: 243 -  phi=0.6420000000000002, PE=9.696375963936979e-17 after 481 steps
Step: 244 -  phi=0.6430000000000002, PE=8.877359993742938e-17 after 500 steps
Step: 245 -  phi=0.6440000000000002, PE=9.612590431144945e-17 after 483 steps
Step: 246 -  phi=0.6450000000000002, PE=8.757925153185549e-17 after 494 steps
Step: 247 -  phi=0.6460000000000002, PE=8.551552774749233e-17 after 469 steps
Step: 248 -  phi=0.6470000000000002, PE=7.961279828967796e-17 after 456 steps
Step: 249 -  phi=0.6480000000000002, PE=8.740215295622393e-17 after 534 steps
Step: 250 -  phi=0.6490000000000002, PE=9.205017954949419e-17 after 469 steps
Step: 251 -  phi=0.6500000000000002, PE=9.964087222555952e-17 after 541 steps
Step: 252 -  phi=0.6510000000000002, PE=9.364829097847266e-17 after 494 steps
Step: 253 -  phi=0.6520000000000002, PE=9.101062507228394e-17 after 515 steps
Step: 254 -  phi=0.6530000000000002, PE=8.404148855159237e-17 after 554 steps
Step: 255 -  phi=0.6540000000000002, PE=9.931256868555807e-17 after 579 steps
Step: 256 -  phi=0.6550000000000002, PE=9.386085112514157e-17 after 733 steps
Step: 257 -  phi=0.6560000000000002, PE=9.061268652775447e-17 after 506 steps
Step: 258 -  phi=0.6570000000000003, PE=9.990727470631228e-17 after 616 steps
Step: 259 -  phi=0.6580000000000003, PE=9.363842170341065e-17 after 579 steps
Step: 260 -  phi=0.6590000000000003, PE=9.907739503459604e-17 after 546 steps
Step: 261 -  phi=0.6600000000000003, PE=9.705071624169792e-17 after 598 steps
Step: 262 -  phi=0.6610000000000003, PE=9.390504784476759e-17 after 595 steps
Step: 263 -  phi=0.6620000000000003, PE=7.710729165521615e-17 after 600 steps
Step: 264 -  phi=0.6630000000000003, PE=9.569536330466518e-17 after 721 steps
Step: 265 -  phi=0.6640000000000003, PE=9.636727133007255e-17 after 679 steps
Step: 266 -  phi=0.6650000000000003, PE=9.589875627562884e-17 after 954 steps
Step: 267 -  phi=0.6660000000000003, PE=9.894030083775346e-17 after 930 steps
Step: 268 -  phi=0.6670000000000003, PE=9.560853477747362e-17 after 688 steps
Step: 269 -  phi=0.6680000000000003, PE=8.987128100894926e-17 after 602 steps
Step: 270 -  phi=0.6690000000000003, PE=9.877140158289487e-17 after 853 steps
Step: 271 -  phi=0.6700000000000003, PE=9.930222431406176e-17 after 807 steps
Step: 272 -  phi=0.6710000000000003, PE=9.650605279893031e-17 after 580 steps
Step: 273 -  phi=0.6720000000000003, PE=9.900577856218683e-17 after 1005 steps
Step: 274 -  phi=0.6730000000000003, PE=9.883048400370964e-17 after 530 steps
Step: 275 -  phi=0.6740000000000003, PE=9.057659706265204e-17 after 636 steps
Step: 276 -  phi=0.6750000000000003, PE=9.400301971749696e-17 after 675 steps
Step: 277 -  phi=0.6760000000000003, PE=9.238218572383915e-17 after 597 steps
Step: 278 -  phi=0.6770000000000003, PE=8.399066158456443e-17 after 532 steps
Step: 279 -  phi=0.6780000000000003, PE=8.54294592786899e-17 after 593 steps
Step: 280 -  phi=0.6790000000000003, PE=8.764787666738273e-17 after 620 steps
Step: 281 -  phi=0.6800000000000003, PE=7.341781220754767e-17 after 723 steps
Step: 282 -  phi=0.6810000000000003, PE=8.623104338753568e-17 after 636 steps
Step: 283 -  phi=0.6820000000000003, PE=9.715838341410339e-17 after 654 steps
Step: 284 -  phi=0.6830000000000003, PE=8.945680264743809e-17 after 718 steps
Step: 285 -  phi=0.6840000000000003, PE=9.889983503657128e-17 after 779 steps
Step: 286 -  phi=0.6850000000000003, PE=9.528304722762243e-17 after 674 steps
Step: 287 -  phi=0.6860000000000003, PE=9.410723737062162e-17 after 541 steps
Step: 288 -  phi=0.6870000000000003, PE=9.818933268076787e-17 after 572 steps
Step: 289 -  phi=0.6880000000000003, PE=9.864598731520362e-17 after 835 steps
Step: 290 -  phi=0.6890000000000003, PE=9.82051755558085e-17 after 624 steps
Step: 291 -  phi=0.6900000000000003, PE=8.439630188833354e-17 after 643 steps
Step: 292 -  phi=0.6910000000000003, PE=9.850250775285735e-17 after 810 steps
Step: 293 -  phi=0.6920000000000003, PE=8.420033701391808e-17 after 808 steps
Step: 294 -  phi=0.6930000000000003, PE=7.572811783265698e-17 after 716 steps
Step: 295 -  phi=0.6940000000000003, PE=9.928368256640423e-17 after 666 steps
Step: 296 -  phi=0.6950000000000003, PE=9.611522898950616e-17 after 935 steps
Step: 297 -  phi=0.6960000000000003, PE=9.866297393594676e-17 after 840 steps
Step: 298 -  phi=0.6970000000000003, PE=8.727175874268303e-17 after 770 steps
Step: 299 -  phi=0.6980000000000003, PE=8.146595266426465e-17 after 701 steps
Step: 300 -  phi=0.6990000000000003, PE=9.812990007365094e-17 after 706 steps
Step: 301 -  phi=0.7000000000000003, PE=9.70529420861042e-17 after 707 steps
Step: 302 -  phi=0.7010000000000003, PE=9.87725565342117e-17 after 610 steps
Step: 303 -  phi=0.7020000000000003, PE=7.424294482819274e-17 after 614 steps
Step: 304 -  phi=0.7030000000000003, PE=7.891560915189618e-17 after 732 steps
Step: 305 -  phi=0.7040000000000003, PE=9.80982282896993e-17 after 730 steps
Step: 306 -  phi=0.7050000000000003, PE=9.599785963408376e-17 after 888 steps
Step: 307 -  phi=0.7060000000000003, PE=9.989660196159335e-17 after 844 steps
Step: 308 -  phi=0.7070000000000003, PE=9.671409641633995e-17 after 775 steps
Step: 309 -  phi=0.7080000000000003, PE=8.06109248583797e-17 after 659 steps
Step: 310 -  phi=0.7090000000000003, PE=9.287276929477611e-17 after 655 steps
Step: 311 -  phi=0.7100000000000003, PE=9.863812155082298e-17 after 955 steps
Step: 312 -  phi=0.7110000000000003, PE=9.624385477344178e-17 after 979 steps
Step: 313 -  phi=0.7120000000000003, PE=9.731026884818622e-17 after 800 steps
Step: 314 -  phi=0.7130000000000003, PE=9.142057275180526e-17 after 1262 steps
Step: 315 -  phi=0.7140000000000003, PE=9.239722195331736e-17 after 774 steps
Step: 316 -  phi=0.7150000000000003, PE=8.596550269714232e-17 after 665 steps
Step: 317 -  phi=0.7160000000000003, PE=9.624572729385498e-17 after 863 steps
Step: 318 -  phi=0.7170000000000003, PE=9.847979248442944e-17 after 1001 steps
Step: 319 -  phi=0.7180000000000003, PE=8.530164386822737e-17 after 861 steps
Step: 320 -  phi=0.7190000000000003, PE=7.979190051866457e-17 after 707 steps
Step: 321 -  phi=0.7200000000000003, PE=9.83396324040077e-17 after 677 steps
Step: 322 -  phi=0.7210000000000003, PE=9.730214394278769e-17 after 848 steps
Step: 323 -  phi=0.7220000000000003, PE=9.619619505704111e-17 after 843 steps
Step: 324 -  phi=0.7230000000000003, PE=9.854070666822668e-17 after 815 steps
Step: 325 -  phi=0.7240000000000003, PE=8.303944623072728e-17 after 769 steps
Step: 326 -  phi=0.7250000000000003, PE=9.018781692229284e-17 after 945 steps
Step: 327 -  phi=0.7260000000000003, PE=9.36135513626073e-17 after 859 steps
Step: 328 -  phi=0.7270000000000003, PE=9.378003859807992e-17 after 977 steps
Step: 329 -  phi=0.7280000000000003, PE=9.288715801494981e-17 after 1056 steps
Step: 330 -  phi=0.7290000000000003, PE=9.704990991966466e-17 after 1132 steps
Step: 331 -  phi=0.7300000000000003, PE=9.204403436933629e-17 after 870 steps
Step: 332 -  phi=0.7310000000000003, PE=9.651112720840032e-17 after 1220 steps
Step: 333 -  phi=0.7320000000000003, PE=9.516879497823323e-17 after 1483 steps
Step: 334 -  phi=0.7330000000000003, PE=9.223145987497973e-17 after 1128 steps
Step: 335 -  phi=0.7340000000000003, PE=9.768278259183504e-17 after 1220 steps
Step: 336 -  phi=0.7350000000000003, PE=9.607876114147949e-17 after 1517 steps
Step: 337 -  phi=0.7360000000000003, PE=9.838210986871944e-17 after 1241 steps
Step: 338 -  phi=0.7370000000000003, PE=9.913540769979794e-17 after 1692 steps
Step: 339 -  phi=0.7380000000000003, PE=8.745176377403532e-17 after 1002 steps
Step: 340 -  phi=0.7390000000000003, PE=9.855591034069314e-17 after 1985 steps
Step: 341 -  phi=0.7400000000000003, PE=9.585204076066821e-17 after 1142 steps
Step: 342 -  phi=0.7410000000000003, PE=9.908238920290011e-17 after 2399 steps
Step: 343 -  phi=0.7420000000000003, PE=9.701602916886743e-17 after 1469 steps
Step: 344 -  phi=0.7430000000000003, PE=9.810593678614703e-17 after 2160 steps
Step: 345 -  phi=0.7440000000000003, PE=9.81323357467708e-17 after 1993 steps
Step: 346 -  phi=0.7450000000000003, PE=9.889081556196673e-17 after 1778 steps
Step: 347 -  phi=0.7460000000000003, PE=9.496891701391364e-17 after 1539 steps
Step: 348 -  phi=0.7470000000000003, PE=9.963993146947679e-17 after 2230 steps
Step: 349 -  phi=0.7480000000000003, PE=9.66539665058028e-17 after 2311 steps
Step: 350 -  phi=0.7490000000000003, PE=9.691386134708606e-17 after 2247 steps
Step: 351 -  phi=0.7500000000000003, PE=9.927348159430739e-17 after 2155 steps
Step: 352 -  phi=0.7510000000000003, PE=9.858391918828773e-17 after 2187 steps
Step: 353 -  phi=0.7520000000000003, PE=9.723011945567184e-17 after 3608 steps
Step: 354 -  phi=0.7530000000000003, PE=9.930774678244244e-17 after 4070 steps
Step: 355 -  phi=0.7540000000000003, PE=9.946872956920281e-17 after 3853 steps
Step: 356 -  phi=0.7550000000000003, PE=9.965102920692668e-17 after 4223 steps
Step: 357 -  phi=0.7560000000000003, PE=9.983580896195424e-17 after 7222 steps
Step: 358 -  phi=0.7570000000000003, PE=9.910073712658564e-17 after 5372 steps
Step: 359 -  phi=0.7580000000000003, PE=9.893276495775575e-17 after 6885 steps
Step: 360 -  phi=0.7590000000000003, PE=9.773361696363982e-17 after 3986 steps
Step: 361 -  phi=0.7600000000000003, PE=9.863665818662596e-17 after 4264 steps
Step: 362 -  phi=0.7610000000000003, PE=9.870124170593627e-17 after 4818 steps
Step: 363 -  phi=0.7620000000000003, PE=9.985150107236453e-17 after 4803 steps
Step: 364 -  phi=0.7630000000000003, PE=9.558418094837111e-17 after 4534 steps
Step: 365 -  phi=0.7640000000000003, PE=9.971720502432864e-17 after 5537 steps
Step: 366 -  phi=0.7650000000000003, PE=9.950246671723143e-17 after 4092 steps
Step: 367 -  phi=0.7660000000000003, PE=9.981789366971066e-17 after 7666 steps
Step: 368 -  phi=0.7670000000000003, PE=9.975274725411114e-17 after 6796 steps
Step: 369 -  phi=0.7680000000000003, PE=9.957769039112069e-17 after 6383 steps
Step: 370 -  phi=0.7690000000000003, PE=9.828826827765146e-17 after 5315 steps
Step: 371 -  phi=0.7700000000000004, PE=9.987563908358129e-17 after 8203 steps
Step: 372 -  phi=0.7710000000000004, PE=9.970895880567525e-17 after 16168 steps
Step: 373 -  phi=0.7720000000000004, PE=9.969210281888216e-17 after 6940 steps
Step: 374 -  phi=0.7730000000000004, PE=9.924833142169812e-17 after 8213 steps
Step: 375 -  phi=0.7740000000000004, PE=9.952496624446813e-17 after 8302 steps
Step: 376 -  phi=0.7750000000000004, PE=9.99832947725158e-17 after 15457 steps
Step: 377 -  phi=0.7760000000000004, PE=9.999836061191134e-17 after 23081 steps
Step: 378 -  phi=0.7770000000000004, PE=9.995151999605663e-17 after 18042 steps
Step: 379 -  phi=0.7780000000000004, PE=9.938228769336726e-17 after 28462 steps
Step: 380 -  phi=0.7790000000000004, PE=2.1951837982004578e-12 after 508916 steps
Step: 381 -  phi=0.7785000000000004, PE=9.97510083168928e-17 after 27379 steps
Step: 382 -  phi=0.7787500000000004, PE=9.997151917666665e-17 after 78395 steps
Step: 383 -  phi=0.7788750000000004, PE=9.997716649923273e-17 after 18608 steps
Step: 384 -  phi=0.7789375000000004, PE=9.989792909649396e-17 after 10864 steps
Step: 385 -  phi=0.7789687500000004, PE=9.994885198759053e-17 after 4349 steps
Step: 386 -  phi=0.7789843750000004, PE=9.870889625308882e-17 after 2691 steps
Step: 387 -  phi=0.7789921875000003, PE=9.996829612903453e-17 after 3673 steps
Step: 388 -  phi=0.7789960937500003, PE=9.943201606882472e-17 after 2049 steps
Step: 389 -  phi=0.7789980468750004, PE=9.996747970549414e-17 after 3747 steps
Step: 390 -  phi=0.7789990234375004, PE=9.918260043685944e-17 after 1893 steps
Step: 391 -  phi=0.7789995117187504, PE=9.90602900665494e-17 after 1785 steps
Step: 392 -  phi=0.7789997558593753, PE=9.974725879057851e-17 after 1641 steps
Step: 393 -  phi=0.7789998779296878, PE=9.985981636754324e-17 after 1435 steps
Step: 394 -  phi=0.7789999389648441, PE=9.997831887258396e-17 after 1187 steps
Step: 395 -  phi=0.7789999694824222, PE=9.996545078088877e-17 after 931 steps
Step: 396 -  phi=0.7789999847412112, PE=9.99951285873522e-17 after 697 steps
Step: 397 -  phi=0.7789999923706058, PE=9.998543038830154e-17 after 516 steps
Step: 398 -  phi=0.7789999961853031, PE=9.996733865959396e-17 after 373 steps
Step: 399 -  phi=0.7789999980926517, PE=9.997628048830529e-17 after 269 steps
Step: 400 -  phi=0.7789999990463261, PE=9.998818348846475e-17 after 195 steps
Step: 401 -  phi=0.7789999995231632, PE=9.999953163964508e-17 after 143 steps
Step: 402 -  phi=0.7789999997615817, PE=9.9986133708181e-17 after 108 steps
Step: 403 -  phi=0.778999999880791, PE=9.999778693095826e-17 after 80 steps
Step: 404 -  phi=0.7789999999403957, PE=9.999718764351548e-17 after 63 steps
Jammed: phi = 0.779000, residual PE = 1.000e-16
