The following modules were not unloaded:
  (Use "module --force purge" to unload all):

  1) StdEnv
sys:1: RuntimeWarning: h5: callable: skipping callable field 'user_pre_step_actions' (<PjitFunction of <function _save_state_system at 0x148645e6bba0>>); handle explicitly
sys:1: RuntimeWarning: h5: callable: skipping callable field 'user_post_step_actions' (<PjitFunction of <function _save_state_system at 0x148645e6bba0>>); handle explicitly
/home/rg2248/analysis/summer-26/jam/thomson/jam2d-thomson.py:74: RuntimeWarning: h5: callable: skipping callable field '0' (<function fire.<locals>.init at 0x1484c432b100>); handle explicitly
  save(system, join(data_root, 'system.h5'))
/home/rg2248/analysis/summer-26/jam/thomson/jam2d-thomson.py:74: RuntimeWarning: h5: callable: skipping callable field '1' (<function fire.<locals>.update at 0x1484c432afc0>); handle explicitly
  save(system, join(data_root, 'system.h5'))
Initial minimization took 0 steps.
Step: 1 -  phi=0.4000000000000001, PE=0.0 after 0 steps
Step: 2 -  phi=0.4010000000000001, PE=6.1166979568264e-17 after 108 steps
Step: 3 -  phi=0.4020000000000001, PE=0.0 after 95 steps
Step: 4 -  phi=0.4030000000000001, PE=0.0 after 79 steps
Step: 5 -  phi=0.4040000000000001, PE=0.0 after 74 steps
Step: 6 -  phi=0.4050000000000001, PE=0.0 after 79 steps
Step: 7 -  phi=0.4060000000000001, PE=0.0 after 98 steps
Step: 8 -  phi=0.4070000000000001, PE=0.0 after 93 steps
Step: 9 -  phi=0.4080000000000001, PE=8.197847278742829e-17 after 100 steps
Step: 10 -  phi=0.4090000000000001, PE=7.813206104646635e-17 after 131 steps
Step: 11 -  phi=0.4100000000000001, PE=3.1325453150826124e-17 after 103 steps
Step: 12 -  phi=0.4110000000000001, PE=0.0 after 113 steps
Step: 13 -  phi=0.4120000000000001, PE=7.007113308204596e-17 after 99 steps
Step: 14 -  phi=0.4130000000000001, PE=3.572938014341799e-17 after 110 steps
Step: 15 -  phi=0.4140000000000001, PE=0.0 after 91 steps
Step: 16 -  phi=0.4150000000000001, PE=8.05792030185928e-17 after 122 steps
Step: 17 -  phi=0.4160000000000001, PE=3.0459932798212773e-17 after 125 steps
Step: 18 -  phi=0.4170000000000001, PE=4.043083001678905e-17 after 98 steps
Step: 19 -  phi=0.4180000000000001, PE=5.961074683619785e-17 after 116 steps
Step: 20 -  phi=0.4190000000000001, PE=4.6345242609144604e-17 after 88 steps
Step: 21 -  phi=0.4200000000000001, PE=1.1390744734196865e-19 after 92 steps
Step: 22 -  phi=0.4210000000000001, PE=0.0 after 103 steps
Step: 23 -  phi=0.4220000000000001, PE=8.410463449264612e-17 after 102 steps
Step: 24 -  phi=0.4230000000000001, PE=0.0 after 103 steps
Step: 25 -  phi=0.4240000000000001, PE=0.0 after 108 steps
Step: 26 -  phi=0.4250000000000001, PE=0.0 after 103 steps
Step: 27 -  phi=0.4260000000000001, PE=0.0 after 96 steps
Step: 28 -  phi=0.4270000000000001, PE=0.0 after 99 steps
Step: 29 -  phi=0.4280000000000001, PE=2.861697975707953e-17 after 102 steps
Step: 30 -  phi=0.4290000000000001, PE=9.421640277704423e-17 after 132 steps
Step: 31 -  phi=0.4300000000000001, PE=7.826001825130252e-17 after 104 steps
Step: 32 -  phi=0.4310000000000001, PE=0.0 after 96 steps
Step: 33 -  phi=0.4320000000000001, PE=6.643401154997801e-17 after 113 steps
Step: 34 -  phi=0.4330000000000001, PE=9.829758375687828e-17 after 110 steps
Step: 35 -  phi=0.4340000000000001, PE=3.895810101330535e-17 after 123 steps
Step: 36 -  phi=0.4350000000000001, PE=9.956422800896875e-17 after 125 steps
Step: 37 -  phi=0.4360000000000001, PE=9.200598296873238e-17 after 154 steps
Step: 38 -  phi=0.4370000000000001, PE=7.561992958599729e-17 after 117 steps
Step: 39 -  phi=0.4380000000000001, PE=2.1280866426202938e-17 after 140 steps
Step: 40 -  phi=0.4390000000000001, PE=0.0 after 116 steps
Step: 41 -  phi=0.4400000000000001, PE=7.98851863888418e-17 after 122 steps
Step: 42 -  phi=0.4410000000000001, PE=6.732499951507593e-17 after 110 steps
Step: 43 -  phi=0.4420000000000001, PE=0.0 after 122 steps
Step: 44 -  phi=0.4430000000000001, PE=0.0 after 111 steps
Step: 45 -  phi=0.4440000000000001, PE=8.788509214136111e-17 after 121 steps
Step: 46 -  phi=0.4450000000000001, PE=8.783059323067502e-17 after 127 steps
Step: 47 -  phi=0.4460000000000001, PE=8.359489119227327e-17 after 157 steps
Step: 48 -  phi=0.4470000000000001, PE=6.705530358008334e-18 after 125 steps
Step: 49 -  phi=0.4480000000000001, PE=5.289698050811685e-17 after 145 steps
Step: 50 -  phi=0.4490000000000001, PE=9.160742717593837e-17 after 130 steps
Step: 51 -  phi=0.4500000000000001, PE=8.765864181995573e-17 after 126 steps
Step: 52 -  phi=0.4510000000000001, PE=9.342279119289442e-17 after 124 steps
Step: 53 -  phi=0.4520000000000001, PE=4.000497459962368e-17 after 131 steps
Step: 54 -  phi=0.4530000000000001, PE=0.0 after 125 steps
Step: 55 -  phi=0.4540000000000001, PE=3.7061834485476236e-17 after 126 steps
Step: 56 -  phi=0.4550000000000001, PE=1.428824212773118e-17 after 117 steps
Step: 57 -  phi=0.4560000000000001, PE=2.316038305329391e-17 after 141 steps
Step: 58 -  phi=0.45700000000000013, PE=4.6668142434619126e-17 after 104 steps
Step: 59 -  phi=0.45800000000000013, PE=9.940891309460538e-17 after 135 steps
Step: 60 -  phi=0.45900000000000013, PE=8.21501104135817e-17 after 141 steps
Step: 61 -  phi=0.46000000000000013, PE=0.0 after 120 steps
Step: 62 -  phi=0.46100000000000013, PE=1.2586793973444142e-18 after 110 steps
Step: 63 -  phi=0.46200000000000013, PE=9.962651528554433e-17 after 126 steps
Step: 64 -  phi=0.46300000000000013, PE=9.347150383512705e-17 after 141 steps
Step: 65 -  phi=0.46400000000000013, PE=8.405483272118849e-17 after 111 steps
Step: 66 -  phi=0.46500000000000014, PE=2.5536938499890887e-17 after 119 steps
Step: 67 -  phi=0.46600000000000014, PE=7.809940972037065e-17 after 118 steps
Step: 68 -  phi=0.46700000000000014, PE=7.967603723356966e-17 after 120 steps
Step: 69 -  phi=0.46800000000000014, PE=8.726636888706265e-18 after 119 steps
Step: 70 -  phi=0.46900000000000014, PE=0.0 after 108 steps
Step: 71 -  phi=0.47000000000000014, PE=0.0 after 126 steps
Step: 72 -  phi=0.47100000000000014, PE=0.0 after 116 steps
Step: 73 -  phi=0.47200000000000014, PE=0.0 after 113 steps
Step: 74 -  phi=0.47300000000000014, PE=0.0 after 116 steps
Step: 75 -  phi=0.47400000000000014, PE=0.0 after 129 steps
Step: 76 -  phi=0.47500000000000014, PE=8.415632488680782e-17 after 122 steps
Step: 77 -  phi=0.47600000000000015, PE=0.0 after 117 steps
Step: 78 -  phi=0.47700000000000015, PE=9.977554422778432e-17 after 124 steps
Step: 79 -  phi=0.47800000000000015, PE=7.985824675560641e-17 after 152 steps
Step: 80 -  phi=0.47900000000000015, PE=5.823203826421079e-17 after 146 steps
Step: 81 -  phi=0.48000000000000015, PE=4.124846798797148e-17 after 145 steps
Step: 82 -  phi=0.48100000000000015, PE=5.3161709022460827e-17 after 142 steps
Step: 83 -  phi=0.48200000000000015, PE=0.0 after 134 steps
Step: 84 -  phi=0.48300000000000015, PE=0.0 after 132 steps
Step: 85 -  phi=0.48400000000000015, PE=0.0 after 130 steps
Step: 86 -  phi=0.48500000000000015, PE=0.0 after 128 steps
Step: 87 -  phi=0.48600000000000015, PE=8.648686005117538e-17 after 136 steps
Step: 88 -  phi=0.48700000000000015, PE=9.557015670801268e-17 after 144 steps
Step: 89 -  phi=0.48800000000000016, PE=6.019868226912057e-17 after 134 steps
Step: 90 -  phi=0.48900000000000016, PE=3.2618797464843725e-17 after 121 steps
Step: 91 -  phi=0.49000000000000016, PE=7.001436894669043e-17 after 125 steps
Step: 92 -  phi=0.49100000000000016, PE=5.774168034743988e-17 after 117 steps
Step: 93 -  phi=0.49200000000000016, PE=3.048965817141576e-17 after 113 steps
Step: 94 -  phi=0.49300000000000016, PE=0.0 after 114 steps
Step: 95 -  phi=0.49400000000000016, PE=0.0 after 113 steps
Step: 96 -  phi=0.49500000000000016, PE=3.48654964379508e-17 after 128 steps
Step: 97 -  phi=0.49600000000000016, PE=2.4628191525482287e-17 after 124 steps
Step: 98 -  phi=0.49700000000000016, PE=4.2815896668955415e-17 after 113 steps
Step: 99 -  phi=0.49800000000000016, PE=2.3381295554583405e-17 after 113 steps
Step: 100 -  phi=0.49900000000000017, PE=7.688877636093403e-17 after 122 steps
Step: 101 -  phi=0.5000000000000001, PE=0.0 after 124 steps
Step: 102 -  phi=0.5010000000000001, PE=8.70676407068209e-17 after 122 steps
Step: 103 -  phi=0.5020000000000001, PE=0.0 after 126 steps
Step: 104 -  phi=0.5030000000000001, PE=9.948826522338288e-17 after 165 steps
Step: 105 -  phi=0.5040000000000001, PE=8.82569108875575e-17 after 181 steps
Step: 106 -  phi=0.5050000000000001, PE=0.0 after 122 steps
Step: 107 -  phi=0.5060000000000001, PE=9.106493645199489e-17 after 158 steps
Step: 108 -  phi=0.5070000000000001, PE=9.69574264070673e-17 after 160 steps
Step: 109 -  phi=0.5080000000000001, PE=1.6716555329255838e-17 after 144 steps
Step: 110 -  phi=0.5090000000000001, PE=1.662195187734855e-17 after 121 steps
Step: 111 -  phi=0.5100000000000001, PE=0.0 after 128 steps
Step: 112 -  phi=0.5110000000000001, PE=5.734517038669714e-17 after 143 steps
Step: 113 -  phi=0.5120000000000001, PE=9.336495510893025e-17 after 130 steps
Step: 114 -  phi=0.5130000000000001, PE=2.815421969008009e-17 after 143 steps
Step: 115 -  phi=0.5140000000000001, PE=9.757815747093167e-17 after 163 steps
Step: 116 -  phi=0.5150000000000001, PE=0.0 after 129 steps
Step: 117 -  phi=0.5160000000000001, PE=5.377901570327279e-17 after 151 steps
Step: 118 -  phi=0.5170000000000001, PE=0.0 after 136 steps
Step: 119 -  phi=0.5180000000000001, PE=9.975313261571972e-17 after 212 steps
Step: 120 -  phi=0.5190000000000001, PE=9.563118284806771e-17 after 146 steps
Step: 121 -  phi=0.5200000000000001, PE=3.54546614725292e-17 after 150 steps
Step: 122 -  phi=0.5210000000000001, PE=4.5088596763474774e-17 after 156 steps
Step: 123 -  phi=0.5220000000000001, PE=0.0 after 142 steps
Step: 124 -  phi=0.5230000000000001, PE=8.449409818492574e-17 after 155 steps
Step: 125 -  phi=0.5240000000000001, PE=7.819141896091641e-17 after 152 steps
Step: 126 -  phi=0.5250000000000001, PE=7.03093002114333e-17 after 153 steps
Step: 127 -  phi=0.5260000000000001, PE=0.0 after 127 steps
Step: 128 -  phi=0.5270000000000001, PE=4.8759263274588365e-17 after 140 steps
Step: 129 -  phi=0.5280000000000001, PE=2.948039225351775e-17 after 127 steps
Step: 130 -  phi=0.5290000000000001, PE=8.470112900451761e-17 after 146 steps
Step: 131 -  phi=0.5300000000000001, PE=0.0 after 127 steps
Step: 132 -  phi=0.5310000000000001, PE=6.954256521511242e-17 after 149 steps
Step: 133 -  phi=0.5320000000000001, PE=9.045895693919623e-17 after 139 steps
Step: 134 -  phi=0.5330000000000001, PE=9.589697762961935e-17 after 143 steps
Step: 135 -  phi=0.5340000000000001, PE=4.822241936837366e-17 after 149 steps
Step: 136 -  phi=0.5350000000000001, PE=4.4491111815273276e-17 after 154 steps
Step: 137 -  phi=0.5360000000000001, PE=8.666660938589094e-17 after 160 steps
Step: 138 -  phi=0.5370000000000001, PE=6.12108417893754e-17 after 155 steps
Step: 139 -  phi=0.5380000000000001, PE=0.0 after 140 steps
Step: 140 -  phi=0.5390000000000001, PE=1.6046885902400581e-18 after 148 steps
Step: 141 -  phi=0.5400000000000001, PE=0.0 after 148 steps
Step: 142 -  phi=0.5410000000000001, PE=5.5497387134118545e-17 after 153 steps
Step: 143 -  phi=0.5420000000000001, PE=9.391176162170974e-17 after 181 steps
Step: 144 -  phi=0.5430000000000001, PE=5.99547285882717e-17 after 147 steps
Step: 145 -  phi=0.5440000000000002, PE=4.3339520184880404e-19 after 155 steps
Step: 146 -  phi=0.5450000000000002, PE=2.244151884374872e-17 after 137 steps
Step: 147 -  phi=0.5460000000000002, PE=0.0 after 125 steps
Step: 148 -  phi=0.5470000000000002, PE=6.285565864005488e-17 after 144 steps
Step: 149 -  phi=0.5480000000000002, PE=9.304099484834117e-17 after 171 steps
Step: 150 -  phi=0.5490000000000002, PE=6.256452887664063e-17 after 146 steps
Step: 151 -  phi=0.5500000000000002, PE=8.334139469493771e-17 after 160 steps
Step: 152 -  phi=0.5510000000000002, PE=9.790795317557498e-17 after 212 steps
Step: 153 -  phi=0.5520000000000002, PE=2.7374951602001816e-17 after 154 steps
Step: 154 -  phi=0.5530000000000002, PE=7.744315940070649e-17 after 166 steps
Step: 155 -  phi=0.5540000000000002, PE=7.780039547079036e-17 after 160 steps
Step: 156 -  phi=0.5550000000000002, PE=9.498812560775227e-17 after 179 steps
Step: 157 -  phi=0.5560000000000002, PE=6.277006656067225e-17 after 168 steps
Step: 158 -  phi=0.5570000000000002, PE=8.117698534323435e-17 after 143 steps
Step: 159 -  phi=0.5580000000000002, PE=9.50921678551299e-17 after 179 steps
Step: 160 -  phi=0.5590000000000002, PE=4.5431962025164533e-17 after 170 steps
Step: 161 -  phi=0.5600000000000002, PE=6.073341661911363e-17 after 180 steps
Step: 162 -  phi=0.5610000000000002, PE=9.635356752092113e-17 after 193 steps
Step: 163 -  phi=0.5620000000000002, PE=8.858840555099285e-17 after 174 steps
Step: 164 -  phi=0.5630000000000002, PE=1.596268621558098e-17 after 173 steps
Step: 165 -  phi=0.5640000000000002, PE=7.29247696951361e-17 after 189 steps
Step: 166 -  phi=0.5650000000000002, PE=6.863676148099769e-17 after 196 steps
Step: 167 -  phi=0.5660000000000002, PE=8.664049129101793e-17 after 179 steps
Step: 168 -  phi=0.5670000000000002, PE=9.884042200925988e-17 after 174 steps
Step: 169 -  phi=0.5680000000000002, PE=6.306650297595042e-17 after 184 steps
Step: 170 -  phi=0.5690000000000002, PE=0.0 after 169 steps
Step: 171 -  phi=0.5700000000000002, PE=8.766380017023241e-17 after 160 steps
Step: 172 -  phi=0.5710000000000002, PE=1.1503780457287907e-17 after 168 steps
Step: 173 -  phi=0.5720000000000002, PE=4.3250651039848737e-17 after 161 steps
Step: 174 -  phi=0.5730000000000002, PE=7.110016667802636e-17 after 166 steps
Step: 175 -  phi=0.5740000000000002, PE=1.3057263888731075e-17 after 154 steps
Step: 176 -  phi=0.5750000000000002, PE=6.990144244242116e-17 after 161 steps
Step: 177 -  phi=0.5760000000000002, PE=9.365008222615798e-17 after 153 steps
Step: 178 -  phi=0.5770000000000002, PE=5.3430526907106205e-17 after 149 steps
Step: 179 -  phi=0.5780000000000002, PE=8.041092243081986e-17 after 156 steps
Step: 180 -  phi=0.5790000000000002, PE=7.27024950910916e-17 after 188 steps
Step: 181 -  phi=0.5800000000000002, PE=9.701218020976391e-17 after 197 steps
Step: 182 -  phi=0.5810000000000002, PE=4.719010443474195e-17 after 183 steps
Step: 183 -  phi=0.5820000000000002, PE=9.164823534237455e-17 after 170 steps
Step: 184 -  phi=0.5830000000000002, PE=7.563889721842945e-17 after 192 steps
Step: 185 -  phi=0.5840000000000002, PE=0.0 after 156 steps
Step: 186 -  phi=0.5850000000000002, PE=6.795253557681842e-17 after 154 steps
Step: 187 -  phi=0.5860000000000002, PE=2.2002342106376858e-17 after 185 steps
Step: 188 -  phi=0.5870000000000002, PE=8.237825500032303e-17 after 174 steps
Step: 189 -  phi=0.5880000000000002, PE=0.0 after 169 steps
Step: 190 -  phi=0.5890000000000002, PE=0.0 after 168 steps
Step: 191 -  phi=0.5900000000000002, PE=0.0 after 170 steps
Step: 192 -  phi=0.5910000000000002, PE=3.9562851221173833e-17 after 181 steps
Step: 193 -  phi=0.5920000000000002, PE=0.0 after 182 steps
Step: 194 -  phi=0.5930000000000002, PE=6.383937711795462e-17 after 194 steps
Step: 195 -  phi=0.5940000000000002, PE=0.0 after 170 steps
Step: 196 -  phi=0.5950000000000002, PE=4.2113721678397734e-17 after 172 steps
Step: 197 -  phi=0.5960000000000002, PE=2.3936062724279344e-17 after 182 steps
Step: 198 -  phi=0.5970000000000002, PE=7.688134670872225e-17 after 189 steps
Step: 199 -  phi=0.5980000000000002, PE=0.0 after 168 steps
Step: 200 -  phi=0.5990000000000002, PE=7.290550789091484e-17 after 174 steps
Step: 201 -  phi=0.6000000000000002, PE=7.639808592902535e-17 after 174 steps
Step: 202 -  phi=0.6010000000000002, PE=9.34677771739505e-17 after 191 steps
Step: 203 -  phi=0.6020000000000002, PE=8.084302328886437e-18 after 166 steps
Step: 204 -  phi=0.6030000000000002, PE=0.0 after 181 steps
Step: 205 -  phi=0.6040000000000002, PE=6.562606813526157e-18 after 179 steps
Step: 206 -  phi=0.6050000000000002, PE=0.0 after 167 steps
Step: 207 -  phi=0.6060000000000002, PE=4.119599851573546e-17 after 175 steps
Step: 208 -  phi=0.6070000000000002, PE=9.832509324078115e-17 after 164 steps
Step: 209 -  phi=0.6080000000000002, PE=0.0 after 156 steps
Step: 210 -  phi=0.6090000000000002, PE=1.9517748237393718e-17 after 154 steps
Step: 211 -  phi=0.6100000000000002, PE=8.245008857946834e-17 after 171 steps
Step: 212 -  phi=0.6110000000000002, PE=6.351060558799135e-17 after 191 steps
Step: 213 -  phi=0.6120000000000002, PE=5.683715556799648e-17 after 159 steps
Step: 214 -  phi=0.6130000000000002, PE=9.996892209855805e-17 after 173 steps
Step: 215 -  phi=0.6140000000000002, PE=2.5126507971956067e-17 after 176 steps
Step: 216 -  phi=0.6150000000000002, PE=0.0 after 168 steps
Step: 217 -  phi=0.6160000000000002, PE=2.4826839683396472e-17 after 182 steps
Step: 218 -  phi=0.6170000000000002, PE=0.0 after 168 steps
Step: 219 -  phi=0.6180000000000002, PE=7.193198849849607e-17 after 206 steps
Step: 220 -  phi=0.6190000000000002, PE=4.923750620127878e-17 after 187 steps
Step: 221 -  phi=0.6200000000000002, PE=0.0 after 194 steps
Step: 222 -  phi=0.6210000000000002, PE=9.708366423609204e-17 after 186 steps
Step: 223 -  phi=0.6220000000000002, PE=6.539146191965649e-17 after 178 steps
Step: 224 -  phi=0.6230000000000002, PE=8.32308954781439e-17 after 191 steps
Step: 225 -  phi=0.6240000000000002, PE=9.986967455046275e-17 after 180 steps
Step: 226 -  phi=0.6250000000000002, PE=3.669679193127619e-19 after 177 steps
Step: 227 -  phi=0.6260000000000002, PE=7.862469952770222e-17 after 167 steps
Step: 228 -  phi=0.6270000000000002, PE=5.2496979443255085e-17 after 183 steps
Step: 229 -  phi=0.6280000000000002, PE=0.0 after 182 steps
Step: 230 -  phi=0.6290000000000002, PE=8.516257324566173e-17 after 178 steps
Step: 231 -  phi=0.6300000000000002, PE=9.394451971415905e-17 after 180 steps
Step: 232 -  phi=0.6310000000000002, PE=8.417279159536436e-17 after 184 steps
Step: 233 -  phi=0.6320000000000002, PE=8.90347974944091e-17 after 196 steps
Step: 234 -  phi=0.6330000000000002, PE=7.487474477815779e-17 after 188 steps
Step: 235 -  phi=0.6340000000000002, PE=5.594052808212755e-17 after 170 steps
Step: 236 -  phi=0.6350000000000002, PE=2.9373725897852095e-17 after 183 steps
Step: 237 -  phi=0.6360000000000002, PE=6.149125569501725e-17 after 179 steps
Step: 238 -  phi=0.6370000000000002, PE=8.80427484314206e-17 after 202 steps
Step: 239 -  phi=0.6380000000000002, PE=0.0 after 169 steps
Step: 240 -  phi=0.6390000000000002, PE=2.630046846211357e-17 after 197 steps
Step: 241 -  phi=0.6400000000000002, PE=7.407656981434849e-17 after 207 steps
Step: 242 -  phi=0.6410000000000002, PE=6.407943378500393e-17 after 189 steps
Step: 243 -  phi=0.6420000000000002, PE=5.478244620512116e-17 after 190 steps
Step: 244 -  phi=0.6430000000000002, PE=0.0 after 192 steps
Step: 245 -  phi=0.6440000000000002, PE=0.0 after 201 steps
Step: 246 -  phi=0.6450000000000002, PE=8.339703769271908e-17 after 196 steps
Step: 247 -  phi=0.6460000000000002, PE=8.913792401005724e-17 after 231 steps
Step: 248 -  phi=0.6470000000000002, PE=5.589739511141496e-17 after 212 steps
Step: 249 -  phi=0.6480000000000002, PE=7.608099550003033e-17 after 205 steps
Step: 250 -  phi=0.6490000000000002, PE=7.267930548768014e-17 after 233 steps
Step: 251 -  phi=0.6500000000000002, PE=8.985836407171251e-17 after 214 steps
Step: 252 -  phi=0.6510000000000002, PE=8.53588570934154e-17 after 206 steps
Step: 253 -  phi=0.6520000000000002, PE=8.29631103929873e-17 after 216 steps
Step: 254 -  phi=0.6530000000000002, PE=8.196379499732049e-17 after 203 steps
Step: 255 -  phi=0.6540000000000002, PE=9.498025800620139e-17 after 217 steps
Step: 256 -  phi=0.6550000000000002, PE=8.020824553473361e-17 after 196 steps
Step: 257 -  phi=0.6560000000000002, PE=6.188478825462863e-17 after 213 steps
Step: 258 -  phi=0.6570000000000003, PE=9.723295176656259e-17 after 198 steps
Step: 259 -  phi=0.6580000000000003, PE=8.978505196426325e-17 after 207 steps
Step: 260 -  phi=0.6590000000000003, PE=8.573972732527991e-17 after 202 steps
Step: 261 -  phi=0.6600000000000003, PE=1.5900433850209157e-17 after 209 steps
Step: 262 -  phi=0.6610000000000003, PE=0.0 after 201 steps
Step: 263 -  phi=0.6620000000000003, PE=7.748328327771179e-17 after 220 steps
Step: 264 -  phi=0.6630000000000003, PE=6.446778323570998e-17 after 225 steps
Step: 265 -  phi=0.6640000000000003, PE=7.324107284998506e-17 after 217 steps
Step: 266 -  phi=0.6650000000000003, PE=7.471036736164644e-17 after 229 steps
Step: 267 -  phi=0.6660000000000003, PE=4.5690911903778175e-17 after 217 steps
Step: 268 -  phi=0.6670000000000003, PE=4.014017759837013e-17 after 261 steps
Step: 269 -  phi=0.6680000000000003, PE=0.0 after 255 steps
Step: 270 -  phi=0.6690000000000003, PE=2.0184973126865983e-17 after 244 steps
Step: 271 -  phi=0.6700000000000003, PE=6.429298353632836e-17 after 242 steps
Step: 272 -  phi=0.6710000000000003, PE=0.0 after 224 steps
Step: 273 -  phi=0.6720000000000003, PE=5.42829864340675e-17 after 257 steps
Step: 274 -  phi=0.6730000000000003, PE=4.591116949666014e-17 after 230 steps
Step: 275 -  phi=0.6740000000000003, PE=6.951376900384006e-17 after 233 steps
Step: 276 -  phi=0.6750000000000003, PE=9.536244247150339e-17 after 229 steps
Step: 277 -  phi=0.6760000000000003, PE=9.464602037752057e-17 after 235 steps
Step: 278 -  phi=0.6770000000000003, PE=5.562475479288078e-17 after 217 steps
Step: 279 -  phi=0.6780000000000003, PE=9.39000021882822e-17 after 233 steps
Step: 280 -  phi=0.6790000000000003, PE=9.105032678575075e-17 after 255 steps
Step: 281 -  phi=0.6800000000000003, PE=9.213324750523222e-17 after 237 steps
Step: 282 -  phi=0.6810000000000003, PE=8.170326208405692e-17 after 244 steps
Step: 283 -  phi=0.6820000000000003, PE=7.864825792345507e-17 after 221 steps
Step: 284 -  phi=0.6830000000000003, PE=9.196085375950141e-17 after 246 steps
Step: 285 -  phi=0.6840000000000003, PE=2.0733543696975977e-17 after 251 steps
Step: 286 -  phi=0.6850000000000003, PE=9.305504382095625e-17 after 234 steps
Step: 287 -  phi=0.6860000000000003, PE=7.098196861066678e-17 after 241 steps
Step: 288 -  phi=0.6870000000000003, PE=8.991803729852537e-17 after 252 steps
Step: 289 -  phi=0.6880000000000003, PE=8.017723274985525e-17 after 257 steps
Step: 290 -  phi=0.6890000000000003, PE=8.095304504902839e-17 after 241 steps
Step: 291 -  phi=0.6900000000000003, PE=9.510990853585642e-17 after 245 steps
Step: 292 -  phi=0.6910000000000003, PE=8.114754173129274e-17 after 232 steps
Step: 293 -  phi=0.6920000000000003, PE=5.861262371156113e-17 after 224 steps
Step: 294 -  phi=0.6930000000000003, PE=9.827220349644684e-17 after 253 steps
Step: 295 -  phi=0.6940000000000003, PE=9.948698771667059e-17 after 247 steps
Step: 296 -  phi=0.6950000000000003, PE=8.720445176371457e-17 after 256 steps
Step: 297 -  phi=0.6960000000000003, PE=9.492590565475533e-17 after 255 steps
Step: 298 -  phi=0.6970000000000003, PE=9.462051797923745e-17 after 306 steps
Step: 299 -  phi=0.6980000000000003, PE=5.56859669520833e-17 after 233 steps
Step: 300 -  phi=0.6990000000000003, PE=8.014595684675974e-17 after 240 steps
Step: 301 -  phi=0.7000000000000003, PE=9.329378230675724e-17 after 269 steps
Step: 302 -  phi=0.7010000000000003, PE=7.775812718337242e-17 after 248 steps
Step: 303 -  phi=0.7020000000000003, PE=8.45575565574256e-17 after 261 steps
Step: 304 -  phi=0.7030000000000003, PE=1.8314898250018693e-17 after 259 steps
Step: 305 -  phi=0.7040000000000003, PE=8.716401593085245e-17 after 259 steps
Step: 306 -  phi=0.7050000000000003, PE=6.047323095649466e-17 after 234 steps
Step: 307 -  phi=0.7060000000000003, PE=8.70937719744908e-17 after 253 steps
Step: 308 -  phi=0.7070000000000003, PE=9.265759432545072e-17 after 256 steps
Step: 309 -  phi=0.7080000000000003, PE=5.987083117006628e-17 after 252 steps
Step: 310 -  phi=0.7090000000000003, PE=9.212896376149857e-17 after 272 steps
Step: 311 -  phi=0.7100000000000003, PE=9.146492459655623e-17 after 252 steps
Step: 312 -  phi=0.7110000000000003, PE=6.378207302253072e-17 after 247 steps
Step: 313 -  phi=0.7120000000000003, PE=4.6989127706058576e-17 after 241 steps
Step: 314 -  phi=0.7130000000000003, PE=9.100588842691416e-17 after 260 steps
Step: 315 -  phi=0.7140000000000003, PE=0.0 after 239 steps
Step: 316 -  phi=0.7150000000000003, PE=0.0 after 240 steps
Step: 317 -  phi=0.7160000000000003, PE=9.867291687039076e-17 after 252 steps
Step: 318 -  phi=0.7170000000000003, PE=8.858538526739099e-17 after 244 steps
Step: 319 -  phi=0.7180000000000003, PE=1.4383403917602842e-17 after 240 steps
Step: 320 -  phi=0.7190000000000003, PE=7.109296503703041e-17 after 273 steps
Step: 321 -  phi=0.7200000000000003, PE=4.348139755133532e-17 after 257 steps
Step: 322 -  phi=0.7210000000000003, PE=7.274080001575814e-17 after 237 steps
Step: 323 -  phi=0.7220000000000003, PE=8.831538740366776e-17 after 247 steps
Step: 324 -  phi=0.7230000000000003, PE=7.286090785377715e-17 after 246 steps
Step: 325 -  phi=0.7240000000000003, PE=8.581335879754743e-17 after 257 steps
Step: 326 -  phi=0.7250000000000003, PE=8.537413022227018e-17 after 240 steps
Step: 327 -  phi=0.7260000000000003, PE=9.111078264466727e-18 after 280 steps
Step: 328 -  phi=0.7270000000000003, PE=9.708909025404978e-17 after 280 steps
Step: 329 -  phi=0.7280000000000003, PE=9.805987281877654e-17 after 252 steps
Step: 330 -  phi=0.7290000000000003, PE=8.484637394497233e-17 after 241 steps
Step: 331 -  phi=0.7300000000000003, PE=8.299638360653491e-17 after 263 steps
Step: 332 -  phi=0.7310000000000003, PE=7.018645702607994e-17 after 273 steps
Step: 333 -  phi=0.7320000000000003, PE=9.540240794910419e-17 after 254 steps
Step: 334 -  phi=0.7330000000000003, PE=8.78657285932929e-17 after 270 steps
Step: 335 -  phi=0.7340000000000003, PE=9.6201939321215e-17 after 276 steps
Step: 336 -  phi=0.7350000000000003, PE=7.137558625013922e-17 after 322 steps
Step: 337 -  phi=0.7360000000000003, PE=9.777660571931212e-17 after 265 steps
Step: 338 -  phi=0.7370000000000003, PE=8.308749236232342e-17 after 301 steps
Step: 339 -  phi=0.7380000000000003, PE=9.89993162043049e-17 after 284 steps
Step: 340 -  phi=0.7390000000000003, PE=5.88094784472399e-17 after 274 steps
Step: 341 -  phi=0.7400000000000003, PE=8.735029412392008e-17 after 331 steps
Step: 342 -  phi=0.7410000000000003, PE=9.4372502008984e-17 after 313 steps
Step: 343 -  phi=0.7420000000000003, PE=8.015321496614944e-17 after 324 steps
Step: 344 -  phi=0.7430000000000003, PE=9.489021802016868e-17 after 286 steps
Step: 345 -  phi=0.7440000000000003, PE=2.7561251817921643e-17 after 296 steps
Step: 346 -  phi=0.7450000000000003, PE=7.538630393295333e-17 after 302 steps
Step: 347 -  phi=0.7460000000000003, PE=9.388897737720011e-17 after 289 steps
Step: 348 -  phi=0.7470000000000003, PE=8.819066520692283e-17 after 361 steps
Step: 349 -  phi=0.7480000000000003, PE=9.663608995292922e-17 after 315 steps
Step: 350 -  phi=0.7490000000000003, PE=6.231715468993445e-17 after 286 steps
Step: 351 -  phi=0.7500000000000003, PE=8.235020483766443e-17 after 332 steps
Step: 352 -  phi=0.7510000000000003, PE=9.989578011007954e-17 after 327 steps
Step: 353 -  phi=0.7520000000000003, PE=9.276116788510254e-17 after 301 steps
Step: 354 -  phi=0.7530000000000003, PE=9.044053096466751e-17 after 318 steps
Step: 355 -  phi=0.7540000000000003, PE=5.82513769696521e-17 after 295 steps
Step: 356 -  phi=0.7550000000000003, PE=9.355158016388854e-17 after 307 steps
Step: 357 -  phi=0.7560000000000003, PE=8.620777366130126e-17 after 376 steps
Step: 358 -  phi=0.7570000000000003, PE=8.201998741300473e-17 after 331 steps
Step: 359 -  phi=0.7580000000000003, PE=9.994524705131383e-17 after 304 steps
Step: 360 -  phi=0.7590000000000003, PE=8.009289644378254e-17 after 330 steps
Step: 361 -  phi=0.7600000000000003, PE=4.971512555599477e-17 after 335 steps
Step: 362 -  phi=0.7610000000000003, PE=4.52402496106623e-17 after 319 steps
Step: 363 -  phi=0.7620000000000003, PE=9.497280538211175e-17 after 323 steps
Step: 364 -  phi=0.7630000000000003, PE=9.835708708824562e-17 after 345 steps
Step: 365 -  phi=0.7640000000000003, PE=8.551467565577586e-17 after 324 steps
Step: 366 -  phi=0.7650000000000003, PE=8.13251924995004e-17 after 315 steps
Step: 367 -  phi=0.7660000000000003, PE=9.904171411850362e-17 after 325 steps
Step: 368 -  phi=0.7670000000000003, PE=9.211177790643542e-17 after 348 steps
Step: 369 -  phi=0.7680000000000003, PE=8.531906448033843e-17 after 361 steps
Step: 370 -  phi=0.7690000000000003, PE=9.563762084126644e-17 after 334 steps
Step: 371 -  phi=0.7700000000000004, PE=9.461563744950999e-17 after 341 steps
Step: 372 -  phi=0.7710000000000004, PE=9.139677538641255e-17 after 362 steps
Step: 373 -  phi=0.7720000000000004, PE=8.275342716091237e-17 after 406 steps
Step: 374 -  phi=0.7730000000000004, PE=9.542794254347981e-17 after 421 steps
Step: 375 -  phi=0.7740000000000004, PE=7.826989274833118e-17 after 411 steps
Step: 376 -  phi=0.7750000000000004, PE=6.709795353625687e-17 after 379 steps
Step: 377 -  phi=0.7760000000000004, PE=9.487055055985444e-17 after 424 steps
Step: 378 -  phi=0.7770000000000004, PE=9.856364283854653e-17 after 423 steps
Step: 379 -  phi=0.7780000000000004, PE=9.68865363264806e-17 after 409 steps
Step: 380 -  phi=0.7790000000000004, PE=9.098362759724959e-17 after 417 steps
Step: 381 -  phi=0.7800000000000004, PE=9.309921140438096e-17 after 475 steps
Step: 382 -  phi=0.7810000000000004, PE=9.20497388374482e-17 after 473 steps
Step: 383 -  phi=0.7820000000000004, PE=9.520822127831933e-17 after 397 steps
Step: 384 -  phi=0.7830000000000004, PE=7.844883860938008e-17 after 394 steps
Step: 385 -  phi=0.7840000000000004, PE=9.629846626927251e-17 after 436 steps
Step: 386 -  phi=0.7850000000000004, PE=9.470890635481319e-17 after 490 steps
Step: 387 -  phi=0.7860000000000004, PE=9.977579545603251e-17 after 418 steps
Step: 388 -  phi=0.7870000000000004, PE=9.518927839491367e-17 after 441 steps
Step: 389 -  phi=0.7880000000000004, PE=9.973066919707534e-17 after 451 steps
Step: 390 -  phi=0.7890000000000004, PE=9.84969291600118e-17 after 423 steps
Step: 391 -  phi=0.7900000000000004, PE=8.204478778667199e-17 after 477 steps
Step: 392 -  phi=0.7910000000000004, PE=8.72159994937152e-17 after 485 steps
Step: 393 -  phi=0.7920000000000004, PE=9.431371296891037e-17 after 618 steps
Step: 394 -  phi=0.7930000000000004, PE=9.624086924256576e-17 after 495 steps
Step: 395 -  phi=0.7940000000000004, PE=8.08987040498064e-17 after 477 steps
Step: 396 -  phi=0.7950000000000004, PE=9.553352246540879e-17 after 527 steps
Step: 397 -  phi=0.7960000000000004, PE=9.958301737474084e-17 after 496 steps
Step: 398 -  phi=0.7970000000000004, PE=7.656196367137369e-17 after 474 steps
Step: 399 -  phi=0.7980000000000004, PE=7.892952985194954e-17 after 482 steps
Step: 400 -  phi=0.7990000000000004, PE=9.732848096340603e-17 after 465 steps
Step: 401 -  phi=0.8000000000000004, PE=8.986536598353895e-17 after 465 steps
Step: 402 -  phi=0.8010000000000004, PE=7.676439165258105e-17 after 453 steps
Step: 403 -  phi=0.8020000000000004, PE=8.944880715010761e-17 after 438 steps
Step: 404 -  phi=0.8030000000000004, PE=9.319800414056923e-17 after 503 steps
Step: 405 -  phi=0.8040000000000004, PE=9.099294996821932e-17 after 581 steps
Step: 406 -  phi=0.8050000000000004, PE=9.788033848433716e-17 after 483 steps
Step: 407 -  phi=0.8060000000000004, PE=9.104425516139813e-17 after 614 steps
Step: 408 -  phi=0.8070000000000004, PE=9.14648310015874e-17 after 504 steps
Step: 409 -  phi=0.8080000000000004, PE=7.873514725404674e-17 after 497 steps
Step: 410 -  phi=0.8090000000000004, PE=7.146617317097097e-17 after 520 steps
Step: 411 -  phi=0.8100000000000004, PE=7.893834007163153e-17 after 534 steps
Step: 412 -  phi=0.8110000000000004, PE=9.099543114421339e-17 after 504 steps
Step: 413 -  phi=0.8120000000000004, PE=9.729124875203435e-17 after 508 steps
Step: 414 -  phi=0.8130000000000004, PE=7.531353136133553e-17 after 491 steps
Step: 415 -  phi=0.8140000000000004, PE=8.043877713875015e-17 after 565 steps
Step: 416 -  phi=0.8150000000000004, PE=8.658495942002235e-17 after 539 steps
Step: 417 -  phi=0.8160000000000004, PE=9.907540676722881e-17 after 570 steps
Step: 418 -  phi=0.8170000000000004, PE=9.984940109031315e-17 after 570 steps
Step: 419 -  phi=0.8180000000000004, PE=9.142891139593705e-17 after 550 steps
Step: 420 -  phi=0.8190000000000004, PE=9.675574313862913e-17 after 519 steps
Step: 421 -  phi=0.8200000000000004, PE=9.513330315762505e-17 after 508 steps
Step: 422 -  phi=0.8210000000000004, PE=9.836427653813532e-17 after 749 steps
Step: 423 -  phi=0.8220000000000004, PE=9.848102083229129e-17 after 826 steps
Step: 424 -  phi=0.8230000000000004, PE=9.26667476633114e-17 after 1063 steps
Step: 425 -  phi=0.8240000000000004, PE=8.45071545262325e-17 after 803 steps
Step: 426 -  phi=0.8250000000000004, PE=9.413986151030857e-17 after 773 steps
Step: 427 -  phi=0.8260000000000004, PE=9.017900393902627e-17 after 913 steps
Step: 428 -  phi=0.8270000000000004, PE=9.813995842298345e-17 after 965 steps
Step: 429 -  phi=0.8280000000000004, PE=9.844992600398297e-17 after 815 steps
Step: 430 -  phi=0.8290000000000004, PE=9.850900416753328e-17 after 1053 steps
Step: 431 -  phi=0.8300000000000004, PE=9.998163002755875e-17 after 921 steps
Step: 432 -  phi=0.8310000000000004, PE=9.156675525573376e-17 after 931 steps
Step: 433 -  phi=0.8320000000000004, PE=9.556663828141585e-17 after 877 steps
Step: 434 -  phi=0.8330000000000004, PE=9.691003597714179e-17 after 973 steps
Step: 435 -  phi=0.8340000000000004, PE=9.367542407181756e-17 after 954 steps
Step: 436 -  phi=0.8350000000000004, PE=9.92110017570262e-17 after 1564 steps
Step: 437 -  phi=0.8360000000000004, PE=9.865310142401233e-17 after 1832 steps
Step: 438 -  phi=0.8370000000000004, PE=9.842721567005565e-17 after 1273 steps
Step: 439 -  phi=0.8380000000000004, PE=9.857808970889694e-17 after 1900 steps
Step: 440 -  phi=0.8390000000000004, PE=9.855418386272505e-17 after 2209 steps
Step: 441 -  phi=0.8400000000000004, PE=9.813459918612321e-17 after 1633 steps
Step: 442 -  phi=0.8410000000000004, PE=9.724215877725104e-17 after 1992 steps
Step: 443 -  phi=0.8420000000000004, PE=9.541392474698663e-17 after 1830 steps
Step: 444 -  phi=0.8430000000000004, PE=9.845316502125976e-17 after 2524 steps
Step: 445 -  phi=0.8440000000000004, PE=9.720938758154397e-17 after 2668 steps
Step: 446 -  phi=0.8450000000000004, PE=9.835329287498322e-17 after 2895 steps
Step: 447 -  phi=0.8460000000000004, PE=9.78749895827221e-17 after 2733 steps
Step: 448 -  phi=0.8470000000000004, PE=9.884184428210344e-17 after 2748 steps
Step: 449 -  phi=0.8480000000000004, PE=9.895192194301726e-17 after 3411 steps
Step: 450 -  phi=0.8490000000000004, PE=9.646725990468154e-17 after 3981 steps
Step: 451 -  phi=0.8500000000000004, PE=9.945856266291154e-17 after 4974 steps
Step: 452 -  phi=0.8510000000000004, PE=9.994990719424169e-17 after 7245 steps
Step: 453 -  phi=0.8520000000000004, PE=9.973802989546668e-17 after 12520 steps
Step: 454 -  phi=0.8530000000000004, PE=9.955846690638496e-17 after 5661 steps
Step: 455 -  phi=0.8540000000000004, PE=9.988689377122313e-17 after 5324 steps
Step: 456 -  phi=0.8550000000000004, PE=9.963713727336384e-17 after 8741 steps
Step: 457 -  phi=0.8560000000000004, PE=9.98115325745114e-17 after 14176 steps
Step: 458 -  phi=0.8570000000000004, PE=9.996094732216297e-17 after 46051 steps
Step: 459 -  phi=0.8580000000000004, PE=9.976599971415234e-17 after 20376 steps
Step: 460 -  phi=0.8590000000000004, PE=9.994507872031556e-17 after 33676 steps
Step: 461 -  phi=0.8600000000000004, PE=9.951236896046426e-17 after 85497 steps
Step: 462 -  phi=0.8610000000000004, PE=9.362390914998424e-09 after 51241 steps
Step: 463 -  phi=0.8605000000000005, PE=2.1734224182257696e-10 after 155398 steps
Step: 464 -  phi=0.8602500000000004, PE=9.990720088852428e-17 after 73661 steps
Step: 465 -  phi=0.8603750000000004, PE=9.989826312836967e-17 after 107879 steps
Step: 466 -  phi=0.8604375000000004, PE=9.998552722509851e-17 after 392276 steps
Step: 467 -  phi=0.8604687500000004, PE=1.2616484498409647e-11 after 252960 steps
Step: 468 -  phi=0.8604531250000005, PE=1.4456744790040342e-12 after 345219 steps
Step: 469 -  phi=0.8604453125000004, PE=3.4010176461275073e-15 after 1000000 steps
Step: 470 -  phi=0.8604414062500004, PE=9.99993210497488e-17 after 101659 steps
Step: 471 -  phi=0.8604433593750005, PE=9.999894920124175e-17 after 165266 steps
Step: 472 -  phi=0.8604443359375005, PE=9.999036129883644e-17 after 100788 steps
Step: 473 -  phi=0.8604448242187505, PE=9.999880947825369e-17 after 508021 steps
Step: 474 -  phi=0.8604450683593754, PE=4.722680822401616e-16 after 1000000 steps
Step: 475 -  phi=0.8604449462890629, PE=9.999960825450768e-17 after 318055 steps
Step: 476 -  phi=0.8604450073242191, PE=1.5707061013152468e-16 after 1000000 steps
Step: 477 -  phi=0.860444976806641, PE=9.999997628695383e-17 after 84376 steps
Step: 478 -  phi=0.86044499206543, PE=1.0983787181948639e-16 after 1000000 steps
Step: 479 -  phi=0.8604449844360356, PE=9.999968316259444e-17 after 62750 steps
Step: 480 -  phi=0.8604449882507328, PE=9.999996731447359e-17 after 111733 steps
Step: 481 -  phi=0.8604449901580814, PE=1.0388337290732277e-16 after 203354 steps
Step: 482 -  phi=0.860444989204407, PE=9.999997584683841e-17 after 617594 steps
Step: 483 -  phi=0.8604449896812443, PE=9.99999891889468e-17 after 62540 steps
Step: 484 -  phi=0.8604449899196629, PE=9.999999242927401e-17 after 31832 steps
Step: 485 -  phi=0.8604449900388722, PE=9.999997429308301e-17 after 20313 steps
Step: 486 -  phi=0.8604449900984767, PE=9.999998146976593e-17 after 13747 steps
Jammed: phi = 0.860445, residual PE = 1.000e-16
