The following modules were not unloaded:
  (Use "module --force purge" to unload all):

  1) StdEnv
sys:1: RuntimeWarning: h5: callable: skipping callable field 'user_pre_step_actions' (<PjitFunction of <function _save_state_system at 0x14f61e6a7ba0>>); handle explicitly
sys:1: RuntimeWarning: h5: callable: skipping callable field 'user_post_step_actions' (<PjitFunction of <function _save_state_system at 0x14f61e6a7ba0>>); handle explicitly
/home/rg2248/analysis/summer-26/jam/thomson/jam2d-thomson.py:74: RuntimeWarning: h5: callable: skipping callable field '0' (<function fire.<locals>.init at 0x14f505f07100>); handle explicitly
  save(system, join(data_root, 'system.h5'))
/home/rg2248/analysis/summer-26/jam/thomson/jam2d-thomson.py:74: RuntimeWarning: h5: callable: skipping callable field '1' (<function fire.<locals>.update at 0x14f505f06fc0>); handle explicitly
  save(system, join(data_root, 'system.h5'))
Initial minimization took 0 steps.
Step: 1 -  phi=0.39999999999999997, PE=3.652706205217041e-17 after 0 steps
Step: 2 -  phi=0.40099999999999997, PE=8.249100227590684e-17 after 161 steps
Step: 3 -  phi=0.40199999999999997, PE=0.0 after 109 steps
Step: 4 -  phi=0.40299999999999997, PE=4.512806529826505e-17 after 109 steps
Step: 5 -  phi=0.40399999999999997, PE=1.6367752236399567e-17 after 146 steps
Step: 6 -  phi=0.40499999999999997, PE=7.066727370559842e-17 after 129 steps
Step: 7 -  phi=0.40599999999999997, PE=3.470667788055354e-18 after 98 steps
Step: 8 -  phi=0.407, PE=9.962772652363845e-17 after 169 steps
Step: 9 -  phi=0.408, PE=0.0 after 116 steps
Step: 10 -  phi=0.409, PE=8.157810544182456e-17 after 139 steps
Step: 11 -  phi=0.41, PE=0.0 after 108 steps
Step: 12 -  phi=0.411, PE=4.4556120726570216e-17 after 145 steps
Step: 13 -  phi=0.412, PE=3.443038658729334e-17 after 146 steps
Step: 14 -  phi=0.413, PE=2.2355653818841652e-17 after 124 steps
Step: 15 -  phi=0.414, PE=9.195088535480774e-17 after 140 steps
Step: 16 -  phi=0.415, PE=6.29877115208649e-17 after 145 steps
Step: 17 -  phi=0.416, PE=8.013878658103806e-17 after 139 steps
Step: 18 -  phi=0.417, PE=6.441668648077593e-17 after 141 steps
Step: 19 -  phi=0.418, PE=3.473283748572547e-17 after 135 steps
Step: 20 -  phi=0.419, PE=5.1834844826137964e-17 after 187 steps
Step: 21 -  phi=0.42, PE=9.87765930380403e-17 after 206 steps
Step: 22 -  phi=0.421, PE=9.997739760396649e-17 after 154 steps
Step: 23 -  phi=0.422, PE=2.8542899570550465e-18 after 158 steps
Step: 24 -  phi=0.423, PE=6.953030485299169e-17 after 166 steps
Step: 25 -  phi=0.424, PE=6.520944186498083e-17 after 142 steps
Step: 26 -  phi=0.425, PE=9.51777476610016e-17 after 179 steps
Step: 27 -  phi=0.426, PE=8.600267943289144e-17 after 192 steps
Step: 28 -  phi=0.427, PE=1.2716440870526458e-17 after 167 steps
Step: 29 -  phi=0.428, PE=7.803335519748877e-17 after 181 steps
Step: 30 -  phi=0.429, PE=4.622013909054187e-17 after 168 steps
Step: 31 -  phi=0.43, PE=0.0 after 148 steps
Step: 32 -  phi=0.431, PE=6.847574167199972e-17 after 156 steps
Step: 33 -  phi=0.432, PE=8.062391584237861e-17 after 149 steps
Step: 34 -  phi=0.433, PE=8.085718666574388e-17 after 186 steps
Step: 35 -  phi=0.434, PE=0.0 after 172 steps
Step: 36 -  phi=0.435, PE=7.785512561182698e-17 after 224 steps
Step: 37 -  phi=0.436, PE=7.919981820006632e-17 after 205 steps
Step: 38 -  phi=0.437, PE=6.712816682052815e-17 after 182 steps
Step: 39 -  phi=0.438, PE=8.440309844767347e-17 after 208 steps
Step: 40 -  phi=0.439, PE=5.2568336575845043e-17 after 174 steps
Step: 41 -  phi=0.44, PE=8.787806408856234e-17 after 191 steps
Step: 42 -  phi=0.441, PE=8.489126393664144e-17 after 172 steps
Step: 43 -  phi=0.442, PE=8.14216900843222e-17 after 175 steps
Step: 44 -  phi=0.443, PE=4.5080252351641186e-17 after 186 steps
Step: 45 -  phi=0.444, PE=3.833023451196794e-17 after 175 steps
Step: 46 -  phi=0.445, PE=0.0 after 167 steps
Step: 47 -  phi=0.446, PE=1.06519675800475e-17 after 162 steps
Step: 48 -  phi=0.447, PE=2.145787899252218e-17 after 168 steps
Step: 49 -  phi=0.448, PE=1.821860851071385e-17 after 174 steps
Step: 50 -  phi=0.449, PE=9.856436804792465e-17 after 175 steps
Step: 51 -  phi=0.45, PE=2.6029427001627764e-17 after 166 steps
Step: 52 -  phi=0.451, PE=1.598065317267078e-17 after 166 steps
Step: 53 -  phi=0.452, PE=8.907555068407508e-17 after 176 steps
Step: 54 -  phi=0.453, PE=7.212983463537511e-17 after 170 steps
Step: 55 -  phi=0.454, PE=6.710326859760583e-17 after 164 steps
Step: 56 -  phi=0.455, PE=6.313179194354542e-17 after 199 steps
Step: 57 -  phi=0.456, PE=9.263724312714526e-17 after 180 steps
Step: 58 -  phi=0.457, PE=8.57401283635102e-17 after 265 steps
Step: 59 -  phi=0.458, PE=6.223054280853839e-17 after 192 steps
Step: 60 -  phi=0.459, PE=8.949459758882421e-17 after 169 steps
Step: 61 -  phi=0.46, PE=5.673479536419593e-17 after 170 steps
Step: 62 -  phi=0.461, PE=4.7123515343376993e-17 after 162 steps
Step: 63 -  phi=0.462, PE=9.352618400172253e-17 after 181 steps
Step: 64 -  phi=0.463, PE=0.0 after 167 steps
Step: 65 -  phi=0.464, PE=9.257358635037157e-17 after 182 steps
Step: 66 -  phi=0.465, PE=1.1653255839859057e-17 after 173 steps
Step: 67 -  phi=0.466, PE=9.146811702179745e-17 after 216 steps
Step: 68 -  phi=0.467, PE=8.681687539298419e-17 after 196 steps
Step: 69 -  phi=0.468, PE=6.503331856179313e-17 after 237 steps
Step: 70 -  phi=0.46900000000000003, PE=0.0 after 182 steps
Step: 71 -  phi=0.47000000000000003, PE=7.178583633964389e-17 after 197 steps
Step: 72 -  phi=0.47100000000000003, PE=8.8271900045373e-17 after 200 steps
Step: 73 -  phi=0.47200000000000003, PE=7.365823888539946e-17 after 234 steps
Step: 74 -  phi=0.47300000000000003, PE=9.59227991003326e-17 after 279 steps
Step: 75 -  phi=0.47400000000000003, PE=9.027138924079546e-17 after 222 steps
Step: 76 -  phi=0.47500000000000003, PE=6.386102846931056e-17 after 238 steps
Step: 77 -  phi=0.47600000000000003, PE=9.786208949458927e-17 after 235 steps
Step: 78 -  phi=0.47700000000000004, PE=9.067463246189306e-17 after 233 steps
Step: 79 -  phi=0.47800000000000004, PE=9.946388068635729e-17 after 269 steps
Step: 80 -  phi=0.47900000000000004, PE=9.526978124285516e-17 after 257 steps
Step: 81 -  phi=0.48000000000000004, PE=5.813598614600712e-17 after 225 steps
Step: 82 -  phi=0.48100000000000004, PE=9.911417500988057e-17 after 256 steps
Step: 83 -  phi=0.48200000000000004, PE=8.584358047590585e-17 after 259 steps
Step: 84 -  phi=0.48300000000000004, PE=9.83944347687275e-17 after 233 steps
Step: 85 -  phi=0.48400000000000004, PE=2.966701832699828e-17 after 201 steps
Step: 86 -  phi=0.48500000000000004, PE=5.250537099934253e-18 after 225 steps
Step: 87 -  phi=0.48600000000000004, PE=6.767521464040844e-17 after 210 steps
Step: 88 -  phi=0.48700000000000004, PE=7.846866071107612e-17 after 225 steps
Step: 89 -  phi=0.48800000000000004, PE=0.0 after 185 steps
Step: 90 -  phi=0.48900000000000005, PE=9.869285767657098e-17 after 220 steps
Step: 91 -  phi=0.49000000000000005, PE=1.3580174936675286e-17 after 216 steps
Step: 92 -  phi=0.49100000000000005, PE=8.735303355905155e-17 after 216 steps
Step: 93 -  phi=0.49200000000000005, PE=7.31246566223972e-17 after 226 steps
Step: 94 -  phi=0.49300000000000005, PE=9.303143709718826e-17 after 250 steps
Step: 95 -  phi=0.49400000000000005, PE=4.413234708764932e-18 after 232 steps
Step: 96 -  phi=0.49500000000000005, PE=9.936419270133941e-17 after 232 steps
Step: 97 -  phi=0.49600000000000005, PE=9.83494523046931e-17 after 219 steps
Step: 98 -  phi=0.49700000000000005, PE=3.286702015390601e-17 after 221 steps
Step: 99 -  phi=0.49800000000000005, PE=8.654349131486967e-17 after 220 steps
Step: 100 -  phi=0.49900000000000005, PE=9.633546705954274e-17 after 271 steps
Step: 101 -  phi=0.5, PE=2.987310744758301e-17 after 198 steps
Step: 102 -  phi=0.501, PE=3.488376448014663e-17 after 226 steps
Step: 103 -  phi=0.502, PE=4.886533142316143e-17 after 230 steps
Step: 104 -  phi=0.503, PE=9.259142382643423e-17 after 231 steps
Step: 105 -  phi=0.504, PE=9.383441331485067e-17 after 224 steps
Step: 106 -  phi=0.505, PE=4.7165424291499235e-17 after 226 steps
Step: 107 -  phi=0.506, PE=8.452463734167237e-17 after 224 steps
Step: 108 -  phi=0.507, PE=8.888087101617959e-17 after 239 steps
Step: 109 -  phi=0.508, PE=0.0 after 215 steps
Step: 110 -  phi=0.509, PE=8.485218657772459e-17 after 241 steps
Step: 111 -  phi=0.51, PE=9.554932139480828e-17 after 229 steps
Step: 112 -  phi=0.511, PE=7.050699332785374e-17 after 212 steps
Step: 113 -  phi=0.512, PE=7.872406066222173e-17 after 200 steps
Step: 114 -  phi=0.513, PE=9.692370579274194e-17 after 223 steps
Step: 115 -  phi=0.514, PE=7.439581032324404e-17 after 218 steps
Step: 116 -  phi=0.515, PE=8.30958227969172e-17 after 224 steps
Step: 117 -  phi=0.516, PE=9.591377149453849e-17 after 235 steps
Step: 118 -  phi=0.517, PE=6.935282101681869e-17 after 219 steps
Step: 119 -  phi=0.518, PE=4.908598475324469e-17 after 224 steps
Step: 120 -  phi=0.519, PE=8.83527628139983e-17 after 217 steps
Step: 121 -  phi=0.52, PE=9.960021418269106e-17 after 243 steps
Step: 122 -  phi=0.521, PE=8.383267837530744e-17 after 246 steps
Step: 123 -  phi=0.522, PE=9.909005448167637e-17 after 219 steps
Step: 124 -  phi=0.523, PE=7.586035691602522e-17 after 229 steps
Step: 125 -  phi=0.524, PE=9.889158029181127e-17 after 259 steps
Step: 126 -  phi=0.525, PE=5.3740808431876847e-17 after 232 steps
Step: 127 -  phi=0.526, PE=7.319153091633427e-17 after 237 steps
Step: 128 -  phi=0.527, PE=8.326715202212537e-17 after 254 steps
Step: 129 -  phi=0.528, PE=8.61407025014897e-17 after 249 steps
Step: 130 -  phi=0.529, PE=7.816027950540622e-17 after 245 steps
Step: 131 -  phi=0.53, PE=8.713353629956273e-17 after 240 steps
Step: 132 -  phi=0.531, PE=7.803649875706544e-17 after 232 steps
Step: 133 -  phi=0.532, PE=6.783836788623088e-17 after 237 steps
Step: 134 -  phi=0.533, PE=6.20122104824036e-17 after 244 steps
Step: 135 -  phi=0.534, PE=7.805076112746718e-17 after 229 steps
Step: 136 -  phi=0.535, PE=9.431009726180077e-17 after 210 steps
Step: 137 -  phi=0.536, PE=9.102948011472002e-17 after 228 steps
Step: 138 -  phi=0.537, PE=5.972569258317694e-17 after 254 steps
Step: 139 -  phi=0.538, PE=9.920264611829879e-17 after 251 steps
Step: 140 -  phi=0.539, PE=9.113679050491862e-17 after 266 steps
Step: 141 -  phi=0.54, PE=8.527972818546631e-17 after 234 steps
Step: 142 -  phi=0.541, PE=9.408021462298126e-17 after 261 steps
Step: 143 -  phi=0.542, PE=8.254624923164615e-17 after 263 steps
Step: 144 -  phi=0.543, PE=4.947116054133141e-17 after 261 steps
Step: 145 -  phi=0.544, PE=9.989402646721319e-17 after 318 steps
Step: 146 -  phi=0.545, PE=8.889181146877836e-17 after 347 steps
Step: 147 -  phi=0.546, PE=1.037415659201358e-17 after 259 steps
Step: 148 -  phi=0.547, PE=4.824330719248219e-17 after 286 steps
Step: 149 -  phi=0.548, PE=7.285015252602822e-17 after 264 steps
Step: 150 -  phi=0.549, PE=9.659228518908061e-17 after 359 steps
Step: 151 -  phi=0.55, PE=5.3643790852815606e-17 after 262 steps
Step: 152 -  phi=0.551, PE=9.982733538777799e-17 after 253 steps
Step: 153 -  phi=0.552, PE=8.369307002060866e-17 after 267 steps
Step: 154 -  phi=0.553, PE=9.448213986426703e-17 after 271 steps
Step: 155 -  phi=0.554, PE=9.022088975088554e-17 after 277 steps
Step: 156 -  phi=0.555, PE=6.100219769977316e-17 after 268 steps
Step: 157 -  phi=0.556, PE=9.632253228750876e-17 after 265 steps
Step: 158 -  phi=0.557, PE=9.801191281332944e-17 after 290 steps
Step: 159 -  phi=0.558, PE=7.06915975328767e-17 after 258 steps
Step: 160 -  phi=0.559, PE=8.735827719583809e-17 after 285 steps
Step: 161 -  phi=0.56, PE=9.637947906253554e-17 after 311 steps
Step: 162 -  phi=0.561, PE=8.946999265412004e-17 after 280 steps
Step: 163 -  phi=0.562, PE=3.59643168236539e-17 after 290 steps
Step: 164 -  phi=0.5630000000000001, PE=9.648191987441644e-17 after 263 steps
Step: 165 -  phi=0.5640000000000001, PE=6.395344549638045e-17 after 266 steps
Step: 166 -  phi=0.5650000000000001, PE=7.709572866227083e-17 after 400 steps
Step: 167 -  phi=0.5660000000000001, PE=9.587226971598747e-17 after 268 steps
Step: 168 -  phi=0.5670000000000001, PE=3.524320828296376e-17 after 278 steps
Step: 169 -  phi=0.5680000000000001, PE=3.1347570819275028e-18 after 260 steps
Step: 170 -  phi=0.5690000000000001, PE=9.137635342902143e-17 after 281 steps
Step: 171 -  phi=0.5700000000000001, PE=6.48742293783515e-17 after 275 steps
Step: 172 -  phi=0.5710000000000001, PE=9.614746617676018e-17 after 308 steps
Step: 173 -  phi=0.5720000000000001, PE=9.729203875667188e-17 after 449 steps
Step: 174 -  phi=0.5730000000000001, PE=7.85072986151391e-17 after 311 steps
Step: 175 -  phi=0.5740000000000001, PE=7.32131117558344e-17 after 297 steps
Step: 176 -  phi=0.5750000000000001, PE=9.026891358285074e-17 after 301 steps
Step: 177 -  phi=0.5760000000000001, PE=8.461948969038743e-17 after 305 steps
Step: 178 -  phi=0.5770000000000001, PE=8.791276504117359e-17 after 339 steps
Step: 179 -  phi=0.5780000000000001, PE=6.483883528557168e-17 after 295 steps
Step: 180 -  phi=0.5790000000000001, PE=9.722903209733822e-17 after 488 steps
Step: 181 -  phi=0.5800000000000001, PE=8.115342746422557e-17 after 297 steps
Step: 182 -  phi=0.5810000000000001, PE=6.840051260259416e-17 after 314 steps
Step: 183 -  phi=0.5820000000000001, PE=9.74766468864098e-17 after 555 steps
Step: 184 -  phi=0.5830000000000001, PE=9.956223485528657e-17 after 372 steps
Step: 185 -  phi=0.5840000000000001, PE=7.069069449051849e-17 after 326 steps
Step: 186 -  phi=0.5850000000000001, PE=9.36557880421007e-17 after 428 steps
Step: 187 -  phi=0.5860000000000001, PE=7.565297666298222e-17 after 342 steps
Step: 188 -  phi=0.5870000000000001, PE=9.901863172278084e-17 after 326 steps
Step: 189 -  phi=0.5880000000000001, PE=7.79567375897649e-17 after 328 steps
Step: 190 -  phi=0.5890000000000001, PE=5.904209618621688e-17 after 317 steps
Step: 191 -  phi=0.5900000000000001, PE=8.100314937424491e-17 after 301 steps
Step: 192 -  phi=0.5910000000000001, PE=9.897604224795615e-17 after 302 steps
Step: 193 -  phi=0.5920000000000001, PE=9.117322380838889e-17 after 307 steps
Step: 194 -  phi=0.5930000000000001, PE=8.905617129765182e-17 after 318 steps
Step: 195 -  phi=0.5940000000000001, PE=5.663790711231192e-17 after 311 steps
Step: 196 -  phi=0.5950000000000001, PE=8.455622212163123e-17 after 319 steps
Step: 197 -  phi=0.5960000000000001, PE=8.586683597918543e-17 after 339 steps
Step: 198 -  phi=0.5970000000000001, PE=6.59041124220248e-17 after 320 steps
Step: 199 -  phi=0.5980000000000001, PE=9.664745306160342e-17 after 314 steps
Step: 200 -  phi=0.5990000000000001, PE=6.39911156243144e-17 after 314 steps
Step: 201 -  phi=0.6000000000000001, PE=8.062281151179729e-17 after 305 steps
Step: 202 -  phi=0.6010000000000001, PE=7.204320282736734e-17 after 302 steps
Step: 203 -  phi=0.6020000000000001, PE=9.561066327934745e-17 after 332 steps
Step: 204 -  phi=0.6030000000000001, PE=9.121015739617219e-17 after 327 steps
Step: 205 -  phi=0.6040000000000001, PE=9.397292125536388e-17 after 339 steps
Step: 206 -  phi=0.6050000000000001, PE=8.838167552451566e-17 after 439 steps
Step: 207 -  phi=0.6060000000000001, PE=7.011216907428938e-17 after 390 steps
Step: 208 -  phi=0.6070000000000001, PE=8.547207312507677e-17 after 338 steps
Step: 209 -  phi=0.6080000000000001, PE=8.790968981152978e-17 after 337 steps
Step: 210 -  phi=0.6090000000000001, PE=9.97589061616307e-17 after 315 steps
Step: 211 -  phi=0.6100000000000001, PE=8.798533103016786e-17 after 339 steps
Step: 212 -  phi=0.6110000000000001, PE=9.762200803461613e-17 after 358 steps
Step: 213 -  phi=0.6120000000000001, PE=9.092107218101197e-17 after 341 steps
Step: 214 -  phi=0.6130000000000001, PE=9.342745543388502e-17 after 339 steps
Step: 215 -  phi=0.6140000000000001, PE=7.134157433999743e-17 after 354 steps
Step: 216 -  phi=0.6150000000000001, PE=9.318994110365649e-17 after 364 steps
Step: 217 -  phi=0.6160000000000001, PE=9.540845352329323e-17 after 348 steps
Step: 218 -  phi=0.6170000000000001, PE=6.902274495343618e-17 after 364 steps
Step: 219 -  phi=0.6180000000000001, PE=9.189443808777669e-17 after 430 steps
Step: 220 -  phi=0.6190000000000001, PE=9.013670716059119e-17 after 374 steps
Step: 221 -  phi=0.6200000000000001, PE=5.5063275663747027e-17 after 390 steps
Step: 222 -  phi=0.6210000000000001, PE=9.41502459542629e-17 after 365 steps
Step: 223 -  phi=0.6220000000000001, PE=9.490619751484607e-17 after 470 steps
Step: 224 -  phi=0.6230000000000001, PE=9.138993196887321e-17 after 386 steps
Step: 225 -  phi=0.6240000000000001, PE=7.949828095118719e-17 after 390 steps
Step: 226 -  phi=0.6250000000000001, PE=6.226153000541765e-17 after 365 steps
Step: 227 -  phi=0.6260000000000001, PE=6.677120240605139e-17 after 378 steps
Step: 228 -  phi=0.6270000000000001, PE=7.195752397730933e-17 after 383 steps
Step: 229 -  phi=0.6280000000000001, PE=9.367279438070566e-17 after 356 steps
Step: 230 -  phi=0.6290000000000001, PE=9.493476768369933e-17 after 411 steps
Step: 231 -  phi=0.6300000000000001, PE=6.68901490821225e-17 after 380 steps
Step: 232 -  phi=0.6310000000000001, PE=7.409931157141775e-17 after 395 steps
Step: 233 -  phi=0.6320000000000001, PE=9.964275940458609e-17 after 476 steps
Step: 234 -  phi=0.6330000000000001, PE=7.732024373140445e-17 after 486 steps
Step: 235 -  phi=0.6340000000000001, PE=9.258678399098424e-17 after 504 steps
Step: 236 -  phi=0.6350000000000001, PE=8.883597776708407e-17 after 466 steps
Step: 237 -  phi=0.6360000000000001, PE=5.766673088318395e-17 after 542 steps
Step: 238 -  phi=0.6370000000000001, PE=9.015791183540929e-17 after 415 steps
Step: 239 -  phi=0.6380000000000001, PE=9.515840427209293e-17 after 562 steps
Step: 240 -  phi=0.6390000000000001, PE=9.968101742045779e-17 after 413 steps
Step: 241 -  phi=0.6400000000000001, PE=7.575859927174521e-17 after 436 steps
Step: 242 -  phi=0.6410000000000001, PE=7.664500097551283e-17 after 467 steps
Step: 243 -  phi=0.6420000000000001, PE=9.71421329292078e-17 after 810 steps
Step: 244 -  phi=0.6430000000000001, PE=9.543783546250914e-17 after 443 steps
Step: 245 -  phi=0.6440000000000001, PE=9.772842004714018e-17 after 590 steps
Step: 246 -  phi=0.6450000000000001, PE=9.476064019659593e-17 after 746 steps
Step: 247 -  phi=0.6460000000000001, PE=9.496855951248374e-17 after 498 steps
Step: 248 -  phi=0.6470000000000001, PE=9.021098225577113e-17 after 547 steps
Step: 249 -  phi=0.6480000000000001, PE=8.99133491666138e-17 after 435 steps
Step: 250 -  phi=0.6490000000000001, PE=9.47103281065686e-17 after 514 steps
Step: 251 -  phi=0.6500000000000001, PE=7.877030626422855e-17 after 492 steps
Step: 252 -  phi=0.6510000000000001, PE=6.694408525211223e-17 after 501 steps
Step: 253 -  phi=0.6520000000000001, PE=9.146336487106068e-17 after 525 steps
Step: 254 -  phi=0.6530000000000001, PE=9.572826861054634e-17 after 465 steps
Step: 255 -  phi=0.6540000000000001, PE=9.182553577824526e-17 after 480 steps
Step: 256 -  phi=0.6550000000000001, PE=9.467937163233558e-17 after 542 steps
Step: 257 -  phi=0.6560000000000001, PE=9.50952999202456e-17 after 465 steps
Step: 258 -  phi=0.6570000000000001, PE=7.649653020716208e-17 after 485 steps
Step: 259 -  phi=0.6580000000000001, PE=7.151064317846925e-17 after 475 steps
Step: 260 -  phi=0.6590000000000001, PE=9.961256135756655e-17 after 679 steps
Step: 261 -  phi=0.6600000000000001, PE=9.226540487842507e-17 after 655 steps
Step: 262 -  phi=0.6610000000000001, PE=7.980075654145697e-17 after 602 steps
Step: 263 -  phi=0.6620000000000001, PE=9.547680743053115e-17 after 543 steps
Step: 264 -  phi=0.6630000000000001, PE=9.852598752196485e-17 after 550 steps
Step: 265 -  phi=0.6640000000000001, PE=9.604811243090747e-17 after 512 steps
Step: 266 -  phi=0.6650000000000001, PE=9.344795638868567e-17 after 512 steps
Step: 267 -  phi=0.6660000000000001, PE=6.763595936025495e-17 after 512 steps
Step: 268 -  phi=0.6670000000000001, PE=7.986872411169155e-17 after 515 steps
Step: 269 -  phi=0.6680000000000001, PE=9.818146615917329e-17 after 746 steps
Step: 270 -  phi=0.6690000000000002, PE=8.746295704396805e-17 after 620 steps
Step: 271 -  phi=0.6700000000000002, PE=9.595333088907967e-17 after 878 steps
Step: 272 -  phi=0.6710000000000002, PE=9.366827909528048e-17 after 698 steps
Step: 273 -  phi=0.6720000000000002, PE=9.739174511505967e-17 after 559 steps
Step: 274 -  phi=0.6730000000000002, PE=9.565896035593139e-17 after 566 steps
Step: 275 -  phi=0.6740000000000002, PE=7.831471909606222e-17 after 651 steps
Step: 276 -  phi=0.6750000000000002, PE=7.595551182464876e-17 after 615 steps
Step: 277 -  phi=0.6760000000000002, PE=8.548760118017205e-17 after 599 steps
Step: 278 -  phi=0.6770000000000002, PE=9.680532845278536e-17 after 814 steps
Step: 279 -  phi=0.6780000000000002, PE=8.273178408262034e-17 after 695 steps
Step: 280 -  phi=0.6790000000000002, PE=9.202281307734525e-17 after 554 steps
Step: 281 -  phi=0.6800000000000002, PE=9.949840400940482e-17 after 554 steps
Step: 282 -  phi=0.6810000000000002, PE=8.171770000567428e-17 after 527 steps
Step: 283 -  phi=0.6820000000000002, PE=9.38383773802319e-17 after 565 steps
Step: 284 -  phi=0.6830000000000002, PE=9.385069261866476e-17 after 547 steps
Step: 285 -  phi=0.6840000000000002, PE=9.962724886990347e-17 after 763 steps
Step: 286 -  phi=0.6850000000000002, PE=9.765857729231965e-17 after 580 steps
Step: 287 -  phi=0.6860000000000002, PE=8.654230990189465e-17 after 687 steps
Step: 288 -  phi=0.6870000000000002, PE=9.983579585669371e-17 after 679 steps
Step: 289 -  phi=0.6880000000000002, PE=8.859211906031118e-17 after 543 steps
Step: 290 -  phi=0.6890000000000002, PE=9.318971406248353e-17 after 680 steps
Step: 291 -  phi=0.6900000000000002, PE=7.990330427507988e-17 after 644 steps
Step: 292 -  phi=0.6910000000000002, PE=9.937717075818282e-17 after 648 steps
Step: 293 -  phi=0.6920000000000002, PE=9.152458366771576e-17 after 722 steps
Step: 294 -  phi=0.6930000000000002, PE=8.965755399645713e-17 after 725 steps
Step: 295 -  phi=0.6940000000000002, PE=8.361824033034408e-17 after 623 steps
Step: 296 -  phi=0.6950000000000002, PE=9.922477331122335e-17 after 704 steps
Step: 297 -  phi=0.6960000000000002, PE=9.663071785563908e-17 after 918 steps
Step: 298 -  phi=0.6970000000000002, PE=6.994224378579302e-17 after 697 steps
Step: 299 -  phi=0.6980000000000002, PE=9.881931613964716e-17 after 830 steps
Step: 300 -  phi=0.6990000000000002, PE=9.998752022483345e-17 after 809 steps
Step: 301 -  phi=0.7000000000000002, PE=8.897150582328599e-17 after 760 steps
Step: 302 -  phi=0.7010000000000002, PE=8.346067567162564e-17 after 630 steps
Step: 303 -  phi=0.7020000000000002, PE=8.579826078872776e-17 after 602 steps
Step: 304 -  phi=0.7030000000000002, PE=9.779412017928713e-17 after 714 steps
Step: 305 -  phi=0.7040000000000002, PE=8.282108808022542e-17 after 816 steps
Step: 306 -  phi=0.7050000000000002, PE=9.621248482873577e-17 after 1003 steps
Step: 307 -  phi=0.7060000000000002, PE=9.890640467165177e-17 after 1156 steps
Step: 308 -  phi=0.7070000000000002, PE=9.964943716996825e-17 after 1095 steps
Step: 309 -  phi=0.7080000000000002, PE=9.021551154453358e-17 after 867 steps
Step: 310 -  phi=0.7090000000000002, PE=9.903703030005947e-17 after 1434 steps
Step: 311 -  phi=0.7100000000000002, PE=9.995020526339108e-17 after 1003 steps
Step: 312 -  phi=0.7110000000000002, PE=9.872473175283508e-17 after 1154 steps
Step: 313 -  phi=0.7120000000000002, PE=9.327069047352668e-17 after 869 steps
Step: 314 -  phi=0.7130000000000002, PE=9.244551148253279e-17 after 858 steps
Step: 315 -  phi=0.7140000000000002, PE=9.89046744746962e-17 after 1538 steps
Step: 316 -  phi=0.7150000000000002, PE=9.980374832729299e-17 after 914 steps
Step: 317 -  phi=0.7160000000000002, PE=9.865698327346422e-17 after 918 steps
Step: 318 -  phi=0.7170000000000002, PE=9.759288617207102e-17 after 944 steps
Step: 319 -  phi=0.7180000000000002, PE=9.430266527934563e-17 after 977 steps
Step: 320 -  phi=0.7190000000000002, PE=9.596749800342191e-17 after 985 steps
Step: 321 -  phi=0.7200000000000002, PE=9.806529867387463e-17 after 1246 steps
Step: 322 -  phi=0.7210000000000002, PE=9.846297643248144e-17 after 784 steps
Step: 323 -  phi=0.7220000000000002, PE=9.577574860285787e-17 after 951 steps
Step: 324 -  phi=0.7230000000000002, PE=9.976003927529922e-17 after 1023 steps
Step: 325 -  phi=0.7240000000000002, PE=9.564825006719187e-17 after 1002 steps
Step: 326 -  phi=0.7250000000000002, PE=9.680749883184791e-17 after 1148 steps
Step: 327 -  phi=0.7260000000000002, PE=9.399167487758631e-17 after 936 steps
Step: 328 -  phi=0.7270000000000002, PE=9.385395119720375e-17 after 871 steps
Step: 329 -  phi=0.7280000000000002, PE=9.930512705562384e-17 after 848 steps
Step: 330 -  phi=0.7290000000000002, PE=9.687929313512624e-17 after 1152 steps
Step: 331 -  phi=0.7300000000000002, PE=8.481791857191947e-17 after 939 steps
Step: 332 -  phi=0.7310000000000002, PE=9.788370203892719e-17 after 939 steps
Step: 333 -  phi=0.7320000000000002, PE=9.601471038982059e-17 after 1148 steps
Step: 334 -  phi=0.7330000000000002, PE=9.560419993220315e-17 after 822 steps
Step: 335 -  phi=0.7340000000000002, PE=9.677218096203555e-17 after 1430 steps
Step: 336 -  phi=0.7350000000000002, PE=9.735364299734986e-17 after 1286 steps
Step: 337 -  phi=0.7360000000000002, PE=9.828872385286787e-17 after 1913 steps
Step: 338 -  phi=0.7370000000000002, PE=9.771759894641147e-17 after 1899 steps
Step: 339 -  phi=0.7380000000000002, PE=9.758125031378248e-17 after 1924 steps
Step: 340 -  phi=0.7390000000000002, PE=9.900672089976138e-17 after 1957 steps
Step: 341 -  phi=0.7400000000000002, PE=9.46190167696831e-17 after 1840 steps
Step: 342 -  phi=0.7410000000000002, PE=9.91745199845715e-17 after 2111 steps
Step: 343 -  phi=0.7420000000000002, PE=9.748235222297692e-17 after 2121 steps
Step: 344 -  phi=0.7430000000000002, PE=9.782972944654478e-17 after 2330 steps
Step: 345 -  phi=0.7440000000000002, PE=9.878040971482893e-17 after 2597 steps
Step: 346 -  phi=0.7450000000000002, PE=9.964778517362093e-17 after 1922 steps
Step: 347 -  phi=0.7460000000000002, PE=9.967476290776822e-17 after 2640 steps
Step: 348 -  phi=0.7470000000000002, PE=9.857737492437761e-17 after 2230 steps
Step: 349 -  phi=0.7480000000000002, PE=9.926079185002036e-17 after 1777 steps
Step: 350 -  phi=0.7490000000000002, PE=9.978114055917625e-17 after 2674 steps
Step: 351 -  phi=0.7500000000000002, PE=9.990565956179855e-17 after 4243 steps
Step: 352 -  phi=0.7510000000000002, PE=9.902869605658242e-17 after 4384 steps
Step: 353 -  phi=0.7520000000000002, PE=9.992868998959334e-17 after 3291 steps
Step: 354 -  phi=0.7530000000000002, PE=9.956051669433102e-17 after 3425 steps
Step: 355 -  phi=0.7540000000000002, PE=9.921848889913761e-17 after 3520 steps
Step: 356 -  phi=0.7550000000000002, PE=9.760819485377959e-17 after 2558 steps
Step: 357 -  phi=0.7560000000000002, PE=9.96285906581787e-17 after 2921 steps
Step: 358 -  phi=0.7570000000000002, PE=9.986343948725923e-17 after 3739 steps
Step: 359 -  phi=0.7580000000000002, PE=9.9522824114039e-17 after 2550 steps
Step: 360 -  phi=0.7590000000000002, PE=9.029978740491849e-17 after 2020 steps
Step: 361 -  phi=0.7600000000000002, PE=9.851485697715255e-17 after 3120 steps
Step: 362 -  phi=0.7610000000000002, PE=9.975725430505944e-17 after 4291 steps
Step: 363 -  phi=0.7620000000000002, PE=9.591103134608397e-17 after 3700 steps
Step: 364 -  phi=0.7630000000000002, PE=9.965810067790046e-17 after 3338 steps
Step: 365 -  phi=0.7640000000000002, PE=9.929662292631759e-17 after 2475 steps
Step: 366 -  phi=0.7650000000000002, PE=9.556838325145088e-17 after 2244 steps
Step: 367 -  phi=0.7660000000000002, PE=9.828345405346924e-17 after 2807 steps
Step: 368 -  phi=0.7670000000000002, PE=9.990006892688704e-17 after 3795 steps
Step: 369 -  phi=0.7680000000000002, PE=9.853021589888396e-17 after 3496 steps
Step: 370 -  phi=0.7690000000000002, PE=9.937699615162636e-17 after 4027 steps
Step: 371 -  phi=0.7700000000000002, PE=9.942552136687194e-17 after 5854 steps
Step: 372 -  phi=0.7710000000000002, PE=9.996912347877697e-17 after 8205 steps
Step: 373 -  phi=0.7720000000000002, PE=9.996156234487202e-17 after 11872 steps
Step: 374 -  phi=0.7730000000000002, PE=9.995128548446265e-17 after 34782 steps
Step: 375 -  phi=0.7740000000000002, PE=9.993648265118156e-17 after 17516 steps
Step: 376 -  phi=0.7750000000000002, PE=9.989563793507607e-17 after 34654 steps
Step: 377 -  phi=0.7760000000000002, PE=9.993902332472142e-17 after 64537 steps
Step: 378 -  phi=0.7770000000000002, PE=9.976575145028511e-17 after 23008 steps
Step: 379 -  phi=0.7780000000000002, PE=9.979362390287185e-17 after 9740 steps
Step: 380 -  phi=0.7790000000000002, PE=9.989813770337435e-17 after 26931 steps
Step: 381 -  phi=0.7800000000000002, PE=9.994557146305924e-17 after 34749 steps
Step: 382 -  phi=0.7810000000000002, PE=8.09335835348357e-09 after 34372 steps
Step: 383 -  phi=0.7805000000000002, PE=9.996294720736026e-17 after 243866 steps
Step: 384 -  phi=0.7807500000000003, PE=9.996400955665019e-17 after 107962 steps
Step: 385 -  phi=0.7808750000000002, PE=9.914042569796633e-17 after 34574 steps
Step: 386 -  phi=0.7809375000000003, PE=9.938542901621517e-17 after 27514 steps
Step: 387 -  phi=0.7809687500000002, PE=9.999352952481709e-17 after 29716 steps
Step: 388 -  phi=0.7809843750000003, PE=9.999444011703291e-17 after 19468 steps
Step: 389 -  phi=0.7809921875000003, PE=9.99992855598355e-17 after 24917 steps
Step: 390 -  phi=0.7809960937500002, PE=9.998476418579533e-17 after 16832 steps
Step: 391 -  phi=0.7809980468750002, PE=9.987413266462523e-17 after 10441 steps
Step: 392 -  phi=0.7809990234375002, PE=9.992918263765781e-17 after 8819 steps
Step: 393 -  phi=0.7809995117187503, PE=9.978630088372872e-17 after 4726 steps
Step: 394 -  phi=0.7809997558593753, PE=9.985923214598692e-17 after 4213 steps
Step: 395 -  phi=0.7809998779296878, PE=9.98554681052133e-17 after 3648 steps
Step: 396 -  phi=0.7809999389648441, PE=9.991722270986328e-17 after 2994 steps
Step: 397 -  phi=0.7809999694824221, PE=9.994231608350248e-17 after 2358 steps
Step: 398 -  phi=0.7809999847412112, PE=9.99643946296422e-17 after 1797 steps
Step: 399 -  phi=0.7809999923706057, PE=9.998332791970412e-17 after 1327 steps
Step: 400 -  phi=0.7809999961853029, PE=9.999355979845815e-17 after 960 steps
Step: 401 -  phi=0.7809999980926516, PE=9.999384882606673e-17 after 684 steps
Step: 402 -  phi=0.7809999990463259, PE=9.99970308615255e-17 after 486 steps
Step: 403 -  phi=0.7809999995231631, PE=9.999492659090445e-17 after 348 steps
Step: 404 -  phi=0.7809999997615817, PE=9.999736670592926e-17 after 250 steps
Step: 405 -  phi=0.780999999880791, PE=9.999891063437876e-17 after 182 steps
Step: 406 -  phi=0.7809999999403956, PE=9.999746889429368e-17 after 135 steps
Jammed: phi = 0.781000, residual PE = 1.000e-16
