The following modules were not unloaded:
  (Use "module --force purge" to unload all):

  1) StdEnv
sys:1: RuntimeWarning: h5: callable: skipping callable field 'user_pre_step_actions' (<PjitFunction of <function _save_state_system at 0x145ba8e9fba0>>); handle explicitly
sys:1: RuntimeWarning: h5: callable: skipping callable field 'user_post_step_actions' (<PjitFunction of <function _save_state_system at 0x145ba8e9fba0>>); handle explicitly
/home/rg2248/analysis/summer-26/jam/thomson/jam2d-thomson.py:74: RuntimeWarning: h5: callable: skipping callable field '0' (<function fire.<locals>.init at 0x145a26ffb100>); handle explicitly
  save(system, join(data_root, 'system.h5'))
/home/rg2248/analysis/summer-26/jam/thomson/jam2d-thomson.py:74: RuntimeWarning: h5: callable: skipping callable field '1' (<function fire.<locals>.update at 0x145a26ffafc0>); handle explicitly
  save(system, join(data_root, 'system.h5'))
Initial minimization took 0 steps.
Step: 1 -  phi=0.39999999999999997, PE=1.407743240805328e-19 after 0 steps
Step: 2 -  phi=0.40099999999999997, PE=0.0 after 97 steps
Step: 3 -  phi=0.40199999999999997, PE=0.0 after 85 steps
Step: 4 -  phi=0.40299999999999997, PE=8.640101470943091e-17 after 116 steps
Step: 5 -  phi=0.40399999999999997, PE=0.0 after 93 steps
Step: 6 -  phi=0.40499999999999997, PE=9.61299821004897e-17 after 117 steps
Step: 7 -  phi=0.40599999999999997, PE=9.93296145394383e-17 after 134 steps
Step: 8 -  phi=0.407, PE=0.0 after 106 steps
Step: 9 -  phi=0.408, PE=7.01779946363469e-17 after 112 steps
Step: 10 -  phi=0.409, PE=0.0 after 96 steps
Step: 11 -  phi=0.41, PE=0.0 after 107 steps
Step: 12 -  phi=0.411, PE=0.0 after 115 steps
Step: 13 -  phi=0.412, PE=4.862266713543005e-17 after 138 steps
Step: 14 -  phi=0.413, PE=6.83188597375787e-17 after 136 steps
Step: 15 -  phi=0.414, PE=9.115138210752411e-17 after 113 steps
Step: 16 -  phi=0.415, PE=7.154794611682886e-17 after 125 steps
Step: 17 -  phi=0.416, PE=8.030638103219426e-17 after 106 steps
Step: 18 -  phi=0.417, PE=6.442023036686493e-17 after 121 steps
Step: 19 -  phi=0.418, PE=0.0 after 107 steps
Step: 20 -  phi=0.419, PE=0.0 after 111 steps
Step: 21 -  phi=0.42, PE=0.0 after 110 steps
Step: 22 -  phi=0.421, PE=9.779169691606302e-17 after 119 steps
Step: 23 -  phi=0.422, PE=5.384769770038241e-17 after 121 steps
Step: 24 -  phi=0.423, PE=0.0 after 123 steps
Step: 25 -  phi=0.424, PE=9.129353780272968e-17 after 123 steps
Step: 26 -  phi=0.425, PE=9.474923855897861e-17 after 129 steps
Step: 27 -  phi=0.426, PE=5.795525694491238e-17 after 130 steps
Step: 28 -  phi=0.427, PE=0.0 after 110 steps
Step: 29 -  phi=0.428, PE=0.0 after 106 steps
Step: 30 -  phi=0.429, PE=0.0 after 115 steps
Step: 31 -  phi=0.43, PE=8.515290470955541e-17 after 119 steps
Step: 32 -  phi=0.431, PE=0.0 after 114 steps
Step: 33 -  phi=0.432, PE=3.278880069273187e-17 after 119 steps
Step: 34 -  phi=0.433, PE=9.44494560822926e-17 after 138 steps
Step: 35 -  phi=0.434, PE=5.629740430955653e-17 after 114 steps
Step: 36 -  phi=0.435, PE=2.9970691831651053e-17 after 102 steps
Step: 37 -  phi=0.436, PE=8.486567559930888e-17 after 154 steps
Step: 38 -  phi=0.437, PE=0.0 after 124 steps
Step: 39 -  phi=0.438, PE=6.148491486944259e-19 after 113 steps
Step: 40 -  phi=0.439, PE=6.042865600807337e-17 after 121 steps
Step: 41 -  phi=0.44, PE=5.5340824969997336e-17 after 122 steps
Step: 42 -  phi=0.441, PE=0.0 after 126 steps
Step: 43 -  phi=0.442, PE=4.80149493188722e-17 after 138 steps
Step: 44 -  phi=0.443, PE=1.062982205090619e-19 after 135 steps
Step: 45 -  phi=0.444, PE=2.2646640668527077e-17 after 149 steps
Step: 46 -  phi=0.445, PE=2.0747592368721506e-19 after 138 steps
Step: 47 -  phi=0.446, PE=8.352142317055793e-17 after 156 steps
Step: 48 -  phi=0.447, PE=7.027455044903688e-20 after 132 steps
Step: 49 -  phi=0.448, PE=0.0 after 137 steps
Step: 50 -  phi=0.449, PE=2.5862070845760185e-17 after 149 steps
Step: 51 -  phi=0.45, PE=0.0 after 139 steps
Step: 52 -  phi=0.451, PE=0.0 after 124 steps
Step: 53 -  phi=0.452, PE=4.958762893525472e-18 after 134 steps
Step: 54 -  phi=0.453, PE=8.392510097992027e-17 after 138 steps
Step: 55 -  phi=0.454, PE=9.794707247744938e-17 after 109 steps
Step: 56 -  phi=0.455, PE=2.034683802356032e-17 after 127 steps
Step: 57 -  phi=0.456, PE=0.0 after 122 steps
Step: 58 -  phi=0.457, PE=0.0 after 131 steps
Step: 59 -  phi=0.458, PE=4.113591046126309e-17 after 131 steps
Step: 60 -  phi=0.459, PE=8.295205393705224e-17 after 134 steps
Step: 61 -  phi=0.46, PE=5.736002296205356e-17 after 112 steps
Step: 62 -  phi=0.461, PE=2.0175681985482552e-17 after 133 steps
Step: 63 -  phi=0.462, PE=0.0 after 119 steps
Step: 64 -  phi=0.463, PE=8.533406423729836e-17 after 134 steps
Step: 65 -  phi=0.464, PE=8.568766715812581e-17 after 130 steps
Step: 66 -  phi=0.465, PE=0.0 after 120 steps
Step: 67 -  phi=0.466, PE=0.0 after 127 steps
Step: 68 -  phi=0.467, PE=3.2772772080884876e-17 after 123 steps
Step: 69 -  phi=0.468, PE=8.628053073213073e-17 after 124 steps
Step: 70 -  phi=0.46900000000000003, PE=0.0 after 131 steps
Step: 71 -  phi=0.47000000000000003, PE=1.3281067405020605e-17 after 119 steps
Step: 72 -  phi=0.47100000000000003, PE=0.0 after 122 steps
Step: 73 -  phi=0.47200000000000003, PE=0.0 after 119 steps
Step: 74 -  phi=0.47300000000000003, PE=2.81277271869014e-17 after 124 steps
Step: 75 -  phi=0.47400000000000003, PE=9.827045013907663e-19 after 131 steps
Step: 76 -  phi=0.47500000000000003, PE=0.0 after 124 steps
Step: 77 -  phi=0.47600000000000003, PE=6.090271825131557e-17 after 129 steps
Step: 78 -  phi=0.47700000000000004, PE=0.0 after 123 steps
Step: 79 -  phi=0.47800000000000004, PE=0.0 after 123 steps
Step: 80 -  phi=0.47900000000000004, PE=0.0 after 122 steps
Step: 81 -  phi=0.48000000000000004, PE=0.0 after 122 steps
Step: 82 -  phi=0.48100000000000004, PE=0.0 after 124 steps
Step: 83 -  phi=0.48200000000000004, PE=9.734682793293851e-17 after 154 steps
Step: 84 -  phi=0.48300000000000004, PE=0.0 after 119 steps
Step: 85 -  phi=0.48400000000000004, PE=0.0 after 117 steps
Step: 86 -  phi=0.48500000000000004, PE=0.0 after 132 steps
Step: 87 -  phi=0.48600000000000004, PE=0.0 after 125 steps
Step: 88 -  phi=0.48700000000000004, PE=2.7470109512598522e-17 after 133 steps
Step: 89 -  phi=0.48800000000000004, PE=5.578975643835566e-17 after 126 steps
Step: 90 -  phi=0.48900000000000005, PE=9.185916289705059e-17 after 130 steps
Step: 91 -  phi=0.49000000000000005, PE=0.0 after 130 steps
Step: 92 -  phi=0.49100000000000005, PE=5.778736410330625e-17 after 128 steps
Step: 93 -  phi=0.49200000000000005, PE=8.469004202237715e-17 after 176 steps
Step: 94 -  phi=0.49300000000000005, PE=7.900599783080748e-17 after 133 steps
Step: 95 -  phi=0.49400000000000005, PE=0.0 after 129 steps
Step: 96 -  phi=0.49500000000000005, PE=9.461090806470521e-17 after 194 steps
Step: 97 -  phi=0.49600000000000005, PE=3.0248057816141496e-17 after 134 steps
Step: 98 -  phi=0.49700000000000005, PE=1.5841186421356555e-17 after 153 steps
Step: 99 -  phi=0.49800000000000005, PE=0.0 after 140 steps
Step: 100 -  phi=0.49900000000000005, PE=7.854126212551429e-17 after 131 steps
Step: 101 -  phi=0.5, PE=0.0 after 127 steps
Step: 102 -  phi=0.501, PE=5.126662602270325e-17 after 133 steps
Step: 103 -  phi=0.502, PE=9.269659203654309e-17 after 138 steps
Step: 104 -  phi=0.503, PE=0.0 after 130 steps
Step: 105 -  phi=0.504, PE=8.873763736661007e-17 after 144 steps
Step: 106 -  phi=0.505, PE=0.0 after 141 steps
Step: 107 -  phi=0.506, PE=7.554323060099162e-17 after 120 steps
Step: 108 -  phi=0.507, PE=7.782211707919519e-17 after 130 steps
Step: 109 -  phi=0.508, PE=0.0 after 132 steps
Step: 110 -  phi=0.509, PE=0.0 after 134 steps
Step: 111 -  phi=0.51, PE=8.466017315536009e-17 after 138 steps
Step: 112 -  phi=0.511, PE=8.539168045477031e-17 after 129 steps
Step: 113 -  phi=0.512, PE=0.0 after 133 steps
Step: 114 -  phi=0.513, PE=6.241155542757665e-17 after 131 steps
Step: 115 -  phi=0.514, PE=3.9394264919866813e-20 after 137 steps
Step: 116 -  phi=0.515, PE=5.165528975187034e-17 after 120 steps
Step: 117 -  phi=0.516, PE=0.0 after 139 steps
Step: 118 -  phi=0.517, PE=9.615823685066467e-17 after 132 steps
Step: 119 -  phi=0.518, PE=0.0 after 136 steps
Step: 120 -  phi=0.519, PE=6.555376099369817e-17 after 134 steps
Step: 121 -  phi=0.52, PE=8.058072011185859e-17 after 152 steps
Step: 122 -  phi=0.521, PE=7.174067312342548e-17 after 201 steps
Step: 123 -  phi=0.522, PE=9.1791662974811e-17 after 159 steps
Step: 124 -  phi=0.523, PE=1.649004207420383e-17 after 148 steps
Step: 125 -  phi=0.524, PE=0.0 after 138 steps
Step: 126 -  phi=0.525, PE=9.183750435028014e-17 after 161 steps
Step: 127 -  phi=0.526, PE=4.37605076421276e-17 after 159 steps
Step: 128 -  phi=0.527, PE=0.0 after 152 steps
Step: 129 -  phi=0.528, PE=0.0 after 139 steps
Step: 130 -  phi=0.529, PE=5.924200391377375e-18 after 141 steps
Step: 131 -  phi=0.53, PE=4.892686749574025e-17 after 160 steps
Step: 132 -  phi=0.531, PE=5.592250855212564e-17 after 141 steps
Step: 133 -  phi=0.532, PE=4.728205912129201e-17 after 228 steps
Step: 134 -  phi=0.533, PE=2.7470454923558267e-17 after 160 steps
Step: 135 -  phi=0.534, PE=2.4237301991675418e-17 after 202 steps
Step: 136 -  phi=0.535, PE=6.722312241853969e-17 after 170 steps
Step: 137 -  phi=0.536, PE=8.185507762793942e-22 after 155 steps
Step: 138 -  phi=0.537, PE=8.337998343296399e-17 after 208 steps
Step: 139 -  phi=0.538, PE=0.0 after 153 steps
Step: 140 -  phi=0.539, PE=8.983711724496092e-17 after 166 steps
Step: 141 -  phi=0.54, PE=8.217311663734524e-17 after 159 steps
Step: 142 -  phi=0.541, PE=8.486462875479372e-17 after 162 steps
Step: 143 -  phi=0.542, PE=9.185979536194561e-17 after 219 steps
Step: 144 -  phi=0.543, PE=3.877324536605588e-17 after 143 steps
Step: 145 -  phi=0.544, PE=5.509813288995438e-17 after 155 steps
Step: 146 -  phi=0.545, PE=9.835146528926772e-17 after 152 steps
Step: 147 -  phi=0.546, PE=8.385854920289836e-17 after 162 steps
Step: 148 -  phi=0.547, PE=6.143612709206939e-17 after 154 steps
Step: 149 -  phi=0.548, PE=5.855863640832025e-17 after 156 steps
Step: 150 -  phi=0.549, PE=9.231737486699234e-17 after 153 steps
Step: 151 -  phi=0.55, PE=0.0 after 157 steps
Step: 152 -  phi=0.551, PE=0.0 after 144 steps
Step: 153 -  phi=0.552, PE=5.2779574210877237e-17 after 137 steps
Step: 154 -  phi=0.553, PE=3.814077758463218e-17 after 136 steps
Step: 155 -  phi=0.554, PE=3.4098629471174664e-17 after 142 steps
Step: 156 -  phi=0.555, PE=1.6084021402324142e-17 after 141 steps
Step: 157 -  phi=0.556, PE=4.8436109250575e-17 after 138 steps
Step: 158 -  phi=0.557, PE=9.192569966162925e-17 after 147 steps
Step: 159 -  phi=0.558, PE=7.591691348347947e-17 after 149 steps
Step: 160 -  phi=0.559, PE=5.968912673608106e-17 after 138 steps
Step: 161 -  phi=0.56, PE=4.3334349390913934e-18 after 133 steps
Step: 162 -  phi=0.561, PE=9.021418027123208e-17 after 162 steps
Step: 163 -  phi=0.562, PE=0.0 after 139 steps
Step: 164 -  phi=0.5630000000000001, PE=0.0 after 136 steps
Step: 165 -  phi=0.5640000000000001, PE=5.952790092404967e-17 after 141 steps
Step: 166 -  phi=0.5650000000000001, PE=4.490303830897856e-17 after 146 steps
Step: 167 -  phi=0.5660000000000001, PE=7.800342870010687e-17 after 147 steps
Step: 168 -  phi=0.5670000000000001, PE=3.8740608292883434e-17 after 136 steps
Step: 169 -  phi=0.5680000000000001, PE=5.240204482544685e-17 after 146 steps
Step: 170 -  phi=0.5690000000000001, PE=1.922442504196605e-17 after 142 steps
Step: 171 -  phi=0.5700000000000001, PE=7.767097340469406e-17 after 154 steps
Step: 172 -  phi=0.5710000000000001, PE=4.3589898407548027e-17 after 150 steps
Step: 173 -  phi=0.5720000000000001, PE=5.106709857503265e-20 after 154 steps
Step: 174 -  phi=0.5730000000000001, PE=0.0 after 145 steps
Step: 175 -  phi=0.5740000000000001, PE=4.151521600353878e-17 after 136 steps
Step: 176 -  phi=0.5750000000000001, PE=8.011961150086551e-17 after 161 steps
Step: 177 -  phi=0.5760000000000001, PE=6.59677514113159e-18 after 122 steps
Step: 178 -  phi=0.5770000000000001, PE=8.58410643436776e-17 after 144 steps
Step: 179 -  phi=0.5780000000000001, PE=2.4597035793800228e-17 after 149 steps
Step: 180 -  phi=0.5790000000000001, PE=5.690348657992385e-17 after 150 steps
Step: 181 -  phi=0.5800000000000001, PE=8.280940263891771e-17 after 154 steps
Step: 182 -  phi=0.5810000000000001, PE=0.0 after 144 steps
Step: 183 -  phi=0.5820000000000001, PE=0.0 after 131 steps
Step: 184 -  phi=0.5830000000000001, PE=4.6962005993854866e-17 after 150 steps
Step: 185 -  phi=0.5840000000000001, PE=2.5263992931261134e-17 after 144 steps
Step: 186 -  phi=0.5850000000000001, PE=8.814033565236383e-18 after 144 steps
Step: 187 -  phi=0.5860000000000001, PE=2.1206788696485913e-17 after 162 steps
Step: 188 -  phi=0.5870000000000001, PE=6.844190268989018e-17 after 158 steps
Step: 189 -  phi=0.5880000000000001, PE=9.213388511142534e-17 after 202 steps
Step: 190 -  phi=0.5890000000000001, PE=5.3361947877080265e-17 after 154 steps
Step: 191 -  phi=0.5900000000000001, PE=8.356550045127468e-17 after 156 steps
Step: 192 -  phi=0.5910000000000001, PE=2.363812273223151e-17 after 167 steps
Step: 193 -  phi=0.5920000000000001, PE=0.0 after 145 steps
Step: 194 -  phi=0.5930000000000001, PE=9.47152896880793e-17 after 172 steps
Step: 195 -  phi=0.5940000000000001, PE=7.833226753181851e-17 after 160 steps
Step: 196 -  phi=0.5950000000000001, PE=3.1208565904084714e-17 after 148 steps
Step: 197 -  phi=0.5960000000000001, PE=7.249961429577622e-17 after 160 steps
Step: 198 -  phi=0.5970000000000001, PE=0.0 after 147 steps
Step: 199 -  phi=0.5980000000000001, PE=5.598252906979728e-17 after 152 steps
Step: 200 -  phi=0.5990000000000001, PE=5.847108055644399e-17 after 148 steps
Step: 201 -  phi=0.6000000000000001, PE=1.3972120532611979e-18 after 149 steps
Step: 202 -  phi=0.6010000000000001, PE=9.737297708990431e-17 after 170 steps
Step: 203 -  phi=0.6020000000000001, PE=8.604759770734945e-17 after 173 steps
Step: 204 -  phi=0.6030000000000001, PE=5.099066964652366e-17 after 151 steps
Step: 205 -  phi=0.6040000000000001, PE=4.6824662189178056e-17 after 146 steps
Step: 206 -  phi=0.6050000000000001, PE=3.2529526525746256e-17 after 156 steps
Step: 207 -  phi=0.6060000000000001, PE=6.54705219380347e-17 after 180 steps
Step: 208 -  phi=0.6070000000000001, PE=5.756104560452783e-17 after 172 steps
Step: 209 -  phi=0.6080000000000001, PE=5.802816195641626e-17 after 157 steps
Step: 210 -  phi=0.6090000000000001, PE=3.729485793503898e-17 after 163 steps
Step: 211 -  phi=0.6100000000000001, PE=5.993562187830728e-18 after 162 steps
Step: 212 -  phi=0.6110000000000001, PE=2.647088960775766e-17 after 152 steps
Step: 213 -  phi=0.6120000000000001, PE=7.828632840461238e-17 after 166 steps
Step: 214 -  phi=0.6130000000000001, PE=8.850319390968109e-17 after 173 steps
Step: 215 -  phi=0.6140000000000001, PE=3.337721887896285e-17 after 163 steps
Step: 216 -  phi=0.6150000000000001, PE=6.703348083223941e-17 after 144 steps
Step: 217 -  phi=0.6160000000000001, PE=6.83085015254182e-17 after 174 steps
Step: 218 -  phi=0.6170000000000001, PE=6.033204672294005e-17 after 167 steps
Step: 219 -  phi=0.6180000000000001, PE=5.1240578809843866e-17 after 167 steps
Step: 220 -  phi=0.6190000000000001, PE=8.237925883880304e-17 after 163 steps
Step: 221 -  phi=0.6200000000000001, PE=0.0 after 152 steps
Step: 222 -  phi=0.6210000000000001, PE=4.337378415090621e-17 after 161 steps
Step: 223 -  phi=0.6220000000000001, PE=0.0 after 145 steps
Step: 224 -  phi=0.6230000000000001, PE=2.2202999105506276e-17 after 172 steps
Step: 225 -  phi=0.6240000000000001, PE=0.0 after 154 steps
Step: 226 -  phi=0.6250000000000001, PE=9.503402863339821e-17 after 154 steps
Step: 227 -  phi=0.6260000000000001, PE=6.935745427643345e-17 after 130 steps
Step: 228 -  phi=0.6270000000000001, PE=8.827915991159856e-17 after 179 steps
Step: 229 -  phi=0.6280000000000001, PE=9.846981082762396e-17 after 173 steps
Step: 230 -  phi=0.6290000000000001, PE=9.878037078216838e-17 after 164 steps
Step: 231 -  phi=0.6300000000000001, PE=3.968306970101929e-17 after 188 steps
Step: 232 -  phi=0.6310000000000001, PE=9.936605650996394e-17 after 189 steps
Step: 233 -  phi=0.6320000000000001, PE=9.005922688990688e-17 after 180 steps
Step: 234 -  phi=0.6330000000000001, PE=1.1681640013602016e-17 after 173 steps
Step: 235 -  phi=0.6340000000000001, PE=4.9024336726639544e-18 after 170 steps
Step: 236 -  phi=0.6350000000000001, PE=4.7388294991012166e-17 after 183 steps
Step: 237 -  phi=0.6360000000000001, PE=1.87508067574333e-17 after 200 steps
Step: 238 -  phi=0.6370000000000001, PE=7.675525289203916e-17 after 192 steps
Step: 239 -  phi=0.6380000000000001, PE=7.569721427976708e-17 after 193 steps
Step: 240 -  phi=0.6390000000000001, PE=8.832512478265731e-17 after 191 steps
Step: 241 -  phi=0.6400000000000001, PE=2.9788999881770286e-17 after 177 steps
Step: 242 -  phi=0.6410000000000001, PE=9.738579477769314e-17 after 188 steps
Step: 243 -  phi=0.6420000000000001, PE=0.0 after 190 steps
Step: 244 -  phi=0.6430000000000001, PE=0.0 after 180 steps
Step: 245 -  phi=0.6440000000000001, PE=9.275206998298226e-17 after 190 steps
Step: 246 -  phi=0.6450000000000001, PE=0.0 after 184 steps
Step: 247 -  phi=0.6460000000000001, PE=9.697070978712092e-18 after 172 steps
Step: 248 -  phi=0.6470000000000001, PE=7.720775914045173e-17 after 179 steps
Step: 249 -  phi=0.6480000000000001, PE=9.191883379136248e-17 after 179 steps
Step: 250 -  phi=0.6490000000000001, PE=8.74978071475098e-17 after 214 steps
Step: 251 -  phi=0.6500000000000001, PE=7.697895576410036e-17 after 200 steps
Step: 252 -  phi=0.6510000000000001, PE=2.75168358820576e-17 after 192 steps
Step: 253 -  phi=0.6520000000000001, PE=0.0 after 207 steps
Step: 254 -  phi=0.6530000000000001, PE=2.4820522039041268e-17 after 210 steps
Step: 255 -  phi=0.6540000000000001, PE=6.556401930269427e-17 after 204 steps
Step: 256 -  phi=0.6550000000000001, PE=2.84949406787868e-17 after 206 steps
Step: 257 -  phi=0.6560000000000001, PE=9.944922626887157e-17 after 218 steps
Step: 258 -  phi=0.6570000000000001, PE=0.0 after 213 steps
Step: 259 -  phi=0.6580000000000001, PE=9.73603581701426e-17 after 228 steps
Step: 260 -  phi=0.6590000000000001, PE=0.0 after 207 steps
Step: 261 -  phi=0.6600000000000001, PE=8.959903396875012e-17 after 216 steps
Step: 262 -  phi=0.6610000000000001, PE=5.956621754923131e-17 after 209 steps
Step: 263 -  phi=0.6620000000000001, PE=2.6803758566248263e-17 after 207 steps
Step: 264 -  phi=0.6630000000000001, PE=4.2254851139184294e-17 after 241 steps
Step: 265 -  phi=0.6640000000000001, PE=0.0 after 195 steps
Step: 266 -  phi=0.6650000000000001, PE=8.610264662707153e-17 after 232 steps
Step: 267 -  phi=0.6660000000000001, PE=9.219678418574023e-17 after 222 steps
Step: 268 -  phi=0.6670000000000001, PE=9.79247213395258e-17 after 247 steps
Step: 269 -  phi=0.6680000000000001, PE=7.626063355292895e-17 after 221 steps
Step: 270 -  phi=0.6690000000000002, PE=3.1644714287781994e-17 after 212 steps
Step: 271 -  phi=0.6700000000000002, PE=6.606352257322742e-17 after 245 steps
Step: 272 -  phi=0.6710000000000002, PE=7.349168148169269e-17 after 232 steps
Step: 273 -  phi=0.6720000000000002, PE=7.109633915047832e-17 after 228 steps
Step: 274 -  phi=0.6730000000000002, PE=7.244045102263169e-17 after 264 steps
Step: 275 -  phi=0.6740000000000002, PE=8.372034060355211e-17 after 239 steps
Step: 276 -  phi=0.6750000000000002, PE=6.67100019340549e-17 after 235 steps
Step: 277 -  phi=0.6760000000000002, PE=9.503238064173312e-17 after 237 steps
Step: 278 -  phi=0.6770000000000002, PE=6.829574665482883e-17 after 219 steps
Step: 279 -  phi=0.6780000000000002, PE=9.48582642358248e-17 after 239 steps
Step: 280 -  phi=0.6790000000000002, PE=6.111921628833203e-17 after 232 steps
Step: 281 -  phi=0.6800000000000002, PE=1.9811649383638798e-17 after 230 steps
Step: 282 -  phi=0.6810000000000002, PE=3.995554090504093e-17 after 220 steps
Step: 283 -  phi=0.6820000000000002, PE=6.437541189819329e-17 after 239 steps
Step: 284 -  phi=0.6830000000000002, PE=9.317531786945893e-17 after 236 steps
Step: 285 -  phi=0.6840000000000002, PE=8.444188554148623e-17 after 270 steps
Step: 286 -  phi=0.6850000000000002, PE=7.474704657810746e-17 after 264 steps
Step: 287 -  phi=0.6860000000000002, PE=8.197606533946607e-17 after 284 steps
Step: 288 -  phi=0.6870000000000002, PE=6.924367343256853e-17 after 233 steps
Step: 289 -  phi=0.6880000000000002, PE=7.801831628393006e-17 after 237 steps
Step: 290 -  phi=0.6890000000000002, PE=7.645227411176876e-17 after 227 steps
Step: 291 -  phi=0.6900000000000002, PE=6.559405428690014e-17 after 239 steps
Step: 292 -  phi=0.6910000000000002, PE=9.911437897157694e-17 after 277 steps
Step: 293 -  phi=0.6920000000000002, PE=8.29507902704214e-17 after 229 steps
Step: 294 -  phi=0.6930000000000002, PE=8.450004690720714e-17 after 236 steps
Step: 295 -  phi=0.6940000000000002, PE=8.346078987407836e-17 after 239 steps
Step: 296 -  phi=0.6950000000000002, PE=8.982375915283971e-17 after 259 steps
Step: 297 -  phi=0.6960000000000002, PE=7.578413578318507e-17 after 245 steps
Step: 298 -  phi=0.6970000000000002, PE=7.35543345961503e-17 after 235 steps
Step: 299 -  phi=0.6980000000000002, PE=9.736081109865935e-17 after 236 steps
Step: 300 -  phi=0.6990000000000002, PE=7.049780892456772e-17 after 225 steps
Step: 301 -  phi=0.7000000000000002, PE=6.233978843406814e-17 after 222 steps
Step: 302 -  phi=0.7010000000000002, PE=9.532382615327551e-17 after 249 steps
Step: 303 -  phi=0.7020000000000002, PE=6.505041113426337e-17 after 223 steps
Step: 304 -  phi=0.7030000000000002, PE=8.627034418077789e-17 after 237 steps
Step: 305 -  phi=0.7040000000000002, PE=8.604486722911565e-17 after 284 steps
Step: 306 -  phi=0.7050000000000002, PE=9.379776424325408e-17 after 251 steps
Step: 307 -  phi=0.7060000000000002, PE=9.868396461573176e-17 after 237 steps
Step: 308 -  phi=0.7070000000000002, PE=7.093146993244038e-17 after 233 steps
Step: 309 -  phi=0.7080000000000002, PE=8.095859793809308e-18 after 245 steps
Step: 310 -  phi=0.7090000000000002, PE=1.9056852591180748e-17 after 236 steps
Step: 311 -  phi=0.7100000000000002, PE=7.620990702917766e-17 after 227 steps
Step: 312 -  phi=0.7110000000000002, PE=7.648860826872499e-17 after 257 steps
Step: 313 -  phi=0.7120000000000002, PE=7.153083301631463e-17 after 252 steps
Step: 314 -  phi=0.7130000000000002, PE=9.91072032507032e-17 after 244 steps
Step: 315 -  phi=0.7140000000000002, PE=7.64489900870638e-17 after 239 steps
Step: 316 -  phi=0.7150000000000002, PE=9.096783083124614e-17 after 238 steps
Step: 317 -  phi=0.7160000000000002, PE=6.561750210353978e-17 after 290 steps
Step: 318 -  phi=0.7170000000000002, PE=6.921957881758177e-17 after 279 steps
Step: 319 -  phi=0.7180000000000002, PE=9.04738979476066e-17 after 271 steps
Step: 320 -  phi=0.7190000000000002, PE=7.053382211872487e-17 after 271 steps
Step: 321 -  phi=0.7200000000000002, PE=2.9718533443747203e-17 after 259 steps
Step: 322 -  phi=0.7210000000000002, PE=9.933874734558159e-17 after 365 steps
Step: 323 -  phi=0.7220000000000002, PE=9.362359852959787e-17 after 268 steps
Step: 324 -  phi=0.7230000000000002, PE=8.287931052302281e-17 after 258 steps
Step: 325 -  phi=0.7240000000000002, PE=9.142642316941978e-17 after 258 steps
Step: 326 -  phi=0.7250000000000002, PE=9.588605047692241e-17 after 303 steps
Step: 327 -  phi=0.7260000000000002, PE=2.4618386787711136e-17 after 283 steps
Step: 328 -  phi=0.7270000000000002, PE=8.59700345065728e-17 after 283 steps
Step: 329 -  phi=0.7280000000000002, PE=9.997325231506492e-17 after 300 steps
Step: 330 -  phi=0.7290000000000002, PE=4.655307068389766e-18 after 276 steps
Step: 331 -  phi=0.7300000000000002, PE=6.981258974468801e-17 after 289 steps
Step: 332 -  phi=0.7310000000000002, PE=9.802121199045443e-17 after 283 steps
Step: 333 -  phi=0.7320000000000002, PE=4.00763694262908e-17 after 279 steps
Step: 334 -  phi=0.7330000000000002, PE=9.868663939861939e-17 after 288 steps
Step: 335 -  phi=0.7340000000000002, PE=1.3563251468492152e-17 after 279 steps
Step: 336 -  phi=0.7350000000000002, PE=9.88107914067343e-17 after 257 steps
Step: 337 -  phi=0.7360000000000002, PE=9.034629189789086e-17 after 330 steps
Step: 338 -  phi=0.7370000000000002, PE=9.902336866965922e-17 after 279 steps
Step: 339 -  phi=0.7380000000000002, PE=6.772528458070151e-17 after 280 steps
Step: 340 -  phi=0.7390000000000002, PE=9.949725677294271e-17 after 331 steps
Step: 341 -  phi=0.7400000000000002, PE=6.272094250569873e-17 after 290 steps
Step: 342 -  phi=0.7410000000000002, PE=8.96581595342411e-17 after 307 steps
Step: 343 -  phi=0.7420000000000002, PE=9.098301416891006e-17 after 294 steps
Step: 344 -  phi=0.7430000000000002, PE=7.58749314061622e-17 after 294 steps
Step: 345 -  phi=0.7440000000000002, PE=9.810378376073804e-17 after 303 steps
Step: 346 -  phi=0.7450000000000002, PE=8.216982888120563e-17 after 322 steps
Step: 347 -  phi=0.7460000000000002, PE=8.25154045049221e-17 after 335 steps
Step: 348 -  phi=0.7470000000000002, PE=8.675962370790817e-17 after 340 steps
Step: 349 -  phi=0.7480000000000002, PE=9.232949085859426e-17 after 327 steps
Step: 350 -  phi=0.7490000000000002, PE=3.1761270664300665e-17 after 321 steps
Step: 351 -  phi=0.7500000000000002, PE=9.268038752414204e-17 after 464 steps
Step: 352 -  phi=0.7510000000000002, PE=8.183339431468055e-17 after 324 steps
Step: 353 -  phi=0.7520000000000002, PE=6.392322549472136e-17 after 334 steps
Step: 354 -  phi=0.7530000000000002, PE=9.214531608495647e-17 after 309 steps
Step: 355 -  phi=0.7540000000000002, PE=9.531743186250577e-17 after 308 steps
Step: 356 -  phi=0.7550000000000002, PE=6.150515371514666e-17 after 309 steps
Step: 357 -  phi=0.7560000000000002, PE=9.055715825225917e-17 after 311 steps
Step: 358 -  phi=0.7570000000000002, PE=7.805217225040907e-17 after 290 steps
Step: 359 -  phi=0.7580000000000002, PE=9.504394130067363e-17 after 298 steps
Step: 360 -  phi=0.7590000000000002, PE=9.673997220225471e-17 after 314 steps
Step: 361 -  phi=0.7600000000000002, PE=7.123474870534906e-17 after 303 steps
Step: 362 -  phi=0.7610000000000002, PE=8.053026631231678e-17 after 311 steps
Step: 363 -  phi=0.7620000000000002, PE=8.903046941065837e-17 after 307 steps
Step: 364 -  phi=0.7630000000000002, PE=9.308309083946993e-17 after 311 steps
Step: 365 -  phi=0.7640000000000002, PE=9.673895119926353e-17 after 294 steps
Step: 366 -  phi=0.7650000000000002, PE=6.83191730805065e-17 after 338 steps
Step: 367 -  phi=0.7660000000000002, PE=9.494307190894919e-17 after 330 steps
Step: 368 -  phi=0.7670000000000002, PE=8.565972934550852e-17 after 363 steps
Step: 369 -  phi=0.7680000000000002, PE=7.737897498965456e-17 after 300 steps
Step: 370 -  phi=0.7690000000000002, PE=9.859754696288902e-17 after 330 steps
Step: 371 -  phi=0.7700000000000002, PE=2.7024536292903898e-17 after 338 steps
Step: 372 -  phi=0.7710000000000002, PE=6.597745983071132e-17 after 337 steps
Step: 373 -  phi=0.7720000000000002, PE=8.80595411015899e-17 after 339 steps
Step: 374 -  phi=0.7730000000000002, PE=8.523499711037489e-17 after 349 steps
Step: 375 -  phi=0.7740000000000002, PE=7.831894188800937e-17 after 350 steps
Step: 376 -  phi=0.7750000000000002, PE=9.160123949775091e-17 after 350 steps
Step: 377 -  phi=0.7760000000000002, PE=9.690585385960622e-17 after 357 steps
Step: 378 -  phi=0.7770000000000002, PE=9.85339148965187e-17 after 401 steps
Step: 379 -  phi=0.7780000000000002, PE=9.030833714900548e-17 after 377 steps
Step: 380 -  phi=0.7790000000000002, PE=8.540125430212657e-17 after 345 steps
Step: 381 -  phi=0.7800000000000002, PE=8.704570538312112e-17 after 362 steps
Step: 382 -  phi=0.7810000000000002, PE=8.128203899830341e-17 after 363 steps
Step: 383 -  phi=0.7820000000000003, PE=8.049285484531264e-17 after 370 steps
Step: 384 -  phi=0.7830000000000003, PE=7.923500795271694e-17 after 361 steps
Step: 385 -  phi=0.7840000000000003, PE=8.992615686480055e-17 after 363 steps
Step: 386 -  phi=0.7850000000000003, PE=9.746036596843745e-17 after 379 steps
Step: 387 -  phi=0.7860000000000003, PE=8.753549981227228e-17 after 346 steps
Step: 388 -  phi=0.7870000000000003, PE=9.056978899750851e-17 after 350 steps
Step: 389 -  phi=0.7880000000000003, PE=9.285383827295234e-17 after 381 steps
Step: 390 -  phi=0.7890000000000003, PE=9.456183760350082e-17 after 400 steps
Step: 391 -  phi=0.7900000000000003, PE=9.268296320708853e-17 after 428 steps
Step: 392 -  phi=0.7910000000000003, PE=6.144930557253393e-17 after 376 steps
Step: 393 -  phi=0.7920000000000003, PE=9.129996487702237e-17 after 448 steps
Step: 394 -  phi=0.7930000000000003, PE=9.248769305077572e-17 after 410 steps
Step: 395 -  phi=0.7940000000000003, PE=9.873985964642328e-17 after 423 steps
Step: 396 -  phi=0.7950000000000003, PE=7.968163185417666e-17 after 392 steps
Step: 397 -  phi=0.7960000000000003, PE=9.497536385578281e-17 after 459 steps
Step: 398 -  phi=0.7970000000000003, PE=9.76213287945688e-17 after 449 steps
Step: 399 -  phi=0.7980000000000003, PE=8.107570187453094e-17 after 420 steps
Step: 400 -  phi=0.7990000000000003, PE=8.75277359135742e-17 after 424 steps
Step: 401 -  phi=0.8000000000000003, PE=9.490361680308857e-17 after 506 steps
Step: 402 -  phi=0.8010000000000003, PE=7.41761851425457e-17 after 466 steps
Step: 403 -  phi=0.8020000000000003, PE=6.399399363300443e-17 after 447 steps
Step: 404 -  phi=0.8030000000000003, PE=9.853830215456638e-17 after 456 steps
Step: 405 -  phi=0.8040000000000003, PE=8.710373066140357e-17 after 454 steps
Step: 406 -  phi=0.8050000000000003, PE=8.761530089310971e-17 after 454 steps
Step: 407 -  phi=0.8060000000000003, PE=9.410937192201308e-17 after 589 steps
Step: 408 -  phi=0.8070000000000003, PE=8.904230348397277e-18 after 451 steps
Step: 409 -  phi=0.8080000000000003, PE=9.886910494971316e-17 after 513 steps
Step: 410 -  phi=0.8090000000000003, PE=9.374020540666079e-17 after 560 steps
Step: 411 -  phi=0.8100000000000003, PE=9.792962233288989e-17 after 556 steps
Step: 412 -  phi=0.8110000000000003, PE=8.985910532049917e-17 after 484 steps
Step: 413 -  phi=0.8120000000000003, PE=9.36952991035437e-17 after 622 steps
Step: 414 -  phi=0.8130000000000003, PE=7.825245770129168e-17 after 533 steps
Step: 415 -  phi=0.8140000000000003, PE=9.749910034220998e-17 after 518 steps
Step: 416 -  phi=0.8150000000000003, PE=6.333461125718458e-17 after 515 steps
Step: 417 -  phi=0.8160000000000003, PE=9.464414585697359e-17 after 575 steps
Step: 418 -  phi=0.8170000000000003, PE=9.842340352059267e-17 after 652 steps
Step: 419 -  phi=0.8180000000000003, PE=9.388668269379681e-17 after 527 steps
Step: 420 -  phi=0.8190000000000003, PE=9.007587830583859e-17 after 612 steps
Step: 421 -  phi=0.8200000000000003, PE=9.519750190899377e-17 after 551 steps
Step: 422 -  phi=0.8210000000000003, PE=9.045699480415046e-17 after 583 steps
Step: 423 -  phi=0.8220000000000003, PE=9.947338169836094e-17 after 645 steps
Step: 424 -  phi=0.8230000000000003, PE=9.122157824042522e-17 after 674 steps
Step: 425 -  phi=0.8240000000000003, PE=8.925077165787286e-17 after 672 steps
Step: 426 -  phi=0.8250000000000003, PE=9.789323684719908e-17 after 830 steps
Step: 427 -  phi=0.8260000000000003, PE=7.339168125466103e-17 after 703 steps
Step: 428 -  phi=0.8270000000000003, PE=9.780260931383637e-17 after 686 steps
Step: 429 -  phi=0.8280000000000003, PE=9.337302484271832e-17 after 909 steps
Step: 430 -  phi=0.8290000000000003, PE=9.672291144245962e-17 after 996 steps
Step: 431 -  phi=0.8300000000000003, PE=9.615573292966115e-17 after 1007 steps
Step: 432 -  phi=0.8310000000000003, PE=9.971393609728548e-17 after 848 steps
Step: 433 -  phi=0.8320000000000003, PE=8.854002007563914e-17 after 807 steps
Step: 434 -  phi=0.8330000000000003, PE=9.172309425566693e-17 after 809 steps
Step: 435 -  phi=0.8340000000000003, PE=9.050732214333343e-17 after 753 steps
Step: 436 -  phi=0.8350000000000003, PE=9.953136779587155e-17 after 860 steps
Step: 437 -  phi=0.8360000000000003, PE=9.645697785966255e-17 after 827 steps
Step: 438 -  phi=0.8370000000000003, PE=9.958027192760726e-17 after 797 steps
Step: 439 -  phi=0.8380000000000003, PE=7.540542209692976e-17 after 769 steps
Step: 440 -  phi=0.8390000000000003, PE=9.484418971319432e-17 after 771 steps
Step: 441 -  phi=0.8400000000000003, PE=9.690993276817084e-17 after 1185 steps
Step: 442 -  phi=0.8410000000000003, PE=8.89062781590998e-17 after 1106 steps
Step: 443 -  phi=0.8420000000000003, PE=9.644958618380705e-17 after 1341 steps
Step: 444 -  phi=0.8430000000000003, PE=9.775562377308967e-17 after 1553 steps
Step: 445 -  phi=0.8440000000000003, PE=9.955661512059738e-17 after 1370 steps
Step: 446 -  phi=0.8450000000000003, PE=9.755965163208783e-17 after 1678 steps
Step: 447 -  phi=0.8460000000000003, PE=9.863959902273527e-17 after 1983 steps
Step: 448 -  phi=0.8470000000000003, PE=9.777979652676689e-17 after 1388 steps
Step: 449 -  phi=0.8480000000000003, PE=9.751204802421656e-17 after 1776 steps
Step: 450 -  phi=0.8490000000000003, PE=9.729306864997869e-17 after 2455 steps
Step: 451 -  phi=0.8500000000000003, PE=9.809011707386217e-17 after 2009 steps
Step: 452 -  phi=0.8510000000000003, PE=9.863714014710892e-17 after 2722 steps
Step: 453 -  phi=0.8520000000000003, PE=9.921841624332449e-17 after 3272 steps
Step: 454 -  phi=0.8530000000000003, PE=9.902868534126064e-17 after 4042 steps
Step: 455 -  phi=0.8540000000000003, PE=9.90963431491527e-17 after 6059 steps
Step: 456 -  phi=0.8550000000000003, PE=9.890674591565429e-17 after 7344 steps
Step: 457 -  phi=0.8560000000000003, PE=9.959968725116698e-17 after 7236 steps
Step: 458 -  phi=0.8570000000000003, PE=9.997973538944522e-17 after 9101 steps
Step: 459 -  phi=0.8580000000000003, PE=9.981371986163647e-17 after 8085 steps
Step: 460 -  phi=0.8590000000000003, PE=9.951703536073972e-17 after 9789 steps
Step: 461 -  phi=0.8600000000000003, PE=9.995267249987762e-17 after 24400 steps
Step: 462 -  phi=0.8610000000000003, PE=9.996997743165107e-17 after 39504 steps
Step: 463 -  phi=0.8620000000000003, PE=9.997542513805629e-17 after 42055 steps
Step: 464 -  phi=0.8630000000000003, PE=1.5827082555856077e-09 after 128555 steps
Step: 465 -  phi=0.8625000000000003, PE=9.999786715989465e-17 after 140259 steps
Step: 466 -  phi=0.8627500000000003, PE=9.990518779878108e-17 after 182548 steps
Step: 467 -  phi=0.8628750000000003, PE=9.999909473601391e-17 after 109000 steps
Step: 468 -  phi=0.8629375000000004, PE=2.5267647134556015e-12 after 334877 steps
Step: 469 -  phi=0.8629062500000003, PE=9.9995006143794e-17 after 191705 steps
Step: 470 -  phi=0.8629218750000003, PE=9.998849114879844e-17 after 124671 steps
Step: 471 -  phi=0.8629296875000003, PE=9.999804658768897e-17 after 161784 steps
Step: 472 -  phi=0.8629335937500003, PE=9.999369207577775e-17 after 170592 steps
Step: 473 -  phi=0.8629355468750004, PE=9.999806918902398e-17 after 125099 steps
Step: 474 -  phi=0.8629365234375004, PE=9.999784110828936e-17 after 90272 steps
Step: 475 -  phi=0.8629370117187504, PE=9.99956328416487e-17 after 73699 steps
Step: 476 -  phi=0.8629372558593753, PE=9.9993116449639e-17 after 63053 steps
Step: 477 -  phi=0.8629373779296878, PE=9.999806405180873e-17 after 37424 steps
Step: 478 -  phi=0.8629374389648441, PE=9.999941734759305e-17 after 27280 steps
Step: 479 -  phi=0.8629374694824222, PE=9.999511903924296e-17 after 18707 steps
Step: 480 -  phi=0.8629374847412112, PE=9.99951626762885e-17 after 13813 steps
Step: 481 -  phi=0.8629374923706058, PE=9.999979499479795e-17 after 10122 steps
Step: 482 -  phi=0.8629374961853031, PE=9.999820008029258e-17 after 7338 steps
Step: 483 -  phi=0.8629374980926517, PE=9.999873532816757e-17 after 5378 steps
Step: 484 -  phi=0.8629374990463261, PE=9.999860757837503e-17 after 3889 steps
Step: 485 -  phi=0.8629374995231632, PE=9.999971554887802e-17 after 2772 steps
Step: 486 -  phi=0.8629374997615817, PE=9.999930881472249e-17 after 1984 steps
Step: 487 -  phi=0.862937499880791, PE=9.999975461391001e-17 after 1413 steps
Step: 488 -  phi=0.8629374999403957, PE=9.999964844176856e-17 after 1006 steps
Jammed: phi = 0.862937, residual PE = 1.000e-16
