The following modules were not unloaded:
  (Use "module --force purge" to unload all):

  1) StdEnv
sys:1: RuntimeWarning: h5: callable: skipping callable field 'user_pre_step_actions' (<PjitFunction of <function _save_state_system at 0x14e30304fba0>>); handle explicitly
sys:1: RuntimeWarning: h5: callable: skipping callable field 'user_post_step_actions' (<PjitFunction of <function _save_state_system at 0x14e30304fba0>>); handle explicitly
/home/rg2248/analysis/summer-26/jam/thomson/jam2d-thomson.py:74: RuntimeWarning: h5: callable: skipping callable field '0' (<function fire.<locals>.init at 0x14e1cc8ff100>); handle explicitly
  save(system, join(data_root, 'system.h5'))
/home/rg2248/analysis/summer-26/jam/thomson/jam2d-thomson.py:74: RuntimeWarning: h5: callable: skipping callable field '1' (<function fire.<locals>.update at 0x14e1cc8fefc0>); handle explicitly
  save(system, join(data_root, 'system.h5'))
Initial minimization took 0 steps.
Step: 1 -  phi=0.4, PE=5.041954949532509e-17 after 0 steps
Step: 2 -  phi=0.401, PE=5.865069390936413e-17 after 121 steps
Step: 3 -  phi=0.402, PE=1.2652205021310845e-17 after 115 steps
Step: 4 -  phi=0.403, PE=3.426504586002161e-17 after 111 steps
Step: 5 -  phi=0.404, PE=7.575375396531474e-17 after 95 steps
Step: 6 -  phi=0.405, PE=2.6023706264529795e-17 after 112 steps
Step: 7 -  phi=0.406, PE=9.646504792157688e-17 after 110 steps
Step: 8 -  phi=0.40700000000000003, PE=1.4636067563627528e-17 after 125 steps
Step: 9 -  phi=0.40800000000000003, PE=6.237812086485451e-17 after 155 steps
Step: 10 -  phi=0.40900000000000003, PE=0.0 after 129 steps
Step: 11 -  phi=0.41000000000000003, PE=0.0 after 115 steps
Step: 12 -  phi=0.41100000000000003, PE=9.511121085356127e-17 after 149 steps
Step: 13 -  phi=0.41200000000000003, PE=9.013493625434646e-17 after 135 steps
Step: 14 -  phi=0.41300000000000003, PE=8.758705042613677e-17 after 142 steps
Step: 15 -  phi=0.41400000000000003, PE=0.0 after 125 steps
Step: 16 -  phi=0.41500000000000004, PE=0.0 after 128 steps
Step: 17 -  phi=0.41600000000000004, PE=0.0 after 122 steps
Step: 18 -  phi=0.41700000000000004, PE=0.0 after 122 steps
Step: 19 -  phi=0.41800000000000004, PE=0.0 after 119 steps
Step: 20 -  phi=0.41900000000000004, PE=1.6128393002528768e-17 after 137 steps
Step: 21 -  phi=0.42000000000000004, PE=0.0 after 138 steps
Step: 22 -  phi=0.42100000000000004, PE=0.0 after 128 steps
Step: 23 -  phi=0.42200000000000004, PE=9.029295361118161e-17 after 135 steps
Step: 24 -  phi=0.42300000000000004, PE=6.241187037588735e-18 after 124 steps
Step: 25 -  phi=0.42400000000000004, PE=4.285625878181613e-19 after 129 steps
Step: 26 -  phi=0.42500000000000004, PE=9.143194045380574e-17 after 151 steps
Step: 27 -  phi=0.42600000000000005, PE=5.561405236544172e-17 after 122 steps
Step: 28 -  phi=0.42700000000000005, PE=6.625495167805286e-17 after 131 steps
Step: 29 -  phi=0.42800000000000005, PE=1.6413655515697475e-17 after 115 steps
Step: 30 -  phi=0.42900000000000005, PE=3.29516426214489e-17 after 145 steps
Step: 31 -  phi=0.43000000000000005, PE=5.918915563509585e-17 after 131 steps
Step: 32 -  phi=0.43100000000000005, PE=0.0 after 119 steps
Step: 33 -  phi=0.43200000000000005, PE=0.0 after 117 steps
Step: 34 -  phi=0.43300000000000005, PE=0.0 after 122 steps
Step: 35 -  phi=0.43400000000000005, PE=5.484168727594298e-17 after 126 steps
Step: 36 -  phi=0.43500000000000005, PE=0.0 after 124 steps
Step: 37 -  phi=0.43600000000000005, PE=7.183020770441952e-17 after 136 steps
Step: 38 -  phi=0.43700000000000006, PE=0.0 after 126 steps
Step: 39 -  phi=0.43800000000000006, PE=6.834314934641796e-17 after 125 steps
Step: 40 -  phi=0.43900000000000006, PE=3.103621708273821e-17 after 115 steps
Step: 41 -  phi=0.44000000000000006, PE=0.0 after 118 steps
Step: 42 -  phi=0.44100000000000006, PE=1.1639488152516834e-17 after 145 steps
Step: 43 -  phi=0.44200000000000006, PE=0.0 after 117 steps
Step: 44 -  phi=0.44300000000000006, PE=2.7020120924721587e-17 after 142 steps
Step: 45 -  phi=0.44400000000000006, PE=0.0 after 128 steps
Step: 46 -  phi=0.44500000000000006, PE=9.909407227759087e-17 after 132 steps
Step: 47 -  phi=0.44600000000000006, PE=0.0 after 119 steps
Step: 48 -  phi=0.44700000000000006, PE=4.848076329797762e-18 after 136 steps
Step: 49 -  phi=0.44800000000000006, PE=0.0 after 123 steps
Step: 50 -  phi=0.44900000000000007, PE=0.0 after 112 steps
Step: 51 -  phi=0.45000000000000007, PE=4.692033795515835e-17 after 135 steps
Step: 52 -  phi=0.45100000000000007, PE=0.0 after 124 steps
Step: 53 -  phi=0.45200000000000007, PE=0.0 after 117 steps
Step: 54 -  phi=0.45300000000000007, PE=9.007725425705388e-17 after 139 steps
Step: 55 -  phi=0.45400000000000007, PE=2.1951718044813287e-17 after 137 steps
Step: 56 -  phi=0.45500000000000007, PE=0.0 after 125 steps
Step: 57 -  phi=0.45600000000000007, PE=0.0 after 127 steps
Step: 58 -  phi=0.4570000000000001, PE=0.0 after 119 steps
Step: 59 -  phi=0.4580000000000001, PE=0.0 after 119 steps
Step: 60 -  phi=0.4590000000000001, PE=0.0 after 125 steps
Step: 61 -  phi=0.4600000000000001, PE=7.804151532452959e-17 after 146 steps
Step: 62 -  phi=0.4610000000000001, PE=0.0 after 124 steps
Step: 63 -  phi=0.4620000000000001, PE=5.979966553928102e-17 after 146 steps
Step: 64 -  phi=0.4630000000000001, PE=2.3735130988579455e-17 after 123 steps
Step: 65 -  phi=0.4640000000000001, PE=1.3039204870005876e-17 after 151 steps
Step: 66 -  phi=0.4650000000000001, PE=9.787611297589572e-17 after 131 steps
Step: 67 -  phi=0.4660000000000001, PE=1.0132525265097867e-17 after 121 steps
Step: 68 -  phi=0.4670000000000001, PE=2.7428237943158588e-17 after 117 steps
Step: 69 -  phi=0.4680000000000001, PE=4.2056693043719874e-17 after 136 steps
Step: 70 -  phi=0.4690000000000001, PE=2.4020365369715027e-18 after 114 steps
Step: 71 -  phi=0.4700000000000001, PE=0.0 after 117 steps
Step: 72 -  phi=0.4710000000000001, PE=0.0 after 125 steps
Step: 73 -  phi=0.4720000000000001, PE=4.1897992422944644e-17 after 127 steps
Step: 74 -  phi=0.4730000000000001, PE=0.0 after 136 steps
Step: 75 -  phi=0.4740000000000001, PE=3.133102481198634e-19 after 116 steps
Step: 76 -  phi=0.4750000000000001, PE=7.28211888025087e-17 after 118 steps
Step: 77 -  phi=0.4760000000000001, PE=8.991335420434116e-17 after 143 steps
Step: 78 -  phi=0.4770000000000001, PE=4.8675822917838295e-17 after 130 steps
Step: 79 -  phi=0.4780000000000001, PE=0.0 after 126 steps
Step: 80 -  phi=0.4790000000000001, PE=2.0006896368459004e-17 after 119 steps
Step: 81 -  phi=0.4800000000000001, PE=1.6713146876480996e-17 after 119 steps
Step: 82 -  phi=0.4810000000000001, PE=3.671015453225021e-17 after 121 steps
Step: 83 -  phi=0.4820000000000001, PE=0.0 after 125 steps
Step: 84 -  phi=0.4830000000000001, PE=8.808103419370239e-17 after 123 steps
Step: 85 -  phi=0.4840000000000001, PE=0.0 after 122 steps
Step: 86 -  phi=0.4850000000000001, PE=6.216372118074565e-17 after 131 steps
Step: 87 -  phi=0.4860000000000001, PE=0.0 after 123 steps
Step: 88 -  phi=0.4870000000000001, PE=8.225858473056419e-17 after 130 steps
Step: 89 -  phi=0.4880000000000001, PE=7.218473050875859e-17 after 122 steps
Step: 90 -  phi=0.4890000000000001, PE=7.757207575713662e-17 after 127 steps
Step: 91 -  phi=0.4900000000000001, PE=0.0 after 116 steps
Step: 92 -  phi=0.4910000000000001, PE=2.247364552846457e-17 after 121 steps
Step: 93 -  phi=0.4920000000000001, PE=7.14487645243482e-17 after 116 steps
Step: 94 -  phi=0.4930000000000001, PE=0.0 after 122 steps
Step: 95 -  phi=0.4940000000000001, PE=0.0 after 122 steps
Step: 96 -  phi=0.4950000000000001, PE=0.0 after 123 steps
Step: 97 -  phi=0.4960000000000001, PE=0.0 after 104 steps
Step: 98 -  phi=0.4970000000000001, PE=0.0 after 124 steps
Step: 99 -  phi=0.4980000000000001, PE=8.221427551599e-17 after 152 steps
Step: 100 -  phi=0.4990000000000001, PE=5.0712503686774205e-17 after 141 steps
Step: 101 -  phi=0.5000000000000001, PE=2.3854203620698388e-17 after 120 steps
Step: 102 -  phi=0.5010000000000001, PE=7.725556369262217e-17 after 119 steps
Step: 103 -  phi=0.5020000000000001, PE=4.4560577036987704e-17 after 177 steps
Step: 104 -  phi=0.5030000000000001, PE=8.360802528094015e-18 after 132 steps
Step: 105 -  phi=0.5040000000000001, PE=0.0 after 124 steps
Step: 106 -  phi=0.5050000000000001, PE=4.160298110813283e-17 after 144 steps
Step: 107 -  phi=0.5060000000000001, PE=7.704529208799817e-18 after 135 steps
Step: 108 -  phi=0.5070000000000001, PE=0.0 after 116 steps
Step: 109 -  phi=0.5080000000000001, PE=0.0 after 126 steps
Step: 110 -  phi=0.5090000000000001, PE=0.0 after 129 steps
Step: 111 -  phi=0.5100000000000001, PE=0.0 after 126 steps
Step: 112 -  phi=0.5110000000000001, PE=0.0 after 133 steps
Step: 113 -  phi=0.5120000000000001, PE=7.109496576943738e-17 after 147 steps
Step: 114 -  phi=0.5130000000000001, PE=7.601092823451715e-17 after 122 steps
Step: 115 -  phi=0.5140000000000001, PE=0.0 after 127 steps
Step: 116 -  phi=0.5150000000000001, PE=9.521610278980202e-17 after 122 steps
Step: 117 -  phi=0.5160000000000001, PE=8.456963169134032e-17 after 128 steps
Step: 118 -  phi=0.5170000000000001, PE=7.14767441274051e-17 after 121 steps
Step: 119 -  phi=0.5180000000000001, PE=2.466499543187604e-17 after 116 steps
Step: 120 -  phi=0.5190000000000001, PE=2.7664113908890426e-17 after 137 steps
Step: 121 -  phi=0.5200000000000001, PE=2.159082586867612e-17 after 118 steps
Step: 122 -  phi=0.5210000000000001, PE=5.868374907445875e-17 after 146 steps
Step: 123 -  phi=0.5220000000000001, PE=8.386446029852562e-17 after 130 steps
Step: 124 -  phi=0.5230000000000001, PE=2.187203565047954e-17 after 153 steps
Step: 125 -  phi=0.5240000000000001, PE=3.911538455805204e-17 after 133 steps
Step: 126 -  phi=0.5250000000000001, PE=9.769537270015467e-17 after 150 steps
Step: 127 -  phi=0.5260000000000001, PE=2.0452342508263042e-17 after 140 steps
Step: 128 -  phi=0.5270000000000001, PE=7.329815502359123e-17 after 153 steps
Step: 129 -  phi=0.5280000000000001, PE=3.0451469536279926e-17 after 153 steps
Step: 130 -  phi=0.5290000000000001, PE=1.6395348630829305e-17 after 120 steps
Step: 131 -  phi=0.5300000000000001, PE=9.401071101025919e-17 after 144 steps
Step: 132 -  phi=0.5310000000000001, PE=8.863318528251036e-17 after 131 steps
Step: 133 -  phi=0.5320000000000001, PE=3.038383191407371e-20 after 151 steps
Step: 134 -  phi=0.5330000000000001, PE=7.864138739867907e-17 after 173 steps
Step: 135 -  phi=0.5340000000000001, PE=8.249355023032616e-17 after 161 steps
Step: 136 -  phi=0.5350000000000001, PE=8.51429780807688e-17 after 164 steps
Step: 137 -  phi=0.5360000000000001, PE=8.370507873224963e-17 after 180 steps
Step: 138 -  phi=0.5370000000000001, PE=0.0 after 168 steps
Step: 139 -  phi=0.5380000000000001, PE=9.953318514199936e-17 after 233 steps
Step: 140 -  phi=0.5390000000000001, PE=8.030837417993599e-17 after 202 steps
Step: 141 -  phi=0.5400000000000001, PE=1.5961100888609342e-18 after 166 steps
Step: 142 -  phi=0.5410000000000001, PE=0.0 after 176 steps
Step: 143 -  phi=0.5420000000000001, PE=8.120056947190914e-17 after 175 steps
Step: 144 -  phi=0.5430000000000001, PE=8.780838283679984e-17 after 183 steps
Step: 145 -  phi=0.5440000000000002, PE=2.815263934694483e-17 after 170 steps
Step: 146 -  phi=0.5450000000000002, PE=4.434017686276974e-17 after 163 steps
Step: 147 -  phi=0.5460000000000002, PE=3.819752135535664e-17 after 177 steps
Step: 148 -  phi=0.5470000000000002, PE=9.18259982413057e-17 after 195 steps
Step: 149 -  phi=0.5480000000000002, PE=6.779156474546692e-17 after 178 steps
Step: 150 -  phi=0.5490000000000002, PE=9.601314717841572e-17 after 205 steps
Step: 151 -  phi=0.5500000000000002, PE=8.668280361473494e-17 after 215 steps
Step: 152 -  phi=0.5510000000000002, PE=1.9899713172658363e-17 after 174 steps
Step: 153 -  phi=0.5520000000000002, PE=9.327077452686223e-17 after 172 steps
Step: 154 -  phi=0.5530000000000002, PE=9.136088060718476e-17 after 211 steps
Step: 155 -  phi=0.5540000000000002, PE=5.3046485276384985e-17 after 204 steps
Step: 156 -  phi=0.5550000000000002, PE=3.588961717432976e-17 after 201 steps
Step: 157 -  phi=0.5560000000000002, PE=7.875757030743126e-17 after 203 steps
Step: 158 -  phi=0.5570000000000002, PE=5.4654469791600317e-17 after 191 steps
Step: 159 -  phi=0.5580000000000002, PE=2.5457922860740376e-17 after 188 steps
Step: 160 -  phi=0.5590000000000002, PE=5.397804636549839e-17 after 170 steps
Step: 161 -  phi=0.5600000000000002, PE=7.51225509360579e-17 after 177 steps
Step: 162 -  phi=0.5610000000000002, PE=5.93372069395679e-17 after 175 steps
Step: 163 -  phi=0.5620000000000002, PE=1.3466627321663742e-17 after 159 steps
Step: 164 -  phi=0.5630000000000002, PE=8.8707485814683e-18 after 169 steps
Step: 165 -  phi=0.5640000000000002, PE=7.373341755991609e-17 after 165 steps
Step: 166 -  phi=0.5650000000000002, PE=0.0 after 158 steps
Step: 167 -  phi=0.5660000000000002, PE=7.332850848414666e-17 after 177 steps
Step: 168 -  phi=0.5670000000000002, PE=2.593501289228002e-19 after 169 steps
Step: 169 -  phi=0.5680000000000002, PE=8.579512998440443e-17 after 177 steps
Step: 170 -  phi=0.5690000000000002, PE=7.518524769071149e-17 after 175 steps
Step: 171 -  phi=0.5700000000000002, PE=0.0 after 155 steps
Step: 172 -  phi=0.5710000000000002, PE=9.627406517931918e-17 after 169 steps
Step: 173 -  phi=0.5720000000000002, PE=6.1016305518201054e-18 after 158 steps
Step: 174 -  phi=0.5730000000000002, PE=0.0 after 158 steps
Step: 175 -  phi=0.5740000000000002, PE=2.6353328452687964e-20 after 160 steps
Step: 176 -  phi=0.5750000000000002, PE=8.043375854737062e-17 after 180 steps
Step: 177 -  phi=0.5760000000000002, PE=2.791299333848488e-17 after 153 steps
Step: 178 -  phi=0.5770000000000002, PE=0.0 after 166 steps
Step: 179 -  phi=0.5780000000000002, PE=0.0 after 164 steps
Step: 180 -  phi=0.5790000000000002, PE=8.543774228851037e-17 after 188 steps
Step: 181 -  phi=0.5800000000000002, PE=8.254251348093454e-17 after 198 steps
Step: 182 -  phi=0.5810000000000002, PE=0.0 after 164 steps
Step: 183 -  phi=0.5820000000000002, PE=0.0 after 173 steps
Step: 184 -  phi=0.5830000000000002, PE=0.0 after 166 steps
Step: 185 -  phi=0.5840000000000002, PE=3.900787253873209e-17 after 170 steps
Step: 186 -  phi=0.5850000000000002, PE=1.1523765048389228e-17 after 167 steps
Step: 187 -  phi=0.5860000000000002, PE=1.4471925611107952e-17 after 176 steps
Step: 188 -  phi=0.5870000000000002, PE=9.831070022661065e-17 after 183 steps
Step: 189 -  phi=0.5880000000000002, PE=7.177932545288525e-17 after 161 steps
Step: 190 -  phi=0.5890000000000002, PE=1.8973524634382353e-17 after 189 steps
Step: 191 -  phi=0.5900000000000002, PE=0.0 after 166 steps
Step: 192 -  phi=0.5910000000000002, PE=7.742903018892002e-17 after 177 steps
Step: 193 -  phi=0.5920000000000002, PE=7.907764605166771e-17 after 178 steps
Step: 194 -  phi=0.5930000000000002, PE=7.18680989455819e-19 after 169 steps
Step: 195 -  phi=0.5940000000000002, PE=0.0 after 157 steps
Step: 196 -  phi=0.5950000000000002, PE=7.838894083466018e-17 after 165 steps
Step: 197 -  phi=0.5960000000000002, PE=3.755914242485812e-18 after 170 steps
Step: 198 -  phi=0.5970000000000002, PE=8.429356940062962e-17 after 174 steps
Step: 199 -  phi=0.5980000000000002, PE=0.0 after 153 steps
Step: 200 -  phi=0.5990000000000002, PE=7.745375710956931e-17 after 167 steps
Step: 201 -  phi=0.6000000000000002, PE=0.0 after 172 steps
Step: 202 -  phi=0.6010000000000002, PE=0.0 after 147 steps
Step: 203 -  phi=0.6020000000000002, PE=5.4168797964834577e-17 after 159 steps
Step: 204 -  phi=0.6030000000000002, PE=9.53240766949328e-17 after 173 steps
Step: 205 -  phi=0.6040000000000002, PE=6.991680347566814e-17 after 149 steps
Step: 206 -  phi=0.6050000000000002, PE=2.3254989677031012e-17 after 175 steps
Step: 207 -  phi=0.6060000000000002, PE=8.322761072640683e-17 after 160 steps
Step: 208 -  phi=0.6070000000000002, PE=5.556462601101394e-17 after 155 steps
Step: 209 -  phi=0.6080000000000002, PE=5.871028424435811e-17 after 162 steps
Step: 210 -  phi=0.6090000000000002, PE=0.0 after 154 steps
Step: 211 -  phi=0.6100000000000002, PE=8.905104315570435e-17 after 156 steps
Step: 212 -  phi=0.6110000000000002, PE=0.0 after 160 steps
Step: 213 -  phi=0.6120000000000002, PE=7.92657368448844e-17 after 147 steps
Step: 214 -  phi=0.6130000000000002, PE=0.0 after 168 steps
Step: 215 -  phi=0.6140000000000002, PE=6.575915142725882e-17 after 157 steps
Step: 216 -  phi=0.6150000000000002, PE=8.43635101403007e-17 after 168 steps
Step: 217 -  phi=0.6160000000000002, PE=8.036500684980234e-17 after 163 steps
Step: 218 -  phi=0.6170000000000002, PE=2.5811102921261016e-17 after 178 steps
Step: 219 -  phi=0.6180000000000002, PE=4.2278155584380454e-17 after 158 steps
Step: 220 -  phi=0.6190000000000002, PE=8.829805922066268e-17 after 166 steps
Step: 221 -  phi=0.6200000000000002, PE=8.178995953505808e-17 after 172 steps
Step: 222 -  phi=0.6210000000000002, PE=0.0 after 161 steps
Step: 223 -  phi=0.6220000000000002, PE=9.921473380631137e-17 after 168 steps
Step: 224 -  phi=0.6230000000000002, PE=6.068401628969256e-17 after 170 steps
Step: 225 -  phi=0.6240000000000002, PE=0.0 after 158 steps
Step: 226 -  phi=0.6250000000000002, PE=8.99194828437712e-17 after 179 steps
Step: 227 -  phi=0.6260000000000002, PE=2.029601974213093e-18 after 156 steps
Step: 228 -  phi=0.6270000000000002, PE=1.9092162073635418e-17 after 161 steps
Step: 229 -  phi=0.6280000000000002, PE=0.0 after 147 steps
Step: 230 -  phi=0.6290000000000002, PE=4.278435471077788e-17 after 175 steps
Step: 231 -  phi=0.6300000000000002, PE=0.0 after 183 steps
Step: 232 -  phi=0.6310000000000002, PE=1.1999371860376744e-17 after 164 steps
Step: 233 -  phi=0.6320000000000002, PE=0.0 after 175 steps
Step: 234 -  phi=0.6330000000000002, PE=7.964629345433196e-17 after 188 steps
Step: 235 -  phi=0.6340000000000002, PE=3.4958932650826174e-17 after 181 steps
Step: 236 -  phi=0.6350000000000002, PE=8.76207361767724e-17 after 173 steps
Step: 237 -  phi=0.6360000000000002, PE=5.829973669253915e-17 after 219 steps
Step: 238 -  phi=0.6370000000000002, PE=0.0 after 195 steps
Step: 239 -  phi=0.6380000000000002, PE=5.3584978620326924e-17 after 180 steps
Step: 240 -  phi=0.6390000000000002, PE=6.029039722639415e-17 after 181 steps
Step: 241 -  phi=0.6400000000000002, PE=0.0 after 189 steps
Step: 242 -  phi=0.6410000000000002, PE=3.3194829337295175e-17 after 183 steps
Step: 243 -  phi=0.6420000000000002, PE=8.471963429173811e-17 after 212 steps
Step: 244 -  phi=0.6430000000000002, PE=8.442768500414092e-17 after 189 steps
Step: 245 -  phi=0.6440000000000002, PE=1.545354254451911e-17 after 177 steps
Step: 246 -  phi=0.6450000000000002, PE=1.8417887744077383e-18 after 196 steps
Step: 247 -  phi=0.6460000000000002, PE=7.336642512824571e-17 after 195 steps
Step: 248 -  phi=0.6470000000000002, PE=9.744942833715417e-17 after 204 steps
Step: 249 -  phi=0.6480000000000002, PE=7.17703934911981e-17 after 219 steps
Step: 250 -  phi=0.6490000000000002, PE=2.4556160302695396e-17 after 208 steps
Step: 251 -  phi=0.6500000000000002, PE=9.847425335066817e-17 after 202 steps
Step: 252 -  phi=0.6510000000000002, PE=7.462712177205271e-17 after 200 steps
Step: 253 -  phi=0.6520000000000002, PE=7.659097984470718e-17 after 208 steps
Step: 254 -  phi=0.6530000000000002, PE=6.661098687640945e-17 after 204 steps
Step: 255 -  phi=0.6540000000000002, PE=5.5254956377892687e-17 after 192 steps
Step: 256 -  phi=0.6550000000000002, PE=0.0 after 209 steps
Step: 257 -  phi=0.6560000000000002, PE=8.0407560552174e-17 after 216 steps
Step: 258 -  phi=0.6570000000000003, PE=7.135634419815011e-17 after 226 steps
Step: 259 -  phi=0.6580000000000003, PE=5.4324786462911124e-18 after 198 steps
Step: 260 -  phi=0.6590000000000003, PE=9.679014732103702e-17 after 204 steps
Step: 261 -  phi=0.6600000000000003, PE=7.99233585276311e-17 after 218 steps
Step: 262 -  phi=0.6610000000000003, PE=9.967243773518085e-17 after 216 steps
Step: 263 -  phi=0.6620000000000003, PE=8.522306498643059e-17 after 237 steps
Step: 264 -  phi=0.6630000000000003, PE=9.239191082903223e-17 after 244 steps
Step: 265 -  phi=0.6640000000000003, PE=3.6574855580328905e-17 after 247 steps
Step: 266 -  phi=0.6650000000000003, PE=9.391839118036754e-17 after 239 steps
Step: 267 -  phi=0.6660000000000003, PE=5.539143551719038e-17 after 211 steps
Step: 268 -  phi=0.6670000000000003, PE=8.742556804786818e-17 after 250 steps
Step: 269 -  phi=0.6680000000000003, PE=9.100944235751815e-17 after 203 steps
Step: 270 -  phi=0.6690000000000003, PE=8.021917187112573e-17 after 211 steps
Step: 271 -  phi=0.6700000000000003, PE=4.8334338498972044e-18 after 211 steps
Step: 272 -  phi=0.6710000000000003, PE=9.965442312140668e-17 after 243 steps
Step: 273 -  phi=0.6720000000000003, PE=6.295560542943995e-17 after 233 steps
Step: 274 -  phi=0.6730000000000003, PE=8.81687290713234e-17 after 236 steps
Step: 275 -  phi=0.6740000000000003, PE=9.318845172644777e-17 after 229 steps
Step: 276 -  phi=0.6750000000000003, PE=8.439007512555938e-17 after 216 steps
Step: 277 -  phi=0.6760000000000003, PE=6.581414639697473e-17 after 219 steps
Step: 278 -  phi=0.6770000000000003, PE=8.984962774272683e-17 after 256 steps
Step: 279 -  phi=0.6780000000000003, PE=9.047766502316025e-17 after 248 steps
Step: 280 -  phi=0.6790000000000003, PE=4.219490449085594e-17 after 255 steps
Step: 281 -  phi=0.6800000000000003, PE=7.016231969674481e-17 after 256 steps
Step: 282 -  phi=0.6810000000000003, PE=4.64271215262035e-17 after 245 steps
Step: 283 -  phi=0.6820000000000003, PE=9.388865653823798e-17 after 237 steps
Step: 284 -  phi=0.6830000000000003, PE=6.900553522617823e-17 after 221 steps
Step: 285 -  phi=0.6840000000000003, PE=9.254008965081888e-17 after 264 steps
Step: 286 -  phi=0.6850000000000003, PE=0.0 after 252 steps
Step: 287 -  phi=0.6860000000000003, PE=7.027637226017353e-17 after 229 steps
Step: 288 -  phi=0.6870000000000003, PE=7.701102100652254e-17 after 229 steps
Step: 289 -  phi=0.6880000000000003, PE=3.725275149104899e-17 after 233 steps
Step: 290 -  phi=0.6890000000000003, PE=9.148186603851118e-17 after 250 steps
Step: 291 -  phi=0.6900000000000003, PE=8.740790934148092e-17 after 240 steps
Step: 292 -  phi=0.6910000000000003, PE=8.932125183554214e-17 after 255 steps
Step: 293 -  phi=0.6920000000000003, PE=9.859761907224196e-17 after 278 steps
Step: 294 -  phi=0.6930000000000003, PE=9.056051411080001e-17 after 262 steps
Step: 295 -  phi=0.6940000000000003, PE=8.930939429787238e-17 after 266 steps
Step: 296 -  phi=0.6950000000000003, PE=9.371607040250983e-17 after 262 steps
Step: 297 -  phi=0.6960000000000003, PE=1.6533085529473705e-17 after 240 steps
Step: 298 -  phi=0.6970000000000003, PE=9.615764798575968e-17 after 283 steps
Step: 299 -  phi=0.6980000000000003, PE=9.616373525077809e-17 after 249 steps
Step: 300 -  phi=0.6990000000000003, PE=9.954009277827971e-17 after 236 steps
Step: 301 -  phi=0.7000000000000003, PE=8.481832418798133e-17 after 255 steps
Step: 302 -  phi=0.7010000000000003, PE=7.420007513997992e-17 after 242 steps
Step: 303 -  phi=0.7020000000000003, PE=7.402233460486525e-17 after 237 steps
Step: 304 -  phi=0.7030000000000003, PE=7.927652640565261e-17 after 247 steps
Step: 305 -  phi=0.7040000000000003, PE=8.801879563627251e-17 after 247 steps
Step: 306 -  phi=0.7050000000000003, PE=9.7381667138731e-17 after 251 steps
Step: 307 -  phi=0.7060000000000003, PE=7.349081322239665e-17 after 242 steps
Step: 308 -  phi=0.7070000000000003, PE=8.184839071960541e-17 after 228 steps
Step: 309 -  phi=0.7080000000000003, PE=5.998976724614591e-17 after 257 steps
Step: 310 -  phi=0.7090000000000003, PE=8.69375868207034e-17 after 268 steps
Step: 311 -  phi=0.7100000000000003, PE=7.564425362814038e-17 after 244 steps
Step: 312 -  phi=0.7110000000000003, PE=2.998377023533339e-17 after 248 steps
Step: 313 -  phi=0.7120000000000003, PE=8.508915915790612e-17 after 261 steps
Step: 314 -  phi=0.7130000000000003, PE=9.227964989228927e-17 after 280 steps
Step: 315 -  phi=0.7140000000000003, PE=9.729824089556159e-17 after 307 steps
Step: 316 -  phi=0.7150000000000003, PE=7.578204170320697e-17 after 249 steps
Step: 317 -  phi=0.7160000000000003, PE=6.648546765274356e-17 after 256 steps
Step: 318 -  phi=0.7170000000000003, PE=9.625345590818373e-17 after 264 steps
Step: 319 -  phi=0.7180000000000003, PE=7.258216705767673e-17 after 255 steps
Step: 320 -  phi=0.7190000000000003, PE=3.1019803733461896e-17 after 248 steps
Step: 321 -  phi=0.7200000000000003, PE=8.669557227588855e-17 after 293 steps
Step: 322 -  phi=0.7210000000000003, PE=8.828494673811275e-17 after 330 steps
Step: 323 -  phi=0.7220000000000003, PE=7.245609557535513e-17 after 237 steps
Step: 324 -  phi=0.7230000000000003, PE=4.669943130871106e-17 after 244 steps
Step: 325 -  phi=0.7240000000000003, PE=6.333508413729493e-17 after 262 steps
Step: 326 -  phi=0.7250000000000003, PE=8.145073938496351e-17 after 272 steps
Step: 327 -  phi=0.7260000000000003, PE=9.51885784891609e-17 after 257 steps
Step: 328 -  phi=0.7270000000000003, PE=6.750597108209002e-17 after 253 steps
Step: 329 -  phi=0.7280000000000003, PE=3.2277616336341364e-17 after 265 steps
Step: 330 -  phi=0.7290000000000003, PE=9.799769973130055e-17 after 267 steps
Step: 331 -  phi=0.7300000000000003, PE=2.2947110119770398e-17 after 270 steps
Step: 332 -  phi=0.7310000000000003, PE=9.991520347443619e-17 after 270 steps
Step: 333 -  phi=0.7320000000000003, PE=8.255295648875595e-17 after 304 steps
Step: 334 -  phi=0.7330000000000003, PE=8.97214380901725e-17 after 270 steps
Step: 335 -  phi=0.7340000000000003, PE=6.174563373954814e-17 after 262 steps
Step: 336 -  phi=0.7350000000000003, PE=2.262175017787821e-17 after 250 steps
Step: 337 -  phi=0.7360000000000003, PE=8.410222036474125e-17 after 267 steps
Step: 338 -  phi=0.7370000000000003, PE=9.130691953488914e-17 after 319 steps
Step: 339 -  phi=0.7380000000000003, PE=7.199343307667846e-17 after 284 steps
Step: 340 -  phi=0.7390000000000003, PE=6.101999013072438e-17 after 276 steps
Step: 341 -  phi=0.7400000000000003, PE=9.84451882255012e-17 after 292 steps
Step: 342 -  phi=0.7410000000000003, PE=2.6950868204875698e-17 after 276 steps
Step: 343 -  phi=0.7420000000000003, PE=8.305541810810005e-17 after 260 steps
Step: 344 -  phi=0.7430000000000003, PE=7.769665940217183e-17 after 277 steps
Step: 345 -  phi=0.7440000000000003, PE=2.011451756689099e-17 after 259 steps
Step: 346 -  phi=0.7450000000000003, PE=9.35325242120621e-17 after 293 steps
Step: 347 -  phi=0.7460000000000003, PE=8.448560660678536e-17 after 408 steps
Step: 348 -  phi=0.7470000000000003, PE=8.464922243954019e-17 after 278 steps
Step: 349 -  phi=0.7480000000000003, PE=9.448360855785255e-17 after 302 steps
Step: 350 -  phi=0.7490000000000003, PE=8.759724220840633e-17 after 299 steps
Step: 351 -  phi=0.7500000000000003, PE=9.991911803610867e-17 after 299 steps
Step: 352 -  phi=0.7510000000000003, PE=9.139813799093969e-17 after 365 steps
Step: 353 -  phi=0.7520000000000003, PE=1.8992143017224437e-17 after 301 steps
Step: 354 -  phi=0.7530000000000003, PE=3.087370488049102e-17 after 371 steps
Step: 355 -  phi=0.7540000000000003, PE=9.920110159807297e-17 after 353 steps
Step: 356 -  phi=0.7550000000000003, PE=7.878543086922661e-17 after 317 steps
Step: 357 -  phi=0.7560000000000003, PE=8.2047588644447e-17 after 324 steps
Step: 358 -  phi=0.7570000000000003, PE=9.86039065468314e-17 after 374 steps
Step: 359 -  phi=0.7580000000000003, PE=5.843849366824851e-17 after 362 steps
Step: 360 -  phi=0.7590000000000003, PE=9.618331063481142e-17 after 398 steps
Step: 361 -  phi=0.7600000000000003, PE=5.369383325409064e-17 after 341 steps
Step: 362 -  phi=0.7610000000000003, PE=8.217697271812655e-17 after 335 steps
Step: 363 -  phi=0.7620000000000003, PE=9.944679918681781e-17 after 376 steps
Step: 364 -  phi=0.7630000000000003, PE=8.098568863049269e-17 after 347 steps
Step: 365 -  phi=0.7640000000000003, PE=6.738227600127724e-17 after 360 steps
Step: 366 -  phi=0.7650000000000003, PE=9.747666726583151e-17 after 351 steps
Step: 367 -  phi=0.7660000000000003, PE=8.225264935429166e-17 after 399 steps
Step: 368 -  phi=0.7670000000000003, PE=6.761003569124771e-17 after 356 steps
Step: 369 -  phi=0.7680000000000003, PE=6.920070750407102e-17 after 372 steps
Step: 370 -  phi=0.7690000000000003, PE=7.241188081827137e-17 after 353 steps
Step: 371 -  phi=0.7700000000000004, PE=8.848528530425224e-17 after 362 steps
Step: 372 -  phi=0.7710000000000004, PE=9.935399166934808e-17 after 385 steps
Step: 373 -  phi=0.7720000000000004, PE=9.712614246861431e-17 after 349 steps
Step: 374 -  phi=0.7730000000000004, PE=8.740648360385733e-17 after 395 steps
Step: 375 -  phi=0.7740000000000004, PE=9.978577052871896e-17 after 385 steps
Step: 376 -  phi=0.7750000000000004, PE=6.18803102954345e-17 after 423 steps
Step: 377 -  phi=0.7760000000000004, PE=3.480265093230023e-17 after 374 steps
Step: 378 -  phi=0.7770000000000004, PE=8.846360830556347e-17 after 379 steps
Step: 379 -  phi=0.7780000000000004, PE=9.191036381890978e-17 after 407 steps
Step: 380 -  phi=0.7790000000000004, PE=9.444063971617025e-17 after 416 steps
Step: 381 -  phi=0.7800000000000004, PE=8.858287538446097e-17 after 376 steps
Step: 382 -  phi=0.7810000000000004, PE=9.988542105312398e-17 after 425 steps
Step: 383 -  phi=0.7820000000000004, PE=8.102900371128045e-17 after 382 steps
Step: 384 -  phi=0.7830000000000004, PE=8.065071338600909e-17 after 424 steps
Step: 385 -  phi=0.7840000000000004, PE=9.528679963358326e-17 after 408 steps
Step: 386 -  phi=0.7850000000000004, PE=9.483968065195299e-17 after 611 steps
Step: 387 -  phi=0.7860000000000004, PE=9.663185341845182e-17 after 461 steps
Step: 388 -  phi=0.7870000000000004, PE=7.399950682282246e-17 after 474 steps
Step: 389 -  phi=0.7880000000000004, PE=4.952536521575977e-17 after 429 steps
Step: 390 -  phi=0.7890000000000004, PE=7.27788994917365e-17 after 470 steps
Step: 391 -  phi=0.7900000000000004, PE=9.966796130839656e-17 after 524 steps
Step: 392 -  phi=0.7910000000000004, PE=8.175739109401865e-17 after 488 steps
Step: 393 -  phi=0.7920000000000004, PE=6.56657262985884e-17 after 486 steps
Step: 394 -  phi=0.7930000000000004, PE=9.328031761538722e-17 after 612 steps
Step: 395 -  phi=0.7940000000000004, PE=6.76551143969771e-17 after 462 steps
Step: 396 -  phi=0.7950000000000004, PE=8.355167402526036e-17 after 458 steps
Step: 397 -  phi=0.7960000000000004, PE=9.773966104467415e-17 after 631 steps
Step: 398 -  phi=0.7970000000000004, PE=9.272631115105308e-17 after 753 steps
Step: 399 -  phi=0.7980000000000004, PE=9.90899858267815e-17 after 754 steps
Step: 400 -  phi=0.7990000000000004, PE=9.172663454538878e-17 after 492 steps
Step: 401 -  phi=0.8000000000000004, PE=9.567467786556358e-17 after 651 steps
Step: 402 -  phi=0.8010000000000004, PE=8.78509389198332e-17 after 593 steps
Step: 403 -  phi=0.8020000000000004, PE=9.954366679916509e-17 after 542 steps
Step: 404 -  phi=0.8030000000000004, PE=9.65447090493842e-17 after 662 steps
Step: 405 -  phi=0.8040000000000004, PE=9.071699263504327e-17 after 559 steps
Step: 406 -  phi=0.8050000000000004, PE=9.846968671971718e-17 after 594 steps
Step: 407 -  phi=0.8060000000000004, PE=8.248369454217148e-17 after 509 steps
Step: 408 -  phi=0.8070000000000004, PE=9.626710985984746e-17 after 576 steps
Step: 409 -  phi=0.8080000000000004, PE=9.201567146591063e-17 after 673 steps
Step: 410 -  phi=0.8090000000000004, PE=9.527430446286929e-17 after 942 steps
Step: 411 -  phi=0.8100000000000004, PE=9.495405704243636e-17 after 875 steps
Step: 412 -  phi=0.8110000000000004, PE=9.854592813410507e-17 after 1050 steps
Step: 413 -  phi=0.8120000000000004, PE=9.13196069312351e-17 after 1047 steps
Step: 414 -  phi=0.8130000000000004, PE=9.217845184823685e-17 after 748 steps
Step: 415 -  phi=0.8140000000000004, PE=9.64169903126255e-17 after 767 steps
Step: 416 -  phi=0.8150000000000004, PE=9.745585486882665e-17 after 814 steps
Step: 417 -  phi=0.8160000000000004, PE=8.810719050984812e-17 after 730 steps
Step: 418 -  phi=0.8170000000000004, PE=9.657209905694834e-17 after 929 steps
Step: 419 -  phi=0.8180000000000004, PE=9.933706221895959e-17 after 1034 steps
Step: 420 -  phi=0.8190000000000004, PE=9.799856694238547e-17 after 1066 steps
Step: 421 -  phi=0.8200000000000004, PE=9.751132637346495e-17 after 1194 steps
Step: 422 -  phi=0.8210000000000004, PE=9.541225558757828e-17 after 1406 steps
Step: 423 -  phi=0.8220000000000004, PE=9.721324020376862e-17 after 1572 steps
Step: 424 -  phi=0.8230000000000004, PE=9.722334494174083e-17 after 1683 steps
Step: 425 -  phi=0.8240000000000004, PE=9.760458482032551e-17 after 1687 steps
Step: 426 -  phi=0.8250000000000004, PE=9.780555676766398e-17 after 1283 steps
Step: 427 -  phi=0.8260000000000004, PE=9.891887716234282e-17 after 1997 steps
Step: 428 -  phi=0.8270000000000004, PE=9.943228186017054e-17 after 1337 steps
Step: 429 -  phi=0.8280000000000004, PE=9.853825766337777e-17 after 1938 steps
Step: 430 -  phi=0.8290000000000004, PE=9.763881762445406e-17 after 2394 steps
Step: 431 -  phi=0.8300000000000004, PE=9.879429421442809e-17 after 2246 steps
Step: 432 -  phi=0.8310000000000004, PE=9.52667774456741e-17 after 1933 steps
Step: 433 -  phi=0.8320000000000004, PE=9.801312212224154e-17 after 1427 steps
Step: 434 -  phi=0.8330000000000004, PE=9.629142496009316e-17 after 1514 steps
Step: 435 -  phi=0.8340000000000004, PE=9.89144495331285e-17 after 2021 steps
Step: 436 -  phi=0.8350000000000004, PE=9.807306920965797e-17 after 1070 steps
Step: 437 -  phi=0.8360000000000004, PE=9.447059750245076e-17 after 1848 steps
Step: 438 -  phi=0.8370000000000004, PE=8.94614353197975e-17 after 1253 steps
Step: 439 -  phi=0.8380000000000004, PE=9.752688310550494e-17 after 2364 steps
Step: 440 -  phi=0.8390000000000004, PE=9.633940349405887e-17 after 2387 steps
Step: 441 -  phi=0.8400000000000004, PE=9.758021570703967e-17 after 2833 steps
Step: 442 -  phi=0.8410000000000004, PE=9.753888053984125e-17 after 3126 steps
Step: 443 -  phi=0.8420000000000004, PE=9.907672875985363e-17 after 3457 steps
Step: 444 -  phi=0.8430000000000004, PE=9.868254262288393e-17 after 3788 steps
Step: 445 -  phi=0.8440000000000004, PE=9.947424063048784e-17 after 4996 steps
Step: 446 -  phi=0.8450000000000004, PE=9.987709277983465e-17 after 3340 steps
Step: 447 -  phi=0.8460000000000004, PE=9.84525029698705e-17 after 5769 steps
Step: 448 -  phi=0.8470000000000004, PE=9.954206509228209e-17 after 9245 steps
Step: 449 -  phi=0.8480000000000004, PE=9.98389050021182e-17 after 12704 steps
Step: 450 -  phi=0.8490000000000004, PE=9.998456005836698e-17 after 30341 steps
Step: 451 -  phi=0.8500000000000004, PE=9.984669572131881e-17 after 36491 steps
Step: 452 -  phi=0.8510000000000004, PE=9.991204310581168e-17 after 40906 steps
Step: 453 -  phi=0.8520000000000004, PE=9.999388372793814e-17 after 184817 steps
Step: 454 -  phi=0.8530000000000004, PE=3.2541453614606955e-10 after 716163 steps
Step: 455 -  phi=0.8525000000000005, PE=9.992633473069526e-17 after 96558 steps
Step: 456 -  phi=0.8527500000000005, PE=9.99960266596037e-17 after 245698 steps
Step: 457 -  phi=0.8528750000000005, PE=3.628515023092425e-10 after 307868 steps
Step: 458 -  phi=0.8528125000000004, PE=9.746680904155593e-11 after 348699 steps
Step: 459 -  phi=0.8527812500000005, PE=1.6763823702794655e-11 after 554362 steps
Step: 460 -  phi=0.8527656250000004, PE=1.4480009851262672e-12 after 686230 steps
Step: 461 -  phi=0.8527578125000004, PE=9.999910267793386e-17 after 578334 steps
Step: 462 -  phi=0.8527617187500004, PE=2.325131433050061e-13 after 1000000 steps
Step: 463 -  phi=0.8527597656250003, PE=1.8492177429024078e-14 after 1000000 steps
Step: 464 -  phi=0.8527587890625004, PE=9.99969335329996e-17 after 784707 steps
Step: 465 -  phi=0.8527592773437503, PE=2.6389612857064533e-15 after 1000000 steps
Step: 466 -  phi=0.8527590332031254, PE=1.0719976557886737e-16 after 1000000 steps
Step: 467 -  phi=0.8527589111328129, PE=9.99988881924646e-17 after 268419 steps
Step: 468 -  phi=0.8527589721679691, PE=9.999951340717503e-17 after 198372 steps
Step: 469 -  phi=0.8527590026855473, PE=9.999971415184471e-17 after 198685 steps
Step: 470 -  phi=0.8527590179443363, PE=9.999845362970812e-17 after 91305 steps
Step: 471 -  phi=0.8527590255737308, PE=9.999993116829335e-17 after 300813 steps
Step: 472 -  phi=0.8527590293884282, PE=9.999997128935937e-17 after 174628 steps
Step: 473 -  phi=0.8527590312957768, PE=9.999998977667323e-17 after 192756 steps
Step: 474 -  phi=0.8527590322494512, PE=9.99999894650299e-17 after 203094 steps
Step: 475 -  phi=0.8527590327262883, PE=9.999999425794781e-17 after 129557 steps
Step: 476 -  phi=0.8527590329647068, PE=9.999999059656596e-17 after 93373 steps
Step: 477 -  phi=0.8527590330839161, PE=9.999998966265162e-17 after 64703 steps
Step: 478 -  phi=0.8527590331435208, PE=9.999999879460121e-17 after 45977 steps
Jammed: phi = 0.852759, residual PE = 1.000e-16
