The following modules were not unloaded:
  (Use "module --force purge" to unload all):

  1) StdEnv
sys:1: RuntimeWarning: h5: callable: skipping callable field 'user_pre_step_actions' (<PjitFunction of <function _save_state_system at 0x147e306c3ba0>>); handle explicitly
sys:1: RuntimeWarning: h5: callable: skipping callable field 'user_post_step_actions' (<PjitFunction of <function _save_state_system at 0x147e306c3ba0>>); handle explicitly
/home/rg2248/analysis/summer-26/jam/thomson/jam2d-thomson.py:74: RuntimeWarning: h5: callable: skipping callable field '0' (<function fire.<locals>.init at 0x147d15f03100>); handle explicitly
  save(system, join(data_root, 'system.h5'))
/home/rg2248/analysis/summer-26/jam/thomson/jam2d-thomson.py:74: RuntimeWarning: h5: callable: skipping callable field '1' (<function fire.<locals>.update at 0x147d15f02fc0>); handle explicitly
  save(system, join(data_root, 'system.h5'))
Initial minimization took 0 steps.
Step: 1 -  phi=0.4, PE=0.0 after 0 steps
Step: 2 -  phi=0.401, PE=0.0 after 82 steps
Step: 3 -  phi=0.402, PE=2.4877732036905857e-18 after 132 steps
Step: 4 -  phi=0.403, PE=2.6090049862034467e-17 after 120 steps
Step: 5 -  phi=0.404, PE=0.0 after 110 steps
Step: 6 -  phi=0.405, PE=3.5103873130240174e-17 after 102 steps
Step: 7 -  phi=0.406, PE=6.122586651062964e-17 after 112 steps
Step: 8 -  phi=0.40700000000000003, PE=0.0 after 108 steps
Step: 9 -  phi=0.40800000000000003, PE=0.0 after 104 steps
Step: 10 -  phi=0.40900000000000003, PE=0.0 after 106 steps
Step: 11 -  phi=0.41000000000000003, PE=0.0 after 106 steps
Step: 12 -  phi=0.41100000000000003, PE=9.327190021502875e-17 after 112 steps
Step: 13 -  phi=0.41200000000000003, PE=7.332710348277437e-17 after 110 steps
Step: 14 -  phi=0.41300000000000003, PE=0.0 after 98 steps
Step: 15 -  phi=0.41400000000000003, PE=1.6517998685123932e-17 after 112 steps
Step: 16 -  phi=0.41500000000000004, PE=0.0 after 106 steps
Step: 17 -  phi=0.41600000000000004, PE=2.1581543981758558e-17 after 110 steps
Step: 18 -  phi=0.41700000000000004, PE=0.0 after 107 steps
Step: 19 -  phi=0.41800000000000004, PE=0.0 after 112 steps
Step: 20 -  phi=0.41900000000000004, PE=3.3892811513873486e-17 after 114 steps
Step: 21 -  phi=0.42000000000000004, PE=7.625923560049889e-17 after 165 steps
Step: 22 -  phi=0.42100000000000004, PE=4.6183304876751893e-17 after 110 steps
Step: 23 -  phi=0.42200000000000004, PE=1.1001481317023878e-17 after 99 steps
Step: 24 -  phi=0.42300000000000004, PE=1.0970770129229102e-17 after 110 steps
Step: 25 -  phi=0.42400000000000004, PE=0.0 after 108 steps
Step: 26 -  phi=0.42500000000000004, PE=2.3683174702367975e-18 after 95 steps
Step: 27 -  phi=0.42600000000000005, PE=2.315830995268447e-17 after 106 steps
Step: 28 -  phi=0.42700000000000005, PE=1.892697569810064e-17 after 106 steps
Step: 29 -  phi=0.42800000000000005, PE=9.374309129517098e-17 after 125 steps
Step: 30 -  phi=0.42900000000000005, PE=9.5205492366547e-17 after 118 steps
Step: 31 -  phi=0.43000000000000005, PE=7.434742913562316e-17 after 108 steps
Step: 32 -  phi=0.43100000000000005, PE=0.0 after 99 steps
Step: 33 -  phi=0.43200000000000005, PE=2.5055742210423968e-17 after 122 steps
Step: 34 -  phi=0.43300000000000005, PE=1.7561573650098953e-17 after 115 steps
Step: 35 -  phi=0.43400000000000005, PE=7.258074491398433e-17 after 132 steps
Step: 36 -  phi=0.43500000000000005, PE=2.6303965390725418e-17 after 127 steps
Step: 37 -  phi=0.43600000000000005, PE=2.3673828754303962e-17 after 114 steps
Step: 38 -  phi=0.43700000000000006, PE=7.78226573961942e-17 after 118 steps
Step: 39 -  phi=0.43800000000000006, PE=6.184887850037774e-17 after 105 steps
Step: 40 -  phi=0.43900000000000006, PE=1.3124893461381399e-17 after 121 steps
Step: 41 -  phi=0.44000000000000006, PE=0.0 after 115 steps
Step: 42 -  phi=0.44100000000000006, PE=3.001231171058335e-17 after 123 steps
Step: 43 -  phi=0.44200000000000006, PE=0.0 after 120 steps
Step: 44 -  phi=0.44300000000000006, PE=9.349685179404526e-17 after 119 steps
Step: 45 -  phi=0.44400000000000006, PE=3.9150497944613416e-17 after 145 steps
Step: 46 -  phi=0.44500000000000006, PE=0.0 after 116 steps
Step: 47 -  phi=0.44600000000000006, PE=0.0 after 120 steps
Step: 48 -  phi=0.44700000000000006, PE=0.0 after 116 steps
Step: 49 -  phi=0.44800000000000006, PE=7.463123988215875e-17 after 120 steps
Step: 50 -  phi=0.44900000000000007, PE=1.6585784281855797e-17 after 123 steps
Step: 51 -  phi=0.45000000000000007, PE=0.0 after 111 steps
Step: 52 -  phi=0.45100000000000007, PE=9.258661613091367e-17 after 125 steps
Step: 53 -  phi=0.45200000000000007, PE=6.207598299446016e-17 after 113 steps
Step: 54 -  phi=0.45300000000000007, PE=8.541729965915478e-17 after 112 steps
Step: 55 -  phi=0.45400000000000007, PE=8.885647382798956e-17 after 125 steps
Step: 56 -  phi=0.45500000000000007, PE=9.731904918777551e-17 after 125 steps
Step: 57 -  phi=0.45600000000000007, PE=9.492266249053621e-17 after 117 steps
Step: 58 -  phi=0.4570000000000001, PE=8.544361415255924e-17 after 114 steps
Step: 59 -  phi=0.4580000000000001, PE=1.8230728396110765e-17 after 98 steps
Step: 60 -  phi=0.4590000000000001, PE=1.1057679056813189e-20 after 113 steps
Step: 61 -  phi=0.4600000000000001, PE=0.0 after 115 steps
Step: 62 -  phi=0.4610000000000001, PE=1.7430379207673213e-17 after 122 steps
Step: 63 -  phi=0.4620000000000001, PE=7.61878821831552e-17 after 152 steps
Step: 64 -  phi=0.4630000000000001, PE=0.0 after 128 steps
Step: 65 -  phi=0.4640000000000001, PE=5.7515009942309e-17 after 117 steps
Step: 66 -  phi=0.4650000000000001, PE=1.142371782704047e-17 after 139 steps
Step: 67 -  phi=0.4660000000000001, PE=0.0 after 123 steps
Step: 68 -  phi=0.4670000000000001, PE=6.073768010961953e-17 after 118 steps
Step: 69 -  phi=0.4680000000000001, PE=1.4715018827643205e-17 after 104 steps
Step: 70 -  phi=0.4690000000000001, PE=0.0 after 108 steps
Step: 71 -  phi=0.4700000000000001, PE=0.0 after 104 steps
Step: 72 -  phi=0.4710000000000001, PE=8.041799429706483e-17 after 125 steps
Step: 73 -  phi=0.4720000000000001, PE=1.0872959219412147e-17 after 109 steps
Step: 74 -  phi=0.4730000000000001, PE=0.0 after 125 steps
Step: 75 -  phi=0.4740000000000001, PE=0.0 after 117 steps
Step: 76 -  phi=0.4750000000000001, PE=1.938118134846193e-17 after 124 steps
Step: 77 -  phi=0.4760000000000001, PE=8.418970403807573e-17 after 99 steps
Step: 78 -  phi=0.4770000000000001, PE=0.0 after 118 steps
Step: 79 -  phi=0.4780000000000001, PE=0.0 after 113 steps
Step: 80 -  phi=0.4790000000000001, PE=9.559057799763988e-17 after 136 steps
Step: 81 -  phi=0.4800000000000001, PE=0.0 after 111 steps
Step: 82 -  phi=0.4810000000000001, PE=0.0 after 119 steps
Step: 83 -  phi=0.4820000000000001, PE=0.0 after 112 steps
Step: 84 -  phi=0.4830000000000001, PE=0.0 after 115 steps
Step: 85 -  phi=0.4840000000000001, PE=2.081655157774379e-17 after 129 steps
Step: 86 -  phi=0.4850000000000001, PE=7.240780509707585e-17 after 121 steps
Step: 87 -  phi=0.4860000000000001, PE=5.185730123221707e-17 after 149 steps
Step: 88 -  phi=0.4870000000000001, PE=0.0 after 117 steps
Step: 89 -  phi=0.4880000000000001, PE=5.692946215760074e-17 after 120 steps
Step: 90 -  phi=0.4890000000000001, PE=2.2432973077567858e-17 after 123 steps
Step: 91 -  phi=0.4900000000000001, PE=9.659403866232164e-17 after 165 steps
Step: 92 -  phi=0.4910000000000001, PE=5.4505612181172275e-18 after 143 steps
Step: 93 -  phi=0.4920000000000001, PE=3.8932514801760945e-17 after 153 steps
Step: 94 -  phi=0.4930000000000001, PE=2.0463414735583395e-17 after 143 steps
Step: 95 -  phi=0.4940000000000001, PE=2.927475947976451e-17 after 156 steps
Step: 96 -  phi=0.4950000000000001, PE=1.61195369228946e-17 after 146 steps
Step: 97 -  phi=0.4960000000000001, PE=3.626366199109995e-17 after 141 steps
Step: 98 -  phi=0.4970000000000001, PE=9.623075301947296e-17 after 188 steps
Step: 99 -  phi=0.4980000000000001, PE=0.0 after 119 steps
Step: 100 -  phi=0.4990000000000001, PE=0.0 after 141 steps
Step: 101 -  phi=0.5000000000000001, PE=2.6456578395937842e-17 after 138 steps
Step: 102 -  phi=0.5010000000000001, PE=4.499521493814746e-17 after 151 steps
Step: 103 -  phi=0.5020000000000001, PE=5.3678101841841644e-17 after 152 steps
Step: 104 -  phi=0.5030000000000001, PE=5.918914667618183e-17 after 162 steps
Step: 105 -  phi=0.5040000000000001, PE=6.930196442810953e-17 after 138 steps
Step: 106 -  phi=0.5050000000000001, PE=3.2904683845721643e-18 after 136 steps
Step: 107 -  phi=0.5060000000000001, PE=3.1814008690095276e-17 after 133 steps
Step: 108 -  phi=0.5070000000000001, PE=9.027887063255968e-17 after 175 steps
Step: 109 -  phi=0.5080000000000001, PE=5.2722019461162035e-17 after 114 steps
Step: 110 -  phi=0.5090000000000001, PE=9.74964938222321e-17 after 129 steps
Step: 111 -  phi=0.5100000000000001, PE=8.106832429720223e-17 after 143 steps
Step: 112 -  phi=0.5110000000000001, PE=0.0 after 151 steps
Step: 113 -  phi=0.5120000000000001, PE=7.179664843176306e-18 after 130 steps
Step: 114 -  phi=0.5130000000000001, PE=8.535279328045753e-17 after 140 steps
Step: 115 -  phi=0.5140000000000001, PE=8.724941456682581e-18 after 151 steps
Step: 116 -  phi=0.5150000000000001, PE=8.754753168004136e-17 after 143 steps
Step: 117 -  phi=0.5160000000000001, PE=9.282903759590951e-17 after 173 steps
Step: 118 -  phi=0.5170000000000001, PE=5.3168451169678594e-17 after 153 steps
Step: 119 -  phi=0.5180000000000001, PE=8.883067928945138e-17 after 149 steps
Step: 120 -  phi=0.5190000000000001, PE=0.0 after 136 steps
Step: 121 -  phi=0.5200000000000001, PE=8.38148009316563e-17 after 166 steps
Step: 122 -  phi=0.5210000000000001, PE=4.914933934739633e-17 after 129 steps
Step: 123 -  phi=0.5220000000000001, PE=5.827746986418814e-17 after 149 steps
Step: 124 -  phi=0.5230000000000001, PE=9.717413287439521e-17 after 154 steps
Step: 125 -  phi=0.5240000000000001, PE=8.881247233168064e-17 after 185 steps
Step: 126 -  phi=0.5250000000000001, PE=2.032176524434392e-17 after 135 steps
Step: 127 -  phi=0.5260000000000001, PE=0.0 after 135 steps
Step: 128 -  phi=0.5270000000000001, PE=4.5162966612279476e-17 after 139 steps
Step: 129 -  phi=0.5280000000000001, PE=0.0 after 137 steps
Step: 130 -  phi=0.5290000000000001, PE=0.0 after 139 steps
Step: 131 -  phi=0.5300000000000001, PE=2.6209681848614242e-17 after 145 steps
Step: 132 -  phi=0.5310000000000001, PE=7.988830846139892e-17 after 150 steps
Step: 133 -  phi=0.5320000000000001, PE=7.395346889866935e-17 after 134 steps
Step: 134 -  phi=0.5330000000000001, PE=8.953800114800854e-17 after 141 steps
Step: 135 -  phi=0.5340000000000001, PE=8.768605788156941e-17 after 178 steps
Step: 136 -  phi=0.5350000000000001, PE=7.657278665139652e-17 after 153 steps
Step: 137 -  phi=0.5360000000000001, PE=4.4245028430284344e-17 after 133 steps
Step: 138 -  phi=0.5370000000000001, PE=0.0 after 134 steps
Step: 139 -  phi=0.5380000000000001, PE=0.0 after 123 steps
Step: 140 -  phi=0.5390000000000001, PE=8.171437820443165e-17 after 150 steps
Step: 141 -  phi=0.5400000000000001, PE=9.364412042209452e-17 after 139 steps
Step: 142 -  phi=0.5410000000000001, PE=0.0 after 136 steps
Step: 143 -  phi=0.5420000000000001, PE=9.490872432696381e-17 after 133 steps
Step: 144 -  phi=0.5430000000000001, PE=1.3907037963994732e-17 after 162 steps
Step: 145 -  phi=0.5440000000000002, PE=9.175342356870691e-17 after 139 steps
Step: 146 -  phi=0.5450000000000002, PE=3.873616329082409e-17 after 138 steps
Step: 147 -  phi=0.5460000000000002, PE=0.0 after 138 steps
Step: 148 -  phi=0.5470000000000002, PE=6.466438760201102e-17 after 140 steps
Step: 149 -  phi=0.5480000000000002, PE=6.683726580840082e-17 after 169 steps
Step: 150 -  phi=0.5490000000000002, PE=7.021014920273426e-17 after 152 steps
Step: 151 -  phi=0.5500000000000002, PE=4.5336119363917276e-18 after 148 steps
Step: 152 -  phi=0.5510000000000002, PE=6.466220656724467e-17 after 160 steps
Step: 153 -  phi=0.5520000000000002, PE=5.4780194375046175e-17 after 152 steps
Step: 154 -  phi=0.5530000000000002, PE=4.997485938426122e-17 after 155 steps
Step: 155 -  phi=0.5540000000000002, PE=1.4277528769875014e-17 after 169 steps
Step: 156 -  phi=0.5550000000000002, PE=9.197327223828147e-17 after 173 steps
Step: 157 -  phi=0.5560000000000002, PE=0.0 after 153 steps
Step: 158 -  phi=0.5570000000000002, PE=9.485418190625218e-17 after 174 steps
Step: 159 -  phi=0.5580000000000002, PE=3.1840631138193014e-18 after 156 steps
Step: 160 -  phi=0.5590000000000002, PE=6.855474257598222e-17 after 193 steps
Step: 161 -  phi=0.5600000000000002, PE=0.0 after 153 steps
Step: 162 -  phi=0.5610000000000002, PE=6.045142908688777e-17 after 146 steps
Step: 163 -  phi=0.5620000000000002, PE=0.0 after 180 steps
Step: 164 -  phi=0.5630000000000002, PE=5.659622956488412e-17 after 175 steps
Step: 165 -  phi=0.5640000000000002, PE=9.347553318409036e-17 after 194 steps
Step: 166 -  phi=0.5650000000000002, PE=9.523567509293523e-17 after 199 steps
Step: 167 -  phi=0.5660000000000002, PE=4.0908893794696924e-17 after 190 steps
Step: 168 -  phi=0.5670000000000002, PE=9.667059301572371e-17 after 190 steps
Step: 169 -  phi=0.5680000000000002, PE=8.060958842459064e-17 after 226 steps
Step: 170 -  phi=0.5690000000000002, PE=8.30816202773367e-17 after 193 steps
Step: 171 -  phi=0.5700000000000002, PE=9.809918912890947e-17 after 206 steps
Step: 172 -  phi=0.5710000000000002, PE=3.606759504721166e-17 after 189 steps
Step: 173 -  phi=0.5720000000000002, PE=8.069888671964329e-17 after 208 steps
Step: 174 -  phi=0.5730000000000002, PE=6.594666611041439e-17 after 236 steps
Step: 175 -  phi=0.5740000000000002, PE=6.815174878559082e-17 after 197 steps
Step: 176 -  phi=0.5750000000000002, PE=8.021223066500196e-17 after 219 steps
Step: 177 -  phi=0.5760000000000002, PE=8.261702768563779e-17 after 206 steps
Step: 178 -  phi=0.5770000000000002, PE=6.539710795840698e-17 after 210 steps
Step: 179 -  phi=0.5780000000000002, PE=2.837522067189946e-17 after 199 steps
Step: 180 -  phi=0.5790000000000002, PE=7.28377613779309e-17 after 198 steps
Step: 181 -  phi=0.5800000000000002, PE=5.493963843599935e-17 after 200 steps
Step: 182 -  phi=0.5810000000000002, PE=9.690986387890688e-17 after 193 steps
Step: 183 -  phi=0.5820000000000002, PE=0.0 after 179 steps
Step: 184 -  phi=0.5830000000000002, PE=9.192511293980915e-17 after 184 steps
Step: 185 -  phi=0.5840000000000002, PE=8.611864530700742e-17 after 220 steps
Step: 186 -  phi=0.5850000000000002, PE=0.0 after 192 steps
Step: 187 -  phi=0.5860000000000002, PE=8.729966623856538e-17 after 202 steps
Step: 188 -  phi=0.5870000000000002, PE=0.0 after 189 steps
Step: 189 -  phi=0.5880000000000002, PE=0.0 after 171 steps
Step: 190 -  phi=0.5890000000000002, PE=0.0 after 177 steps
Step: 191 -  phi=0.5900000000000002, PE=5.615173892389338e-17 after 206 steps
Step: 192 -  phi=0.5910000000000002, PE=6.71372806222712e-17 after 166 steps
Step: 193 -  phi=0.5920000000000002, PE=7.416875756154963e-17 after 197 steps
Step: 194 -  phi=0.5930000000000002, PE=5.19992357495857e-17 after 163 steps
Step: 195 -  phi=0.5940000000000002, PE=6.464100721317221e-17 after 178 steps
Step: 196 -  phi=0.5950000000000002, PE=2.090057295383042e-17 after 188 steps
Step: 197 -  phi=0.5960000000000002, PE=0.0 after 164 steps
Step: 198 -  phi=0.5970000000000002, PE=5.824125796928476e-17 after 193 steps
Step: 199 -  phi=0.5980000000000002, PE=9.378206330422267e-17 after 203 steps
Step: 200 -  phi=0.5990000000000002, PE=0.0 after 189 steps
Step: 201 -  phi=0.6000000000000002, PE=0.0 after 168 steps
Step: 202 -  phi=0.6010000000000002, PE=2.7841500019050973e-17 after 176 steps
Step: 203 -  phi=0.6020000000000002, PE=3.059605274769362e-17 after 171 steps
Step: 204 -  phi=0.6030000000000002, PE=5.434163214993297e-17 after 183 steps
Step: 205 -  phi=0.6040000000000002, PE=6.451490191109123e-17 after 182 steps
Step: 206 -  phi=0.6050000000000002, PE=7.505701914745923e-17 after 215 steps
Step: 207 -  phi=0.6060000000000002, PE=8.079319387357158e-17 after 181 steps
Step: 208 -  phi=0.6070000000000002, PE=7.406079451716031e-17 after 191 steps
Step: 209 -  phi=0.6080000000000002, PE=8.969089075136364e-17 after 207 steps
Step: 210 -  phi=0.6090000000000002, PE=9.37109319934437e-17 after 205 steps
Step: 211 -  phi=0.6100000000000002, PE=8.039132791322083e-17 after 183 steps
Step: 212 -  phi=0.6110000000000002, PE=1.8059067043766735e-17 after 194 steps
Step: 213 -  phi=0.6120000000000002, PE=9.399293938629983e-17 after 204 steps
Step: 214 -  phi=0.6130000000000002, PE=0.0 after 195 steps
Step: 215 -  phi=0.6140000000000002, PE=0.0 after 205 steps
Step: 216 -  phi=0.6150000000000002, PE=3.230720350593528e-17 after 203 steps
Step: 217 -  phi=0.6160000000000002, PE=0.0 after 183 steps
Step: 218 -  phi=0.6170000000000002, PE=9.052201467193427e-17 after 233 steps
Step: 219 -  phi=0.6180000000000002, PE=8.518602610430898e-17 after 195 steps
Step: 220 -  phi=0.6190000000000002, PE=2.907142310492858e-17 after 205 steps
Step: 221 -  phi=0.6200000000000002, PE=4.266288750469711e-17 after 220 steps
Step: 222 -  phi=0.6210000000000002, PE=7.948849705688174e-17 after 190 steps
Step: 223 -  phi=0.6220000000000002, PE=3.65335848497533e-17 after 198 steps
Step: 224 -  phi=0.6230000000000002, PE=8.24402509649972e-17 after 213 steps
Step: 225 -  phi=0.6240000000000002, PE=6.991368918463656e-17 after 211 steps
Step: 226 -  phi=0.6250000000000002, PE=7.93835221029894e-17 after 220 steps
Step: 227 -  phi=0.6260000000000002, PE=8.884815684430257e-17 after 211 steps
Step: 228 -  phi=0.6270000000000002, PE=9.969570414374455e-17 after 196 steps
Step: 229 -  phi=0.6280000000000002, PE=0.0 after 208 steps
Step: 230 -  phi=0.6290000000000002, PE=8.802068634742618e-17 after 214 steps
Step: 231 -  phi=0.6300000000000002, PE=9.810816437509777e-17 after 201 steps
Step: 232 -  phi=0.6310000000000002, PE=6.967796956173032e-17 after 183 steps
Step: 233 -  phi=0.6320000000000002, PE=2.4825486775170217e-17 after 223 steps
Step: 234 -  phi=0.6330000000000002, PE=0.0 after 196 steps
Step: 235 -  phi=0.6340000000000002, PE=4.602347332406403e-17 after 211 steps
Step: 236 -  phi=0.6350000000000002, PE=5.0070830015710144e-17 after 198 steps
Step: 237 -  phi=0.6360000000000002, PE=9.626314753530766e-17 after 224 steps
Step: 238 -  phi=0.6370000000000002, PE=8.603990452618022e-17 after 217 steps
Step: 239 -  phi=0.6380000000000002, PE=9.673265305927912e-17 after 205 steps
Step: 240 -  phi=0.6390000000000002, PE=8.240022517021735e-17 after 225 steps
Step: 241 -  phi=0.6400000000000002, PE=9.939473742415075e-17 after 215 steps
Step: 242 -  phi=0.6410000000000002, PE=8.059704744326401e-17 after 200 steps
Step: 243 -  phi=0.6420000000000002, PE=9.439825881936773e-17 after 212 steps
Step: 244 -  phi=0.6430000000000002, PE=4.8630928018439566e-17 after 243 steps
Step: 245 -  phi=0.6440000000000002, PE=9.52373063598738e-17 after 223 steps
Step: 246 -  phi=0.6450000000000002, PE=6.388115579155258e-17 after 212 steps
Step: 247 -  phi=0.6460000000000002, PE=9.773204396679787e-17 after 218 steps
Step: 248 -  phi=0.6470000000000002, PE=8.540188148689371e-17 after 215 steps
Step: 249 -  phi=0.6480000000000002, PE=4.1473754329651395e-17 after 213 steps
Step: 250 -  phi=0.6490000000000002, PE=6.966032854549254e-17 after 214 steps
Step: 251 -  phi=0.6500000000000002, PE=1.693179754888852e-17 after 210 steps
Step: 252 -  phi=0.6510000000000002, PE=4.5499670830609215e-18 after 204 steps
Step: 253 -  phi=0.6520000000000002, PE=7.936947369332523e-17 after 226 steps
Step: 254 -  phi=0.6530000000000002, PE=7.864852184321015e-17 after 211 steps
Step: 255 -  phi=0.6540000000000002, PE=0.0 after 226 steps
Step: 256 -  phi=0.6550000000000002, PE=0.0 after 233 steps
Step: 257 -  phi=0.6560000000000002, PE=8.917323493708255e-17 after 233 steps
Step: 258 -  phi=0.6570000000000003, PE=3.343700994713057e-17 after 230 steps
Step: 259 -  phi=0.6580000000000003, PE=0.0 after 227 steps
Step: 260 -  phi=0.6590000000000003, PE=3.8121437042996254e-17 after 222 steps
Step: 261 -  phi=0.6600000000000003, PE=8.609652538454631e-17 after 236 steps
Step: 262 -  phi=0.6610000000000003, PE=6.886838631158242e-17 after 217 steps
Step: 263 -  phi=0.6620000000000003, PE=7.87320560077691e-17 after 227 steps
Step: 264 -  phi=0.6630000000000003, PE=0.0 after 214 steps
Step: 265 -  phi=0.6640000000000003, PE=4.2298241491201415e-17 after 216 steps
Step: 266 -  phi=0.6650000000000003, PE=1.491283455510244e-17 after 218 steps
Step: 267 -  phi=0.6660000000000003, PE=6.13911224078623e-17 after 245 steps
Step: 268 -  phi=0.6670000000000003, PE=7.819598839056718e-17 after 211 steps
Step: 269 -  phi=0.6680000000000003, PE=0.0 after 237 steps
Step: 270 -  phi=0.6690000000000003, PE=9.292170714654915e-17 after 267 steps
Step: 271 -  phi=0.6700000000000003, PE=9.796795930500885e-17 after 252 steps
Step: 272 -  phi=0.6710000000000003, PE=8.69284566169594e-17 after 227 steps
Step: 273 -  phi=0.6720000000000003, PE=0.0 after 235 steps
Step: 274 -  phi=0.6730000000000003, PE=0.0 after 232 steps
Step: 275 -  phi=0.6740000000000003, PE=8.493909778414941e-17 after 229 steps
Step: 276 -  phi=0.6750000000000003, PE=8.080595319072148e-17 after 221 steps
Step: 277 -  phi=0.6760000000000003, PE=8.933734630915782e-17 after 237 steps
Step: 278 -  phi=0.6770000000000003, PE=8.241406606827758e-17 after 233 steps
Step: 279 -  phi=0.6780000000000003, PE=0.0 after 225 steps
Step: 280 -  phi=0.6790000000000003, PE=8.769360396365424e-17 after 228 steps
Step: 281 -  phi=0.6800000000000003, PE=9.662174133535735e-17 after 235 steps
Step: 282 -  phi=0.6810000000000003, PE=7.886221576658613e-17 after 233 steps
Step: 283 -  phi=0.6820000000000003, PE=7.477448004910609e-17 after 246 steps
Step: 284 -  phi=0.6830000000000003, PE=3.293955808503775e-17 after 205 steps
Step: 285 -  phi=0.6840000000000003, PE=8.477546212405961e-17 after 230 steps
Step: 286 -  phi=0.6850000000000003, PE=7.711628471423086e-17 after 231 steps
Step: 287 -  phi=0.6860000000000003, PE=8.308037426068486e-17 after 222 steps
Step: 288 -  phi=0.6870000000000003, PE=8.968549194802084e-17 after 229 steps
Step: 289 -  phi=0.6880000000000003, PE=9.460709326007937e-17 after 234 steps
Step: 290 -  phi=0.6890000000000003, PE=6.20760340341434e-17 after 214 steps
Step: 291 -  phi=0.6900000000000003, PE=8.368137865659875e-17 after 217 steps
Step: 292 -  phi=0.6910000000000003, PE=9.85189375495187e-17 after 234 steps
Step: 293 -  phi=0.6920000000000003, PE=9.827246676303472e-17 after 249 steps
Step: 294 -  phi=0.6930000000000003, PE=9.059358343246088e-18 after 235 steps
Step: 295 -  phi=0.6940000000000003, PE=9.467427252751569e-17 after 257 steps
Step: 296 -  phi=0.6950000000000003, PE=4.135588110205695e-17 after 232 steps
Step: 297 -  phi=0.6960000000000003, PE=4.18107673815844e-17 after 228 steps
Step: 298 -  phi=0.6970000000000003, PE=3.178188706173389e-17 after 214 steps
Step: 299 -  phi=0.6980000000000003, PE=9.207700763569119e-17 after 237 steps
Step: 300 -  phi=0.6990000000000003, PE=7.295538522241205e-17 after 228 steps
Step: 301 -  phi=0.7000000000000003, PE=0.0 after 216 steps
Step: 302 -  phi=0.7010000000000003, PE=4.1163666505768636e-17 after 218 steps
Step: 303 -  phi=0.7020000000000003, PE=6.854820466520566e-17 after 239 steps
Step: 304 -  phi=0.7030000000000003, PE=8.991941485622138e-17 after 246 steps
Step: 305 -  phi=0.7040000000000003, PE=8.804324180061318e-17 after 254 steps
Step: 306 -  phi=0.7050000000000003, PE=3.9634363000472204e-17 after 239 steps
Step: 307 -  phi=0.7060000000000003, PE=8.777042751497299e-17 after 243 steps
Step: 308 -  phi=0.7070000000000003, PE=0.0 after 222 steps
Step: 309 -  phi=0.7080000000000003, PE=1.3628129250898515e-17 after 231 steps
Step: 310 -  phi=0.7090000000000003, PE=8.73616078681481e-17 after 265 steps
Step: 311 -  phi=0.7100000000000003, PE=9.868842352910035e-17 after 238 steps
Step: 312 -  phi=0.7110000000000003, PE=9.878080039798623e-17 after 288 steps
Step: 313 -  phi=0.7120000000000003, PE=8.590184834591645e-17 after 276 steps
Step: 314 -  phi=0.7130000000000003, PE=8.484056622683107e-17 after 253 steps
Step: 315 -  phi=0.7140000000000003, PE=2.1973801322404303e-17 after 249 steps
Step: 316 -  phi=0.7150000000000003, PE=9.926151055098621e-17 after 293 steps
Step: 317 -  phi=0.7160000000000003, PE=5.251918109140125e-17 after 285 steps
Step: 318 -  phi=0.7170000000000003, PE=8.045119161536304e-17 after 283 steps
Step: 319 -  phi=0.7180000000000003, PE=9.858385826489803e-17 after 276 steps
Step: 320 -  phi=0.7190000000000003, PE=7.541212350287122e-17 after 283 steps
Step: 321 -  phi=0.7200000000000003, PE=5.400120974244864e-17 after 276 steps
Step: 322 -  phi=0.7210000000000003, PE=8.65641294081304e-17 after 289 steps
Step: 323 -  phi=0.7220000000000003, PE=9.469104245356836e-17 after 274 steps
Step: 324 -  phi=0.7230000000000003, PE=8.600110688594282e-17 after 303 steps
Step: 325 -  phi=0.7240000000000003, PE=7.889271075017411e-17 after 284 steps
Step: 326 -  phi=0.7250000000000003, PE=7.348813052810887e-19 after 259 steps
Step: 327 -  phi=0.7260000000000003, PE=7.111213641004635e-17 after 302 steps
Step: 328 -  phi=0.7270000000000003, PE=7.889866902657674e-17 after 264 steps
Step: 329 -  phi=0.7280000000000003, PE=6.647868369828746e-17 after 270 steps
Step: 330 -  phi=0.7290000000000003, PE=9.641218659667217e-17 after 307 steps
Step: 331 -  phi=0.7300000000000003, PE=7.955357484404855e-17 after 269 steps
Step: 332 -  phi=0.7310000000000003, PE=9.969294815845018e-17 after 278 steps
Step: 333 -  phi=0.7320000000000003, PE=8.33530591956447e-17 after 272 steps
Step: 334 -  phi=0.7330000000000003, PE=9.754067702114291e-17 after 263 steps
Step: 335 -  phi=0.7340000000000003, PE=3.302386238376423e-17 after 280 steps
Step: 336 -  phi=0.7350000000000003, PE=9.580025278530179e-17 after 275 steps
Step: 337 -  phi=0.7360000000000003, PE=5.30187918407912e-17 after 267 steps
Step: 338 -  phi=0.7370000000000003, PE=6.200225496685794e-17 after 273 steps
Step: 339 -  phi=0.7380000000000003, PE=8.210840110420349e-17 after 264 steps
Step: 340 -  phi=0.7390000000000003, PE=6.121008916769508e-17 after 256 steps
Step: 341 -  phi=0.7400000000000003, PE=6.255843914059003e-17 after 274 steps
Step: 342 -  phi=0.7410000000000003, PE=9.079945908336968e-17 after 264 steps
Step: 343 -  phi=0.7420000000000003, PE=7.135659899164626e-17 after 250 steps
Step: 344 -  phi=0.7430000000000003, PE=7.093783733426344e-17 after 257 steps
Step: 345 -  phi=0.7440000000000003, PE=8.635683248562078e-17 after 285 steps
Step: 346 -  phi=0.7450000000000003, PE=5.24644120794434e-17 after 260 steps
Step: 347 -  phi=0.7460000000000003, PE=9.922092795822422e-17 after 319 steps
Step: 348 -  phi=0.7470000000000003, PE=7.98147449390883e-17 after 314 steps
Step: 349 -  phi=0.7480000000000003, PE=5.1443517885907346e-17 after 284 steps
Step: 350 -  phi=0.7490000000000003, PE=9.423510293230351e-17 after 303 steps
Step: 351 -  phi=0.7500000000000003, PE=9.572942999277176e-17 after 324 steps
Step: 352 -  phi=0.7510000000000003, PE=3.032960802174834e-17 after 293 steps
Step: 353 -  phi=0.7520000000000003, PE=8.996264537468598e-17 after 328 steps
Step: 354 -  phi=0.7530000000000003, PE=6.070122405364226e-17 after 301 steps
Step: 355 -  phi=0.7540000000000003, PE=9.458721645558951e-17 after 301 steps
Step: 356 -  phi=0.7550000000000003, PE=8.684012235239764e-17 after 277 steps
Step: 357 -  phi=0.7560000000000003, PE=9.565534777406037e-17 after 357 steps
Step: 358 -  phi=0.7570000000000003, PE=9.159464082972014e-17 after 355 steps
Step: 359 -  phi=0.7580000000000003, PE=9.577826513524062e-17 after 289 steps
Step: 360 -  phi=0.7590000000000003, PE=6.14609278075999e-17 after 316 steps
Step: 361 -  phi=0.7600000000000003, PE=8.484926157887936e-17 after 314 steps
Step: 362 -  phi=0.7610000000000003, PE=7.466353255934382e-17 after 317 steps
Step: 363 -  phi=0.7620000000000003, PE=8.899455635145435e-17 after 418 steps
Step: 364 -  phi=0.7630000000000003, PE=9.741684341616203e-17 after 362 steps
Step: 365 -  phi=0.7640000000000003, PE=5.2503549531710514e-17 after 347 steps
Step: 366 -  phi=0.7650000000000003, PE=7.721680074092878e-17 after 338 steps
Step: 367 -  phi=0.7660000000000003, PE=9.066622280921674e-17 after 331 steps
Step: 368 -  phi=0.7670000000000003, PE=5.639999580310839e-17 after 302 steps
Step: 369 -  phi=0.7680000000000003, PE=9.596406452767262e-17 after 342 steps
Step: 370 -  phi=0.7690000000000003, PE=6.268453955759406e-17 after 347 steps
Step: 371 -  phi=0.7700000000000004, PE=9.823896039028385e-17 after 408 steps
Step: 372 -  phi=0.7710000000000004, PE=8.511303169743264e-17 after 346 steps
Step: 373 -  phi=0.7720000000000004, PE=8.616646125851493e-17 after 368 steps
Step: 374 -  phi=0.7730000000000004, PE=5.0321751759407203e-17 after 345 steps
Step: 375 -  phi=0.7740000000000004, PE=6.802131229798658e-17 after 373 steps
Step: 376 -  phi=0.7750000000000004, PE=9.305945289633639e-17 after 338 steps
Step: 377 -  phi=0.7760000000000004, PE=9.493024920963542e-17 after 437 steps
Step: 378 -  phi=0.7770000000000004, PE=8.594854913012458e-17 after 473 steps
Step: 379 -  phi=0.7780000000000004, PE=9.58258045727319e-17 after 354 steps
Step: 380 -  phi=0.7790000000000004, PE=7.236355629186837e-17 after 363 steps
Step: 381 -  phi=0.7800000000000004, PE=1.9521066974609962e-17 after 390 steps
Step: 382 -  phi=0.7810000000000004, PE=9.159948972505839e-17 after 400 steps
Step: 383 -  phi=0.7820000000000004, PE=9.630352425173591e-17 after 419 steps
Step: 384 -  phi=0.7830000000000004, PE=8.659171280629134e-17 after 388 steps
Step: 385 -  phi=0.7840000000000004, PE=8.902978469717321e-17 after 454 steps
Step: 386 -  phi=0.7850000000000004, PE=9.571337450689942e-17 after 420 steps
Step: 387 -  phi=0.7860000000000004, PE=9.191919821203146e-17 after 460 steps
Step: 388 -  phi=0.7870000000000004, PE=9.402664476884473e-17 after 414 steps
Step: 389 -  phi=0.7880000000000004, PE=9.815891800355497e-17 after 570 steps
Step: 390 -  phi=0.7890000000000004, PE=9.246146396730312e-17 after 436 steps
Step: 391 -  phi=0.7900000000000004, PE=8.428223136425307e-17 after 446 steps
Step: 392 -  phi=0.7910000000000004, PE=9.49750619092252e-17 after 450 steps
Step: 393 -  phi=0.7920000000000004, PE=8.502072571412373e-17 after 440 steps
Step: 394 -  phi=0.7930000000000004, PE=9.274010999869867e-17 after 477 steps
Step: 395 -  phi=0.7940000000000004, PE=9.077665311688879e-17 after 499 steps
Step: 396 -  phi=0.7950000000000004, PE=8.846068987703314e-17 after 476 steps
Step: 397 -  phi=0.7960000000000004, PE=9.922103555648319e-17 after 468 steps
Step: 398 -  phi=0.7970000000000004, PE=9.16283815123964e-17 after 453 steps
Step: 399 -  phi=0.7980000000000004, PE=9.195192857966197e-17 after 442 steps
Step: 400 -  phi=0.7990000000000004, PE=9.527463646147398e-17 after 439 steps
Step: 401 -  phi=0.8000000000000004, PE=9.533370583997437e-17 after 428 steps
Step: 402 -  phi=0.8010000000000004, PE=9.725862666519511e-17 after 455 steps
Step: 403 -  phi=0.8020000000000004, PE=7.610475481934729e-17 after 441 steps
Step: 404 -  phi=0.8030000000000004, PE=8.40414042183636e-17 after 439 steps
Step: 405 -  phi=0.8040000000000004, PE=9.496998796855722e-17 after 488 steps
Step: 406 -  phi=0.8050000000000004, PE=9.150582267097433e-17 after 476 steps
Step: 407 -  phi=0.8060000000000004, PE=9.128995224573631e-17 after 431 steps
Step: 408 -  phi=0.8070000000000004, PE=9.571629154900095e-17 after 487 steps
Step: 409 -  phi=0.8080000000000004, PE=4.424808205597947e-17 after 539 steps
Step: 410 -  phi=0.8090000000000004, PE=9.640916117908847e-17 after 525 steps
Step: 411 -  phi=0.8100000000000004, PE=9.023053224916866e-17 after 598 steps
Step: 412 -  phi=0.8110000000000004, PE=9.962226161690201e-17 after 558 steps
Step: 413 -  phi=0.8120000000000004, PE=9.889423500955581e-17 after 491 steps
Step: 414 -  phi=0.8130000000000004, PE=9.60578186065343e-17 after 627 steps
Step: 415 -  phi=0.8140000000000004, PE=9.233293277949525e-17 after 558 steps
Step: 416 -  phi=0.8150000000000004, PE=6.903066251747257e-17 after 602 steps
Step: 417 -  phi=0.8160000000000004, PE=8.814730571227183e-17 after 600 steps
Step: 418 -  phi=0.8170000000000004, PE=9.575813208175132e-17 after 583 steps
Step: 419 -  phi=0.8180000000000004, PE=6.060733607984217e-17 after 553 steps
Step: 420 -  phi=0.8190000000000004, PE=8.535508488229942e-17 after 567 steps
Step: 421 -  phi=0.8200000000000004, PE=7.687839288701505e-17 after 500 steps
Step: 422 -  phi=0.8210000000000004, PE=8.589992472635076e-17 after 540 steps
Step: 423 -  phi=0.8220000000000004, PE=8.784447373222795e-17 after 667 steps
Step: 424 -  phi=0.8230000000000004, PE=9.605197770613778e-17 after 617 steps
Step: 425 -  phi=0.8240000000000004, PE=9.59324789059801e-17 after 578 steps
Step: 426 -  phi=0.8250000000000004, PE=8.985248776701534e-17 after 656 steps
Step: 427 -  phi=0.8260000000000004, PE=9.958155587760548e-17 after 676 steps
Step: 428 -  phi=0.8270000000000004, PE=9.65748027875255e-17 after 933 steps
Step: 429 -  phi=0.8280000000000004, PE=9.121190224661978e-17 after 1116 steps
Step: 430 -  phi=0.8290000000000004, PE=9.419724596782477e-17 after 1148 steps
Step: 431 -  phi=0.8300000000000004, PE=9.706063832657863e-17 after 875 steps
Step: 432 -  phi=0.8310000000000004, PE=7.531169538702267e-17 after 736 steps
Step: 433 -  phi=0.8320000000000004, PE=9.287376448669245e-17 after 772 steps
Step: 434 -  phi=0.8330000000000004, PE=9.004521398322868e-17 after 1174 steps
Step: 435 -  phi=0.8340000000000004, PE=9.814741925813696e-17 after 856 steps
Step: 436 -  phi=0.8350000000000004, PE=9.274475209636736e-17 after 862 steps
Step: 437 -  phi=0.8360000000000004, PE=9.539286721196241e-17 after 846 steps
Step: 438 -  phi=0.8370000000000004, PE=9.18523025067221e-17 after 872 steps
Step: 439 -  phi=0.8380000000000004, PE=8.682836714124366e-17 after 829 steps
Step: 440 -  phi=0.8390000000000004, PE=9.348779496020377e-17 after 808 steps
Step: 441 -  phi=0.8400000000000004, PE=9.355379261326087e-17 after 1239 steps
Step: 442 -  phi=0.8410000000000004, PE=9.467083772954428e-17 after 1439 steps
Step: 443 -  phi=0.8420000000000004, PE=9.975197397721484e-17 after 1971 steps
Step: 444 -  phi=0.8430000000000004, PE=9.740391605910391e-17 after 1397 steps
Step: 445 -  phi=0.8440000000000004, PE=9.712923243103068e-17 after 1448 steps
Step: 446 -  phi=0.8450000000000004, PE=9.52417748658241e-17 after 2280 steps
Step: 447 -  phi=0.8460000000000004, PE=9.597962027096874e-17 after 2062 steps
Step: 448 -  phi=0.8470000000000004, PE=9.90484174773225e-17 after 2961 steps
Step: 449 -  phi=0.8480000000000004, PE=9.71215458176344e-17 after 4478 steps
Step: 450 -  phi=0.8490000000000004, PE=9.739504865292795e-17 after 2868 steps
Step: 451 -  phi=0.8500000000000004, PE=9.911530123805442e-17 after 4043 steps
Step: 452 -  phi=0.8510000000000004, PE=9.872549631616689e-17 after 4171 steps
Step: 453 -  phi=0.8520000000000004, PE=9.871860007158318e-17 after 3778 steps
Step: 454 -  phi=0.8530000000000004, PE=9.851138044082714e-17 after 3514 steps
Step: 455 -  phi=0.8540000000000004, PE=9.61908362627719e-17 after 6238 steps
Step: 456 -  phi=0.8550000000000004, PE=9.972480221353253e-17 after 6699 steps
Step: 457 -  phi=0.8560000000000004, PE=9.989576951724059e-17 after 10272 steps
Step: 458 -  phi=0.8570000000000004, PE=9.877361660577971e-17 after 6970 steps
Step: 459 -  phi=0.8580000000000004, PE=9.777586197517321e-17 after 5741 steps
Step: 460 -  phi=0.8590000000000004, PE=9.872052403819401e-17 after 6647 steps
Step: 461 -  phi=0.8600000000000004, PE=9.959079647543586e-17 after 12930 steps
Step: 462 -  phi=0.8610000000000004, PE=9.967853530963242e-17 after 8387 steps
Step: 463 -  phi=0.8620000000000004, PE=9.989622245940673e-17 after 7641 steps
Step: 464 -  phi=0.8630000000000004, PE=9.989488180282262e-17 after 12912 steps
Step: 465 -  phi=0.8640000000000004, PE=9.99049589048192e-17 after 32716 steps
Step: 466 -  phi=0.8650000000000004, PE=9.999509906412778e-17 after 178097 steps
Step: 467 -  phi=0.8660000000000004, PE=5.822929081543983e-09 after 119306 steps
Step: 468 -  phi=0.8655000000000004, PE=1.9270107801132585e-09 after 183641 steps
Step: 469 -  phi=0.8652500000000004, PE=1.0808689521250105e-09 after 56255 steps
Step: 470 -  phi=0.8651250000000004, PE=5.476764901987585e-11 after 338544 steps
Step: 471 -  phi=0.8650625000000004, PE=5.287441226879868e-12 after 414367 steps
Step: 472 -  phi=0.8650312500000004, PE=9.998868951147692e-17 after 61217 steps
Step: 473 -  phi=0.8650468750000004, PE=9.999923614035464e-17 after 261357 steps
Step: 474 -  phi=0.8650546875000005, PE=9.997688947497545e-17 after 86294 steps
Step: 475 -  phi=0.8650585937500004, PE=9.999143912009741e-17 after 43094 steps
Step: 476 -  phi=0.8650605468750003, PE=9.997824640703327e-17 after 27099 steps
Step: 477 -  phi=0.8650615234375003, PE=9.99819909241435e-17 after 26380 steps
Step: 478 -  phi=0.8650620117187504, PE=9.997632495758587e-17 after 15187 steps
Step: 479 -  phi=0.8650622558593755, PE=9.999404545786915e-17 after 12727 steps
Step: 480 -  phi=0.865062377929688, PE=9.995701754363909e-17 after 7981 steps
Step: 481 -  phi=0.8650624389648442, PE=9.998194982732926e-17 after 6614 steps
Step: 482 -  phi=0.8650624694824223, PE=9.997995156984008e-17 after 5269 steps
Step: 483 -  phi=0.8650624847412114, PE=9.999812269030425e-17 after 3986 steps
Step: 484 -  phi=0.8650624923706058, PE=9.999017272724861e-17 after 2958 steps
Step: 485 -  phi=0.8650624961853031, PE=9.999300342890121e-17 after 2154 steps
Step: 486 -  phi=0.8650624980926518, PE=9.999215708761737e-17 after 1548 steps
Step: 487 -  phi=0.865062499046326, PE=9.999849983228054e-17 after 1107 steps
Step: 488 -  phi=0.8650624995231633, PE=9.999760152675829e-17 after 791 steps
Step: 489 -  phi=0.8650624997615819, PE=9.999942784369716e-17 after 564 steps
Step: 490 -  phi=0.8650624998807912, PE=9.999820479285135e-17 after 405 steps
Step: 491 -  phi=0.8650624999403957, PE=9.999995402492161e-17 after 290 steps
Jammed: phi = 0.865062, residual PE = 1.000e-16
