The following modules were not unloaded:
  (Use "module --force purge" to unload all):

  1) StdEnv
sys:1: RuntimeWarning: h5: callable: skipping callable field 'user_pre_step_actions' (<PjitFunction of <function _save_state_system at 0x147ad06b3ba0>>); handle explicitly
sys:1: RuntimeWarning: h5: callable: skipping callable field 'user_post_step_actions' (<PjitFunction of <function _save_state_system at 0x147ad06b3ba0>>); handle explicitly
/home/rg2248/analysis/summer-26/jam/thomson/jam2d-thomson.py:74: RuntimeWarning: h5: callable: skipping callable field '0' (<function fire.<locals>.init at 0x147942dfb100>); handle explicitly
  save(system, join(data_root, 'system.h5'))
/home/rg2248/analysis/summer-26/jam/thomson/jam2d-thomson.py:74: RuntimeWarning: h5: callable: skipping callable field '1' (<function fire.<locals>.update at 0x147942dfafc0>); handle explicitly
  save(system, join(data_root, 'system.h5'))
Initial minimization took 0 steps.
Step: 1 -  phi=0.4000000000000001, PE=3.582243312462292e-17 after 0 steps
Step: 2 -  phi=0.4010000000000001, PE=2.924389149281354e-17 after 95 steps
Step: 3 -  phi=0.4020000000000001, PE=1.859278496121262e-17 after 133 steps
Step: 4 -  phi=0.4030000000000001, PE=0.0 after 140 steps
Step: 5 -  phi=0.4040000000000001, PE=7.528731103652847e-17 after 130 steps
Step: 6 -  phi=0.4050000000000001, PE=8.167034352097874e-17 after 196 steps
Step: 7 -  phi=0.4060000000000001, PE=7.992075129205426e-17 after 126 steps
Step: 8 -  phi=0.4070000000000001, PE=9.679865271245647e-17 after 206 steps
Step: 9 -  phi=0.4080000000000001, PE=0.0 after 110 steps
Step: 10 -  phi=0.4090000000000001, PE=8.858110519447518e-17 after 204 steps
Step: 11 -  phi=0.4100000000000001, PE=0.0 after 110 steps
Step: 12 -  phi=0.4110000000000001, PE=8.934479325328319e-17 after 188 steps
Step: 13 -  phi=0.4120000000000001, PE=8.315791370965077e-17 after 130 steps
Step: 14 -  phi=0.4130000000000001, PE=6.485511191340414e-17 after 176 steps
Step: 15 -  phi=0.4140000000000001, PE=5.2683012540046105e-18 after 121 steps
Step: 16 -  phi=0.4150000000000001, PE=5.914942262422598e-17 after 129 steps
Step: 17 -  phi=0.4160000000000001, PE=8.696323992703672e-17 after 135 steps
Step: 18 -  phi=0.4170000000000001, PE=1.7293829492562755e-17 after 160 steps
Step: 19 -  phi=0.4180000000000001, PE=0.0 after 99 steps
Step: 20 -  phi=0.4190000000000001, PE=0.0 after 109 steps
Step: 21 -  phi=0.4200000000000001, PE=0.0 after 121 steps
Step: 22 -  phi=0.4210000000000001, PE=0.0 after 132 steps
Step: 23 -  phi=0.4220000000000001, PE=9.104906580840865e-17 after 154 steps
Step: 24 -  phi=0.4230000000000001, PE=5.938140192503945e-17 after 145 steps
Step: 25 -  phi=0.4240000000000001, PE=5.5118024929132724e-17 after 168 steps
Step: 26 -  phi=0.4250000000000001, PE=0.0 after 116 steps
Step: 27 -  phi=0.4260000000000001, PE=3.021661821801515e-17 after 137 steps
Step: 28 -  phi=0.4270000000000001, PE=9.565569218559102e-17 after 198 steps
Step: 29 -  phi=0.4280000000000001, PE=0.0 after 124 steps
Step: 30 -  phi=0.4290000000000001, PE=8.705468447846027e-17 after 159 steps
Step: 31 -  phi=0.4300000000000001, PE=0.0 after 132 steps
Step: 32 -  phi=0.4310000000000001, PE=5.5170813853183684e-17 after 116 steps
Step: 33 -  phi=0.4320000000000001, PE=0.0 after 128 steps
Step: 34 -  phi=0.4330000000000001, PE=7.735813809429343e-17 after 153 steps
Step: 35 -  phi=0.4340000000000001, PE=9.585863765219898e-17 after 162 steps
Step: 36 -  phi=0.4350000000000001, PE=0.0 after 133 steps
Step: 37 -  phi=0.4360000000000001, PE=4.239343196003915e-17 after 137 steps
Step: 38 -  phi=0.4370000000000001, PE=2.9776416679915565e-17 after 134 steps
Step: 39 -  phi=0.4380000000000001, PE=0.0 after 124 steps
Step: 40 -  phi=0.4390000000000001, PE=0.0 after 108 steps
Step: 41 -  phi=0.4400000000000001, PE=4.1383998722666156e-17 after 123 steps
Step: 42 -  phi=0.4410000000000001, PE=0.0 after 121 steps
Step: 43 -  phi=0.4420000000000001, PE=0.0 after 118 steps
Step: 44 -  phi=0.4430000000000001, PE=0.0 after 120 steps
Step: 45 -  phi=0.4440000000000001, PE=0.0 after 121 steps
Step: 46 -  phi=0.4450000000000001, PE=7.325650802993068e-17 after 148 steps
Step: 47 -  phi=0.4460000000000001, PE=0.0 after 120 steps
Step: 48 -  phi=0.4470000000000001, PE=0.0 after 126 steps
Step: 49 -  phi=0.4480000000000001, PE=6.540448333606889e-17 after 128 steps
Step: 50 -  phi=0.4490000000000001, PE=2.1363276141771654e-17 after 126 steps
Step: 51 -  phi=0.4500000000000001, PE=0.0 after 127 steps
Step: 52 -  phi=0.4510000000000001, PE=0.0 after 132 steps
Step: 53 -  phi=0.4520000000000001, PE=4.6418494072696355e-18 after 120 steps
Step: 54 -  phi=0.4530000000000001, PE=0.0 after 140 steps
Step: 55 -  phi=0.4540000000000001, PE=1.591705638370754e-18 after 111 steps
Step: 56 -  phi=0.4550000000000001, PE=4.404521200059236e-17 after 136 steps
Step: 57 -  phi=0.4560000000000001, PE=0.0 after 127 steps
Step: 58 -  phi=0.45700000000000013, PE=7.985584706561464e-17 after 134 steps
Step: 59 -  phi=0.45800000000000013, PE=7.56477370774501e-17 after 173 steps
Step: 60 -  phi=0.45900000000000013, PE=9.702300265026176e-17 after 151 steps
Step: 61 -  phi=0.46000000000000013, PE=0.0 after 128 steps
Step: 62 -  phi=0.46100000000000013, PE=4.724672297522345e-17 after 135 steps
Step: 63 -  phi=0.46200000000000013, PE=8.715421676736087e-17 after 123 steps
Step: 64 -  phi=0.46300000000000013, PE=0.0 after 118 steps
Step: 65 -  phi=0.46400000000000013, PE=4.4780822749621534e-17 after 112 steps
Step: 66 -  phi=0.46500000000000014, PE=5.365444930937396e-17 after 117 steps
Step: 67 -  phi=0.46600000000000014, PE=0.0 after 124 steps
Step: 68 -  phi=0.46700000000000014, PE=8.585884857029554e-17 after 136 steps
Step: 69 -  phi=0.46800000000000014, PE=0.0 after 120 steps
Step: 70 -  phi=0.46900000000000014, PE=9.103055992962841e-17 after 119 steps
Step: 71 -  phi=0.47000000000000014, PE=0.0 after 123 steps
Step: 72 -  phi=0.47100000000000014, PE=6.300748602333557e-17 after 141 steps
Step: 73 -  phi=0.47200000000000014, PE=6.179607895977372e-17 after 139 steps
Step: 74 -  phi=0.47300000000000014, PE=0.0 after 126 steps
Step: 75 -  phi=0.47400000000000014, PE=4.9327999867921427e-17 after 148 steps
Step: 76 -  phi=0.47500000000000014, PE=8.75357351225628e-18 after 130 steps
Step: 77 -  phi=0.47600000000000015, PE=0.0 after 134 steps
Step: 78 -  phi=0.47700000000000015, PE=0.0 after 130 steps
Step: 79 -  phi=0.47800000000000015, PE=3.326658725941484e-17 after 136 steps
Step: 80 -  phi=0.47900000000000015, PE=7.792410516748325e-17 after 128 steps
Step: 81 -  phi=0.48000000000000015, PE=8.427216152210641e-17 after 130 steps
Step: 82 -  phi=0.48100000000000015, PE=3.10368351526582e-17 after 137 steps
Step: 83 -  phi=0.48200000000000015, PE=2.519946471844715e-17 after 114 steps
Step: 84 -  phi=0.48300000000000015, PE=0.0 after 129 steps
Step: 85 -  phi=0.48400000000000015, PE=3.6724423681032696e-17 after 132 steps
Step: 86 -  phi=0.48500000000000015, PE=4.1135555557697204e-17 after 144 steps
Step: 87 -  phi=0.48600000000000015, PE=9.501523998719062e-17 after 127 steps
Step: 88 -  phi=0.48700000000000015, PE=4.884462121909028e-20 after 129 steps
Step: 89 -  phi=0.48800000000000016, PE=0.0 after 126 steps
Step: 90 -  phi=0.48900000000000016, PE=0.0 after 132 steps
Step: 91 -  phi=0.49000000000000016, PE=9.05673211000796e-17 after 119 steps
Step: 92 -  phi=0.49100000000000016, PE=5.361952125636635e-18 after 134 steps
Step: 93 -  phi=0.49200000000000016, PE=9.759614441988764e-17 after 122 steps
Step: 94 -  phi=0.49300000000000016, PE=0.0 after 121 steps
Step: 95 -  phi=0.49400000000000016, PE=9.37983330116666e-17 after 136 steps
Step: 96 -  phi=0.49500000000000016, PE=8.017454962873384e-18 after 121 steps
Step: 97 -  phi=0.49600000000000016, PE=2.9178462402227745e-19 after 144 steps
Step: 98 -  phi=0.49700000000000016, PE=3.010886237837183e-17 after 127 steps
Step: 99 -  phi=0.49800000000000016, PE=0.0 after 97 steps
Step: 100 -  phi=0.49900000000000017, PE=4.46773593339846e-18 after 140 steps
Step: 101 -  phi=0.5000000000000001, PE=0.0 after 111 steps
Step: 102 -  phi=0.5010000000000001, PE=0.0 after 124 steps
Step: 103 -  phi=0.5020000000000001, PE=8.28055459965402e-17 after 128 steps
Step: 104 -  phi=0.5030000000000001, PE=0.0 after 128 steps
Step: 105 -  phi=0.5040000000000001, PE=1.4756770507324066e-18 after 137 steps
Step: 106 -  phi=0.5050000000000001, PE=9.38948873991212e-17 after 171 steps
Step: 107 -  phi=0.5060000000000001, PE=6.373115747440264e-17 after 141 steps
Step: 108 -  phi=0.5070000000000001, PE=6.853786073048374e-17 after 167 steps
Step: 109 -  phi=0.5080000000000001, PE=9.23374548122434e-17 after 142 steps
Step: 110 -  phi=0.5090000000000001, PE=0.0 after 128 steps
Step: 111 -  phi=0.5100000000000001, PE=3.170245075949923e-17 after 134 steps
Step: 112 -  phi=0.5110000000000001, PE=9.842878638774326e-17 after 150 steps
Step: 113 -  phi=0.5120000000000001, PE=0.0 after 135 steps
Step: 114 -  phi=0.5130000000000001, PE=0.0 after 128 steps
Step: 115 -  phi=0.5140000000000001, PE=3.6505949302640627e-17 after 155 steps
Step: 116 -  phi=0.5150000000000001, PE=2.5823780008076605e-17 after 145 steps
Step: 117 -  phi=0.5160000000000001, PE=2.916535890575112e-21 after 162 steps
Step: 118 -  phi=0.5170000000000001, PE=7.869096521438725e-17 after 170 steps
Step: 119 -  phi=0.5180000000000001, PE=9.920943676022592e-17 after 191 steps
Step: 120 -  phi=0.5190000000000001, PE=0.0 after 184 steps
Step: 121 -  phi=0.5200000000000001, PE=3.128767404464739e-18 after 180 steps
Step: 122 -  phi=0.5210000000000001, PE=7.235566278944724e-17 after 193 steps
Step: 123 -  phi=0.5220000000000001, PE=9.399294331443475e-17 after 188 steps
Step: 124 -  phi=0.5230000000000001, PE=9.74837563763387e-17 after 161 steps
Step: 125 -  phi=0.5240000000000001, PE=9.6255358954822e-17 after 176 steps
Step: 126 -  phi=0.5250000000000001, PE=0.0 after 164 steps
Step: 127 -  phi=0.5260000000000001, PE=6.476191704525882e-17 after 163 steps
Step: 128 -  phi=0.5270000000000001, PE=9.10344884591122e-17 after 205 steps
Step: 129 -  phi=0.5280000000000001, PE=2.815701924101419e-17 after 170 steps
Step: 130 -  phi=0.5290000000000001, PE=9.172123821429555e-17 after 185 steps
Step: 131 -  phi=0.5300000000000001, PE=7.304271640254364e-17 after 184 steps
Step: 132 -  phi=0.5310000000000001, PE=8.992748522283717e-17 after 181 steps
Step: 133 -  phi=0.5320000000000001, PE=2.5937015837869484e-17 after 178 steps
Step: 134 -  phi=0.5330000000000001, PE=4.3726871192477643e-17 after 171 steps
Step: 135 -  phi=0.5340000000000001, PE=0.0 after 155 steps
Step: 136 -  phi=0.5350000000000001, PE=8.478215582381162e-17 after 160 steps
Step: 137 -  phi=0.5360000000000001, PE=5.426740555614137e-17 after 179 steps
Step: 138 -  phi=0.5370000000000001, PE=7.368002269448963e-17 after 169 steps
Step: 139 -  phi=0.5380000000000001, PE=7.960787508168041e-17 after 154 steps
Step: 140 -  phi=0.5390000000000001, PE=2.2938669395986192e-17 after 164 steps
Step: 141 -  phi=0.5400000000000001, PE=8.568005837008881e-17 after 223 steps
Step: 142 -  phi=0.5410000000000001, PE=5.44176174567738e-17 after 163 steps
Step: 143 -  phi=0.5420000000000001, PE=6.73147853557822e-17 after 166 steps
Step: 144 -  phi=0.5430000000000001, PE=7.742124889931343e-17 after 195 steps
Step: 145 -  phi=0.5440000000000002, PE=4.771746061052746e-17 after 162 steps
Step: 146 -  phi=0.5450000000000002, PE=8.80838151713439e-18 after 174 steps
Step: 147 -  phi=0.5460000000000002, PE=6.606321106007036e-17 after 232 steps
Step: 148 -  phi=0.5470000000000002, PE=0.0 after 161 steps
Step: 149 -  phi=0.5480000000000002, PE=3.92340459832987e-17 after 165 steps
Step: 150 -  phi=0.5490000000000002, PE=9.173064583168519e-17 after 204 steps
Step: 151 -  phi=0.5500000000000002, PE=6.577139642137728e-17 after 185 steps
Step: 152 -  phi=0.5510000000000002, PE=4.99541909230522e-17 after 184 steps
Step: 153 -  phi=0.5520000000000002, PE=6.094642500996622e-17 after 207 steps
Step: 154 -  phi=0.5530000000000002, PE=9.075987943144791e-18 after 184 steps
Step: 155 -  phi=0.5540000000000002, PE=3.2036111041104542e-18 after 177 steps
Step: 156 -  phi=0.5550000000000002, PE=0.0 after 182 steps
Step: 157 -  phi=0.5560000000000002, PE=8.203703876545419e-17 after 208 steps
Step: 158 -  phi=0.5570000000000002, PE=9.202243850341746e-17 after 223 steps
Step: 159 -  phi=0.5580000000000002, PE=8.272202836070707e-17 after 192 steps
Step: 160 -  phi=0.5590000000000002, PE=9.157708535209007e-17 after 209 steps
Step: 161 -  phi=0.5600000000000002, PE=6.150728623606464e-17 after 216 steps
Step: 162 -  phi=0.5610000000000002, PE=0.0 after 199 steps
Step: 163 -  phi=0.5620000000000002, PE=2.9419191893138547e-17 after 194 steps
Step: 164 -  phi=0.5630000000000002, PE=8.07199471705849e-17 after 212 steps
Step: 165 -  phi=0.5640000000000002, PE=1.0384279794015645e-17 after 214 steps
Step: 166 -  phi=0.5650000000000002, PE=6.010566331196807e-17 after 213 steps
Step: 167 -  phi=0.5660000000000002, PE=9.601658876640955e-17 after 205 steps
Step: 168 -  phi=0.5670000000000002, PE=9.220727455983205e-17 after 194 steps
Step: 169 -  phi=0.5680000000000002, PE=7.808590633153091e-17 after 194 steps
Step: 170 -  phi=0.5690000000000002, PE=7.607657295308674e-17 after 179 steps
Step: 171 -  phi=0.5700000000000002, PE=6.928651015179885e-17 after 192 steps
Step: 172 -  phi=0.5710000000000002, PE=7.016890078235954e-17 after 199 steps
Step: 173 -  phi=0.5720000000000002, PE=8.219586764220024e-17 after 210 steps
Step: 174 -  phi=0.5730000000000002, PE=6.442529292387187e-17 after 195 steps
Step: 175 -  phi=0.5740000000000002, PE=7.127064905431427e-17 after 204 steps
Step: 176 -  phi=0.5750000000000002, PE=8.086421421527061e-17 after 239 steps
Step: 177 -  phi=0.5760000000000002, PE=9.77503953824343e-19 after 173 steps
Step: 178 -  phi=0.5770000000000002, PE=5.672305661822715e-17 after 188 steps
Step: 179 -  phi=0.5780000000000002, PE=9.971076824490397e-17 after 199 steps
Step: 180 -  phi=0.5790000000000002, PE=5.908003095832406e-17 after 186 steps
Step: 181 -  phi=0.5800000000000002, PE=2.8424123955245587e-18 after 200 steps
Step: 182 -  phi=0.5810000000000002, PE=0.0 after 212 steps
Step: 183 -  phi=0.5820000000000002, PE=6.862639842325613e-17 after 197 steps
Step: 184 -  phi=0.5830000000000002, PE=2.614120972501002e-17 after 195 steps
Step: 185 -  phi=0.5840000000000002, PE=7.43171757716769e-17 after 219 steps
Step: 186 -  phi=0.5850000000000002, PE=5.520495988327457e-17 after 210 steps
Step: 187 -  phi=0.5860000000000002, PE=9.277579433604548e-17 after 212 steps
Step: 188 -  phi=0.5870000000000002, PE=1.7041187302739973e-17 after 217 steps
Step: 189 -  phi=0.5880000000000002, PE=9.435433972303e-17 after 213 steps
Step: 190 -  phi=0.5890000000000002, PE=7.992652629777036e-17 after 199 steps
Step: 191 -  phi=0.5900000000000002, PE=8.506582078983548e-17 after 213 steps
Step: 192 -  phi=0.5910000000000002, PE=7.433235071648168e-17 after 222 steps
Step: 193 -  phi=0.5920000000000002, PE=7.700793241632855e-17 after 211 steps
Step: 194 -  phi=0.5930000000000002, PE=9.538115797487603e-17 after 218 steps
Step: 195 -  phi=0.5940000000000002, PE=8.333369944583601e-17 after 243 steps
Step: 196 -  phi=0.5950000000000002, PE=6.952216004255159e-17 after 200 steps
Step: 197 -  phi=0.5960000000000002, PE=0.0 after 197 steps
Step: 198 -  phi=0.5970000000000002, PE=7.832838230963647e-17 after 214 steps
Step: 199 -  phi=0.5980000000000002, PE=9.53942392949619e-17 after 221 steps
Step: 200 -  phi=0.5990000000000002, PE=7.023419440320048e-17 after 209 steps
Step: 201 -  phi=0.6000000000000002, PE=9.57176415682457e-17 after 217 steps
Step: 202 -  phi=0.6010000000000002, PE=8.861349244932664e-17 after 212 steps
Step: 203 -  phi=0.6020000000000002, PE=9.616732805441347e-17 after 209 steps
Step: 204 -  phi=0.6030000000000002, PE=6.104483397144196e-17 after 221 steps
Step: 205 -  phi=0.6040000000000002, PE=8.619819790992121e-17 after 294 steps
Step: 206 -  phi=0.6050000000000002, PE=5.884339970922084e-17 after 195 steps
Step: 207 -  phi=0.6060000000000002, PE=9.274480072742213e-17 after 199 steps
Step: 208 -  phi=0.6070000000000002, PE=6.49133076140115e-17 after 197 steps
Step: 209 -  phi=0.6080000000000002, PE=6.56717474921426e-17 after 202 steps
Step: 210 -  phi=0.6090000000000002, PE=7.193410672855281e-17 after 211 steps
Step: 211 -  phi=0.6100000000000002, PE=9.984409976895539e-17 after 206 steps
Step: 212 -  phi=0.6110000000000002, PE=3.4816554378639264e-17 after 206 steps
Step: 213 -  phi=0.6120000000000002, PE=5.0906272745951796e-17 after 197 steps
Step: 214 -  phi=0.6130000000000002, PE=9.75747131523794e-17 after 198 steps
Step: 215 -  phi=0.6140000000000002, PE=6.001791702710076e-17 after 216 steps
Step: 216 -  phi=0.6150000000000002, PE=2.826665447220669e-17 after 213 steps
Step: 217 -  phi=0.6160000000000002, PE=5.962053232941975e-17 after 194 steps
Step: 218 -  phi=0.6170000000000002, PE=0.0 after 190 steps
Step: 219 -  phi=0.6180000000000002, PE=6.573559529427045e-17 after 208 steps
Step: 220 -  phi=0.6190000000000002, PE=6.108361166807942e-17 after 195 steps
Step: 221 -  phi=0.6200000000000002, PE=9.952270791455898e-17 after 213 steps
Step: 222 -  phi=0.6210000000000002, PE=8.06585792331624e-17 after 181 steps
Step: 223 -  phi=0.6220000000000002, PE=8.38443356663202e-17 after 202 steps
Step: 224 -  phi=0.6230000000000002, PE=9.255893011514184e-17 after 191 steps
Step: 225 -  phi=0.6240000000000002, PE=5.617221932934967e-17 after 200 steps
Step: 226 -  phi=0.6250000000000002, PE=8.449912818842017e-17 after 226 steps
Step: 227 -  phi=0.6260000000000002, PE=5.777109424444469e-17 after 225 steps
Step: 228 -  phi=0.6270000000000002, PE=2.757713484404392e-17 after 199 steps
Step: 229 -  phi=0.6280000000000002, PE=6.809726444180508e-17 after 216 steps
Step: 230 -  phi=0.6290000000000002, PE=8.444882828597542e-17 after 230 steps
Step: 231 -  phi=0.6300000000000002, PE=4.5435260356544435e-17 after 214 steps
Step: 232 -  phi=0.6310000000000002, PE=5.0123940263866504e-17 after 223 steps
Step: 233 -  phi=0.6320000000000002, PE=7.133196848666234e-17 after 229 steps
Step: 234 -  phi=0.6330000000000002, PE=3.877679222183652e-17 after 212 steps
Step: 235 -  phi=0.6340000000000002, PE=7.83355843050863e-17 after 215 steps
Step: 236 -  phi=0.6350000000000002, PE=3.7586922042581004e-17 after 225 steps
Step: 237 -  phi=0.6360000000000002, PE=9.950708224154743e-17 after 240 steps
Step: 238 -  phi=0.6370000000000002, PE=5.450906558120967e-17 after 219 steps
Step: 239 -  phi=0.6380000000000002, PE=7.509382862666433e-17 after 247 steps
Step: 240 -  phi=0.6390000000000002, PE=9.694845057856148e-17 after 201 steps
Step: 241 -  phi=0.6400000000000002, PE=3.456688116281454e-17 after 210 steps
Step: 242 -  phi=0.6410000000000002, PE=6.383693147451396e-17 after 218 steps
Step: 243 -  phi=0.6420000000000002, PE=9.152904672282754e-17 after 274 steps
Step: 244 -  phi=0.6430000000000002, PE=7.521506102152745e-17 after 243 steps
Step: 245 -  phi=0.6440000000000002, PE=7.979503492907814e-17 after 244 steps
Step: 246 -  phi=0.6450000000000002, PE=6.02445793811442e-17 after 260 steps
Step: 247 -  phi=0.6460000000000002, PE=6.324011322038543e-17 after 234 steps
Step: 248 -  phi=0.6470000000000002, PE=8.553631182624908e-17 after 250 steps
Step: 249 -  phi=0.6480000000000002, PE=6.316400734965753e-17 after 243 steps
Step: 250 -  phi=0.6490000000000002, PE=7.678397772319652e-17 after 236 steps
Step: 251 -  phi=0.6500000000000002, PE=9.184370728073807e-17 after 226 steps
Step: 252 -  phi=0.6510000000000002, PE=9.335050370930216e-17 after 269 steps
Step: 253 -  phi=0.6520000000000002, PE=4.924676618686153e-17 after 259 steps
Step: 254 -  phi=0.6530000000000002, PE=9.83990688077227e-17 after 258 steps
Step: 255 -  phi=0.6540000000000002, PE=8.572065046210151e-17 after 257 steps
Step: 256 -  phi=0.6550000000000002, PE=2.4544898257745076e-17 after 238 steps
Step: 257 -  phi=0.6560000000000002, PE=9.736417737843755e-17 after 242 steps
Step: 258 -  phi=0.6570000000000003, PE=3.2897832796489825e-17 after 240 steps
Step: 259 -  phi=0.6580000000000003, PE=9.107365581538757e-17 after 252 steps
Step: 260 -  phi=0.6590000000000003, PE=9.158373031188399e-17 after 242 steps
Step: 261 -  phi=0.6600000000000003, PE=9.472896181925634e-17 after 229 steps
Step: 262 -  phi=0.6610000000000003, PE=6.799576534583255e-17 after 249 steps
Step: 263 -  phi=0.6620000000000003, PE=9.815730199718843e-17 after 244 steps
Step: 264 -  phi=0.6630000000000003, PE=8.980323453541413e-17 after 263 steps
Step: 265 -  phi=0.6640000000000003, PE=1.2788617872790006e-17 after 255 steps
Step: 266 -  phi=0.6650000000000003, PE=9.369050583225131e-17 after 260 steps
Step: 267 -  phi=0.6660000000000003, PE=9.833589242455043e-17 after 248 steps
Step: 268 -  phi=0.6670000000000003, PE=6.379054719234225e-17 after 246 steps
Step: 269 -  phi=0.6680000000000003, PE=6.853291964885372e-17 after 256 steps
Step: 270 -  phi=0.6690000000000003, PE=5.768625726096022e-17 after 264 steps
Step: 271 -  phi=0.6700000000000003, PE=0.0 after 244 steps
Step: 272 -  phi=0.6710000000000003, PE=8.696543701043379e-17 after 257 steps
Step: 273 -  phi=0.6720000000000003, PE=4.013950282358852e-17 after 266 steps
Step: 274 -  phi=0.6730000000000003, PE=9.346404012589167e-17 after 253 steps
Step: 275 -  phi=0.6740000000000003, PE=8.067007235333092e-17 after 288 steps
Step: 276 -  phi=0.6750000000000003, PE=7.764732098487453e-17 after 259 steps
Step: 277 -  phi=0.6760000000000003, PE=7.52382425231192e-17 after 250 steps
Step: 278 -  phi=0.6770000000000003, PE=9.735622267944666e-17 after 245 steps
Step: 279 -  phi=0.6780000000000003, PE=8.542627000193305e-17 after 274 steps
Step: 280 -  phi=0.6790000000000003, PE=9.815991334136632e-17 after 288 steps
Step: 281 -  phi=0.6800000000000003, PE=6.74351733912852e-17 after 248 steps
Step: 282 -  phi=0.6810000000000003, PE=8.362735072505862e-17 after 267 steps
Step: 283 -  phi=0.6820000000000003, PE=4.982672424527447e-17 after 232 steps
Step: 284 -  phi=0.6830000000000003, PE=9.572481320182804e-17 after 268 steps
Step: 285 -  phi=0.6840000000000003, PE=7.299955214094353e-17 after 252 steps
Step: 286 -  phi=0.6850000000000003, PE=8.730663324726138e-17 after 255 steps
Step: 287 -  phi=0.6860000000000003, PE=7.591510835418171e-17 after 259 steps
Step: 288 -  phi=0.6870000000000003, PE=8.922536608786798e-17 after 257 steps
Step: 289 -  phi=0.6880000000000003, PE=9.506423668907119e-17 after 254 steps
Step: 290 -  phi=0.6890000000000003, PE=6.440264075694044e-17 after 262 steps
Step: 291 -  phi=0.6900000000000003, PE=3.055527414066936e-17 after 231 steps
Step: 292 -  phi=0.6910000000000003, PE=8.953808771680337e-17 after 235 steps
Step: 293 -  phi=0.6920000000000003, PE=8.132413267847401e-17 after 242 steps
Step: 294 -  phi=0.6930000000000003, PE=9.069899049959441e-17 after 222 steps
Step: 295 -  phi=0.6940000000000003, PE=9.704436160841742e-17 after 246 steps
Step: 296 -  phi=0.6950000000000003, PE=8.84710938924489e-18 after 235 steps
Step: 297 -  phi=0.6960000000000003, PE=9.851166510431731e-17 after 245 steps
Step: 298 -  phi=0.6970000000000003, PE=5.211222047572873e-17 after 253 steps
Step: 299 -  phi=0.6980000000000003, PE=7.588920624715381e-17 after 262 steps
Step: 300 -  phi=0.6990000000000003, PE=9.775014326577686e-17 after 241 steps
Step: 301 -  phi=0.7000000000000003, PE=9.321320255066261e-17 after 253 steps
Step: 302 -  phi=0.7010000000000003, PE=8.199773743568289e-17 after 255 steps
Step: 303 -  phi=0.7020000000000003, PE=5.55696735735962e-17 after 252 steps
Step: 304 -  phi=0.7030000000000003, PE=9.806223460270331e-17 after 264 steps
Step: 305 -  phi=0.7040000000000003, PE=9.846583414206791e-17 after 285 steps
Step: 306 -  phi=0.7050000000000003, PE=9.500193648663214e-17 after 274 steps
Step: 307 -  phi=0.7060000000000003, PE=9.233389105143634e-17 after 278 steps
Step: 308 -  phi=0.7070000000000003, PE=8.749182447942929e-17 after 268 steps
Step: 309 -  phi=0.7080000000000003, PE=9.756175559567233e-17 after 290 steps
Step: 310 -  phi=0.7090000000000003, PE=6.351911018968071e-17 after 280 steps
Step: 311 -  phi=0.7100000000000003, PE=9.456159280082556e-17 after 298 steps
Step: 312 -  phi=0.7110000000000003, PE=8.056670754440949e-17 after 298 steps
Step: 313 -  phi=0.7120000000000003, PE=9.134059573079505e-17 after 317 steps
Step: 314 -  phi=0.7130000000000003, PE=7.635010646793522e-17 after 274 steps
Step: 315 -  phi=0.7140000000000003, PE=9.425023186249915e-17 after 302 steps
Step: 316 -  phi=0.7150000000000003, PE=9.050566709526206e-17 after 262 steps
Step: 317 -  phi=0.7160000000000003, PE=9.849972127262962e-17 after 265 steps
Step: 318 -  phi=0.7170000000000003, PE=5.860060428633859e-17 after 264 steps
Step: 319 -  phi=0.7180000000000003, PE=7.323239792310934e-17 after 274 steps
Step: 320 -  phi=0.7190000000000003, PE=9.744442987769031e-17 after 280 steps
Step: 321 -  phi=0.7200000000000003, PE=9.956104203597353e-17 after 312 steps
Step: 322 -  phi=0.7210000000000003, PE=8.412420139180405e-17 after 276 steps
Step: 323 -  phi=0.7220000000000003, PE=6.799384301686076e-17 after 268 steps
Step: 324 -  phi=0.7230000000000003, PE=9.713048028209709e-17 after 276 steps
Step: 325 -  phi=0.7240000000000003, PE=9.774083807828675e-17 after 283 steps
Step: 326 -  phi=0.7250000000000003, PE=8.132357335362928e-17 after 291 steps
Step: 327 -  phi=0.7260000000000003, PE=5.1941588458979114e-17 after 295 steps
Step: 328 -  phi=0.7270000000000003, PE=6.088100567808782e-17 after 273 steps
Step: 329 -  phi=0.7280000000000003, PE=9.282901672528003e-17 after 303 steps
Step: 330 -  phi=0.7290000000000003, PE=8.250891900007267e-17 after 279 steps
Step: 331 -  phi=0.7300000000000003, PE=7.262606042767925e-17 after 310 steps
Step: 332 -  phi=0.7310000000000003, PE=9.928136195018877e-17 after 303 steps
Step: 333 -  phi=0.7320000000000003, PE=9.311579827849737e-17 after 282 steps
Step: 334 -  phi=0.7330000000000003, PE=9.512779228107577e-17 after 327 steps
Step: 335 -  phi=0.7340000000000003, PE=8.029593329913873e-17 after 297 steps
Step: 336 -  phi=0.7350000000000003, PE=9.774104155838128e-17 after 291 steps
Step: 337 -  phi=0.7360000000000003, PE=8.787395202620003e-17 after 328 steps
Step: 338 -  phi=0.7370000000000003, PE=9.477368444198171e-17 after 300 steps
Step: 339 -  phi=0.7380000000000003, PE=8.923820452412235e-17 after 311 steps
Step: 340 -  phi=0.7390000000000003, PE=9.246508728822193e-17 after 310 steps
Step: 341 -  phi=0.7400000000000003, PE=6.246339541180271e-17 after 307 steps
Step: 342 -  phi=0.7410000000000003, PE=9.73610198300886e-17 after 310 steps
Step: 343 -  phi=0.7420000000000003, PE=9.591705820778722e-17 after 329 steps
Step: 344 -  phi=0.7430000000000003, PE=8.423183447626572e-17 after 298 steps
Step: 345 -  phi=0.7440000000000003, PE=8.925158540793806e-17 after 318 steps
Step: 346 -  phi=0.7450000000000003, PE=8.744326329845056e-17 after 335 steps
Step: 347 -  phi=0.7460000000000003, PE=6.294574613579594e-17 after 308 steps
Step: 348 -  phi=0.7470000000000003, PE=8.580720616157063e-17 after 331 steps
Step: 349 -  phi=0.7480000000000003, PE=9.655697537152855e-17 after 321 steps
Step: 350 -  phi=0.7490000000000003, PE=9.057856727416191e-17 after 347 steps
Step: 351 -  phi=0.7500000000000003, PE=7.450406692848162e-17 after 325 steps
Step: 352 -  phi=0.7510000000000003, PE=5.070605997126802e-17 after 354 steps
Step: 353 -  phi=0.7520000000000003, PE=7.973400484545648e-17 after 351 steps
Step: 354 -  phi=0.7530000000000003, PE=8.449380958294239e-17 after 361 steps
Step: 355 -  phi=0.7540000000000003, PE=9.921620382968335e-17 after 386 steps
Step: 356 -  phi=0.7550000000000003, PE=8.948713861195844e-17 after 364 steps
Step: 357 -  phi=0.7560000000000003, PE=9.422104726505781e-17 after 358 steps
Step: 358 -  phi=0.7570000000000003, PE=9.38928785237619e-17 after 394 steps
Step: 359 -  phi=0.7580000000000003, PE=9.539663268421668e-17 after 394 steps
Step: 360 -  phi=0.7590000000000003, PE=9.56657109610484e-17 after 402 steps
Step: 361 -  phi=0.7600000000000003, PE=6.061072526721192e-17 after 398 steps
Step: 362 -  phi=0.7610000000000003, PE=9.496404964308465e-17 after 460 steps
Step: 363 -  phi=0.7620000000000003, PE=8.913551408176318e-17 after 387 steps
Step: 364 -  phi=0.7630000000000003, PE=8.790511252803043e-17 after 411 steps
Step: 365 -  phi=0.7640000000000003, PE=8.425542998751298e-17 after 456 steps
Step: 366 -  phi=0.7650000000000003, PE=8.509400019215516e-17 after 476 steps
Step: 367 -  phi=0.7660000000000003, PE=7.981967310672294e-17 after 402 steps
Step: 368 -  phi=0.7670000000000003, PE=9.953256941672224e-17 after 461 steps
Step: 369 -  phi=0.7680000000000003, PE=7.338561555679011e-17 after 419 steps
Step: 370 -  phi=0.7690000000000003, PE=9.13213573944049e-17 after 442 steps
Step: 371 -  phi=0.7700000000000004, PE=9.456323441448466e-17 after 465 steps
Step: 372 -  phi=0.7710000000000004, PE=9.229543460119133e-17 after 402 steps
Step: 373 -  phi=0.7720000000000004, PE=7.274412544709648e-17 after 429 steps
Step: 374 -  phi=0.7730000000000004, PE=9.212512963245227e-17 after 438 steps
Step: 375 -  phi=0.7740000000000004, PE=9.049761216261175e-17 after 407 steps
Step: 376 -  phi=0.7750000000000004, PE=8.06374397458246e-17 after 411 steps
Step: 377 -  phi=0.7760000000000004, PE=8.11589467226436e-17 after 420 steps
Step: 378 -  phi=0.7770000000000004, PE=9.760004243785516e-17 after 426 steps
Step: 379 -  phi=0.7780000000000004, PE=9.831192875421625e-17 after 421 steps
Step: 380 -  phi=0.7790000000000004, PE=9.597988607833574e-17 after 434 steps
Step: 381 -  phi=0.7800000000000004, PE=9.62346366033454e-17 after 438 steps
Step: 382 -  phi=0.7810000000000004, PE=8.815580175248221e-17 after 433 steps
Step: 383 -  phi=0.7820000000000004, PE=9.41058841920287e-17 after 442 steps
Step: 384 -  phi=0.7830000000000004, PE=9.907944327042584e-17 after 456 steps
Step: 385 -  phi=0.7840000000000004, PE=9.024624338056015e-17 after 432 steps
Step: 386 -  phi=0.7850000000000004, PE=8.884965854596811e-17 after 431 steps
Step: 387 -  phi=0.7860000000000004, PE=8.983544488190405e-17 after 408 steps
Step: 388 -  phi=0.7870000000000004, PE=8.82442148815621e-17 after 410 steps
Step: 389 -  phi=0.7880000000000004, PE=8.679959494934156e-17 after 408 steps
Step: 390 -  phi=0.7890000000000004, PE=9.119722269088691e-17 after 412 steps
Step: 391 -  phi=0.7900000000000004, PE=9.551595135194831e-17 after 432 steps
Step: 392 -  phi=0.7910000000000004, PE=9.86617112218999e-17 after 469 steps
Step: 393 -  phi=0.7920000000000004, PE=9.874306108155817e-17 after 481 steps
Step: 394 -  phi=0.7930000000000004, PE=8.17325597451327e-17 after 414 steps
Step: 395 -  phi=0.7940000000000004, PE=6.51128106787068e-17 after 412 steps
Step: 396 -  phi=0.7950000000000004, PE=7.319561452105087e-17 after 415 steps
Step: 397 -  phi=0.7960000000000004, PE=6.920161495929812e-17 after 433 steps
Step: 398 -  phi=0.7970000000000004, PE=6.978100367025731e-17 after 485 steps
Step: 399 -  phi=0.7980000000000004, PE=8.934251195027255e-17 after 426 steps
Step: 400 -  phi=0.7990000000000004, PE=9.31803160826206e-17 after 455 steps
Step: 401 -  phi=0.8000000000000004, PE=6.774366514169723e-17 after 429 steps
Step: 402 -  phi=0.8010000000000004, PE=8.557139848670073e-17 after 436 steps
Step: 403 -  phi=0.8020000000000004, PE=7.876327415000676e-17 after 454 steps
Step: 404 -  phi=0.8030000000000004, PE=9.831044598509296e-17 after 497 steps
Step: 405 -  phi=0.8040000000000004, PE=9.830494100522953e-17 after 425 steps
Step: 406 -  phi=0.8050000000000004, PE=9.190247340783136e-17 after 459 steps
Step: 407 -  phi=0.8060000000000004, PE=9.239374784466542e-17 after 433 steps
Step: 408 -  phi=0.8070000000000004, PE=9.971645132334224e-17 after 487 steps
Step: 409 -  phi=0.8080000000000004, PE=9.234878167142669e-17 after 469 steps
Step: 410 -  phi=0.8090000000000004, PE=8.049967980826205e-17 after 446 steps
Step: 411 -  phi=0.8100000000000004, PE=9.810406805709945e-17 after 433 steps
Step: 412 -  phi=0.8110000000000004, PE=8.618018567677673e-17 after 503 steps
Step: 413 -  phi=0.8120000000000004, PE=7.136115059980564e-17 after 465 steps
Step: 414 -  phi=0.8130000000000004, PE=9.547466779332277e-17 after 482 steps
Step: 415 -  phi=0.8140000000000004, PE=9.322398179595752e-17 after 550 steps
Step: 416 -  phi=0.8150000000000004, PE=8.902976844372524e-17 after 490 steps
Step: 417 -  phi=0.8160000000000004, PE=8.777672063361376e-17 after 547 steps
Step: 418 -  phi=0.8170000000000004, PE=8.104254218426743e-17 after 484 steps
Step: 419 -  phi=0.8180000000000004, PE=9.377394153061111e-17 after 558 steps
Step: 420 -  phi=0.8190000000000004, PE=9.870863416839027e-17 after 617 steps
Step: 421 -  phi=0.8200000000000004, PE=9.896796140850688e-17 after 778 steps
Step: 422 -  phi=0.8210000000000004, PE=9.551968219605844e-17 after 712 steps
Step: 423 -  phi=0.8220000000000004, PE=9.775265561044165e-17 after 625 steps
Step: 424 -  phi=0.8230000000000004, PE=9.682308806904296e-17 after 790 steps
Step: 425 -  phi=0.8240000000000004, PE=8.536122231976336e-17 after 674 steps
Step: 426 -  phi=0.8250000000000004, PE=8.770606305105366e-17 after 716 steps
Step: 427 -  phi=0.8260000000000004, PE=9.382035684772666e-17 after 679 steps
Step: 428 -  phi=0.8270000000000004, PE=9.664606014752315e-17 after 1119 steps
Step: 429 -  phi=0.8280000000000004, PE=8.941715672480508e-17 after 917 steps
Step: 430 -  phi=0.8290000000000004, PE=9.9150147912009e-17 after 1207 steps
Step: 431 -  phi=0.8300000000000004, PE=8.928976571177762e-17 after 1043 steps
Step: 432 -  phi=0.8310000000000004, PE=9.810829607136683e-17 after 1503 steps
Step: 433 -  phi=0.8320000000000004, PE=9.595650192428587e-17 after 1446 steps
Step: 434 -  phi=0.8330000000000004, PE=9.793699086198679e-17 after 1788 steps
Step: 435 -  phi=0.8340000000000004, PE=9.587445107535239e-17 after 1747 steps
Step: 436 -  phi=0.8350000000000004, PE=9.301644938044876e-17 after 1721 steps
Step: 437 -  phi=0.8360000000000004, PE=9.81188852119957e-17 after 2189 steps
Step: 438 -  phi=0.8370000000000004, PE=9.673424925840473e-17 after 1927 steps
Step: 439 -  phi=0.8380000000000004, PE=9.763016893797263e-17 after 1709 steps
Step: 440 -  phi=0.8390000000000004, PE=9.643353137760635e-17 after 1414 steps
Step: 441 -  phi=0.8400000000000004, PE=9.645257503903817e-17 after 1629 steps
Step: 442 -  phi=0.8410000000000004, PE=9.960993881279945e-17 after 1709 steps
Step: 443 -  phi=0.8420000000000004, PE=9.996728891971493e-17 after 2304 steps
Step: 444 -  phi=0.8430000000000004, PE=9.86477564988882e-17 after 2677 steps
Step: 445 -  phi=0.8440000000000004, PE=9.913614253818137e-17 after 2800 steps
Step: 446 -  phi=0.8450000000000004, PE=9.573588697039836e-17 after 2396 steps
Step: 447 -  phi=0.8460000000000004, PE=9.891953995511666e-17 after 2573 steps
Step: 448 -  phi=0.8470000000000004, PE=9.848361695987281e-17 after 2515 steps
Step: 449 -  phi=0.8480000000000004, PE=9.963418273330197e-17 after 4240 steps
Step: 450 -  phi=0.8490000000000004, PE=9.911417292836647e-17 after 5762 steps
Step: 451 -  phi=0.8500000000000004, PE=9.892055593826084e-17 after 6252 steps
Step: 452 -  phi=0.8510000000000004, PE=9.772970484463344e-17 after 3871 steps
Step: 453 -  phi=0.8520000000000004, PE=9.964500137964922e-17 after 4059 steps
Step: 454 -  phi=0.8530000000000004, PE=9.961581380441917e-17 after 8433 steps
Step: 455 -  phi=0.8540000000000004, PE=9.943583274084926e-17 after 7961 steps
Step: 456 -  phi=0.8550000000000004, PE=9.736371446674271e-17 after 3912 steps
Step: 457 -  phi=0.8560000000000004, PE=9.913700200039658e-17 after 5093 steps
Step: 458 -  phi=0.8570000000000004, PE=9.987858291256543e-17 after 11986 steps
Step: 459 -  phi=0.8580000000000004, PE=9.850127033752774e-17 after 10541 steps
Step: 460 -  phi=0.8590000000000004, PE=9.998155870788654e-17 after 23029 steps
Step: 461 -  phi=0.8600000000000004, PE=9.976033647089996e-17 after 15922 steps
Step: 462 -  phi=0.8610000000000004, PE=9.994507533995621e-17 after 15833 steps
Step: 463 -  phi=0.8620000000000004, PE=9.985260057059112e-17 after 24446 steps
Step: 464 -  phi=0.8630000000000004, PE=9.988763569968289e-17 after 37904 steps
Step: 465 -  phi=0.8640000000000004, PE=9.994976678193908e-17 after 70449 steps
Step: 466 -  phi=0.8650000000000004, PE=9.99522708533853e-17 after 19306 steps
Step: 467 -  phi=0.8660000000000004, PE=9.987880552888164e-17 after 12283 steps
Step: 468 -  phi=0.8670000000000004, PE=9.992576999491147e-17 after 25572 steps
Step: 469 -  phi=0.8680000000000004, PE=5.056115682799053e-10 after 144251 steps
Step: 470 -  phi=0.8675000000000004, PE=9.995913059684598e-17 after 14175 steps
Step: 471 -  phi=0.8677500000000005, PE=9.993729436978176e-17 after 38618 steps
Step: 472 -  phi=0.8678750000000004, PE=9.998546303879321e-17 after 151477 steps
Step: 473 -  phi=0.8679375000000005, PE=9.996622212352322e-17 after 306358 steps
Step: 474 -  phi=0.8679687500000004, PE=2.3045431351175163e-11 after 188328 steps
Step: 475 -  phi=0.8679531250000004, PE=5.315157293783389e-12 after 190348 steps
Step: 476 -  phi=0.8679453125000005, PE=1.1194887000123501e-12 after 284232 steps
Step: 477 -  phi=0.8679414062500005, PE=1.9365835808365274e-13 after 392781 steps
Step: 478 -  phi=0.8679394531250004, PE=1.9683056383352318e-14 after 1000000 steps
Step: 479 -  phi=0.8679384765625004, PE=9.999974230749578e-17 after 554685 steps
Step: 480 -  phi=0.8679389648437504, PE=3.8983312800461375e-15 after 1000000 steps
Step: 481 -  phi=0.8679387207031255, PE=5.522253969108679e-16 after 1000000 steps
Step: 482 -  phi=0.867938598632813, PE=9.999910182338567e-17 after 265004 steps
Step: 483 -  phi=0.8679386596679692, PE=1.8943642605104694e-16 after 1000000 steps
Step: 484 -  phi=0.8679386291503911, PE=9.999969095313788e-17 after 104091 steps
Step: 485 -  phi=0.8679386444091801, PE=1.2835833611378118e-16 after 1000000 steps
Step: 486 -  phi=0.8679386367797857, PE=1.0226251761406104e-16 after 1000000 steps
Step: 487 -  phi=0.8679386329650884, PE=9.999999349100887e-17 after 238413 steps
Step: 488 -  phi=0.867938634872437, PE=9.999993739764102e-17 after 83687 steps
Step: 489 -  phi=0.8679386358261114, PE=9.999998304739297e-17 after 46202 steps
Step: 490 -  phi=0.8679386363029485, PE=1.0072988392634906e-16 after 1000000 steps
Step: 491 -  phi=0.86793863606453, PE=9.999999997967258e-17 after 47798 steps
Step: 492 -  phi=0.8679386361837393, PE=1.0034853480286472e-16 after 1000000 steps
Step: 493 -  phi=0.8679386361241347, PE=1.001581300693212e-16 after 1000000 steps
Jammed: phi = 0.867939, residual PE = 1.002e-16
