The following modules were not unloaded:
  (Use "module --force purge" to unload all):

  1) StdEnv
sys:1: RuntimeWarning: h5: callable: skipping callable field 'user_pre_step_actions' (<PjitFunction of <function _save_state_system at 0x14a46c75fba0>>); handle explicitly
sys:1: RuntimeWarning: h5: callable: skipping callable field 'user_post_step_actions' (<PjitFunction of <function _save_state_system at 0x14a46c75fba0>>); handle explicitly
/home/rg2248/analysis/summer-26/jam/thomson/jam2d-thomson.py:74: RuntimeWarning: h5: callable: skipping callable field '0' (<function fire.<locals>.init at 0x14a3582ef100>); handle explicitly
  save(system, join(data_root, 'system.h5'))
/home/rg2248/analysis/summer-26/jam/thomson/jam2d-thomson.py:74: RuntimeWarning: h5: callable: skipping callable field '1' (<function fire.<locals>.update at 0x14a3582eefc0>); handle explicitly
  save(system, join(data_root, 'system.h5'))
Initial minimization took 0 steps.
Step: 1 -  phi=0.4, PE=0.0 after 0 steps
Step: 2 -  phi=0.401, PE=0.0 after 122 steps
Step: 3 -  phi=0.402, PE=0.0 after 116 steps
Step: 4 -  phi=0.403, PE=9.347229471851148e-17 after 184 steps
Step: 5 -  phi=0.404, PE=7.7496630992796e-17 after 126 steps
Step: 6 -  phi=0.405, PE=0.0 after 141 steps
Step: 7 -  phi=0.406, PE=4.485041880468492e-17 after 135 steps
Step: 8 -  phi=0.40700000000000003, PE=6.20093466408144e-17 after 141 steps
Step: 9 -  phi=0.40800000000000003, PE=0.0 after 120 steps
Step: 10 -  phi=0.40900000000000003, PE=0.0 after 144 steps
Step: 11 -  phi=0.41000000000000003, PE=0.0 after 129 steps
Step: 12 -  phi=0.41100000000000003, PE=7.728509364580497e-18 after 150 steps
Step: 13 -  phi=0.41200000000000003, PE=0.0 after 120 steps
Step: 14 -  phi=0.41300000000000003, PE=0.0 after 150 steps
Step: 15 -  phi=0.41400000000000003, PE=5.636456438085183e-17 after 166 steps
Step: 16 -  phi=0.41500000000000004, PE=1.2735056382775141e-17 after 156 steps
Step: 17 -  phi=0.41600000000000004, PE=0.0 after 136 steps
Step: 18 -  phi=0.41700000000000004, PE=7.620465249800561e-17 after 161 steps
Step: 19 -  phi=0.41800000000000004, PE=8.347120081947023e-17 after 171 steps
Step: 20 -  phi=0.41900000000000004, PE=0.0 after 140 steps
Step: 21 -  phi=0.42000000000000004, PE=4.608978778947331e-18 after 161 steps
Step: 22 -  phi=0.42100000000000004, PE=0.0 after 139 steps
Step: 23 -  phi=0.42200000000000004, PE=9.218247236897007e-17 after 222 steps
Step: 24 -  phi=0.42300000000000004, PE=4.741477187954839e-17 after 150 steps
Step: 25 -  phi=0.42400000000000004, PE=8.357009128446222e-17 after 141 steps
Step: 26 -  phi=0.42500000000000004, PE=0.0 after 146 steps
Step: 27 -  phi=0.42600000000000005, PE=0.0 after 121 steps
Step: 28 -  phi=0.42700000000000005, PE=0.0 after 138 steps
Step: 29 -  phi=0.42800000000000005, PE=0.0 after 118 steps
Step: 30 -  phi=0.42900000000000005, PE=0.0 after 143 steps
Step: 31 -  phi=0.43000000000000005, PE=9.766920353504344e-17 after 141 steps
Step: 32 -  phi=0.43100000000000005, PE=0.0 after 133 steps
Step: 33 -  phi=0.43200000000000005, PE=0.0 after 140 steps
Step: 34 -  phi=0.43300000000000005, PE=5.4064823948675615e-17 after 146 steps
Step: 35 -  phi=0.43400000000000005, PE=3.992844081280098e-17 after 115 steps
Step: 36 -  phi=0.43500000000000005, PE=6.430943749278958e-18 after 119 steps
Step: 37 -  phi=0.43600000000000005, PE=8.556139337057138e-17 after 135 steps
Step: 38 -  phi=0.43700000000000006, PE=5.967723360620358e-17 after 158 steps
Step: 39 -  phi=0.43800000000000006, PE=5.650772985632774e-17 after 144 steps
Step: 40 -  phi=0.43900000000000006, PE=9.96508725740099e-17 after 206 steps
Step: 41 -  phi=0.44000000000000006, PE=9.026506002779106e-17 after 134 steps
Step: 42 -  phi=0.44100000000000006, PE=8.948978024256826e-17 after 175 steps
Step: 43 -  phi=0.44200000000000006, PE=1.3261121607433124e-17 after 158 steps
Step: 44 -  phi=0.44300000000000006, PE=6.089290017492902e-17 after 111 steps
Step: 45 -  phi=0.44400000000000006, PE=8.732309564491588e-17 after 187 steps
Step: 46 -  phi=0.44500000000000006, PE=0.0 after 115 steps
Step: 47 -  phi=0.44600000000000006, PE=7.286627194280769e-17 after 132 steps
Step: 48 -  phi=0.44700000000000006, PE=7.40934241638925e-17 after 108 steps
Step: 49 -  phi=0.44800000000000006, PE=8.667381392155817e-17 after 136 steps
Step: 50 -  phi=0.44900000000000007, PE=0.0 after 140 steps
Step: 51 -  phi=0.45000000000000007, PE=0.0 after 132 steps
Step: 52 -  phi=0.45100000000000007, PE=9.78817329300537e-17 after 146 steps
Step: 53 -  phi=0.45200000000000007, PE=8.646204930295935e-18 after 157 steps
Step: 54 -  phi=0.45300000000000007, PE=8.232808613746614e-17 after 145 steps
Step: 55 -  phi=0.45400000000000007, PE=5.2674074087236725e-17 after 191 steps
Step: 56 -  phi=0.45500000000000007, PE=8.029864995618897e-17 after 158 steps
Step: 57 -  phi=0.45600000000000007, PE=0.0 after 146 steps
Step: 58 -  phi=0.4570000000000001, PE=1.8613201798094664e-17 after 186 steps
Step: 59 -  phi=0.4580000000000001, PE=9.273146476174899e-17 after 144 steps
Step: 60 -  phi=0.4590000000000001, PE=0.0 after 146 steps
Step: 61 -  phi=0.4600000000000001, PE=0.0 after 139 steps
Step: 62 -  phi=0.4610000000000001, PE=0.0 after 131 steps
Step: 63 -  phi=0.4620000000000001, PE=6.818969311746931e-17 after 180 steps
Step: 64 -  phi=0.4630000000000001, PE=9.502525471878182e-17 after 210 steps
Step: 65 -  phi=0.4640000000000001, PE=1.741950257064322e-17 after 169 steps
Step: 66 -  phi=0.4650000000000001, PE=0.0 after 164 steps
Step: 67 -  phi=0.4660000000000001, PE=8.082755374061271e-17 after 190 steps
Step: 68 -  phi=0.4670000000000001, PE=8.19745440127578e-17 after 191 steps
Step: 69 -  phi=0.4680000000000001, PE=9.087346575248969e-17 after 184 steps
Step: 70 -  phi=0.4690000000000001, PE=5.0467084750694246e-17 after 164 steps
Step: 71 -  phi=0.4700000000000001, PE=0.0 after 143 steps
Step: 72 -  phi=0.4710000000000001, PE=8.483638800737384e-17 after 158 steps
Step: 73 -  phi=0.4720000000000001, PE=0.0 after 145 steps
Step: 74 -  phi=0.4730000000000001, PE=6.301084483121496e-17 after 156 steps
Step: 75 -  phi=0.4740000000000001, PE=0.0 after 152 steps
Step: 76 -  phi=0.4750000000000001, PE=0.0 after 151 steps
Step: 77 -  phi=0.4760000000000001, PE=0.0 after 147 steps
Step: 78 -  phi=0.4770000000000001, PE=2.7317529175545368e-17 after 171 steps
Step: 79 -  phi=0.4780000000000001, PE=0.0 after 151 steps
Step: 80 -  phi=0.4790000000000001, PE=2.5036986697761357e-17 after 164 steps
Step: 81 -  phi=0.4800000000000001, PE=6.883140711069805e-17 after 172 steps
Step: 82 -  phi=0.4810000000000001, PE=5.885683492898848e-17 after 165 steps
Step: 83 -  phi=0.4820000000000001, PE=7.046700572412117e-17 after 140 steps
Step: 84 -  phi=0.4830000000000001, PE=0.0 after 154 steps
Step: 85 -  phi=0.4840000000000001, PE=8.164444615020675e-17 after 174 steps
Step: 86 -  phi=0.4850000000000001, PE=0.0 after 153 steps
Step: 87 -  phi=0.4860000000000001, PE=5.3632061288426346e-17 after 145 steps
Step: 88 -  phi=0.4870000000000001, PE=2.8901542827152757e-17 after 154 steps
Step: 89 -  phi=0.4880000000000001, PE=0.0 after 143 steps
Step: 90 -  phi=0.4890000000000001, PE=0.0 after 141 steps
Step: 91 -  phi=0.4900000000000001, PE=0.0 after 146 steps
Step: 92 -  phi=0.4910000000000001, PE=7.58654189805353e-17 after 138 steps
Step: 93 -  phi=0.4920000000000001, PE=6.655933725735876e-17 after 142 steps
Step: 94 -  phi=0.4930000000000001, PE=0.0 after 139 steps
Step: 95 -  phi=0.4940000000000001, PE=8.255939375206612e-17 after 163 steps
Step: 96 -  phi=0.4950000000000001, PE=7.220555484342967e-17 after 148 steps
Step: 97 -  phi=0.4960000000000001, PE=9.482333416072899e-17 after 202 steps
Step: 98 -  phi=0.4970000000000001, PE=0.0 after 162 steps
Step: 99 -  phi=0.4980000000000001, PE=7.166497583355221e-17 after 213 steps
Step: 100 -  phi=0.4990000000000001, PE=1.5292500589085617e-17 after 175 steps
Step: 101 -  phi=0.5000000000000001, PE=3.5758622056540076e-17 after 186 steps
Step: 102 -  phi=0.5010000000000001, PE=9.098793494883382e-17 after 188 steps
Step: 103 -  phi=0.5020000000000001, PE=0.0 after 153 steps
Step: 104 -  phi=0.5030000000000001, PE=8.414449410532212e-17 after 185 steps
Step: 105 -  phi=0.5040000000000001, PE=3.9915745222796955e-17 after 163 steps
Step: 106 -  phi=0.5050000000000001, PE=1.4890714861831032e-19 after 160 steps
Step: 107 -  phi=0.5060000000000001, PE=9.175094704056234e-17 after 208 steps
Step: 108 -  phi=0.5070000000000001, PE=9.076461877298316e-17 after 141 steps
Step: 109 -  phi=0.5080000000000001, PE=5.646613032583584e-17 after 162 steps
Step: 110 -  phi=0.5090000000000001, PE=3.051615794087187e-17 after 141 steps
Step: 111 -  phi=0.5100000000000001, PE=4.4794109556843775e-17 after 146 steps
Step: 112 -  phi=0.5110000000000001, PE=1.0168864969751557e-17 after 141 steps
Step: 113 -  phi=0.5120000000000001, PE=9.752630544104992e-17 after 170 steps
Step: 114 -  phi=0.5130000000000001, PE=4.962729132805793e-18 after 131 steps
Step: 115 -  phi=0.5140000000000001, PE=7.746707936430719e-17 after 165 steps
Step: 116 -  phi=0.5150000000000001, PE=0.0 after 124 steps
Step: 117 -  phi=0.5160000000000001, PE=9.468990513860567e-17 after 148 steps
Step: 118 -  phi=0.5170000000000001, PE=0.0 after 132 steps
Step: 119 -  phi=0.5180000000000001, PE=8.6954061506726e-17 after 149 steps
Step: 120 -  phi=0.5190000000000001, PE=3.6185486504149845e-18 after 120 steps
Step: 121 -  phi=0.5200000000000001, PE=6.441135864912806e-17 after 138 steps
Step: 122 -  phi=0.5210000000000001, PE=0.0 after 123 steps
Step: 123 -  phi=0.5220000000000001, PE=5.758608452395519e-17 after 163 steps
Step: 124 -  phi=0.5230000000000001, PE=9.612140119167726e-17 after 171 steps
Step: 125 -  phi=0.5240000000000001, PE=0.0 after 157 steps
Step: 126 -  phi=0.5250000000000001, PE=0.0 after 141 steps
Step: 127 -  phi=0.5260000000000001, PE=5.416809815403045e-17 after 152 steps
Step: 128 -  phi=0.5270000000000001, PE=5.612100082530206e-17 after 163 steps
Step: 129 -  phi=0.5280000000000001, PE=7.962870527255208e-17 after 167 steps
Step: 130 -  phi=0.5290000000000001, PE=8.703650074632771e-17 after 162 steps
Step: 131 -  phi=0.5300000000000001, PE=9.988927747680445e-17 after 155 steps
Step: 132 -  phi=0.5310000000000001, PE=0.0 after 141 steps
Step: 133 -  phi=0.5320000000000001, PE=0.0 after 157 steps
Step: 134 -  phi=0.5330000000000001, PE=0.0 after 154 steps
Step: 135 -  phi=0.5340000000000001, PE=7.822526895518811e-17 after 151 steps
Step: 136 -  phi=0.5350000000000001, PE=0.0 after 146 steps
Step: 137 -  phi=0.5360000000000001, PE=0.0 after 147 steps
Step: 138 -  phi=0.5370000000000001, PE=9.651004013279097e-17 after 153 steps
Step: 139 -  phi=0.5380000000000001, PE=4.0755261774170663e-17 after 158 steps
Step: 140 -  phi=0.5390000000000001, PE=9.831640784208363e-17 after 184 steps
Step: 141 -  phi=0.5400000000000001, PE=2.692539413674243e-17 after 141 steps
Step: 142 -  phi=0.5410000000000001, PE=9.340871336890578e-17 after 167 steps
Step: 143 -  phi=0.5420000000000001, PE=3.821508678688443e-18 after 154 steps
Step: 144 -  phi=0.5430000000000001, PE=5.88084233550705e-17 after 147 steps
Step: 145 -  phi=0.5440000000000002, PE=9.795438096921597e-17 after 168 steps
Step: 146 -  phi=0.5450000000000002, PE=4.536138191323202e-17 after 148 steps
Step: 147 -  phi=0.5460000000000002, PE=0.0 after 143 steps
Step: 148 -  phi=0.5470000000000002, PE=0.0 after 141 steps
Step: 149 -  phi=0.5480000000000002, PE=0.0 after 148 steps
Step: 150 -  phi=0.5490000000000002, PE=3.0281284930650374e-17 after 142 steps
Step: 151 -  phi=0.5500000000000002, PE=7.051870460394538e-17 after 148 steps
Step: 152 -  phi=0.5510000000000002, PE=9.355135375467928e-17 after 165 steps
Step: 153 -  phi=0.5520000000000002, PE=4.902410510326688e-17 after 149 steps
Step: 154 -  phi=0.5530000000000002, PE=0.0 after 145 steps
Step: 155 -  phi=0.5540000000000002, PE=3.907102256497428e-17 after 168 steps
Step: 156 -  phi=0.5550000000000002, PE=6.950772536854585e-17 after 188 steps
Step: 157 -  phi=0.5560000000000002, PE=0.0 after 165 steps
Step: 158 -  phi=0.5570000000000002, PE=0.0 after 147 steps
Step: 159 -  phi=0.5580000000000002, PE=0.0 after 152 steps
Step: 160 -  phi=0.5590000000000002, PE=3.089598543556029e-17 after 160 steps
Step: 161 -  phi=0.5600000000000002, PE=5.015501230002222e-17 after 156 steps
Step: 162 -  phi=0.5610000000000002, PE=6.17970751502756e-17 after 183 steps
Step: 163 -  phi=0.5620000000000002, PE=2.716800732267295e-17 after 151 steps
Step: 164 -  phi=0.5630000000000002, PE=0.0 after 157 steps
Step: 165 -  phi=0.5640000000000002, PE=7.18332124382324e-17 after 159 steps
Step: 166 -  phi=0.5650000000000002, PE=0.0 after 137 steps
Step: 167 -  phi=0.5660000000000002, PE=7.063156207135011e-18 after 167 steps
Step: 168 -  phi=0.5670000000000002, PE=6.053208234751525e-17 after 153 steps
Step: 169 -  phi=0.5680000000000002, PE=1.3609642671592555e-17 after 168 steps
Step: 170 -  phi=0.5690000000000002, PE=7.589843047566599e-17 after 188 steps
Step: 171 -  phi=0.5700000000000002, PE=4.4453285898441185e-17 after 165 steps
Step: 172 -  phi=0.5710000000000002, PE=7.38884223182803e-17 after 168 steps
Step: 173 -  phi=0.5720000000000002, PE=7.462336832848582e-17 after 165 steps
Step: 174 -  phi=0.5730000000000002, PE=6.472287516613981e-17 after 170 steps
Step: 175 -  phi=0.5740000000000002, PE=4.015704424317518e-17 after 161 steps
Step: 176 -  phi=0.5750000000000002, PE=1.1764734321789206e-18 after 155 steps
Step: 177 -  phi=0.5760000000000002, PE=0.0 after 152 steps
Step: 178 -  phi=0.5770000000000002, PE=0.0 after 158 steps
Step: 179 -  phi=0.5780000000000002, PE=7.132892945955482e-17 after 191 steps
Step: 180 -  phi=0.5790000000000002, PE=7.61899891278869e-17 after 177 steps
Step: 181 -  phi=0.5800000000000002, PE=0.0 after 163 steps
Step: 182 -  phi=0.5810000000000002, PE=3.246926081333982e-17 after 166 steps
Step: 183 -  phi=0.5820000000000002, PE=7.92428767640668e-17 after 176 steps
Step: 184 -  phi=0.5830000000000002, PE=9.871064709404699e-17 after 184 steps
Step: 185 -  phi=0.5840000000000002, PE=7.292319757427312e-17 after 172 steps
Step: 186 -  phi=0.5850000000000002, PE=7.484268846284273e-17 after 184 steps
Step: 187 -  phi=0.5860000000000002, PE=3.483931354291692e-17 after 171 steps
Step: 188 -  phi=0.5870000000000002, PE=7.811963509327442e-17 after 196 steps
Step: 189 -  phi=0.5880000000000002, PE=5.125835824882073e-17 after 177 steps
Step: 190 -  phi=0.5890000000000002, PE=4.621399100285209e-17 after 172 steps
Step: 191 -  phi=0.5900000000000002, PE=1.580428432786111e-17 after 176 steps
Step: 192 -  phi=0.5910000000000002, PE=7.956870975776632e-17 after 176 steps
Step: 193 -  phi=0.5920000000000002, PE=5.805609198883104e-17 after 169 steps
Step: 194 -  phi=0.5930000000000002, PE=2.675962311312875e-17 after 166 steps
Step: 195 -  phi=0.5940000000000002, PE=1.918004928436739e-17 after 181 steps
Step: 196 -  phi=0.5950000000000002, PE=8.798898613022722e-17 after 171 steps
Step: 197 -  phi=0.5960000000000002, PE=9.573165242146059e-17 after 175 steps
Step: 198 -  phi=0.5970000000000002, PE=0.0 after 166 steps
Step: 199 -  phi=0.5980000000000002, PE=2.9724235896146026e-17 after 170 steps
Step: 200 -  phi=0.5990000000000002, PE=0.0 after 152 steps
Step: 201 -  phi=0.6000000000000002, PE=0.0 after 160 steps
Step: 202 -  phi=0.6010000000000002, PE=5.503848736838604e-17 after 165 steps
Step: 203 -  phi=0.6020000000000002, PE=0.0 after 149 steps
Step: 204 -  phi=0.6030000000000002, PE=8.524141682311964e-17 after 189 steps
Step: 205 -  phi=0.6040000000000002, PE=8.830534589458632e-17 after 198 steps
Step: 206 -  phi=0.6050000000000002, PE=3.796882885998375e-17 after 178 steps
Step: 207 -  phi=0.6060000000000002, PE=2.3241420064494414e-17 after 176 steps
Step: 208 -  phi=0.6070000000000002, PE=0.0 after 158 steps
Step: 209 -  phi=0.6080000000000002, PE=0.0 after 174 steps
Step: 210 -  phi=0.6090000000000002, PE=7.970232900807931e-17 after 183 steps
Step: 211 -  phi=0.6100000000000002, PE=9.243955273515989e-17 after 177 steps
Step: 212 -  phi=0.6110000000000002, PE=7.532855053417513e-17 after 177 steps
Step: 213 -  phi=0.6120000000000002, PE=9.370644417956734e-17 after 166 steps
Step: 214 -  phi=0.6130000000000002, PE=2.5935827997322842e-17 after 159 steps
Step: 215 -  phi=0.6140000000000002, PE=2.2833299474389864e-17 after 167 steps
Step: 216 -  phi=0.6150000000000002, PE=0.0 after 148 steps
Step: 217 -  phi=0.6160000000000002, PE=6.975603536512386e-17 after 164 steps
Step: 218 -  phi=0.6170000000000002, PE=5.716610505213378e-17 after 167 steps
Step: 219 -  phi=0.6180000000000002, PE=8.11027194651017e-17 after 177 steps
Step: 220 -  phi=0.6190000000000002, PE=8.846555965937725e-17 after 213 steps
Step: 221 -  phi=0.6200000000000002, PE=0.0 after 158 steps
Step: 222 -  phi=0.6210000000000002, PE=0.0 after 168 steps
Step: 223 -  phi=0.6220000000000002, PE=7.551568613109504e-17 after 202 steps
Step: 224 -  phi=0.6230000000000002, PE=5.684719505186298e-17 after 154 steps
Step: 225 -  phi=0.6240000000000002, PE=4.98812742512818e-17 after 163 steps
Step: 226 -  phi=0.6250000000000002, PE=7.033399120847262e-17 after 158 steps
Step: 227 -  phi=0.6260000000000002, PE=0.0 after 158 steps
Step: 228 -  phi=0.6270000000000002, PE=4.29211623883492e-17 after 172 steps
Step: 229 -  phi=0.6280000000000002, PE=6.969150848539112e-17 after 191 steps
Step: 230 -  phi=0.6290000000000002, PE=3.301737807765484e-17 after 158 steps
Step: 231 -  phi=0.6300000000000002, PE=8.885557598857913e-18 after 171 steps
Step: 232 -  phi=0.6310000000000002, PE=9.775811517577924e-17 after 159 steps
Step: 233 -  phi=0.6320000000000002, PE=3.8617859546582846e-17 after 168 steps
Step: 234 -  phi=0.6330000000000002, PE=3.912229499259901e-17 after 164 steps
Step: 235 -  phi=0.6340000000000002, PE=8.971314369553648e-17 after 176 steps
Step: 236 -  phi=0.6350000000000002, PE=6.060971937484913e-17 after 181 steps
Step: 237 -  phi=0.6360000000000002, PE=1.2934554221119936e-17 after 164 steps
Step: 238 -  phi=0.6370000000000002, PE=3.638208049695109e-17 after 158 steps
Step: 239 -  phi=0.6380000000000002, PE=4.316587045547587e-17 after 166 steps
Step: 240 -  phi=0.6390000000000002, PE=8.201881072462669e-17 after 167 steps
Step: 241 -  phi=0.6400000000000002, PE=7.547580365638682e-17 after 174 steps
Step: 242 -  phi=0.6410000000000002, PE=9.809459185495867e-17 after 163 steps
Step: 243 -  phi=0.6420000000000002, PE=0.0 after 191 steps
Step: 244 -  phi=0.6430000000000002, PE=4.91872783600441e-17 after 188 steps
Step: 245 -  phi=0.6440000000000002, PE=8.298583398931629e-18 after 164 steps
Step: 246 -  phi=0.6450000000000002, PE=5.337218305760478e-17 after 166 steps
Step: 247 -  phi=0.6460000000000002, PE=8.401293486818554e-17 after 179 steps
Step: 248 -  phi=0.6470000000000002, PE=8.976849381335803e-17 after 177 steps
Step: 249 -  phi=0.6480000000000002, PE=6.074334966090299e-17 after 169 steps
Step: 250 -  phi=0.6490000000000002, PE=6.683887311420009e-17 after 176 steps
Step: 251 -  phi=0.6500000000000002, PE=0.0 after 211 steps
Step: 252 -  phi=0.6510000000000002, PE=0.0 after 189 steps
Step: 253 -  phi=0.6520000000000002, PE=0.0 after 193 steps
Step: 254 -  phi=0.6530000000000002, PE=9.094057690208167e-17 after 186 steps
Step: 255 -  phi=0.6540000000000002, PE=0.0 after 177 steps
Step: 256 -  phi=0.6550000000000002, PE=0.0 after 198 steps
Step: 257 -  phi=0.6560000000000002, PE=0.0 after 223 steps
Step: 258 -  phi=0.6570000000000003, PE=7.333396697431613e-17 after 207 steps
Step: 259 -  phi=0.6580000000000003, PE=0.0 after 198 steps
Step: 260 -  phi=0.6590000000000003, PE=3.634788840027016e-17 after 200 steps
Step: 261 -  phi=0.6600000000000003, PE=7.453147060937358e-17 after 218 steps
Step: 262 -  phi=0.6610000000000003, PE=8.32671230599196e-17 after 213 steps
Step: 263 -  phi=0.6620000000000003, PE=9.298529577316559e-17 after 227 steps
Step: 264 -  phi=0.6630000000000003, PE=9.478632000725894e-17 after 225 steps
Step: 265 -  phi=0.6640000000000003, PE=6.781145015458242e-17 after 199 steps
Step: 266 -  phi=0.6650000000000003, PE=6.685999798342465e-17 after 242 steps
Step: 267 -  phi=0.6660000000000003, PE=4.352051963370076e-17 after 219 steps
Step: 268 -  phi=0.6670000000000003, PE=7.302026968495352e-17 after 203 steps
Step: 269 -  phi=0.6680000000000003, PE=7.740090891882233e-17 after 223 steps
Step: 270 -  phi=0.6690000000000003, PE=2.9527963804045026e-17 after 212 steps
Step: 271 -  phi=0.6700000000000003, PE=7.758610034431081e-17 after 208 steps
Step: 272 -  phi=0.6710000000000003, PE=9.5116349388052e-17 after 225 steps
Step: 273 -  phi=0.6720000000000003, PE=3.9459726068721636e-17 after 248 steps
Step: 274 -  phi=0.6730000000000003, PE=6.929259307505274e-17 after 232 steps
Step: 275 -  phi=0.6740000000000003, PE=5.972932566348244e-17 after 254 steps
Step: 276 -  phi=0.6750000000000003, PE=5.244557565099049e-17 after 241 steps
Step: 277 -  phi=0.6760000000000003, PE=1.7713194465037644e-17 after 236 steps
Step: 278 -  phi=0.6770000000000003, PE=7.399920015874978e-17 after 245 steps
Step: 279 -  phi=0.6780000000000003, PE=8.240001814728037e-17 after 239 steps
Step: 280 -  phi=0.6790000000000003, PE=6.663515493673421e-17 after 231 steps
Step: 281 -  phi=0.6800000000000003, PE=5.996649087527324e-17 after 235 steps
Step: 282 -  phi=0.6810000000000003, PE=8.997048131854413e-17 after 258 steps
Step: 283 -  phi=0.6820000000000003, PE=6.940504448983936e-17 after 244 steps
Step: 284 -  phi=0.6830000000000003, PE=4.066871216481278e-17 after 249 steps
Step: 285 -  phi=0.6840000000000003, PE=5.780398377619228e-17 after 235 steps
Step: 286 -  phi=0.6850000000000003, PE=0.0 after 256 steps
Step: 287 -  phi=0.6860000000000003, PE=9.025393178499056e-17 after 255 steps
Step: 288 -  phi=0.6870000000000003, PE=4.31022971733969e-17 after 229 steps
Step: 289 -  phi=0.6880000000000003, PE=5.417313373391977e-17 after 251 steps
Step: 290 -  phi=0.6890000000000003, PE=8.88465996946098e-17 after 236 steps
Step: 291 -  phi=0.6900000000000003, PE=8.489795259941522e-17 after 245 steps
Step: 292 -  phi=0.6910000000000003, PE=9.402688042948322e-17 after 250 steps
Step: 293 -  phi=0.6920000000000003, PE=9.798136403286322e-17 after 315 steps
Step: 294 -  phi=0.6930000000000003, PE=9.865317589486274e-17 after 257 steps
Step: 295 -  phi=0.6940000000000003, PE=9.446365971299624e-17 after 236 steps
Step: 296 -  phi=0.6950000000000003, PE=3.611868576388681e-17 after 268 steps
Step: 297 -  phi=0.6960000000000003, PE=3.565837098569869e-17 after 226 steps
Step: 298 -  phi=0.6970000000000003, PE=8.368135543054655e-17 after 248 steps
Step: 299 -  phi=0.6980000000000003, PE=8.358621292399025e-17 after 223 steps
Step: 300 -  phi=0.6990000000000003, PE=4.032021424630976e-17 after 233 steps
Step: 301 -  phi=0.7000000000000003, PE=3.3069879987472245e-17 after 229 steps
Step: 302 -  phi=0.7010000000000003, PE=8.441158554096141e-17 after 276 steps
Step: 303 -  phi=0.7020000000000003, PE=7.268056310023712e-17 after 256 steps
Step: 304 -  phi=0.7030000000000003, PE=8.780795772601849e-17 after 237 steps
Step: 305 -  phi=0.7040000000000003, PE=9.680211052792138e-17 after 238 steps
Step: 306 -  phi=0.7050000000000003, PE=9.501007045672586e-17 after 235 steps
Step: 307 -  phi=0.7060000000000003, PE=7.484126267176357e-17 after 236 steps
Step: 308 -  phi=0.7070000000000003, PE=9.814640013238825e-17 after 222 steps
Step: 309 -  phi=0.7080000000000003, PE=2.0620794735083176e-17 after 233 steps
Step: 310 -  phi=0.7090000000000003, PE=7.790796833110481e-17 after 231 steps
Step: 311 -  phi=0.7100000000000003, PE=8.912725875965683e-17 after 298 steps
Step: 312 -  phi=0.7110000000000003, PE=1.5701030502282875e-17 after 238 steps
Step: 313 -  phi=0.7120000000000003, PE=9.354278439035104e-17 after 268 steps
Step: 314 -  phi=0.7130000000000003, PE=9.768932994863087e-17 after 251 steps
Step: 315 -  phi=0.7140000000000003, PE=5.773064179420867e-17 after 289 steps
Step: 316 -  phi=0.7150000000000003, PE=8.612979840614399e-17 after 278 steps
Step: 317 -  phi=0.7160000000000003, PE=9.332924444334262e-17 after 276 steps
Step: 318 -  phi=0.7170000000000003, PE=6.895162965596178e-17 after 264 steps
Step: 319 -  phi=0.7180000000000003, PE=9.934217817584373e-17 after 260 steps
Step: 320 -  phi=0.7190000000000003, PE=9.49577934231048e-17 after 257 steps
Step: 321 -  phi=0.7200000000000003, PE=9.725976293356255e-17 after 255 steps
Step: 322 -  phi=0.7210000000000003, PE=6.451518895312212e-17 after 265 steps
Step: 323 -  phi=0.7220000000000003, PE=7.987265306603412e-17 after 241 steps
Step: 324 -  phi=0.7230000000000003, PE=6.881039653006861e-17 after 247 steps
Step: 325 -  phi=0.7240000000000003, PE=7.389733667670906e-17 after 291 steps
Step: 326 -  phi=0.7250000000000003, PE=7.185960158582707e-17 after 247 steps
Step: 327 -  phi=0.7260000000000003, PE=3.127000327055553e-17 after 253 steps
Step: 328 -  phi=0.7270000000000003, PE=5.342963811962411e-17 after 258 steps
Step: 329 -  phi=0.7280000000000003, PE=4.6888625156855596e-17 after 247 steps
Step: 330 -  phi=0.7290000000000003, PE=9.657391924254018e-17 after 238 steps
Step: 331 -  phi=0.7300000000000003, PE=9.654950475027072e-17 after 257 steps
Step: 332 -  phi=0.7310000000000003, PE=9.231689851844592e-17 after 242 steps
Step: 333 -  phi=0.7320000000000003, PE=8.511089216144543e-17 after 261 steps
Step: 334 -  phi=0.7330000000000003, PE=8.528337004512325e-17 after 266 steps
Step: 335 -  phi=0.7340000000000003, PE=9.688323220531288e-17 after 264 steps
Step: 336 -  phi=0.7350000000000003, PE=8.641750965435442e-17 after 260 steps
Step: 337 -  phi=0.7360000000000003, PE=4.051878600705018e-17 after 278 steps
Step: 338 -  phi=0.7370000000000003, PE=9.434439966383585e-17 after 274 steps
Step: 339 -  phi=0.7380000000000003, PE=9.854616781290011e-17 after 328 steps
Step: 340 -  phi=0.7390000000000003, PE=4.73374703938297e-17 after 278 steps
Step: 341 -  phi=0.7400000000000003, PE=7.350483952162791e-17 after 271 steps
Step: 342 -  phi=0.7410000000000003, PE=8.597305152270321e-17 after 286 steps
Step: 343 -  phi=0.7420000000000003, PE=8.849528759271506e-17 after 274 steps
Step: 344 -  phi=0.7430000000000003, PE=8.572798700150534e-17 after 264 steps
Step: 345 -  phi=0.7440000000000003, PE=9.401833787321261e-17 after 314 steps
Step: 346 -  phi=0.7450000000000003, PE=8.665241654792958e-17 after 283 steps
Step: 347 -  phi=0.7460000000000003, PE=9.138695915027703e-17 after 290 steps
Step: 348 -  phi=0.7470000000000003, PE=7.584572352031203e-17 after 281 steps
Step: 349 -  phi=0.7480000000000003, PE=3.435821568250593e-17 after 296 steps
Step: 350 -  phi=0.7490000000000003, PE=9.561498559690618e-17 after 264 steps
Step: 351 -  phi=0.7500000000000003, PE=7.382182180469015e-17 after 288 steps
Step: 352 -  phi=0.7510000000000003, PE=8.628196214620912e-17 after 282 steps
Step: 353 -  phi=0.7520000000000003, PE=4.729168094969363e-17 after 272 steps
Step: 354 -  phi=0.7530000000000003, PE=6.738977987380518e-18 after 262 steps
Step: 355 -  phi=0.7540000000000003, PE=4.9170667556115796e-17 after 268 steps
Step: 356 -  phi=0.7550000000000003, PE=0.0 after 276 steps
Step: 357 -  phi=0.7560000000000003, PE=2.7067924346171934e-17 after 253 steps
Step: 358 -  phi=0.7570000000000003, PE=8.066132956826617e-17 after 313 steps
Step: 359 -  phi=0.7580000000000003, PE=7.807737133653905e-17 after 275 steps
Step: 360 -  phi=0.7590000000000003, PE=9.08345170878771e-17 after 290 steps
Step: 361 -  phi=0.7600000000000003, PE=5.759202275396281e-17 after 312 steps
Step: 362 -  phi=0.7610000000000003, PE=9.059069783240638e-17 after 308 steps
Step: 363 -  phi=0.7620000000000003, PE=4.1379440145938617e-17 after 291 steps
Step: 364 -  phi=0.7630000000000003, PE=9.464884895525175e-17 after 300 steps
Step: 365 -  phi=0.7640000000000003, PE=2.195447953774065e-17 after 291 steps
Step: 366 -  phi=0.7650000000000003, PE=9.550076462379551e-17 after 279 steps
Step: 367 -  phi=0.7660000000000003, PE=9.221360532910737e-17 after 296 steps
Step: 368 -  phi=0.7670000000000003, PE=8.5492730001207e-17 after 285 steps
Step: 369 -  phi=0.7680000000000003, PE=0.0 after 306 steps
Step: 370 -  phi=0.7690000000000003, PE=4.635569240983541e-17 after 288 steps
Step: 371 -  phi=0.7700000000000004, PE=6.203117400348808e-17 after 306 steps
Step: 372 -  phi=0.7710000000000004, PE=9.919033760547909e-17 after 291 steps
Step: 373 -  phi=0.7720000000000004, PE=2.3113502770334025e-17 after 301 steps
Step: 374 -  phi=0.7730000000000004, PE=9.230349644611722e-17 after 284 steps
Step: 375 -  phi=0.7740000000000004, PE=9.333686590656132e-17 after 331 steps
Step: 376 -  phi=0.7750000000000004, PE=5.600894449934529e-17 after 271 steps
Step: 377 -  phi=0.7760000000000004, PE=8.235923907568812e-17 after 275 steps
Step: 378 -  phi=0.7770000000000004, PE=9.045108338049112e-17 after 337 steps
Step: 379 -  phi=0.7780000000000004, PE=8.945520872301209e-17 after 298 steps
Step: 380 -  phi=0.7790000000000004, PE=9.324717117371768e-17 after 283 steps
Step: 381 -  phi=0.7800000000000004, PE=8.372480577687339e-17 after 343 steps
Step: 382 -  phi=0.7810000000000004, PE=9.285375505452359e-17 after 361 steps
Step: 383 -  phi=0.7820000000000004, PE=3.7683079101613576e-17 after 314 steps
Step: 384 -  phi=0.7830000000000004, PE=6.234476185947448e-17 after 332 steps
Step: 385 -  phi=0.7840000000000004, PE=9.346625330383691e-17 after 332 steps
Step: 386 -  phi=0.7850000000000004, PE=9.57071366348967e-17 after 321 steps
Step: 387 -  phi=0.7860000000000004, PE=9.129950738149706e-17 after 419 steps
Step: 388 -  phi=0.7870000000000004, PE=5.900699009359296e-17 after 338 steps
Step: 389 -  phi=0.7880000000000004, PE=9.882552354724394e-17 after 369 steps
Step: 390 -  phi=0.7890000000000004, PE=9.355476144000044e-17 after 393 steps
Step: 391 -  phi=0.7900000000000004, PE=8.256217273592755e-17 after 367 steps
Step: 392 -  phi=0.7910000000000004, PE=8.406408911501243e-17 after 363 steps
Step: 393 -  phi=0.7920000000000004, PE=9.928905034321122e-17 after 431 steps
Step: 394 -  phi=0.7930000000000004, PE=9.42600366161426e-17 after 369 steps
Step: 395 -  phi=0.7940000000000004, PE=8.78156173562435e-17 after 359 steps
Step: 396 -  phi=0.7950000000000004, PE=9.145069245625566e-17 after 379 steps
Step: 397 -  phi=0.7960000000000004, PE=9.956242391147915e-17 after 404 steps
Step: 398 -  phi=0.7970000000000004, PE=8.825505954299527e-17 after 447 steps
Step: 399 -  phi=0.7980000000000004, PE=9.29568810057632e-17 after 421 steps
Step: 400 -  phi=0.7990000000000004, PE=7.802947425610548e-17 after 422 steps
Step: 401 -  phi=0.8000000000000004, PE=8.16391333501735e-17 after 453 steps
Step: 402 -  phi=0.8010000000000004, PE=6.888193906294327e-17 after 382 steps
Step: 403 -  phi=0.8020000000000004, PE=9.774913254347865e-17 after 390 steps
Step: 404 -  phi=0.8030000000000004, PE=8.795270337109298e-17 after 380 steps
Step: 405 -  phi=0.8040000000000004, PE=1.8205616054299052e-17 after 374 steps
Step: 406 -  phi=0.8050000000000004, PE=8.361098805520193e-17 after 431 steps
Step: 407 -  phi=0.8060000000000004, PE=8.178018233554407e-17 after 434 steps
Step: 408 -  phi=0.8070000000000004, PE=8.713212002702878e-17 after 439 steps
Step: 409 -  phi=0.8080000000000004, PE=8.470737650154195e-17 after 478 steps
Step: 410 -  phi=0.8090000000000004, PE=7.7863026374517e-17 after 461 steps
Step: 411 -  phi=0.8100000000000004, PE=9.309252710329254e-17 after 430 steps
Step: 412 -  phi=0.8110000000000004, PE=8.114117066335334e-17 after 447 steps
Step: 413 -  phi=0.8120000000000004, PE=9.426077367842856e-17 after 507 steps
Step: 414 -  phi=0.8130000000000004, PE=8.753444597398235e-17 after 445 steps
Step: 415 -  phi=0.8140000000000004, PE=9.889364523753976e-17 after 603 steps
Step: 416 -  phi=0.8150000000000004, PE=9.118533278254383e-17 after 661 steps
Step: 417 -  phi=0.8160000000000004, PE=9.347714182873642e-17 after 559 steps
Step: 418 -  phi=0.8170000000000004, PE=9.903760749017866e-17 after 662 steps
Step: 419 -  phi=0.8180000000000004, PE=9.975470787662941e-17 after 589 steps
Step: 420 -  phi=0.8190000000000004, PE=8.154571247134449e-17 after 591 steps
Step: 421 -  phi=0.8200000000000004, PE=7.977703112800891e-17 after 519 steps
Step: 422 -  phi=0.8210000000000004, PE=9.888365272517747e-17 after 617 steps
Step: 423 -  phi=0.8220000000000004, PE=9.383705137655047e-17 after 585 steps
Step: 424 -  phi=0.8230000000000004, PE=9.431111232973042e-17 after 868 steps
Step: 425 -  phi=0.8240000000000004, PE=9.989079457997063e-17 after 882 steps
Step: 426 -  phi=0.8250000000000004, PE=9.591932965401256e-17 after 562 steps
Step: 427 -  phi=0.8260000000000004, PE=9.913533096988387e-17 after 695 steps
Step: 428 -  phi=0.8270000000000004, PE=9.845758181556779e-17 after 640 steps
Step: 429 -  phi=0.8280000000000004, PE=8.576422872624862e-17 after 686 steps
Step: 430 -  phi=0.8290000000000004, PE=9.500967237729291e-17 after 714 steps
Step: 431 -  phi=0.8300000000000004, PE=8.93778125408033e-17 after 714 steps
Step: 432 -  phi=0.8310000000000004, PE=9.846082464917752e-17 after 1078 steps
Step: 433 -  phi=0.8320000000000004, PE=9.471882860810924e-17 after 866 steps
Step: 434 -  phi=0.8330000000000004, PE=9.907137555203954e-17 after 747 steps
Step: 435 -  phi=0.8340000000000004, PE=8.946418343503665e-17 after 772 steps
Step: 436 -  phi=0.8350000000000004, PE=9.735238353644535e-17 after 1072 steps
Step: 437 -  phi=0.8360000000000004, PE=9.432814350183774e-17 after 1362 steps
Step: 438 -  phi=0.8370000000000004, PE=9.498146578489789e-17 after 1029 steps
Step: 439 -  phi=0.8380000000000004, PE=9.136712358514417e-17 after 1214 steps
Step: 440 -  phi=0.8390000000000004, PE=9.765328088349256e-17 after 1184 steps
Step: 441 -  phi=0.8400000000000004, PE=9.5703223478354e-17 after 1112 steps
Step: 442 -  phi=0.8410000000000004, PE=9.603845042406887e-17 after 1553 steps
Step: 443 -  phi=0.8420000000000004, PE=9.254080699437062e-17 after 1127 steps
Step: 444 -  phi=0.8430000000000004, PE=9.48974000779237e-17 after 1347 steps
Step: 445 -  phi=0.8440000000000004, PE=9.409199768174483e-17 after 1643 steps
Step: 446 -  phi=0.8450000000000004, PE=9.777758980225568e-17 after 1292 steps
Step: 447 -  phi=0.8460000000000004, PE=9.57872219916696e-17 after 1721 steps
Step: 448 -  phi=0.8470000000000004, PE=9.727114554571129e-17 after 1703 steps
Step: 449 -  phi=0.8480000000000004, PE=9.887739092771681e-17 after 1597 steps
Step: 450 -  phi=0.8490000000000004, PE=9.843015664341049e-17 after 1754 steps
Step: 451 -  phi=0.8500000000000004, PE=9.940898638204676e-17 after 2460 steps
Step: 452 -  phi=0.8510000000000004, PE=9.991030190910831e-17 after 4010 steps
Step: 453 -  phi=0.8520000000000004, PE=9.909374322300452e-17 after 5370 steps
Step: 454 -  phi=0.8530000000000004, PE=9.946794290785571e-17 after 5050 steps
Step: 455 -  phi=0.8540000000000004, PE=9.76888145117208e-17 after 3437 steps
Step: 456 -  phi=0.8550000000000004, PE=9.956542279775197e-17 after 5302 steps
Step: 457 -  phi=0.8560000000000004, PE=9.93986678161652e-17 after 6970 steps
Step: 458 -  phi=0.8570000000000004, PE=9.89915273529634e-17 after 6662 steps
Step: 459 -  phi=0.8580000000000004, PE=9.987489895528101e-17 after 12578 steps
Step: 460 -  phi=0.8590000000000004, PE=9.995022801913738e-17 after 28697 steps
Step: 461 -  phi=0.8600000000000004, PE=9.996331456768822e-17 after 10053 steps
Step: 462 -  phi=0.8610000000000004, PE=9.99040419320811e-17 after 35416 steps
Step: 463 -  phi=0.8620000000000004, PE=2.4502436342757775e-09 after 91478 steps
Step: 464 -  phi=0.8615000000000004, PE=9.998653837272628e-17 after 185890 steps
Step: 465 -  phi=0.8617500000000005, PE=9.999802919716882e-17 after 141598 steps
Step: 466 -  phi=0.8618750000000004, PE=7.63208753717221e-12 after 347791 steps
Step: 467 -  phi=0.8618125000000004, PE=9.997314732068805e-17 after 42650 steps
Step: 468 -  phi=0.8618437500000005, PE=9.999372589021102e-17 after 163518 steps
Step: 469 -  phi=0.8618593750000004, PE=4.069534861544915e-16 after 1000000 steps
Step: 470 -  phi=0.8618515625000005, PE=9.99962629531173e-17 after 223070 steps
Step: 471 -  phi=0.8618554687500004, PE=9.999746754325094e-17 after 280039 steps
Step: 472 -  phi=0.8618574218750004, PE=9.999827838594652e-17 after 889039 steps
Step: 473 -  phi=0.8618583984375003, PE=9.999521850240687e-17 after 609748 steps
Step: 474 -  phi=0.8618588867187504, PE=9.999933477384156e-17 after 274617 steps
Step: 475 -  phi=0.8618591308593755, PE=9.999028171670444e-17 after 971559 steps
Step: 476 -  phi=0.861859252929688, PE=9.999918897385905e-17 after 59286 steps
Step: 477 -  phi=0.8618593139648443, PE=9.999984212894495e-17 after 59030 steps
Step: 478 -  phi=0.8618593444824223, PE=9.999857443818243e-17 after 28095 steps
Step: 479 -  phi=0.8618593597412114, PE=9.999815553269708e-17 after 20603 steps
Step: 480 -  phi=0.8618593673706059, PE=9.999754925810397e-17 after 15009 steps
Step: 481 -  phi=0.8618593711853031, PE=9.999848103793189e-17 after 10792 steps
Step: 482 -  phi=0.8618593730926518, PE=9.999922475378182e-17 after 7715 steps
Step: 483 -  phi=0.8618593740463261, PE=9.999957633130508e-17 after 5493 steps
Step: 484 -  phi=0.8618593745231633, PE=9.999968269577403e-17 after 3893 steps
Step: 485 -  phi=0.8618593747615819, PE=9.999995352815668e-17 after 2765 steps
Step: 486 -  phi=0.8618593748807912, PE=9.999964925558554e-17 after 1966 steps
Step: 487 -  phi=0.8618593749403958, PE=9.999983199462494e-17 after 1394 steps
Jammed: phi = 0.861859, residual PE = 1.000e-16
