The following modules were not unloaded:
  (Use "module --force purge" to unload all):

  1) StdEnv
sys:1: RuntimeWarning: h5: callable: skipping callable field 'user_pre_step_actions' (<PjitFunction of <function _save_state_system at 0x152bae66bba0>>); handle explicitly
sys:1: RuntimeWarning: h5: callable: skipping callable field 'user_post_step_actions' (<PjitFunction of <function _save_state_system at 0x152bae66bba0>>); handle explicitly
/home/rg2248/analysis/summer-26/jam/thomson/jam2d-thomson.py:74: RuntimeWarning: h5: callable: skipping callable field '0' (<function fire.<locals>.init at 0x152aa4167100>); handle explicitly
  save(system, join(data_root, 'system.h5'))
/home/rg2248/analysis/summer-26/jam/thomson/jam2d-thomson.py:74: RuntimeWarning: h5: callable: skipping callable field '1' (<function fire.<locals>.update at 0x152aa4166fc0>); handle explicitly
  save(system, join(data_root, 'system.h5'))
Initial minimization took 0 steps.
Step: 1 -  phi=0.4000000000000001, PE=0.0 after 0 steps
Step: 2 -  phi=0.4010000000000001, PE=6.423763271421243e-17 after 202 steps
Step: 3 -  phi=0.4020000000000001, PE=9.307229542804264e-17 after 162 steps
Step: 4 -  phi=0.4030000000000001, PE=2.8187885875248164e-17 after 194 steps
Step: 5 -  phi=0.4040000000000001, PE=8.799490655011258e-17 after 182 steps
Step: 6 -  phi=0.4050000000000001, PE=0.0 after 187 steps
Step: 7 -  phi=0.4060000000000001, PE=9.421683510862158e-17 after 222 steps
Step: 8 -  phi=0.4070000000000001, PE=4.005019437880329e-17 after 208 steps
Step: 9 -  phi=0.4080000000000001, PE=0.0 after 189 steps
Step: 10 -  phi=0.4090000000000001, PE=3.871695969810522e-17 after 211 steps
Step: 11 -  phi=0.4100000000000001, PE=0.0 after 183 steps
Step: 12 -  phi=0.4110000000000001, PE=9.816765389899071e-17 after 187 steps
Step: 13 -  phi=0.4120000000000001, PE=9.988923830882994e-17 after 208 steps
Step: 14 -  phi=0.4130000000000001, PE=8.18636334582139e-17 after 209 steps
Step: 15 -  phi=0.4140000000000001, PE=7.776975310222808e-17 after 229 steps
Step: 16 -  phi=0.4150000000000001, PE=8.74857264551696e-17 after 226 steps
Step: 17 -  phi=0.4160000000000001, PE=9.1182340749637e-17 after 239 steps
Step: 18 -  phi=0.4170000000000001, PE=9.720667666009541e-17 after 189 steps
Step: 19 -  phi=0.4180000000000001, PE=7.723641576255253e-17 after 190 steps
Step: 20 -  phi=0.4190000000000001, PE=8.211830152894063e-17 after 212 steps
Step: 21 -  phi=0.4200000000000001, PE=5.73062024406533e-17 after 222 steps
Step: 22 -  phi=0.4210000000000001, PE=9.013634607945759e-17 after 196 steps
Step: 23 -  phi=0.4220000000000001, PE=8.627039111214394e-17 after 193 steps
Step: 24 -  phi=0.4230000000000001, PE=6.223337722540297e-17 after 217 steps
Step: 25 -  phi=0.4240000000000001, PE=6.211625987044826e-17 after 199 steps
Step: 26 -  phi=0.4250000000000001, PE=5.119242639327539e-17 after 182 steps
Step: 27 -  phi=0.4260000000000001, PE=9.515965429869608e-17 after 212 steps
Step: 28 -  phi=0.4270000000000001, PE=4.219472043087738e-17 after 183 steps
Step: 29 -  phi=0.4280000000000001, PE=7.434429726379648e-17 after 172 steps
Step: 30 -  phi=0.4290000000000001, PE=3.3868490621423055e-17 after 180 steps
Step: 31 -  phi=0.4300000000000001, PE=3.85993455911623e-17 after 173 steps
Step: 32 -  phi=0.4310000000000001, PE=8.457912768779599e-17 after 207 steps
Step: 33 -  phi=0.4320000000000001, PE=2.720324103403433e-17 after 205 steps
Step: 34 -  phi=0.4330000000000001, PE=4.47214024719156e-17 after 219 steps
Step: 35 -  phi=0.4340000000000001, PE=8.767731976887857e-17 after 241 steps
Step: 36 -  phi=0.4350000000000001, PE=5.377099549373465e-17 after 202 steps
Step: 37 -  phi=0.4360000000000001, PE=6.371552254561673e-17 after 196 steps
Step: 38 -  phi=0.4370000000000001, PE=8.641967861139105e-17 after 260 steps
Step: 39 -  phi=0.4380000000000001, PE=9.993809212167538e-17 after 194 steps
Step: 40 -  phi=0.4390000000000001, PE=3.511233283067098e-17 after 197 steps
Step: 41 -  phi=0.4400000000000001, PE=7.154133197094584e-17 after 192 steps
Step: 42 -  phi=0.4410000000000001, PE=1.872947689319691e-17 after 196 steps
Step: 43 -  phi=0.4420000000000001, PE=7.321027571941361e-17 after 217 steps
Step: 44 -  phi=0.4430000000000001, PE=9.343056426335469e-17 after 224 steps
Step: 45 -  phi=0.4440000000000001, PE=8.412412882293538e-17 after 198 steps
Step: 46 -  phi=0.4450000000000001, PE=9.98383046817765e-17 after 228 steps
Step: 47 -  phi=0.4460000000000001, PE=8.166252480292193e-17 after 189 steps
Step: 48 -  phi=0.4470000000000001, PE=5.721620406825903e-17 after 189 steps
Step: 49 -  phi=0.4480000000000001, PE=7.718260536201948e-17 after 201 steps
Step: 50 -  phi=0.4490000000000001, PE=6.959891924894539e-17 after 206 steps
Step: 51 -  phi=0.4500000000000001, PE=9.485418450981808e-17 after 217 steps
Step: 52 -  phi=0.4510000000000001, PE=9.426314382138769e-17 after 228 steps
Step: 53 -  phi=0.4520000000000001, PE=6.621083807918714e-17 after 215 steps
Step: 54 -  phi=0.4530000000000001, PE=9.824144212442746e-17 after 185 steps
Step: 55 -  phi=0.4540000000000001, PE=9.490803076795584e-17 after 205 steps
Step: 56 -  phi=0.4550000000000001, PE=6.010013975366576e-17 after 206 steps
Step: 57 -  phi=0.4560000000000001, PE=7.035991665207982e-17 after 195 steps
Step: 58 -  phi=0.45700000000000013, PE=0.0 after 174 steps
Step: 59 -  phi=0.45800000000000013, PE=8.591392684461984e-17 after 203 steps
Step: 60 -  phi=0.45900000000000013, PE=4.626014131405873e-17 after 192 steps
Step: 61 -  phi=0.46000000000000013, PE=9.945829876643747e-17 after 210 steps
Step: 62 -  phi=0.46100000000000013, PE=7.742566518730853e-17 after 189 steps
Step: 63 -  phi=0.46200000000000013, PE=2.2909551846887437e-18 after 178 steps
Step: 64 -  phi=0.46300000000000013, PE=5.778562566906203e-17 after 207 steps
Step: 65 -  phi=0.46400000000000013, PE=9.128962901092508e-17 after 204 steps
Step: 66 -  phi=0.46500000000000014, PE=7.326410413606327e-17 after 208 steps
Step: 67 -  phi=0.46600000000000014, PE=2.455111431952518e-17 after 178 steps
Step: 68 -  phi=0.46700000000000014, PE=8.696516573459746e-17 after 185 steps
Step: 69 -  phi=0.46800000000000014, PE=1.1687557433219713e-17 after 193 steps
Step: 70 -  phi=0.46900000000000014, PE=9.77757007029553e-17 after 231 steps
Step: 71 -  phi=0.47000000000000014, PE=1.7631691643814722e-17 after 207 steps
Step: 72 -  phi=0.47100000000000014, PE=9.361453867808165e-17 after 270 steps
Step: 73 -  phi=0.47200000000000014, PE=3.649391390136485e-17 after 245 steps
Step: 74 -  phi=0.47300000000000014, PE=3.581755111839233e-17 after 226 steps
Step: 75 -  phi=0.47400000000000014, PE=8.042979534549395e-17 after 240 steps
Step: 76 -  phi=0.47500000000000014, PE=9.971835945337632e-17 after 240 steps
Step: 77 -  phi=0.47600000000000015, PE=8.847607324800832e-17 after 227 steps
Step: 78 -  phi=0.47700000000000015, PE=7.39260863869494e-17 after 221 steps
Step: 79 -  phi=0.47800000000000015, PE=3.0931311515654015e-17 after 208 steps
Step: 80 -  phi=0.47900000000000015, PE=8.438663078041672e-17 after 225 steps
Step: 81 -  phi=0.48000000000000015, PE=6.420000923080013e-17 after 201 steps
Step: 82 -  phi=0.48100000000000015, PE=5.746159214884774e-17 after 187 steps
Step: 83 -  phi=0.48200000000000015, PE=3.361944852536738e-17 after 186 steps
Step: 84 -  phi=0.48300000000000015, PE=6.707435233262232e-17 after 190 steps
Step: 85 -  phi=0.48400000000000015, PE=7.043823159960751e-17 after 258 steps
Step: 86 -  phi=0.48500000000000015, PE=8.865071107732186e-17 after 355 steps
Step: 87 -  phi=0.48600000000000015, PE=7.960868976656621e-17 after 241 steps
Step: 88 -  phi=0.48700000000000015, PE=7.556901239433835e-17 after 269 steps
Step: 89 -  phi=0.48800000000000016, PE=9.538477373719883e-17 after 230 steps
Step: 90 -  phi=0.48900000000000016, PE=2.993149750622891e-18 after 228 steps
Step: 91 -  phi=0.49000000000000016, PE=2.8827083282647306e-17 after 230 steps
Step: 92 -  phi=0.49100000000000016, PE=9.082811277793755e-17 after 293 steps
Step: 93 -  phi=0.49200000000000016, PE=8.680970966426841e-17 after 273 steps
Step: 94 -  phi=0.49300000000000016, PE=9.701918596683758e-17 after 265 steps
Step: 95 -  phi=0.49400000000000016, PE=9.749388945025997e-17 after 238 steps
Step: 96 -  phi=0.49500000000000016, PE=8.438424920434594e-17 after 254 steps
Step: 97 -  phi=0.49600000000000016, PE=8.022095613725071e-17 after 231 steps
Step: 98 -  phi=0.49700000000000016, PE=6.668758557807452e-17 after 258 steps
Step: 99 -  phi=0.49800000000000016, PE=9.832762452661623e-17 after 252 steps
Step: 100 -  phi=0.49900000000000017, PE=7.081384347330229e-17 after 256 steps
Step: 101 -  phi=0.5000000000000001, PE=8.433739959757712e-17 after 265 steps
Step: 102 -  phi=0.5010000000000001, PE=8.43782332118497e-17 after 242 steps
Step: 103 -  phi=0.5020000000000001, PE=9.044973146504927e-17 after 339 steps
Step: 104 -  phi=0.5030000000000001, PE=7.02009132864476e-17 after 260 steps
Step: 105 -  phi=0.5040000000000001, PE=8.557384660063886e-17 after 264 steps
Step: 106 -  phi=0.5050000000000001, PE=9.544140880771009e-17 after 280 steps
Step: 107 -  phi=0.5060000000000001, PE=8.426642817818772e-17 after 259 steps
Step: 108 -  phi=0.5070000000000001, PE=8.21756516085311e-17 after 267 steps
Step: 109 -  phi=0.5080000000000001, PE=6.69321204966645e-17 after 242 steps
Step: 110 -  phi=0.5090000000000001, PE=8.506778825416913e-17 after 234 steps
Step: 111 -  phi=0.5100000000000001, PE=8.805964853174708e-17 after 277 steps
Step: 112 -  phi=0.5110000000000001, PE=5.707876173394728e-17 after 234 steps
Step: 113 -  phi=0.5120000000000001, PE=8.010271056622885e-17 after 258 steps
Step: 114 -  phi=0.5130000000000001, PE=5.054054182951311e-17 after 239 steps
Step: 115 -  phi=0.5140000000000001, PE=8.853352891897772e-17 after 274 steps
Step: 116 -  phi=0.5150000000000001, PE=7.043107159841291e-17 after 261 steps
Step: 117 -  phi=0.5160000000000001, PE=8.103119929588164e-17 after 271 steps
Step: 118 -  phi=0.5170000000000001, PE=9.534377675072562e-17 after 254 steps
Step: 119 -  phi=0.5180000000000001, PE=8.161348625447217e-17 after 263 steps
Step: 120 -  phi=0.5190000000000001, PE=5.52766707335343e-17 after 267 steps
Step: 121 -  phi=0.5200000000000001, PE=9.22612377185616e-17 after 257 steps
Step: 122 -  phi=0.5210000000000001, PE=8.863747934960623e-17 after 258 steps
Step: 123 -  phi=0.5220000000000001, PE=8.962294710721419e-17 after 254 steps
Step: 124 -  phi=0.5230000000000001, PE=9.915383399514039e-17 after 252 steps
Step: 125 -  phi=0.5240000000000001, PE=9.474430323995534e-17 after 253 steps
Step: 126 -  phi=0.5250000000000001, PE=8.305326313609859e-17 after 237 steps
Step: 127 -  phi=0.5260000000000001, PE=8.829715238377934e-17 after 246 steps
Step: 128 -  phi=0.5270000000000001, PE=9.46024231357662e-17 after 244 steps
Step: 129 -  phi=0.5280000000000001, PE=8.601761573740384e-17 after 243 steps
Step: 130 -  phi=0.5290000000000001, PE=9.126964083140841e-17 after 264 steps
Step: 131 -  phi=0.5300000000000001, PE=8.881372345069304e-17 after 255 steps
Step: 132 -  phi=0.5310000000000001, PE=9.763754258030224e-17 after 259 steps
Step: 133 -  phi=0.5320000000000001, PE=9.801256905639728e-17 after 293 steps
Step: 134 -  phi=0.5330000000000001, PE=6.125859549753792e-17 after 295 steps
Step: 135 -  phi=0.5340000000000001, PE=9.382745106175634e-17 after 271 steps
Step: 136 -  phi=0.5350000000000001, PE=9.625929524978796e-17 after 273 steps
Step: 137 -  phi=0.5360000000000001, PE=9.330250166517987e-17 after 294 steps
Step: 138 -  phi=0.5370000000000001, PE=9.719338455908405e-17 after 271 steps
Step: 139 -  phi=0.5380000000000001, PE=6.187165218439107e-17 after 289 steps
Step: 140 -  phi=0.5390000000000001, PE=9.912520362959431e-17 after 278 steps
Step: 141 -  phi=0.5400000000000001, PE=8.285340500482835e-17 after 294 steps
Step: 142 -  phi=0.5410000000000001, PE=8.406734027327948e-17 after 296 steps
Step: 143 -  phi=0.5420000000000001, PE=7.888463900821002e-17 after 273 steps
Step: 144 -  phi=0.5430000000000001, PE=7.838017314822158e-17 after 284 steps
Step: 145 -  phi=0.5440000000000002, PE=9.665495761736829e-17 after 298 steps
Step: 146 -  phi=0.5450000000000002, PE=8.547052261214569e-17 after 251 steps
Step: 147 -  phi=0.5460000000000002, PE=9.85377470304655e-17 after 352 steps
Step: 148 -  phi=0.5470000000000002, PE=5.526938518562584e-17 after 247 steps
Step: 149 -  phi=0.5480000000000002, PE=8.562712863911227e-17 after 283 steps
Step: 150 -  phi=0.5490000000000002, PE=7.726993905324565e-17 after 296 steps
Step: 151 -  phi=0.5500000000000002, PE=6.76507910652206e-17 after 305 steps
Step: 152 -  phi=0.5510000000000002, PE=5.918565380531118e-17 after 299 steps
Step: 153 -  phi=0.5520000000000002, PE=1.1368527793514579e-17 after 279 steps
Step: 154 -  phi=0.5530000000000002, PE=9.918398241739586e-17 after 321 steps
Step: 155 -  phi=0.5540000000000002, PE=8.244864873301265e-17 after 300 steps
Step: 156 -  phi=0.5550000000000002, PE=9.977225189049083e-17 after 297 steps
Step: 157 -  phi=0.5560000000000002, PE=8.265577620684813e-17 after 329 steps
Step: 158 -  phi=0.5570000000000002, PE=6.38286917458599e-17 after 309 steps
Step: 159 -  phi=0.5580000000000002, PE=9.801901986296037e-17 after 371 steps
Step: 160 -  phi=0.5590000000000002, PE=1.8729712503340648e-17 after 264 steps
Step: 161 -  phi=0.5600000000000002, PE=8.310221816069844e-17 after 305 steps
Step: 162 -  phi=0.5610000000000002, PE=9.672743900042531e-17 after 313 steps
Step: 163 -  phi=0.5620000000000002, PE=9.777438231760738e-17 after 324 steps
Step: 164 -  phi=0.5630000000000002, PE=9.183829595322793e-17 after 314 steps
Step: 165 -  phi=0.5640000000000002, PE=8.077740191144804e-17 after 289 steps
Step: 166 -  phi=0.5650000000000002, PE=9.597711865903021e-17 after 287 steps
Step: 167 -  phi=0.5660000000000002, PE=5.496167727340785e-17 after 274 steps
Step: 168 -  phi=0.5670000000000002, PE=7.161766070544455e-17 after 277 steps
Step: 169 -  phi=0.5680000000000002, PE=9.472428803795004e-17 after 299 steps
Step: 170 -  phi=0.5690000000000002, PE=9.448555065232026e-17 after 322 steps
Step: 171 -  phi=0.5700000000000002, PE=8.709229945604841e-17 after 277 steps
Step: 172 -  phi=0.5710000000000002, PE=9.83666202122283e-17 after 347 steps
Step: 173 -  phi=0.5720000000000002, PE=9.51621249746743e-17 after 313 steps
Step: 174 -  phi=0.5730000000000002, PE=8.8349110671266e-17 after 283 steps
Step: 175 -  phi=0.5740000000000002, PE=9.812522543294752e-17 after 295 steps
Step: 176 -  phi=0.5750000000000002, PE=8.01273423956635e-17 after 267 steps
Step: 177 -  phi=0.5760000000000002, PE=8.814532364568528e-17 after 281 steps
Step: 178 -  phi=0.5770000000000002, PE=6.812468183177175e-17 after 281 steps
Step: 179 -  phi=0.5780000000000002, PE=8.448998129213118e-17 after 335 steps
Step: 180 -  phi=0.5790000000000002, PE=8.301701441596765e-17 after 345 steps
Step: 181 -  phi=0.5800000000000002, PE=6.479842222203442e-17 after 302 steps
Step: 182 -  phi=0.5810000000000002, PE=5.318355380135505e-17 after 295 steps
Step: 183 -  phi=0.5820000000000002, PE=9.761879961379884e-17 after 294 steps
Step: 184 -  phi=0.5830000000000002, PE=5.576448054185158e-17 after 290 steps
Step: 185 -  phi=0.5840000000000002, PE=9.557694929877276e-17 after 323 steps
Step: 186 -  phi=0.5850000000000002, PE=9.97303120085562e-17 after 304 steps
Step: 187 -  phi=0.5860000000000002, PE=9.564579126198347e-17 after 283 steps
Step: 188 -  phi=0.5870000000000002, PE=8.970165261462872e-17 after 273 steps
Step: 189 -  phi=0.5880000000000002, PE=3.5128955400714143e-17 after 244 steps
Step: 190 -  phi=0.5890000000000002, PE=8.003909745940229e-17 after 282 steps
Step: 191 -  phi=0.5900000000000002, PE=9.416933345926537e-17 after 333 steps
Step: 192 -  phi=0.5910000000000002, PE=8.316820094215898e-17 after 292 steps
Step: 193 -  phi=0.5920000000000002, PE=8.752448353165911e-17 after 308 steps
Step: 194 -  phi=0.5930000000000002, PE=8.02579340289793e-17 after 298 steps
Step: 195 -  phi=0.5940000000000002, PE=8.325013993083088e-17 after 285 steps
Step: 196 -  phi=0.5950000000000002, PE=9.070161296017927e-17 after 324 steps
Step: 197 -  phi=0.5960000000000002, PE=8.167754219273923e-17 after 286 steps
Step: 198 -  phi=0.5970000000000002, PE=6.127929961117733e-17 after 297 steps
Step: 199 -  phi=0.5980000000000002, PE=9.580357312290928e-17 after 303 steps
Step: 200 -  phi=0.5990000000000002, PE=9.565028798940696e-17 after 309 steps
Step: 201 -  phi=0.6000000000000002, PE=9.371734408689355e-17 after 299 steps
Step: 202 -  phi=0.6010000000000002, PE=7.812382149717098e-17 after 311 steps
Step: 203 -  phi=0.6020000000000002, PE=6.88431637636312e-17 after 299 steps
Step: 204 -  phi=0.6030000000000002, PE=9.840543959420014e-17 after 295 steps
Step: 205 -  phi=0.6040000000000002, PE=8.593227236906158e-17 after 285 steps
Step: 206 -  phi=0.6050000000000002, PE=8.180106076217654e-17 after 270 steps
Step: 207 -  phi=0.6060000000000002, PE=9.306907932519997e-17 after 291 steps
Step: 208 -  phi=0.6070000000000002, PE=6.175095749297236e-17 after 304 steps
Step: 209 -  phi=0.6080000000000002, PE=9.382138538413299e-17 after 270 steps
Step: 210 -  phi=0.6090000000000002, PE=9.145333803334176e-17 after 291 steps
Step: 211 -  phi=0.6100000000000002, PE=8.883789111306808e-17 after 299 steps
Step: 212 -  phi=0.6110000000000002, PE=9.45913751307801e-17 after 311 steps
Step: 213 -  phi=0.6120000000000002, PE=6.1480225329212985e-18 after 285 steps
Step: 214 -  phi=0.6130000000000002, PE=6.609269765244659e-17 after 330 steps
Step: 215 -  phi=0.6140000000000002, PE=8.843908591541163e-17 after 310 steps
Step: 216 -  phi=0.6150000000000002, PE=9.532663754602699e-17 after 297 steps
Step: 217 -  phi=0.6160000000000002, PE=9.606275726416574e-17 after 364 steps
Step: 218 -  phi=0.6170000000000002, PE=7.909843676828041e-17 after 323 steps
Step: 219 -  phi=0.6180000000000002, PE=7.987672349314233e-17 after 339 steps
Step: 220 -  phi=0.6190000000000002, PE=8.900847658581702e-17 after 355 steps
Step: 221 -  phi=0.6200000000000002, PE=9.096466440862396e-17 after 342 steps
Step: 222 -  phi=0.6210000000000002, PE=6.376696813833392e-17 after 391 steps
Step: 223 -  phi=0.6220000000000002, PE=9.154881981410284e-17 after 377 steps
Step: 224 -  phi=0.6230000000000002, PE=8.75026069876801e-17 after 370 steps
Step: 225 -  phi=0.6240000000000002, PE=9.825436686584693e-17 after 334 steps
Step: 226 -  phi=0.6250000000000002, PE=4.6504482249299756e-17 after 348 steps
Step: 227 -  phi=0.6260000000000002, PE=9.143468398725366e-17 after 339 steps
Step: 228 -  phi=0.6270000000000002, PE=8.083345167726168e-17 after 343 steps
Step: 229 -  phi=0.6280000000000002, PE=9.16179408366488e-17 after 345 steps
Step: 230 -  phi=0.6290000000000002, PE=8.093388992085154e-17 after 345 steps
Step: 231 -  phi=0.6300000000000002, PE=9.847952569673175e-17 after 384 steps
Step: 232 -  phi=0.6310000000000002, PE=1.3242370101514509e-17 after 341 steps
Step: 233 -  phi=0.6320000000000002, PE=8.486628080032319e-17 after 366 steps
Step: 234 -  phi=0.6330000000000002, PE=8.291001580740798e-17 after 370 steps
Step: 235 -  phi=0.6340000000000002, PE=9.61312745793641e-17 after 336 steps
Step: 236 -  phi=0.6350000000000002, PE=9.106075310597967e-17 after 363 steps
Step: 237 -  phi=0.6360000000000002, PE=8.83019602067732e-17 after 398 steps
Step: 238 -  phi=0.6370000000000002, PE=9.563324692758056e-17 after 395 steps
Step: 239 -  phi=0.6380000000000002, PE=9.244139721198391e-17 after 381 steps
Step: 240 -  phi=0.6390000000000002, PE=7.128269935403612e-17 after 362 steps
Step: 241 -  phi=0.6400000000000002, PE=8.28561789500988e-17 after 384 steps
Step: 242 -  phi=0.6410000000000002, PE=8.225348186970086e-17 after 396 steps
Step: 243 -  phi=0.6420000000000002, PE=4.886744567760687e-17 after 366 steps
Step: 244 -  phi=0.6430000000000002, PE=9.492016055714129e-17 after 397 steps
Step: 245 -  phi=0.6440000000000002, PE=7.091985189366142e-17 after 366 steps
Step: 246 -  phi=0.6450000000000002, PE=7.838766782742937e-17 after 391 steps
Step: 247 -  phi=0.6460000000000002, PE=9.228581995256491e-17 after 392 steps
Step: 248 -  phi=0.6470000000000002, PE=7.060056963072097e-17 after 357 steps
Step: 249 -  phi=0.6480000000000002, PE=9.170700498675411e-17 after 380 steps
Step: 250 -  phi=0.6490000000000002, PE=8.68276610734792e-17 after 362 steps
Step: 251 -  phi=0.6500000000000002, PE=9.379362403450906e-17 after 563 steps
Step: 252 -  phi=0.6510000000000002, PE=9.023805648563437e-17 after 364 steps
Step: 253 -  phi=0.6520000000000002, PE=8.070375237091669e-17 after 375 steps
Step: 254 -  phi=0.6530000000000002, PE=4.955111218191567e-17 after 326 steps
Step: 255 -  phi=0.6540000000000002, PE=9.120513224996035e-17 after 384 steps
Step: 256 -  phi=0.6550000000000002, PE=9.685384612063229e-17 after 391 steps
Step: 257 -  phi=0.6560000000000002, PE=9.93065460219438e-17 after 493 steps
Step: 258 -  phi=0.6570000000000003, PE=9.041847296574129e-17 after 495 steps
Step: 259 -  phi=0.6580000000000003, PE=9.370900543172951e-17 after 455 steps
Step: 260 -  phi=0.6590000000000003, PE=9.102017653617986e-17 after 436 steps
Step: 261 -  phi=0.6600000000000003, PE=5.3828297199216516e-17 after 409 steps
Step: 262 -  phi=0.6610000000000003, PE=8.265308693666371e-17 after 504 steps
Step: 263 -  phi=0.6620000000000003, PE=9.619671544972591e-17 after 410 steps
Step: 264 -  phi=0.6630000000000003, PE=9.10584835593087e-17 after 461 steps
Step: 265 -  phi=0.6640000000000003, PE=9.411607407623481e-17 after 432 steps
Step: 266 -  phi=0.6650000000000003, PE=9.839328203900547e-17 after 439 steps
Step: 267 -  phi=0.6660000000000003, PE=9.655091145603491e-17 after 486 steps
Step: 268 -  phi=0.6670000000000003, PE=9.034999195350282e-17 after 439 steps
Step: 269 -  phi=0.6680000000000003, PE=9.625606777845839e-17 after 478 steps
Step: 270 -  phi=0.6690000000000003, PE=8.984563304523067e-17 after 587 steps
Step: 271 -  phi=0.6700000000000003, PE=9.581101540113597e-17 after 675 steps
Step: 272 -  phi=0.6710000000000003, PE=9.432319419085095e-17 after 689 steps
Step: 273 -  phi=0.6720000000000003, PE=9.141366120422956e-17 after 507 steps
Step: 274 -  phi=0.6730000000000003, PE=8.9085793783682e-17 after 471 steps
Step: 275 -  phi=0.6740000000000003, PE=9.460880532497712e-17 after 529 steps
Step: 276 -  phi=0.6750000000000003, PE=9.608916231593091e-17 after 492 steps
Step: 277 -  phi=0.6760000000000003, PE=3.7078624772331684e-17 after 529 steps
Step: 278 -  phi=0.6770000000000003, PE=6.657886282859001e-17 after 496 steps
Step: 279 -  phi=0.6780000000000003, PE=8.317200558289974e-17 after 495 steps
Step: 280 -  phi=0.6790000000000003, PE=9.390676193721354e-17 after 567 steps
Step: 281 -  phi=0.6800000000000003, PE=8.154327488097136e-17 after 527 steps
Step: 282 -  phi=0.6810000000000003, PE=8.82690544847733e-17 after 532 steps
Step: 283 -  phi=0.6820000000000003, PE=7.213665188106281e-17 after 537 steps
Step: 284 -  phi=0.6830000000000003, PE=9.651613060811051e-17 after 528 steps
Step: 285 -  phi=0.6840000000000003, PE=9.641966772759352e-17 after 572 steps
Step: 286 -  phi=0.6850000000000003, PE=9.479627244320129e-17 after 535 steps
Step: 287 -  phi=0.6860000000000003, PE=9.320934105946832e-17 after 530 steps
Step: 288 -  phi=0.6870000000000003, PE=9.562953155309824e-17 after 523 steps
Step: 289 -  phi=0.6880000000000003, PE=8.178832989161825e-17 after 594 steps
Step: 290 -  phi=0.6890000000000003, PE=5.995009784007884e-17 after 473 steps
Step: 291 -  phi=0.6900000000000003, PE=9.632915920018147e-17 after 553 steps
Step: 292 -  phi=0.6910000000000003, PE=5.918918129653457e-17 after 536 steps
Step: 293 -  phi=0.6920000000000003, PE=7.909299459189189e-17 after 684 steps
Step: 294 -  phi=0.6930000000000003, PE=9.969739890781653e-17 after 803 steps
Step: 295 -  phi=0.6940000000000003, PE=9.759526586364911e-17 after 590 steps
Step: 296 -  phi=0.6950000000000003, PE=8.764784233372596e-17 after 589 steps
Step: 297 -  phi=0.6960000000000003, PE=9.631935148107342e-17 after 617 steps
Step: 298 -  phi=0.6970000000000003, PE=9.862989792989029e-17 after 798 steps
Step: 299 -  phi=0.6980000000000003, PE=9.026644870580553e-17 after 576 steps
Step: 300 -  phi=0.6990000000000003, PE=9.686282519713206e-17 after 713 steps
Step: 301 -  phi=0.7000000000000003, PE=9.634438966167182e-17 after 745 steps
Step: 302 -  phi=0.7010000000000003, PE=9.119420454471018e-17 after 758 steps
Step: 303 -  phi=0.7020000000000003, PE=9.407600637573643e-17 after 674 steps
Step: 304 -  phi=0.7030000000000003, PE=8.796067498377412e-17 after 647 steps
Step: 305 -  phi=0.7040000000000003, PE=9.794610536881483e-17 after 775 steps
Step: 306 -  phi=0.7050000000000003, PE=9.870936626010432e-17 after 1049 steps
Step: 307 -  phi=0.7060000000000003, PE=8.733884446746521e-17 after 735 steps
Step: 308 -  phi=0.7070000000000003, PE=9.999057162661633e-17 after 792 steps
Step: 309 -  phi=0.7080000000000003, PE=9.634922663458748e-17 after 809 steps
Step: 310 -  phi=0.7090000000000003, PE=9.65490799238565e-17 after 802 steps
Step: 311 -  phi=0.7100000000000003, PE=8.262486382706238e-17 after 782 steps
Step: 312 -  phi=0.7110000000000003, PE=9.973705788357719e-17 after 754 steps
Step: 313 -  phi=0.7120000000000003, PE=9.999625661906894e-17 after 819 steps
Step: 314 -  phi=0.7130000000000003, PE=7.11812020416964e-17 after 766 steps
Step: 315 -  phi=0.7140000000000003, PE=9.801226142748617e-17 after 818 steps
Step: 316 -  phi=0.7150000000000003, PE=9.678695844043508e-17 after 892 steps
Step: 317 -  phi=0.7160000000000003, PE=8.90561920418905e-17 after 832 steps
Step: 318 -  phi=0.7170000000000003, PE=9.976556130084162e-17 after 861 steps
Step: 319 -  phi=0.7180000000000003, PE=9.718497497496957e-17 after 1426 steps
Step: 320 -  phi=0.7190000000000003, PE=9.948563888824552e-17 after 1587 steps
Step: 321 -  phi=0.7200000000000003, PE=9.918845943474811e-17 after 1719 steps
Step: 322 -  phi=0.7210000000000003, PE=9.957758235519624e-17 after 1781 steps
Step: 323 -  phi=0.7220000000000003, PE=9.833129238983327e-17 after 1230 steps
Step: 324 -  phi=0.7230000000000003, PE=9.241571765826193e-17 after 1402 steps
Step: 325 -  phi=0.7240000000000003, PE=9.911361426204653e-17 after 1279 steps
Step: 326 -  phi=0.7250000000000003, PE=9.66327367984589e-17 after 843 steps
Step: 327 -  phi=0.7260000000000003, PE=8.078180347037145e-17 after 940 steps
Step: 328 -  phi=0.7270000000000003, PE=9.830502960880469e-17 after 1598 steps
Step: 329 -  phi=0.7280000000000003, PE=9.141487292249032e-17 after 1179 steps
Step: 330 -  phi=0.7290000000000003, PE=9.811281459822602e-17 after 1691 steps
Step: 331 -  phi=0.7300000000000003, PE=9.555706154153638e-17 after 2173 steps
Step: 332 -  phi=0.7310000000000003, PE=9.989223258470655e-17 after 1555 steps
Step: 333 -  phi=0.7320000000000003, PE=9.97046736586e-17 after 1896 steps
Step: 334 -  phi=0.7330000000000003, PE=9.942430329165016e-17 after 1178 steps
Step: 335 -  phi=0.7340000000000003, PE=9.37982412803835e-17 after 1371 steps
Step: 336 -  phi=0.7350000000000003, PE=9.597906578267206e-17 after 1497 steps
Step: 337 -  phi=0.7360000000000003, PE=9.764595696014299e-17 after 1213 steps
Step: 338 -  phi=0.7370000000000003, PE=9.485453063955252e-17 after 1249 steps
Step: 339 -  phi=0.7380000000000003, PE=9.81592806696255e-17 after 1831 steps
Step: 340 -  phi=0.7390000000000003, PE=9.846097809575577e-17 after 1596 steps
Step: 341 -  phi=0.7400000000000003, PE=9.697897550105689e-17 after 1482 steps
Step: 342 -  phi=0.7410000000000003, PE=9.369365703571993e-17 after 1606 steps
Step: 343 -  phi=0.7420000000000003, PE=9.617034816521905e-17 after 1707 steps
Step: 344 -  phi=0.7430000000000003, PE=9.66524140827192e-17 after 1892 steps
Step: 345 -  phi=0.7440000000000003, PE=9.436471553346374e-17 after 2341 steps
Step: 346 -  phi=0.7450000000000003, PE=9.948630620014726e-17 after 3038 steps
Step: 347 -  phi=0.7460000000000003, PE=9.968244019689553e-17 after 1907 steps
Step: 348 -  phi=0.7470000000000003, PE=9.789283422735553e-17 after 2290 steps
Step: 349 -  phi=0.7480000000000003, PE=9.584352856621618e-17 after 1997 steps
Step: 350 -  phi=0.7490000000000003, PE=9.705904620872969e-17 after 1491 steps
Step: 351 -  phi=0.7500000000000003, PE=9.290862005768821e-17 after 1640 steps
Step: 352 -  phi=0.7510000000000003, PE=9.5999843695968e-17 after 1894 steps
Step: 353 -  phi=0.7520000000000003, PE=9.881344589208809e-17 after 2044 steps
Step: 354 -  phi=0.7530000000000003, PE=9.974502777594315e-17 after 2660 steps
Step: 355 -  phi=0.7540000000000003, PE=9.800259322389544e-17 after 2942 steps
Step: 356 -  phi=0.7550000000000003, PE=9.997319837342223e-17 after 2998 steps
Step: 357 -  phi=0.7560000000000003, PE=9.726248267574519e-17 after 3479 steps
Step: 358 -  phi=0.7570000000000003, PE=9.799605268608176e-17 after 4373 steps
Step: 359 -  phi=0.7580000000000003, PE=9.872428520113431e-17 after 3944 steps
Step: 360 -  phi=0.7590000000000003, PE=9.90117798769249e-17 after 3246 steps
Step: 361 -  phi=0.7600000000000003, PE=9.85234207479803e-17 after 4864 steps
Step: 362 -  phi=0.7610000000000003, PE=9.997696028100793e-17 after 6273 steps
Step: 363 -  phi=0.7620000000000003, PE=9.936064270440701e-17 after 5806 steps
Step: 364 -  phi=0.7630000000000003, PE=9.92589414498852e-17 after 3374 steps
Step: 365 -  phi=0.7640000000000003, PE=9.923538895351114e-17 after 2849 steps
Step: 366 -  phi=0.7650000000000003, PE=9.811420092149541e-17 after 3137 steps
Step: 367 -  phi=0.7660000000000003, PE=9.973497196938219e-17 after 5862 steps
Step: 368 -  phi=0.7670000000000003, PE=9.98972696889182e-17 after 7368 steps
Step: 369 -  phi=0.7680000000000003, PE=9.997228711571309e-17 after 8230 steps
Step: 370 -  phi=0.7690000000000003, PE=9.913180504123222e-17 after 7022 steps
Step: 371 -  phi=0.7700000000000004, PE=9.918209547995198e-17 after 6433 steps
Step: 372 -  phi=0.7710000000000004, PE=9.867960660620042e-17 after 7030 steps
Step: 373 -  phi=0.7720000000000004, PE=9.999823487557342e-17 after 15122 steps
Step: 374 -  phi=0.7730000000000004, PE=9.967795099936702e-17 after 13215 steps
Step: 375 -  phi=0.7740000000000004, PE=9.985106627649608e-17 after 23194 steps
Step: 376 -  phi=0.7750000000000004, PE=9.999932091108759e-17 after 26277 steps
Step: 377 -  phi=0.7760000000000004, PE=9.939001108029968e-17 after 16249 steps
Step: 378 -  phi=0.7770000000000004, PE=9.999471450562559e-17 after 30835 steps
Step: 379 -  phi=0.7780000000000004, PE=4.878398178239634e-10 after 99042 steps
Step: 380 -  phi=0.7775000000000003, PE=9.999988722979356e-17 after 81947 steps
Step: 381 -  phi=0.7777500000000004, PE=9.998721501364853e-17 after 112871 steps
Step: 382 -  phi=0.7778750000000003, PE=9.989118832507677e-17 after 20185 steps
Step: 383 -  phi=0.7779375000000004, PE=9.98393094682037e-17 after 15145 steps
Step: 384 -  phi=0.7779687500000003, PE=9.995826808512661e-17 after 16008 steps
Step: 385 -  phi=0.7779843750000004, PE=9.975745696301154e-17 after 10368 steps
Step: 386 -  phi=0.7779921875000004, PE=9.981651186770937e-17 after 7579 steps
Step: 387 -  phi=0.7779960937500003, PE=9.901090126320312e-17 after 2790 steps
Step: 388 -  phi=0.7779980468750003, PE=9.985229726841151e-17 after 2787 steps
Step: 389 -  phi=0.7779990234375003, PE=9.943111683477554e-17 after 2500 steps
Step: 390 -  phi=0.7779995117187504, PE=9.982919402626982e-17 after 2290 steps
Step: 391 -  phi=0.7779997558593754, PE=9.979850513360768e-17 after 2083 steps
Step: 392 -  phi=0.7779998779296879, PE=9.980534680942935e-17 after 1792 steps
Step: 393 -  phi=0.7779999389648442, PE=9.9993844255966e-17 after 1490 steps
Step: 394 -  phi=0.7779999694824222, PE=9.987760392925145e-17 after 1171 steps
Step: 395 -  phi=0.7779999847412113, PE=9.998750551007893e-17 after 877 steps
Step: 396 -  phi=0.7779999923706058, PE=9.998456687442778e-17 after 647 steps
Step: 397 -  phi=0.777999996185303, PE=9.996410824974627e-17 after 468 steps
Step: 398 -  phi=0.7779999980926517, PE=9.998807210976857e-17 after 335 steps
Step: 399 -  phi=0.777999999046326, PE=9.99967982476623e-17 after 242 steps
Step: 400 -  phi=0.7779999995231632, PE=9.998915746042101e-17 after 177 steps
Step: 401 -  phi=0.7779999997615819, PE=9.999146753665481e-17 after 130 steps
Step: 402 -  phi=0.7779999998807912, PE=9.999582442921082e-17 after 97 steps
Step: 403 -  phi=0.7779999999403957, PE=9.999844989595193e-17 after 74 steps
Jammed: phi = 0.778000, residual PE = 1.000e-16
