The following modules were not unloaded:
  (Use "module --force purge" to unload all):

  1) StdEnv
sys:1: RuntimeWarning: h5: callable: skipping callable field 'user_pre_step_actions' (<PjitFunction of <function _save_state_system at 0x150f8afbfba0>>); handle explicitly
sys:1: RuntimeWarning: h5: callable: skipping callable field 'user_post_step_actions' (<PjitFunction of <function _save_state_system at 0x150f8afbfba0>>); handle explicitly
/home/rg2248/analysis/summer-26/jam/thomson/jam2d-thomson.py:74: RuntimeWarning: h5: callable: skipping callable field '0' (<function fire.<locals>.init at 0x150e5c9e7100>); handle explicitly
  save(system, join(data_root, 'system.h5'))
/home/rg2248/analysis/summer-26/jam/thomson/jam2d-thomson.py:74: RuntimeWarning: h5: callable: skipping callable field '1' (<function fire.<locals>.update at 0x150e5c9e6fc0>); handle explicitly
  save(system, join(data_root, 'system.h5'))
Initial minimization took 0 steps.
Step: 1 -  phi=0.4, PE=0.0 after 0 steps
Step: 2 -  phi=0.401, PE=0.0 after 94 steps
Step: 3 -  phi=0.402, PE=2.1379265819128248e-18 after 118 steps
Step: 4 -  phi=0.403, PE=0.0 after 98 steps
Step: 5 -  phi=0.404, PE=0.0 after 98 steps
Step: 6 -  phi=0.405, PE=5.2661757882577497e-17 after 100 steps
Step: 7 -  phi=0.406, PE=2.879057331184587e-17 after 98 steps
Step: 8 -  phi=0.40700000000000003, PE=3.895088056192189e-17 after 99 steps
Step: 9 -  phi=0.40800000000000003, PE=2.3787444348580708e-17 after 97 steps
Step: 10 -  phi=0.40900000000000003, PE=7.520235604759591e-17 after 96 steps
Step: 11 -  phi=0.41000000000000003, PE=0.0 after 97 steps
Step: 12 -  phi=0.41100000000000003, PE=2.5943488906172395e-17 after 97 steps
Step: 13 -  phi=0.41200000000000003, PE=5.822307301034946e-17 after 134 steps
Step: 14 -  phi=0.41300000000000003, PE=0.0 after 81 steps
Step: 15 -  phi=0.41400000000000003, PE=0.0 after 88 steps
Step: 16 -  phi=0.41500000000000004, PE=9.221025691626115e-17 after 149 steps
Step: 17 -  phi=0.41600000000000004, PE=0.0 after 100 steps
Step: 18 -  phi=0.41700000000000004, PE=0.0 after 82 steps
Step: 19 -  phi=0.41800000000000004, PE=0.0 after 89 steps
Step: 20 -  phi=0.41900000000000004, PE=5.969082496641671e-17 after 104 steps
Step: 21 -  phi=0.42000000000000004, PE=0.0 after 81 steps
Step: 22 -  phi=0.42100000000000004, PE=6.099962432167691e-17 after 81 steps
Step: 23 -  phi=0.42200000000000004, PE=7.711890988501976e-17 after 122 steps
Step: 24 -  phi=0.42300000000000004, PE=8.603788455380642e-17 after 81 steps
Step: 25 -  phi=0.42400000000000004, PE=5.662987865547557e-17 after 102 steps
Step: 26 -  phi=0.42500000000000004, PE=2.7567727095622624e-17 after 108 steps
Step: 27 -  phi=0.42600000000000005, PE=6.435534969862757e-17 after 157 steps
Step: 28 -  phi=0.42700000000000005, PE=8.698736667715959e-17 after 98 steps
Step: 29 -  phi=0.42800000000000005, PE=0.0 after 99 steps
Step: 30 -  phi=0.42900000000000005, PE=2.9104254556737663e-17 after 112 steps
Step: 31 -  phi=0.43000000000000005, PE=7.277772069164413e-17 after 131 steps
Step: 32 -  phi=0.43100000000000005, PE=0.0 after 96 steps
Step: 33 -  phi=0.43200000000000005, PE=6.357118399478261e-17 after 121 steps
Step: 34 -  phi=0.43300000000000005, PE=0.0 after 92 steps
Step: 35 -  phi=0.43400000000000005, PE=4.3748839068452875e-17 after 119 steps
Step: 36 -  phi=0.43500000000000005, PE=6.845708493339522e-17 after 130 steps
Step: 37 -  phi=0.43600000000000005, PE=7.484365322686764e-17 after 128 steps
Step: 38 -  phi=0.43700000000000006, PE=6.185010499672245e-17 after 92 steps
Step: 39 -  phi=0.43800000000000006, PE=8.736943883955304e-17 after 114 steps
Step: 40 -  phi=0.43900000000000006, PE=0.0 after 113 steps
Step: 41 -  phi=0.44000000000000006, PE=6.300329247820713e-17 after 114 steps
Step: 42 -  phi=0.44100000000000006, PE=8.438992889982281e-17 after 108 steps
Step: 43 -  phi=0.44200000000000006, PE=0.0 after 111 steps
Step: 44 -  phi=0.44300000000000006, PE=6.435979064427298e-17 after 113 steps
Step: 45 -  phi=0.44400000000000006, PE=0.0 after 103 steps
Step: 46 -  phi=0.44500000000000006, PE=3.816087692162307e-17 after 113 steps
Step: 47 -  phi=0.44600000000000006, PE=0.0 after 106 steps
Step: 48 -  phi=0.44700000000000006, PE=0.0 after 107 steps
Step: 49 -  phi=0.44800000000000006, PE=7.406790514979162e-17 after 106 steps
Step: 50 -  phi=0.44900000000000007, PE=4.4806410739363397e-17 after 110 steps
Step: 51 -  phi=0.45000000000000007, PE=9.285324096908702e-17 after 108 steps
Step: 52 -  phi=0.45100000000000007, PE=8.167655932650224e-17 after 106 steps
Step: 53 -  phi=0.45200000000000007, PE=9.117334992171826e-17 after 136 steps
Step: 54 -  phi=0.45300000000000007, PE=0.0 after 94 steps
Step: 55 -  phi=0.45400000000000007, PE=6.324896019721914e-17 after 111 steps
Step: 56 -  phi=0.45500000000000007, PE=0.0 after 95 steps
Step: 57 -  phi=0.45600000000000007, PE=1.996101297650871e-18 after 106 steps
Step: 58 -  phi=0.4570000000000001, PE=0.0 after 115 steps
Step: 59 -  phi=0.4580000000000001, PE=0.0 after 121 steps
Step: 60 -  phi=0.4590000000000001, PE=8.930405066363624e-17 after 124 steps
Step: 61 -  phi=0.4600000000000001, PE=0.0 after 119 steps
Step: 62 -  phi=0.4610000000000001, PE=9.59487039612223e-17 after 137 steps
Step: 63 -  phi=0.4620000000000001, PE=3.6381885173016756e-17 after 134 steps
Step: 64 -  phi=0.4630000000000001, PE=4.1630548191513915e-17 after 153 steps
Step: 65 -  phi=0.4640000000000001, PE=0.0 after 118 steps
Step: 66 -  phi=0.4650000000000001, PE=5.553759198091626e-17 after 141 steps
Step: 67 -  phi=0.4660000000000001, PE=0.0 after 117 steps
Step: 68 -  phi=0.4670000000000001, PE=8.253901665872364e-17 after 129 steps
Step: 69 -  phi=0.4680000000000001, PE=2.4606679369894715e-17 after 144 steps
Step: 70 -  phi=0.4690000000000001, PE=4.85000387691355e-17 after 111 steps
Step: 71 -  phi=0.4700000000000001, PE=8.278690715795834e-17 after 136 steps
Step: 72 -  phi=0.4710000000000001, PE=7.76480590124066e-17 after 130 steps
Step: 73 -  phi=0.4720000000000001, PE=0.0 after 120 steps
Step: 74 -  phi=0.4730000000000001, PE=0.0 after 107 steps
Step: 75 -  phi=0.4740000000000001, PE=5.3813969930180053e-17 after 122 steps
Step: 76 -  phi=0.4750000000000001, PE=1.3058116161052908e-18 after 124 steps
Step: 77 -  phi=0.4760000000000001, PE=7.360567753993291e-17 after 138 steps
Step: 78 -  phi=0.4770000000000001, PE=3.5801768271305274e-17 after 128 steps
Step: 79 -  phi=0.4780000000000001, PE=7.039076751241694e-17 after 143 steps
Step: 80 -  phi=0.4790000000000001, PE=8.567893335696556e-17 after 127 steps
Step: 81 -  phi=0.4800000000000001, PE=9.698886012924236e-17 after 136 steps
Step: 82 -  phi=0.4810000000000001, PE=8.682218899423074e-17 after 115 steps
Step: 83 -  phi=0.4820000000000001, PE=0.0 after 127 steps
Step: 84 -  phi=0.4830000000000001, PE=9.755248946450946e-17 after 126 steps
Step: 85 -  phi=0.4840000000000001, PE=2.637052793321231e-17 after 125 steps
Step: 86 -  phi=0.4850000000000001, PE=7.021263439203034e-17 after 133 steps
Step: 87 -  phi=0.4860000000000001, PE=9.501527393369886e-17 after 144 steps
Step: 88 -  phi=0.4870000000000001, PE=6.920106809447519e-17 after 139 steps
Step: 89 -  phi=0.4880000000000001, PE=4.921532054514274e-17 after 134 steps
Step: 90 -  phi=0.4890000000000001, PE=7.229325033694255e-17 after 147 steps
Step: 91 -  phi=0.4900000000000001, PE=0.0 after 104 steps
Step: 92 -  phi=0.4910000000000001, PE=0.0 after 130 steps
Step: 93 -  phi=0.4920000000000001, PE=9.745424088722274e-17 after 125 steps
Step: 94 -  phi=0.4930000000000001, PE=9.669338510363856e-17 after 126 steps
Step: 95 -  phi=0.4940000000000001, PE=7.318660808967109e-17 after 134 steps
Step: 96 -  phi=0.4950000000000001, PE=6.655919882669892e-17 after 139 steps
Step: 97 -  phi=0.4960000000000001, PE=7.32198377826633e-17 after 140 steps
Step: 98 -  phi=0.4970000000000001, PE=5.457159040728632e-17 after 149 steps
Step: 99 -  phi=0.4980000000000001, PE=2.715687652256152e-17 after 129 steps
Step: 100 -  phi=0.4990000000000001, PE=0.0 after 124 steps
Step: 101 -  phi=0.5000000000000001, PE=0.0 after 119 steps
Step: 102 -  phi=0.5010000000000001, PE=4.579915933686061e-17 after 137 steps
Step: 103 -  phi=0.5020000000000001, PE=7.759547271330987e-17 after 138 steps
Step: 104 -  phi=0.5030000000000001, PE=0.0 after 129 steps
Step: 105 -  phi=0.5040000000000001, PE=7.3225518510501e-17 after 143 steps
Step: 106 -  phi=0.5050000000000001, PE=4.102313610579503e-17 after 132 steps
Step: 107 -  phi=0.5060000000000001, PE=3.8670995289517746e-17 after 156 steps
Step: 108 -  phi=0.5070000000000001, PE=0.0 after 136 steps
Step: 109 -  phi=0.5080000000000001, PE=7.564499594530776e-17 after 130 steps
Step: 110 -  phi=0.5090000000000001, PE=6.650077992761128e-17 after 137 steps
Step: 111 -  phi=0.5100000000000001, PE=2.3868624053438402e-17 after 143 steps
Step: 112 -  phi=0.5110000000000001, PE=8.120806378540156e-17 after 163 steps
Step: 113 -  phi=0.5120000000000001, PE=9.616107408053252e-17 after 190 steps
Step: 114 -  phi=0.5130000000000001, PE=3.1902674951753e-17 after 160 steps
Step: 115 -  phi=0.5140000000000001, PE=2.0319498813482858e-19 after 147 steps
Step: 116 -  phi=0.5150000000000001, PE=8.023534972234308e-17 after 162 steps
Step: 117 -  phi=0.5160000000000001, PE=7.028974246945677e-17 after 163 steps
Step: 118 -  phi=0.5170000000000001, PE=0.0 after 132 steps
Step: 119 -  phi=0.5180000000000001, PE=8.669983655123996e-17 after 176 steps
Step: 120 -  phi=0.5190000000000001, PE=8.168874300585364e-17 after 136 steps
Step: 121 -  phi=0.5200000000000001, PE=0.0 after 127 steps
Step: 122 -  phi=0.5210000000000001, PE=0.0 after 131 steps
Step: 123 -  phi=0.5220000000000001, PE=4.651096780217961e-17 after 143 steps
Step: 124 -  phi=0.5230000000000001, PE=7.970065726784633e-17 after 143 steps
Step: 125 -  phi=0.5240000000000001, PE=6.309238372587394e-17 after 156 steps
Step: 126 -  phi=0.5250000000000001, PE=1.9270661667523364e-17 after 127 steps
Step: 127 -  phi=0.5260000000000001, PE=0.0 after 144 steps
Step: 128 -  phi=0.5270000000000001, PE=0.0 after 151 steps
Step: 129 -  phi=0.5280000000000001, PE=2.7949344063081777e-17 after 140 steps
Step: 130 -  phi=0.5290000000000001, PE=8.219104958310392e-17 after 150 steps
Step: 131 -  phi=0.5300000000000001, PE=6.468916355629099e-17 after 142 steps
Step: 132 -  phi=0.5310000000000001, PE=6.496918962442493e-17 after 147 steps
Step: 133 -  phi=0.5320000000000001, PE=3.2190764945386565e-17 after 130 steps
Step: 134 -  phi=0.5330000000000001, PE=3.6847455238422904e-17 after 148 steps
Step: 135 -  phi=0.5340000000000001, PE=9.472115714850252e-17 after 147 steps
Step: 136 -  phi=0.5350000000000001, PE=5.948885048165226e-17 after 144 steps
Step: 137 -  phi=0.5360000000000001, PE=7.126002778230542e-18 after 147 steps
Step: 138 -  phi=0.5370000000000001, PE=2.523065609899382e-18 after 147 steps
Step: 139 -  phi=0.5380000000000001, PE=9.396384697313097e-17 after 151 steps
Step: 140 -  phi=0.5390000000000001, PE=8.499997455468426e-17 after 188 steps
Step: 141 -  phi=0.5400000000000001, PE=4.6415639506228627e-17 after 143 steps
Step: 142 -  phi=0.5410000000000001, PE=9.26960204221733e-17 after 147 steps
Step: 143 -  phi=0.5420000000000001, PE=8.502577073071681e-17 after 157 steps
Step: 144 -  phi=0.5430000000000001, PE=1.2823820155373491e-17 after 152 steps
Step: 145 -  phi=0.5440000000000002, PE=8.112402958302699e-17 after 147 steps
Step: 146 -  phi=0.5450000000000002, PE=9.558478889052093e-17 after 155 steps
Step: 147 -  phi=0.5460000000000002, PE=7.093431015524023e-17 after 138 steps
Step: 148 -  phi=0.5470000000000002, PE=8.604760306433173e-17 after 152 steps
Step: 149 -  phi=0.5480000000000002, PE=8.154294103322904e-17 after 143 steps
Step: 150 -  phi=0.5490000000000002, PE=3.1059246791183646e-17 after 156 steps
Step: 151 -  phi=0.5500000000000002, PE=5.667729742765897e-17 after 155 steps
Step: 152 -  phi=0.5510000000000002, PE=5.986676551318434e-17 after 173 steps
Step: 153 -  phi=0.5520000000000002, PE=2.903249192197371e-17 after 170 steps
Step: 154 -  phi=0.5530000000000002, PE=0.0 after 140 steps
Step: 155 -  phi=0.5540000000000002, PE=5.646582593806159e-17 after 150 steps
Step: 156 -  phi=0.5550000000000002, PE=9.325082252002557e-18 after 151 steps
Step: 157 -  phi=0.5560000000000002, PE=7.319070923434977e-17 after 122 steps
Step: 158 -  phi=0.5570000000000002, PE=3.3837336264266726e-17 after 153 steps
Step: 159 -  phi=0.5580000000000002, PE=0.0 after 141 steps
Step: 160 -  phi=0.5590000000000002, PE=0.0 after 152 steps
Step: 161 -  phi=0.5600000000000002, PE=9.348280992516317e-17 after 155 steps
Step: 162 -  phi=0.5610000000000002, PE=0.0 after 152 steps
Step: 163 -  phi=0.5620000000000002, PE=2.0528487204143334e-17 after 149 steps
Step: 164 -  phi=0.5630000000000002, PE=0.0 after 180 steps
Step: 165 -  phi=0.5640000000000002, PE=0.0 after 168 steps
Step: 166 -  phi=0.5650000000000002, PE=9.710534850353508e-17 after 183 steps
Step: 167 -  phi=0.5660000000000002, PE=6.149727298876204e-17 after 187 steps
Step: 168 -  phi=0.5670000000000002, PE=4.391690184856946e-17 after 199 steps
Step: 169 -  phi=0.5680000000000002, PE=9.393763796493623e-17 after 165 steps
Step: 170 -  phi=0.5690000000000002, PE=4.8449957336612336e-17 after 181 steps
Step: 171 -  phi=0.5700000000000002, PE=0.0 after 173 steps
Step: 172 -  phi=0.5710000000000002, PE=5.4606402667361866e-17 after 183 steps
Step: 173 -  phi=0.5720000000000002, PE=8.442961912716378e-17 after 182 steps
Step: 174 -  phi=0.5730000000000002, PE=5.694751663342621e-17 after 180 steps
Step: 175 -  phi=0.5740000000000002, PE=4.505017532398828e-17 after 184 steps
Step: 176 -  phi=0.5750000000000002, PE=9.088848172349457e-17 after 194 steps
Step: 177 -  phi=0.5760000000000002, PE=8.33162141542456e-17 after 198 steps
Step: 178 -  phi=0.5770000000000002, PE=0.0 after 165 steps
Step: 179 -  phi=0.5780000000000002, PE=0.0 after 159 steps
Step: 180 -  phi=0.5790000000000002, PE=0.0 after 168 steps
Step: 181 -  phi=0.5800000000000002, PE=8.852980731877147e-17 after 179 steps
Step: 182 -  phi=0.5810000000000002, PE=5.065812482544128e-17 after 181 steps
Step: 183 -  phi=0.5820000000000002, PE=2.6162313948974166e-17 after 189 steps
Step: 184 -  phi=0.5830000000000002, PE=7.9959097518498e-17 after 194 steps
Step: 185 -  phi=0.5840000000000002, PE=0.0 after 162 steps
Step: 186 -  phi=0.5850000000000002, PE=8.375336668522519e-17 after 162 steps
Step: 187 -  phi=0.5860000000000002, PE=8.530837941026691e-17 after 166 steps
Step: 188 -  phi=0.5870000000000002, PE=0.0 after 178 steps
Step: 189 -  phi=0.5880000000000002, PE=9.462758966565992e-17 after 173 steps
Step: 190 -  phi=0.5890000000000002, PE=0.0 after 166 steps
Step: 191 -  phi=0.5900000000000002, PE=6.395564978185731e-17 after 184 steps
Step: 192 -  phi=0.5910000000000002, PE=4.2766431557518915e-17 after 198 steps
Step: 193 -  phi=0.5920000000000002, PE=6.338892286479995e-17 after 177 steps
Step: 194 -  phi=0.5930000000000002, PE=6.303251576486579e-17 after 192 steps
Step: 195 -  phi=0.5940000000000002, PE=2.4266099411871597e-17 after 181 steps
Step: 196 -  phi=0.5950000000000002, PE=9.702905751291736e-17 after 190 steps
Step: 197 -  phi=0.5960000000000002, PE=0.0 after 189 steps
Step: 198 -  phi=0.5970000000000002, PE=6.397338487879612e-17 after 180 steps
Step: 199 -  phi=0.5980000000000002, PE=9.460930285722754e-17 after 195 steps
Step: 200 -  phi=0.5990000000000002, PE=8.710348440467143e-17 after 219 steps
Step: 201 -  phi=0.6000000000000002, PE=7.93081255550071e-17 after 174 steps
Step: 202 -  phi=0.6010000000000002, PE=9.376380598154454e-17 after 192 steps
Step: 203 -  phi=0.6020000000000002, PE=0.0 after 170 steps
Step: 204 -  phi=0.6030000000000002, PE=8.937228773452718e-17 after 205 steps
Step: 205 -  phi=0.6040000000000002, PE=9.099788554832577e-17 after 209 steps
Step: 206 -  phi=0.6050000000000002, PE=9.81255709889169e-17 after 212 steps
Step: 207 -  phi=0.6060000000000002, PE=5.964420104648287e-17 after 184 steps
Step: 208 -  phi=0.6070000000000002, PE=6.771823674651792e-18 after 193 steps
Step: 209 -  phi=0.6080000000000002, PE=8.14079473831788e-17 after 201 steps
Step: 210 -  phi=0.6090000000000002, PE=7.654442650300235e-17 after 216 steps
Step: 211 -  phi=0.6100000000000002, PE=5.321911847619116e-17 after 206 steps
Step: 212 -  phi=0.6110000000000002, PE=8.697178286830396e-17 after 205 steps
Step: 213 -  phi=0.6120000000000002, PE=7.547978721937009e-17 after 216 steps
Step: 214 -  phi=0.6130000000000002, PE=1.2197771611634701e-17 after 185 steps
Step: 215 -  phi=0.6140000000000002, PE=3.105019460469263e-17 after 212 steps
Step: 216 -  phi=0.6150000000000002, PE=6.972173447000163e-17 after 233 steps
Step: 217 -  phi=0.6160000000000002, PE=9.868829459374082e-17 after 211 steps
Step: 218 -  phi=0.6170000000000002, PE=7.642236204475474e-17 after 221 steps
Step: 219 -  phi=0.6180000000000002, PE=7.993529460042431e-17 after 215 steps
Step: 220 -  phi=0.6190000000000002, PE=9.032763024183677e-17 after 215 steps
Step: 221 -  phi=0.6200000000000002, PE=0.0 after 222 steps
Step: 222 -  phi=0.6210000000000002, PE=6.709935034231128e-17 after 201 steps
Step: 223 -  phi=0.6220000000000002, PE=7.98633706762426e-17 after 215 steps
Step: 224 -  phi=0.6230000000000002, PE=9.890724731509869e-17 after 217 steps
Step: 225 -  phi=0.6240000000000002, PE=9.173404570828e-17 after 240 steps
Step: 226 -  phi=0.6250000000000002, PE=5.890931804200867e-17 after 208 steps
Step: 227 -  phi=0.6260000000000002, PE=8.115947800316072e-17 after 219 steps
Step: 228 -  phi=0.6270000000000002, PE=7.298926727550413e-17 after 237 steps
Step: 229 -  phi=0.6280000000000002, PE=9.749985075247054e-17 after 235 steps
Step: 230 -  phi=0.6290000000000002, PE=5.786099622742619e-17 after 243 steps
Step: 231 -  phi=0.6300000000000002, PE=9.663154824782071e-17 after 229 steps
Step: 232 -  phi=0.6310000000000002, PE=7.678714680554883e-17 after 219 steps
Step: 233 -  phi=0.6320000000000002, PE=9.350337170428308e-17 after 258 steps
Step: 234 -  phi=0.6330000000000002, PE=9.438859985388802e-17 after 224 steps
Step: 235 -  phi=0.6340000000000002, PE=3.35204095411573e-17 after 225 steps
Step: 236 -  phi=0.6350000000000002, PE=5.344046699847615e-17 after 227 steps
Step: 237 -  phi=0.6360000000000002, PE=0.0 after 226 steps
Step: 238 -  phi=0.6370000000000002, PE=7.869688092246644e-17 after 246 steps
Step: 239 -  phi=0.6380000000000002, PE=9.387630170503687e-17 after 246 steps
Step: 240 -  phi=0.6390000000000002, PE=5.692358747275625e-17 after 235 steps
Step: 241 -  phi=0.6400000000000002, PE=8.45962273159068e-17 after 249 steps
Step: 242 -  phi=0.6410000000000002, PE=9.388764869700218e-17 after 228 steps
Step: 243 -  phi=0.6420000000000002, PE=9.147420926383374e-17 after 260 steps
Step: 244 -  phi=0.6430000000000002, PE=3.135586613369276e-17 after 253 steps
Step: 245 -  phi=0.6440000000000002, PE=2.669024190880749e-17 after 239 steps
Step: 246 -  phi=0.6450000000000002, PE=7.94778512653493e-17 after 255 steps
Step: 247 -  phi=0.6460000000000002, PE=7.401558131347414e-17 after 257 steps
Step: 248 -  phi=0.6470000000000002, PE=6.41044850238224e-17 after 252 steps
Step: 249 -  phi=0.6480000000000002, PE=8.041654644286731e-17 after 270 steps
Step: 250 -  phi=0.6490000000000002, PE=9.420363770415944e-17 after 260 steps
Step: 251 -  phi=0.6500000000000002, PE=1.2697629767587423e-17 after 266 steps
Step: 252 -  phi=0.6510000000000002, PE=5.401369922047251e-17 after 269 steps
Step: 253 -  phi=0.6520000000000002, PE=9.448114876249876e-17 after 275 steps
Step: 254 -  phi=0.6530000000000002, PE=9.217689692987303e-17 after 276 steps
Step: 255 -  phi=0.6540000000000002, PE=8.820854660496383e-17 after 273 steps
Step: 256 -  phi=0.6550000000000002, PE=8.529257332957813e-17 after 262 steps
Step: 257 -  phi=0.6560000000000002, PE=6.760275472829231e-17 after 259 steps
Step: 258 -  phi=0.6570000000000003, PE=7.790783167914513e-17 after 263 steps
Step: 259 -  phi=0.6580000000000003, PE=6.631789563642964e-17 after 254 steps
Step: 260 -  phi=0.6590000000000003, PE=9.688272157897379e-17 after 263 steps
Step: 261 -  phi=0.6600000000000003, PE=8.265299992871895e-17 after 267 steps
Step: 262 -  phi=0.6610000000000003, PE=9.615561385548538e-17 after 255 steps
Step: 263 -  phi=0.6620000000000003, PE=6.945943747531849e-17 after 264 steps
Step: 264 -  phi=0.6630000000000003, PE=9.494338675662437e-17 after 262 steps
Step: 265 -  phi=0.6640000000000003, PE=6.790843866890445e-17 after 251 steps
Step: 266 -  phi=0.6650000000000003, PE=2.9920259083696444e-17 after 248 steps
Step: 267 -  phi=0.6660000000000003, PE=8.681302360818096e-17 after 258 steps
Step: 268 -  phi=0.6670000000000003, PE=9.746576328794604e-17 after 308 steps
Step: 269 -  phi=0.6680000000000003, PE=7.525090280049006e-17 after 251 steps
Step: 270 -  phi=0.6690000000000003, PE=8.545903963050786e-17 after 258 steps
Step: 271 -  phi=0.6700000000000003, PE=7.950635130110723e-17 after 290 steps
Step: 272 -  phi=0.6710000000000003, PE=0.0 after 256 steps
Step: 273 -  phi=0.6720000000000003, PE=9.761955596130553e-17 after 265 steps
Step: 274 -  phi=0.6730000000000003, PE=9.648800129135643e-17 after 298 steps
Step: 275 -  phi=0.6740000000000003, PE=5.1600642215760946e-17 after 259 steps
Step: 276 -  phi=0.6750000000000003, PE=8.558909173966516e-17 after 261 steps
Step: 277 -  phi=0.6760000000000003, PE=7.354136099824563e-17 after 238 steps
Step: 278 -  phi=0.6770000000000003, PE=9.960850174177602e-17 after 236 steps
Step: 279 -  phi=0.6780000000000003, PE=0.0 after 251 steps
Step: 280 -  phi=0.6790000000000003, PE=5.966306767476343e-17 after 244 steps
Step: 281 -  phi=0.6800000000000003, PE=6.780918680744641e-17 after 262 steps
Step: 282 -  phi=0.6810000000000003, PE=2.633025490899999e-17 after 237 steps
Step: 283 -  phi=0.6820000000000003, PE=8.224705423568902e-17 after 252 steps
Step: 284 -  phi=0.6830000000000003, PE=9.452813292924237e-17 after 240 steps
Step: 285 -  phi=0.6840000000000003, PE=3.349388487493144e-17 after 272 steps
Step: 286 -  phi=0.6850000000000003, PE=9.191186237716047e-17 after 284 steps
Step: 287 -  phi=0.6860000000000003, PE=9.151646938933148e-17 after 269 steps
Step: 288 -  phi=0.6870000000000003, PE=9.339034349281618e-17 after 255 steps
Step: 289 -  phi=0.6880000000000003, PE=8.678566724091333e-17 after 278 steps
Step: 290 -  phi=0.6890000000000003, PE=8.740699128608884e-17 after 273 steps
Step: 291 -  phi=0.6900000000000003, PE=3.1854539039186724e-17 after 270 steps
Step: 292 -  phi=0.6910000000000003, PE=8.864228933836189e-17 after 253 steps
Step: 293 -  phi=0.6920000000000003, PE=9.952535606243646e-17 after 288 steps
Step: 294 -  phi=0.6930000000000003, PE=9.907272128054697e-17 after 278 steps
Step: 295 -  phi=0.6940000000000003, PE=4.8041599595395764e-17 after 269 steps
Step: 296 -  phi=0.6950000000000003, PE=9.068133418047747e-17 after 272 steps
Step: 297 -  phi=0.6960000000000003, PE=7.212487530523765e-17 after 268 steps
Step: 298 -  phi=0.6970000000000003, PE=9.891571370738551e-17 after 299 steps
Step: 299 -  phi=0.6980000000000003, PE=9.386568160803086e-17 after 316 steps
Step: 300 -  phi=0.6990000000000003, PE=8.879227458003643e-17 after 283 steps
Step: 301 -  phi=0.7000000000000003, PE=9.064599453294464e-17 after 300 steps
Step: 302 -  phi=0.7010000000000003, PE=9.75611671357447e-17 after 289 steps
Step: 303 -  phi=0.7020000000000003, PE=8.967914582083943e-17 after 303 steps
Step: 304 -  phi=0.7030000000000003, PE=6.916182033123301e-17 after 281 steps
Step: 305 -  phi=0.7040000000000003, PE=9.565060197674925e-17 after 304 steps
Step: 306 -  phi=0.7050000000000003, PE=9.867758201352714e-17 after 321 steps
Step: 307 -  phi=0.7060000000000003, PE=5.070437132097571e-17 after 289 steps
Step: 308 -  phi=0.7070000000000003, PE=9.271504773188077e-17 after 309 steps
Step: 309 -  phi=0.7080000000000003, PE=7.820104306265186e-17 after 273 steps
Step: 310 -  phi=0.7090000000000003, PE=3.7824791082725784e-17 after 286 steps
Step: 311 -  phi=0.7100000000000003, PE=8.316017544545667e-17 after 271 steps
Step: 312 -  phi=0.7110000000000003, PE=7.493719147402567e-17 after 286 steps
Step: 313 -  phi=0.7120000000000003, PE=6.867041179069426e-17 after 269 steps
Step: 314 -  phi=0.7130000000000003, PE=4.508318304640279e-17 after 283 steps
Step: 315 -  phi=0.7140000000000003, PE=9.626411282785086e-17 after 334 steps
Step: 316 -  phi=0.7150000000000003, PE=8.484754347633206e-17 after 292 steps
Step: 317 -  phi=0.7160000000000003, PE=9.365522280629836e-17 after 290 steps
Step: 318 -  phi=0.7170000000000003, PE=6.453533289140732e-17 after 290 steps
Step: 319 -  phi=0.7180000000000003, PE=8.028350771030571e-17 after 281 steps
Step: 320 -  phi=0.7190000000000003, PE=9.67812095062582e-17 after 293 steps
Step: 321 -  phi=0.7200000000000003, PE=6.79654138836664e-17 after 282 steps
Step: 322 -  phi=0.7210000000000003, PE=3.250856396765338e-17 after 286 steps
Step: 323 -  phi=0.7220000000000003, PE=8.285477911159945e-17 after 303 steps
Step: 324 -  phi=0.7230000000000003, PE=9.283760804675974e-17 after 321 steps
Step: 325 -  phi=0.7240000000000003, PE=4.286776928011979e-17 after 291 steps
Step: 326 -  phi=0.7250000000000003, PE=9.440096629679681e-17 after 305 steps
Step: 327 -  phi=0.7260000000000003, PE=7.055569976095982e-17 after 291 steps
Step: 328 -  phi=0.7270000000000003, PE=8.337726352746844e-17 after 295 steps
Step: 329 -  phi=0.7280000000000003, PE=2.5958604476698286e-17 after 292 steps
Step: 330 -  phi=0.7290000000000003, PE=7.391636365492887e-17 after 303 steps
Step: 331 -  phi=0.7300000000000003, PE=8.916791336541644e-17 after 295 steps
Step: 332 -  phi=0.7310000000000003, PE=7.853566890221005e-17 after 288 steps
Step: 333 -  phi=0.7320000000000003, PE=9.897508924653158e-17 after 302 steps
Step: 334 -  phi=0.7330000000000003, PE=8.52940439116765e-17 after 299 steps
Step: 335 -  phi=0.7340000000000003, PE=9.61200916332046e-17 after 305 steps
Step: 336 -  phi=0.7350000000000003, PE=9.023210719120559e-17 after 338 steps
Step: 337 -  phi=0.7360000000000003, PE=8.428814974497364e-17 after 261 steps
Step: 338 -  phi=0.7370000000000003, PE=9.805899287175406e-17 after 319 steps
Step: 339 -  phi=0.7380000000000003, PE=9.166139155220234e-17 after 320 steps
Step: 340 -  phi=0.7390000000000003, PE=9.441697246022315e-17 after 313 steps
Step: 341 -  phi=0.7400000000000003, PE=9.787837572045192e-17 after 277 steps
Step: 342 -  phi=0.7410000000000003, PE=7.408727065242821e-17 after 311 steps
Step: 343 -  phi=0.7420000000000003, PE=9.301322187413336e-17 after 291 steps
Step: 344 -  phi=0.7430000000000003, PE=9.675600858673432e-17 after 290 steps
Step: 345 -  phi=0.7440000000000003, PE=9.960180755795827e-17 after 299 steps
Step: 346 -  phi=0.7450000000000003, PE=9.743004882060336e-17 after 320 steps
Step: 347 -  phi=0.7460000000000003, PE=7.914479058803274e-17 after 312 steps
Step: 348 -  phi=0.7470000000000003, PE=8.880941175960787e-17 after 352 steps
Step: 349 -  phi=0.7480000000000003, PE=9.244599363626912e-17 after 316 steps
Step: 350 -  phi=0.7490000000000003, PE=9.168139882532728e-17 after 319 steps
Step: 351 -  phi=0.7500000000000003, PE=9.342851376693113e-17 after 300 steps
Step: 352 -  phi=0.7510000000000003, PE=7.870331809204679e-17 after 331 steps
Step: 353 -  phi=0.7520000000000003, PE=9.753917628614418e-17 after 316 steps
Step: 354 -  phi=0.7530000000000003, PE=7.668271401097104e-17 after 324 steps
Step: 355 -  phi=0.7540000000000003, PE=8.454476874850181e-17 after 305 steps
Step: 356 -  phi=0.7550000000000003, PE=8.554621917189876e-17 after 355 steps
Step: 357 -  phi=0.7560000000000003, PE=8.84818880616961e-17 after 353 steps
Step: 358 -  phi=0.7570000000000003, PE=8.691333551754383e-17 after 331 steps
Step: 359 -  phi=0.7580000000000003, PE=2.5408706761392152e-17 after 355 steps
Step: 360 -  phi=0.7590000000000003, PE=9.514658934382804e-17 after 393 steps
Step: 361 -  phi=0.7600000000000003, PE=8.578223646260025e-17 after 350 steps
Step: 362 -  phi=0.7610000000000003, PE=9.003632500400942e-17 after 364 steps
Step: 363 -  phi=0.7620000000000003, PE=8.147676490269217e-17 after 345 steps
Step: 364 -  phi=0.7630000000000003, PE=7.749530788530033e-17 after 353 steps
Step: 365 -  phi=0.7640000000000003, PE=9.829737526714599e-17 after 324 steps
Step: 366 -  phi=0.7650000000000003, PE=9.509765570324176e-17 after 347 steps
Step: 367 -  phi=0.7660000000000003, PE=6.404323833702705e-17 after 365 steps
Step: 368 -  phi=0.7670000000000003, PE=9.392012436290922e-17 after 337 steps
Step: 369 -  phi=0.7680000000000003, PE=4.968012240895751e-17 after 339 steps
Step: 370 -  phi=0.7690000000000003, PE=9.950097719015191e-17 after 422 steps
Step: 371 -  phi=0.7700000000000004, PE=7.852937053729921e-17 after 324 steps
Step: 372 -  phi=0.7710000000000004, PE=7.614383934244175e-17 after 321 steps
Step: 373 -  phi=0.7720000000000004, PE=9.797523995342437e-17 after 387 steps
Step: 374 -  phi=0.7730000000000004, PE=9.741594152657082e-17 after 481 steps
Step: 375 -  phi=0.7740000000000004, PE=9.441249317998185e-17 after 431 steps
Step: 376 -  phi=0.7750000000000004, PE=9.847494704475663e-17 after 372 steps
Step: 377 -  phi=0.7760000000000004, PE=8.347217222578903e-17 after 396 steps
Step: 378 -  phi=0.7770000000000004, PE=9.858457713798238e-17 after 382 steps
Step: 379 -  phi=0.7780000000000004, PE=9.154330075979286e-17 after 403 steps
Step: 380 -  phi=0.7790000000000004, PE=9.40251848061371e-17 after 402 steps
Step: 381 -  phi=0.7800000000000004, PE=8.63866417873597e-17 after 378 steps
Step: 382 -  phi=0.7810000000000004, PE=9.189767184182464e-17 after 396 steps
Step: 383 -  phi=0.7820000000000004, PE=9.160226421928923e-17 after 460 steps
Step: 384 -  phi=0.7830000000000004, PE=9.264920549342061e-17 after 410 steps
Step: 385 -  phi=0.7840000000000004, PE=9.961848692608296e-17 after 373 steps
Step: 386 -  phi=0.7850000000000004, PE=9.742306435802078e-17 after 509 steps
Step: 387 -  phi=0.7860000000000004, PE=8.119582686966685e-17 after 413 steps
Step: 388 -  phi=0.7870000000000004, PE=9.898024816823002e-17 after 451 steps
Step: 389 -  phi=0.7880000000000004, PE=9.322936192425764e-17 after 430 steps
Step: 390 -  phi=0.7890000000000004, PE=9.777176713020032e-17 after 442 steps
Step: 391 -  phi=0.7900000000000004, PE=9.986766317316384e-17 after 417 steps
Step: 392 -  phi=0.7910000000000004, PE=9.526470874277584e-17 after 427 steps
Step: 393 -  phi=0.7920000000000004, PE=6.375945857136457e-17 after 426 steps
Step: 394 -  phi=0.7930000000000004, PE=9.913606658423181e-17 after 414 steps
Step: 395 -  phi=0.7940000000000004, PE=7.648319996629864e-17 after 441 steps
Step: 396 -  phi=0.7950000000000004, PE=8.987108962512463e-17 after 555 steps
Step: 397 -  phi=0.7960000000000004, PE=8.462580719202552e-17 after 412 steps
Step: 398 -  phi=0.7970000000000004, PE=8.6584976920757e-17 after 444 steps
Step: 399 -  phi=0.7980000000000004, PE=6.197281328458396e-17 after 439 steps
Step: 400 -  phi=0.7990000000000004, PE=4.6108176467321695e-17 after 435 steps
Step: 401 -  phi=0.8000000000000004, PE=6.534357836142605e-17 after 464 steps
Step: 402 -  phi=0.8010000000000004, PE=9.272982817391288e-17 after 453 steps
Step: 403 -  phi=0.8020000000000004, PE=8.856163080928739e-17 after 470 steps
Step: 404 -  phi=0.8030000000000004, PE=8.823315114513401e-17 after 455 steps
Step: 405 -  phi=0.8040000000000004, PE=9.744656267632538e-17 after 555 steps
Step: 406 -  phi=0.8050000000000004, PE=9.300706339135136e-17 after 516 steps
Step: 407 -  phi=0.8060000000000004, PE=9.603642587038245e-17 after 494 steps
Step: 408 -  phi=0.8070000000000004, PE=9.429510730498962e-17 after 476 steps
Step: 409 -  phi=0.8080000000000004, PE=9.208341054630285e-17 after 441 steps
Step: 410 -  phi=0.8090000000000004, PE=8.877443306183146e-17 after 537 steps
Step: 411 -  phi=0.8100000000000004, PE=8.65320695301825e-17 after 490 steps
Step: 412 -  phi=0.8110000000000004, PE=6.633415028275285e-17 after 501 steps
Step: 413 -  phi=0.8120000000000004, PE=7.066890767629803e-17 after 557 steps
Step: 414 -  phi=0.8130000000000004, PE=9.194611780595759e-17 after 514 steps
Step: 415 -  phi=0.8140000000000004, PE=9.866415370631688e-17 after 534 steps
Step: 416 -  phi=0.8150000000000004, PE=6.527754457702036e-17 after 530 steps
Step: 417 -  phi=0.8160000000000004, PE=9.657721858473859e-17 after 538 steps
Step: 418 -  phi=0.8170000000000004, PE=8.595645501819824e-17 after 666 steps
Step: 419 -  phi=0.8180000000000004, PE=9.931255868726909e-17 after 526 steps
Step: 420 -  phi=0.8190000000000004, PE=9.070230335324867e-17 after 537 steps
Step: 421 -  phi=0.8200000000000004, PE=9.727429412112772e-17 after 606 steps
Step: 422 -  phi=0.8210000000000004, PE=9.906596140387613e-17 after 562 steps
Step: 423 -  phi=0.8220000000000004, PE=7.942492368843735e-17 after 576 steps
Step: 424 -  phi=0.8230000000000004, PE=7.856987030721229e-17 after 619 steps
Step: 425 -  phi=0.8240000000000004, PE=9.794732166389815e-17 after 648 steps
Step: 426 -  phi=0.8250000000000004, PE=9.154456327508849e-17 after 628 steps
Step: 427 -  phi=0.8260000000000004, PE=9.584404730976233e-17 after 626 steps
Step: 428 -  phi=0.8270000000000004, PE=9.555659705320772e-17 after 724 steps
Step: 429 -  phi=0.8280000000000004, PE=9.421721199168027e-17 after 663 steps
Step: 430 -  phi=0.8290000000000004, PE=8.907824803325112e-17 after 635 steps
Step: 431 -  phi=0.8300000000000004, PE=8.152138529067316e-17 after 594 steps
Step: 432 -  phi=0.8310000000000004, PE=8.356469326988395e-17 after 579 steps
Step: 433 -  phi=0.8320000000000004, PE=9.411839623039277e-17 after 690 steps
Step: 434 -  phi=0.8330000000000004, PE=9.132876587316312e-17 after 717 steps
Step: 435 -  phi=0.8340000000000004, PE=9.680331822914485e-17 after 671 steps
Step: 436 -  phi=0.8350000000000004, PE=8.834818507567018e-17 after 619 steps
Step: 437 -  phi=0.8360000000000004, PE=9.856738282931839e-17 after 777 steps
Step: 438 -  phi=0.8370000000000004, PE=9.929184374528846e-17 after 1082 steps
Step: 439 -  phi=0.8380000000000004, PE=9.351454150635242e-17 after 908 steps
Step: 440 -  phi=0.8390000000000004, PE=9.764084982277316e-17 after 1095 steps
Step: 441 -  phi=0.8400000000000004, PE=8.758661922283644e-17 after 1032 steps
Step: 442 -  phi=0.8410000000000004, PE=9.011242222699507e-17 after 1074 steps
Step: 443 -  phi=0.8420000000000004, PE=9.755523655779479e-17 after 1011 steps
Step: 444 -  phi=0.8430000000000004, PE=6.871133529316093e-17 after 949 steps
Step: 445 -  phi=0.8440000000000004, PE=9.495141408968551e-17 after 914 steps
Step: 446 -  phi=0.8450000000000004, PE=9.519586432783805e-17 after 865 steps
Step: 447 -  phi=0.8460000000000004, PE=9.975729986043304e-17 after 1113 steps
Step: 448 -  phi=0.8470000000000004, PE=8.531186241341429e-17 after 1553 steps
Step: 449 -  phi=0.8480000000000004, PE=9.909501283187486e-17 after 1803 steps
Step: 450 -  phi=0.8490000000000004, PE=9.929353391491703e-17 after 1696 steps
Step: 451 -  phi=0.8500000000000004, PE=9.696261591515486e-17 after 2273 steps
Step: 452 -  phi=0.8510000000000004, PE=9.737957483933579e-17 after 2357 steps
Step: 453 -  phi=0.8520000000000004, PE=9.827576660396723e-17 after 3698 steps
Step: 454 -  phi=0.8530000000000004, PE=9.957480276641024e-17 after 6729 steps
Step: 455 -  phi=0.8540000000000004, PE=9.868884014566e-17 after 4751 steps
Step: 456 -  phi=0.8550000000000004, PE=9.892559877880573e-17 after 5118 steps
Step: 457 -  phi=0.8560000000000004, PE=9.969131230233723e-17 after 7249 steps
Step: 458 -  phi=0.8570000000000004, PE=9.999889279749859e-17 after 15362 steps
Step: 459 -  phi=0.8580000000000004, PE=9.993834710108436e-17 after 172393 steps
Step: 460 -  phi=0.8590000000000004, PE=9.997895049942682e-17 after 96319 steps
Step: 461 -  phi=0.8600000000000004, PE=9.999018304551326e-17 after 129634 steps
Step: 462 -  phi=0.8610000000000004, PE=2.149184077862047e-08 after 27608 steps
Step: 463 -  phi=0.8605000000000005, PE=3.923177138949095e-09 after 56548 steps
Step: 464 -  phi=0.8602500000000004, PE=5.457244531690916e-10 after 148929 steps
Step: 465 -  phi=0.8601250000000005, PE=1.8138541452617162e-11 after 329874 steps
Step: 466 -  phi=0.8600625000000004, PE=9.99917050969385e-17 after 274969 steps
Step: 467 -  phi=0.8600937500000004, PE=2.377427764241664e-12 after 274303 steps
Step: 468 -  phi=0.8600781250000005, PE=9.997792713088762e-17 after 98449 steps
Step: 469 -  phi=0.8600859375000005, PE=9.090968039559575e-14 after 950585 steps
Step: 470 -  phi=0.8600820312500005, PE=9.999578318454896e-17 after 165414 steps
Step: 471 -  phi=0.8600839843750006, PE=9.999921318318348e-17 after 551335 steps
Step: 472 -  phi=0.8600849609375005, PE=9.999471269744066e-17 after 469177 steps
Step: 473 -  phi=0.8600854492187505, PE=9.999474223924408e-17 after 76203 steps
Step: 474 -  phi=0.8600856933593755, PE=9.999626063012835e-17 after 36453 steps
Step: 475 -  phi=0.860085815429688, PE=9.996982356180515e-17 after 33836 steps
Step: 476 -  phi=0.8600858764648442, PE=9.998767665213564e-17 after 20568 steps
Step: 477 -  phi=0.8600859069824224, PE=9.9999350510074e-17 after 33647 steps
Step: 478 -  phi=0.8600859222412114, PE=9.999633711915001e-17 after 23081 steps
Step: 479 -  phi=0.860085929870606, PE=9.999979015766814e-17 after 16275 steps
Step: 480 -  phi=0.8600859336853033, PE=9.999904708192329e-17 after 11529 steps
Step: 481 -  phi=0.8600859355926519, PE=9.999939047009584e-17 after 8203 steps
Step: 482 -  phi=0.8600859365463263, PE=9.999903356314713e-17 after 5801 steps
Step: 483 -  phi=0.8600859370231634, PE=9.999941022486494e-17 after 4108 steps
Step: 484 -  phi=0.8600859372615819, PE=9.999956247844116e-17 after 2914 steps
Step: 485 -  phi=0.8600859373807912, PE=9.999979083047228e-17 after 2060 steps
Step: 486 -  phi=0.8600859374403959, PE=9.999992046786551e-17 after 1461 steps
Jammed: phi = 0.860086, residual PE = 1.000e-16
