The following modules were not unloaded:
  (Use "module --force purge" to unload all):

  1) StdEnv
sys:1: RuntimeWarning: h5: callable: skipping callable field 'user_pre_step_actions' (<PjitFunction of <function _save_state_system at 0x1537b89d3ba0>>); handle explicitly
sys:1: RuntimeWarning: h5: callable: skipping callable field 'user_post_step_actions' (<PjitFunction of <function _save_state_system at 0x1537b89d3ba0>>); handle explicitly
/home/rg2248/analysis/summer-26/jam/thomson/jam2d-thomson.py:74: RuntimeWarning: h5: callable: skipping callable field '0' (<function fire.<locals>.init at 0x153646ae7100>); handle explicitly
  save(system, join(data_root, 'system.h5'))
/home/rg2248/analysis/summer-26/jam/thomson/jam2d-thomson.py:74: RuntimeWarning: h5: callable: skipping callable field '1' (<function fire.<locals>.update at 0x153646ae6fc0>); handle explicitly
  save(system, join(data_root, 'system.h5'))
Initial minimization took 0 steps.
Step: 1 -  phi=0.3999999999999999, PE=0.0 after 0 steps
Step: 2 -  phi=0.4009999999999999, PE=0.0 after 92 steps
Step: 3 -  phi=0.4019999999999999, PE=9.479148303204976e-17 after 114 steps
Step: 4 -  phi=0.4029999999999999, PE=7.318030064592462e-17 after 128 steps
Step: 5 -  phi=0.4039999999999999, PE=5.85578366558008e-17 after 116 steps
Step: 6 -  phi=0.4049999999999999, PE=5.014617556700023e-17 after 110 steps
Step: 7 -  phi=0.4059999999999999, PE=4.8172460111472846e-17 after 173 steps
Step: 8 -  phi=0.4069999999999999, PE=8.255632226392206e-17 after 124 steps
Step: 9 -  phi=0.4079999999999999, PE=6.616205096874351e-17 after 120 steps
Step: 10 -  phi=0.4089999999999999, PE=1.9338768924371405e-17 after 128 steps
Step: 11 -  phi=0.4099999999999999, PE=0.0 after 102 steps
Step: 12 -  phi=0.4109999999999999, PE=7.606738394512184e-18 after 117 steps
Step: 13 -  phi=0.4119999999999999, PE=0.0 after 120 steps
Step: 14 -  phi=0.4129999999999999, PE=9.228553291382166e-17 after 153 steps
Step: 15 -  phi=0.4139999999999999, PE=9.731825869261091e-17 after 140 steps
Step: 16 -  phi=0.4149999999999999, PE=2.0564547834021102e-17 after 116 steps
Step: 17 -  phi=0.4159999999999999, PE=5.792813726626577e-17 after 121 steps
Step: 18 -  phi=0.4169999999999999, PE=0.0 after 96 steps
Step: 19 -  phi=0.4179999999999999, PE=4.3516240799793206e-17 after 109 steps
Step: 20 -  phi=0.41899999999999993, PE=2.9764459031744964e-17 after 119 steps
Step: 21 -  phi=0.41999999999999993, PE=8.341816694888127e-17 after 112 steps
Step: 22 -  phi=0.42099999999999993, PE=0.0 after 111 steps
Step: 23 -  phi=0.42199999999999993, PE=0.0 after 106 steps
Step: 24 -  phi=0.42299999999999993, PE=2.880649417218136e-17 after 148 steps
Step: 25 -  phi=0.42399999999999993, PE=0.0 after 118 steps
Step: 26 -  phi=0.42499999999999993, PE=0.0 after 103 steps
Step: 27 -  phi=0.42599999999999993, PE=8.108489361899319e-17 after 117 steps
Step: 28 -  phi=0.42699999999999994, PE=0.0 after 99 steps
Step: 29 -  phi=0.42799999999999994, PE=9.938498125722271e-17 after 117 steps
Step: 30 -  phi=0.42899999999999994, PE=4.7989045476966884e-17 after 107 steps
Step: 31 -  phi=0.42999999999999994, PE=9.041926910101909e-17 after 133 steps
Step: 32 -  phi=0.43099999999999994, PE=0.0 after 119 steps
Step: 33 -  phi=0.43199999999999994, PE=1.8908508192889e-17 after 114 steps
Step: 34 -  phi=0.43299999999999994, PE=4.174904059366152e-17 after 111 steps
Step: 35 -  phi=0.43399999999999994, PE=0.0 after 110 steps
Step: 36 -  phi=0.43499999999999994, PE=1.5650231262004946e-18 after 115 steps
Step: 37 -  phi=0.43599999999999994, PE=1.2282867375661677e-17 after 101 steps
Step: 38 -  phi=0.43699999999999994, PE=8.062194736943292e-17 after 130 steps
Step: 39 -  phi=0.43799999999999994, PE=8.077057637032722e-17 after 138 steps
Step: 40 -  phi=0.43899999999999995, PE=8.712820650168251e-17 after 124 steps
Step: 41 -  phi=0.43999999999999995, PE=6.723651373650702e-17 after 102 steps
Step: 42 -  phi=0.44099999999999995, PE=9.818676077533983e-17 after 155 steps
Step: 43 -  phi=0.44199999999999995, PE=0.0 after 97 steps
Step: 44 -  phi=0.44299999999999995, PE=9.183957927213359e-17 after 116 steps
Step: 45 -  phi=0.44399999999999995, PE=0.0 after 107 steps
Step: 46 -  phi=0.44499999999999995, PE=9.833105811537852e-17 after 107 steps
Step: 47 -  phi=0.44599999999999995, PE=0.0 after 104 steps
Step: 48 -  phi=0.44699999999999995, PE=0.0 after 112 steps
Step: 49 -  phi=0.44799999999999995, PE=3.745377292838112e-18 after 141 steps
Step: 50 -  phi=0.44899999999999995, PE=0.0 after 112 steps
Step: 51 -  phi=0.44999999999999996, PE=0.0 after 117 steps
Step: 52 -  phi=0.45099999999999996, PE=6.732662612347035e-18 after 113 steps
Step: 53 -  phi=0.45199999999999996, PE=0.0 after 118 steps
Step: 54 -  phi=0.45299999999999996, PE=0.0 after 119 steps
Step: 55 -  phi=0.45399999999999996, PE=7.455381775698207e-17 after 131 steps
Step: 56 -  phi=0.45499999999999996, PE=0.0 after 106 steps
Step: 57 -  phi=0.45599999999999996, PE=0.0 after 109 steps
Step: 58 -  phi=0.45699999999999996, PE=6.809376485880975e-17 after 123 steps
Step: 59 -  phi=0.45799999999999996, PE=9.88447088246393e-17 after 127 steps
Step: 60 -  phi=0.45899999999999996, PE=1.446153220245447e-17 after 128 steps
Step: 61 -  phi=0.45999999999999996, PE=1.259156507742482e-20 after 118 steps
Step: 62 -  phi=0.46099999999999997, PE=9.603409356438613e-17 after 142 steps
Step: 63 -  phi=0.46199999999999997, PE=9.792525843474315e-17 after 135 steps
Step: 64 -  phi=0.46299999999999997, PE=5.993988235103793e-17 after 130 steps
Step: 65 -  phi=0.46399999999999997, PE=8.773376628211146e-17 after 135 steps
Step: 66 -  phi=0.46499999999999997, PE=9.213643599873113e-17 after 114 steps
Step: 67 -  phi=0.46599999999999997, PE=9.523080790473352e-17 after 121 steps
Step: 68 -  phi=0.46699999999999997, PE=9.626606441771436e-17 after 140 steps
Step: 69 -  phi=0.46799999999999997, PE=3.0396459031109e-17 after 114 steps
Step: 70 -  phi=0.469, PE=3.249883468977606e-17 after 109 steps
Step: 71 -  phi=0.47, PE=7.865896918192672e-17 after 119 steps
Step: 72 -  phi=0.471, PE=5.136210917386176e-17 after 159 steps
Step: 73 -  phi=0.472, PE=9.198100816360915e-17 after 249 steps
Step: 74 -  phi=0.473, PE=0.0 after 135 steps
Step: 75 -  phi=0.474, PE=7.857518555052708e-17 after 169 steps
Step: 76 -  phi=0.475, PE=6.216578061147937e-17 after 158 steps
Step: 77 -  phi=0.476, PE=4.1227944213376015e-17 after 137 steps
Step: 78 -  phi=0.477, PE=6.64633425014972e-17 after 162 steps
Step: 79 -  phi=0.478, PE=1.0667839052731238e-17 after 134 steps
Step: 80 -  phi=0.479, PE=3.5310434888680506e-17 after 131 steps
Step: 81 -  phi=0.48, PE=4.735044521772039e-17 after 144 steps
Step: 82 -  phi=0.481, PE=7.537055697602798e-18 after 126 steps
Step: 83 -  phi=0.482, PE=9.341100956436619e-17 after 146 steps
Step: 84 -  phi=0.483, PE=8.477278043190079e-17 after 176 steps
Step: 85 -  phi=0.484, PE=9.678009392049023e-17 after 220 steps
Step: 86 -  phi=0.485, PE=9.769116088913593e-17 after 137 steps
Step: 87 -  phi=0.486, PE=9.526263915260637e-17 after 139 steps
Step: 88 -  phi=0.487, PE=5.761462142580422e-17 after 158 steps
Step: 89 -  phi=0.488, PE=8.946675026038111e-17 after 209 steps
Step: 90 -  phi=0.489, PE=9.853818446322918e-17 after 164 steps
Step: 91 -  phi=0.49, PE=3.384839392299613e-17 after 158 steps
Step: 92 -  phi=0.491, PE=0.0 after 143 steps
Step: 93 -  phi=0.492, PE=8.264235625198753e-17 after 155 steps
Step: 94 -  phi=0.493, PE=8.934021971854561e-17 after 163 steps
Step: 95 -  phi=0.494, PE=9.770883230720958e-17 after 163 steps
Step: 96 -  phi=0.495, PE=5.384388089494017e-19 after 140 steps
Step: 97 -  phi=0.496, PE=6.701649052426456e-17 after 163 steps
Step: 98 -  phi=0.497, PE=6.758847133314033e-17 after 143 steps
Step: 99 -  phi=0.498, PE=4.510225462907423e-17 after 206 steps
Step: 100 -  phi=0.499, PE=0.0 after 129 steps
Step: 101 -  phi=0.5, PE=5.3772637884469706e-17 after 168 steps
Step: 102 -  phi=0.501, PE=7.116175024718594e-17 after 157 steps
Step: 103 -  phi=0.502, PE=2.688619945028084e-17 after 150 steps
Step: 104 -  phi=0.503, PE=0.0 after 162 steps
Step: 105 -  phi=0.504, PE=7.398519396283667e-17 after 171 steps
Step: 106 -  phi=0.505, PE=1.416287948067089e-17 after 172 steps
Step: 107 -  phi=0.506, PE=7.363682466664135e-17 after 159 steps
Step: 108 -  phi=0.507, PE=9.487117915012226e-17 after 163 steps
Step: 109 -  phi=0.508, PE=4.3725269870500734e-17 after 171 steps
Step: 110 -  phi=0.509, PE=6.597947214882506e-17 after 216 steps
Step: 111 -  phi=0.51, PE=9.083020141245417e-17 after 164 steps
Step: 112 -  phi=0.511, PE=8.693619568021384e-17 after 190 steps
Step: 113 -  phi=0.512, PE=7.37532622572269e-17 after 190 steps
Step: 114 -  phi=0.513, PE=1.187369594892308e-17 after 164 steps
Step: 115 -  phi=0.514, PE=9.919649996735456e-17 after 206 steps
Step: 116 -  phi=0.515, PE=1.3229123498589508e-17 after 166 steps
Step: 117 -  phi=0.516, PE=9.183267894633583e-17 after 178 steps
Step: 118 -  phi=0.517, PE=8.577302815997352e-17 after 172 steps
Step: 119 -  phi=0.518, PE=3.88032674456653e-17 after 190 steps
Step: 120 -  phi=0.519, PE=7.582997521657669e-17 after 185 steps
Step: 121 -  phi=0.52, PE=9.078995534168552e-17 after 187 steps
Step: 122 -  phi=0.521, PE=0.0 after 182 steps
Step: 123 -  phi=0.522, PE=8.982790417184203e-17 after 251 steps
Step: 124 -  phi=0.523, PE=0.0 after 170 steps
Step: 125 -  phi=0.524, PE=7.792874778283688e-17 after 191 steps
Step: 126 -  phi=0.525, PE=7.086377588632914e-17 after 175 steps
Step: 127 -  phi=0.526, PE=6.214606873742626e-17 after 191 steps
Step: 128 -  phi=0.527, PE=7.649061668213794e-17 after 188 steps
Step: 129 -  phi=0.528, PE=7.372504036588347e-17 after 187 steps
Step: 130 -  phi=0.529, PE=1.3941652408919278e-17 after 198 steps
Step: 131 -  phi=0.53, PE=7.206363904235945e-17 after 234 steps
Step: 132 -  phi=0.531, PE=5.035617397828059e-17 after 178 steps
Step: 133 -  phi=0.532, PE=7.757887062948819e-17 after 183 steps
Step: 134 -  phi=0.533, PE=5.025689113808723e-17 after 198 steps
Step: 135 -  phi=0.534, PE=4.412934633635891e-17 after 187 steps
Step: 136 -  phi=0.535, PE=7.889477072771796e-17 after 188 steps
Step: 137 -  phi=0.536, PE=9.501168998088811e-17 after 197 steps
Step: 138 -  phi=0.537, PE=7.703755810266068e-17 after 208 steps
Step: 139 -  phi=0.538, PE=2.644778439644684e-18 after 195 steps
Step: 140 -  phi=0.539, PE=6.939484523299517e-17 after 185 steps
Step: 141 -  phi=0.54, PE=1.5966109097320755e-20 after 205 steps
Step: 142 -  phi=0.541, PE=5.5009731117822366e-17 after 182 steps
Step: 143 -  phi=0.542, PE=0.0 after 177 steps
Step: 144 -  phi=0.543, PE=9.629459698359202e-17 after 191 steps
Step: 145 -  phi=0.544, PE=6.686395927070083e-17 after 173 steps
Step: 146 -  phi=0.545, PE=4.621114914764166e-17 after 193 steps
Step: 147 -  phi=0.546, PE=5.943566441718127e-17 after 195 steps
Step: 148 -  phi=0.547, PE=0.0 after 158 steps
Step: 149 -  phi=0.548, PE=9.800542764548592e-17 after 204 steps
Step: 150 -  phi=0.549, PE=8.734363990984696e-17 after 189 steps
Step: 151 -  phi=0.55, PE=2.1466475319615597e-17 after 173 steps
Step: 152 -  phi=0.551, PE=0.0 after 195 steps
Step: 153 -  phi=0.552, PE=5.063816561638429e-17 after 222 steps
Step: 154 -  phi=0.553, PE=0.0 after 180 steps
Step: 155 -  phi=0.554, PE=9.808920510872945e-17 after 201 steps
Step: 156 -  phi=0.555, PE=8.060660208109373e-17 after 215 steps
Step: 157 -  phi=0.556, PE=1.470820068306829e-17 after 198 steps
Step: 158 -  phi=0.557, PE=7.642453361977222e-17 after 210 steps
Step: 159 -  phi=0.558, PE=7.08031641486911e-17 after 217 steps
Step: 160 -  phi=0.559, PE=5.341923184210269e-17 after 282 steps
Step: 161 -  phi=0.56, PE=5.688864487148848e-17 after 221 steps
Step: 162 -  phi=0.561, PE=9.975578344719213e-17 after 251 steps
Step: 163 -  phi=0.562, PE=9.573239093231194e-17 after 213 steps
Step: 164 -  phi=0.5630000000000001, PE=7.041880842907372e-17 after 282 steps
Step: 165 -  phi=0.5640000000000001, PE=8.915005163642966e-17 after 226 steps
Step: 166 -  phi=0.5650000000000001, PE=8.400274714049376e-17 after 214 steps
Step: 167 -  phi=0.5660000000000001, PE=3.484841362926568e-17 after 202 steps
Step: 168 -  phi=0.5670000000000001, PE=6.660974179445816e-17 after 212 steps
Step: 169 -  phi=0.5680000000000001, PE=9.85143713230221e-17 after 188 steps
Step: 170 -  phi=0.5690000000000001, PE=7.133813533167496e-17 after 183 steps
Step: 171 -  phi=0.5700000000000001, PE=9.093690290520683e-17 after 204 steps
Step: 172 -  phi=0.5710000000000001, PE=9.499967930325907e-17 after 203 steps
Step: 173 -  phi=0.5720000000000001, PE=8.695298143431156e-17 after 178 steps
Step: 174 -  phi=0.5730000000000001, PE=8.915182171304007e-17 after 207 steps
Step: 175 -  phi=0.5740000000000001, PE=7.401263848805136e-17 after 248 steps
Step: 176 -  phi=0.5750000000000001, PE=5.802576519862175e-17 after 213 steps
Step: 177 -  phi=0.5760000000000001, PE=8.363970686446022e-17 after 237 steps
Step: 178 -  phi=0.5770000000000001, PE=9.904934429795739e-17 after 206 steps
Step: 179 -  phi=0.5780000000000001, PE=4.9236479199872527e-17 after 188 steps
Step: 180 -  phi=0.5790000000000001, PE=2.617998178439364e-17 after 188 steps
Step: 181 -  phi=0.5800000000000001, PE=8.831251958409227e-17 after 268 steps
Step: 182 -  phi=0.5810000000000001, PE=6.020231509955464e-17 after 217 steps
Step: 183 -  phi=0.5820000000000001, PE=9.103371090568207e-17 after 234 steps
Step: 184 -  phi=0.5830000000000001, PE=8.748518066307421e-17 after 225 steps
Step: 185 -  phi=0.5840000000000001, PE=4.1030399854148925e-17 after 222 steps
Step: 186 -  phi=0.5850000000000001, PE=8.116215542583698e-17 after 217 steps
Step: 187 -  phi=0.5860000000000001, PE=5.618173262133784e-17 after 198 steps
Step: 188 -  phi=0.5870000000000001, PE=5.595581670511234e-17 after 192 steps
Step: 189 -  phi=0.5880000000000001, PE=9.483068286851e-17 after 199 steps
Step: 190 -  phi=0.5890000000000001, PE=7.933642666094359e-17 after 212 steps
Step: 191 -  phi=0.5900000000000001, PE=5.191895406536852e-17 after 212 steps
Step: 192 -  phi=0.5910000000000001, PE=9.029282831238229e-17 after 222 steps
Step: 193 -  phi=0.5920000000000001, PE=0.0 after 194 steps
Step: 194 -  phi=0.5930000000000001, PE=7.785473530295955e-17 after 196 steps
Step: 195 -  phi=0.5940000000000001, PE=8.611175274108312e-17 after 210 steps
Step: 196 -  phi=0.5950000000000001, PE=5.925351768867077e-17 after 217 steps
Step: 197 -  phi=0.5960000000000001, PE=7.995338409124309e-17 after 218 steps
Step: 198 -  phi=0.5970000000000001, PE=8.354315965785129e-17 after 227 steps
Step: 199 -  phi=0.5980000000000001, PE=0.0 after 213 steps
Step: 200 -  phi=0.5990000000000001, PE=0.0 after 204 steps
Step: 201 -  phi=0.6000000000000001, PE=0.0 after 200 steps
Step: 202 -  phi=0.6010000000000001, PE=0.0 after 200 steps
Step: 203 -  phi=0.6020000000000001, PE=6.783133494819188e-17 after 228 steps
Step: 204 -  phi=0.6030000000000001, PE=7.495654483569956e-17 after 241 steps
Step: 205 -  phi=0.6040000000000001, PE=7.345247698816451e-17 after 245 steps
Step: 206 -  phi=0.6050000000000001, PE=7.781536604771486e-17 after 233 steps
Step: 207 -  phi=0.6060000000000001, PE=9.533301794564641e-17 after 219 steps
Step: 208 -  phi=0.6070000000000001, PE=8.882254006956865e-17 after 220 steps
Step: 209 -  phi=0.6080000000000001, PE=7.0758773157153e-17 after 210 steps
Step: 210 -  phi=0.6090000000000001, PE=9.285609691772768e-17 after 198 steps
Step: 211 -  phi=0.6100000000000001, PE=8.002643970234953e-17 after 210 steps
Step: 212 -  phi=0.6110000000000001, PE=1.4096619257895634e-17 after 185 steps
Step: 213 -  phi=0.6120000000000001, PE=9.030082281979838e-17 after 204 steps
Step: 214 -  phi=0.6130000000000001, PE=7.401286590490429e-17 after 227 steps
Step: 215 -  phi=0.6140000000000001, PE=6.627621390220114e-17 after 240 steps
Step: 216 -  phi=0.6150000000000001, PE=6.4638163211888e-17 after 234 steps
Step: 217 -  phi=0.6160000000000001, PE=9.487958982449529e-17 after 229 steps
Step: 218 -  phi=0.6170000000000001, PE=8.905769425298923e-17 after 266 steps
Step: 219 -  phi=0.6180000000000001, PE=8.637818917035759e-17 after 241 steps
Step: 220 -  phi=0.6190000000000001, PE=3.6466497596221987e-17 after 258 steps
Step: 221 -  phi=0.6200000000000001, PE=8.358532224271854e-17 after 241 steps
Step: 222 -  phi=0.6210000000000001, PE=8.939381708889245e-17 after 256 steps
Step: 223 -  phi=0.6220000000000001, PE=9.830441530672852e-17 after 246 steps
Step: 224 -  phi=0.6230000000000001, PE=9.030174914706105e-17 after 223 steps
Step: 225 -  phi=0.6240000000000001, PE=8.802758872665126e-17 after 257 steps
Step: 226 -  phi=0.6250000000000001, PE=7.627067162181996e-17 after 266 steps
Step: 227 -  phi=0.6260000000000001, PE=8.370958150711415e-17 after 230 steps
Step: 228 -  phi=0.6270000000000001, PE=8.991716943801194e-17 after 247 steps
Step: 229 -  phi=0.6280000000000001, PE=8.008579134517807e-17 after 246 steps
Step: 230 -  phi=0.6290000000000001, PE=9.065461420931318e-17 after 254 steps
Step: 231 -  phi=0.6300000000000001, PE=9.420041158642493e-17 after 269 steps
Step: 232 -  phi=0.6310000000000001, PE=9.645148248526664e-17 after 254 steps
Step: 233 -  phi=0.6320000000000001, PE=8.79807176752142e-17 after 265 steps
Step: 234 -  phi=0.6330000000000001, PE=7.460747064881806e-17 after 258 steps
Step: 235 -  phi=0.6340000000000001, PE=9.20416836171678e-17 after 255 steps
Step: 236 -  phi=0.6350000000000001, PE=9.847355808200449e-17 after 271 steps
Step: 237 -  phi=0.6360000000000001, PE=6.117473716570641e-17 after 270 steps
Step: 238 -  phi=0.6370000000000001, PE=8.917496038836809e-17 after 268 steps
Step: 239 -  phi=0.6380000000000001, PE=6.234301713239061e-17 after 274 steps
Step: 240 -  phi=0.6390000000000001, PE=9.435411449341711e-17 after 286 steps
Step: 241 -  phi=0.6400000000000001, PE=7.276021134000217e-17 after 258 steps
Step: 242 -  phi=0.6410000000000001, PE=5.421467339889098e-17 after 270 steps
Step: 243 -  phi=0.6420000000000001, PE=4.883322496814025e-17 after 273 steps
Step: 244 -  phi=0.6430000000000001, PE=7.499496630526139e-17 after 300 steps
Step: 245 -  phi=0.6440000000000001, PE=7.769923907089884e-17 after 312 steps
Step: 246 -  phi=0.6450000000000001, PE=9.606274543865095e-17 after 291 steps
Step: 247 -  phi=0.6460000000000001, PE=8.850953930631552e-17 after 291 steps
Step: 248 -  phi=0.6470000000000001, PE=9.252889445019174e-17 after 339 steps
Step: 249 -  phi=0.6480000000000001, PE=8.832283188523366e-17 after 301 steps
Step: 250 -  phi=0.6490000000000001, PE=9.625771293327923e-17 after 282 steps
Step: 251 -  phi=0.6500000000000001, PE=7.953893461567789e-17 after 266 steps
Step: 252 -  phi=0.6510000000000001, PE=9.682466846094845e-17 after 272 steps
Step: 253 -  phi=0.6520000000000001, PE=9.036135480437531e-17 after 319 steps
Step: 254 -  phi=0.6530000000000001, PE=9.281412342153382e-17 after 302 steps
Step: 255 -  phi=0.6540000000000001, PE=9.680981851899165e-17 after 300 steps
Step: 256 -  phi=0.6550000000000001, PE=9.120440645151697e-17 after 293 steps
Step: 257 -  phi=0.6560000000000001, PE=8.039344319663677e-17 after 301 steps
Step: 258 -  phi=0.6570000000000001, PE=8.308640387269843e-17 after 287 steps
Step: 259 -  phi=0.6580000000000001, PE=7.2315260840503e-17 after 308 steps
Step: 260 -  phi=0.6590000000000001, PE=9.768003070568188e-17 after 322 steps
Step: 261 -  phi=0.6600000000000001, PE=4.7367042745232767e-17 after 272 steps
Step: 262 -  phi=0.6610000000000001, PE=8.447168145605835e-17 after 262 steps
Step: 263 -  phi=0.6620000000000001, PE=8.017491141051481e-17 after 278 steps
Step: 264 -  phi=0.6630000000000001, PE=9.539866055608091e-17 after 314 steps
Step: 265 -  phi=0.6640000000000001, PE=5.39156283740631e-17 after 306 steps
Step: 266 -  phi=0.6650000000000001, PE=7.7002473468717e-17 after 320 steps
Step: 267 -  phi=0.6660000000000001, PE=8.364387966859905e-17 after 288 steps
Step: 268 -  phi=0.6670000000000001, PE=9.411911361933344e-17 after 276 steps
Step: 269 -  phi=0.6680000000000001, PE=8.71901925668466e-17 after 305 steps
Step: 270 -  phi=0.6690000000000002, PE=9.89620290273375e-17 after 300 steps
Step: 271 -  phi=0.6700000000000002, PE=9.559994939918941e-17 after 304 steps
Step: 272 -  phi=0.6710000000000002, PE=9.981641084208167e-17 after 378 steps
Step: 273 -  phi=0.6720000000000002, PE=7.159264446638612e-17 after 337 steps
Step: 274 -  phi=0.6730000000000002, PE=8.163723560431397e-17 after 332 steps
Step: 275 -  phi=0.6740000000000002, PE=8.286511056382942e-17 after 343 steps
Step: 276 -  phi=0.6750000000000002, PE=9.106772890025613e-17 after 335 steps
Step: 277 -  phi=0.6760000000000002, PE=9.831194477218531e-17 after 332 steps
Step: 278 -  phi=0.6770000000000002, PE=9.809863796673675e-17 after 310 steps
Step: 279 -  phi=0.6780000000000002, PE=6.290205102990476e-17 after 296 steps
Step: 280 -  phi=0.6790000000000002, PE=8.883590094424508e-17 after 327 steps
Step: 281 -  phi=0.6800000000000002, PE=7.629517678793553e-17 after 332 steps
Step: 282 -  phi=0.6810000000000002, PE=5.918372793267762e-17 after 294 steps
Step: 283 -  phi=0.6820000000000002, PE=9.02892951857839e-17 after 316 steps
Step: 284 -  phi=0.6830000000000002, PE=6.63555158748584e-17 after 302 steps
Step: 285 -  phi=0.6840000000000002, PE=9.562905268509041e-17 after 364 steps
Step: 286 -  phi=0.6850000000000002, PE=9.356908396282579e-17 after 313 steps
Step: 287 -  phi=0.6860000000000002, PE=9.689331976174272e-17 after 339 steps
Step: 288 -  phi=0.6870000000000002, PE=6.322502402441746e-17 after 314 steps
Step: 289 -  phi=0.6880000000000002, PE=9.829296706835522e-17 after 372 steps
Step: 290 -  phi=0.6890000000000002, PE=9.943605197156908e-17 after 315 steps
Step: 291 -  phi=0.6900000000000002, PE=6.362250692140464e-17 after 339 steps
Step: 292 -  phi=0.6910000000000002, PE=8.739802781409346e-17 after 351 steps
Step: 293 -  phi=0.6920000000000002, PE=7.487665940858294e-17 after 313 steps
Step: 294 -  phi=0.6930000000000002, PE=3.434032037926854e-17 after 346 steps
Step: 295 -  phi=0.6940000000000002, PE=8.040704679610718e-17 after 325 steps
Step: 296 -  phi=0.6950000000000002, PE=9.002527094375957e-17 after 351 steps
Step: 297 -  phi=0.6960000000000002, PE=9.902448572220795e-17 after 335 steps
Step: 298 -  phi=0.6970000000000002, PE=9.196647450431768e-17 after 347 steps
Step: 299 -  phi=0.6980000000000002, PE=8.904118034719151e-17 after 319 steps
Step: 300 -  phi=0.6990000000000002, PE=7.372402811111119e-17 after 315 steps
Step: 301 -  phi=0.7000000000000002, PE=8.18318894557773e-17 after 322 steps
Step: 302 -  phi=0.7010000000000002, PE=9.53672627690407e-17 after 356 steps
Step: 303 -  phi=0.7020000000000002, PE=7.469165348151338e-17 after 361 steps
Step: 304 -  phi=0.7030000000000002, PE=5.687856210348905e-17 after 323 steps
Step: 305 -  phi=0.7040000000000002, PE=9.115285476209366e-17 after 315 steps
Step: 306 -  phi=0.7050000000000002, PE=9.510534593179401e-17 after 338 steps
Step: 307 -  phi=0.7060000000000002, PE=8.446457487961523e-17 after 333 steps
Step: 308 -  phi=0.7070000000000002, PE=7.705297858511881e-17 after 400 steps
Step: 309 -  phi=0.7080000000000002, PE=6.923067154632131e-17 after 358 steps
Step: 310 -  phi=0.7090000000000002, PE=9.157081544169024e-17 after 367 steps
Step: 311 -  phi=0.7100000000000002, PE=8.940134655742963e-17 after 353 steps
Step: 312 -  phi=0.7110000000000002, PE=9.950911548159457e-17 after 352 steps
Step: 313 -  phi=0.7120000000000002, PE=8.01539644957535e-17 after 335 steps
Step: 314 -  phi=0.7130000000000002, PE=8.585089167818669e-17 after 349 steps
Step: 315 -  phi=0.7140000000000002, PE=9.251203750808738e-17 after 355 steps
Step: 316 -  phi=0.7150000000000002, PE=9.641170717833122e-17 after 341 steps
Step: 317 -  phi=0.7160000000000002, PE=9.25320787006832e-17 after 376 steps
Step: 318 -  phi=0.7170000000000002, PE=7.408005238944461e-17 after 352 steps
Step: 319 -  phi=0.7180000000000002, PE=8.278069875936305e-17 after 381 steps
Step: 320 -  phi=0.7190000000000002, PE=9.520374769239624e-17 after 411 steps
Step: 321 -  phi=0.7200000000000002, PE=9.879468535925822e-17 after 400 steps
Step: 322 -  phi=0.7210000000000002, PE=8.812091379936063e-17 after 390 steps
Step: 323 -  phi=0.7220000000000002, PE=9.134856487914914e-17 after 392 steps
Step: 324 -  phi=0.7230000000000002, PE=7.779485183796841e-17 after 373 steps
Step: 325 -  phi=0.7240000000000002, PE=7.874539921025255e-17 after 395 steps
Step: 326 -  phi=0.7250000000000002, PE=9.762599598985123e-17 after 419 steps
Step: 327 -  phi=0.7260000000000002, PE=7.839658465553814e-17 after 392 steps
Step: 328 -  phi=0.7270000000000002, PE=9.305034417078668e-17 after 397 steps
Step: 329 -  phi=0.7280000000000002, PE=7.292645010146913e-17 after 399 steps
Step: 330 -  phi=0.7290000000000002, PE=7.666301571222733e-17 after 454 steps
Step: 331 -  phi=0.7300000000000002, PE=9.807257722614313e-17 after 453 steps
Step: 332 -  phi=0.7310000000000002, PE=4.8520486753128924e-17 after 456 steps
Step: 333 -  phi=0.7320000000000002, PE=9.30523068956159e-17 after 471 steps
Step: 334 -  phi=0.7330000000000002, PE=9.556242647495309e-17 after 461 steps
Step: 335 -  phi=0.7340000000000002, PE=8.868157158553513e-17 after 447 steps
Step: 336 -  phi=0.7350000000000002, PE=8.079419825371701e-17 after 529 steps
Step: 337 -  phi=0.7360000000000002, PE=7.463015036050224e-17 after 425 steps
Step: 338 -  phi=0.7370000000000002, PE=9.860106118552319e-17 after 484 steps
Step: 339 -  phi=0.7380000000000002, PE=8.605249930880655e-17 after 465 steps
Step: 340 -  phi=0.7390000000000002, PE=9.160905037446982e-17 after 497 steps
Step: 341 -  phi=0.7400000000000002, PE=9.063139627290477e-17 after 442 steps
Step: 342 -  phi=0.7410000000000002, PE=8.554829099308143e-17 after 527 steps
Step: 343 -  phi=0.7420000000000002, PE=8.29888718046048e-17 after 401 steps
Step: 344 -  phi=0.7430000000000002, PE=9.567951690803796e-17 after 433 steps
Step: 345 -  phi=0.7440000000000002, PE=9.444774264138865e-17 after 476 steps
Step: 346 -  phi=0.7450000000000002, PE=8.361271332461141e-17 after 484 steps
Step: 347 -  phi=0.7460000000000002, PE=9.678909915797504e-17 after 644 steps
Step: 348 -  phi=0.7470000000000002, PE=8.805724687090999e-17 after 490 steps
Step: 349 -  phi=0.7480000000000002, PE=9.21232939663901e-17 after 494 steps
Step: 350 -  phi=0.7490000000000002, PE=8.789011608349865e-17 after 454 steps
Step: 351 -  phi=0.7500000000000002, PE=9.824616218888342e-17 after 559 steps
Step: 352 -  phi=0.7510000000000002, PE=8.891038328623267e-17 after 502 steps
Step: 353 -  phi=0.7520000000000002, PE=9.940572767034082e-17 after 555 steps
Step: 354 -  phi=0.7530000000000002, PE=8.659425434936132e-17 after 521 steps
Step: 355 -  phi=0.7540000000000002, PE=9.004985189315414e-17 after 542 steps
Step: 356 -  phi=0.7550000000000002, PE=9.356904175585439e-17 after 523 steps
Step: 357 -  phi=0.7560000000000002, PE=9.550705985662892e-17 after 569 steps
Step: 358 -  phi=0.7570000000000002, PE=9.357775574050337e-17 after 574 steps
Step: 359 -  phi=0.7580000000000002, PE=9.85485081253285e-17 after 529 steps
Step: 360 -  phi=0.7590000000000002, PE=9.374917008625534e-17 after 516 steps
Step: 361 -  phi=0.7600000000000002, PE=9.641741668482515e-17 after 510 steps
Step: 362 -  phi=0.7610000000000002, PE=8.82965824775015e-17 after 502 steps
Step: 363 -  phi=0.7620000000000002, PE=9.927051399317189e-17 after 556 steps
Step: 364 -  phi=0.7630000000000002, PE=9.168392449252285e-17 after 610 steps
Step: 365 -  phi=0.7640000000000002, PE=9.448074903063408e-17 after 537 steps
Step: 366 -  phi=0.7650000000000002, PE=7.815295852718935e-17 after 612 steps
Step: 367 -  phi=0.7660000000000002, PE=9.158837145799093e-17 after 642 steps
Step: 368 -  phi=0.7670000000000002, PE=9.026188810544955e-17 after 650 steps
Step: 369 -  phi=0.7680000000000002, PE=9.830669433451054e-17 after 1001 steps
Step: 370 -  phi=0.7690000000000002, PE=9.478535064316195e-17 after 655 steps
Step: 371 -  phi=0.7700000000000002, PE=9.740689584199147e-17 after 699 steps
Step: 372 -  phi=0.7710000000000002, PE=9.812007857431184e-17 after 624 steps
Step: 373 -  phi=0.7720000000000002, PE=9.316802455835811e-17 after 576 steps
Step: 374 -  phi=0.7730000000000002, PE=9.060199535919528e-17 after 644 steps
Step: 375 -  phi=0.7740000000000002, PE=9.046112518660958e-17 after 826 steps
Step: 376 -  phi=0.7750000000000002, PE=9.210777431473496e-17 after 812 steps
Step: 377 -  phi=0.7760000000000002, PE=8.775123505181637e-17 after 681 steps
Step: 378 -  phi=0.7770000000000002, PE=7.423782136935082e-17 after 735 steps
Step: 379 -  phi=0.7780000000000002, PE=9.649240187175332e-17 after 881 steps
Step: 380 -  phi=0.7790000000000002, PE=9.727171922916496e-17 after 804 steps
Step: 381 -  phi=0.7800000000000002, PE=9.992238481559438e-17 after 891 steps
Step: 382 -  phi=0.7810000000000002, PE=9.1995856207946e-17 after 970 steps
Step: 383 -  phi=0.7820000000000003, PE=9.176081200279661e-17 after 859 steps
Step: 384 -  phi=0.7830000000000003, PE=8.706732832612005e-17 after 872 steps
Step: 385 -  phi=0.7840000000000003, PE=9.653530677836156e-17 after 1098 steps
Step: 386 -  phi=0.7850000000000003, PE=9.554313531789817e-17 after 942 steps
Step: 387 -  phi=0.7860000000000003, PE=9.874092677788324e-17 after 934 steps
Step: 388 -  phi=0.7870000000000003, PE=9.585849162966685e-17 after 926 steps
Step: 389 -  phi=0.7880000000000003, PE=9.500152697508222e-17 after 854 steps
Step: 390 -  phi=0.7890000000000003, PE=8.948074140504718e-17 after 857 steps
Step: 391 -  phi=0.7900000000000003, PE=9.747336614480099e-17 after 1181 steps
Step: 392 -  phi=0.7910000000000003, PE=9.556401306550926e-17 after 1126 steps
Step: 393 -  phi=0.7920000000000003, PE=9.900898537913004e-17 after 1425 steps
Step: 394 -  phi=0.7930000000000003, PE=9.448076468258597e-17 after 1809 steps
Step: 395 -  phi=0.7940000000000003, PE=9.791911458518866e-17 after 2221 steps
Step: 396 -  phi=0.7950000000000003, PE=9.812297141365194e-17 after 1651 steps
Step: 397 -  phi=0.7960000000000003, PE=8.601888915452572e-17 after 1532 steps
Step: 398 -  phi=0.7970000000000003, PE=9.886123035764102e-17 after 2176 steps
Step: 399 -  phi=0.7980000000000003, PE=9.878563776077969e-17 after 2729 steps
Step: 400 -  phi=0.7990000000000003, PE=9.910097416840261e-17 after 3049 steps
Step: 401 -  phi=0.8000000000000003, PE=9.989747289561184e-17 after 2055 steps
Step: 402 -  phi=0.8010000000000003, PE=9.705382313720217e-17 after 1939 steps
Step: 403 -  phi=0.8020000000000003, PE=9.263540707990252e-17 after 2545 steps
Step: 404 -  phi=0.8030000000000003, PE=9.58502542804889e-17 after 2160 steps
Step: 405 -  phi=0.8040000000000003, PE=9.934247589994731e-17 after 4491 steps
Step: 406 -  phi=0.8050000000000003, PE=9.919171797397786e-17 after 5665 steps
Step: 407 -  phi=0.8060000000000003, PE=9.98517998254239e-17 after 4513 steps
Step: 408 -  phi=0.8070000000000003, PE=9.87844730746422e-17 after 3725 steps
Step: 409 -  phi=0.8080000000000003, PE=9.870537306553293e-17 after 4345 steps
Step: 410 -  phi=0.8090000000000003, PE=9.854994931924818e-17 after 4029 steps
Step: 411 -  phi=0.8100000000000003, PE=9.936432586463596e-17 after 5238 steps
Step: 412 -  phi=0.8110000000000003, PE=9.750782404869211e-17 after 3505 steps
Step: 413 -  phi=0.8120000000000003, PE=9.983036776601172e-17 after 4725 steps
Step: 414 -  phi=0.8130000000000003, PE=9.954390290258005e-17 after 6745 steps
Step: 415 -  phi=0.8140000000000003, PE=9.982291476580754e-17 after 18643 steps
Step: 416 -  phi=0.8150000000000003, PE=9.996824778647599e-17 after 17916 steps
Step: 417 -  phi=0.8160000000000003, PE=9.998770793608563e-17 after 41300 steps
Step: 418 -  phi=0.8170000000000003, PE=9.988762400638378e-17 after 18104 steps
Step: 419 -  phi=0.8180000000000003, PE=9.984455066853447e-17 after 28246 steps
Step: 420 -  phi=0.8190000000000003, PE=9.993538113136907e-17 after 38655 steps
Step: 421 -  phi=0.8200000000000003, PE=9.849142897409983e-17 after 30571 steps
Step: 422 -  phi=0.8210000000000003, PE=9.990361239819655e-17 after 25728 steps
Step: 423 -  phi=0.8220000000000003, PE=9.997039392105445e-17 after 75004 steps
Step: 424 -  phi=0.8230000000000003, PE=2.930947840649383e-10 after 181434 steps
Step: 425 -  phi=0.8225000000000002, PE=9.991851855152346e-17 after 45377 steps
Step: 426 -  phi=0.8227500000000003, PE=9.986601966807178e-17 after 59847 steps
Step: 427 -  phi=0.8228750000000002, PE=9.998221294919821e-17 after 95850 steps
Step: 428 -  phi=0.8229375000000003, PE=3.159010303473741e-11 after 91385 steps
Step: 429 -  phi=0.8229062500000003, PE=1.3488455944453082e-12 after 302454 steps
Step: 430 -  phi=0.8228906250000003, PE=9.999746337936827e-17 after 363987 steps
Step: 431 -  phi=0.8228984375000004, PE=9.956557808173573e-15 after 511212 steps
Step: 432 -  phi=0.8228945312500003, PE=9.999794416942303e-17 after 233510 steps
Step: 433 -  phi=0.8228964843750004, PE=9.999892743149025e-17 after 157002 steps
Step: 434 -  phi=0.8228974609375004, PE=9.998407828479776e-17 after 61972 steps
Step: 435 -  phi=0.8228979492187504, PE=3.245586916162616e-16 after 1000000 steps
Step: 436 -  phi=0.8228977050781254, PE=9.99983546637116e-17 after 22625 steps
Step: 437 -  phi=0.822897827148438, PE=9.99968557492441e-17 after 71135 steps
Step: 438 -  phi=0.8228978881835942, PE=9.999980601260762e-17 after 511253 steps
Step: 439 -  phi=0.8228979187011722, PE=1.879284326295983e-16 after 1000000 steps
Step: 440 -  phi=0.8228979034423832, PE=1.3353605899508672e-16 after 1000000 steps
Step: 441 -  phi=0.8228978958129887, PE=1.0981971563441897e-16 after 1000000 steps
Step: 442 -  phi=0.8228978919982914, PE=9.999999495322114e-17 after 110435 steps
Step: 443 -  phi=0.82289789390564, PE=1.0425260500998257e-16 after 1000000 steps
Step: 444 -  phi=0.8228978929519657, PE=1.0152334520882681e-16 after 1000000 steps
Step: 445 -  phi=0.8228978924751286, PE=1.0017228886494016e-16 after 1000000 steps
Step: 446 -  phi=0.8228978922367101, PE=9.999999985593456e-17 after 68900 steps
Step: 447 -  phi=0.8228978923559194, PE=9.999999921888245e-17 after 148197 steps
Step: 448 -  phi=0.8228978924155239, PE=1.0000404336136834e-16 after 208473 steps
Jammed: phi = 0.822898, residual PE = 1.000e-16
