The following modules were not unloaded:
  (Use "module --force purge" to unload all):

  1) StdEnv
sys:1: RuntimeWarning: h5: callable: skipping callable field 'user_pre_step_actions' (<PjitFunction of <function _save_state_system at 0x1524f02f7ba0>>); handle explicitly
sys:1: RuntimeWarning: h5: callable: skipping callable field 'user_post_step_actions' (<PjitFunction of <function _save_state_system at 0x1524f02f7ba0>>); handle explicitly
/home/rg2248/analysis/summer-26/jam/thomson/jam2d-thomson.py:74: RuntimeWarning: h5: callable: skipping callable field '0' (<function fire.<locals>.init at 0x1523d5cf7100>); handle explicitly
  save(system, join(data_root, 'system.h5'))
/home/rg2248/analysis/summer-26/jam/thomson/jam2d-thomson.py:74: RuntimeWarning: h5: callable: skipping callable field '1' (<function fire.<locals>.update at 0x1523d5cf6fc0>); handle explicitly
  save(system, join(data_root, 'system.h5'))
Initial minimization took 0 steps.
Step: 1 -  phi=0.4000000000000001, PE=0.0 after 0 steps
Step: 2 -  phi=0.4010000000000001, PE=0.0 after 97 steps
Step: 3 -  phi=0.4020000000000001, PE=0.0 after 122 steps
Step: 4 -  phi=0.4030000000000001, PE=0.0 after 121 steps
Step: 5 -  phi=0.4040000000000001, PE=3.198992057226771e-17 after 134 steps
Step: 6 -  phi=0.4050000000000001, PE=3.3368270744165856e-17 after 141 steps
Step: 7 -  phi=0.4060000000000001, PE=1.5464453602849391e-18 after 107 steps
Step: 8 -  phi=0.4070000000000001, PE=0.0 after 94 steps
Step: 9 -  phi=0.4080000000000001, PE=0.0 after 110 steps
Step: 10 -  phi=0.4090000000000001, PE=2.388059069681231e-17 after 110 steps
Step: 11 -  phi=0.4100000000000001, PE=3.6406024693726865e-17 after 114 steps
Step: 12 -  phi=0.4110000000000001, PE=6.68485998807209e-17 after 96 steps
Step: 13 -  phi=0.4120000000000001, PE=7.766603572690606e-17 after 116 steps
Step: 14 -  phi=0.4130000000000001, PE=9.050550708529789e-17 after 164 steps
Step: 15 -  phi=0.4140000000000001, PE=0.0 after 92 steps
Step: 16 -  phi=0.4150000000000001, PE=0.0 after 116 steps
Step: 17 -  phi=0.4160000000000001, PE=5.860961027673147e-17 after 134 steps
Step: 18 -  phi=0.4170000000000001, PE=1.4214132277659226e-17 after 114 steps
Step: 19 -  phi=0.4180000000000001, PE=3.1276033871381373e-17 after 108 steps
Step: 20 -  phi=0.4190000000000001, PE=0.0 after 108 steps
Step: 21 -  phi=0.4200000000000001, PE=0.0 after 107 steps
Step: 22 -  phi=0.4210000000000001, PE=1.7881687730262346e-17 after 121 steps
Step: 23 -  phi=0.4220000000000001, PE=9.590347140760248e-17 after 108 steps
Step: 24 -  phi=0.4230000000000001, PE=0.0 after 130 steps
Step: 25 -  phi=0.4240000000000001, PE=7.148525793061054e-17 after 115 steps
Step: 26 -  phi=0.4250000000000001, PE=4.151085869755356e-17 after 133 steps
Step: 27 -  phi=0.4260000000000001, PE=5.133718955661785e-17 after 118 steps
Step: 28 -  phi=0.4270000000000001, PE=0.0 after 118 steps
Step: 29 -  phi=0.4280000000000001, PE=8.403414501899789e-17 after 144 steps
Step: 30 -  phi=0.4290000000000001, PE=9.234065383782159e-17 after 164 steps
Step: 31 -  phi=0.4300000000000001, PE=0.0 after 119 steps
Step: 32 -  phi=0.4310000000000001, PE=0.0 after 124 steps
Step: 33 -  phi=0.4320000000000001, PE=9.292346804137981e-17 after 146 steps
Step: 34 -  phi=0.4330000000000001, PE=7.965008587874528e-17 after 107 steps
Step: 35 -  phi=0.4340000000000001, PE=0.0 after 122 steps
Step: 36 -  phi=0.4350000000000001, PE=9.718274608223235e-17 after 135 steps
Step: 37 -  phi=0.4360000000000001, PE=0.0 after 118 steps
Step: 38 -  phi=0.4370000000000001, PE=1.2930465885137082e-17 after 126 steps
Step: 39 -  phi=0.4380000000000001, PE=0.0 after 128 steps
Step: 40 -  phi=0.4390000000000001, PE=5.713093157240476e-17 after 122 steps
Step: 41 -  phi=0.4400000000000001, PE=9.430451429622253e-18 after 128 steps
Step: 42 -  phi=0.4410000000000001, PE=0.0 after 118 steps
Step: 43 -  phi=0.4420000000000001, PE=4.271323493657515e-18 after 117 steps
Step: 44 -  phi=0.4430000000000001, PE=9.355745421111024e-17 after 123 steps
Step: 45 -  phi=0.4440000000000001, PE=9.127112621666457e-17 after 125 steps
Step: 46 -  phi=0.4450000000000001, PE=5.752623537127959e-17 after 126 steps
Step: 47 -  phi=0.4460000000000001, PE=6.972013487985397e-17 after 123 steps
Step: 48 -  phi=0.4470000000000001, PE=4.3303721134902153e-17 after 125 steps
Step: 49 -  phi=0.4480000000000001, PE=0.0 after 118 steps
Step: 50 -  phi=0.4490000000000001, PE=8.292357280029139e-17 after 162 steps
Step: 51 -  phi=0.4500000000000001, PE=0.0 after 117 steps
Step: 52 -  phi=0.4510000000000001, PE=8.71592213201041e-17 after 156 steps
Step: 53 -  phi=0.4520000000000001, PE=0.0 after 112 steps
Step: 54 -  phi=0.4530000000000001, PE=0.0 after 111 steps
Step: 55 -  phi=0.4540000000000001, PE=9.615281334918211e-17 after 115 steps
Step: 56 -  phi=0.4550000000000001, PE=5.8660852187384e-17 after 144 steps
Step: 57 -  phi=0.4560000000000001, PE=3.539589189198557e-17 after 119 steps
Step: 58 -  phi=0.45700000000000013, PE=7.979119176450399e-17 after 195 steps
Step: 59 -  phi=0.45800000000000013, PE=0.0 after 105 steps
Step: 60 -  phi=0.45900000000000013, PE=6.565120138772242e-17 after 129 steps
Step: 61 -  phi=0.46000000000000013, PE=6.870294802401104e-17 after 127 steps
Step: 62 -  phi=0.46100000000000013, PE=0.0 after 126 steps
Step: 63 -  phi=0.46200000000000013, PE=9.916105150798277e-17 after 132 steps
Step: 64 -  phi=0.46300000000000013, PE=4.377057285096141e-17 after 130 steps
Step: 65 -  phi=0.46400000000000013, PE=5.364808119474927e-17 after 112 steps
Step: 66 -  phi=0.46500000000000014, PE=7.084049316524824e-17 after 129 steps
Step: 67 -  phi=0.46600000000000014, PE=8.507821577447861e-17 after 135 steps
Step: 68 -  phi=0.46700000000000014, PE=2.2111901638882153e-17 after 128 steps
Step: 69 -  phi=0.46800000000000014, PE=9.465071728532378e-17 after 131 steps
Step: 70 -  phi=0.46900000000000014, PE=5.74328532480514e-17 after 126 steps
Step: 71 -  phi=0.47000000000000014, PE=3.147392217661402e-17 after 119 steps
Step: 72 -  phi=0.47100000000000014, PE=7.585344229667466e-17 after 140 steps
Step: 73 -  phi=0.47200000000000014, PE=4.193026850650726e-17 after 134 steps
Step: 74 -  phi=0.47300000000000014, PE=0.0 after 124 steps
Step: 75 -  phi=0.47400000000000014, PE=0.0 after 123 steps
Step: 76 -  phi=0.47500000000000014, PE=8.465859996025262e-17 after 139 steps
Step: 77 -  phi=0.47600000000000015, PE=0.0 after 136 steps
Step: 78 -  phi=0.47700000000000015, PE=6.499645170651932e-17 after 150 steps
Step: 79 -  phi=0.47800000000000015, PE=0.0 after 125 steps
Step: 80 -  phi=0.47900000000000015, PE=6.542747100187352e-17 after 180 steps
Step: 81 -  phi=0.48000000000000015, PE=5.4578775845028396e-17 after 136 steps
Step: 82 -  phi=0.48100000000000015, PE=0.0 after 148 steps
Step: 83 -  phi=0.48200000000000015, PE=0.0 after 128 steps
Step: 84 -  phi=0.48300000000000015, PE=9.782739398977615e-17 after 150 steps
Step: 85 -  phi=0.48400000000000015, PE=0.0 after 125 steps
Step: 86 -  phi=0.48500000000000015, PE=0.0 after 137 steps
Step: 87 -  phi=0.48600000000000015, PE=0.0 after 139 steps
Step: 88 -  phi=0.48700000000000015, PE=0.0 after 124 steps
Step: 89 -  phi=0.48800000000000016, PE=9.183592144683626e-17 after 173 steps
Step: 90 -  phi=0.48900000000000016, PE=7.107748217640799e-17 after 143 steps
Step: 91 -  phi=0.49000000000000016, PE=0.0 after 138 steps
Step: 92 -  phi=0.49100000000000016, PE=8.882758980468897e-17 after 154 steps
Step: 93 -  phi=0.49200000000000016, PE=9.404588506040582e-17 after 142 steps
Step: 94 -  phi=0.49300000000000016, PE=0.0 after 128 steps
Step: 95 -  phi=0.49400000000000016, PE=7.288180209921125e-17 after 131 steps
Step: 96 -  phi=0.49500000000000016, PE=2.533085341717339e-19 after 127 steps
Step: 97 -  phi=0.49600000000000016, PE=0.0 after 123 steps
Step: 98 -  phi=0.49700000000000016, PE=9.28346921230002e-17 after 145 steps
Step: 99 -  phi=0.49800000000000016, PE=6.130632505691825e-17 after 168 steps
Step: 100 -  phi=0.49900000000000017, PE=1.2386017131472786e-17 after 168 steps
Step: 101 -  phi=0.5000000000000001, PE=1.7559208541245442e-17 after 153 steps
Step: 102 -  phi=0.5010000000000001, PE=5.573263896758526e-17 after 140 steps
Step: 103 -  phi=0.5020000000000001, PE=5.90354120006961e-17 after 132 steps
Step: 104 -  phi=0.5030000000000001, PE=5.69450022337125e-17 after 134 steps
Step: 105 -  phi=0.5040000000000001, PE=8.023921114263054e-17 after 138 steps
Step: 106 -  phi=0.5050000000000001, PE=9.611067295459517e-17 after 155 steps
Step: 107 -  phi=0.5060000000000001, PE=0.0 after 142 steps
Step: 108 -  phi=0.5070000000000001, PE=5.521920905911734e-17 after 133 steps
Step: 109 -  phi=0.5080000000000001, PE=9.722979024302289e-17 after 146 steps
Step: 110 -  phi=0.5090000000000001, PE=0.0 after 136 steps
Step: 111 -  phi=0.5100000000000001, PE=5.58157241104179e-17 after 161 steps
Step: 112 -  phi=0.5110000000000001, PE=5.0326817912952835e-17 after 176 steps
Step: 113 -  phi=0.5120000000000001, PE=0.0 after 177 steps
Step: 114 -  phi=0.5130000000000001, PE=0.0 after 153 steps
Step: 115 -  phi=0.5140000000000001, PE=6.907221432188912e-17 after 135 steps
Step: 116 -  phi=0.5150000000000001, PE=0.0 after 166 steps
Step: 117 -  phi=0.5160000000000001, PE=3.5365067130400907e-17 after 176 steps
Step: 118 -  phi=0.5170000000000001, PE=9.943398533997188e-17 after 165 steps
Step: 119 -  phi=0.5180000000000001, PE=0.0 after 161 steps
Step: 120 -  phi=0.5190000000000001, PE=9.855182005069462e-17 after 166 steps
Step: 121 -  phi=0.5200000000000001, PE=0.0 after 163 steps
Step: 122 -  phi=0.5210000000000001, PE=0.0 after 150 steps
Step: 123 -  phi=0.5220000000000001, PE=5.0366813733894844e-17 after 164 steps
Step: 124 -  phi=0.5230000000000001, PE=0.0 after 147 steps
Step: 125 -  phi=0.5240000000000001, PE=9.260009797828311e-17 after 257 steps
Step: 126 -  phi=0.5250000000000001, PE=5.5265199104325656e-17 after 193 steps
Step: 127 -  phi=0.5260000000000001, PE=7.42255399081967e-17 after 178 steps
Step: 128 -  phi=0.5270000000000001, PE=8.917487462521635e-17 after 172 steps
Step: 129 -  phi=0.5280000000000001, PE=3.8988073381946377e-17 after 175 steps
Step: 130 -  phi=0.5290000000000001, PE=0.0 after 152 steps
Step: 131 -  phi=0.5300000000000001, PE=9.772126485466676e-17 after 171 steps
Step: 132 -  phi=0.5310000000000001, PE=9.371617099103498e-17 after 183 steps
Step: 133 -  phi=0.5320000000000001, PE=8.10069484456993e-17 after 177 steps
Step: 134 -  phi=0.5330000000000001, PE=6.939178343121932e-17 after 187 steps
Step: 135 -  phi=0.5340000000000001, PE=8.685042515787768e-17 after 175 steps
Step: 136 -  phi=0.5350000000000001, PE=0.0 after 158 steps
Step: 137 -  phi=0.5360000000000001, PE=9.885312924245126e-17 after 166 steps
Step: 138 -  phi=0.5370000000000001, PE=9.261897164637065e-17 after 199 steps
Step: 139 -  phi=0.5380000000000001, PE=9.238574427887101e-17 after 172 steps
Step: 140 -  phi=0.5390000000000001, PE=5.3015015511244964e-17 after 156 steps
Step: 141 -  phi=0.5400000000000001, PE=9.381430486716025e-17 after 196 steps
Step: 142 -  phi=0.5410000000000001, PE=6.346398983003212e-17 after 151 steps
Step: 143 -  phi=0.5420000000000001, PE=3.447514600129309e-17 after 174 steps
Step: 144 -  phi=0.5430000000000001, PE=8.579707896894945e-17 after 171 steps
Step: 145 -  phi=0.5440000000000002, PE=0.0 after 162 steps
Step: 146 -  phi=0.5450000000000002, PE=0.0 after 162 steps
Step: 147 -  phi=0.5460000000000002, PE=4.214254235554555e-17 after 153 steps
Step: 148 -  phi=0.5470000000000002, PE=0.0 after 163 steps
Step: 149 -  phi=0.5480000000000002, PE=0.0 after 172 steps
Step: 150 -  phi=0.5490000000000002, PE=6.763596705027027e-17 after 176 steps
Step: 151 -  phi=0.5500000000000002, PE=2.2519360416348612e-17 after 168 steps
Step: 152 -  phi=0.5510000000000002, PE=0.0 after 148 steps
Step: 153 -  phi=0.5520000000000002, PE=6.75149685142942e-17 after 171 steps
Step: 154 -  phi=0.5530000000000002, PE=0.0 after 158 steps
Step: 155 -  phi=0.5540000000000002, PE=3.063156110882572e-17 after 162 steps
Step: 156 -  phi=0.5550000000000002, PE=0.0 after 162 steps
Step: 157 -  phi=0.5560000000000002, PE=0.0 after 175 steps
Step: 158 -  phi=0.5570000000000002, PE=0.0 after 160 steps
Step: 159 -  phi=0.5580000000000002, PE=9.808782145285137e-17 after 203 steps
Step: 160 -  phi=0.5590000000000002, PE=9.68665045070879e-17 after 184 steps
Step: 161 -  phi=0.5600000000000002, PE=2.285217703096375e-17 after 180 steps
Step: 162 -  phi=0.5610000000000002, PE=9.29461993666424e-17 after 174 steps
Step: 163 -  phi=0.5620000000000002, PE=6.697874834561766e-17 after 162 steps
Step: 164 -  phi=0.5630000000000002, PE=6.666829864191192e-17 after 151 steps
Step: 165 -  phi=0.5640000000000002, PE=6.969047330605879e-17 after 188 steps
Step: 166 -  phi=0.5650000000000002, PE=0.0 after 163 steps
Step: 167 -  phi=0.5660000000000002, PE=1.359707025353767e-17 after 162 steps
Step: 168 -  phi=0.5670000000000002, PE=3.282659668251131e-17 after 159 steps
Step: 169 -  phi=0.5680000000000002, PE=0.0 after 172 steps
Step: 170 -  phi=0.5690000000000002, PE=5.891047210128139e-17 after 180 steps
Step: 171 -  phi=0.5700000000000002, PE=4.2789215295462984e-17 after 152 steps
Step: 172 -  phi=0.5710000000000002, PE=9.795433972310417e-17 after 181 steps
Step: 173 -  phi=0.5720000000000002, PE=4.517584985498379e-17 after 159 steps
Step: 174 -  phi=0.5730000000000002, PE=6.006026907434435e-17 after 167 steps
Step: 175 -  phi=0.5740000000000002, PE=7.992051345966901e-17 after 157 steps
Step: 176 -  phi=0.5750000000000002, PE=8.620863004719527e-17 after 176 steps
Step: 177 -  phi=0.5760000000000002, PE=4.342425463940356e-17 after 179 steps
Step: 178 -  phi=0.5770000000000002, PE=0.0 after 167 steps
Step: 179 -  phi=0.5780000000000002, PE=3.3838054183038955e-17 after 161 steps
Step: 180 -  phi=0.5790000000000002, PE=0.0 after 160 steps
Step: 181 -  phi=0.5800000000000002, PE=6.3024355757922e-17 after 165 steps
Step: 182 -  phi=0.5810000000000002, PE=9.224268130915644e-17 after 177 steps
Step: 183 -  phi=0.5820000000000002, PE=4.685956048276605e-17 after 159 steps
Step: 184 -  phi=0.5830000000000002, PE=0.0 after 163 steps
Step: 185 -  phi=0.5840000000000002, PE=5.350142505145136e-18 after 154 steps
Step: 186 -  phi=0.5850000000000002, PE=7.89305115889027e-17 after 160 steps
Step: 187 -  phi=0.5860000000000002, PE=7.389758283565226e-17 after 177 steps
Step: 188 -  phi=0.5870000000000002, PE=7.276592145956012e-18 after 194 steps
Step: 189 -  phi=0.5880000000000002, PE=0.0 after 166 steps
Step: 190 -  phi=0.5890000000000002, PE=5.715738833797311e-17 after 156 steps
Step: 191 -  phi=0.5900000000000002, PE=0.0 after 146 steps
Step: 192 -  phi=0.5910000000000002, PE=8.215330802226983e-17 after 169 steps
Step: 193 -  phi=0.5920000000000002, PE=8.25783590605811e-17 after 166 steps
Step: 194 -  phi=0.5930000000000002, PE=0.0 after 147 steps
Step: 195 -  phi=0.5940000000000002, PE=2.6336578591783872e-17 after 189 steps
Step: 196 -  phi=0.5950000000000002, PE=9.236389669521044e-17 after 158 steps
Step: 197 -  phi=0.5960000000000002, PE=9.454569068332331e-17 after 181 steps
Step: 198 -  phi=0.5970000000000002, PE=7.352515864583447e-17 after 170 steps
Step: 199 -  phi=0.5980000000000002, PE=2.950727145329649e-17 after 179 steps
Step: 200 -  phi=0.5990000000000002, PE=5.5135055459046324e-17 after 170 steps
Step: 201 -  phi=0.6000000000000002, PE=6.257567471003842e-17 after 186 steps
Step: 202 -  phi=0.6010000000000002, PE=9.022626568236505e-17 after 187 steps
Step: 203 -  phi=0.6020000000000002, PE=9.761856877132798e-17 after 186 steps
Step: 204 -  phi=0.6030000000000002, PE=7.03829620978807e-17 after 177 steps
Step: 205 -  phi=0.6040000000000002, PE=8.758371730142243e-17 after 193 steps
Step: 206 -  phi=0.6050000000000002, PE=8.661768346404575e-17 after 224 steps
Step: 207 -  phi=0.6060000000000002, PE=0.0 after 172 steps
Step: 208 -  phi=0.6070000000000002, PE=4.5736944707698445e-17 after 174 steps
Step: 209 -  phi=0.6080000000000002, PE=0.0 after 175 steps
Step: 210 -  phi=0.6090000000000002, PE=0.0 after 171 steps
Step: 211 -  phi=0.6100000000000002, PE=9.125729841311539e-17 after 206 steps
Step: 212 -  phi=0.6110000000000002, PE=9.450884732489614e-17 after 226 steps
Step: 213 -  phi=0.6120000000000002, PE=9.86111531879334e-17 after 222 steps
Step: 214 -  phi=0.6130000000000002, PE=6.494679140630911e-17 after 192 steps
Step: 215 -  phi=0.6140000000000002, PE=5.1589969241095086e-17 after 186 steps
Step: 216 -  phi=0.6150000000000002, PE=6.15286471874165e-17 after 192 steps
Step: 217 -  phi=0.6160000000000002, PE=9.487009113141087e-17 after 191 steps
Step: 218 -  phi=0.6170000000000002, PE=9.918798734549014e-17 after 221 steps
Step: 219 -  phi=0.6180000000000002, PE=8.843716449556577e-17 after 200 steps
Step: 220 -  phi=0.6190000000000002, PE=7.835975517504509e-17 after 195 steps
Step: 221 -  phi=0.6200000000000002, PE=7.502563309607622e-17 after 216 steps
Step: 222 -  phi=0.6210000000000002, PE=9.320149679605343e-17 after 235 steps
Step: 223 -  phi=0.6220000000000002, PE=3.023647659482796e-17 after 207 steps
Step: 224 -  phi=0.6230000000000002, PE=8.132607636761715e-17 after 225 steps
Step: 225 -  phi=0.6240000000000002, PE=9.844285715006598e-17 after 224 steps
Step: 226 -  phi=0.6250000000000002, PE=8.012528095847793e-17 after 240 steps
Step: 227 -  phi=0.6260000000000002, PE=8.141936800926578e-17 after 251 steps
Step: 228 -  phi=0.6270000000000002, PE=1.565229818757668e-19 after 219 steps
Step: 229 -  phi=0.6280000000000002, PE=8.485040137393619e-17 after 227 steps
Step: 230 -  phi=0.6290000000000002, PE=6.083465458854114e-19 after 217 steps
Step: 231 -  phi=0.6300000000000002, PE=6.432439520846655e-17 after 228 steps
Step: 232 -  phi=0.6310000000000002, PE=8.052798750557299e-17 after 248 steps
Step: 233 -  phi=0.6320000000000002, PE=8.019102214939918e-17 after 231 steps
Step: 234 -  phi=0.6330000000000002, PE=9.97102272616225e-17 after 227 steps
Step: 235 -  phi=0.6340000000000002, PE=8.613395058069848e-17 after 238 steps
Step: 236 -  phi=0.6350000000000002, PE=8.548092084682301e-17 after 253 steps
Step: 237 -  phi=0.6360000000000002, PE=5.649778291219594e-17 after 233 steps
Step: 238 -  phi=0.6370000000000002, PE=5.310118166594763e-17 after 234 steps
Step: 239 -  phi=0.6380000000000002, PE=8.192544615541749e-17 after 219 steps
Step: 240 -  phi=0.6390000000000002, PE=9.266717662009282e-17 after 305 steps
Step: 241 -  phi=0.6400000000000002, PE=9.163548225170064e-17 after 225 steps
Step: 242 -  phi=0.6410000000000002, PE=9.69310704707901e-17 after 225 steps
Step: 243 -  phi=0.6420000000000002, PE=1.554151460893369e-17 after 201 steps
Step: 244 -  phi=0.6430000000000002, PE=9.145708085723061e-17 after 231 steps
Step: 245 -  phi=0.6440000000000002, PE=6.08843334095604e-17 after 221 steps
Step: 246 -  phi=0.6450000000000002, PE=8.138561579550956e-17 after 243 steps
Step: 247 -  phi=0.6460000000000002, PE=9.545781484409949e-17 after 244 steps
Step: 248 -  phi=0.6470000000000002, PE=9.507422091688906e-17 after 220 steps
Step: 249 -  phi=0.6480000000000002, PE=9.08391956805345e-17 after 250 steps
Step: 250 -  phi=0.6490000000000002, PE=9.718851267139094e-17 after 239 steps
Step: 251 -  phi=0.6500000000000002, PE=7.611519074830308e-17 after 228 steps
Step: 252 -  phi=0.6510000000000002, PE=7.744360184281157e-17 after 248 steps
Step: 253 -  phi=0.6520000000000002, PE=9.995515475491641e-17 after 256 steps
Step: 254 -  phi=0.6530000000000002, PE=3.9061262262640007e-17 after 235 steps
Step: 255 -  phi=0.6540000000000002, PE=9.082222578971626e-17 after 220 steps
Step: 256 -  phi=0.6550000000000002, PE=7.842524407107486e-17 after 216 steps
Step: 257 -  phi=0.6560000000000002, PE=8.801026415421343e-17 after 218 steps
Step: 258 -  phi=0.6570000000000003, PE=0.0 after 202 steps
Step: 259 -  phi=0.6580000000000003, PE=7.891445569766247e-17 after 210 steps
Step: 260 -  phi=0.6590000000000003, PE=8.329791433431509e-17 after 215 steps
Step: 261 -  phi=0.6600000000000003, PE=6.179223451445422e-17 after 208 steps
Step: 262 -  phi=0.6610000000000003, PE=8.082492737163541e-17 after 211 steps
Step: 263 -  phi=0.6620000000000003, PE=9.645961102650162e-17 after 222 steps
Step: 264 -  phi=0.6630000000000003, PE=7.349491749050793e-17 after 220 steps
Step: 265 -  phi=0.6640000000000003, PE=8.793680653164835e-17 after 222 steps
Step: 266 -  phi=0.6650000000000003, PE=8.66933257457823e-17 after 224 steps
Step: 267 -  phi=0.6660000000000003, PE=8.776689009365056e-17 after 237 steps
Step: 268 -  phi=0.6670000000000003, PE=7.634569252457495e-17 after 208 steps
Step: 269 -  phi=0.6680000000000003, PE=9.665372537069487e-17 after 235 steps
Step: 270 -  phi=0.6690000000000003, PE=8.716177327118975e-17 after 228 steps
Step: 271 -  phi=0.6700000000000003, PE=6.822716929498642e-17 after 218 steps
Step: 272 -  phi=0.6710000000000003, PE=8.029526260903576e-17 after 246 steps
Step: 273 -  phi=0.6720000000000003, PE=8.722974083949504e-17 after 235 steps
Step: 274 -  phi=0.6730000000000003, PE=5.589154865991782e-17 after 237 steps
Step: 275 -  phi=0.6740000000000003, PE=5.695014018973485e-17 after 217 steps
Step: 276 -  phi=0.6750000000000003, PE=7.37047238912893e-17 after 211 steps
Step: 277 -  phi=0.6760000000000003, PE=0.0 after 197 steps
Step: 278 -  phi=0.6770000000000003, PE=7.505132491843822e-17 after 218 steps
Step: 279 -  phi=0.6780000000000003, PE=9.755943199318145e-17 after 230 steps
Step: 280 -  phi=0.6790000000000003, PE=7.770261104445027e-17 after 214 steps
Step: 281 -  phi=0.6800000000000003, PE=9.425746628543677e-17 after 240 steps
Step: 282 -  phi=0.6810000000000003, PE=9.628390905840191e-17 after 213 steps
Step: 283 -  phi=0.6820000000000003, PE=8.808123715110838e-17 after 232 steps
Step: 284 -  phi=0.6830000000000003, PE=2.4283397275462806e-17 after 198 steps
Step: 285 -  phi=0.6840000000000003, PE=9.52732235023778e-17 after 220 steps
Step: 286 -  phi=0.6850000000000003, PE=1.642461047710719e-17 after 228 steps
Step: 287 -  phi=0.6860000000000003, PE=5.882648055083606e-17 after 211 steps
Step: 288 -  phi=0.6870000000000003, PE=9.846156568421906e-17 after 275 steps
Step: 289 -  phi=0.6880000000000003, PE=9.324144088360144e-17 after 226 steps
Step: 290 -  phi=0.6890000000000003, PE=8.350825266688147e-17 after 229 steps
Step: 291 -  phi=0.6900000000000003, PE=8.597623955469558e-17 after 225 steps
Step: 292 -  phi=0.6910000000000003, PE=9.890117994430732e-17 after 229 steps
Step: 293 -  phi=0.6920000000000003, PE=0.0 after 208 steps
Step: 294 -  phi=0.6930000000000003, PE=9.77049786162209e-17 after 242 steps
Step: 295 -  phi=0.6940000000000003, PE=6.285674647784258e-17 after 262 steps
Step: 296 -  phi=0.6950000000000003, PE=6.059870339507705e-17 after 230 steps
Step: 297 -  phi=0.6960000000000003, PE=6.238202212911326e-17 after 231 steps
Step: 298 -  phi=0.6970000000000003, PE=9.425433015303542e-17 after 247 steps
Step: 299 -  phi=0.6980000000000003, PE=8.924500427407789e-17 after 249 steps
Step: 300 -  phi=0.6990000000000003, PE=9.892071520904529e-17 after 250 steps
Step: 301 -  phi=0.7000000000000003, PE=8.599769033824497e-17 after 272 steps
Step: 302 -  phi=0.7010000000000003, PE=9.03390285352765e-17 after 278 steps
Step: 303 -  phi=0.7020000000000003, PE=4.2275996854686825e-17 after 246 steps
Step: 304 -  phi=0.7030000000000003, PE=8.642017779624611e-17 after 257 steps
Step: 305 -  phi=0.7040000000000003, PE=8.244926453225112e-17 after 240 steps
Step: 306 -  phi=0.7050000000000003, PE=0.0 after 245 steps
Step: 307 -  phi=0.7060000000000003, PE=8.168573250167033e-17 after 238 steps
Step: 308 -  phi=0.7070000000000003, PE=9.165871573570108e-17 after 258 steps
Step: 309 -  phi=0.7080000000000003, PE=9.854009833803039e-17 after 268 steps
Step: 310 -  phi=0.7090000000000003, PE=0.0 after 245 steps
Step: 311 -  phi=0.7100000000000003, PE=8.001185166030987e-17 after 250 steps
Step: 312 -  phi=0.7110000000000003, PE=8.208948127667039e-17 after 279 steps
Step: 313 -  phi=0.7120000000000003, PE=9.022013314586429e-17 after 238 steps
Step: 314 -  phi=0.7130000000000003, PE=3.085030052936835e-17 after 250 steps
Step: 315 -  phi=0.7140000000000003, PE=8.714828106905785e-17 after 267 steps
Step: 316 -  phi=0.7150000000000003, PE=8.111935625140134e-17 after 219 steps
Step: 317 -  phi=0.7160000000000003, PE=8.52197850586738e-17 after 230 steps
Step: 318 -  phi=0.7170000000000003, PE=9.485120699732201e-17 after 242 steps
Step: 319 -  phi=0.7180000000000003, PE=4.354466678403211e-17 after 228 steps
Step: 320 -  phi=0.7190000000000003, PE=3.55270872038462e-17 after 231 steps
Step: 321 -  phi=0.7200000000000003, PE=9.598096317975668e-17 after 247 steps
Step: 322 -  phi=0.7210000000000003, PE=7.585729249086346e-17 after 255 steps
Step: 323 -  phi=0.7220000000000003, PE=9.318245289519048e-17 after 244 steps
Step: 324 -  phi=0.7230000000000003, PE=9.32910887936593e-17 after 307 steps
Step: 325 -  phi=0.7240000000000003, PE=9.360386154390486e-17 after 288 steps
Step: 326 -  phi=0.7250000000000003, PE=9.157392665935922e-17 after 286 steps
Step: 327 -  phi=0.7260000000000003, PE=9.808198693842292e-17 after 264 steps
Step: 328 -  phi=0.7270000000000003, PE=9.353790873230661e-17 after 287 steps
Step: 329 -  phi=0.7280000000000003, PE=9.344950550606382e-17 after 286 steps
Step: 330 -  phi=0.7290000000000003, PE=7.777493451485132e-17 after 290 steps
Step: 331 -  phi=0.7300000000000003, PE=8.507119711502716e-17 after 285 steps
Step: 332 -  phi=0.7310000000000003, PE=7.830615256987821e-17 after 259 steps
Step: 333 -  phi=0.7320000000000003, PE=8.454754257286218e-17 after 272 steps
Step: 334 -  phi=0.7330000000000003, PE=8.159727607236753e-17 after 271 steps
Step: 335 -  phi=0.7340000000000003, PE=6.987608991747261e-19 after 263 steps
Step: 336 -  phi=0.7350000000000003, PE=7.306046849466002e-17 after 288 steps
Step: 337 -  phi=0.7360000000000003, PE=8.815885108984973e-17 after 289 steps
Step: 338 -  phi=0.7370000000000003, PE=8.643338234576401e-17 after 274 steps
Step: 339 -  phi=0.7380000000000003, PE=9.431396023660083e-17 after 254 steps
Step: 340 -  phi=0.7390000000000003, PE=9.234456388652093e-17 after 371 steps
Step: 341 -  phi=0.7400000000000003, PE=8.250736401096259e-17 after 274 steps
Step: 342 -  phi=0.7410000000000003, PE=9.094896695513695e-17 after 287 steps
Step: 343 -  phi=0.7420000000000003, PE=8.805989073593254e-17 after 267 steps
Step: 344 -  phi=0.7430000000000003, PE=8.657083714459713e-17 after 272 steps
Step: 345 -  phi=0.7440000000000003, PE=7.929900140088934e-17 after 268 steps
Step: 346 -  phi=0.7450000000000003, PE=6.573819370921635e-17 after 273 steps
Step: 347 -  phi=0.7460000000000003, PE=9.417929000605874e-17 after 298 steps
Step: 348 -  phi=0.7470000000000003, PE=9.700527084095141e-17 after 294 steps
Step: 349 -  phi=0.7480000000000003, PE=8.184243567171673e-17 after 281 steps
Step: 350 -  phi=0.7490000000000003, PE=8.759591621451354e-17 after 290 steps
Step: 351 -  phi=0.7500000000000003, PE=9.962765147892268e-17 after 291 steps
Step: 352 -  phi=0.7510000000000003, PE=6.282958304215902e-17 after 273 steps
Step: 353 -  phi=0.7520000000000003, PE=8.616203574406554e-17 after 295 steps
Step: 354 -  phi=0.7530000000000003, PE=8.953300296121224e-17 after 288 steps
Step: 355 -  phi=0.7540000000000003, PE=8.626778686807046e-17 after 292 steps
Step: 356 -  phi=0.7550000000000003, PE=9.388093456229853e-17 after 345 steps
Step: 357 -  phi=0.7560000000000003, PE=9.147111368113638e-17 after 275 steps
Step: 358 -  phi=0.7570000000000003, PE=8.374455267924256e-17 after 295 steps
Step: 359 -  phi=0.7580000000000003, PE=9.916917284043442e-17 after 306 steps
Step: 360 -  phi=0.7590000000000003, PE=9.943723888198556e-17 after 318 steps
Step: 361 -  phi=0.7600000000000003, PE=8.071269996421239e-17 after 359 steps
Step: 362 -  phi=0.7610000000000003, PE=9.029826855525343e-17 after 293 steps
Step: 363 -  phi=0.7620000000000003, PE=3.769184775705861e-17 after 301 steps
Step: 364 -  phi=0.7630000000000003, PE=8.524897243052988e-17 after 357 steps
Step: 365 -  phi=0.7640000000000003, PE=9.933332358864847e-17 after 290 steps
Step: 366 -  phi=0.7650000000000003, PE=8.406812876353251e-17 after 304 steps
Step: 367 -  phi=0.7660000000000003, PE=7.625728359554303e-17 after 308 steps
Step: 368 -  phi=0.7670000000000003, PE=7.068802448411136e-17 after 294 steps
Step: 369 -  phi=0.7680000000000003, PE=8.725484952398649e-17 after 329 steps
Step: 370 -  phi=0.7690000000000003, PE=9.731177017027086e-17 after 298 steps
Step: 371 -  phi=0.7700000000000004, PE=9.427442448232523e-17 after 296 steps
Step: 372 -  phi=0.7710000000000004, PE=9.077392864996063e-17 after 289 steps
Step: 373 -  phi=0.7720000000000004, PE=9.035002923512382e-17 after 297 steps
Step: 374 -  phi=0.7730000000000004, PE=8.663350745043032e-17 after 351 steps
Step: 375 -  phi=0.7740000000000004, PE=6.20507294692818e-17 after 309 steps
Step: 376 -  phi=0.7750000000000004, PE=9.996573772161573e-17 after 327 steps
Step: 377 -  phi=0.7760000000000004, PE=8.652348807131459e-17 after 357 steps
Step: 378 -  phi=0.7770000000000004, PE=5.381340001468435e-17 after 334 steps
Step: 379 -  phi=0.7780000000000004, PE=8.300409608741051e-17 after 358 steps
Step: 380 -  phi=0.7790000000000004, PE=9.936721415171765e-17 after 335 steps
Step: 381 -  phi=0.7800000000000004, PE=7.862550312475771e-17 after 365 steps
Step: 382 -  phi=0.7810000000000004, PE=9.131096161041657e-17 after 356 steps
Step: 383 -  phi=0.7820000000000004, PE=9.501676014701862e-17 after 398 steps
Step: 384 -  phi=0.7830000000000004, PE=9.920016493071407e-17 after 398 steps
Step: 385 -  phi=0.7840000000000004, PE=9.519660463870863e-17 after 374 steps
Step: 386 -  phi=0.7850000000000004, PE=6.297578104232673e-17 after 365 steps
Step: 387 -  phi=0.7860000000000004, PE=9.873838747596779e-17 after 380 steps
Step: 388 -  phi=0.7870000000000004, PE=7.776934282705565e-17 after 374 steps
Step: 389 -  phi=0.7880000000000004, PE=7.2729941527083e-17 after 372 steps
Step: 390 -  phi=0.7890000000000004, PE=9.101240509952037e-17 after 488 steps
Step: 391 -  phi=0.7900000000000004, PE=9.347035872368194e-17 after 374 steps
Step: 392 -  phi=0.7910000000000004, PE=9.068961694512527e-17 after 395 steps
Step: 393 -  phi=0.7920000000000004, PE=9.412014741869721e-17 after 382 steps
Step: 394 -  phi=0.7930000000000004, PE=9.930143037525192e-17 after 453 steps
Step: 395 -  phi=0.7940000000000004, PE=8.954947988298766e-17 after 384 steps
Step: 396 -  phi=0.7950000000000004, PE=8.483931145588419e-17 after 365 steps
Step: 397 -  phi=0.7960000000000004, PE=8.537717062643359e-17 after 383 steps
Step: 398 -  phi=0.7970000000000004, PE=9.943073391538703e-17 after 403 steps
Step: 399 -  phi=0.7980000000000004, PE=9.005380243379651e-17 after 399 steps
Step: 400 -  phi=0.7990000000000004, PE=9.135763074863998e-17 after 486 steps
Step: 401 -  phi=0.8000000000000004, PE=9.341774081434223e-17 after 443 steps
Step: 402 -  phi=0.8010000000000004, PE=9.515920940402361e-17 after 417 steps
Step: 403 -  phi=0.8020000000000004, PE=9.333293569545703e-17 after 455 steps
Step: 404 -  phi=0.8030000000000004, PE=8.418002596878576e-17 after 429 steps
Step: 405 -  phi=0.8040000000000004, PE=8.76189498159586e-17 after 395 steps
Step: 406 -  phi=0.8050000000000004, PE=9.019678015444212e-17 after 450 steps
Step: 407 -  phi=0.8060000000000004, PE=7.896589548155398e-17 after 395 steps
Step: 408 -  phi=0.8070000000000004, PE=8.779132847259367e-17 after 423 steps
Step: 409 -  phi=0.8080000000000004, PE=9.763002907671355e-17 after 429 steps
Step: 410 -  phi=0.8090000000000004, PE=9.225117224191166e-17 after 555 steps
Step: 411 -  phi=0.8100000000000004, PE=7.967500566157422e-17 after 454 steps
Step: 412 -  phi=0.8110000000000004, PE=8.508647093336411e-17 after 475 steps
Step: 413 -  phi=0.8120000000000004, PE=8.86523583677553e-17 after 478 steps
Step: 414 -  phi=0.8130000000000004, PE=9.873484743580236e-17 after 490 steps
Step: 415 -  phi=0.8140000000000004, PE=7.723179680476919e-17 after 490 steps
Step: 416 -  phi=0.8150000000000004, PE=7.976557003359333e-17 after 461 steps
Step: 417 -  phi=0.8160000000000004, PE=8.374255513521053e-17 after 480 steps
Step: 418 -  phi=0.8170000000000004, PE=9.188321233285371e-17 after 494 steps
Step: 419 -  phi=0.8180000000000004, PE=9.876853359285178e-17 after 524 steps
Step: 420 -  phi=0.8190000000000004, PE=9.306333514251042e-17 after 525 steps
Step: 421 -  phi=0.8200000000000004, PE=9.80846210555375e-17 after 564 steps
Step: 422 -  phi=0.8210000000000004, PE=7.94775675608486e-17 after 531 steps
Step: 423 -  phi=0.8220000000000004, PE=9.195162381944029e-17 after 551 steps
Step: 424 -  phi=0.8230000000000004, PE=8.898358279787438e-17 after 554 steps
Step: 425 -  phi=0.8240000000000004, PE=9.85700058745539e-17 after 579 steps
Step: 426 -  phi=0.8250000000000004, PE=9.68738673203049e-17 after 663 steps
Step: 427 -  phi=0.8260000000000004, PE=9.458176144851394e-17 after 639 steps
Step: 428 -  phi=0.8270000000000004, PE=9.82971265210869e-17 after 589 steps
Step: 429 -  phi=0.8280000000000004, PE=9.607361154411532e-17 after 604 steps
Step: 430 -  phi=0.8290000000000004, PE=9.440155916011261e-17 after 782 steps
Step: 431 -  phi=0.8300000000000004, PE=8.751395221948738e-17 after 622 steps
Step: 432 -  phi=0.8310000000000004, PE=8.374014575874166e-17 after 729 steps
Step: 433 -  phi=0.8320000000000004, PE=7.553346941907733e-17 after 666 steps
Step: 434 -  phi=0.8330000000000004, PE=9.932964956334297e-17 after 709 steps
Step: 435 -  phi=0.8340000000000004, PE=9.819506995947718e-17 after 711 steps
Step: 436 -  phi=0.8350000000000004, PE=9.26811080886178e-17 after 778 steps
Step: 437 -  phi=0.8360000000000004, PE=9.183893622430565e-17 after 803 steps
Step: 438 -  phi=0.8370000000000004, PE=8.127184466874152e-17 after 770 steps
Step: 439 -  phi=0.8380000000000004, PE=9.587856814823895e-17 after 915 steps
Step: 440 -  phi=0.8390000000000004, PE=9.67406751995687e-17 after 840 steps
Step: 441 -  phi=0.8400000000000004, PE=9.734332107622544e-17 after 924 steps
Step: 442 -  phi=0.8410000000000004, PE=9.771904885881341e-17 after 1174 steps
Step: 443 -  phi=0.8420000000000004, PE=8.8941735094173e-17 after 867 steps
Step: 444 -  phi=0.8430000000000004, PE=9.948937100475956e-17 after 938 steps
Step: 445 -  phi=0.8440000000000004, PE=9.004213814454944e-17 after 1021 steps
Step: 446 -  phi=0.8450000000000004, PE=9.69445079948217e-17 after 1304 steps
Step: 447 -  phi=0.8460000000000004, PE=8.857387942274507e-17 after 1201 steps
Step: 448 -  phi=0.8470000000000004, PE=9.848232564055767e-17 after 1649 steps
Step: 449 -  phi=0.8480000000000004, PE=9.630488094908807e-17 after 2040 steps
Step: 450 -  phi=0.8490000000000004, PE=9.755711903576287e-17 after 2675 steps
Step: 451 -  phi=0.8500000000000004, PE=9.831730419559086e-17 after 2901 steps
Step: 452 -  phi=0.8510000000000004, PE=9.985352030915452e-17 after 3063 steps
Step: 453 -  phi=0.8520000000000004, PE=9.821261639528775e-17 after 2443 steps
Step: 454 -  phi=0.8530000000000004, PE=9.862278605738406e-17 after 2779 steps
Step: 455 -  phi=0.8540000000000004, PE=9.888340653198268e-17 after 2615 steps
Step: 456 -  phi=0.8550000000000004, PE=9.88332204049079e-17 after 3519 steps
Step: 457 -  phi=0.8560000000000004, PE=9.912739322177596e-17 after 2776 steps
Step: 458 -  phi=0.8570000000000004, PE=9.930761547079373e-17 after 5174 steps
Step: 459 -  phi=0.8580000000000004, PE=9.977850926199186e-17 after 5615 steps
Step: 460 -  phi=0.8590000000000004, PE=9.930391479860436e-17 after 8052 steps
Step: 461 -  phi=0.8600000000000004, PE=9.990180378150685e-17 after 22329 steps
Step: 462 -  phi=0.8610000000000004, PE=9.999581416672224e-17 after 207361 steps
Step: 463 -  phi=0.8620000000000004, PE=9.995065668018732e-17 after 73356 steps
Step: 464 -  phi=0.8630000000000004, PE=9.996719190048762e-17 after 26412 steps
Step: 465 -  phi=0.8640000000000004, PE=5.671657780262894e-10 after 100281 steps
Step: 466 -  phi=0.8635000000000004, PE=9.991678206791472e-17 after 43147 steps
Step: 467 -  phi=0.8637500000000005, PE=9.999254081258432e-17 after 74964 steps
Step: 468 -  phi=0.8638750000000004, PE=9.995436787538213e-17 after 39592 steps
Step: 469 -  phi=0.8639375000000005, PE=9.994641021559856e-17 after 24105 steps
Step: 470 -  phi=0.8639687500000004, PE=9.993568463072959e-17 after 74193 steps
Step: 471 -  phi=0.8639843750000005, PE=9.997629428560002e-17 after 70663 steps
Step: 472 -  phi=0.8639921875000005, PE=9.999151236254318e-17 after 70511 steps
Step: 473 -  phi=0.8639960937500004, PE=9.999848751801838e-17 after 495199 steps
Step: 474 -  phi=0.8639980468750004, PE=9.999816929977862e-17 after 229507 steps
Step: 475 -  phi=0.8639990234375003, PE=9.999621541691661e-17 after 57399 steps
Step: 476 -  phi=0.8639995117187504, PE=9.998446762203875e-17 after 43310 steps
Step: 477 -  phi=0.8639997558593755, PE=9.999022186448752e-17 after 36486 steps
Step: 478 -  phi=0.863999877929688, PE=9.999202458203354e-17 after 23310 steps
Step: 479 -  phi=0.8639999389648443, PE=9.998300937353652e-17 after 13998 steps
Step: 480 -  phi=0.8639999694824223, PE=9.999906728212867e-17 after 11008 steps
Step: 481 -  phi=0.8639999847412114, PE=9.99942667884737e-17 after 8359 steps
Step: 482 -  phi=0.8639999923706059, PE=9.999364157204042e-17 after 6151 steps
Step: 483 -  phi=0.8639999961853031, PE=9.999629507065515e-17 after 4447 steps
Step: 484 -  phi=0.8639999980926518, PE=9.999986444915869e-17 after 3194 steps
Step: 485 -  phi=0.8639999990463261, PE=9.999751164359971e-17 after 2274 steps
Step: 486 -  phi=0.8639999995231633, PE=9.999929233352649e-17 after 1617 steps
Step: 487 -  phi=0.8639999997615819, PE=9.999939132628176e-17 after 1148 steps
Step: 488 -  phi=0.8639999998807912, PE=9.999955856650998e-17 after 817 steps
Step: 489 -  phi=0.8639999999403958, PE=9.999934850552705e-17 after 582 steps
Jammed: phi = 0.864000, residual PE = 1.000e-16
